[2025-06-26T20:10:43.563+0700] {local_task_job_runner.py:120} INFO - ::group::Pre task execution logs
[2025-06-26T20:10:43.583+0700] {taskinstance.py:2073} INFO - Dependencies all met for dep_context=non-requeueable deps ti=<TaskInstance: send_data_to_powerbi.send_to_power_bi scheduled__2025-06-26T13:00:00+00:00 [queued]>
[2025-06-26T20:10:43.589+0700] {taskinstance.py:2073} INFO - Dependencies all met for dep_context=requeueable deps ti=<TaskInstance: send_data_to_powerbi.send_to_power_bi scheduled__2025-06-26T13:00:00+00:00 [queued]>
[2025-06-26T20:10:43.589+0700] {taskinstance.py:2303} INFO - Starting attempt 1 of 3
[2025-06-26T20:10:43.610+0700] {taskinstance.py:2327} INFO - Executing <Task(PythonOperator): send_to_power_bi> on 2025-06-26 13:00:00+00:00
[2025-06-26T20:10:43.616+0700] {standard_task_runner.py:63} INFO - Started process 122911 to run task
[2025-06-26T20:10:43.621+0700] {standard_task_runner.py:90} INFO - Running: ['airflow', 'tasks', 'run', 'send_data_to_powerbi', 'send_to_power_bi', 'scheduled__2025-06-26T13:00:00+00:00', '--job-id', '67', '--raw', '--subdir', 'DAGS_FOLDER/load_power_bi.py', '--cfg-path', '/tmp/tmpx7oec4x8']
[2025-06-26T20:10:43.621+0700] {standard_task_runner.py:91} INFO - Job 67: Subtask send_to_power_bi
[2025-06-26T20:10:43.660+0700] {task_command.py:426} INFO - Running <TaskInstance: send_data_to_powerbi.send_to_power_bi scheduled__2025-06-26T13:00:00+00:00 [running]> on host Panda
[2025-06-26T20:10:43.739+0700] {taskinstance.py:2644} INFO - Exporting env vars: AIRFLOW_CTX_DAG_OWNER='group_03' AIRFLOW_CTX_DAG_ID='send_data_to_powerbi' AIRFLOW_CTX_TASK_ID='send_to_power_bi' AIRFLOW_CTX_EXECUTION_DATE='2025-06-26T13:00:00+00:00' AIRFLOW_CTX_TRY_NUMBER='1' AIRFLOW_CTX_DAG_RUN_ID='scheduled__2025-06-26T13:00:00+00:00'
[2025-06-26T20:10:43.740+0700] {taskinstance.py:430} INFO - ::endgroup::
[2025-06-26T20:10:43.741+0700] {client.py:1116} INFO - Listing '/transactions_by_hour_compacted/'.
[2025-06-26T20:10:43.753+0700] {client.py:724} INFO - Reading file '/transactions_by_hour_compacted/part-00000-93851deb-a315-4790-8a53-e825e10b21c3-c000.csv'.
[2025-06-26T20:10:45.772+0700] {logging_mixin.py:188} INFO - ✅ Batch 0 status: 200
[2025-06-26T20:10:46.193+0700] {logging_mixin.py:188} INFO - ✅ Batch 100 status: 200
[2025-06-26T20:10:46.563+0700] {logging_mixin.py:188} INFO - ✅ Batch 200 status: 200
[2025-06-26T20:10:46.701+0700] {python.py:237} INFO - Done. Returned value was: None
[2025-06-26T20:10:46.702+0700] {taskinstance.py:441} INFO - ::group::Post task execution logs
[2025-06-26T20:10:46.706+0700] {taskinstance.py:1205} INFO - Marking task as SUCCESS. dag_id=send_data_to_powerbi, task_id=send_to_power_bi, execution_date=20250626T130000, start_date=20250626T131043, end_date=20250626T131046
[2025-06-26T20:10:46.763+0700] {local_task_job_runner.py:240} INFO - Task exited with return code 0
[2025-06-26T20:10:46.778+0700] {taskinstance.py:3482} INFO - 0 downstream tasks scheduled from follow-on schedule check
[2025-06-26T20:10:46.779+0700] {local_task_job_runner.py:222} INFO - ::endgroup::
