[2025-06-26T20:38:08.135+0700] {local_task_job_runner.py:120} INFO - ::group::Pre task execution logs
[2025-06-26T20:38:08.158+0700] {taskinstance.py:2073} INFO - Dependencies all met for dep_context=non-requeueable deps ti=<TaskInstance: start_kafka_hadoop_and_run_notebooks.start_zookeeper manual__2025-06-26T13:38:05.316696+00:00 [queued]>
[2025-06-26T20:38:08.166+0700] {taskinstance.py:2073} INFO - Dependencies all met for dep_context=requeueable deps ti=<TaskInstance: start_kafka_hadoop_and_run_notebooks.start_zookeeper manual__2025-06-26T13:38:05.316696+00:00 [queued]>
[2025-06-26T20:38:08.167+0700] {taskinstance.py:2303} INFO - Starting attempt 1 of 4
[2025-06-26T20:38:08.189+0700] {taskinstance.py:2327} INFO - Executing <Task(BashOperator): start_zookeeper> on 2025-06-26 13:38:05.316696+00:00
[2025-06-26T20:38:08.198+0700] {standard_task_runner.py:63} INFO - Started process 154792 to run task
[2025-06-26T20:38:08.202+0700] {standard_task_runner.py:90} INFO - Running: ['airflow', 'tasks', 'run', 'start_kafka_hadoop_and_run_notebooks', 'start_zookeeper', 'manual__2025-06-26T13:38:05.316696+00:00', '--job-id', '72', '--raw', '--subdir', 'DAGS_FOLDER/start_DAG.py', '--cfg-path', '/tmp/tmphcmfgah0']
[2025-06-26T20:38:08.204+0700] {standard_task_runner.py:91} INFO - Job 72: Subtask start_zookeeper
[2025-06-26T20:38:08.265+0700] {task_command.py:426} INFO - Running <TaskInstance: start_kafka_hadoop_and_run_notebooks.start_zookeeper manual__2025-06-26T13:38:05.316696+00:00 [running]> on host Panda
[2025-06-26T20:38:08.361+0700] {taskinstance.py:2644} INFO - Exporting env vars: AIRFLOW_CTX_DAG_OWNER='group_03' AIRFLOW_CTX_DAG_ID='start_kafka_hadoop_and_run_notebooks' AIRFLOW_CTX_TASK_ID='start_zookeeper' AIRFLOW_CTX_EXECUTION_DATE='2025-06-26T13:38:05.316696+00:00' AIRFLOW_CTX_TRY_NUMBER='1' AIRFLOW_CTX_DAG_RUN_ID='manual__2025-06-26T13:38:05.316696+00:00'
[2025-06-26T20:38:08.362+0700] {taskinstance.py:430} INFO - ::endgroup::
[2025-06-26T20:38:08.363+0700] {subprocess.py:63} INFO - Tmp dir root location: /tmp
[2025-06-26T20:38:08.364+0700] {subprocess.py:75} INFO - Running command: ['/usr/bin/bash', '-c', 'bash -c "cd /home/panda/kafka_2.13-3.9.1 && nohup bin/zookeeper-server-start.sh config/zookeeper.properties > /tmp/zookeeper.log 2>&1 & sleep 5"']
[2025-06-26T20:38:08.382+0700] {subprocess.py:86} INFO - Output:
[2025-06-26T20:43:43.908+0700] {subprocess.py:97} INFO - Command exited with return code 0
[2025-06-26T20:43:43.909+0700] {taskinstance.py:441} INFO - ::group::Post task execution logs
[2025-06-26T20:43:43.945+0700] {taskinstance.py:1205} INFO - Marking task as SUCCESS. dag_id=start_kafka_hadoop_and_run_notebooks, task_id=start_zookeeper, execution_date=20250626T133805, start_date=20250626T133808, end_date=20250626T134343
[2025-06-26T20:43:43.994+0700] {local_task_job_runner.py:240} INFO - Task exited with return code 0
[2025-06-26T20:43:44.007+0700] {taskinstance.py:3482} INFO - 0 downstream tasks scheduled from follow-on schedule check
[2025-06-26T20:43:44.008+0700] {local_task_job_runner.py:222} INFO - ::endgroup::
