[2025-06-24T00:11:05.391+0700] {local_task_job_runner.py:120} INFO - ::group::Pre task execution logs
[2025-06-24T00:11:05.419+0700] {taskinstance.py:2073} INFO - Dependencies all met for dep_context=non-requeueable deps ti=<TaskInstance: shutdown_kafka_hadoop.stop_hdfs manual__2025-06-23T17:10:56.538869+00:00 [queued]>
[2025-06-24T00:11:05.426+0700] {taskinstance.py:2073} INFO - Dependencies all met for dep_context=requeueable deps ti=<TaskInstance: shutdown_kafka_hadoop.stop_hdfs manual__2025-06-23T17:10:56.538869+00:00 [queued]>
[2025-06-24T00:11:05.426+0700] {taskinstance.py:2303} INFO - Starting attempt 1 of 4
[2025-06-24T00:11:05.442+0700] {taskinstance.py:2327} INFO - Executing <Task(BashOperator): stop_hdfs> on 2025-06-23 17:10:56.538869+00:00
[2025-06-24T00:11:05.447+0700] {standard_task_runner.py:63} INFO - Started process 11579 to run task
[2025-06-24T00:11:05.452+0700] {standard_task_runner.py:90} INFO - Running: ['airflow', 'tasks', 'run', 'shutdown_kafka_hadoop', 'stop_hdfs', 'manual__2025-06-23T17:10:56.538869+00:00', '--job-id', '30', '--raw', '--subdir', 'DAGS_FOLDER/end_DAG.py', '--cfg-path', '/tmp/tmp_4tvgn6y']
[2025-06-24T00:11:05.453+0700] {standard_task_runner.py:91} INFO - Job 30: Subtask stop_hdfs
[2025-06-24T00:11:05.501+0700] {task_command.py:426} INFO - Running <TaskInstance: shutdown_kafka_hadoop.stop_hdfs manual__2025-06-23T17:10:56.538869+00:00 [running]> on host Panda
[2025-06-24T00:11:05.576+0700] {taskinstance.py:2644} INFO - Exporting env vars: AIRFLOW_CTX_DAG_OWNER='group_03' AIRFLOW_CTX_DAG_ID='shutdown_kafka_hadoop' AIRFLOW_CTX_TASK_ID='stop_hdfs' AIRFLOW_CTX_EXECUTION_DATE='2025-06-23T17:10:56.538869+00:00' AIRFLOW_CTX_TRY_NUMBER='1' AIRFLOW_CTX_DAG_RUN_ID='manual__2025-06-23T17:10:56.538869+00:00'
[2025-06-24T00:11:05.577+0700] {taskinstance.py:430} INFO - ::endgroup::
[2025-06-24T00:11:05.578+0700] {subprocess.py:63} INFO - Tmp dir root location: /tmp
[2025-06-24T00:11:05.579+0700] {subprocess.py:75} INFO - Running command: ['/usr/bin/bash', '-c', "'stop-dfs.sh'"]
[2025-06-24T00:11:05.592+0700] {subprocess.py:86} INFO - Output:
[2025-06-24T00:11:06.499+0700] {subprocess.py:93} INFO - Stopping namenodes on [localhost]
[2025-06-24T00:11:07.955+0700] {subprocess.py:93} INFO - Stopping datanodes
[2025-06-24T00:11:10.258+0700] {subprocess.py:93} INFO - Stopping secondary namenodes [Panda]
[2025-06-24T00:11:13.354+0700] {subprocess.py:97} INFO - Command exited with return code 0
[2025-06-24T00:11:13.355+0700] {taskinstance.py:441} INFO - ::group::Post task execution logs
[2025-06-24T00:11:13.384+0700] {taskinstance.py:1205} INFO - Marking task as SUCCESS. dag_id=shutdown_kafka_hadoop, task_id=stop_hdfs, execution_date=20250623T171056, start_date=20250623T171105, end_date=20250623T171113
[2025-06-24T00:11:13.405+0700] {local_task_job_runner.py:240} INFO - Task exited with return code 0
[2025-06-24T00:11:13.418+0700] {taskinstance.py:3482} INFO - 0 downstream tasks scheduled from follow-on schedule check
[2025-06-24T00:11:13.419+0700] {local_task_job_runner.py:222} INFO - ::endgroup::
