[2025-06-26T19:50:40.658+0700] {local_task_job_runner.py:120} INFO - ::group::Pre task execution logs
[2025-06-26T19:50:40.679+0700] {taskinstance.py:2073} INFO - Dependencies all met for dep_context=non-requeueable deps ti=<TaskInstance: send_data_to_powerbi.send_to_power_bi scheduled__2025-06-26T12:40:00+00:00 [queued]>
[2025-06-26T19:50:40.686+0700] {taskinstance.py:2073} INFO - Dependencies all met for dep_context=requeueable deps ti=<TaskInstance: send_data_to_powerbi.send_to_power_bi scheduled__2025-06-26T12:40:00+00:00 [queued]>
[2025-06-26T19:50:40.686+0700] {taskinstance.py:2303} INFO - Starting attempt 1 of 3
[2025-06-26T19:50:40.701+0700] {taskinstance.py:2327} INFO - Executing <Task(PythonOperator): send_to_power_bi> on 2025-06-26 12:40:00+00:00
[2025-06-26T19:50:40.709+0700] {standard_task_runner.py:63} INFO - Started process 97680 to run task
[2025-06-26T19:50:40.714+0700] {standard_task_runner.py:90} INFO - Running: ['airflow', 'tasks', 'run', 'send_data_to_powerbi', 'send_to_power_bi', 'scheduled__2025-06-26T12:40:00+00:00', '--job-id', '63', '--raw', '--subdir', 'DAGS_FOLDER/load_power_bi.py', '--cfg-path', '/tmp/tmpjy8le81m']
[2025-06-26T19:50:40.715+0700] {standard_task_runner.py:91} INFO - Job 63: Subtask send_to_power_bi
[2025-06-26T19:50:40.751+0700] {task_command.py:426} INFO - Running <TaskInstance: send_data_to_powerbi.send_to_power_bi scheduled__2025-06-26T12:40:00+00:00 [running]> on host Panda
[2025-06-26T19:50:40.824+0700] {taskinstance.py:2644} INFO - Exporting env vars: AIRFLOW_CTX_DAG_OWNER='group_03' AIRFLOW_CTX_DAG_ID='send_data_to_powerbi' AIRFLOW_CTX_TASK_ID='send_to_power_bi' AIRFLOW_CTX_EXECUTION_DATE='2025-06-26T12:40:00+00:00' AIRFLOW_CTX_TRY_NUMBER='1' AIRFLOW_CTX_DAG_RUN_ID='scheduled__2025-06-26T12:40:00+00:00'
[2025-06-26T19:50:40.826+0700] {taskinstance.py:430} INFO - ::endgroup::
[2025-06-26T19:50:40.826+0700] {client.py:1116} INFO - Listing '/transactions_by_hour_compacted/'.
[2025-06-26T19:50:40.840+0700] {client.py:724} INFO - Reading file '/transactions_by_hour_compacted/part-00000-f1515a2f-0b3b-4ce4-ae6a-098520367b97-c000.csv'.
[2025-06-26T19:50:42.659+0700] {logging_mixin.py:188} INFO - ✅ Batch 0 status: 200
[2025-06-26T19:50:43.172+0700] {logging_mixin.py:188} INFO - ✅ Batch 100 status: 200
[2025-06-26T19:50:43.684+0700] {logging_mixin.py:188} INFO - ✅ Batch 200 status: 200
[2025-06-26T19:50:43.826+0700] {python.py:237} INFO - Done. Returned value was: None
[2025-06-26T19:50:43.826+0700] {taskinstance.py:441} INFO - ::group::Post task execution logs
[2025-06-26T19:50:43.830+0700] {taskinstance.py:1205} INFO - Marking task as SUCCESS. dag_id=send_data_to_powerbi, task_id=send_to_power_bi, execution_date=20250626T124000, start_date=20250626T125040, end_date=20250626T125043
[2025-06-26T19:50:43.856+0700] {local_task_job_runner.py:240} INFO - Task exited with return code 0
[2025-06-26T19:50:43.872+0700] {taskinstance.py:3482} INFO - 0 downstream tasks scheduled from follow-on schedule check
[2025-06-26T19:50:43.873+0700] {local_task_job_runner.py:222} INFO - ::endgroup::
