[2025-06-26T20:20:45.871+0700] {local_task_job_runner.py:120} INFO - ::group::Pre task execution logs
[2025-06-26T20:20:45.896+0700] {taskinstance.py:2073} INFO - Dependencies all met for dep_context=non-requeueable deps ti=<TaskInstance: send_data_to_powerbi.send_to_power_bi scheduled__2025-06-26T13:10:00+00:00 [queued]>
[2025-06-26T20:20:45.902+0700] {taskinstance.py:2073} INFO - Dependencies all met for dep_context=requeueable deps ti=<TaskInstance: send_data_to_powerbi.send_to_power_bi scheduled__2025-06-26T13:10:00+00:00 [queued]>
[2025-06-26T20:20:45.902+0700] {taskinstance.py:2303} INFO - Starting attempt 1 of 3
[2025-06-26T20:20:45.923+0700] {taskinstance.py:2327} INFO - Executing <Task(PythonOperator): send_to_power_bi> on 2025-06-26 13:10:00+00:00
[2025-06-26T20:20:45.930+0700] {standard_task_runner.py:63} INFO - Started process 135636 to run task
[2025-06-26T20:20:45.935+0700] {standard_task_runner.py:90} INFO - Running: ['airflow', 'tasks', 'run', 'send_data_to_powerbi', 'send_to_power_bi', 'scheduled__2025-06-26T13:10:00+00:00', '--job-id', '69', '--raw', '--subdir', 'DAGS_FOLDER/load_power_bi.py', '--cfg-path', '/tmp/tmpagl082rn']
[2025-06-26T20:20:45.936+0700] {standard_task_runner.py:91} INFO - Job 69: Subtask send_to_power_bi
[2025-06-26T20:20:45.982+0700] {task_command.py:426} INFO - Running <TaskInstance: send_data_to_powerbi.send_to_power_bi scheduled__2025-06-26T13:10:00+00:00 [running]> on host Panda
[2025-06-26T20:20:46.066+0700] {taskinstance.py:2644} INFO - Exporting env vars: AIRFLOW_CTX_DAG_OWNER='group_03' AIRFLOW_CTX_DAG_ID='send_data_to_powerbi' AIRFLOW_CTX_TASK_ID='send_to_power_bi' AIRFLOW_CTX_EXECUTION_DATE='2025-06-26T13:10:00+00:00' AIRFLOW_CTX_TRY_NUMBER='1' AIRFLOW_CTX_DAG_RUN_ID='scheduled__2025-06-26T13:10:00+00:00'
[2025-06-26T20:20:46.067+0700] {taskinstance.py:430} INFO - ::endgroup::
[2025-06-26T20:20:46.067+0700] {client.py:1116} INFO - Listing '/transactions_by_hour_compacted/'.
[2025-06-26T20:20:46.077+0700] {client.py:724} INFO - Reading file '/transactions_by_hour_compacted/part-00000-d757b645-83e0-45fe-8eac-88637728aba0-c000.csv'.
[2025-06-26T20:20:48.302+0700] {logging_mixin.py:188} INFO - ✅ Batch 0 status: 200
[2025-06-26T20:20:48.816+0700] {logging_mixin.py:188} INFO - ✅ Batch 100 status: 200
[2025-06-26T20:20:49.328+0700] {logging_mixin.py:188} INFO - ✅ Batch 200 status: 200
[2025-06-26T20:20:49.840+0700] {logging_mixin.py:188} INFO - ✅ Batch 300 status: 200
[2025-06-26T20:20:50.000+0700] {python.py:237} INFO - Done. Returned value was: None
[2025-06-26T20:20:50.000+0700] {taskinstance.py:441} INFO - ::group::Post task execution logs
[2025-06-26T20:20:50.005+0700] {taskinstance.py:1205} INFO - Marking task as SUCCESS. dag_id=send_data_to_powerbi, task_id=send_to_power_bi, execution_date=20250626T131000, start_date=20250626T132045, end_date=20250626T132050
[2025-06-26T20:20:50.038+0700] {local_task_job_runner.py:240} INFO - Task exited with return code 0
[2025-06-26T20:20:50.055+0700] {taskinstance.py:3482} INFO - 0 downstream tasks scheduled from follow-on schedule check
[2025-06-26T20:20:50.056+0700] {local_task_job_runner.py:222} INFO - ::endgroup::
