[2025-06-24T00:22:41.235+0700] {local_task_job_runner.py:120} INFO - ::group::Pre task execution logs
[2025-06-24T00:22:41.263+0700] {taskinstance.py:2073} INFO - Dependencies all met for dep_context=non-requeueable deps ti=<TaskInstance: shutdown_kafka_hadoop.stop_yarn manual__2025-06-23T17:22:38.906225+00:00 [queued]>
[2025-06-24T00:22:41.270+0700] {taskinstance.py:2073} INFO - Dependencies all met for dep_context=requeueable deps ti=<TaskInstance: shutdown_kafka_hadoop.stop_yarn manual__2025-06-23T17:22:38.906225+00:00 [queued]>
[2025-06-24T00:22:41.270+0700] {taskinstance.py:2303} INFO - Starting attempt 1 of 4
[2025-06-24T00:22:41.292+0700] {taskinstance.py:2327} INFO - Executing <Task(BashOperator): stop_yarn> on 2025-06-23 17:22:38.906225+00:00
[2025-06-24T00:22:41.297+0700] {standard_task_runner.py:63} INFO - Started process 16956 to run task
[2025-06-24T00:22:41.301+0700] {standard_task_runner.py:90} INFO - Running: ['airflow', 'tasks', 'run', 'shutdown_kafka_hadoop', 'stop_yarn', 'manual__2025-06-23T17:22:38.906225+00:00', '--job-id', '34', '--raw', '--subdir', 'DAGS_FOLDER/end_DAG.py', '--cfg-path', '/tmp/tmpsfbv1hqo']
[2025-06-24T00:22:41.301+0700] {standard_task_runner.py:91} INFO - Job 34: Subtask stop_yarn
[2025-06-24T00:22:41.340+0700] {task_command.py:426} INFO - Running <TaskInstance: shutdown_kafka_hadoop.stop_yarn manual__2025-06-23T17:22:38.906225+00:00 [running]> on host Panda
[2025-06-24T00:22:41.405+0700] {taskinstance.py:2644} INFO - Exporting env vars: AIRFLOW_CTX_DAG_OWNER='group_03' AIRFLOW_CTX_DAG_ID='shutdown_kafka_hadoop' AIRFLOW_CTX_TASK_ID='stop_yarn' AIRFLOW_CTX_EXECUTION_DATE='2025-06-23T17:22:38.906225+00:00' AIRFLOW_CTX_TRY_NUMBER='1' AIRFLOW_CTX_DAG_RUN_ID='manual__2025-06-23T17:22:38.906225+00:00'
[2025-06-24T00:22:41.406+0700] {taskinstance.py:430} INFO - ::endgroup::
[2025-06-24T00:22:41.406+0700] {subprocess.py:63} INFO - Tmp dir root location: /tmp
[2025-06-24T00:22:41.407+0700] {subprocess.py:75} INFO - Running command: ['/usr/bin/bash', '-c', "'stop-yarn.sh'"]
[2025-06-24T00:22:41.417+0700] {subprocess.py:86} INFO - Output:
[2025-06-24T00:22:41.460+0700] {subprocess.py:93} INFO - Stopping nodemanagers
[2025-06-24T00:22:43.742+0700] {subprocess.py:93} INFO - Stopping resourcemanager
[2025-06-24T00:22:45.633+0700] {subprocess.py:97} INFO - Command exited with return code 0
[2025-06-24T00:22:45.634+0700] {taskinstance.py:441} INFO - ::group::Post task execution logs
[2025-06-24T00:22:45.663+0700] {taskinstance.py:1205} INFO - Marking task as SUCCESS. dag_id=shutdown_kafka_hadoop, task_id=stop_yarn, execution_date=20250623T172238, start_date=20250623T172241, end_date=20250623T172245
[2025-06-24T00:22:45.726+0700] {local_task_job_runner.py:240} INFO - Task exited with return code 0
[2025-06-24T00:22:45.747+0700] {taskinstance.py:3482} INFO - 1 downstream tasks scheduled from follow-on schedule check
[2025-06-24T00:22:45.756+0700] {local_task_job_runner.py:222} INFO - ::endgroup::
