[2025-06-24T00:02:03.178+0700] {processor.py:161} INFO - Started process (PID=5324) to work on /home/panda/Documents/ODAP/Project/venv310/lib/python3.10/site-packages/airflow/example_dags/example_xcomargs.py
[2025-06-24T00:02:03.179+0700] {processor.py:830} INFO - Processing file /home/panda/Documents/ODAP/Project/venv310/lib/python3.10/site-packages/airflow/example_dags/example_xcomargs.py for tasks to queue
[2025-06-24T00:02:03.181+0700] {logging_mixin.py:188} INFO - [2025-06-24T00:02:03.180+0700] {dagbag.py:540} INFO - Filling up the DagBag from /home/panda/Documents/ODAP/Project/venv310/lib/python3.10/site-packages/airflow/example_dags/example_xcomargs.py
[2025-06-24T00:02:03.194+0700] {processor.py:840} INFO - DAG(s) 'example_xcom_args', 'example_xcom_args_with_operators' retrieved from /home/panda/Documents/ODAP/Project/venv310/lib/python3.10/site-packages/airflow/example_dags/example_xcomargs.py
[2025-06-24T00:02:03.221+0700] {logging_mixin.py:188} INFO - [2025-06-24T00:02:03.221+0700] {dag.py:3096} INFO - Sync 2 DAGs
[2025-06-24T00:02:03.234+0700] {logging_mixin.py:188} INFO - [2025-06-24T00:02:03.234+0700] {dag.py:3954} INFO - Setting next_dagrun for example_xcom_args to None, run_after=None
[2025-06-24T00:02:03.238+0700] {logging_mixin.py:188} INFO - [2025-06-24T00:02:03.237+0700] {dag.py:3954} INFO - Setting next_dagrun for example_xcom_args_with_operators to None, run_after=None
[2025-06-24T00:02:03.261+0700] {processor.py:183} INFO - Processing /home/panda/Documents/ODAP/Project/venv310/lib/python3.10/site-packages/airflow/example_dags/example_xcomargs.py took 0.091 seconds
[2025-06-24T00:02:57.593+0700] {processor.py:161} INFO - Started process (PID=6199) to work on /home/panda/Documents/ODAP/Project/venv310/lib/python3.10/site-packages/airflow/example_dags/example_xcomargs.py
[2025-06-24T00:02:57.598+0700] {processor.py:830} INFO - Processing file /home/panda/Documents/ODAP/Project/venv310/lib/python3.10/site-packages/airflow/example_dags/example_xcomargs.py for tasks to queue
[2025-06-24T00:02:57.600+0700] {logging_mixin.py:188} INFO - [2025-06-24T00:02:57.600+0700] {dagbag.py:540} INFO - Filling up the DagBag from /home/panda/Documents/ODAP/Project/venv310/lib/python3.10/site-packages/airflow/example_dags/example_xcomargs.py
[2025-06-24T00:02:57.611+0700] {processor.py:840} INFO - DAG(s) 'example_xcom_args', 'example_xcom_args_with_operators' retrieved from /home/panda/Documents/ODAP/Project/venv310/lib/python3.10/site-packages/airflow/example_dags/example_xcomargs.py
[2025-06-24T00:02:57.634+0700] {logging_mixin.py:188} INFO - [2025-06-24T00:02:57.634+0700] {dag.py:3096} INFO - Sync 2 DAGs
[2025-06-24T00:02:57.648+0700] {logging_mixin.py:188} INFO - [2025-06-24T00:02:57.647+0700] {dag.py:3954} INFO - Setting next_dagrun for example_xcom_args to None, run_after=None
[2025-06-24T00:02:57.651+0700] {logging_mixin.py:188} INFO - [2025-06-24T00:02:57.651+0700] {dag.py:3954} INFO - Setting next_dagrun for example_xcom_args_with_operators to None, run_after=None
[2025-06-24T00:02:57.673+0700] {processor.py:183} INFO - Processing /home/panda/Documents/ODAP/Project/venv310/lib/python3.10/site-packages/airflow/example_dags/example_xcomargs.py took 0.087 seconds
[2025-06-24T00:03:46.495+0700] {processor.py:161} INFO - Started process (PID=6383) to work on /home/panda/Documents/ODAP/Project/venv310/lib/python3.10/site-packages/airflow/example_dags/example_xcomargs.py
[2025-06-24T00:03:46.500+0700] {processor.py:830} INFO - Processing file /home/panda/Documents/ODAP/Project/venv310/lib/python3.10/site-packages/airflow/example_dags/example_xcomargs.py for tasks to queue
[2025-06-24T00:03:46.502+0700] {logging_mixin.py:188} INFO - [2025-06-24T00:03:46.502+0700] {dagbag.py:540} INFO - Filling up the DagBag from /home/panda/Documents/ODAP/Project/venv310/lib/python3.10/site-packages/airflow/example_dags/example_xcomargs.py
[2025-06-24T00:03:46.513+0700] {processor.py:840} INFO - DAG(s) 'example_xcom_args', 'example_xcom_args_with_operators' retrieved from /home/panda/Documents/ODAP/Project/venv310/lib/python3.10/site-packages/airflow/example_dags/example_xcomargs.py
[2025-06-24T00:03:46.535+0700] {logging_mixin.py:188} INFO - [2025-06-24T00:03:46.535+0700] {dag.py:3096} INFO - Sync 2 DAGs
[2025-06-24T00:03:46.549+0700] {logging_mixin.py:188} INFO - [2025-06-24T00:03:46.549+0700] {dag.py:3954} INFO - Setting next_dagrun for example_xcom_args to None, run_after=None
[2025-06-24T00:03:46.553+0700] {logging_mixin.py:188} INFO - [2025-06-24T00:03:46.553+0700] {dag.py:3954} INFO - Setting next_dagrun for example_xcom_args_with_operators to None, run_after=None
[2025-06-24T00:03:46.713+0700] {processor.py:183} INFO - Processing /home/panda/Documents/ODAP/Project/venv310/lib/python3.10/site-packages/airflow/example_dags/example_xcomargs.py took 0.225 seconds
[2025-06-24T00:04:36.401+0700] {processor.py:161} INFO - Started process (PID=6849) to work on /home/panda/Documents/ODAP/Project/venv310/lib/python3.10/site-packages/airflow/example_dags/example_xcomargs.py
[2025-06-24T00:04:36.406+0700] {processor.py:830} INFO - Processing file /home/panda/Documents/ODAP/Project/venv310/lib/python3.10/site-packages/airflow/example_dags/example_xcomargs.py for tasks to queue
[2025-06-24T00:04:36.408+0700] {logging_mixin.py:188} INFO - [2025-06-24T00:04:36.408+0700] {dagbag.py:540} INFO - Filling up the DagBag from /home/panda/Documents/ODAP/Project/venv310/lib/python3.10/site-packages/airflow/example_dags/example_xcomargs.py
[2025-06-24T00:04:36.419+0700] {processor.py:840} INFO - DAG(s) 'example_xcom_args_with_operators', 'example_xcom_args' retrieved from /home/panda/Documents/ODAP/Project/venv310/lib/python3.10/site-packages/airflow/example_dags/example_xcomargs.py
[2025-06-24T00:04:36.441+0700] {logging_mixin.py:188} INFO - [2025-06-24T00:04:36.441+0700] {dag.py:3096} INFO - Sync 2 DAGs
[2025-06-24T00:04:36.454+0700] {logging_mixin.py:188} INFO - [2025-06-24T00:04:36.454+0700] {dag.py:3954} INFO - Setting next_dagrun for example_xcom_args to None, run_after=None
[2025-06-24T00:04:36.458+0700] {logging_mixin.py:188} INFO - [2025-06-24T00:04:36.458+0700] {dag.py:3954} INFO - Setting next_dagrun for example_xcom_args_with_operators to None, run_after=None
[2025-06-24T00:04:36.485+0700] {processor.py:183} INFO - Processing /home/panda/Documents/ODAP/Project/venv310/lib/python3.10/site-packages/airflow/example_dags/example_xcomargs.py took 0.090 seconds
[2025-06-24T00:05:23.030+0700] {processor.py:161} INFO - Started process (PID=7054) to work on /home/panda/Documents/ODAP/Project/venv310/lib/python3.10/site-packages/airflow/example_dags/example_xcomargs.py
[2025-06-24T00:05:23.035+0700] {processor.py:830} INFO - Processing file /home/panda/Documents/ODAP/Project/venv310/lib/python3.10/site-packages/airflow/example_dags/example_xcomargs.py for tasks to queue
[2025-06-24T00:05:23.037+0700] {logging_mixin.py:188} INFO - [2025-06-24T00:05:23.037+0700] {dagbag.py:540} INFO - Filling up the DagBag from /home/panda/Documents/ODAP/Project/venv310/lib/python3.10/site-packages/airflow/example_dags/example_xcomargs.py
[2025-06-24T00:05:23.048+0700] {processor.py:840} INFO - DAG(s) 'example_xcom_args', 'example_xcom_args_with_operators' retrieved from /home/panda/Documents/ODAP/Project/venv310/lib/python3.10/site-packages/airflow/example_dags/example_xcomargs.py
[2025-06-24T00:05:23.069+0700] {logging_mixin.py:188} INFO - [2025-06-24T00:05:23.069+0700] {dag.py:3096} INFO - Sync 2 DAGs
[2025-06-24T00:05:23.082+0700] {logging_mixin.py:188} INFO - [2025-06-24T00:05:23.082+0700] {dag.py:3954} INFO - Setting next_dagrun for example_xcom_args to None, run_after=None
[2025-06-24T00:05:23.085+0700] {logging_mixin.py:188} INFO - [2025-06-24T00:05:23.085+0700] {dag.py:3954} INFO - Setting next_dagrun for example_xcom_args_with_operators to None, run_after=None
[2025-06-24T00:05:23.113+0700] {processor.py:183} INFO - Processing /home/panda/Documents/ODAP/Project/venv310/lib/python3.10/site-packages/airflow/example_dags/example_xcomargs.py took 0.090 seconds
[2025-06-24T00:07:10.257+0700] {processor.py:161} INFO - Started process (PID=8094) to work on /home/panda/Documents/ODAP/Project/venv310/lib/python3.10/site-packages/airflow/example_dags/example_xcomargs.py
[2025-06-24T00:07:10.263+0700] {processor.py:830} INFO - Processing file /home/panda/Documents/ODAP/Project/venv310/lib/python3.10/site-packages/airflow/example_dags/example_xcomargs.py for tasks to queue
[2025-06-24T00:07:10.264+0700] {logging_mixin.py:188} INFO - [2025-06-24T00:07:10.263+0700] {dagbag.py:540} INFO - Filling up the DagBag from /home/panda/Documents/ODAP/Project/venv310/lib/python3.10/site-packages/airflow/example_dags/example_xcomargs.py
[2025-06-24T00:07:10.275+0700] {processor.py:840} INFO - DAG(s) 'example_xcom_args', 'example_xcom_args_with_operators' retrieved from /home/panda/Documents/ODAP/Project/venv310/lib/python3.10/site-packages/airflow/example_dags/example_xcomargs.py
[2025-06-24T00:07:10.308+0700] {logging_mixin.py:188} INFO - [2025-06-24T00:07:10.307+0700] {dag.py:3096} INFO - Sync 2 DAGs
[2025-06-24T00:07:10.320+0700] {logging_mixin.py:188} INFO - [2025-06-24T00:07:10.319+0700] {dag.py:3954} INFO - Setting next_dagrun for example_xcom_args to None, run_after=None
[2025-06-24T00:07:10.323+0700] {logging_mixin.py:188} INFO - [2025-06-24T00:07:10.322+0700] {dag.py:3954} INFO - Setting next_dagrun for example_xcom_args_with_operators to None, run_after=None
[2025-06-24T00:07:10.347+0700] {processor.py:183} INFO - Processing /home/panda/Documents/ODAP/Project/venv310/lib/python3.10/site-packages/airflow/example_dags/example_xcomargs.py took 0.098 seconds
[2025-06-24T00:08:16.680+0700] {processor.py:161} INFO - Started process (PID=9681) to work on /home/panda/Documents/ODAP/Project/venv310/lib/python3.10/site-packages/airflow/example_dags/example_xcomargs.py
[2025-06-24T00:08:16.683+0700] {processor.py:830} INFO - Processing file /home/panda/Documents/ODAP/Project/venv310/lib/python3.10/site-packages/airflow/example_dags/example_xcomargs.py for tasks to queue
[2025-06-24T00:08:16.684+0700] {logging_mixin.py:188} INFO - [2025-06-24T00:08:16.683+0700] {dagbag.py:540} INFO - Filling up the DagBag from /home/panda/Documents/ODAP/Project/venv310/lib/python3.10/site-packages/airflow/example_dags/example_xcomargs.py
[2025-06-24T00:08:16.693+0700] {processor.py:840} INFO - DAG(s) 'example_xcom_args_with_operators', 'example_xcom_args' retrieved from /home/panda/Documents/ODAP/Project/venv310/lib/python3.10/site-packages/airflow/example_dags/example_xcomargs.py
[2025-06-24T00:08:16.717+0700] {logging_mixin.py:188} INFO - [2025-06-24T00:08:16.717+0700] {dag.py:3096} INFO - Sync 2 DAGs
[2025-06-24T00:08:16.728+0700] {logging_mixin.py:188} INFO - [2025-06-24T00:08:16.728+0700] {dag.py:3954} INFO - Setting next_dagrun for example_xcom_args to None, run_after=None
[2025-06-24T00:08:16.731+0700] {logging_mixin.py:188} INFO - [2025-06-24T00:08:16.730+0700] {dag.py:3954} INFO - Setting next_dagrun for example_xcom_args_with_operators to None, run_after=None
[2025-06-24T00:08:16.758+0700] {processor.py:183} INFO - Processing /home/panda/Documents/ODAP/Project/venv310/lib/python3.10/site-packages/airflow/example_dags/example_xcomargs.py took 0.086 seconds
[2025-06-24T00:09:26.786+0700] {processor.py:161} INFO - Started process (PID=10803) to work on /home/panda/Documents/ODAP/Project/venv310/lib/python3.10/site-packages/airflow/example_dags/example_xcomargs.py
[2025-06-24T00:09:26.791+0700] {processor.py:830} INFO - Processing file /home/panda/Documents/ODAP/Project/venv310/lib/python3.10/site-packages/airflow/example_dags/example_xcomargs.py for tasks to queue
[2025-06-24T00:09:26.792+0700] {logging_mixin.py:188} INFO - [2025-06-24T00:09:26.792+0700] {dagbag.py:540} INFO - Filling up the DagBag from /home/panda/Documents/ODAP/Project/venv310/lib/python3.10/site-packages/airflow/example_dags/example_xcomargs.py
[2025-06-24T00:09:26.803+0700] {processor.py:840} INFO - DAG(s) 'example_xcom_args', 'example_xcom_args_with_operators' retrieved from /home/panda/Documents/ODAP/Project/venv310/lib/python3.10/site-packages/airflow/example_dags/example_xcomargs.py
[2025-06-24T00:09:26.827+0700] {logging_mixin.py:188} INFO - [2025-06-24T00:09:26.827+0700] {dag.py:3096} INFO - Sync 2 DAGs
[2025-06-24T00:09:26.839+0700] {logging_mixin.py:188} INFO - [2025-06-24T00:09:26.839+0700] {dag.py:3954} INFO - Setting next_dagrun for example_xcom_args to None, run_after=None
[2025-06-24T00:09:26.842+0700] {logging_mixin.py:188} INFO - [2025-06-24T00:09:26.842+0700] {dag.py:3954} INFO - Setting next_dagrun for example_xcom_args_with_operators to None, run_after=None
[2025-06-24T00:09:26.869+0700] {processor.py:183} INFO - Processing /home/panda/Documents/ODAP/Project/venv310/lib/python3.10/site-packages/airflow/example_dags/example_xcomargs.py took 0.090 seconds
[2025-06-24T00:10:10.993+0700] {processor.py:161} INFO - Started process (PID=10929) to work on /home/panda/Documents/ODAP/Project/venv310/lib/python3.10/site-packages/airflow/example_dags/example_xcomargs.py
[2025-06-24T00:10:10.998+0700] {processor.py:830} INFO - Processing file /home/panda/Documents/ODAP/Project/venv310/lib/python3.10/site-packages/airflow/example_dags/example_xcomargs.py for tasks to queue
[2025-06-24T00:10:10.999+0700] {logging_mixin.py:188} INFO - [2025-06-24T00:10:10.998+0700] {dagbag.py:540} INFO - Filling up the DagBag from /home/panda/Documents/ODAP/Project/venv310/lib/python3.10/site-packages/airflow/example_dags/example_xcomargs.py
[2025-06-24T00:10:11.007+0700] {processor.py:840} INFO - DAG(s) 'example_xcom_args', 'example_xcom_args_with_operators' retrieved from /home/panda/Documents/ODAP/Project/venv310/lib/python3.10/site-packages/airflow/example_dags/example_xcomargs.py
[2025-06-24T00:10:11.025+0700] {logging_mixin.py:188} INFO - [2025-06-24T00:10:11.025+0700] {dag.py:3096} INFO - Sync 2 DAGs
[2025-06-24T00:10:11.036+0700] {logging_mixin.py:188} INFO - [2025-06-24T00:10:11.036+0700] {dag.py:3954} INFO - Setting next_dagrun for example_xcom_args to None, run_after=None
[2025-06-24T00:10:11.039+0700] {logging_mixin.py:188} INFO - [2025-06-24T00:10:11.039+0700] {dag.py:3954} INFO - Setting next_dagrun for example_xcom_args_with_operators to None, run_after=None
[2025-06-24T00:10:11.059+0700] {processor.py:183} INFO - Processing /home/panda/Documents/ODAP/Project/venv310/lib/python3.10/site-packages/airflow/example_dags/example_xcomargs.py took 0.072 seconds
[2025-06-24T00:11:03.786+0700] {processor.py:161} INFO - Started process (PID=11562) to work on /home/panda/Documents/ODAP/Project/venv310/lib/python3.10/site-packages/airflow/example_dags/example_xcomargs.py
[2025-06-24T00:11:03.789+0700] {processor.py:830} INFO - Processing file /home/panda/Documents/ODAP/Project/venv310/lib/python3.10/site-packages/airflow/example_dags/example_xcomargs.py for tasks to queue
[2025-06-24T00:11:03.790+0700] {logging_mixin.py:188} INFO - [2025-06-24T00:11:03.789+0700] {dagbag.py:540} INFO - Filling up the DagBag from /home/panda/Documents/ODAP/Project/venv310/lib/python3.10/site-packages/airflow/example_dags/example_xcomargs.py
[2025-06-24T00:11:03.800+0700] {processor.py:840} INFO - DAG(s) 'example_xcom_args', 'example_xcom_args_with_operators' retrieved from /home/panda/Documents/ODAP/Project/venv310/lib/python3.10/site-packages/airflow/example_dags/example_xcomargs.py
[2025-06-24T00:11:03.822+0700] {logging_mixin.py:188} INFO - [2025-06-24T00:11:03.822+0700] {dag.py:3096} INFO - Sync 2 DAGs
[2025-06-24T00:11:03.833+0700] {logging_mixin.py:188} INFO - [2025-06-24T00:11:03.832+0700] {dag.py:3954} INFO - Setting next_dagrun for example_xcom_args to None, run_after=None
[2025-06-24T00:11:03.835+0700] {logging_mixin.py:188} INFO - [2025-06-24T00:11:03.835+0700] {dag.py:3954} INFO - Setting next_dagrun for example_xcom_args_with_operators to None, run_after=None
[2025-06-24T00:11:03.857+0700] {processor.py:183} INFO - Processing /home/panda/Documents/ODAP/Project/venv310/lib/python3.10/site-packages/airflow/example_dags/example_xcomargs.py took 0.078 seconds
[2025-06-24T00:12:11.085+0700] {processor.py:161} INFO - Started process (PID=12585) to work on /home/panda/Documents/ODAP/Project/venv310/lib/python3.10/site-packages/airflow/example_dags/example_xcomargs.py
[2025-06-24T00:12:11.090+0700] {processor.py:830} INFO - Processing file /home/panda/Documents/ODAP/Project/venv310/lib/python3.10/site-packages/airflow/example_dags/example_xcomargs.py for tasks to queue
[2025-06-24T00:12:11.092+0700] {logging_mixin.py:188} INFO - [2025-06-24T00:12:11.092+0700] {dagbag.py:540} INFO - Filling up the DagBag from /home/panda/Documents/ODAP/Project/venv310/lib/python3.10/site-packages/airflow/example_dags/example_xcomargs.py
[2025-06-24T00:12:11.104+0700] {processor.py:840} INFO - DAG(s) 'example_xcom_args', 'example_xcom_args_with_operators' retrieved from /home/panda/Documents/ODAP/Project/venv310/lib/python3.10/site-packages/airflow/example_dags/example_xcomargs.py
[2025-06-24T00:12:11.125+0700] {logging_mixin.py:188} INFO - [2025-06-24T00:12:11.125+0700] {dag.py:3096} INFO - Sync 2 DAGs
[2025-06-24T00:12:11.137+0700] {logging_mixin.py:188} INFO - [2025-06-24T00:12:11.136+0700] {dag.py:3954} INFO - Setting next_dagrun for example_xcom_args to None, run_after=None
[2025-06-24T00:12:11.140+0700] {logging_mixin.py:188} INFO - [2025-06-24T00:12:11.140+0700] {dag.py:3954} INFO - Setting next_dagrun for example_xcom_args_with_operators to None, run_after=None
[2025-06-24T00:12:11.162+0700] {processor.py:183} INFO - Processing /home/panda/Documents/ODAP/Project/venv310/lib/python3.10/site-packages/airflow/example_dags/example_xcomargs.py took 0.084 seconds
[2025-06-24T00:12:55.542+0700] {processor.py:161} INFO - Started process (PID=12732) to work on /home/panda/Documents/ODAP/Project/venv310/lib/python3.10/site-packages/airflow/example_dags/example_xcomargs.py
[2025-06-24T00:12:55.547+0700] {processor.py:830} INFO - Processing file /home/panda/Documents/ODAP/Project/venv310/lib/python3.10/site-packages/airflow/example_dags/example_xcomargs.py for tasks to queue
[2025-06-24T00:12:55.548+0700] {logging_mixin.py:188} INFO - [2025-06-24T00:12:55.548+0700] {dagbag.py:540} INFO - Filling up the DagBag from /home/panda/Documents/ODAP/Project/venv310/lib/python3.10/site-packages/airflow/example_dags/example_xcomargs.py
[2025-06-24T00:12:55.558+0700] {processor.py:840} INFO - DAG(s) 'example_xcom_args_with_operators', 'example_xcom_args' retrieved from /home/panda/Documents/ODAP/Project/venv310/lib/python3.10/site-packages/airflow/example_dags/example_xcomargs.py
[2025-06-24T00:12:55.579+0700] {logging_mixin.py:188} INFO - [2025-06-24T00:12:55.579+0700] {dag.py:3096} INFO - Sync 2 DAGs
[2025-06-24T00:12:55.590+0700] {logging_mixin.py:188} INFO - [2025-06-24T00:12:55.590+0700] {dag.py:3954} INFO - Setting next_dagrun for example_xcom_args to None, run_after=None
[2025-06-24T00:12:55.593+0700] {logging_mixin.py:188} INFO - [2025-06-24T00:12:55.593+0700] {dag.py:3954} INFO - Setting next_dagrun for example_xcom_args_with_operators to None, run_after=None
[2025-06-24T00:12:55.614+0700] {processor.py:183} INFO - Processing /home/panda/Documents/ODAP/Project/venv310/lib/python3.10/site-packages/airflow/example_dags/example_xcomargs.py took 0.079 seconds
[2025-06-24T00:13:40.077+0700] {processor.py:161} INFO - Started process (PID=12882) to work on /home/panda/Documents/ODAP/Project/venv310/lib/python3.10/site-packages/airflow/example_dags/example_xcomargs.py
[2025-06-24T00:13:40.082+0700] {processor.py:830} INFO - Processing file /home/panda/Documents/ODAP/Project/venv310/lib/python3.10/site-packages/airflow/example_dags/example_xcomargs.py for tasks to queue
[2025-06-24T00:13:40.083+0700] {logging_mixin.py:188} INFO - [2025-06-24T00:13:40.083+0700] {dagbag.py:540} INFO - Filling up the DagBag from /home/panda/Documents/ODAP/Project/venv310/lib/python3.10/site-packages/airflow/example_dags/example_xcomargs.py
[2025-06-24T00:13:40.094+0700] {processor.py:840} INFO - DAG(s) 'example_xcom_args', 'example_xcom_args_with_operators' retrieved from /home/panda/Documents/ODAP/Project/venv310/lib/python3.10/site-packages/airflow/example_dags/example_xcomargs.py
[2025-06-24T00:13:40.116+0700] {logging_mixin.py:188} INFO - [2025-06-24T00:13:40.116+0700] {dag.py:3096} INFO - Sync 2 DAGs
[2025-06-24T00:13:40.128+0700] {logging_mixin.py:188} INFO - [2025-06-24T00:13:40.128+0700] {dag.py:3954} INFO - Setting next_dagrun for example_xcom_args to None, run_after=None
[2025-06-24T00:13:40.131+0700] {logging_mixin.py:188} INFO - [2025-06-24T00:13:40.130+0700] {dag.py:3954} INFO - Setting next_dagrun for example_xcom_args_with_operators to None, run_after=None
[2025-06-24T00:13:40.152+0700] {processor.py:183} INFO - Processing /home/panda/Documents/ODAP/Project/venv310/lib/python3.10/site-packages/airflow/example_dags/example_xcomargs.py took 0.082 seconds
[2025-06-24T00:14:25.239+0700] {processor.py:161} INFO - Started process (PID=13133) to work on /home/panda/Documents/ODAP/Project/venv310/lib/python3.10/site-packages/airflow/example_dags/example_xcomargs.py
[2025-06-24T00:14:25.244+0700] {processor.py:830} INFO - Processing file /home/panda/Documents/ODAP/Project/venv310/lib/python3.10/site-packages/airflow/example_dags/example_xcomargs.py for tasks to queue
[2025-06-24T00:14:25.245+0700] {logging_mixin.py:188} INFO - [2025-06-24T00:14:25.245+0700] {dagbag.py:540} INFO - Filling up the DagBag from /home/panda/Documents/ODAP/Project/venv310/lib/python3.10/site-packages/airflow/example_dags/example_xcomargs.py
[2025-06-24T00:14:25.256+0700] {processor.py:840} INFO - DAG(s) 'example_xcom_args_with_operators', 'example_xcom_args' retrieved from /home/panda/Documents/ODAP/Project/venv310/lib/python3.10/site-packages/airflow/example_dags/example_xcomargs.py
[2025-06-24T00:14:25.278+0700] {logging_mixin.py:188} INFO - [2025-06-24T00:14:25.278+0700] {dag.py:3096} INFO - Sync 2 DAGs
[2025-06-24T00:14:25.290+0700] {logging_mixin.py:188} INFO - [2025-06-24T00:14:25.290+0700] {dag.py:3954} INFO - Setting next_dagrun for example_xcom_args to None, run_after=None
[2025-06-24T00:14:25.293+0700] {logging_mixin.py:188} INFO - [2025-06-24T00:14:25.293+0700] {dag.py:3954} INFO - Setting next_dagrun for example_xcom_args_with_operators to None, run_after=None
[2025-06-24T00:14:25.324+0700] {processor.py:183} INFO - Processing /home/panda/Documents/ODAP/Project/venv310/lib/python3.10/site-packages/airflow/example_dags/example_xcomargs.py took 0.093 seconds
[2025-06-24T00:15:06.792+0700] {processor.py:161} INFO - Started process (PID=13340) to work on /home/panda/Documents/ODAP/Project/venv310/lib/python3.10/site-packages/airflow/example_dags/example_xcomargs.py
[2025-06-24T00:15:06.797+0700] {processor.py:830} INFO - Processing file /home/panda/Documents/ODAP/Project/venv310/lib/python3.10/site-packages/airflow/example_dags/example_xcomargs.py for tasks to queue
[2025-06-24T00:15:06.798+0700] {logging_mixin.py:188} INFO - [2025-06-24T00:15:06.798+0700] {dagbag.py:540} INFO - Filling up the DagBag from /home/panda/Documents/ODAP/Project/venv310/lib/python3.10/site-packages/airflow/example_dags/example_xcomargs.py
[2025-06-24T00:15:06.810+0700] {processor.py:840} INFO - DAG(s) 'example_xcom_args_with_operators', 'example_xcom_args' retrieved from /home/panda/Documents/ODAP/Project/venv310/lib/python3.10/site-packages/airflow/example_dags/example_xcomargs.py
[2025-06-24T00:15:06.834+0700] {logging_mixin.py:188} INFO - [2025-06-24T00:15:06.834+0700] {dag.py:3096} INFO - Sync 2 DAGs
[2025-06-24T00:15:06.847+0700] {logging_mixin.py:188} INFO - [2025-06-24T00:15:06.847+0700] {dag.py:3954} INFO - Setting next_dagrun for example_xcom_args to None, run_after=None
[2025-06-24T00:15:06.851+0700] {logging_mixin.py:188} INFO - [2025-06-24T00:15:06.850+0700] {dag.py:3954} INFO - Setting next_dagrun for example_xcom_args_with_operators to None, run_after=None
[2025-06-24T00:15:06.877+0700] {processor.py:183} INFO - Processing /home/panda/Documents/ODAP/Project/venv310/lib/python3.10/site-packages/airflow/example_dags/example_xcomargs.py took 0.094 seconds
[2025-06-24T00:21:20.693+0700] {processor.py:161} INFO - Started process (PID=16566) to work on /home/panda/Documents/ODAP/Project/venv310/lib/python3.10/site-packages/airflow/example_dags/example_xcomargs.py
[2025-06-24T00:21:20.696+0700] {processor.py:830} INFO - Processing file /home/panda/Documents/ODAP/Project/venv310/lib/python3.10/site-packages/airflow/example_dags/example_xcomargs.py for tasks to queue
[2025-06-24T00:21:20.697+0700] {logging_mixin.py:188} INFO - [2025-06-24T00:21:20.697+0700] {dagbag.py:540} INFO - Filling up the DagBag from /home/panda/Documents/ODAP/Project/venv310/lib/python3.10/site-packages/airflow/example_dags/example_xcomargs.py
[2025-06-24T00:21:20.709+0700] {processor.py:840} INFO - DAG(s) 'example_xcom_args', 'example_xcom_args_with_operators' retrieved from /home/panda/Documents/ODAP/Project/venv310/lib/python3.10/site-packages/airflow/example_dags/example_xcomargs.py
[2025-06-24T00:21:20.741+0700] {logging_mixin.py:188} INFO - [2025-06-24T00:21:20.741+0700] {dag.py:3096} INFO - Sync 2 DAGs
[2025-06-24T00:21:20.752+0700] {logging_mixin.py:188} INFO - [2025-06-24T00:21:20.752+0700] {dag.py:3954} INFO - Setting next_dagrun for example_xcom_args to None, run_after=None
[2025-06-24T00:21:20.755+0700] {logging_mixin.py:188} INFO - [2025-06-24T00:21:20.755+0700] {dag.py:3954} INFO - Setting next_dagrun for example_xcom_args_with_operators to None, run_after=None
[2025-06-24T00:21:20.775+0700] {processor.py:183} INFO - Processing /home/panda/Documents/ODAP/Project/venv310/lib/python3.10/site-packages/airflow/example_dags/example_xcomargs.py took 0.090 seconds
[2025-06-24T00:22:12.886+0700] {processor.py:161} INFO - Started process (PID=16739) to work on /home/panda/Documents/ODAP/Project/venv310/lib/python3.10/site-packages/airflow/example_dags/example_xcomargs.py
[2025-06-24T00:22:12.889+0700] {processor.py:830} INFO - Processing file /home/panda/Documents/ODAP/Project/venv310/lib/python3.10/site-packages/airflow/example_dags/example_xcomargs.py for tasks to queue
[2025-06-24T00:22:12.892+0700] {logging_mixin.py:188} INFO - [2025-06-24T00:22:12.891+0700] {dagbag.py:540} INFO - Filling up the DagBag from /home/panda/Documents/ODAP/Project/venv310/lib/python3.10/site-packages/airflow/example_dags/example_xcomargs.py
[2025-06-24T00:22:12.903+0700] {processor.py:840} INFO - DAG(s) 'example_xcom_args', 'example_xcom_args_with_operators' retrieved from /home/panda/Documents/ODAP/Project/venv310/lib/python3.10/site-packages/airflow/example_dags/example_xcomargs.py
[2025-06-24T00:22:12.927+0700] {logging_mixin.py:188} INFO - [2025-06-24T00:22:12.927+0700] {dag.py:3096} INFO - Sync 2 DAGs
[2025-06-24T00:22:12.939+0700] {logging_mixin.py:188} INFO - [2025-06-24T00:22:12.939+0700] {dag.py:3954} INFO - Setting next_dagrun for example_xcom_args to None, run_after=None
[2025-06-24T00:22:12.942+0700] {logging_mixin.py:188} INFO - [2025-06-24T00:22:12.942+0700] {dag.py:3954} INFO - Setting next_dagrun for example_xcom_args_with_operators to None, run_after=None
[2025-06-24T00:22:12.969+0700] {processor.py:183} INFO - Processing /home/panda/Documents/ODAP/Project/venv310/lib/python3.10/site-packages/airflow/example_dags/example_xcomargs.py took 0.090 seconds
[2025-06-24T00:23:14.428+0700] {processor.py:161} INFO - Started process (PID=18173) to work on /home/panda/Documents/ODAP/Project/venv310/lib/python3.10/site-packages/airflow/example_dags/example_xcomargs.py
[2025-06-24T00:23:14.433+0700] {processor.py:830} INFO - Processing file /home/panda/Documents/ODAP/Project/venv310/lib/python3.10/site-packages/airflow/example_dags/example_xcomargs.py for tasks to queue
[2025-06-24T00:23:14.435+0700] {logging_mixin.py:188} INFO - [2025-06-24T00:23:14.434+0700] {dagbag.py:540} INFO - Filling up the DagBag from /home/panda/Documents/ODAP/Project/venv310/lib/python3.10/site-packages/airflow/example_dags/example_xcomargs.py
[2025-06-24T00:23:14.445+0700] {processor.py:840} INFO - DAG(s) 'example_xcom_args', 'example_xcom_args_with_operators' retrieved from /home/panda/Documents/ODAP/Project/venv310/lib/python3.10/site-packages/airflow/example_dags/example_xcomargs.py
[2025-06-24T00:23:14.465+0700] {logging_mixin.py:188} INFO - [2025-06-24T00:23:14.465+0700] {dag.py:3096} INFO - Sync 2 DAGs
[2025-06-24T00:23:14.476+0700] {logging_mixin.py:188} INFO - [2025-06-24T00:23:14.476+0700] {dag.py:3954} INFO - Setting next_dagrun for example_xcom_args to None, run_after=None
[2025-06-24T00:23:14.478+0700] {logging_mixin.py:188} INFO - [2025-06-24T00:23:14.478+0700] {dag.py:3954} INFO - Setting next_dagrun for example_xcom_args_with_operators to None, run_after=None
[2025-06-24T00:23:14.501+0700] {processor.py:183} INFO - Processing /home/panda/Documents/ODAP/Project/venv310/lib/python3.10/site-packages/airflow/example_dags/example_xcomargs.py took 0.080 seconds
[2025-06-24T00:33:32.104+0700] {processor.py:161} INFO - Started process (PID=20190) to work on /home/panda/Documents/ODAP/Project/venv310/lib/python3.10/site-packages/airflow/example_dags/example_xcomargs.py
[2025-06-24T00:33:32.110+0700] {processor.py:830} INFO - Processing file /home/panda/Documents/ODAP/Project/venv310/lib/python3.10/site-packages/airflow/example_dags/example_xcomargs.py for tasks to queue
[2025-06-24T00:33:32.112+0700] {logging_mixin.py:188} INFO - [2025-06-24T00:33:32.111+0700] {dagbag.py:540} INFO - Filling up the DagBag from /home/panda/Documents/ODAP/Project/venv310/lib/python3.10/site-packages/airflow/example_dags/example_xcomargs.py
[2025-06-24T00:33:32.125+0700] {processor.py:840} INFO - DAG(s) 'example_xcom_args_with_operators', 'example_xcom_args' retrieved from /home/panda/Documents/ODAP/Project/venv310/lib/python3.10/site-packages/airflow/example_dags/example_xcomargs.py
[2025-06-24T00:33:32.158+0700] {logging_mixin.py:188} INFO - [2025-06-24T00:33:32.158+0700] {dag.py:3096} INFO - Sync 2 DAGs
[2025-06-24T00:33:32.169+0700] {logging_mixin.py:188} INFO - [2025-06-24T00:33:32.169+0700] {dag.py:3954} INFO - Setting next_dagrun for example_xcom_args to None, run_after=None
[2025-06-24T00:33:32.172+0700] {logging_mixin.py:188} INFO - [2025-06-24T00:33:32.171+0700] {dag.py:3954} INFO - Setting next_dagrun for example_xcom_args_with_operators to None, run_after=None
[2025-06-24T00:33:32.191+0700] {processor.py:183} INFO - Processing /home/panda/Documents/ODAP/Project/venv310/lib/python3.10/site-packages/airflow/example_dags/example_xcomargs.py took 0.094 seconds
[2025-06-24T00:34:26.073+0700] {processor.py:161} INFO - Started process (PID=20379) to work on /home/panda/Documents/ODAP/Project/venv310/lib/python3.10/site-packages/airflow/example_dags/example_xcomargs.py
[2025-06-24T00:34:26.078+0700] {processor.py:830} INFO - Processing file /home/panda/Documents/ODAP/Project/venv310/lib/python3.10/site-packages/airflow/example_dags/example_xcomargs.py for tasks to queue
[2025-06-24T00:34:26.079+0700] {logging_mixin.py:188} INFO - [2025-06-24T00:34:26.079+0700] {dagbag.py:540} INFO - Filling up the DagBag from /home/panda/Documents/ODAP/Project/venv310/lib/python3.10/site-packages/airflow/example_dags/example_xcomargs.py
[2025-06-24T00:34:26.089+0700] {processor.py:840} INFO - DAG(s) 'example_xcom_args_with_operators', 'example_xcom_args' retrieved from /home/panda/Documents/ODAP/Project/venv310/lib/python3.10/site-packages/airflow/example_dags/example_xcomargs.py
[2025-06-24T00:34:26.112+0700] {logging_mixin.py:188} INFO - [2025-06-24T00:34:26.112+0700] {dag.py:3096} INFO - Sync 2 DAGs
[2025-06-24T00:34:26.125+0700] {logging_mixin.py:188} INFO - [2025-06-24T00:34:26.125+0700] {dag.py:3954} INFO - Setting next_dagrun for example_xcom_args to None, run_after=None
[2025-06-24T00:34:26.128+0700] {logging_mixin.py:188} INFO - [2025-06-24T00:34:26.128+0700] {dag.py:3954} INFO - Setting next_dagrun for example_xcom_args_with_operators to None, run_after=None
[2025-06-24T00:34:26.157+0700] {processor.py:183} INFO - Processing /home/panda/Documents/ODAP/Project/venv310/lib/python3.10/site-packages/airflow/example_dags/example_xcomargs.py took 0.091 seconds
[2025-06-24T00:35:14.179+0700] {processor.py:161} INFO - Started process (PID=20523) to work on /home/panda/Documents/ODAP/Project/venv310/lib/python3.10/site-packages/airflow/example_dags/example_xcomargs.py
[2025-06-24T00:35:14.185+0700] {processor.py:830} INFO - Processing file /home/panda/Documents/ODAP/Project/venv310/lib/python3.10/site-packages/airflow/example_dags/example_xcomargs.py for tasks to queue
[2025-06-24T00:35:14.186+0700] {logging_mixin.py:188} INFO - [2025-06-24T00:35:14.185+0700] {dagbag.py:540} INFO - Filling up the DagBag from /home/panda/Documents/ODAP/Project/venv310/lib/python3.10/site-packages/airflow/example_dags/example_xcomargs.py
[2025-06-24T00:35:14.196+0700] {processor.py:840} INFO - DAG(s) 'example_xcom_args', 'example_xcom_args_with_operators' retrieved from /home/panda/Documents/ODAP/Project/venv310/lib/python3.10/site-packages/airflow/example_dags/example_xcomargs.py
[2025-06-24T00:35:14.219+0700] {logging_mixin.py:188} INFO - [2025-06-24T00:35:14.219+0700] {dag.py:3096} INFO - Sync 2 DAGs
[2025-06-24T00:35:14.232+0700] {logging_mixin.py:188} INFO - [2025-06-24T00:35:14.231+0700] {dag.py:3954} INFO - Setting next_dagrun for example_xcom_args to None, run_after=None
[2025-06-24T00:35:14.235+0700] {logging_mixin.py:188} INFO - [2025-06-24T00:35:14.234+0700] {dag.py:3954} INFO - Setting next_dagrun for example_xcom_args_with_operators to None, run_after=None
[2025-06-24T00:35:14.261+0700] {processor.py:183} INFO - Processing /home/panda/Documents/ODAP/Project/venv310/lib/python3.10/site-packages/airflow/example_dags/example_xcomargs.py took 0.089 seconds
[2025-06-24T00:36:00.790+0700] {processor.py:161} INFO - Started process (PID=20710) to work on /home/panda/Documents/ODAP/Project/venv310/lib/python3.10/site-packages/airflow/example_dags/example_xcomargs.py
[2025-06-24T00:36:00.793+0700] {processor.py:830} INFO - Processing file /home/panda/Documents/ODAP/Project/venv310/lib/python3.10/site-packages/airflow/example_dags/example_xcomargs.py for tasks to queue
[2025-06-24T00:36:00.794+0700] {logging_mixin.py:188} INFO - [2025-06-24T00:36:00.793+0700] {dagbag.py:540} INFO - Filling up the DagBag from /home/panda/Documents/ODAP/Project/venv310/lib/python3.10/site-packages/airflow/example_dags/example_xcomargs.py
[2025-06-24T00:36:00.803+0700] {processor.py:840} INFO - DAG(s) 'example_xcom_args', 'example_xcom_args_with_operators' retrieved from /home/panda/Documents/ODAP/Project/venv310/lib/python3.10/site-packages/airflow/example_dags/example_xcomargs.py
[2025-06-24T00:36:00.826+0700] {logging_mixin.py:188} INFO - [2025-06-24T00:36:00.826+0700] {dag.py:3096} INFO - Sync 2 DAGs
[2025-06-24T00:36:00.838+0700] {logging_mixin.py:188} INFO - [2025-06-24T00:36:00.838+0700] {dag.py:3954} INFO - Setting next_dagrun for example_xcom_args to None, run_after=None
[2025-06-24T00:36:00.841+0700] {logging_mixin.py:188} INFO - [2025-06-24T00:36:00.841+0700] {dag.py:3954} INFO - Setting next_dagrun for example_xcom_args_with_operators to None, run_after=None
[2025-06-24T00:36:00.866+0700] {processor.py:183} INFO - Processing /home/panda/Documents/ODAP/Project/venv310/lib/python3.10/site-packages/airflow/example_dags/example_xcomargs.py took 0.083 seconds
[2025-06-24T00:36:46.019+0700] {processor.py:161} INFO - Started process (PID=21004) to work on /home/panda/Documents/ODAP/Project/venv310/lib/python3.10/site-packages/airflow/example_dags/example_xcomargs.py
[2025-06-24T00:36:46.024+0700] {processor.py:830} INFO - Processing file /home/panda/Documents/ODAP/Project/venv310/lib/python3.10/site-packages/airflow/example_dags/example_xcomargs.py for tasks to queue
[2025-06-24T00:36:46.025+0700] {logging_mixin.py:188} INFO - [2025-06-24T00:36:46.025+0700] {dagbag.py:540} INFO - Filling up the DagBag from /home/panda/Documents/ODAP/Project/venv310/lib/python3.10/site-packages/airflow/example_dags/example_xcomargs.py
[2025-06-24T00:36:46.035+0700] {processor.py:840} INFO - DAG(s) 'example_xcom_args', 'example_xcom_args_with_operators' retrieved from /home/panda/Documents/ODAP/Project/venv310/lib/python3.10/site-packages/airflow/example_dags/example_xcomargs.py
[2025-06-24T00:36:46.059+0700] {logging_mixin.py:188} INFO - [2025-06-24T00:36:46.059+0700] {dag.py:3096} INFO - Sync 2 DAGs
[2025-06-24T00:36:46.072+0700] {logging_mixin.py:188} INFO - [2025-06-24T00:36:46.072+0700] {dag.py:3954} INFO - Setting next_dagrun for example_xcom_args to None, run_after=None
[2025-06-24T00:36:46.075+0700] {logging_mixin.py:188} INFO - [2025-06-24T00:36:46.074+0700] {dag.py:3954} INFO - Setting next_dagrun for example_xcom_args_with_operators to None, run_after=None
[2025-06-24T00:36:46.096+0700] {processor.py:183} INFO - Processing /home/panda/Documents/ODAP/Project/venv310/lib/python3.10/site-packages/airflow/example_dags/example_xcomargs.py took 0.085 seconds
[2025-06-24T00:52:30.017+0700] {processor.py:161} INFO - Started process (PID=25098) to work on /home/panda/Documents/ODAP/Project/venv310/lib/python3.10/site-packages/airflow/example_dags/example_xcomargs.py
[2025-06-24T00:52:30.020+0700] {processor.py:830} INFO - Processing file /home/panda/Documents/ODAP/Project/venv310/lib/python3.10/site-packages/airflow/example_dags/example_xcomargs.py for tasks to queue
[2025-06-24T00:52:30.022+0700] {logging_mixin.py:188} INFO - [2025-06-24T00:52:30.021+0700] {dagbag.py:540} INFO - Filling up the DagBag from /home/panda/Documents/ODAP/Project/venv310/lib/python3.10/site-packages/airflow/example_dags/example_xcomargs.py
[2025-06-24T00:52:30.033+0700] {processor.py:840} INFO - DAG(s) 'example_xcom_args_with_operators', 'example_xcom_args' retrieved from /home/panda/Documents/ODAP/Project/venv310/lib/python3.10/site-packages/airflow/example_dags/example_xcomargs.py
[2025-06-24T00:52:30.066+0700] {logging_mixin.py:188} INFO - [2025-06-24T00:52:30.065+0700] {dag.py:3096} INFO - Sync 2 DAGs
[2025-06-24T00:52:30.079+0700] {logging_mixin.py:188} INFO - [2025-06-24T00:52:30.079+0700] {dag.py:3954} INFO - Setting next_dagrun for example_xcom_args to None, run_after=None
[2025-06-24T00:52:30.083+0700] {logging_mixin.py:188} INFO - [2025-06-24T00:52:30.082+0700] {dag.py:3954} INFO - Setting next_dagrun for example_xcom_args_with_operators to None, run_after=None
[2025-06-24T00:52:30.110+0700] {processor.py:183} INFO - Processing /home/panda/Documents/ODAP/Project/venv310/lib/python3.10/site-packages/airflow/example_dags/example_xcomargs.py took 0.101 seconds
[2025-06-24T00:53:24.300+0700] {processor.py:161} INFO - Started process (PID=25280) to work on /home/panda/Documents/ODAP/Project/venv310/lib/python3.10/site-packages/airflow/example_dags/example_xcomargs.py
[2025-06-24T00:53:24.305+0700] {processor.py:830} INFO - Processing file /home/panda/Documents/ODAP/Project/venv310/lib/python3.10/site-packages/airflow/example_dags/example_xcomargs.py for tasks to queue
[2025-06-24T00:53:24.306+0700] {logging_mixin.py:188} INFO - [2025-06-24T00:53:24.306+0700] {dagbag.py:540} INFO - Filling up the DagBag from /home/panda/Documents/ODAP/Project/venv310/lib/python3.10/site-packages/airflow/example_dags/example_xcomargs.py
[2025-06-24T00:53:24.317+0700] {processor.py:840} INFO - DAG(s) 'example_xcom_args', 'example_xcom_args_with_operators' retrieved from /home/panda/Documents/ODAP/Project/venv310/lib/python3.10/site-packages/airflow/example_dags/example_xcomargs.py
[2025-06-24T00:53:24.342+0700] {logging_mixin.py:188} INFO - [2025-06-24T00:53:24.342+0700] {dag.py:3096} INFO - Sync 2 DAGs
[2025-06-24T00:53:24.355+0700] {logging_mixin.py:188} INFO - [2025-06-24T00:53:24.355+0700] {dag.py:3954} INFO - Setting next_dagrun for example_xcom_args to None, run_after=None
[2025-06-24T00:53:24.359+0700] {logging_mixin.py:188} INFO - [2025-06-24T00:53:24.358+0700] {dag.py:3954} INFO - Setting next_dagrun for example_xcom_args_with_operators to None, run_after=None
[2025-06-24T00:53:24.387+0700] {processor.py:183} INFO - Processing /home/panda/Documents/ODAP/Project/venv310/lib/python3.10/site-packages/airflow/example_dags/example_xcomargs.py took 0.094 seconds
[2025-06-24T00:54:12.300+0700] {processor.py:161} INFO - Started process (PID=25565) to work on /home/panda/Documents/ODAP/Project/venv310/lib/python3.10/site-packages/airflow/example_dags/example_xcomargs.py
[2025-06-24T00:54:12.302+0700] {processor.py:830} INFO - Processing file /home/panda/Documents/ODAP/Project/venv310/lib/python3.10/site-packages/airflow/example_dags/example_xcomargs.py for tasks to queue
[2025-06-24T00:54:12.303+0700] {logging_mixin.py:188} INFO - [2025-06-24T00:54:12.302+0700] {dagbag.py:540} INFO - Filling up the DagBag from /home/panda/Documents/ODAP/Project/venv310/lib/python3.10/site-packages/airflow/example_dags/example_xcomargs.py
[2025-06-24T00:54:12.312+0700] {processor.py:840} INFO - DAG(s) 'example_xcom_args', 'example_xcom_args_with_operators' retrieved from /home/panda/Documents/ODAP/Project/venv310/lib/python3.10/site-packages/airflow/example_dags/example_xcomargs.py
[2025-06-24T00:54:12.334+0700] {logging_mixin.py:188} INFO - [2025-06-24T00:54:12.333+0700] {dag.py:3096} INFO - Sync 2 DAGs
[2025-06-24T00:54:12.345+0700] {logging_mixin.py:188} INFO - [2025-06-24T00:54:12.345+0700] {dag.py:3954} INFO - Setting next_dagrun for example_xcom_args to None, run_after=None
[2025-06-24T00:54:12.348+0700] {logging_mixin.py:188} INFO - [2025-06-24T00:54:12.348+0700] {dag.py:3954} INFO - Setting next_dagrun for example_xcom_args_with_operators to None, run_after=None
[2025-06-24T00:54:12.374+0700] {processor.py:183} INFO - Processing /home/panda/Documents/ODAP/Project/venv310/lib/python3.10/site-packages/airflow/example_dags/example_xcomargs.py took 0.082 seconds
[2025-06-24T00:54:58.903+0700] {processor.py:161} INFO - Started process (PID=25715) to work on /home/panda/Documents/ODAP/Project/venv310/lib/python3.10/site-packages/airflow/example_dags/example_xcomargs.py
[2025-06-24T00:54:58.906+0700] {processor.py:830} INFO - Processing file /home/panda/Documents/ODAP/Project/venv310/lib/python3.10/site-packages/airflow/example_dags/example_xcomargs.py for tasks to queue
[2025-06-24T00:54:58.907+0700] {logging_mixin.py:188} INFO - [2025-06-24T00:54:58.907+0700] {dagbag.py:540} INFO - Filling up the DagBag from /home/panda/Documents/ODAP/Project/venv310/lib/python3.10/site-packages/airflow/example_dags/example_xcomargs.py
[2025-06-24T00:54:58.917+0700] {processor.py:840} INFO - DAG(s) 'example_xcom_args_with_operators', 'example_xcom_args' retrieved from /home/panda/Documents/ODAP/Project/venv310/lib/python3.10/site-packages/airflow/example_dags/example_xcomargs.py
[2025-06-24T00:54:58.941+0700] {logging_mixin.py:188} INFO - [2025-06-24T00:54:58.940+0700] {dag.py:3096} INFO - Sync 2 DAGs
[2025-06-24T00:54:58.954+0700] {logging_mixin.py:188} INFO - [2025-06-24T00:54:58.954+0700] {dag.py:3954} INFO - Setting next_dagrun for example_xcom_args to None, run_after=None
[2025-06-24T00:54:58.957+0700] {logging_mixin.py:188} INFO - [2025-06-24T00:54:58.957+0700] {dag.py:3954} INFO - Setting next_dagrun for example_xcom_args_with_operators to None, run_after=None
[2025-06-24T00:54:58.979+0700] {processor.py:183} INFO - Processing /home/panda/Documents/ODAP/Project/venv310/lib/python3.10/site-packages/airflow/example_dags/example_xcomargs.py took 0.083 seconds
[2025-06-24T01:03:05.996+0700] {processor.py:161} INFO - Started process (PID=28545) to work on /home/panda/Documents/ODAP/Project/venv310/lib/python3.10/site-packages/airflow/example_dags/example_xcomargs.py
[2025-06-24T01:03:06.001+0700] {processor.py:830} INFO - Processing file /home/panda/Documents/ODAP/Project/venv310/lib/python3.10/site-packages/airflow/example_dags/example_xcomargs.py for tasks to queue
[2025-06-24T01:03:06.003+0700] {logging_mixin.py:188} INFO - [2025-06-24T01:03:06.002+0700] {dagbag.py:540} INFO - Filling up the DagBag from /home/panda/Documents/ODAP/Project/venv310/lib/python3.10/site-packages/airflow/example_dags/example_xcomargs.py
[2025-06-24T01:03:06.014+0700] {processor.py:840} INFO - DAG(s) 'example_xcom_args_with_operators', 'example_xcom_args' retrieved from /home/panda/Documents/ODAP/Project/venv310/lib/python3.10/site-packages/airflow/example_dags/example_xcomargs.py
[2025-06-24T01:03:06.049+0700] {logging_mixin.py:188} INFO - [2025-06-24T01:03:06.049+0700] {dag.py:3096} INFO - Sync 2 DAGs
[2025-06-24T01:03:06.063+0700] {logging_mixin.py:188} INFO - [2025-06-24T01:03:06.063+0700] {dag.py:3954} INFO - Setting next_dagrun for example_xcom_args to None, run_after=None
[2025-06-24T01:03:06.066+0700] {logging_mixin.py:188} INFO - [2025-06-24T01:03:06.066+0700] {dag.py:3954} INFO - Setting next_dagrun for example_xcom_args_with_operators to None, run_after=None
[2025-06-24T01:03:06.090+0700] {processor.py:183} INFO - Processing /home/panda/Documents/ODAP/Project/venv310/lib/python3.10/site-packages/airflow/example_dags/example_xcomargs.py took 0.102 seconds
[2025-06-24T01:03:58.808+0700] {processor.py:161} INFO - Started process (PID=28703) to work on /home/panda/Documents/ODAP/Project/venv310/lib/python3.10/site-packages/airflow/example_dags/example_xcomargs.py
[2025-06-24T01:03:58.813+0700] {processor.py:830} INFO - Processing file /home/panda/Documents/ODAP/Project/venv310/lib/python3.10/site-packages/airflow/example_dags/example_xcomargs.py for tasks to queue
[2025-06-24T01:03:58.814+0700] {logging_mixin.py:188} INFO - [2025-06-24T01:03:58.814+0700] {dagbag.py:540} INFO - Filling up the DagBag from /home/panda/Documents/ODAP/Project/venv310/lib/python3.10/site-packages/airflow/example_dags/example_xcomargs.py
[2025-06-24T01:03:58.824+0700] {processor.py:840} INFO - DAG(s) 'example_xcom_args', 'example_xcom_args_with_operators' retrieved from /home/panda/Documents/ODAP/Project/venv310/lib/python3.10/site-packages/airflow/example_dags/example_xcomargs.py
[2025-06-24T01:03:58.848+0700] {logging_mixin.py:188} INFO - [2025-06-24T01:03:58.847+0700] {dag.py:3096} INFO - Sync 2 DAGs
[2025-06-24T01:03:58.861+0700] {logging_mixin.py:188} INFO - [2025-06-24T01:03:58.860+0700] {dag.py:3954} INFO - Setting next_dagrun for example_xcom_args to None, run_after=None
[2025-06-24T01:03:58.864+0700] {logging_mixin.py:188} INFO - [2025-06-24T01:03:58.863+0700] {dag.py:3954} INFO - Setting next_dagrun for example_xcom_args_with_operators to None, run_after=None
[2025-06-24T01:03:58.893+0700] {processor.py:183} INFO - Processing /home/panda/Documents/ODAP/Project/venv310/lib/python3.10/site-packages/airflow/example_dags/example_xcomargs.py took 0.092 seconds
[2025-06-24T01:09:09.564+0700] {processor.py:161} INFO - Started process (PID=5631) to work on /home/panda/Documents/ODAP/Project/venv310/lib/python3.10/site-packages/airflow/example_dags/example_xcomargs.py
[2025-06-24T01:09:09.569+0700] {processor.py:830} INFO - Processing file /home/panda/Documents/ODAP/Project/venv310/lib/python3.10/site-packages/airflow/example_dags/example_xcomargs.py for tasks to queue
[2025-06-24T01:09:09.570+0700] {logging_mixin.py:188} INFO - [2025-06-24T01:09:09.570+0700] {dagbag.py:540} INFO - Filling up the DagBag from /home/panda/Documents/ODAP/Project/venv310/lib/python3.10/site-packages/airflow/example_dags/example_xcomargs.py
[2025-06-24T01:09:09.582+0700] {processor.py:840} INFO - DAG(s) 'example_xcom_args_with_operators', 'example_xcom_args' retrieved from /home/panda/Documents/ODAP/Project/venv310/lib/python3.10/site-packages/airflow/example_dags/example_xcomargs.py
[2025-06-24T01:09:09.613+0700] {logging_mixin.py:188} INFO - [2025-06-24T01:09:09.612+0700] {dag.py:3096} INFO - Sync 2 DAGs
[2025-06-24T01:09:09.625+0700] {logging_mixin.py:188} INFO - [2025-06-24T01:09:09.624+0700] {dag.py:3954} INFO - Setting next_dagrun for example_xcom_args to None, run_after=None
[2025-06-24T01:09:09.627+0700] {logging_mixin.py:188} INFO - [2025-06-24T01:09:09.627+0700] {dag.py:3954} INFO - Setting next_dagrun for example_xcom_args_with_operators to None, run_after=None
[2025-06-24T01:09:09.653+0700] {processor.py:183} INFO - Processing /home/panda/Documents/ODAP/Project/venv310/lib/python3.10/site-packages/airflow/example_dags/example_xcomargs.py took 0.097 seconds
