[2025-06-24T00:02:31.204+0700] {processor.py:161} INFO - Started process (PID=5821) to work on /home/panda/Documents/ODAP/Project/venv310/lib/python3.10/site-packages/airflow/example_dags/example_display_name.py
[2025-06-24T00:02:31.205+0700] {processor.py:830} INFO - Processing file /home/panda/Documents/ODAP/Project/venv310/lib/python3.10/site-packages/airflow/example_dags/example_display_name.py for tasks to queue
[2025-06-24T00:02:31.207+0700] {logging_mixin.py:188} INFO - [2025-06-24T00:02:31.207+0700] {dagbag.py:540} INFO - Filling up the DagBag from /home/panda/Documents/ODAP/Project/venv310/lib/python3.10/site-packages/airflow/example_dags/example_display_name.py
[2025-06-24T00:02:31.215+0700] {processor.py:840} INFO - DAG(s) 'example_display_name' retrieved from /home/panda/Documents/ODAP/Project/venv310/lib/python3.10/site-packages/airflow/example_dags/example_display_name.py
[2025-06-24T00:02:31.233+0700] {logging_mixin.py:188} INFO - [2025-06-24T00:02:31.233+0700] {dag.py:3096} INFO - Sync 1 DAGs
[2025-06-24T00:02:31.247+0700] {logging_mixin.py:188} INFO - [2025-06-24T00:02:31.247+0700] {dag.py:3954} INFO - Setting next_dagrun for example_display_name to None, run_after=None
[2025-06-24T00:02:31.273+0700] {processor.py:183} INFO - Processing /home/panda/Documents/ODAP/Project/venv310/lib/python3.10/site-packages/airflow/example_dags/example_display_name.py took 0.076 seconds
[2025-06-24T00:03:24.409+0700] {processor.py:161} INFO - Started process (PID=6296) to work on /home/panda/Documents/ODAP/Project/venv310/lib/python3.10/site-packages/airflow/example_dags/example_display_name.py
[2025-06-24T00:03:24.412+0700] {processor.py:830} INFO - Processing file /home/panda/Documents/ODAP/Project/venv310/lib/python3.10/site-packages/airflow/example_dags/example_display_name.py for tasks to queue
[2025-06-24T00:03:24.414+0700] {logging_mixin.py:188} INFO - [2025-06-24T00:03:24.414+0700] {dagbag.py:540} INFO - Filling up the DagBag from /home/panda/Documents/ODAP/Project/venv310/lib/python3.10/site-packages/airflow/example_dags/example_display_name.py
[2025-06-24T00:03:24.421+0700] {processor.py:840} INFO - DAG(s) 'example_display_name' retrieved from /home/panda/Documents/ODAP/Project/venv310/lib/python3.10/site-packages/airflow/example_dags/example_display_name.py
[2025-06-24T00:03:24.439+0700] {logging_mixin.py:188} INFO - [2025-06-24T00:03:24.439+0700] {dag.py:3096} INFO - Sync 1 DAGs
[2025-06-24T00:03:24.451+0700] {logging_mixin.py:188} INFO - [2025-06-24T00:03:24.451+0700] {dag.py:3954} INFO - Setting next_dagrun for example_display_name to None, run_after=None
[2025-06-24T00:03:24.475+0700] {processor.py:183} INFO - Processing /home/panda/Documents/ODAP/Project/venv310/lib/python3.10/site-packages/airflow/example_dags/example_display_name.py took 0.073 seconds
[2025-06-24T00:04:20.919+0700] {processor.py:161} INFO - Started process (PID=6807) to work on /home/panda/Documents/ODAP/Project/venv310/lib/python3.10/site-packages/airflow/example_dags/example_display_name.py
[2025-06-24T00:04:20.923+0700] {processor.py:830} INFO - Processing file /home/panda/Documents/ODAP/Project/venv310/lib/python3.10/site-packages/airflow/example_dags/example_display_name.py for tasks to queue
[2025-06-24T00:04:20.925+0700] {logging_mixin.py:188} INFO - [2025-06-24T00:04:20.925+0700] {dagbag.py:540} INFO - Filling up the DagBag from /home/panda/Documents/ODAP/Project/venv310/lib/python3.10/site-packages/airflow/example_dags/example_display_name.py
[2025-06-24T00:04:20.933+0700] {processor.py:840} INFO - DAG(s) 'example_display_name' retrieved from /home/panda/Documents/ODAP/Project/venv310/lib/python3.10/site-packages/airflow/example_dags/example_display_name.py
[2025-06-24T00:04:20.951+0700] {logging_mixin.py:188} INFO - [2025-06-24T00:04:20.951+0700] {dag.py:3096} INFO - Sync 1 DAGs
[2025-06-24T00:04:20.965+0700] {logging_mixin.py:188} INFO - [2025-06-24T00:04:20.965+0700] {dag.py:3954} INFO - Setting next_dagrun for example_display_name to None, run_after=None
[2025-06-24T00:04:20.992+0700] {processor.py:183} INFO - Processing /home/panda/Documents/ODAP/Project/venv310/lib/python3.10/site-packages/airflow/example_dags/example_display_name.py took 0.082 seconds
[2025-06-24T00:05:31.714+0700] {processor.py:161} INFO - Started process (PID=7121) to work on /home/panda/Documents/ODAP/Project/venv310/lib/python3.10/site-packages/airflow/example_dags/example_display_name.py
[2025-06-24T00:05:31.719+0700] {processor.py:830} INFO - Processing file /home/panda/Documents/ODAP/Project/venv310/lib/python3.10/site-packages/airflow/example_dags/example_display_name.py for tasks to queue
[2025-06-24T00:05:31.721+0700] {logging_mixin.py:188} INFO - [2025-06-24T00:05:31.721+0700] {dagbag.py:540} INFO - Filling up the DagBag from /home/panda/Documents/ODAP/Project/venv310/lib/python3.10/site-packages/airflow/example_dags/example_display_name.py
[2025-06-24T00:05:31.729+0700] {processor.py:840} INFO - DAG(s) 'example_display_name' retrieved from /home/panda/Documents/ODAP/Project/venv310/lib/python3.10/site-packages/airflow/example_dags/example_display_name.py
[2025-06-24T00:05:31.748+0700] {logging_mixin.py:188} INFO - [2025-06-24T00:05:31.747+0700] {dag.py:3096} INFO - Sync 1 DAGs
[2025-06-24T00:05:31.761+0700] {logging_mixin.py:188} INFO - [2025-06-24T00:05:31.761+0700] {dag.py:3954} INFO - Setting next_dagrun for example_display_name to None, run_after=None
[2025-06-24T00:05:31.788+0700] {processor.py:183} INFO - Processing /home/panda/Documents/ODAP/Project/venv310/lib/python3.10/site-packages/airflow/example_dags/example_display_name.py took 0.081 seconds
[2025-06-24T00:07:37.451+0700] {processor.py:161} INFO - Started process (PID=8237) to work on /home/panda/Documents/ODAP/Project/venv310/lib/python3.10/site-packages/airflow/example_dags/example_display_name.py
[2025-06-24T00:07:37.452+0700] {processor.py:830} INFO - Processing file /home/panda/Documents/ODAP/Project/venv310/lib/python3.10/site-packages/airflow/example_dags/example_display_name.py for tasks to queue
[2025-06-24T00:07:37.453+0700] {logging_mixin.py:188} INFO - [2025-06-24T00:07:37.453+0700] {dagbag.py:540} INFO - Filling up the DagBag from /home/panda/Documents/ODAP/Project/venv310/lib/python3.10/site-packages/airflow/example_dags/example_display_name.py
[2025-06-24T00:07:37.460+0700] {processor.py:840} INFO - DAG(s) 'example_display_name' retrieved from /home/panda/Documents/ODAP/Project/venv310/lib/python3.10/site-packages/airflow/example_dags/example_display_name.py
[2025-06-24T00:07:37.481+0700] {logging_mixin.py:188} INFO - [2025-06-24T00:07:37.480+0700] {dag.py:3096} INFO - Sync 1 DAGs
[2025-06-24T00:07:37.497+0700] {logging_mixin.py:188} INFO - [2025-06-24T00:07:37.496+0700] {dag.py:3954} INFO - Setting next_dagrun for example_display_name to None, run_after=None
[2025-06-24T00:07:37.534+0700] {processor.py:183} INFO - Processing /home/panda/Documents/ODAP/Project/venv310/lib/python3.10/site-packages/airflow/example_dags/example_display_name.py took 0.090 seconds
[2025-06-24T00:09:01.946+0700] {processor.py:161} INFO - Started process (PID=10737) to work on /home/panda/Documents/ODAP/Project/venv310/lib/python3.10/site-packages/airflow/example_dags/example_display_name.py
[2025-06-24T00:09:01.951+0700] {processor.py:830} INFO - Processing file /home/panda/Documents/ODAP/Project/venv310/lib/python3.10/site-packages/airflow/example_dags/example_display_name.py for tasks to queue
[2025-06-24T00:09:01.953+0700] {logging_mixin.py:188} INFO - [2025-06-24T00:09:01.952+0700] {dagbag.py:540} INFO - Filling up the DagBag from /home/panda/Documents/ODAP/Project/venv310/lib/python3.10/site-packages/airflow/example_dags/example_display_name.py
[2025-06-24T00:09:01.961+0700] {processor.py:840} INFO - DAG(s) 'example_display_name' retrieved from /home/panda/Documents/ODAP/Project/venv310/lib/python3.10/site-packages/airflow/example_dags/example_display_name.py
[2025-06-24T00:09:01.980+0700] {logging_mixin.py:188} INFO - [2025-06-24T00:09:01.979+0700] {dag.py:3096} INFO - Sync 1 DAGs
[2025-06-24T00:09:01.992+0700] {logging_mixin.py:188} INFO - [2025-06-24T00:09:01.991+0700] {dag.py:3954} INFO - Setting next_dagrun for example_display_name to None, run_after=None
[2025-06-24T00:09:02.018+0700] {processor.py:183} INFO - Processing /home/panda/Documents/ODAP/Project/venv310/lib/python3.10/site-packages/airflow/example_dags/example_display_name.py took 0.080 seconds
[2025-06-24T00:09:54.356+0700] {processor.py:161} INFO - Started process (PID=10876) to work on /home/panda/Documents/ODAP/Project/venv310/lib/python3.10/site-packages/airflow/example_dags/example_display_name.py
[2025-06-24T00:09:54.361+0700] {processor.py:830} INFO - Processing file /home/panda/Documents/ODAP/Project/venv310/lib/python3.10/site-packages/airflow/example_dags/example_display_name.py for tasks to queue
[2025-06-24T00:09:54.362+0700] {logging_mixin.py:188} INFO - [2025-06-24T00:09:54.362+0700] {dagbag.py:540} INFO - Filling up the DagBag from /home/panda/Documents/ODAP/Project/venv310/lib/python3.10/site-packages/airflow/example_dags/example_display_name.py
[2025-06-24T00:09:54.369+0700] {processor.py:840} INFO - DAG(s) 'example_display_name' retrieved from /home/panda/Documents/ODAP/Project/venv310/lib/python3.10/site-packages/airflow/example_dags/example_display_name.py
[2025-06-24T00:09:54.389+0700] {logging_mixin.py:188} INFO - [2025-06-24T00:09:54.389+0700] {dag.py:3096} INFO - Sync 1 DAGs
[2025-06-24T00:09:54.402+0700] {logging_mixin.py:188} INFO - [2025-06-24T00:09:54.401+0700] {dag.py:3954} INFO - Setting next_dagrun for example_display_name to None, run_after=None
[2025-06-24T00:09:54.428+0700] {processor.py:183} INFO - Processing /home/panda/Documents/ODAP/Project/venv310/lib/python3.10/site-packages/airflow/example_dags/example_display_name.py took 0.080 seconds
[2025-06-24T00:11:18.680+0700] {processor.py:161} INFO - Started process (PID=12321) to work on /home/panda/Documents/ODAP/Project/venv310/lib/python3.10/site-packages/airflow/example_dags/example_display_name.py
[2025-06-24T00:11:18.685+0700] {processor.py:830} INFO - Processing file /home/panda/Documents/ODAP/Project/venv310/lib/python3.10/site-packages/airflow/example_dags/example_display_name.py for tasks to queue
[2025-06-24T00:11:18.688+0700] {logging_mixin.py:188} INFO - [2025-06-24T00:11:18.687+0700] {dagbag.py:540} INFO - Filling up the DagBag from /home/panda/Documents/ODAP/Project/venv310/lib/python3.10/site-packages/airflow/example_dags/example_display_name.py
[2025-06-24T00:11:18.695+0700] {processor.py:840} INFO - DAG(s) 'example_display_name' retrieved from /home/panda/Documents/ODAP/Project/venv310/lib/python3.10/site-packages/airflow/example_dags/example_display_name.py
[2025-06-24T00:11:18.713+0700] {logging_mixin.py:188} INFO - [2025-06-24T00:11:18.713+0700] {dag.py:3096} INFO - Sync 1 DAGs
[2025-06-24T00:11:18.725+0700] {logging_mixin.py:188} INFO - [2025-06-24T00:11:18.725+0700] {dag.py:3954} INFO - Setting next_dagrun for example_display_name to None, run_after=None
[2025-06-24T00:11:18.748+0700] {processor.py:183} INFO - Processing /home/panda/Documents/ODAP/Project/venv310/lib/python3.10/site-packages/airflow/example_dags/example_display_name.py took 0.075 seconds
[2025-06-24T00:12:16.077+0700] {processor.py:161} INFO - Started process (PID=12597) to work on /home/panda/Documents/ODAP/Project/venv310/lib/python3.10/site-packages/airflow/example_dags/example_display_name.py
[2025-06-24T00:12:16.082+0700] {processor.py:830} INFO - Processing file /home/panda/Documents/ODAP/Project/venv310/lib/python3.10/site-packages/airflow/example_dags/example_display_name.py for tasks to queue
[2025-06-24T00:12:16.083+0700] {logging_mixin.py:188} INFO - [2025-06-24T00:12:16.082+0700] {dagbag.py:540} INFO - Filling up the DagBag from /home/panda/Documents/ODAP/Project/venv310/lib/python3.10/site-packages/airflow/example_dags/example_display_name.py
[2025-06-24T00:12:16.089+0700] {processor.py:840} INFO - DAG(s) 'example_display_name' retrieved from /home/panda/Documents/ODAP/Project/venv310/lib/python3.10/site-packages/airflow/example_dags/example_display_name.py
[2025-06-24T00:12:16.107+0700] {logging_mixin.py:188} INFO - [2025-06-24T00:12:16.107+0700] {dag.py:3096} INFO - Sync 1 DAGs
[2025-06-24T00:12:16.118+0700] {logging_mixin.py:188} INFO - [2025-06-24T00:12:16.118+0700] {dag.py:3954} INFO - Setting next_dagrun for example_display_name to None, run_after=None
[2025-06-24T00:12:16.145+0700] {processor.py:183} INFO - Processing /home/panda/Documents/ODAP/Project/venv310/lib/python3.10/site-packages/airflow/example_dags/example_display_name.py took 0.075 seconds
[2025-06-24T00:13:03.925+0700] {processor.py:161} INFO - Started process (PID=12761) to work on /home/panda/Documents/ODAP/Project/venv310/lib/python3.10/site-packages/airflow/example_dags/example_display_name.py
[2025-06-24T00:13:03.928+0700] {processor.py:830} INFO - Processing file /home/panda/Documents/ODAP/Project/venv310/lib/python3.10/site-packages/airflow/example_dags/example_display_name.py for tasks to queue
[2025-06-24T00:13:03.929+0700] {logging_mixin.py:188} INFO - [2025-06-24T00:13:03.929+0700] {dagbag.py:540} INFO - Filling up the DagBag from /home/panda/Documents/ODAP/Project/venv310/lib/python3.10/site-packages/airflow/example_dags/example_display_name.py
[2025-06-24T00:13:03.938+0700] {processor.py:840} INFO - DAG(s) 'example_display_name' retrieved from /home/panda/Documents/ODAP/Project/venv310/lib/python3.10/site-packages/airflow/example_dags/example_display_name.py
[2025-06-24T00:13:03.959+0700] {logging_mixin.py:188} INFO - [2025-06-24T00:13:03.959+0700] {dag.py:3096} INFO - Sync 1 DAGs
[2025-06-24T00:13:03.972+0700] {logging_mixin.py:188} INFO - [2025-06-24T00:13:03.971+0700] {dag.py:3954} INFO - Setting next_dagrun for example_display_name to None, run_after=None
[2025-06-24T00:13:03.998+0700] {processor.py:183} INFO - Processing /home/panda/Documents/ODAP/Project/venv310/lib/python3.10/site-packages/airflow/example_dags/example_display_name.py took 0.081 seconds
[2025-06-24T00:14:12.308+0700] {processor.py:161} INFO - Started process (PID=13097) to work on /home/panda/Documents/ODAP/Project/venv310/lib/python3.10/site-packages/airflow/example_dags/example_display_name.py
[2025-06-24T00:14:12.313+0700] {processor.py:830} INFO - Processing file /home/panda/Documents/ODAP/Project/venv310/lib/python3.10/site-packages/airflow/example_dags/example_display_name.py for tasks to queue
[2025-06-24T00:14:12.315+0700] {logging_mixin.py:188} INFO - [2025-06-24T00:14:12.314+0700] {dagbag.py:540} INFO - Filling up the DagBag from /home/panda/Documents/ODAP/Project/venv310/lib/python3.10/site-packages/airflow/example_dags/example_display_name.py
[2025-06-24T00:14:12.322+0700] {processor.py:840} INFO - DAG(s) 'example_display_name' retrieved from /home/panda/Documents/ODAP/Project/venv310/lib/python3.10/site-packages/airflow/example_dags/example_display_name.py
[2025-06-24T00:14:12.341+0700] {logging_mixin.py:188} INFO - [2025-06-24T00:14:12.341+0700] {dag.py:3096} INFO - Sync 1 DAGs
[2025-06-24T00:14:12.353+0700] {logging_mixin.py:188} INFO - [2025-06-24T00:14:12.353+0700] {dag.py:3954} INFO - Setting next_dagrun for example_display_name to None, run_after=None
[2025-06-24T00:14:12.379+0700] {processor.py:183} INFO - Processing /home/panda/Documents/ODAP/Project/venv310/lib/python3.10/site-packages/airflow/example_dags/example_display_name.py took 0.079 seconds
[2025-06-24T00:21:47.856+0700] {processor.py:161} INFO - Started process (PID=16636) to work on /home/panda/Documents/ODAP/Project/venv310/lib/python3.10/site-packages/airflow/example_dags/example_display_name.py
[2025-06-24T00:21:47.861+0700] {processor.py:830} INFO - Processing file /home/panda/Documents/ODAP/Project/venv310/lib/python3.10/site-packages/airflow/example_dags/example_display_name.py for tasks to queue
[2025-06-24T00:21:47.862+0700] {logging_mixin.py:188} INFO - [2025-06-24T00:21:47.862+0700] {dagbag.py:540} INFO - Filling up the DagBag from /home/panda/Documents/ODAP/Project/venv310/lib/python3.10/site-packages/airflow/example_dags/example_display_name.py
[2025-06-24T00:21:47.870+0700] {processor.py:840} INFO - DAG(s) 'example_display_name' retrieved from /home/panda/Documents/ODAP/Project/venv310/lib/python3.10/site-packages/airflow/example_dags/example_display_name.py
[2025-06-24T00:21:47.890+0700] {logging_mixin.py:188} INFO - [2025-06-24T00:21:47.890+0700] {dag.py:3096} INFO - Sync 1 DAGs
[2025-06-24T00:21:47.903+0700] {logging_mixin.py:188} INFO - [2025-06-24T00:21:47.902+0700] {dag.py:3954} INFO - Setting next_dagrun for example_display_name to None, run_after=None
[2025-06-24T00:21:47.929+0700] {processor.py:183} INFO - Processing /home/panda/Documents/ODAP/Project/venv310/lib/python3.10/site-packages/airflow/example_dags/example_display_name.py took 0.081 seconds
[2025-06-24T00:22:39.610+0700] {processor.py:161} INFO - Started process (PID=16922) to work on /home/panda/Documents/ODAP/Project/venv310/lib/python3.10/site-packages/airflow/example_dags/example_display_name.py
[2025-06-24T00:22:39.613+0700] {processor.py:830} INFO - Processing file /home/panda/Documents/ODAP/Project/venv310/lib/python3.10/site-packages/airflow/example_dags/example_display_name.py for tasks to queue
[2025-06-24T00:22:39.615+0700] {logging_mixin.py:188} INFO - [2025-06-24T00:22:39.615+0700] {dagbag.py:540} INFO - Filling up the DagBag from /home/panda/Documents/ODAP/Project/venv310/lib/python3.10/site-packages/airflow/example_dags/example_display_name.py
[2025-06-24T00:22:39.621+0700] {processor.py:840} INFO - DAG(s) 'example_display_name' retrieved from /home/panda/Documents/ODAP/Project/venv310/lib/python3.10/site-packages/airflow/example_dags/example_display_name.py
[2025-06-24T00:22:39.637+0700] {logging_mixin.py:188} INFO - [2025-06-24T00:22:39.636+0700] {dag.py:3096} INFO - Sync 1 DAGs
[2025-06-24T00:22:39.647+0700] {logging_mixin.py:188} INFO - [2025-06-24T00:22:39.647+0700] {dag.py:3954} INFO - Setting next_dagrun for example_display_name to None, run_after=None
[2025-06-24T00:22:39.680+0700] {processor.py:183} INFO - Processing /home/panda/Documents/ODAP/Project/venv310/lib/python3.10/site-packages/airflow/example_dags/example_display_name.py took 0.078 seconds
[2025-06-24T00:33:59.824+0700] {processor.py:161} INFO - Started process (PID=20316) to work on /home/panda/Documents/ODAP/Project/venv310/lib/python3.10/site-packages/airflow/example_dags/example_display_name.py
[2025-06-24T00:33:59.829+0700] {processor.py:830} INFO - Processing file /home/panda/Documents/ODAP/Project/venv310/lib/python3.10/site-packages/airflow/example_dags/example_display_name.py for tasks to queue
[2025-06-24T00:33:59.830+0700] {logging_mixin.py:188} INFO - [2025-06-24T00:33:59.830+0700] {dagbag.py:540} INFO - Filling up the DagBag from /home/panda/Documents/ODAP/Project/venv310/lib/python3.10/site-packages/airflow/example_dags/example_display_name.py
[2025-06-24T00:33:59.839+0700] {processor.py:840} INFO - DAG(s) 'example_display_name' retrieved from /home/panda/Documents/ODAP/Project/venv310/lib/python3.10/site-packages/airflow/example_dags/example_display_name.py
[2025-06-24T00:33:59.859+0700] {logging_mixin.py:188} INFO - [2025-06-24T00:33:59.859+0700] {dag.py:3096} INFO - Sync 1 DAGs
[2025-06-24T00:33:59.875+0700] {logging_mixin.py:188} INFO - [2025-06-24T00:33:59.874+0700] {dag.py:3954} INFO - Setting next_dagrun for example_display_name to None, run_after=None
[2025-06-24T00:33:59.910+0700] {processor.py:183} INFO - Processing /home/panda/Documents/ODAP/Project/venv310/lib/python3.10/site-packages/airflow/example_dags/example_display_name.py took 0.095 seconds
[2025-06-24T00:34:53.602+0700] {processor.py:161} INFO - Started process (PID=20461) to work on /home/panda/Documents/ODAP/Project/venv310/lib/python3.10/site-packages/airflow/example_dags/example_display_name.py
[2025-06-24T00:34:53.608+0700] {processor.py:830} INFO - Processing file /home/panda/Documents/ODAP/Project/venv310/lib/python3.10/site-packages/airflow/example_dags/example_display_name.py for tasks to queue
[2025-06-24T00:34:53.609+0700] {logging_mixin.py:188} INFO - [2025-06-24T00:34:53.609+0700] {dagbag.py:540} INFO - Filling up the DagBag from /home/panda/Documents/ODAP/Project/venv310/lib/python3.10/site-packages/airflow/example_dags/example_display_name.py
[2025-06-24T00:34:53.617+0700] {processor.py:840} INFO - DAG(s) 'example_display_name' retrieved from /home/panda/Documents/ODAP/Project/venv310/lib/python3.10/site-packages/airflow/example_dags/example_display_name.py
[2025-06-24T00:34:53.637+0700] {logging_mixin.py:188} INFO - [2025-06-24T00:34:53.636+0700] {dag.py:3096} INFO - Sync 1 DAGs
[2025-06-24T00:34:53.650+0700] {logging_mixin.py:188} INFO - [2025-06-24T00:34:53.650+0700] {dag.py:3954} INFO - Setting next_dagrun for example_display_name to None, run_after=None
[2025-06-24T00:34:53.682+0700] {processor.py:183} INFO - Processing /home/panda/Documents/ODAP/Project/venv310/lib/python3.10/site-packages/airflow/example_dags/example_display_name.py took 0.087 seconds
[2025-06-24T00:35:46.555+0700] {processor.py:161} INFO - Started process (PID=20600) to work on /home/panda/Documents/ODAP/Project/venv310/lib/python3.10/site-packages/airflow/example_dags/example_display_name.py
[2025-06-24T00:35:46.560+0700] {processor.py:830} INFO - Processing file /home/panda/Documents/ODAP/Project/venv310/lib/python3.10/site-packages/airflow/example_dags/example_display_name.py for tasks to queue
[2025-06-24T00:35:46.561+0700] {logging_mixin.py:188} INFO - [2025-06-24T00:35:46.561+0700] {dagbag.py:540} INFO - Filling up the DagBag from /home/panda/Documents/ODAP/Project/venv310/lib/python3.10/site-packages/airflow/example_dags/example_display_name.py
[2025-06-24T00:35:46.568+0700] {processor.py:840} INFO - DAG(s) 'example_display_name' retrieved from /home/panda/Documents/ODAP/Project/venv310/lib/python3.10/site-packages/airflow/example_dags/example_display_name.py
[2025-06-24T00:35:46.587+0700] {logging_mixin.py:188} INFO - [2025-06-24T00:35:46.586+0700] {dag.py:3096} INFO - Sync 1 DAGs
[2025-06-24T00:35:46.598+0700] {logging_mixin.py:188} INFO - [2025-06-24T00:35:46.598+0700] {dag.py:3954} INFO - Setting next_dagrun for example_display_name to None, run_after=None
[2025-06-24T00:35:46.624+0700] {processor.py:183} INFO - Processing /home/panda/Documents/ODAP/Project/venv310/lib/python3.10/site-packages/airflow/example_dags/example_display_name.py took 0.077 seconds
[2025-06-24T00:36:55.988+0700] {processor.py:161} INFO - Started process (PID=21088) to work on /home/panda/Documents/ODAP/Project/venv310/lib/python3.10/site-packages/airflow/example_dags/example_display_name.py
[2025-06-24T00:36:55.993+0700] {processor.py:830} INFO - Processing file /home/panda/Documents/ODAP/Project/venv310/lib/python3.10/site-packages/airflow/example_dags/example_display_name.py for tasks to queue
[2025-06-24T00:36:55.994+0700] {logging_mixin.py:188} INFO - [2025-06-24T00:36:55.993+0700] {dagbag.py:540} INFO - Filling up the DagBag from /home/panda/Documents/ODAP/Project/venv310/lib/python3.10/site-packages/airflow/example_dags/example_display_name.py
[2025-06-24T00:36:56.001+0700] {processor.py:840} INFO - DAG(s) 'example_display_name' retrieved from /home/panda/Documents/ODAP/Project/venv310/lib/python3.10/site-packages/airflow/example_dags/example_display_name.py
[2025-06-24T00:36:56.019+0700] {logging_mixin.py:188} INFO - [2025-06-24T00:36:56.018+0700] {dag.py:3096} INFO - Sync 1 DAGs
[2025-06-24T00:36:56.031+0700] {logging_mixin.py:188} INFO - [2025-06-24T00:36:56.030+0700] {dag.py:3954} INFO - Setting next_dagrun for example_display_name to None, run_after=None
[2025-06-24T00:36:56.056+0700] {processor.py:183} INFO - Processing /home/panda/Documents/ODAP/Project/venv310/lib/python3.10/site-packages/airflow/example_dags/example_display_name.py took 0.076 seconds
[2025-06-24T00:52:58.275+0700] {processor.py:161} INFO - Started process (PID=25182) to work on /home/panda/Documents/ODAP/Project/venv310/lib/python3.10/site-packages/airflow/example_dags/example_display_name.py
[2025-06-24T00:52:58.280+0700] {processor.py:830} INFO - Processing file /home/panda/Documents/ODAP/Project/venv310/lib/python3.10/site-packages/airflow/example_dags/example_display_name.py for tasks to queue
[2025-06-24T00:52:58.281+0700] {logging_mixin.py:188} INFO - [2025-06-24T00:52:58.281+0700] {dagbag.py:540} INFO - Filling up the DagBag from /home/panda/Documents/ODAP/Project/venv310/lib/python3.10/site-packages/airflow/example_dags/example_display_name.py
[2025-06-24T00:52:58.288+0700] {processor.py:840} INFO - DAG(s) 'example_display_name' retrieved from /home/panda/Documents/ODAP/Project/venv310/lib/python3.10/site-packages/airflow/example_dags/example_display_name.py
[2025-06-24T00:52:58.311+0700] {logging_mixin.py:188} INFO - [2025-06-24T00:52:58.310+0700] {dag.py:3096} INFO - Sync 1 DAGs
[2025-06-24T00:52:58.326+0700] {logging_mixin.py:188} INFO - [2025-06-24T00:52:58.325+0700] {dag.py:3954} INFO - Setting next_dagrun for example_display_name to None, run_after=None
[2025-06-24T00:52:58.377+0700] {processor.py:183} INFO - Processing /home/panda/Documents/ODAP/Project/venv310/lib/python3.10/site-packages/airflow/example_dags/example_display_name.py took 0.110 seconds
[2025-06-24T00:53:51.690+0700] {processor.py:161} INFO - Started process (PID=25397) to work on /home/panda/Documents/ODAP/Project/venv310/lib/python3.10/site-packages/airflow/example_dags/example_display_name.py
[2025-06-24T00:53:51.692+0700] {processor.py:830} INFO - Processing file /home/panda/Documents/ODAP/Project/venv310/lib/python3.10/site-packages/airflow/example_dags/example_display_name.py for tasks to queue
[2025-06-24T00:53:51.693+0700] {logging_mixin.py:188} INFO - [2025-06-24T00:53:51.692+0700] {dagbag.py:540} INFO - Filling up the DagBag from /home/panda/Documents/ODAP/Project/venv310/lib/python3.10/site-packages/airflow/example_dags/example_display_name.py
[2025-06-24T00:53:51.701+0700] {processor.py:840} INFO - DAG(s) 'example_display_name' retrieved from /home/panda/Documents/ODAP/Project/venv310/lib/python3.10/site-packages/airflow/example_dags/example_display_name.py
[2025-06-24T00:53:51.725+0700] {logging_mixin.py:188} INFO - [2025-06-24T00:53:51.724+0700] {dag.py:3096} INFO - Sync 1 DAGs
[2025-06-24T00:53:51.740+0700] {logging_mixin.py:188} INFO - [2025-06-24T00:53:51.739+0700] {dag.py:3954} INFO - Setting next_dagrun for example_display_name to None, run_after=None
[2025-06-24T00:53:51.784+0700] {processor.py:183} INFO - Processing /home/panda/Documents/ODAP/Project/venv310/lib/python3.10/site-packages/airflow/example_dags/example_display_name.py took 0.102 seconds
[2025-06-24T00:54:44.567+0700] {processor.py:161} INFO - Started process (PID=25677) to work on /home/panda/Documents/ODAP/Project/venv310/lib/python3.10/site-packages/airflow/example_dags/example_display_name.py
[2025-06-24T00:54:44.572+0700] {processor.py:830} INFO - Processing file /home/panda/Documents/ODAP/Project/venv310/lib/python3.10/site-packages/airflow/example_dags/example_display_name.py for tasks to queue
[2025-06-24T00:54:44.574+0700] {logging_mixin.py:188} INFO - [2025-06-24T00:54:44.573+0700] {dagbag.py:540} INFO - Filling up the DagBag from /home/panda/Documents/ODAP/Project/venv310/lib/python3.10/site-packages/airflow/example_dags/example_display_name.py
[2025-06-24T00:54:44.582+0700] {processor.py:840} INFO - DAG(s) 'example_display_name' retrieved from /home/panda/Documents/ODAP/Project/venv310/lib/python3.10/site-packages/airflow/example_dags/example_display_name.py
[2025-06-24T00:54:44.601+0700] {logging_mixin.py:188} INFO - [2025-06-24T00:54:44.600+0700] {dag.py:3096} INFO - Sync 1 DAGs
[2025-06-24T00:54:44.613+0700] {logging_mixin.py:188} INFO - [2025-06-24T00:54:44.612+0700] {dag.py:3954} INFO - Setting next_dagrun for example_display_name to None, run_after=None
[2025-06-24T00:54:44.637+0700] {processor.py:183} INFO - Processing /home/panda/Documents/ODAP/Project/venv310/lib/python3.10/site-packages/airflow/example_dags/example_display_name.py took 0.077 seconds
[2025-06-24T01:03:33.164+0700] {processor.py:161} INFO - Started process (PID=28626) to work on /home/panda/Documents/ODAP/Project/venv310/lib/python3.10/site-packages/airflow/example_dags/example_display_name.py
[2025-06-24T01:03:33.169+0700] {processor.py:830} INFO - Processing file /home/panda/Documents/ODAP/Project/venv310/lib/python3.10/site-packages/airflow/example_dags/example_display_name.py for tasks to queue
[2025-06-24T01:03:33.170+0700] {logging_mixin.py:188} INFO - [2025-06-24T01:03:33.169+0700] {dagbag.py:540} INFO - Filling up the DagBag from /home/panda/Documents/ODAP/Project/venv310/lib/python3.10/site-packages/airflow/example_dags/example_display_name.py
[2025-06-24T01:03:33.178+0700] {processor.py:840} INFO - DAG(s) 'example_display_name' retrieved from /home/panda/Documents/ODAP/Project/venv310/lib/python3.10/site-packages/airflow/example_dags/example_display_name.py
[2025-06-24T01:03:33.197+0700] {logging_mixin.py:188} INFO - [2025-06-24T01:03:33.197+0700] {dag.py:3096} INFO - Sync 1 DAGs
[2025-06-24T01:03:33.210+0700] {logging_mixin.py:188} INFO - [2025-06-24T01:03:33.210+0700] {dag.py:3954} INFO - Setting next_dagrun for example_display_name to None, run_after=None
[2025-06-24T01:03:33.240+0700] {processor.py:183} INFO - Processing /home/panda/Documents/ODAP/Project/venv310/lib/python3.10/site-packages/airflow/example_dags/example_display_name.py took 0.085 seconds
[2025-06-24T01:04:26.283+0700] {processor.py:161} INFO - Started process (PID=28868) to work on /home/panda/Documents/ODAP/Project/venv310/lib/python3.10/site-packages/airflow/example_dags/example_display_name.py
[2025-06-24T01:04:26.286+0700] {processor.py:830} INFO - Processing file /home/panda/Documents/ODAP/Project/venv310/lib/python3.10/site-packages/airflow/example_dags/example_display_name.py for tasks to queue
[2025-06-24T01:04:26.288+0700] {logging_mixin.py:188} INFO - [2025-06-24T01:04:26.287+0700] {dagbag.py:540} INFO - Filling up the DagBag from /home/panda/Documents/ODAP/Project/venv310/lib/python3.10/site-packages/airflow/example_dags/example_display_name.py
[2025-06-24T01:04:26.295+0700] {processor.py:840} INFO - DAG(s) 'example_display_name' retrieved from /home/panda/Documents/ODAP/Project/venv310/lib/python3.10/site-packages/airflow/example_dags/example_display_name.py
[2025-06-24T01:04:26.314+0700] {logging_mixin.py:188} INFO - [2025-06-24T01:04:26.314+0700] {dag.py:3096} INFO - Sync 1 DAGs
[2025-06-24T01:04:26.327+0700] {logging_mixin.py:188} INFO - [2025-06-24T01:04:26.327+0700] {dag.py:3954} INFO - Setting next_dagrun for example_display_name to None, run_after=None
[2025-06-24T01:04:26.359+0700] {processor.py:183} INFO - Processing /home/panda/Documents/ODAP/Project/venv310/lib/python3.10/site-packages/airflow/example_dags/example_display_name.py took 0.083 seconds
