[2025-06-24T00:02:13.384+0700] {processor.py:161} INFO - Started process (PID=5510) to work on /home/panda/Documents/ODAP/Project/venv310/lib/python3.10/site-packages/airflow/example_dags/example_short_circuit_decorator.py
[2025-06-24T00:02:13.385+0700] {processor.py:830} INFO - Processing file /home/panda/Documents/ODAP/Project/venv310/lib/python3.10/site-packages/airflow/example_dags/example_short_circuit_decorator.py for tasks to queue
[2025-06-24T00:02:13.387+0700] {logging_mixin.py:188} INFO - [2025-06-24T00:02:13.387+0700] {dagbag.py:540} INFO - Filling up the DagBag from /home/panda/Documents/ODAP/Project/venv310/lib/python3.10/site-packages/airflow/example_dags/example_short_circuit_decorator.py
[2025-06-24T00:02:13.400+0700] {processor.py:840} INFO - DAG(s) 'example_short_circuit_decorator' retrieved from /home/panda/Documents/ODAP/Project/venv310/lib/python3.10/site-packages/airflow/example_dags/example_short_circuit_decorator.py
[2025-06-24T00:02:13.428+0700] {logging_mixin.py:188} INFO - [2025-06-24T00:02:13.428+0700] {dag.py:3096} INFO - Sync 1 DAGs
[2025-06-24T00:02:13.446+0700] {logging_mixin.py:188} INFO - [2025-06-24T00:02:13.446+0700] {dag.py:3954} INFO - Setting next_dagrun for example_short_circuit_decorator to 2025-06-22 00:00:00+00:00, run_after=2025-06-23 00:00:00+00:00
[2025-06-24T00:02:13.473+0700] {processor.py:183} INFO - Processing /home/panda/Documents/ODAP/Project/venv310/lib/python3.10/site-packages/airflow/example_dags/example_short_circuit_decorator.py took 0.097 seconds
[2025-06-24T00:03:07.653+0700] {processor.py:161} INFO - Started process (PID=6224) to work on /home/panda/Documents/ODAP/Project/venv310/lib/python3.10/site-packages/airflow/example_dags/example_short_circuit_decorator.py
[2025-06-24T00:03:07.658+0700] {processor.py:830} INFO - Processing file /home/panda/Documents/ODAP/Project/venv310/lib/python3.10/site-packages/airflow/example_dags/example_short_circuit_decorator.py for tasks to queue
[2025-06-24T00:03:07.660+0700] {logging_mixin.py:188} INFO - [2025-06-24T00:03:07.659+0700] {dagbag.py:540} INFO - Filling up the DagBag from /home/panda/Documents/ODAP/Project/venv310/lib/python3.10/site-packages/airflow/example_dags/example_short_circuit_decorator.py
[2025-06-24T00:03:07.670+0700] {processor.py:840} INFO - DAG(s) 'example_short_circuit_decorator' retrieved from /home/panda/Documents/ODAP/Project/venv310/lib/python3.10/site-packages/airflow/example_dags/example_short_circuit_decorator.py
[2025-06-24T00:03:07.691+0700] {logging_mixin.py:188} INFO - [2025-06-24T00:03:07.691+0700] {dag.py:3096} INFO - Sync 1 DAGs
[2025-06-24T00:03:07.710+0700] {logging_mixin.py:188} INFO - [2025-06-24T00:03:07.710+0700] {dag.py:3954} INFO - Setting next_dagrun for example_short_circuit_decorator to 2025-06-22 00:00:00+00:00, run_after=2025-06-23 00:00:00+00:00
[2025-06-24T00:03:07.742+0700] {processor.py:183} INFO - Processing /home/panda/Documents/ODAP/Project/venv310/lib/python3.10/site-packages/airflow/example_dags/example_short_circuit_decorator.py took 0.096 seconds
[2025-06-24T00:04:02.979+0700] {processor.py:161} INFO - Started process (PID=6765) to work on /home/panda/Documents/ODAP/Project/venv310/lib/python3.10/site-packages/airflow/example_dags/example_short_circuit_decorator.py
[2025-06-24T00:04:02.984+0700] {processor.py:830} INFO - Processing file /home/panda/Documents/ODAP/Project/venv310/lib/python3.10/site-packages/airflow/example_dags/example_short_circuit_decorator.py for tasks to queue
[2025-06-24T00:04:02.986+0700] {logging_mixin.py:188} INFO - [2025-06-24T00:04:02.986+0700] {dagbag.py:540} INFO - Filling up the DagBag from /home/panda/Documents/ODAP/Project/venv310/lib/python3.10/site-packages/airflow/example_dags/example_short_circuit_decorator.py
[2025-06-24T00:04:02.999+0700] {processor.py:840} INFO - DAG(s) 'example_short_circuit_decorator' retrieved from /home/panda/Documents/ODAP/Project/venv310/lib/python3.10/site-packages/airflow/example_dags/example_short_circuit_decorator.py
[2025-06-24T00:04:03.174+0700] {logging_mixin.py:188} INFO - [2025-06-24T00:04:03.174+0700] {dag.py:3096} INFO - Sync 1 DAGs
[2025-06-24T00:04:03.198+0700] {logging_mixin.py:188} INFO - [2025-06-24T00:04:03.198+0700] {dag.py:3954} INFO - Setting next_dagrun for example_short_circuit_decorator to 2025-06-22 00:00:00+00:00, run_after=2025-06-23 00:00:00+00:00
[2025-06-24T00:04:03.229+0700] {processor.py:183} INFO - Processing /home/panda/Documents/ODAP/Project/venv310/lib/python3.10/site-packages/airflow/example_dags/example_short_circuit_decorator.py took 0.258 seconds
[2025-06-24T00:04:52.954+0700] {processor.py:161} INFO - Started process (PID=6895) to work on /home/panda/Documents/ODAP/Project/venv310/lib/python3.10/site-packages/airflow/example_dags/example_short_circuit_decorator.py
[2025-06-24T00:04:52.959+0700] {processor.py:830} INFO - Processing file /home/panda/Documents/ODAP/Project/venv310/lib/python3.10/site-packages/airflow/example_dags/example_short_circuit_decorator.py for tasks to queue
[2025-06-24T00:04:52.961+0700] {logging_mixin.py:188} INFO - [2025-06-24T00:04:52.960+0700] {dagbag.py:540} INFO - Filling up the DagBag from /home/panda/Documents/ODAP/Project/venv310/lib/python3.10/site-packages/airflow/example_dags/example_short_circuit_decorator.py
[2025-06-24T00:04:52.972+0700] {processor.py:840} INFO - DAG(s) 'example_short_circuit_decorator' retrieved from /home/panda/Documents/ODAP/Project/venv310/lib/python3.10/site-packages/airflow/example_dags/example_short_circuit_decorator.py
[2025-06-24T00:04:52.993+0700] {logging_mixin.py:188} INFO - [2025-06-24T00:04:52.993+0700] {dag.py:3096} INFO - Sync 1 DAGs
[2025-06-24T00:04:53.018+0700] {logging_mixin.py:188} INFO - [2025-06-24T00:04:53.017+0700] {dag.py:3954} INFO - Setting next_dagrun for example_short_circuit_decorator to 2025-06-22 00:00:00+00:00, run_after=2025-06-23 00:00:00+00:00
[2025-06-24T00:04:53.045+0700] {processor.py:183} INFO - Processing /home/panda/Documents/ODAP/Project/venv310/lib/python3.10/site-packages/airflow/example_dags/example_short_circuit_decorator.py took 0.098 seconds
[2025-06-24T00:07:20.477+0700] {processor.py:161} INFO - Started process (PID=8119) to work on /home/panda/Documents/ODAP/Project/venv310/lib/python3.10/site-packages/airflow/example_dags/example_short_circuit_decorator.py
[2025-06-24T00:07:20.482+0700] {processor.py:830} INFO - Processing file /home/panda/Documents/ODAP/Project/venv310/lib/python3.10/site-packages/airflow/example_dags/example_short_circuit_decorator.py for tasks to queue
[2025-06-24T00:07:20.483+0700] {logging_mixin.py:188} INFO - [2025-06-24T00:07:20.483+0700] {dagbag.py:540} INFO - Filling up the DagBag from /home/panda/Documents/ODAP/Project/venv310/lib/python3.10/site-packages/airflow/example_dags/example_short_circuit_decorator.py
[2025-06-24T00:07:20.496+0700] {processor.py:840} INFO - DAG(s) 'example_short_circuit_decorator' retrieved from /home/panda/Documents/ODAP/Project/venv310/lib/python3.10/site-packages/airflow/example_dags/example_short_circuit_decorator.py
[2025-06-24T00:07:20.520+0700] {logging_mixin.py:188} INFO - [2025-06-24T00:07:20.520+0700] {dag.py:3096} INFO - Sync 1 DAGs
[2025-06-24T00:07:20.539+0700] {logging_mixin.py:188} INFO - [2025-06-24T00:07:20.538+0700] {dag.py:3954} INFO - Setting next_dagrun for example_short_circuit_decorator to 2025-06-22 00:00:00+00:00, run_after=2025-06-23 00:00:00+00:00
[2025-06-24T00:07:20.562+0700] {processor.py:183} INFO - Processing /home/panda/Documents/ODAP/Project/venv310/lib/python3.10/site-packages/airflow/example_dags/example_short_circuit_decorator.py took 0.092 seconds
[2025-06-24T00:08:35.094+0700] {processor.py:161} INFO - Started process (PID=10661) to work on /home/panda/Documents/ODAP/Project/venv310/lib/python3.10/site-packages/airflow/example_dags/example_short_circuit_decorator.py
[2025-06-24T00:08:35.099+0700] {processor.py:830} INFO - Processing file /home/panda/Documents/ODAP/Project/venv310/lib/python3.10/site-packages/airflow/example_dags/example_short_circuit_decorator.py for tasks to queue
[2025-06-24T00:08:35.100+0700] {logging_mixin.py:188} INFO - [2025-06-24T00:08:35.100+0700] {dagbag.py:540} INFO - Filling up the DagBag from /home/panda/Documents/ODAP/Project/venv310/lib/python3.10/site-packages/airflow/example_dags/example_short_circuit_decorator.py
[2025-06-24T00:08:35.111+0700] {processor.py:840} INFO - DAG(s) 'example_short_circuit_decorator' retrieved from /home/panda/Documents/ODAP/Project/venv310/lib/python3.10/site-packages/airflow/example_dags/example_short_circuit_decorator.py
[2025-06-24T00:08:35.131+0700] {logging_mixin.py:188} INFO - [2025-06-24T00:08:35.131+0700] {dag.py:3096} INFO - Sync 1 DAGs
[2025-06-24T00:08:35.149+0700] {logging_mixin.py:188} INFO - [2025-06-24T00:08:35.149+0700] {dag.py:3954} INFO - Setting next_dagrun for example_short_circuit_decorator to 2025-06-22 00:00:00+00:00, run_after=2025-06-23 00:00:00+00:00
[2025-06-24T00:08:35.181+0700] {processor.py:183} INFO - Processing /home/panda/Documents/ODAP/Project/venv310/lib/python3.10/site-packages/airflow/example_dags/example_short_circuit_decorator.py took 0.094 seconds
[2025-06-24T00:09:36.060+0700] {processor.py:161} INFO - Started process (PID=10827) to work on /home/panda/Documents/ODAP/Project/venv310/lib/python3.10/site-packages/airflow/example_dags/example_short_circuit_decorator.py
[2025-06-24T00:09:36.065+0700] {processor.py:830} INFO - Processing file /home/panda/Documents/ODAP/Project/venv310/lib/python3.10/site-packages/airflow/example_dags/example_short_circuit_decorator.py for tasks to queue
[2025-06-24T00:09:36.067+0700] {logging_mixin.py:188} INFO - [2025-06-24T00:09:36.066+0700] {dagbag.py:540} INFO - Filling up the DagBag from /home/panda/Documents/ODAP/Project/venv310/lib/python3.10/site-packages/airflow/example_dags/example_short_circuit_decorator.py
[2025-06-24T00:09:36.078+0700] {processor.py:840} INFO - DAG(s) 'example_short_circuit_decorator' retrieved from /home/panda/Documents/ODAP/Project/venv310/lib/python3.10/site-packages/airflow/example_dags/example_short_circuit_decorator.py
[2025-06-24T00:09:36.100+0700] {logging_mixin.py:188} INFO - [2025-06-24T00:09:36.100+0700] {dag.py:3096} INFO - Sync 1 DAGs
[2025-06-24T00:09:36.118+0700] {logging_mixin.py:188} INFO - [2025-06-24T00:09:36.118+0700] {dag.py:3954} INFO - Setting next_dagrun for example_short_circuit_decorator to 2025-06-22 00:00:00+00:00, run_after=2025-06-23 00:00:00+00:00
[2025-06-24T00:09:36.141+0700] {processor.py:183} INFO - Processing /home/panda/Documents/ODAP/Project/venv310/lib/python3.10/site-packages/airflow/example_dags/example_short_circuit_decorator.py took 0.088 seconds
[2025-06-24T00:10:31.736+0700] {processor.py:161} INFO - Started process (PID=10983) to work on /home/panda/Documents/ODAP/Project/venv310/lib/python3.10/site-packages/airflow/example_dags/example_short_circuit_decorator.py
[2025-06-24T00:10:31.741+0700] {processor.py:830} INFO - Processing file /home/panda/Documents/ODAP/Project/venv310/lib/python3.10/site-packages/airflow/example_dags/example_short_circuit_decorator.py for tasks to queue
[2025-06-24T00:10:31.742+0700] {logging_mixin.py:188} INFO - [2025-06-24T00:10:31.741+0700] {dagbag.py:540} INFO - Filling up the DagBag from /home/panda/Documents/ODAP/Project/venv310/lib/python3.10/site-packages/airflow/example_dags/example_short_circuit_decorator.py
[2025-06-24T00:10:31.752+0700] {processor.py:840} INFO - DAG(s) 'example_short_circuit_decorator' retrieved from /home/panda/Documents/ODAP/Project/venv310/lib/python3.10/site-packages/airflow/example_dags/example_short_circuit_decorator.py
[2025-06-24T00:10:31.774+0700] {logging_mixin.py:188} INFO - [2025-06-24T00:10:31.774+0700] {dag.py:3096} INFO - Sync 1 DAGs
[2025-06-24T00:10:31.793+0700] {logging_mixin.py:188} INFO - [2025-06-24T00:10:31.793+0700] {dag.py:3954} INFO - Setting next_dagrun for example_short_circuit_decorator to 2025-06-22 00:00:00+00:00, run_after=2025-06-23 00:00:00+00:00
[2025-06-24T00:10:31.823+0700] {processor.py:183} INFO - Processing /home/panda/Documents/ODAP/Project/venv310/lib/python3.10/site-packages/airflow/example_dags/example_short_circuit_decorator.py took 0.095 seconds
[2025-06-24T00:11:44.366+0700] {processor.py:161} INFO - Started process (PID=12472) to work on /home/panda/Documents/ODAP/Project/venv310/lib/python3.10/site-packages/airflow/example_dags/example_short_circuit_decorator.py
[2025-06-24T00:11:44.371+0700] {processor.py:830} INFO - Processing file /home/panda/Documents/ODAP/Project/venv310/lib/python3.10/site-packages/airflow/example_dags/example_short_circuit_decorator.py for tasks to queue
[2025-06-24T00:11:44.372+0700] {logging_mixin.py:188} INFO - [2025-06-24T00:11:44.372+0700] {dagbag.py:540} INFO - Filling up the DagBag from /home/panda/Documents/ODAP/Project/venv310/lib/python3.10/site-packages/airflow/example_dags/example_short_circuit_decorator.py
[2025-06-24T00:11:44.384+0700] {processor.py:840} INFO - DAG(s) 'example_short_circuit_decorator' retrieved from /home/panda/Documents/ODAP/Project/venv310/lib/python3.10/site-packages/airflow/example_dags/example_short_circuit_decorator.py
[2025-06-24T00:11:44.407+0700] {logging_mixin.py:188} INFO - [2025-06-24T00:11:44.407+0700] {dag.py:3096} INFO - Sync 1 DAGs
[2025-06-24T00:11:44.427+0700] {logging_mixin.py:188} INFO - [2025-06-24T00:11:44.427+0700] {dag.py:3954} INFO - Setting next_dagrun for example_short_circuit_decorator to 2025-06-22 00:00:00+00:00, run_after=2025-06-23 00:00:00+00:00
[2025-06-24T00:11:44.453+0700] {processor.py:183} INFO - Processing /home/panda/Documents/ODAP/Project/venv310/lib/python3.10/site-packages/airflow/example_dags/example_short_circuit_decorator.py took 0.095 seconds
[2025-06-24T00:12:35.231+0700] {processor.py:161} INFO - Started process (PID=12678) to work on /home/panda/Documents/ODAP/Project/venv310/lib/python3.10/site-packages/airflow/example_dags/example_short_circuit_decorator.py
[2025-06-24T00:12:35.236+0700] {processor.py:830} INFO - Processing file /home/panda/Documents/ODAP/Project/venv310/lib/python3.10/site-packages/airflow/example_dags/example_short_circuit_decorator.py for tasks to queue
[2025-06-24T00:12:35.238+0700] {logging_mixin.py:188} INFO - [2025-06-24T00:12:35.237+0700] {dagbag.py:540} INFO - Filling up the DagBag from /home/panda/Documents/ODAP/Project/venv310/lib/python3.10/site-packages/airflow/example_dags/example_short_circuit_decorator.py
[2025-06-24T00:12:35.250+0700] {processor.py:840} INFO - DAG(s) 'example_short_circuit_decorator' retrieved from /home/panda/Documents/ODAP/Project/venv310/lib/python3.10/site-packages/airflow/example_dags/example_short_circuit_decorator.py
[2025-06-24T00:12:35.273+0700] {logging_mixin.py:188} INFO - [2025-06-24T00:12:35.272+0700] {dag.py:3096} INFO - Sync 1 DAGs
[2025-06-24T00:12:35.292+0700] {logging_mixin.py:188} INFO - [2025-06-24T00:12:35.292+0700] {dag.py:3954} INFO - Setting next_dagrun for example_short_circuit_decorator to 2025-06-22 00:00:00+00:00, run_after=2025-06-23 00:00:00+00:00
[2025-06-24T00:12:35.315+0700] {processor.py:183} INFO - Processing /home/panda/Documents/ODAP/Project/venv310/lib/python3.10/site-packages/airflow/example_dags/example_short_circuit_decorator.py took 0.093 seconds
[2025-06-24T00:13:20.034+0700] {processor.py:161} INFO - Started process (PID=12829) to work on /home/panda/Documents/ODAP/Project/venv310/lib/python3.10/site-packages/airflow/example_dags/example_short_circuit_decorator.py
[2025-06-24T00:13:20.039+0700] {processor.py:830} INFO - Processing file /home/panda/Documents/ODAP/Project/venv310/lib/python3.10/site-packages/airflow/example_dags/example_short_circuit_decorator.py for tasks to queue
[2025-06-24T00:13:20.040+0700] {logging_mixin.py:188} INFO - [2025-06-24T00:13:20.040+0700] {dagbag.py:540} INFO - Filling up the DagBag from /home/panda/Documents/ODAP/Project/venv310/lib/python3.10/site-packages/airflow/example_dags/example_short_circuit_decorator.py
[2025-06-24T00:13:20.052+0700] {processor.py:840} INFO - DAG(s) 'example_short_circuit_decorator' retrieved from /home/panda/Documents/ODAP/Project/venv310/lib/python3.10/site-packages/airflow/example_dags/example_short_circuit_decorator.py
[2025-06-24T00:13:20.073+0700] {logging_mixin.py:188} INFO - [2025-06-24T00:13:20.073+0700] {dag.py:3096} INFO - Sync 1 DAGs
[2025-06-24T00:13:20.092+0700] {logging_mixin.py:188} INFO - [2025-06-24T00:13:20.092+0700] {dag.py:3954} INFO - Setting next_dagrun for example_short_circuit_decorator to 2025-06-22 00:00:00+00:00, run_after=2025-06-23 00:00:00+00:00
[2025-06-24T00:13:20.119+0700] {processor.py:183} INFO - Processing /home/panda/Documents/ODAP/Project/venv310/lib/python3.10/site-packages/airflow/example_dags/example_short_circuit_decorator.py took 0.092 seconds
[2025-06-24T00:14:06.644+0700] {processor.py:161} INFO - Started process (PID=13071) to work on /home/panda/Documents/ODAP/Project/venv310/lib/python3.10/site-packages/airflow/example_dags/example_short_circuit_decorator.py
[2025-06-24T00:14:06.649+0700] {processor.py:830} INFO - Processing file /home/panda/Documents/ODAP/Project/venv310/lib/python3.10/site-packages/airflow/example_dags/example_short_circuit_decorator.py for tasks to queue
[2025-06-24T00:14:06.650+0700] {logging_mixin.py:188} INFO - [2025-06-24T00:14:06.650+0700] {dagbag.py:540} INFO - Filling up the DagBag from /home/panda/Documents/ODAP/Project/venv310/lib/python3.10/site-packages/airflow/example_dags/example_short_circuit_decorator.py
[2025-06-24T00:14:06.662+0700] {processor.py:840} INFO - DAG(s) 'example_short_circuit_decorator' retrieved from /home/panda/Documents/ODAP/Project/venv310/lib/python3.10/site-packages/airflow/example_dags/example_short_circuit_decorator.py
[2025-06-24T00:14:06.683+0700] {logging_mixin.py:188} INFO - [2025-06-24T00:14:06.682+0700] {dag.py:3096} INFO - Sync 1 DAGs
[2025-06-24T00:14:06.700+0700] {logging_mixin.py:188} INFO - [2025-06-24T00:14:06.700+0700] {dag.py:3954} INFO - Setting next_dagrun for example_short_circuit_decorator to 2025-06-22 00:00:00+00:00, run_after=2025-06-23 00:00:00+00:00
[2025-06-24T00:14:06.727+0700] {processor.py:183} INFO - Processing /home/panda/Documents/ODAP/Project/venv310/lib/python3.10/site-packages/airflow/example_dags/example_short_circuit_decorator.py took 0.091 seconds
[2025-06-24T00:14:51.275+0700] {processor.py:161} INFO - Started process (PID=13203) to work on /home/panda/Documents/ODAP/Project/venv310/lib/python3.10/site-packages/airflow/example_dags/example_short_circuit_decorator.py
[2025-06-24T00:14:51.280+0700] {processor.py:830} INFO - Processing file /home/panda/Documents/ODAP/Project/venv310/lib/python3.10/site-packages/airflow/example_dags/example_short_circuit_decorator.py for tasks to queue
[2025-06-24T00:14:51.281+0700] {logging_mixin.py:188} INFO - [2025-06-24T00:14:51.280+0700] {dagbag.py:540} INFO - Filling up the DagBag from /home/panda/Documents/ODAP/Project/venv310/lib/python3.10/site-packages/airflow/example_dags/example_short_circuit_decorator.py
[2025-06-24T00:14:51.292+0700] {processor.py:840} INFO - DAG(s) 'example_short_circuit_decorator' retrieved from /home/panda/Documents/ODAP/Project/venv310/lib/python3.10/site-packages/airflow/example_dags/example_short_circuit_decorator.py
[2025-06-24T00:14:51.316+0700] {logging_mixin.py:188} INFO - [2025-06-24T00:14:51.316+0700] {dag.py:3096} INFO - Sync 1 DAGs
[2025-06-24T00:14:51.336+0700] {logging_mixin.py:188} INFO - [2025-06-24T00:14:51.335+0700] {dag.py:3954} INFO - Setting next_dagrun for example_short_circuit_decorator to 2025-06-22 00:00:00+00:00, run_after=2025-06-23 00:00:00+00:00
[2025-06-24T00:14:51.359+0700] {processor.py:183} INFO - Processing /home/panda/Documents/ODAP/Project/venv310/lib/python3.10/site-packages/airflow/example_dags/example_short_circuit_decorator.py took 0.092 seconds
[2025-06-24T00:21:30.570+0700] {processor.py:161} INFO - Started process (PID=16592) to work on /home/panda/Documents/ODAP/Project/venv310/lib/python3.10/site-packages/airflow/example_dags/example_short_circuit_decorator.py
[2025-06-24T00:21:30.575+0700] {processor.py:830} INFO - Processing file /home/panda/Documents/ODAP/Project/venv310/lib/python3.10/site-packages/airflow/example_dags/example_short_circuit_decorator.py for tasks to queue
[2025-06-24T00:21:30.577+0700] {logging_mixin.py:188} INFO - [2025-06-24T00:21:30.576+0700] {dagbag.py:540} INFO - Filling up the DagBag from /home/panda/Documents/ODAP/Project/venv310/lib/python3.10/site-packages/airflow/example_dags/example_short_circuit_decorator.py
[2025-06-24T00:21:30.588+0700] {processor.py:840} INFO - DAG(s) 'example_short_circuit_decorator' retrieved from /home/panda/Documents/ODAP/Project/venv310/lib/python3.10/site-packages/airflow/example_dags/example_short_circuit_decorator.py
[2025-06-24T00:21:30.612+0700] {logging_mixin.py:188} INFO - [2025-06-24T00:21:30.612+0700] {dag.py:3096} INFO - Sync 1 DAGs
[2025-06-24T00:21:30.633+0700] {logging_mixin.py:188} INFO - [2025-06-24T00:21:30.633+0700] {dag.py:3954} INFO - Setting next_dagrun for example_short_circuit_decorator to 2025-06-22 00:00:00+00:00, run_after=2025-06-23 00:00:00+00:00
[2025-06-24T00:21:30.663+0700] {processor.py:183} INFO - Processing /home/panda/Documents/ODAP/Project/venv310/lib/python3.10/site-packages/airflow/example_dags/example_short_circuit_decorator.py took 0.100 seconds
[2025-06-24T00:22:22.803+0700] {processor.py:161} INFO - Started process (PID=16786) to work on /home/panda/Documents/ODAP/Project/venv310/lib/python3.10/site-packages/airflow/example_dags/example_short_circuit_decorator.py
[2025-06-24T00:22:22.808+0700] {processor.py:830} INFO - Processing file /home/panda/Documents/ODAP/Project/venv310/lib/python3.10/site-packages/airflow/example_dags/example_short_circuit_decorator.py for tasks to queue
[2025-06-24T00:22:22.809+0700] {logging_mixin.py:188} INFO - [2025-06-24T00:22:22.809+0700] {dagbag.py:540} INFO - Filling up the DagBag from /home/panda/Documents/ODAP/Project/venv310/lib/python3.10/site-packages/airflow/example_dags/example_short_circuit_decorator.py
[2025-06-24T00:22:22.820+0700] {processor.py:840} INFO - DAG(s) 'example_short_circuit_decorator' retrieved from /home/panda/Documents/ODAP/Project/venv310/lib/python3.10/site-packages/airflow/example_dags/example_short_circuit_decorator.py
[2025-06-24T00:22:22.842+0700] {logging_mixin.py:188} INFO - [2025-06-24T00:22:22.842+0700] {dag.py:3096} INFO - Sync 1 DAGs
[2025-06-24T00:22:22.862+0700] {logging_mixin.py:188} INFO - [2025-06-24T00:22:22.862+0700] {dag.py:3954} INFO - Setting next_dagrun for example_short_circuit_decorator to 2025-06-22 00:00:00+00:00, run_after=2025-06-23 00:00:00+00:00
[2025-06-24T00:22:22.889+0700] {processor.py:183} INFO - Processing /home/panda/Documents/ODAP/Project/venv310/lib/python3.10/site-packages/airflow/example_dags/example_short_circuit_decorator.py took 0.093 seconds
[2025-06-24T00:23:23.597+0700] {processor.py:161} INFO - Started process (PID=18255) to work on /home/panda/Documents/ODAP/Project/venv310/lib/python3.10/site-packages/airflow/example_dags/example_short_circuit_decorator.py
[2025-06-24T00:23:23.602+0700] {processor.py:830} INFO - Processing file /home/panda/Documents/ODAP/Project/venv310/lib/python3.10/site-packages/airflow/example_dags/example_short_circuit_decorator.py for tasks to queue
[2025-06-24T00:23:23.603+0700] {logging_mixin.py:188} INFO - [2025-06-24T00:23:23.603+0700] {dagbag.py:540} INFO - Filling up the DagBag from /home/panda/Documents/ODAP/Project/venv310/lib/python3.10/site-packages/airflow/example_dags/example_short_circuit_decorator.py
[2025-06-24T00:23:23.615+0700] {processor.py:840} INFO - DAG(s) 'example_short_circuit_decorator' retrieved from /home/panda/Documents/ODAP/Project/venv310/lib/python3.10/site-packages/airflow/example_dags/example_short_circuit_decorator.py
[2025-06-24T00:23:23.638+0700] {logging_mixin.py:188} INFO - [2025-06-24T00:23:23.637+0700] {dag.py:3096} INFO - Sync 1 DAGs
[2025-06-24T00:23:23.657+0700] {logging_mixin.py:188} INFO - [2025-06-24T00:23:23.657+0700] {dag.py:3954} INFO - Setting next_dagrun for example_short_circuit_decorator to 2025-06-22 00:00:00+00:00, run_after=2025-06-23 00:00:00+00:00
[2025-06-24T00:23:23.687+0700] {processor.py:183} INFO - Processing /home/panda/Documents/ODAP/Project/venv310/lib/python3.10/site-packages/airflow/example_dags/example_short_circuit_decorator.py took 0.099 seconds
[2025-06-24T00:33:42.387+0700] {processor.py:161} INFO - Started process (PID=20246) to work on /home/panda/Documents/ODAP/Project/venv310/lib/python3.10/site-packages/airflow/example_dags/example_short_circuit_decorator.py
[2025-06-24T00:33:42.392+0700] {processor.py:830} INFO - Processing file /home/panda/Documents/ODAP/Project/venv310/lib/python3.10/site-packages/airflow/example_dags/example_short_circuit_decorator.py for tasks to queue
[2025-06-24T00:33:42.393+0700] {logging_mixin.py:188} INFO - [2025-06-24T00:33:42.392+0700] {dagbag.py:540} INFO - Filling up the DagBag from /home/panda/Documents/ODAP/Project/venv310/lib/python3.10/site-packages/airflow/example_dags/example_short_circuit_decorator.py
[2025-06-24T00:33:42.404+0700] {processor.py:840} INFO - DAG(s) 'example_short_circuit_decorator' retrieved from /home/panda/Documents/ODAP/Project/venv310/lib/python3.10/site-packages/airflow/example_dags/example_short_circuit_decorator.py
[2025-06-24T00:33:42.428+0700] {logging_mixin.py:188} INFO - [2025-06-24T00:33:42.428+0700] {dag.py:3096} INFO - Sync 1 DAGs
[2025-06-24T00:33:42.448+0700] {logging_mixin.py:188} INFO - [2025-06-24T00:33:42.448+0700] {dag.py:3954} INFO - Setting next_dagrun for example_short_circuit_decorator to 2025-06-22 00:00:00+00:00, run_after=2025-06-23 00:00:00+00:00
[2025-06-24T00:33:42.469+0700] {processor.py:183} INFO - Processing /home/panda/Documents/ODAP/Project/venv310/lib/python3.10/site-packages/airflow/example_dags/example_short_circuit_decorator.py took 0.089 seconds
[2025-06-24T00:34:36.398+0700] {processor.py:161} INFO - Started process (PID=20409) to work on /home/panda/Documents/ODAP/Project/venv310/lib/python3.10/site-packages/airflow/example_dags/example_short_circuit_decorator.py
[2025-06-24T00:34:36.403+0700] {processor.py:830} INFO - Processing file /home/panda/Documents/ODAP/Project/venv310/lib/python3.10/site-packages/airflow/example_dags/example_short_circuit_decorator.py for tasks to queue
[2025-06-24T00:34:36.405+0700] {logging_mixin.py:188} INFO - [2025-06-24T00:34:36.404+0700] {dagbag.py:540} INFO - Filling up the DagBag from /home/panda/Documents/ODAP/Project/venv310/lib/python3.10/site-packages/airflow/example_dags/example_short_circuit_decorator.py
[2025-06-24T00:34:36.417+0700] {processor.py:840} INFO - DAG(s) 'example_short_circuit_decorator' retrieved from /home/panda/Documents/ODAP/Project/venv310/lib/python3.10/site-packages/airflow/example_dags/example_short_circuit_decorator.py
[2025-06-24T00:34:36.439+0700] {logging_mixin.py:188} INFO - [2025-06-24T00:34:36.439+0700] {dag.py:3096} INFO - Sync 1 DAGs
[2025-06-24T00:34:36.460+0700] {logging_mixin.py:188} INFO - [2025-06-24T00:34:36.460+0700] {dag.py:3954} INFO - Setting next_dagrun for example_short_circuit_decorator to 2025-06-22 00:00:00+00:00, run_after=2025-06-23 00:00:00+00:00
[2025-06-24T00:34:36.487+0700] {processor.py:183} INFO - Processing /home/panda/Documents/ODAP/Project/venv310/lib/python3.10/site-packages/airflow/example_dags/example_short_circuit_decorator.py took 0.097 seconds
[2025-06-24T00:35:29.765+0700] {processor.py:161} INFO - Started process (PID=20561) to work on /home/panda/Documents/ODAP/Project/venv310/lib/python3.10/site-packages/airflow/example_dags/example_short_circuit_decorator.py
[2025-06-24T00:35:29.770+0700] {processor.py:830} INFO - Processing file /home/panda/Documents/ODAP/Project/venv310/lib/python3.10/site-packages/airflow/example_dags/example_short_circuit_decorator.py for tasks to queue
[2025-06-24T00:35:29.771+0700] {logging_mixin.py:188} INFO - [2025-06-24T00:35:29.771+0700] {dagbag.py:540} INFO - Filling up the DagBag from /home/panda/Documents/ODAP/Project/venv310/lib/python3.10/site-packages/airflow/example_dags/example_short_circuit_decorator.py
[2025-06-24T00:35:29.783+0700] {processor.py:840} INFO - DAG(s) 'example_short_circuit_decorator' retrieved from /home/panda/Documents/ODAP/Project/venv310/lib/python3.10/site-packages/airflow/example_dags/example_short_circuit_decorator.py
[2025-06-24T00:35:29.804+0700] {logging_mixin.py:188} INFO - [2025-06-24T00:35:29.804+0700] {dag.py:3096} INFO - Sync 1 DAGs
[2025-06-24T00:35:29.825+0700] {logging_mixin.py:188} INFO - [2025-06-24T00:35:29.824+0700] {dag.py:3954} INFO - Setting next_dagrun for example_short_circuit_decorator to 2025-06-22 00:00:00+00:00, run_after=2025-06-23 00:00:00+00:00
[2025-06-24T00:35:29.853+0700] {processor.py:183} INFO - Processing /home/panda/Documents/ODAP/Project/venv310/lib/python3.10/site-packages/airflow/example_dags/example_short_circuit_decorator.py took 0.095 seconds
[2025-06-24T00:36:16.312+0700] {processor.py:161} INFO - Started process (PID=20864) to work on /home/panda/Documents/ODAP/Project/venv310/lib/python3.10/site-packages/airflow/example_dags/example_short_circuit_decorator.py
[2025-06-24T00:36:16.317+0700] {processor.py:830} INFO - Processing file /home/panda/Documents/ODAP/Project/venv310/lib/python3.10/site-packages/airflow/example_dags/example_short_circuit_decorator.py for tasks to queue
[2025-06-24T00:36:16.318+0700] {logging_mixin.py:188} INFO - [2025-06-24T00:36:16.317+0700] {dagbag.py:540} INFO - Filling up the DagBag from /home/panda/Documents/ODAP/Project/venv310/lib/python3.10/site-packages/airflow/example_dags/example_short_circuit_decorator.py
[2025-06-24T00:36:16.333+0700] {processor.py:840} INFO - DAG(s) 'example_short_circuit_decorator' retrieved from /home/panda/Documents/ODAP/Project/venv310/lib/python3.10/site-packages/airflow/example_dags/example_short_circuit_decorator.py
[2025-06-24T00:36:16.356+0700] {logging_mixin.py:188} INFO - [2025-06-24T00:36:16.355+0700] {dag.py:3096} INFO - Sync 1 DAGs
[2025-06-24T00:36:16.374+0700] {logging_mixin.py:188} INFO - [2025-06-24T00:36:16.374+0700] {dag.py:3954} INFO - Setting next_dagrun for example_short_circuit_decorator to 2025-06-22 00:00:00+00:00, run_after=2025-06-23 00:00:00+00:00
[2025-06-24T00:36:16.398+0700] {processor.py:183} INFO - Processing /home/panda/Documents/ODAP/Project/venv310/lib/python3.10/site-packages/airflow/example_dags/example_short_circuit_decorator.py took 0.094 seconds
[2025-06-24T00:37:05.002+0700] {processor.py:161} INFO - Started process (PID=21158) to work on /home/panda/Documents/ODAP/Project/venv310/lib/python3.10/site-packages/airflow/example_dags/example_short_circuit_decorator.py
[2025-06-24T00:37:05.007+0700] {processor.py:830} INFO - Processing file /home/panda/Documents/ODAP/Project/venv310/lib/python3.10/site-packages/airflow/example_dags/example_short_circuit_decorator.py for tasks to queue
[2025-06-24T00:37:05.008+0700] {logging_mixin.py:188} INFO - [2025-06-24T00:37:05.008+0700] {dagbag.py:540} INFO - Filling up the DagBag from /home/panda/Documents/ODAP/Project/venv310/lib/python3.10/site-packages/airflow/example_dags/example_short_circuit_decorator.py
[2025-06-24T00:37:05.020+0700] {processor.py:840} INFO - DAG(s) 'example_short_circuit_decorator' retrieved from /home/panda/Documents/ODAP/Project/venv310/lib/python3.10/site-packages/airflow/example_dags/example_short_circuit_decorator.py
[2025-06-24T00:37:05.042+0700] {logging_mixin.py:188} INFO - [2025-06-24T00:37:05.042+0700] {dag.py:3096} INFO - Sync 1 DAGs
[2025-06-24T00:37:05.061+0700] {logging_mixin.py:188} INFO - [2025-06-24T00:37:05.060+0700] {dag.py:3954} INFO - Setting next_dagrun for example_short_circuit_decorator to 2025-06-22 00:00:00+00:00, run_after=2025-06-23 00:00:00+00:00
[2025-06-24T00:37:05.096+0700] {processor.py:183} INFO - Processing /home/panda/Documents/ODAP/Project/venv310/lib/python3.10/site-packages/airflow/example_dags/example_short_circuit_decorator.py took 0.102 seconds
[2025-06-24T00:52:40.606+0700] {processor.py:161} INFO - Started process (PID=25136) to work on /home/panda/Documents/ODAP/Project/venv310/lib/python3.10/site-packages/airflow/example_dags/example_short_circuit_decorator.py
[2025-06-24T00:52:40.611+0700] {processor.py:830} INFO - Processing file /home/panda/Documents/ODAP/Project/venv310/lib/python3.10/site-packages/airflow/example_dags/example_short_circuit_decorator.py for tasks to queue
[2025-06-24T00:52:40.612+0700] {logging_mixin.py:188} INFO - [2025-06-24T00:52:40.612+0700] {dagbag.py:540} INFO - Filling up the DagBag from /home/panda/Documents/ODAP/Project/venv310/lib/python3.10/site-packages/airflow/example_dags/example_short_circuit_decorator.py
[2025-06-24T00:52:40.624+0700] {processor.py:840} INFO - DAG(s) 'example_short_circuit_decorator' retrieved from /home/panda/Documents/ODAP/Project/venv310/lib/python3.10/site-packages/airflow/example_dags/example_short_circuit_decorator.py
[2025-06-24T00:52:40.652+0700] {logging_mixin.py:188} INFO - [2025-06-24T00:52:40.651+0700] {dag.py:3096} INFO - Sync 1 DAGs
[2025-06-24T00:52:40.674+0700] {logging_mixin.py:188} INFO - [2025-06-24T00:52:40.674+0700] {dag.py:3954} INFO - Setting next_dagrun for example_short_circuit_decorator to 2025-06-22 00:00:00+00:00, run_after=2025-06-23 00:00:00+00:00
[2025-06-24T00:52:40.700+0700] {processor.py:183} INFO - Processing /home/panda/Documents/ODAP/Project/venv310/lib/python3.10/site-packages/airflow/example_dags/example_short_circuit_decorator.py took 0.102 seconds
[2025-06-24T00:53:34.299+0700] {processor.py:161} INFO - Started process (PID=25311) to work on /home/panda/Documents/ODAP/Project/venv310/lib/python3.10/site-packages/airflow/example_dags/example_short_circuit_decorator.py
[2025-06-24T00:53:34.304+0700] {processor.py:830} INFO - Processing file /home/panda/Documents/ODAP/Project/venv310/lib/python3.10/site-packages/airflow/example_dags/example_short_circuit_decorator.py for tasks to queue
[2025-06-24T00:53:34.305+0700] {logging_mixin.py:188} INFO - [2025-06-24T00:53:34.304+0700] {dagbag.py:540} INFO - Filling up the DagBag from /home/panda/Documents/ODAP/Project/venv310/lib/python3.10/site-packages/airflow/example_dags/example_short_circuit_decorator.py
[2025-06-24T00:53:34.317+0700] {processor.py:840} INFO - DAG(s) 'example_short_circuit_decorator' retrieved from /home/panda/Documents/ODAP/Project/venv310/lib/python3.10/site-packages/airflow/example_dags/example_short_circuit_decorator.py
[2025-06-24T00:53:34.342+0700] {logging_mixin.py:188} INFO - [2025-06-24T00:53:34.341+0700] {dag.py:3096} INFO - Sync 1 DAGs
[2025-06-24T00:53:34.361+0700] {logging_mixin.py:188} INFO - [2025-06-24T00:53:34.361+0700] {dag.py:3954} INFO - Setting next_dagrun for example_short_circuit_decorator to 2025-06-22 00:00:00+00:00, run_after=2025-06-23 00:00:00+00:00
[2025-06-24T00:53:34.391+0700] {processor.py:183} INFO - Processing /home/panda/Documents/ODAP/Project/venv310/lib/python3.10/site-packages/airflow/example_dags/example_short_circuit_decorator.py took 0.100 seconds
[2025-06-24T00:54:27.818+0700] {processor.py:161} INFO - Started process (PID=25611) to work on /home/panda/Documents/ODAP/Project/venv310/lib/python3.10/site-packages/airflow/example_dags/example_short_circuit_decorator.py
[2025-06-24T00:54:27.820+0700] {processor.py:830} INFO - Processing file /home/panda/Documents/ODAP/Project/venv310/lib/python3.10/site-packages/airflow/example_dags/example_short_circuit_decorator.py for tasks to queue
[2025-06-24T00:54:27.821+0700] {logging_mixin.py:188} INFO - [2025-06-24T00:54:27.820+0700] {dagbag.py:540} INFO - Filling up the DagBag from /home/panda/Documents/ODAP/Project/venv310/lib/python3.10/site-packages/airflow/example_dags/example_short_circuit_decorator.py
[2025-06-24T00:54:27.833+0700] {processor.py:840} INFO - DAG(s) 'example_short_circuit_decorator' retrieved from /home/panda/Documents/ODAP/Project/venv310/lib/python3.10/site-packages/airflow/example_dags/example_short_circuit_decorator.py
[2025-06-24T00:54:27.856+0700] {logging_mixin.py:188} INFO - [2025-06-24T00:54:27.855+0700] {dag.py:3096} INFO - Sync 1 DAGs
[2025-06-24T00:54:27.875+0700] {logging_mixin.py:188} INFO - [2025-06-24T00:54:27.875+0700] {dag.py:3954} INFO - Setting next_dagrun for example_short_circuit_decorator to 2025-06-22 00:00:00+00:00, run_after=2025-06-23 00:00:00+00:00
[2025-06-24T00:54:27.902+0700] {processor.py:183} INFO - Processing /home/panda/Documents/ODAP/Project/venv310/lib/python3.10/site-packages/airflow/example_dags/example_short_circuit_decorator.py took 0.092 seconds
[2025-06-24T01:03:16.404+0700] {processor.py:161} INFO - Started process (PID=28582) to work on /home/panda/Documents/ODAP/Project/venv310/lib/python3.10/site-packages/airflow/example_dags/example_short_circuit_decorator.py
[2025-06-24T01:03:16.410+0700] {processor.py:830} INFO - Processing file /home/panda/Documents/ODAP/Project/venv310/lib/python3.10/site-packages/airflow/example_dags/example_short_circuit_decorator.py for tasks to queue
[2025-06-24T01:03:16.411+0700] {logging_mixin.py:188} INFO - [2025-06-24T01:03:16.410+0700] {dagbag.py:540} INFO - Filling up the DagBag from /home/panda/Documents/ODAP/Project/venv310/lib/python3.10/site-packages/airflow/example_dags/example_short_circuit_decorator.py
[2025-06-24T01:03:16.422+0700] {processor.py:840} INFO - DAG(s) 'example_short_circuit_decorator' retrieved from /home/panda/Documents/ODAP/Project/venv310/lib/python3.10/site-packages/airflow/example_dags/example_short_circuit_decorator.py
[2025-06-24T01:03:16.449+0700] {logging_mixin.py:188} INFO - [2025-06-24T01:03:16.448+0700] {dag.py:3096} INFO - Sync 1 DAGs
[2025-06-24T01:03:16.469+0700] {logging_mixin.py:188} INFO - [2025-06-24T01:03:16.469+0700] {dag.py:3954} INFO - Setting next_dagrun for example_short_circuit_decorator to 2025-06-22 00:00:00+00:00, run_after=2025-06-23 00:00:00+00:00
[2025-06-24T01:03:16.491+0700] {processor.py:183} INFO - Processing /home/panda/Documents/ODAP/Project/venv310/lib/python3.10/site-packages/airflow/example_dags/example_short_circuit_decorator.py took 0.095 seconds
[2025-06-24T01:04:08.291+0700] {processor.py:161} INFO - Started process (PID=28729) to work on /home/panda/Documents/ODAP/Project/venv310/lib/python3.10/site-packages/airflow/example_dags/example_short_circuit_decorator.py
[2025-06-24T01:04:08.293+0700] {processor.py:830} INFO - Processing file /home/panda/Documents/ODAP/Project/venv310/lib/python3.10/site-packages/airflow/example_dags/example_short_circuit_decorator.py for tasks to queue
[2025-06-24T01:04:08.294+0700] {logging_mixin.py:188} INFO - [2025-06-24T01:04:08.294+0700] {dagbag.py:540} INFO - Filling up the DagBag from /home/panda/Documents/ODAP/Project/venv310/lib/python3.10/site-packages/airflow/example_dags/example_short_circuit_decorator.py
[2025-06-24T01:04:08.309+0700] {processor.py:840} INFO - DAG(s) 'example_short_circuit_decorator' retrieved from /home/panda/Documents/ODAP/Project/venv310/lib/python3.10/site-packages/airflow/example_dags/example_short_circuit_decorator.py
[2025-06-24T01:04:08.332+0700] {logging_mixin.py:188} INFO - [2025-06-24T01:04:08.331+0700] {dag.py:3096} INFO - Sync 1 DAGs
[2025-06-24T01:04:08.352+0700] {logging_mixin.py:188} INFO - [2025-06-24T01:04:08.352+0700] {dag.py:3954} INFO - Setting next_dagrun for example_short_circuit_decorator to 2025-06-22 00:00:00+00:00, run_after=2025-06-23 00:00:00+00:00
[2025-06-24T01:04:08.381+0700] {processor.py:183} INFO - Processing /home/panda/Documents/ODAP/Project/venv310/lib/python3.10/site-packages/airflow/example_dags/example_short_circuit_decorator.py took 0.098 seconds
