[2025-06-24T00:02:14.626+0700] {processor.py:161} INFO - Started process (PID=5615) to work on /home/panda/Documents/ODAP/Project/venv310/lib/python3.10/site-packages/airflow/example_dags/example_task_group.py
[2025-06-24T00:02:14.627+0700] {processor.py:830} INFO - Processing file /home/panda/Documents/ODAP/Project/venv310/lib/python3.10/site-packages/airflow/example_dags/example_task_group.py for tasks to queue
[2025-06-24T00:02:14.629+0700] {logging_mixin.py:188} INFO - [2025-06-24T00:02:14.629+0700] {dagbag.py:540} INFO - Filling up the DagBag from /home/panda/Documents/ODAP/Project/venv310/lib/python3.10/site-packages/airflow/example_dags/example_task_group.py
[2025-06-24T00:02:14.641+0700] {processor.py:840} INFO - DAG(s) 'example_task_group' retrieved from /home/panda/Documents/ODAP/Project/venv310/lib/python3.10/site-packages/airflow/example_dags/example_task_group.py
[2025-06-24T00:02:14.664+0700] {logging_mixin.py:188} INFO - [2025-06-24T00:02:14.664+0700] {dag.py:3096} INFO - Sync 1 DAGs
[2025-06-24T00:02:14.685+0700] {logging_mixin.py:188} INFO - [2025-06-24T00:02:14.685+0700] {dag.py:3954} INFO - Setting next_dagrun for example_task_group to 2025-06-22 00:00:00+00:00, run_after=2025-06-23 00:00:00+00:00
[2025-06-24T00:02:14.712+0700] {processor.py:183} INFO - Processing /home/panda/Documents/ODAP/Project/venv310/lib/python3.10/site-packages/airflow/example_dags/example_task_group.py took 0.092 seconds
[2025-06-24T00:03:07.945+0700] {processor.py:161} INFO - Started process (PID=6231) to work on /home/panda/Documents/ODAP/Project/venv310/lib/python3.10/site-packages/airflow/example_dags/example_task_group.py
[2025-06-24T00:03:07.950+0700] {processor.py:830} INFO - Processing file /home/panda/Documents/ODAP/Project/venv310/lib/python3.10/site-packages/airflow/example_dags/example_task_group.py for tasks to queue
[2025-06-24T00:03:07.953+0700] {logging_mixin.py:188} INFO - [2025-06-24T00:03:07.952+0700] {dagbag.py:540} INFO - Filling up the DagBag from /home/panda/Documents/ODAP/Project/venv310/lib/python3.10/site-packages/airflow/example_dags/example_task_group.py
[2025-06-24T00:03:07.963+0700] {processor.py:840} INFO - DAG(s) 'example_task_group' retrieved from /home/panda/Documents/ODAP/Project/venv310/lib/python3.10/site-packages/airflow/example_dags/example_task_group.py
[2025-06-24T00:03:07.983+0700] {logging_mixin.py:188} INFO - [2025-06-24T00:03:07.983+0700] {dag.py:3096} INFO - Sync 1 DAGs
[2025-06-24T00:03:08.004+0700] {logging_mixin.py:188} INFO - [2025-06-24T00:03:08.004+0700] {dag.py:3954} INFO - Setting next_dagrun for example_task_group to 2025-06-22 00:00:00+00:00, run_after=2025-06-23 00:00:00+00:00
[2025-06-24T00:03:08.026+0700] {processor.py:183} INFO - Processing /home/panda/Documents/ODAP/Project/venv310/lib/python3.10/site-packages/airflow/example_dags/example_task_group.py took 0.089 seconds
[2025-06-24T00:04:04.329+0700] {processor.py:161} INFO - Started process (PID=6767) to work on /home/panda/Documents/ODAP/Project/venv310/lib/python3.10/site-packages/airflow/example_dags/example_task_group.py
[2025-06-24T00:04:04.334+0700] {processor.py:830} INFO - Processing file /home/panda/Documents/ODAP/Project/venv310/lib/python3.10/site-packages/airflow/example_dags/example_task_group.py for tasks to queue
[2025-06-24T00:04:04.338+0700] {logging_mixin.py:188} INFO - [2025-06-24T00:04:04.337+0700] {dagbag.py:540} INFO - Filling up the DagBag from /home/panda/Documents/ODAP/Project/venv310/lib/python3.10/site-packages/airflow/example_dags/example_task_group.py
[2025-06-24T00:04:04.347+0700] {processor.py:840} INFO - DAG(s) 'example_task_group' retrieved from /home/panda/Documents/ODAP/Project/venv310/lib/python3.10/site-packages/airflow/example_dags/example_task_group.py
[2025-06-24T00:04:04.520+0700] {logging_mixin.py:188} INFO - [2025-06-24T00:04:04.520+0700] {dag.py:3096} INFO - Sync 1 DAGs
[2025-06-24T00:04:04.544+0700] {logging_mixin.py:188} INFO - [2025-06-24T00:04:04.543+0700] {dag.py:3954} INFO - Setting next_dagrun for example_task_group to 2025-06-22 00:00:00+00:00, run_after=2025-06-23 00:00:00+00:00
[2025-06-24T00:04:04.575+0700] {processor.py:183} INFO - Processing /home/panda/Documents/ODAP/Project/venv310/lib/python3.10/site-packages/airflow/example_dags/example_task_group.py took 0.254 seconds
[2025-06-24T00:04:53.951+0700] {processor.py:161} INFO - Started process (PID=6897) to work on /home/panda/Documents/ODAP/Project/venv310/lib/python3.10/site-packages/airflow/example_dags/example_task_group.py
[2025-06-24T00:04:53.956+0700] {processor.py:830} INFO - Processing file /home/panda/Documents/ODAP/Project/venv310/lib/python3.10/site-packages/airflow/example_dags/example_task_group.py for tasks to queue
[2025-06-24T00:04:53.958+0700] {logging_mixin.py:188} INFO - [2025-06-24T00:04:53.958+0700] {dagbag.py:540} INFO - Filling up the DagBag from /home/panda/Documents/ODAP/Project/venv310/lib/python3.10/site-packages/airflow/example_dags/example_task_group.py
[2025-06-24T00:04:53.969+0700] {processor.py:840} INFO - DAG(s) 'example_task_group' retrieved from /home/panda/Documents/ODAP/Project/venv310/lib/python3.10/site-packages/airflow/example_dags/example_task_group.py
[2025-06-24T00:04:53.990+0700] {logging_mixin.py:188} INFO - [2025-06-24T00:04:53.990+0700] {dag.py:3096} INFO - Sync 1 DAGs
[2025-06-24T00:04:54.015+0700] {logging_mixin.py:188} INFO - [2025-06-24T00:04:54.015+0700] {dag.py:3954} INFO - Setting next_dagrun for example_task_group to 2025-06-22 00:00:00+00:00, run_after=2025-06-23 00:00:00+00:00
[2025-06-24T00:04:54.039+0700] {processor.py:183} INFO - Processing /home/panda/Documents/ODAP/Project/venv310/lib/python3.10/site-packages/airflow/example_dags/example_task_group.py took 0.095 seconds
[2025-06-24T00:07:21.631+0700] {processor.py:161} INFO - Started process (PID=8122) to work on /home/panda/Documents/ODAP/Project/venv310/lib/python3.10/site-packages/airflow/example_dags/example_task_group.py
[2025-06-24T00:07:21.635+0700] {processor.py:830} INFO - Processing file /home/panda/Documents/ODAP/Project/venv310/lib/python3.10/site-packages/airflow/example_dags/example_task_group.py for tasks to queue
[2025-06-24T00:07:21.636+0700] {logging_mixin.py:188} INFO - [2025-06-24T00:07:21.636+0700] {dagbag.py:540} INFO - Filling up the DagBag from /home/panda/Documents/ODAP/Project/venv310/lib/python3.10/site-packages/airflow/example_dags/example_task_group.py
[2025-06-24T00:07:21.643+0700] {processor.py:840} INFO - DAG(s) 'example_task_group' retrieved from /home/panda/Documents/ODAP/Project/venv310/lib/python3.10/site-packages/airflow/example_dags/example_task_group.py
[2025-06-24T00:07:21.663+0700] {logging_mixin.py:188} INFO - [2025-06-24T00:07:21.663+0700] {dag.py:3096} INFO - Sync 1 DAGs
[2025-06-24T00:07:21.679+0700] {logging_mixin.py:188} INFO - [2025-06-24T00:07:21.678+0700] {dag.py:3954} INFO - Setting next_dagrun for example_task_group to 2025-06-22 00:00:00+00:00, run_after=2025-06-23 00:00:00+00:00
[2025-06-24T00:07:21.704+0700] {processor.py:183} INFO - Processing /home/panda/Documents/ODAP/Project/venv310/lib/python3.10/site-packages/airflow/example_dags/example_task_group.py took 0.083 seconds
[2025-06-24T00:08:35.645+0700] {processor.py:161} INFO - Started process (PID=10663) to work on /home/panda/Documents/ODAP/Project/venv310/lib/python3.10/site-packages/airflow/example_dags/example_task_group.py
[2025-06-24T00:08:35.650+0700] {processor.py:830} INFO - Processing file /home/panda/Documents/ODAP/Project/venv310/lib/python3.10/site-packages/airflow/example_dags/example_task_group.py for tasks to queue
[2025-06-24T00:08:35.651+0700] {logging_mixin.py:188} INFO - [2025-06-24T00:08:35.651+0700] {dagbag.py:540} INFO - Filling up the DagBag from /home/panda/Documents/ODAP/Project/venv310/lib/python3.10/site-packages/airflow/example_dags/example_task_group.py
[2025-06-24T00:08:35.660+0700] {processor.py:840} INFO - DAG(s) 'example_task_group' retrieved from /home/panda/Documents/ODAP/Project/venv310/lib/python3.10/site-packages/airflow/example_dags/example_task_group.py
[2025-06-24T00:08:35.679+0700] {logging_mixin.py:188} INFO - [2025-06-24T00:08:35.679+0700] {dag.py:3096} INFO - Sync 1 DAGs
[2025-06-24T00:08:35.697+0700] {logging_mixin.py:188} INFO - [2025-06-24T00:08:35.696+0700] {dag.py:3954} INFO - Setting next_dagrun for example_task_group to 2025-06-22 00:00:00+00:00, run_after=2025-06-23 00:00:00+00:00
[2025-06-24T00:08:35.724+0700] {processor.py:183} INFO - Processing /home/panda/Documents/ODAP/Project/venv310/lib/python3.10/site-packages/airflow/example_dags/example_task_group.py took 0.086 seconds
[2025-06-24T00:09:37.206+0700] {processor.py:161} INFO - Started process (PID=10834) to work on /home/panda/Documents/ODAP/Project/venv310/lib/python3.10/site-packages/airflow/example_dags/example_task_group.py
[2025-06-24T00:09:37.211+0700] {processor.py:830} INFO - Processing file /home/panda/Documents/ODAP/Project/venv310/lib/python3.10/site-packages/airflow/example_dags/example_task_group.py for tasks to queue
[2025-06-24T00:09:37.212+0700] {logging_mixin.py:188} INFO - [2025-06-24T00:09:37.212+0700] {dagbag.py:540} INFO - Filling up the DagBag from /home/panda/Documents/ODAP/Project/venv310/lib/python3.10/site-packages/airflow/example_dags/example_task_group.py
[2025-06-24T00:09:37.221+0700] {processor.py:840} INFO - DAG(s) 'example_task_group' retrieved from /home/panda/Documents/ODAP/Project/venv310/lib/python3.10/site-packages/airflow/example_dags/example_task_group.py
[2025-06-24T00:09:37.241+0700] {logging_mixin.py:188} INFO - [2025-06-24T00:09:37.241+0700] {dag.py:3096} INFO - Sync 1 DAGs
[2025-06-24T00:09:37.261+0700] {logging_mixin.py:188} INFO - [2025-06-24T00:09:37.260+0700] {dag.py:3954} INFO - Setting next_dagrun for example_task_group to 2025-06-22 00:00:00+00:00, run_after=2025-06-23 00:00:00+00:00
[2025-06-24T00:09:37.286+0700] {processor.py:183} INFO - Processing /home/panda/Documents/ODAP/Project/venv310/lib/python3.10/site-packages/airflow/example_dags/example_task_group.py took 0.087 seconds
[2025-06-24T00:10:32.850+0700] {processor.py:161} INFO - Started process (PID=10990) to work on /home/panda/Documents/ODAP/Project/venv310/lib/python3.10/site-packages/airflow/example_dags/example_task_group.py
[2025-06-24T00:10:32.855+0700] {processor.py:830} INFO - Processing file /home/panda/Documents/ODAP/Project/venv310/lib/python3.10/site-packages/airflow/example_dags/example_task_group.py for tasks to queue
[2025-06-24T00:10:32.856+0700] {logging_mixin.py:188} INFO - [2025-06-24T00:10:32.855+0700] {dagbag.py:540} INFO - Filling up the DagBag from /home/panda/Documents/ODAP/Project/venv310/lib/python3.10/site-packages/airflow/example_dags/example_task_group.py
[2025-06-24T00:10:32.865+0700] {processor.py:840} INFO - DAG(s) 'example_task_group' retrieved from /home/panda/Documents/ODAP/Project/venv310/lib/python3.10/site-packages/airflow/example_dags/example_task_group.py
[2025-06-24T00:10:32.886+0700] {logging_mixin.py:188} INFO - [2025-06-24T00:10:32.885+0700] {dag.py:3096} INFO - Sync 1 DAGs
[2025-06-24T00:10:32.905+0700] {logging_mixin.py:188} INFO - [2025-06-24T00:10:32.905+0700] {dag.py:3954} INFO - Setting next_dagrun for example_task_group to 2025-06-22 00:00:00+00:00, run_after=2025-06-23 00:00:00+00:00
[2025-06-24T00:10:32.930+0700] {processor.py:183} INFO - Processing /home/panda/Documents/ODAP/Project/venv310/lib/python3.10/site-packages/airflow/example_dags/example_task_group.py took 0.088 seconds
[2025-06-24T00:11:45.180+0700] {processor.py:161} INFO - Started process (PID=12474) to work on /home/panda/Documents/ODAP/Project/venv310/lib/python3.10/site-packages/airflow/example_dags/example_task_group.py
[2025-06-24T00:11:45.185+0700] {processor.py:830} INFO - Processing file /home/panda/Documents/ODAP/Project/venv310/lib/python3.10/site-packages/airflow/example_dags/example_task_group.py for tasks to queue
[2025-06-24T00:11:45.186+0700] {logging_mixin.py:188} INFO - [2025-06-24T00:11:45.186+0700] {dagbag.py:540} INFO - Filling up the DagBag from /home/panda/Documents/ODAP/Project/venv310/lib/python3.10/site-packages/airflow/example_dags/example_task_group.py
[2025-06-24T00:11:45.196+0700] {processor.py:840} INFO - DAG(s) 'example_task_group' retrieved from /home/panda/Documents/ODAP/Project/venv310/lib/python3.10/site-packages/airflow/example_dags/example_task_group.py
[2025-06-24T00:11:45.216+0700] {logging_mixin.py:188} INFO - [2025-06-24T00:11:45.216+0700] {dag.py:3096} INFO - Sync 1 DAGs
[2025-06-24T00:11:45.234+0700] {logging_mixin.py:188} INFO - [2025-06-24T00:11:45.234+0700] {dag.py:3954} INFO - Setting next_dagrun for example_task_group to 2025-06-22 00:00:00+00:00, run_after=2025-06-23 00:00:00+00:00
[2025-06-24T00:11:45.262+0700] {processor.py:183} INFO - Processing /home/panda/Documents/ODAP/Project/venv310/lib/python3.10/site-packages/airflow/example_dags/example_task_group.py took 0.090 seconds
[2025-06-24T00:12:36.391+0700] {processor.py:161} INFO - Started process (PID=12681) to work on /home/panda/Documents/ODAP/Project/venv310/lib/python3.10/site-packages/airflow/example_dags/example_task_group.py
[2025-06-24T00:12:36.396+0700] {processor.py:830} INFO - Processing file /home/panda/Documents/ODAP/Project/venv310/lib/python3.10/site-packages/airflow/example_dags/example_task_group.py for tasks to queue
[2025-06-24T00:12:36.397+0700] {logging_mixin.py:188} INFO - [2025-06-24T00:12:36.396+0700] {dagbag.py:540} INFO - Filling up the DagBag from /home/panda/Documents/ODAP/Project/venv310/lib/python3.10/site-packages/airflow/example_dags/example_task_group.py
[2025-06-24T00:12:36.406+0700] {processor.py:840} INFO - DAG(s) 'example_task_group' retrieved from /home/panda/Documents/ODAP/Project/venv310/lib/python3.10/site-packages/airflow/example_dags/example_task_group.py
[2025-06-24T00:12:36.428+0700] {logging_mixin.py:188} INFO - [2025-06-24T00:12:36.427+0700] {dag.py:3096} INFO - Sync 1 DAGs
[2025-06-24T00:12:36.446+0700] {logging_mixin.py:188} INFO - [2025-06-24T00:12:36.446+0700] {dag.py:3954} INFO - Setting next_dagrun for example_task_group to 2025-06-22 00:00:00+00:00, run_after=2025-06-23 00:00:00+00:00
[2025-06-24T00:12:36.472+0700] {processor.py:183} INFO - Processing /home/panda/Documents/ODAP/Project/venv310/lib/python3.10/site-packages/airflow/example_dags/example_task_group.py took 0.089 seconds
[2025-06-24T00:13:21.182+0700] {processor.py:161} INFO - Started process (PID=12830) to work on /home/panda/Documents/ODAP/Project/venv310/lib/python3.10/site-packages/airflow/example_dags/example_task_group.py
[2025-06-24T00:13:21.187+0700] {processor.py:830} INFO - Processing file /home/panda/Documents/ODAP/Project/venv310/lib/python3.10/site-packages/airflow/example_dags/example_task_group.py for tasks to queue
[2025-06-24T00:13:21.188+0700] {logging_mixin.py:188} INFO - [2025-06-24T00:13:21.187+0700] {dagbag.py:540} INFO - Filling up the DagBag from /home/panda/Documents/ODAP/Project/venv310/lib/python3.10/site-packages/airflow/example_dags/example_task_group.py
[2025-06-24T00:13:21.196+0700] {processor.py:840} INFO - DAG(s) 'example_task_group' retrieved from /home/panda/Documents/ODAP/Project/venv310/lib/python3.10/site-packages/airflow/example_dags/example_task_group.py
[2025-06-24T00:13:21.217+0700] {logging_mixin.py:188} INFO - [2025-06-24T00:13:21.217+0700] {dag.py:3096} INFO - Sync 1 DAGs
[2025-06-24T00:13:21.236+0700] {logging_mixin.py:188} INFO - [2025-06-24T00:13:21.236+0700] {dag.py:3954} INFO - Setting next_dagrun for example_task_group to 2025-06-22 00:00:00+00:00, run_after=2025-06-23 00:00:00+00:00
[2025-06-24T00:13:21.266+0700] {processor.py:183} INFO - Processing /home/panda/Documents/ODAP/Project/venv310/lib/python3.10/site-packages/airflow/example_dags/example_task_group.py took 0.091 seconds
[2025-06-24T00:14:06.799+0700] {processor.py:161} INFO - Started process (PID=13073) to work on /home/panda/Documents/ODAP/Project/venv310/lib/python3.10/site-packages/airflow/example_dags/example_task_group.py
[2025-06-24T00:14:06.801+0700] {processor.py:830} INFO - Processing file /home/panda/Documents/ODAP/Project/venv310/lib/python3.10/site-packages/airflow/example_dags/example_task_group.py for tasks to queue
[2025-06-24T00:14:06.802+0700] {logging_mixin.py:188} INFO - [2025-06-24T00:14:06.802+0700] {dagbag.py:540} INFO - Filling up the DagBag from /home/panda/Documents/ODAP/Project/venv310/lib/python3.10/site-packages/airflow/example_dags/example_task_group.py
[2025-06-24T00:14:06.811+0700] {processor.py:840} INFO - DAG(s) 'example_task_group' retrieved from /home/panda/Documents/ODAP/Project/venv310/lib/python3.10/site-packages/airflow/example_dags/example_task_group.py
[2025-06-24T00:14:06.831+0700] {logging_mixin.py:188} INFO - [2025-06-24T00:14:06.831+0700] {dag.py:3096} INFO - Sync 1 DAGs
[2025-06-24T00:14:06.848+0700] {logging_mixin.py:188} INFO - [2025-06-24T00:14:06.848+0700] {dag.py:3954} INFO - Setting next_dagrun for example_task_group to 2025-06-22 00:00:00+00:00, run_after=2025-06-23 00:00:00+00:00
[2025-06-24T00:14:06.868+0700] {processor.py:183} INFO - Processing /home/panda/Documents/ODAP/Project/venv310/lib/python3.10/site-packages/airflow/example_dags/example_task_group.py took 0.076 seconds
[2025-06-24T00:14:52.437+0700] {processor.py:161} INFO - Started process (PID=13204) to work on /home/panda/Documents/ODAP/Project/venv310/lib/python3.10/site-packages/airflow/example_dags/example_task_group.py
[2025-06-24T00:14:52.442+0700] {processor.py:830} INFO - Processing file /home/panda/Documents/ODAP/Project/venv310/lib/python3.10/site-packages/airflow/example_dags/example_task_group.py for tasks to queue
[2025-06-24T00:14:52.443+0700] {logging_mixin.py:188} INFO - [2025-06-24T00:14:52.443+0700] {dagbag.py:540} INFO - Filling up the DagBag from /home/panda/Documents/ODAP/Project/venv310/lib/python3.10/site-packages/airflow/example_dags/example_task_group.py
[2025-06-24T00:14:52.452+0700] {processor.py:840} INFO - DAG(s) 'example_task_group' retrieved from /home/panda/Documents/ODAP/Project/venv310/lib/python3.10/site-packages/airflow/example_dags/example_task_group.py
[2025-06-24T00:14:52.473+0700] {logging_mixin.py:188} INFO - [2025-06-24T00:14:52.473+0700] {dag.py:3096} INFO - Sync 1 DAGs
[2025-06-24T00:14:52.492+0700] {logging_mixin.py:188} INFO - [2025-06-24T00:14:52.492+0700] {dag.py:3954} INFO - Setting next_dagrun for example_task_group to 2025-06-22 00:00:00+00:00, run_after=2025-06-23 00:00:00+00:00
[2025-06-24T00:14:52.516+0700] {processor.py:183} INFO - Processing /home/panda/Documents/ODAP/Project/venv310/lib/python3.10/site-packages/airflow/example_dags/example_task_group.py took 0.086 seconds
[2025-06-24T00:21:31.019+0700] {processor.py:161} INFO - Started process (PID=16594) to work on /home/panda/Documents/ODAP/Project/venv310/lib/python3.10/site-packages/airflow/example_dags/example_task_group.py
[2025-06-24T00:21:31.024+0700] {processor.py:830} INFO - Processing file /home/panda/Documents/ODAP/Project/venv310/lib/python3.10/site-packages/airflow/example_dags/example_task_group.py for tasks to queue
[2025-06-24T00:21:31.025+0700] {logging_mixin.py:188} INFO - [2025-06-24T00:21:31.025+0700] {dagbag.py:540} INFO - Filling up the DagBag from /home/panda/Documents/ODAP/Project/venv310/lib/python3.10/site-packages/airflow/example_dags/example_task_group.py
[2025-06-24T00:21:31.036+0700] {processor.py:840} INFO - DAG(s) 'example_task_group' retrieved from /home/panda/Documents/ODAP/Project/venv310/lib/python3.10/site-packages/airflow/example_dags/example_task_group.py
[2025-06-24T00:21:31.060+0700] {logging_mixin.py:188} INFO - [2025-06-24T00:21:31.060+0700] {dag.py:3096} INFO - Sync 1 DAGs
[2025-06-24T00:21:31.082+0700] {logging_mixin.py:188} INFO - [2025-06-24T00:21:31.081+0700] {dag.py:3954} INFO - Setting next_dagrun for example_task_group to 2025-06-22 00:00:00+00:00, run_after=2025-06-23 00:00:00+00:00
[2025-06-24T00:21:31.114+0700] {processor.py:183} INFO - Processing /home/panda/Documents/ODAP/Project/venv310/lib/python3.10/site-packages/airflow/example_dags/example_task_group.py took 0.104 seconds
[2025-06-24T00:22:23.037+0700] {processor.py:161} INFO - Started process (PID=16789) to work on /home/panda/Documents/ODAP/Project/venv310/lib/python3.10/site-packages/airflow/example_dags/example_task_group.py
[2025-06-24T00:22:23.040+0700] {processor.py:830} INFO - Processing file /home/panda/Documents/ODAP/Project/venv310/lib/python3.10/site-packages/airflow/example_dags/example_task_group.py for tasks to queue
[2025-06-24T00:22:23.042+0700] {logging_mixin.py:188} INFO - [2025-06-24T00:22:23.041+0700] {dagbag.py:540} INFO - Filling up the DagBag from /home/panda/Documents/ODAP/Project/venv310/lib/python3.10/site-packages/airflow/example_dags/example_task_group.py
[2025-06-24T00:22:23.052+0700] {processor.py:840} INFO - DAG(s) 'example_task_group' retrieved from /home/panda/Documents/ODAP/Project/venv310/lib/python3.10/site-packages/airflow/example_dags/example_task_group.py
[2025-06-24T00:22:23.072+0700] {logging_mixin.py:188} INFO - [2025-06-24T00:22:23.072+0700] {dag.py:3096} INFO - Sync 1 DAGs
[2025-06-24T00:22:23.092+0700] {logging_mixin.py:188} INFO - [2025-06-24T00:22:23.092+0700] {dag.py:3954} INFO - Setting next_dagrun for example_task_group to 2025-06-22 00:00:00+00:00, run_after=2025-06-23 00:00:00+00:00
[2025-06-24T00:22:23.118+0700] {processor.py:183} INFO - Processing /home/panda/Documents/ODAP/Project/venv310/lib/python3.10/site-packages/airflow/example_dags/example_task_group.py took 0.090 seconds
[2025-06-24T00:23:24.844+0700] {processor.py:161} INFO - Started process (PID=18257) to work on /home/panda/Documents/ODAP/Project/venv310/lib/python3.10/site-packages/airflow/example_dags/example_task_group.py
[2025-06-24T00:23:24.850+0700] {processor.py:830} INFO - Processing file /home/panda/Documents/ODAP/Project/venv310/lib/python3.10/site-packages/airflow/example_dags/example_task_group.py for tasks to queue
[2025-06-24T00:23:24.851+0700] {logging_mixin.py:188} INFO - [2025-06-24T00:23:24.850+0700] {dagbag.py:540} INFO - Filling up the DagBag from /home/panda/Documents/ODAP/Project/venv310/lib/python3.10/site-packages/airflow/example_dags/example_task_group.py
[2025-06-24T00:23:24.859+0700] {processor.py:840} INFO - DAG(s) 'example_task_group' retrieved from /home/panda/Documents/ODAP/Project/venv310/lib/python3.10/site-packages/airflow/example_dags/example_task_group.py
[2025-06-24T00:23:24.879+0700] {logging_mixin.py:188} INFO - [2025-06-24T00:23:24.879+0700] {dag.py:3096} INFO - Sync 1 DAGs
[2025-06-24T00:23:24.896+0700] {logging_mixin.py:188} INFO - [2025-06-24T00:23:24.896+0700] {dag.py:3954} INFO - Setting next_dagrun for example_task_group to 2025-06-22 00:00:00+00:00, run_after=2025-06-23 00:00:00+00:00
[2025-06-24T00:23:24.925+0700] {processor.py:183} INFO - Processing /home/panda/Documents/ODAP/Project/venv310/lib/python3.10/site-packages/airflow/example_dags/example_task_group.py took 0.088 seconds
[2025-06-24T00:33:43.536+0700] {processor.py:161} INFO - Started process (PID=20253) to work on /home/panda/Documents/ODAP/Project/venv310/lib/python3.10/site-packages/airflow/example_dags/example_task_group.py
[2025-06-24T00:33:43.541+0700] {processor.py:830} INFO - Processing file /home/panda/Documents/ODAP/Project/venv310/lib/python3.10/site-packages/airflow/example_dags/example_task_group.py for tasks to queue
[2025-06-24T00:33:43.543+0700] {logging_mixin.py:188} INFO - [2025-06-24T00:33:43.542+0700] {dagbag.py:540} INFO - Filling up the DagBag from /home/panda/Documents/ODAP/Project/venv310/lib/python3.10/site-packages/airflow/example_dags/example_task_group.py
[2025-06-24T00:33:43.552+0700] {processor.py:840} INFO - DAG(s) 'example_task_group' retrieved from /home/panda/Documents/ODAP/Project/venv310/lib/python3.10/site-packages/airflow/example_dags/example_task_group.py
[2025-06-24T00:33:43.576+0700] {logging_mixin.py:188} INFO - [2025-06-24T00:33:43.575+0700] {dag.py:3096} INFO - Sync 1 DAGs
[2025-06-24T00:33:43.596+0700] {logging_mixin.py:188} INFO - [2025-06-24T00:33:43.596+0700] {dag.py:3954} INFO - Setting next_dagrun for example_task_group to 2025-06-22 00:00:00+00:00, run_after=2025-06-23 00:00:00+00:00
[2025-06-24T00:33:43.622+0700] {processor.py:183} INFO - Processing /home/panda/Documents/ODAP/Project/venv310/lib/python3.10/site-packages/airflow/example_dags/example_task_group.py took 0.093 seconds
[2025-06-24T00:34:36.950+0700] {processor.py:161} INFO - Started process (PID=20412) to work on /home/panda/Documents/ODAP/Project/venv310/lib/python3.10/site-packages/airflow/example_dags/example_task_group.py
[2025-06-24T00:34:36.956+0700] {processor.py:830} INFO - Processing file /home/panda/Documents/ODAP/Project/venv310/lib/python3.10/site-packages/airflow/example_dags/example_task_group.py for tasks to queue
[2025-06-24T00:34:36.957+0700] {logging_mixin.py:188} INFO - [2025-06-24T00:34:36.957+0700] {dagbag.py:540} INFO - Filling up the DagBag from /home/panda/Documents/ODAP/Project/venv310/lib/python3.10/site-packages/airflow/example_dags/example_task_group.py
[2025-06-24T00:34:36.969+0700] {processor.py:840} INFO - DAG(s) 'example_task_group' retrieved from /home/panda/Documents/ODAP/Project/venv310/lib/python3.10/site-packages/airflow/example_dags/example_task_group.py
[2025-06-24T00:34:36.990+0700] {logging_mixin.py:188} INFO - [2025-06-24T00:34:36.990+0700] {dag.py:3096} INFO - Sync 1 DAGs
[2025-06-24T00:34:37.010+0700] {logging_mixin.py:188} INFO - [2025-06-24T00:34:37.009+0700] {dag.py:3954} INFO - Setting next_dagrun for example_task_group to 2025-06-22 00:00:00+00:00, run_after=2025-06-23 00:00:00+00:00
[2025-06-24T00:34:37.038+0700] {processor.py:183} INFO - Processing /home/panda/Documents/ODAP/Project/venv310/lib/python3.10/site-packages/airflow/example_dags/example_task_group.py took 0.095 seconds
[2025-06-24T00:35:30.926+0700] {processor.py:161} INFO - Started process (PID=20563) to work on /home/panda/Documents/ODAP/Project/venv310/lib/python3.10/site-packages/airflow/example_dags/example_task_group.py
[2025-06-24T00:35:30.932+0700] {processor.py:830} INFO - Processing file /home/panda/Documents/ODAP/Project/venv310/lib/python3.10/site-packages/airflow/example_dags/example_task_group.py for tasks to queue
[2025-06-24T00:35:30.933+0700] {logging_mixin.py:188} INFO - [2025-06-24T00:35:30.932+0700] {dagbag.py:540} INFO - Filling up the DagBag from /home/panda/Documents/ODAP/Project/venv310/lib/python3.10/site-packages/airflow/example_dags/example_task_group.py
[2025-06-24T00:35:30.944+0700] {processor.py:840} INFO - DAG(s) 'example_task_group' retrieved from /home/panda/Documents/ODAP/Project/venv310/lib/python3.10/site-packages/airflow/example_dags/example_task_group.py
[2025-06-24T00:35:30.966+0700] {logging_mixin.py:188} INFO - [2025-06-24T00:35:30.965+0700] {dag.py:3096} INFO - Sync 1 DAGs
[2025-06-24T00:35:30.988+0700] {logging_mixin.py:188} INFO - [2025-06-24T00:35:30.987+0700] {dag.py:3954} INFO - Setting next_dagrun for example_task_group to 2025-06-22 00:00:00+00:00, run_after=2025-06-23 00:00:00+00:00
[2025-06-24T00:35:31.017+0700] {processor.py:183} INFO - Processing /home/panda/Documents/ODAP/Project/venv310/lib/python3.10/site-packages/airflow/example_dags/example_task_group.py took 0.100 seconds
[2025-06-24T00:36:17.472+0700] {processor.py:161} INFO - Started process (PID=20866) to work on /home/panda/Documents/ODAP/Project/venv310/lib/python3.10/site-packages/airflow/example_dags/example_task_group.py
[2025-06-24T00:36:17.478+0700] {processor.py:830} INFO - Processing file /home/panda/Documents/ODAP/Project/venv310/lib/python3.10/site-packages/airflow/example_dags/example_task_group.py for tasks to queue
[2025-06-24T00:36:17.479+0700] {logging_mixin.py:188} INFO - [2025-06-24T00:36:17.479+0700] {dagbag.py:540} INFO - Filling up the DagBag from /home/panda/Documents/ODAP/Project/venv310/lib/python3.10/site-packages/airflow/example_dags/example_task_group.py
[2025-06-24T00:36:17.489+0700] {processor.py:840} INFO - DAG(s) 'example_task_group' retrieved from /home/panda/Documents/ODAP/Project/venv310/lib/python3.10/site-packages/airflow/example_dags/example_task_group.py
[2025-06-24T00:36:17.512+0700] {logging_mixin.py:188} INFO - [2025-06-24T00:36:17.511+0700] {dag.py:3096} INFO - Sync 1 DAGs
[2025-06-24T00:36:17.533+0700] {logging_mixin.py:188} INFO - [2025-06-24T00:36:17.533+0700] {dag.py:3954} INFO - Setting next_dagrun for example_task_group to 2025-06-22 00:00:00+00:00, run_after=2025-06-23 00:00:00+00:00
[2025-06-24T00:36:17.562+0700] {processor.py:183} INFO - Processing /home/panda/Documents/ODAP/Project/venv310/lib/python3.10/site-packages/airflow/example_dags/example_task_group.py took 0.098 seconds
[2025-06-24T00:37:06.250+0700] {processor.py:161} INFO - Started process (PID=21175) to work on /home/panda/Documents/ODAP/Project/venv310/lib/python3.10/site-packages/airflow/example_dags/example_task_group.py
[2025-06-24T00:37:06.255+0700] {processor.py:830} INFO - Processing file /home/panda/Documents/ODAP/Project/venv310/lib/python3.10/site-packages/airflow/example_dags/example_task_group.py for tasks to queue
[2025-06-24T00:37:06.257+0700] {logging_mixin.py:188} INFO - [2025-06-24T00:37:06.256+0700] {dagbag.py:540} INFO - Filling up the DagBag from /home/panda/Documents/ODAP/Project/venv310/lib/python3.10/site-packages/airflow/example_dags/example_task_group.py
[2025-06-24T00:37:06.266+0700] {processor.py:840} INFO - DAG(s) 'example_task_group' retrieved from /home/panda/Documents/ODAP/Project/venv310/lib/python3.10/site-packages/airflow/example_dags/example_task_group.py
[2025-06-24T00:37:06.287+0700] {logging_mixin.py:188} INFO - [2025-06-24T00:37:06.287+0700] {dag.py:3096} INFO - Sync 1 DAGs
[2025-06-24T00:37:06.307+0700] {logging_mixin.py:188} INFO - [2025-06-24T00:37:06.307+0700] {dag.py:3954} INFO - Setting next_dagrun for example_task_group to 2025-06-22 00:00:00+00:00, run_after=2025-06-23 00:00:00+00:00
[2025-06-24T00:37:06.333+0700] {processor.py:183} INFO - Processing /home/panda/Documents/ODAP/Project/venv310/lib/python3.10/site-packages/airflow/example_dags/example_task_group.py took 0.090 seconds
[2025-06-24T00:52:41.858+0700] {processor.py:161} INFO - Started process (PID=25138) to work on /home/panda/Documents/ODAP/Project/venv310/lib/python3.10/site-packages/airflow/example_dags/example_task_group.py
[2025-06-24T00:52:41.863+0700] {processor.py:830} INFO - Processing file /home/panda/Documents/ODAP/Project/venv310/lib/python3.10/site-packages/airflow/example_dags/example_task_group.py for tasks to queue
[2025-06-24T00:52:41.864+0700] {logging_mixin.py:188} INFO - [2025-06-24T00:52:41.864+0700] {dagbag.py:540} INFO - Filling up the DagBag from /home/panda/Documents/ODAP/Project/venv310/lib/python3.10/site-packages/airflow/example_dags/example_task_group.py
[2025-06-24T00:52:41.875+0700] {processor.py:840} INFO - DAG(s) 'example_task_group' retrieved from /home/panda/Documents/ODAP/Project/venv310/lib/python3.10/site-packages/airflow/example_dags/example_task_group.py
[2025-06-24T00:52:41.900+0700] {logging_mixin.py:188} INFO - [2025-06-24T00:52:41.899+0700] {dag.py:3096} INFO - Sync 1 DAGs
[2025-06-24T00:52:41.922+0700] {logging_mixin.py:188} INFO - [2025-06-24T00:52:41.921+0700] {dag.py:3954} INFO - Setting next_dagrun for example_task_group to 2025-06-22 00:00:00+00:00, run_after=2025-06-23 00:00:00+00:00
[2025-06-24T00:52:41.948+0700] {processor.py:183} INFO - Processing /home/panda/Documents/ODAP/Project/venv310/lib/python3.10/site-packages/airflow/example_dags/example_task_group.py took 0.099 seconds
[2025-06-24T00:53:35.177+0700] {processor.py:161} INFO - Started process (PID=25313) to work on /home/panda/Documents/ODAP/Project/venv310/lib/python3.10/site-packages/airflow/example_dags/example_task_group.py
[2025-06-24T00:53:35.182+0700] {processor.py:830} INFO - Processing file /home/panda/Documents/ODAP/Project/venv310/lib/python3.10/site-packages/airflow/example_dags/example_task_group.py for tasks to queue
[2025-06-24T00:53:35.183+0700] {logging_mixin.py:188} INFO - [2025-06-24T00:53:35.183+0700] {dagbag.py:540} INFO - Filling up the DagBag from /home/panda/Documents/ODAP/Project/venv310/lib/python3.10/site-packages/airflow/example_dags/example_task_group.py
[2025-06-24T00:53:35.193+0700] {processor.py:840} INFO - DAG(s) 'example_task_group' retrieved from /home/panda/Documents/ODAP/Project/venv310/lib/python3.10/site-packages/airflow/example_dags/example_task_group.py
[2025-06-24T00:53:35.214+0700] {logging_mixin.py:188} INFO - [2025-06-24T00:53:35.213+0700] {dag.py:3096} INFO - Sync 1 DAGs
[2025-06-24T00:53:35.235+0700] {logging_mixin.py:188} INFO - [2025-06-24T00:53:35.235+0700] {dag.py:3954} INFO - Setting next_dagrun for example_task_group to 2025-06-22 00:00:00+00:00, run_after=2025-06-23 00:00:00+00:00
[2025-06-24T00:53:35.262+0700] {processor.py:183} INFO - Processing /home/panda/Documents/ODAP/Project/venv310/lib/python3.10/site-packages/airflow/example_dags/example_task_group.py took 0.092 seconds
[2025-06-24T00:54:28.964+0700] {processor.py:161} INFO - Started process (PID=25618) to work on /home/panda/Documents/ODAP/Project/venv310/lib/python3.10/site-packages/airflow/example_dags/example_task_group.py
[2025-06-24T00:54:28.965+0700] {processor.py:830} INFO - Processing file /home/panda/Documents/ODAP/Project/venv310/lib/python3.10/site-packages/airflow/example_dags/example_task_group.py for tasks to queue
[2025-06-24T00:54:28.966+0700] {logging_mixin.py:188} INFO - [2025-06-24T00:54:28.966+0700] {dagbag.py:540} INFO - Filling up the DagBag from /home/panda/Documents/ODAP/Project/venv310/lib/python3.10/site-packages/airflow/example_dags/example_task_group.py
[2025-06-24T00:54:28.975+0700] {processor.py:840} INFO - DAG(s) 'example_task_group' retrieved from /home/panda/Documents/ODAP/Project/venv310/lib/python3.10/site-packages/airflow/example_dags/example_task_group.py
[2025-06-24T00:54:28.996+0700] {logging_mixin.py:188} INFO - [2025-06-24T00:54:28.995+0700] {dag.py:3096} INFO - Sync 1 DAGs
[2025-06-24T00:54:29.015+0700] {logging_mixin.py:188} INFO - [2025-06-24T00:54:29.015+0700] {dag.py:3954} INFO - Setting next_dagrun for example_task_group to 2025-06-22 00:00:00+00:00, run_after=2025-06-23 00:00:00+00:00
[2025-06-24T00:54:29.048+0700] {processor.py:183} INFO - Processing /home/panda/Documents/ODAP/Project/venv310/lib/python3.10/site-packages/airflow/example_dags/example_task_group.py took 0.091 seconds
[2025-06-24T01:03:17.552+0700] {processor.py:161} INFO - Started process (PID=28584) to work on /home/panda/Documents/ODAP/Project/venv310/lib/python3.10/site-packages/airflow/example_dags/example_task_group.py
[2025-06-24T01:03:17.558+0700] {processor.py:830} INFO - Processing file /home/panda/Documents/ODAP/Project/venv310/lib/python3.10/site-packages/airflow/example_dags/example_task_group.py for tasks to queue
[2025-06-24T01:03:17.559+0700] {logging_mixin.py:188} INFO - [2025-06-24T01:03:17.558+0700] {dagbag.py:540} INFO - Filling up the DagBag from /home/panda/Documents/ODAP/Project/venv310/lib/python3.10/site-packages/airflow/example_dags/example_task_group.py
[2025-06-24T01:03:17.568+0700] {processor.py:840} INFO - DAG(s) 'example_task_group' retrieved from /home/panda/Documents/ODAP/Project/venv310/lib/python3.10/site-packages/airflow/example_dags/example_task_group.py
[2025-06-24T01:03:17.592+0700] {logging_mixin.py:188} INFO - [2025-06-24T01:03:17.592+0700] {dag.py:3096} INFO - Sync 1 DAGs
[2025-06-24T01:03:17.614+0700] {logging_mixin.py:188} INFO - [2025-06-24T01:03:17.614+0700] {dag.py:3954} INFO - Setting next_dagrun for example_task_group to 2025-06-22 00:00:00+00:00, run_after=2025-06-23 00:00:00+00:00
[2025-06-24T01:03:17.642+0700] {processor.py:183} INFO - Processing /home/panda/Documents/ODAP/Project/venv310/lib/python3.10/site-packages/airflow/example_dags/example_task_group.py took 0.098 seconds
[2025-06-24T01:04:09.555+0700] {processor.py:161} INFO - Started process (PID=28735) to work on /home/panda/Documents/ODAP/Project/venv310/lib/python3.10/site-packages/airflow/example_dags/example_task_group.py
[2025-06-24T01:04:09.556+0700] {processor.py:830} INFO - Processing file /home/panda/Documents/ODAP/Project/venv310/lib/python3.10/site-packages/airflow/example_dags/example_task_group.py for tasks to queue
[2025-06-24T01:04:09.558+0700] {logging_mixin.py:188} INFO - [2025-06-24T01:04:09.557+0700] {dagbag.py:540} INFO - Filling up the DagBag from /home/panda/Documents/ODAP/Project/venv310/lib/python3.10/site-packages/airflow/example_dags/example_task_group.py
[2025-06-24T01:04:09.569+0700] {processor.py:840} INFO - DAG(s) 'example_task_group' retrieved from /home/panda/Documents/ODAP/Project/venv310/lib/python3.10/site-packages/airflow/example_dags/example_task_group.py
[2025-06-24T01:04:09.594+0700] {logging_mixin.py:188} INFO - [2025-06-24T01:04:09.594+0700] {dag.py:3096} INFO - Sync 1 DAGs
[2025-06-24T01:04:09.619+0700] {logging_mixin.py:188} INFO - [2025-06-24T01:04:09.619+0700] {dag.py:3954} INFO - Setting next_dagrun for example_task_group to 2025-06-22 00:00:00+00:00, run_after=2025-06-23 00:00:00+00:00
[2025-06-24T01:04:09.657+0700] {processor.py:183} INFO - Processing /home/panda/Documents/ODAP/Project/venv310/lib/python3.10/site-packages/airflow/example_dags/example_task_group.py took 0.112 seconds
