[2025-06-24T00:02:43.276+0700] {processor.py:161} INFO - Started process (PID=5941) to work on /home/panda/Documents/ODAP/Project/venv310/lib/python3.10/site-packages/airflow/example_dags/example_branch_operator_decorator.py
[2025-06-24T00:02:43.277+0700] {processor.py:830} INFO - Processing file /home/panda/Documents/ODAP/Project/venv310/lib/python3.10/site-packages/airflow/example_dags/example_branch_operator_decorator.py for tasks to queue
[2025-06-24T00:02:43.279+0700] {logging_mixin.py:188} INFO - [2025-06-24T00:02:43.279+0700] {dagbag.py:540} INFO - Filling up the DagBag from /home/panda/Documents/ODAP/Project/venv310/lib/python3.10/site-packages/airflow/example_dags/example_branch_operator_decorator.py
[2025-06-24T00:02:43.283+0700] {processor.py:842} WARNING - No viable dags retrieved from /home/panda/Documents/ODAP/Project/venv310/lib/python3.10/site-packages/airflow/example_dags/example_branch_operator_decorator.py
[2025-06-24T00:02:43.295+0700] {processor.py:183} INFO - Processing /home/panda/Documents/ODAP/Project/venv310/lib/python3.10/site-packages/airflow/example_dags/example_branch_operator_decorator.py took 0.027 seconds
[2025-06-24T00:03:55.847+0700] {processor.py:161} INFO - Started process (PID=6421) to work on /home/panda/Documents/ODAP/Project/venv310/lib/python3.10/site-packages/airflow/example_dags/example_branch_operator_decorator.py
[2025-06-24T00:03:55.850+0700] {processor.py:830} INFO - Processing file /home/panda/Documents/ODAP/Project/venv310/lib/python3.10/site-packages/airflow/example_dags/example_branch_operator_decorator.py for tasks to queue
[2025-06-24T00:03:55.852+0700] {logging_mixin.py:188} INFO - [2025-06-24T00:03:55.851+0700] {dagbag.py:540} INFO - Filling up the DagBag from /home/panda/Documents/ODAP/Project/venv310/lib/python3.10/site-packages/airflow/example_dags/example_branch_operator_decorator.py
[2025-06-24T00:03:55.855+0700] {processor.py:842} WARNING - No viable dags retrieved from /home/panda/Documents/ODAP/Project/venv310/lib/python3.10/site-packages/airflow/example_dags/example_branch_operator_decorator.py
[2025-06-24T00:03:55.869+0700] {processor.py:183} INFO - Processing /home/panda/Documents/ODAP/Project/venv310/lib/python3.10/site-packages/airflow/example_dags/example_branch_operator_decorator.py took 0.029 seconds
[2025-06-24T00:05:09.468+0700] {processor.py:161} INFO - Started process (PID=6995) to work on /home/panda/Documents/ODAP/Project/venv310/lib/python3.10/site-packages/airflow/example_dags/example_branch_operator_decorator.py
[2025-06-24T00:05:09.473+0700] {processor.py:830} INFO - Processing file /home/panda/Documents/ODAP/Project/venv310/lib/python3.10/site-packages/airflow/example_dags/example_branch_operator_decorator.py for tasks to queue
[2025-06-24T00:05:09.475+0700] {logging_mixin.py:188} INFO - [2025-06-24T00:05:09.475+0700] {dagbag.py:540} INFO - Filling up the DagBag from /home/panda/Documents/ODAP/Project/venv310/lib/python3.10/site-packages/airflow/example_dags/example_branch_operator_decorator.py
[2025-06-24T00:05:09.479+0700] {processor.py:842} WARNING - No viable dags retrieved from /home/panda/Documents/ODAP/Project/venv310/lib/python3.10/site-packages/airflow/example_dags/example_branch_operator_decorator.py
[2025-06-24T00:05:09.492+0700] {processor.py:183} INFO - Processing /home/panda/Documents/ODAP/Project/venv310/lib/python3.10/site-packages/airflow/example_dags/example_branch_operator_decorator.py took 0.031 seconds
[2025-06-24T00:07:50.478+0700] {processor.py:161} INFO - Started process (PID=8345) to work on /home/panda/Documents/ODAP/Project/venv310/lib/python3.10/site-packages/airflow/example_dags/example_branch_operator_decorator.py
[2025-06-24T00:07:50.483+0700] {processor.py:830} INFO - Processing file /home/panda/Documents/ODAP/Project/venv310/lib/python3.10/site-packages/airflow/example_dags/example_branch_operator_decorator.py for tasks to queue
[2025-06-24T00:07:50.484+0700] {logging_mixin.py:188} INFO - [2025-06-24T00:07:50.484+0700] {dagbag.py:540} INFO - Filling up the DagBag from /home/panda/Documents/ODAP/Project/venv310/lib/python3.10/site-packages/airflow/example_dags/example_branch_operator_decorator.py
[2025-06-24T00:07:50.488+0700] {processor.py:842} WARNING - No viable dags retrieved from /home/panda/Documents/ODAP/Project/venv310/lib/python3.10/site-packages/airflow/example_dags/example_branch_operator_decorator.py
[2025-06-24T00:07:50.502+0700] {processor.py:183} INFO - Processing /home/panda/Documents/ODAP/Project/venv310/lib/python3.10/site-packages/airflow/example_dags/example_branch_operator_decorator.py took 0.032 seconds
[2025-06-24T00:09:15.427+0700] {processor.py:161} INFO - Started process (PID=10774) to work on /home/panda/Documents/ODAP/Project/venv310/lib/python3.10/site-packages/airflow/example_dags/example_branch_operator_decorator.py
[2025-06-24T00:09:15.433+0700] {processor.py:830} INFO - Processing file /home/panda/Documents/ODAP/Project/venv310/lib/python3.10/site-packages/airflow/example_dags/example_branch_operator_decorator.py for tasks to queue
[2025-06-24T00:09:15.434+0700] {logging_mixin.py:188} INFO - [2025-06-24T00:09:15.433+0700] {dagbag.py:540} INFO - Filling up the DagBag from /home/panda/Documents/ODAP/Project/venv310/lib/python3.10/site-packages/airflow/example_dags/example_branch_operator_decorator.py
[2025-06-24T00:09:15.437+0700] {processor.py:842} WARNING - No viable dags retrieved from /home/panda/Documents/ODAP/Project/venv310/lib/python3.10/site-packages/airflow/example_dags/example_branch_operator_decorator.py
[2025-06-24T00:09:15.450+0700] {processor.py:183} INFO - Processing /home/panda/Documents/ODAP/Project/venv310/lib/python3.10/site-packages/airflow/example_dags/example_branch_operator_decorator.py took 0.030 seconds
[2025-06-24T00:10:21.415+0700] {processor.py:161} INFO - Started process (PID=10956) to work on /home/panda/Documents/ODAP/Project/venv310/lib/python3.10/site-packages/airflow/example_dags/example_branch_operator_decorator.py
[2025-06-24T00:10:21.420+0700] {processor.py:830} INFO - Processing file /home/panda/Documents/ODAP/Project/venv310/lib/python3.10/site-packages/airflow/example_dags/example_branch_operator_decorator.py for tasks to queue
[2025-06-24T00:10:21.421+0700] {logging_mixin.py:188} INFO - [2025-06-24T00:10:21.421+0700] {dagbag.py:540} INFO - Filling up the DagBag from /home/panda/Documents/ODAP/Project/venv310/lib/python3.10/site-packages/airflow/example_dags/example_branch_operator_decorator.py
[2025-06-24T00:10:21.424+0700] {processor.py:842} WARNING - No viable dags retrieved from /home/panda/Documents/ODAP/Project/venv310/lib/python3.10/site-packages/airflow/example_dags/example_branch_operator_decorator.py
[2025-06-24T00:10:21.437+0700] {processor.py:183} INFO - Processing /home/panda/Documents/ODAP/Project/venv310/lib/python3.10/site-packages/airflow/example_dags/example_branch_operator_decorator.py took 0.029 seconds
[2025-06-24T00:12:03.078+0700] {processor.py:161} INFO - Started process (PID=12564) to work on /home/panda/Documents/ODAP/Project/venv310/lib/python3.10/site-packages/airflow/example_dags/example_branch_operator_decorator.py
[2025-06-24T00:12:03.083+0700] {processor.py:830} INFO - Processing file /home/panda/Documents/ODAP/Project/venv310/lib/python3.10/site-packages/airflow/example_dags/example_branch_operator_decorator.py for tasks to queue
[2025-06-24T00:12:03.084+0700] {logging_mixin.py:188} INFO - [2025-06-24T00:12:03.084+0700] {dagbag.py:540} INFO - Filling up the DagBag from /home/panda/Documents/ODAP/Project/venv310/lib/python3.10/site-packages/airflow/example_dags/example_branch_operator_decorator.py
[2025-06-24T00:12:03.087+0700] {processor.py:842} WARNING - No viable dags retrieved from /home/panda/Documents/ODAP/Project/venv310/lib/python3.10/site-packages/airflow/example_dags/example_branch_operator_decorator.py
[2025-06-24T00:12:03.101+0700] {processor.py:183} INFO - Processing /home/panda/Documents/ODAP/Project/venv310/lib/python3.10/site-packages/airflow/example_dags/example_branch_operator_decorator.py took 0.031 seconds
[2025-06-24T00:13:09.263+0700] {processor.py:161} INFO - Started process (PID=12801) to work on /home/panda/Documents/ODAP/Project/venv310/lib/python3.10/site-packages/airflow/example_dags/example_branch_operator_decorator.py
[2025-06-24T00:13:09.267+0700] {processor.py:830} INFO - Processing file /home/panda/Documents/ODAP/Project/venv310/lib/python3.10/site-packages/airflow/example_dags/example_branch_operator_decorator.py for tasks to queue
[2025-06-24T00:13:09.268+0700] {logging_mixin.py:188} INFO - [2025-06-24T00:13:09.268+0700] {dagbag.py:540} INFO - Filling up the DagBag from /home/panda/Documents/ODAP/Project/venv310/lib/python3.10/site-packages/airflow/example_dags/example_branch_operator_decorator.py
[2025-06-24T00:13:09.272+0700] {processor.py:842} WARNING - No viable dags retrieved from /home/panda/Documents/ODAP/Project/venv310/lib/python3.10/site-packages/airflow/example_dags/example_branch_operator_decorator.py
[2025-06-24T00:13:09.286+0700] {processor.py:183} INFO - Processing /home/panda/Documents/ODAP/Project/venv310/lib/python3.10/site-packages/airflow/example_dags/example_branch_operator_decorator.py took 0.032 seconds
[2025-06-24T00:14:16.949+0700] {processor.py:161} INFO - Started process (PID=13113) to work on /home/panda/Documents/ODAP/Project/venv310/lib/python3.10/site-packages/airflow/example_dags/example_branch_operator_decorator.py
[2025-06-24T00:14:16.953+0700] {processor.py:830} INFO - Processing file /home/panda/Documents/ODAP/Project/venv310/lib/python3.10/site-packages/airflow/example_dags/example_branch_operator_decorator.py for tasks to queue
[2025-06-24T00:14:16.954+0700] {logging_mixin.py:188} INFO - [2025-06-24T00:14:16.954+0700] {dagbag.py:540} INFO - Filling up the DagBag from /home/panda/Documents/ODAP/Project/venv310/lib/python3.10/site-packages/airflow/example_dags/example_branch_operator_decorator.py
[2025-06-24T00:14:16.958+0700] {processor.py:842} WARNING - No viable dags retrieved from /home/panda/Documents/ODAP/Project/venv310/lib/python3.10/site-packages/airflow/example_dags/example_branch_operator_decorator.py
[2025-06-24T00:14:16.972+0700] {processor.py:183} INFO - Processing /home/panda/Documents/ODAP/Project/venv310/lib/python3.10/site-packages/airflow/example_dags/example_branch_operator_decorator.py took 0.030 seconds
[2025-06-24T00:22:00.689+0700] {processor.py:161} INFO - Started process (PID=16679) to work on /home/panda/Documents/ODAP/Project/venv310/lib/python3.10/site-packages/airflow/example_dags/example_branch_operator_decorator.py
[2025-06-24T00:22:00.694+0700] {processor.py:830} INFO - Processing file /home/panda/Documents/ODAP/Project/venv310/lib/python3.10/site-packages/airflow/example_dags/example_branch_operator_decorator.py for tasks to queue
[2025-06-24T00:22:00.696+0700] {logging_mixin.py:188} INFO - [2025-06-24T00:22:00.695+0700] {dagbag.py:540} INFO - Filling up the DagBag from /home/panda/Documents/ODAP/Project/venv310/lib/python3.10/site-packages/airflow/example_dags/example_branch_operator_decorator.py
[2025-06-24T00:22:00.701+0700] {processor.py:842} WARNING - No viable dags retrieved from /home/panda/Documents/ODAP/Project/venv310/lib/python3.10/site-packages/airflow/example_dags/example_branch_operator_decorator.py
[2025-06-24T00:22:00.716+0700] {processor.py:183} INFO - Processing /home/panda/Documents/ODAP/Project/venv310/lib/python3.10/site-packages/airflow/example_dags/example_branch_operator_decorator.py took 0.037 seconds
[2025-06-24T00:34:12.304+0700] {processor.py:161} INFO - Started process (PID=20348) to work on /home/panda/Documents/ODAP/Project/venv310/lib/python3.10/site-packages/airflow/example_dags/example_branch_operator_decorator.py
[2025-06-24T00:34:12.309+0700] {processor.py:830} INFO - Processing file /home/panda/Documents/ODAP/Project/venv310/lib/python3.10/site-packages/airflow/example_dags/example_branch_operator_decorator.py for tasks to queue
[2025-06-24T00:34:12.311+0700] {logging_mixin.py:188} INFO - [2025-06-24T00:34:12.311+0700] {dagbag.py:540} INFO - Filling up the DagBag from /home/panda/Documents/ODAP/Project/venv310/lib/python3.10/site-packages/airflow/example_dags/example_branch_operator_decorator.py
[2025-06-24T00:34:12.315+0700] {processor.py:842} WARNING - No viable dags retrieved from /home/panda/Documents/ODAP/Project/venv310/lib/python3.10/site-packages/airflow/example_dags/example_branch_operator_decorator.py
[2025-06-24T00:34:12.329+0700] {processor.py:183} INFO - Processing /home/panda/Documents/ODAP/Project/venv310/lib/python3.10/site-packages/airflow/example_dags/example_branch_operator_decorator.py took 0.032 seconds
[2025-06-24T00:35:24.607+0700] {processor.py:161} INFO - Started process (PID=20546) to work on /home/panda/Documents/ODAP/Project/venv310/lib/python3.10/site-packages/airflow/example_dags/example_branch_operator_decorator.py
[2025-06-24T00:35:24.612+0700] {processor.py:830} INFO - Processing file /home/panda/Documents/ODAP/Project/venv310/lib/python3.10/site-packages/airflow/example_dags/example_branch_operator_decorator.py for tasks to queue
[2025-06-24T00:35:24.613+0700] {logging_mixin.py:188} INFO - [2025-06-24T00:35:24.613+0700] {dagbag.py:540} INFO - Filling up the DagBag from /home/panda/Documents/ODAP/Project/venv310/lib/python3.10/site-packages/airflow/example_dags/example_branch_operator_decorator.py
[2025-06-24T00:35:24.617+0700] {processor.py:842} WARNING - No viable dags retrieved from /home/panda/Documents/ODAP/Project/venv310/lib/python3.10/site-packages/airflow/example_dags/example_branch_operator_decorator.py
[2025-06-24T00:35:24.632+0700] {processor.py:183} INFO - Processing /home/panda/Documents/ODAP/Project/venv310/lib/python3.10/site-packages/airflow/example_dags/example_branch_operator_decorator.py took 0.033 seconds
[2025-06-24T00:36:32.143+0700] {processor.py:161} INFO - Started process (PID=20940) to work on /home/panda/Documents/ODAP/Project/venv310/lib/python3.10/site-packages/airflow/example_dags/example_branch_operator_decorator.py
[2025-06-24T00:36:32.148+0700] {processor.py:830} INFO - Processing file /home/panda/Documents/ODAP/Project/venv310/lib/python3.10/site-packages/airflow/example_dags/example_branch_operator_decorator.py for tasks to queue
[2025-06-24T00:36:32.149+0700] {logging_mixin.py:188} INFO - [2025-06-24T00:36:32.149+0700] {dagbag.py:540} INFO - Filling up the DagBag from /home/panda/Documents/ODAP/Project/venv310/lib/python3.10/site-packages/airflow/example_dags/example_branch_operator_decorator.py
[2025-06-24T00:36:32.154+0700] {processor.py:842} WARNING - No viable dags retrieved from /home/panda/Documents/ODAP/Project/venv310/lib/python3.10/site-packages/airflow/example_dags/example_branch_operator_decorator.py
[2025-06-24T00:36:32.168+0700] {processor.py:183} INFO - Processing /home/panda/Documents/ODAP/Project/venv310/lib/python3.10/site-packages/airflow/example_dags/example_branch_operator_decorator.py took 0.033 seconds
[2025-06-24T00:53:10.510+0700] {processor.py:161} INFO - Started process (PID=25214) to work on /home/panda/Documents/ODAP/Project/venv310/lib/python3.10/site-packages/airflow/example_dags/example_branch_operator_decorator.py
[2025-06-24T00:53:10.515+0700] {processor.py:830} INFO - Processing file /home/panda/Documents/ODAP/Project/venv310/lib/python3.10/site-packages/airflow/example_dags/example_branch_operator_decorator.py for tasks to queue
[2025-06-24T00:53:10.517+0700] {logging_mixin.py:188} INFO - [2025-06-24T00:53:10.516+0700] {dagbag.py:540} INFO - Filling up the DagBag from /home/panda/Documents/ODAP/Project/venv310/lib/python3.10/site-packages/airflow/example_dags/example_branch_operator_decorator.py
[2025-06-24T00:53:10.520+0700] {processor.py:842} WARNING - No viable dags retrieved from /home/panda/Documents/ODAP/Project/venv310/lib/python3.10/site-packages/airflow/example_dags/example_branch_operator_decorator.py
[2025-06-24T00:53:10.535+0700] {processor.py:183} INFO - Processing /home/panda/Documents/ODAP/Project/venv310/lib/python3.10/site-packages/airflow/example_dags/example_branch_operator_decorator.py took 0.034 seconds
[2025-06-24T00:54:22.657+0700] {processor.py:161} INFO - Started process (PID=25594) to work on /home/panda/Documents/ODAP/Project/venv310/lib/python3.10/site-packages/airflow/example_dags/example_branch_operator_decorator.py
[2025-06-24T00:54:22.658+0700] {processor.py:830} INFO - Processing file /home/panda/Documents/ODAP/Project/venv310/lib/python3.10/site-packages/airflow/example_dags/example_branch_operator_decorator.py for tasks to queue
[2025-06-24T00:54:22.659+0700] {logging_mixin.py:188} INFO - [2025-06-24T00:54:22.658+0700] {dagbag.py:540} INFO - Filling up the DagBag from /home/panda/Documents/ODAP/Project/venv310/lib/python3.10/site-packages/airflow/example_dags/example_branch_operator_decorator.py
[2025-06-24T00:54:22.662+0700] {processor.py:842} WARNING - No viable dags retrieved from /home/panda/Documents/ODAP/Project/venv310/lib/python3.10/site-packages/airflow/example_dags/example_branch_operator_decorator.py
[2025-06-24T00:54:22.677+0700] {processor.py:183} INFO - Processing /home/panda/Documents/ODAP/Project/venv310/lib/python3.10/site-packages/airflow/example_dags/example_branch_operator_decorator.py took 0.028 seconds
[2025-06-24T01:03:45.025+0700] {processor.py:161} INFO - Started process (PID=28657) to work on /home/panda/Documents/ODAP/Project/venv310/lib/python3.10/site-packages/airflow/example_dags/example_branch_operator_decorator.py
[2025-06-24T01:03:45.030+0700] {processor.py:830} INFO - Processing file /home/panda/Documents/ODAP/Project/venv310/lib/python3.10/site-packages/airflow/example_dags/example_branch_operator_decorator.py for tasks to queue
[2025-06-24T01:03:45.032+0700] {logging_mixin.py:188} INFO - [2025-06-24T01:03:45.031+0700] {dagbag.py:540} INFO - Filling up the DagBag from /home/panda/Documents/ODAP/Project/venv310/lib/python3.10/site-packages/airflow/example_dags/example_branch_operator_decorator.py
[2025-06-24T01:03:45.036+0700] {processor.py:842} WARNING - No viable dags retrieved from /home/panda/Documents/ODAP/Project/venv310/lib/python3.10/site-packages/airflow/example_dags/example_branch_operator_decorator.py
[2025-06-24T01:03:45.051+0700] {processor.py:183} INFO - Processing /home/panda/Documents/ODAP/Project/venv310/lib/python3.10/site-packages/airflow/example_dags/example_branch_operator_decorator.py took 0.034 seconds
