[2025-06-24T00:02:15.769+0700] {processor.py:161} INFO - Started process (PID=5661) to work on /home/panda/Documents/ODAP/Project/venv310/lib/python3.10/site-packages/airflow/example_dags/example_skip_dag.py
[2025-06-24T00:02:15.770+0700] {processor.py:830} INFO - Processing file /home/panda/Documents/ODAP/Project/venv310/lib/python3.10/site-packages/airflow/example_dags/example_skip_dag.py for tasks to queue
[2025-06-24T00:02:15.772+0700] {logging_mixin.py:188} INFO - [2025-06-24T00:02:15.772+0700] {dagbag.py:540} INFO - Filling up the DagBag from /home/panda/Documents/ODAP/Project/venv310/lib/python3.10/site-packages/airflow/example_dags/example_skip_dag.py
[2025-06-24T00:02:15.783+0700] {processor.py:840} INFO - DAG(s) 'example_skip_dag' retrieved from /home/panda/Documents/ODAP/Project/venv310/lib/python3.10/site-packages/airflow/example_dags/example_skip_dag.py
[2025-06-24T00:02:15.809+0700] {logging_mixin.py:188} INFO - [2025-06-24T00:02:15.808+0700] {dag.py:3096} INFO - Sync 1 DAGs
[2025-06-24T00:02:15.832+0700] {logging_mixin.py:188} INFO - [2025-06-24T00:02:15.832+0700] {dag.py:3954} INFO - Setting next_dagrun for example_skip_dag to 2025-06-22 00:00:00+00:00, run_after=2025-06-23 00:00:00+00:00
[2025-06-24T00:02:15.859+0700] {processor.py:183} INFO - Processing /home/panda/Documents/ODAP/Project/venv310/lib/python3.10/site-packages/airflow/example_dags/example_skip_dag.py took 0.097 seconds
[2025-06-24T00:03:09.107+0700] {processor.py:161} INFO - Started process (PID=6232) to work on /home/panda/Documents/ODAP/Project/venv310/lib/python3.10/site-packages/airflow/example_dags/example_skip_dag.py
[2025-06-24T00:03:09.109+0700] {processor.py:830} INFO - Processing file /home/panda/Documents/ODAP/Project/venv310/lib/python3.10/site-packages/airflow/example_dags/example_skip_dag.py for tasks to queue
[2025-06-24T00:03:09.113+0700] {logging_mixin.py:188} INFO - [2025-06-24T00:03:09.112+0700] {dagbag.py:540} INFO - Filling up the DagBag from /home/panda/Documents/ODAP/Project/venv310/lib/python3.10/site-packages/airflow/example_dags/example_skip_dag.py
[2025-06-24T00:03:09.121+0700] {processor.py:840} INFO - DAG(s) 'example_skip_dag' retrieved from /home/panda/Documents/ODAP/Project/venv310/lib/python3.10/site-packages/airflow/example_dags/example_skip_dag.py
[2025-06-24T00:03:09.143+0700] {logging_mixin.py:188} INFO - [2025-06-24T00:03:09.143+0700] {dag.py:3096} INFO - Sync 1 DAGs
[2025-06-24T00:03:09.162+0700] {logging_mixin.py:188} INFO - [2025-06-24T00:03:09.162+0700] {dag.py:3954} INFO - Setting next_dagrun for example_skip_dag to 2025-06-22 00:00:00+00:00, run_after=2025-06-23 00:00:00+00:00
[2025-06-24T00:03:09.207+0700] {processor.py:183} INFO - Processing /home/panda/Documents/ODAP/Project/venv310/lib/python3.10/site-packages/airflow/example_dags/example_skip_dag.py took 0.108 seconds
[2025-06-24T00:04:05.041+0700] {processor.py:161} INFO - Started process (PID=6769) to work on /home/panda/Documents/ODAP/Project/venv310/lib/python3.10/site-packages/airflow/example_dags/example_skip_dag.py
[2025-06-24T00:04:05.046+0700] {processor.py:830} INFO - Processing file /home/panda/Documents/ODAP/Project/venv310/lib/python3.10/site-packages/airflow/example_dags/example_skip_dag.py for tasks to queue
[2025-06-24T00:04:05.048+0700] {logging_mixin.py:188} INFO - [2025-06-24T00:04:05.047+0700] {dagbag.py:540} INFO - Filling up the DagBag from /home/panda/Documents/ODAP/Project/venv310/lib/python3.10/site-packages/airflow/example_dags/example_skip_dag.py
[2025-06-24T00:04:05.056+0700] {processor.py:840} INFO - DAG(s) 'example_skip_dag' retrieved from /home/panda/Documents/ODAP/Project/venv310/lib/python3.10/site-packages/airflow/example_dags/example_skip_dag.py
[2025-06-24T00:04:05.211+0700] {logging_mixin.py:188} INFO - [2025-06-24T00:04:05.211+0700] {dag.py:3096} INFO - Sync 1 DAGs
[2025-06-24T00:04:05.235+0700] {logging_mixin.py:188} INFO - [2025-06-24T00:04:05.234+0700] {dag.py:3954} INFO - Setting next_dagrun for example_skip_dag to 2025-06-22 00:00:00+00:00, run_after=2025-06-23 00:00:00+00:00
[2025-06-24T00:04:05.264+0700] {processor.py:183} INFO - Processing /home/panda/Documents/ODAP/Project/venv310/lib/python3.10/site-packages/airflow/example_dags/example_skip_dag.py took 0.230 seconds
[2025-06-24T00:04:55.100+0700] {processor.py:161} INFO - Started process (PID=6899) to work on /home/panda/Documents/ODAP/Project/venv310/lib/python3.10/site-packages/airflow/example_dags/example_skip_dag.py
[2025-06-24T00:04:55.103+0700] {processor.py:830} INFO - Processing file /home/panda/Documents/ODAP/Project/venv310/lib/python3.10/site-packages/airflow/example_dags/example_skip_dag.py for tasks to queue
[2025-06-24T00:04:55.107+0700] {logging_mixin.py:188} INFO - [2025-06-24T00:04:55.107+0700] {dagbag.py:540} INFO - Filling up the DagBag from /home/panda/Documents/ODAP/Project/venv310/lib/python3.10/site-packages/airflow/example_dags/example_skip_dag.py
[2025-06-24T00:04:55.115+0700] {processor.py:840} INFO - DAG(s) 'example_skip_dag' retrieved from /home/panda/Documents/ODAP/Project/venv310/lib/python3.10/site-packages/airflow/example_dags/example_skip_dag.py
[2025-06-24T00:04:55.137+0700] {logging_mixin.py:188} INFO - [2025-06-24T00:04:55.136+0700] {dag.py:3096} INFO - Sync 1 DAGs
[2025-06-24T00:04:55.160+0700] {logging_mixin.py:188} INFO - [2025-06-24T00:04:55.160+0700] {dag.py:3954} INFO - Setting next_dagrun for example_skip_dag to 2025-06-22 00:00:00+00:00, run_after=2025-06-23 00:00:00+00:00
[2025-06-24T00:04:55.189+0700] {processor.py:183} INFO - Processing /home/panda/Documents/ODAP/Project/venv310/lib/python3.10/site-packages/airflow/example_dags/example_skip_dag.py took 0.096 seconds
[2025-06-24T00:07:22.184+0700] {processor.py:161} INFO - Started process (PID=8124) to work on /home/panda/Documents/ODAP/Project/venv310/lib/python3.10/site-packages/airflow/example_dags/example_skip_dag.py
[2025-06-24T00:07:22.189+0700] {processor.py:830} INFO - Processing file /home/panda/Documents/ODAP/Project/venv310/lib/python3.10/site-packages/airflow/example_dags/example_skip_dag.py for tasks to queue
[2025-06-24T00:07:22.191+0700] {logging_mixin.py:188} INFO - [2025-06-24T00:07:22.190+0700] {dagbag.py:540} INFO - Filling up the DagBag from /home/panda/Documents/ODAP/Project/venv310/lib/python3.10/site-packages/airflow/example_dags/example_skip_dag.py
[2025-06-24T00:07:22.200+0700] {processor.py:840} INFO - DAG(s) 'example_skip_dag' retrieved from /home/panda/Documents/ODAP/Project/venv310/lib/python3.10/site-packages/airflow/example_dags/example_skip_dag.py
[2025-06-24T00:07:22.225+0700] {logging_mixin.py:188} INFO - [2025-06-24T00:07:22.225+0700] {dag.py:3096} INFO - Sync 1 DAGs
[2025-06-24T00:07:22.245+0700] {logging_mixin.py:188} INFO - [2025-06-24T00:07:22.245+0700] {dag.py:3954} INFO - Setting next_dagrun for example_skip_dag to 2025-06-22 00:00:00+00:00, run_after=2025-06-23 00:00:00+00:00
[2025-06-24T00:07:22.285+0700] {processor.py:183} INFO - Processing /home/panda/Documents/ODAP/Project/venv310/lib/python3.10/site-packages/airflow/example_dags/example_skip_dag.py took 0.110 seconds
[2025-06-24T00:08:36.806+0700] {processor.py:161} INFO - Started process (PID=10668) to work on /home/panda/Documents/ODAP/Project/venv310/lib/python3.10/site-packages/airflow/example_dags/example_skip_dag.py
[2025-06-24T00:08:36.811+0700] {processor.py:830} INFO - Processing file /home/panda/Documents/ODAP/Project/venv310/lib/python3.10/site-packages/airflow/example_dags/example_skip_dag.py for tasks to queue
[2025-06-24T00:08:36.812+0700] {logging_mixin.py:188} INFO - [2025-06-24T00:08:36.811+0700] {dagbag.py:540} INFO - Filling up the DagBag from /home/panda/Documents/ODAP/Project/venv310/lib/python3.10/site-packages/airflow/example_dags/example_skip_dag.py
[2025-06-24T00:08:36.819+0700] {processor.py:840} INFO - DAG(s) 'example_skip_dag' retrieved from /home/panda/Documents/ODAP/Project/venv310/lib/python3.10/site-packages/airflow/example_dags/example_skip_dag.py
[2025-06-24T00:08:36.840+0700] {logging_mixin.py:188} INFO - [2025-06-24T00:08:36.840+0700] {dag.py:3096} INFO - Sync 1 DAGs
[2025-06-24T00:08:36.859+0700] {logging_mixin.py:188} INFO - [2025-06-24T00:08:36.859+0700] {dag.py:3954} INFO - Setting next_dagrun for example_skip_dag to 2025-06-22 00:00:00+00:00, run_after=2025-06-23 00:00:00+00:00
[2025-06-24T00:08:36.891+0700] {processor.py:183} INFO - Processing /home/panda/Documents/ODAP/Project/venv310/lib/python3.10/site-packages/airflow/example_dags/example_skip_dag.py took 0.092 seconds
[2025-06-24T00:09:37.715+0700] {processor.py:161} INFO - Started process (PID=10836) to work on /home/panda/Documents/ODAP/Project/venv310/lib/python3.10/site-packages/airflow/example_dags/example_skip_dag.py
[2025-06-24T00:09:37.717+0700] {processor.py:830} INFO - Processing file /home/panda/Documents/ODAP/Project/venv310/lib/python3.10/site-packages/airflow/example_dags/example_skip_dag.py for tasks to queue
[2025-06-24T00:09:37.718+0700] {logging_mixin.py:188} INFO - [2025-06-24T00:09:37.717+0700] {dagbag.py:540} INFO - Filling up the DagBag from /home/panda/Documents/ODAP/Project/venv310/lib/python3.10/site-packages/airflow/example_dags/example_skip_dag.py
[2025-06-24T00:09:37.726+0700] {processor.py:840} INFO - DAG(s) 'example_skip_dag' retrieved from /home/panda/Documents/ODAP/Project/venv310/lib/python3.10/site-packages/airflow/example_dags/example_skip_dag.py
[2025-06-24T00:09:37.745+0700] {logging_mixin.py:188} INFO - [2025-06-24T00:09:37.745+0700] {dag.py:3096} INFO - Sync 1 DAGs
[2025-06-24T00:09:37.763+0700] {logging_mixin.py:188} INFO - [2025-06-24T00:09:37.762+0700] {dag.py:3954} INFO - Setting next_dagrun for example_skip_dag to 2025-06-22 00:00:00+00:00, run_after=2025-06-23 00:00:00+00:00
[2025-06-24T00:09:37.792+0700] {processor.py:183} INFO - Processing /home/panda/Documents/ODAP/Project/venv310/lib/python3.10/site-packages/airflow/example_dags/example_skip_dag.py took 0.085 seconds
[2025-06-24T00:10:33.996+0700] {processor.py:161} INFO - Started process (PID=10992) to work on /home/panda/Documents/ODAP/Project/venv310/lib/python3.10/site-packages/airflow/example_dags/example_skip_dag.py
[2025-06-24T00:10:34.001+0700] {processor.py:830} INFO - Processing file /home/panda/Documents/ODAP/Project/venv310/lib/python3.10/site-packages/airflow/example_dags/example_skip_dag.py for tasks to queue
[2025-06-24T00:10:34.002+0700] {logging_mixin.py:188} INFO - [2025-06-24T00:10:34.001+0700] {dagbag.py:540} INFO - Filling up the DagBag from /home/panda/Documents/ODAP/Project/venv310/lib/python3.10/site-packages/airflow/example_dags/example_skip_dag.py
[2025-06-24T00:10:34.010+0700] {processor.py:840} INFO - DAG(s) 'example_skip_dag' retrieved from /home/panda/Documents/ODAP/Project/venv310/lib/python3.10/site-packages/airflow/example_dags/example_skip_dag.py
[2025-06-24T00:10:34.031+0700] {logging_mixin.py:188} INFO - [2025-06-24T00:10:34.031+0700] {dag.py:3096} INFO - Sync 1 DAGs
[2025-06-24T00:10:34.051+0700] {logging_mixin.py:188} INFO - [2025-06-24T00:10:34.051+0700] {dag.py:3954} INFO - Setting next_dagrun for example_skip_dag to 2025-06-22 00:00:00+00:00, run_after=2025-06-23 00:00:00+00:00
[2025-06-24T00:10:34.077+0700] {processor.py:183} INFO - Processing /home/panda/Documents/ODAP/Project/venv310/lib/python3.10/site-packages/airflow/example_dags/example_skip_dag.py took 0.088 seconds
[2025-06-24T00:11:46.346+0700] {processor.py:161} INFO - Started process (PID=12476) to work on /home/panda/Documents/ODAP/Project/venv310/lib/python3.10/site-packages/airflow/example_dags/example_skip_dag.py
[2025-06-24T00:11:46.351+0700] {processor.py:830} INFO - Processing file /home/panda/Documents/ODAP/Project/venv310/lib/python3.10/site-packages/airflow/example_dags/example_skip_dag.py for tasks to queue
[2025-06-24T00:11:46.352+0700] {logging_mixin.py:188} INFO - [2025-06-24T00:11:46.352+0700] {dagbag.py:540} INFO - Filling up the DagBag from /home/panda/Documents/ODAP/Project/venv310/lib/python3.10/site-packages/airflow/example_dags/example_skip_dag.py
[2025-06-24T00:11:46.360+0700] {processor.py:840} INFO - DAG(s) 'example_skip_dag' retrieved from /home/panda/Documents/ODAP/Project/venv310/lib/python3.10/site-packages/airflow/example_dags/example_skip_dag.py
[2025-06-24T00:11:46.380+0700] {logging_mixin.py:188} INFO - [2025-06-24T00:11:46.380+0700] {dag.py:3096} INFO - Sync 1 DAGs
[2025-06-24T00:11:46.400+0700] {logging_mixin.py:188} INFO - [2025-06-24T00:11:46.400+0700] {dag.py:3954} INFO - Setting next_dagrun for example_skip_dag to 2025-06-22 00:00:00+00:00, run_after=2025-06-23 00:00:00+00:00
[2025-06-24T00:11:46.429+0700] {processor.py:183} INFO - Processing /home/panda/Documents/ODAP/Project/venv310/lib/python3.10/site-packages/airflow/example_dags/example_skip_dag.py took 0.091 seconds
[2025-06-24T00:12:36.990+0700] {processor.py:161} INFO - Started process (PID=12683) to work on /home/panda/Documents/ODAP/Project/venv310/lib/python3.10/site-packages/airflow/example_dags/example_skip_dag.py
[2025-06-24T00:12:36.995+0700] {processor.py:830} INFO - Processing file /home/panda/Documents/ODAP/Project/venv310/lib/python3.10/site-packages/airflow/example_dags/example_skip_dag.py for tasks to queue
[2025-06-24T00:12:36.996+0700] {logging_mixin.py:188} INFO - [2025-06-24T00:12:36.996+0700] {dagbag.py:540} INFO - Filling up the DagBag from /home/panda/Documents/ODAP/Project/venv310/lib/python3.10/site-packages/airflow/example_dags/example_skip_dag.py
[2025-06-24T00:12:37.005+0700] {processor.py:840} INFO - DAG(s) 'example_skip_dag' retrieved from /home/panda/Documents/ODAP/Project/venv310/lib/python3.10/site-packages/airflow/example_dags/example_skip_dag.py
[2025-06-24T00:12:37.027+0700] {logging_mixin.py:188} INFO - [2025-06-24T00:12:37.026+0700] {dag.py:3096} INFO - Sync 1 DAGs
[2025-06-24T00:12:37.046+0700] {logging_mixin.py:188} INFO - [2025-06-24T00:12:37.046+0700] {dag.py:3954} INFO - Setting next_dagrun for example_skip_dag to 2025-06-22 00:00:00+00:00, run_after=2025-06-23 00:00:00+00:00
[2025-06-24T00:12:37.075+0700] {processor.py:183} INFO - Processing /home/panda/Documents/ODAP/Project/venv310/lib/python3.10/site-packages/airflow/example_dags/example_skip_dag.py took 0.093 seconds
[2025-06-24T00:13:22.339+0700] {processor.py:161} INFO - Started process (PID=12832) to work on /home/panda/Documents/ODAP/Project/venv310/lib/python3.10/site-packages/airflow/example_dags/example_skip_dag.py
[2025-06-24T00:13:22.343+0700] {processor.py:830} INFO - Processing file /home/panda/Documents/ODAP/Project/venv310/lib/python3.10/site-packages/airflow/example_dags/example_skip_dag.py for tasks to queue
[2025-06-24T00:13:22.345+0700] {logging_mixin.py:188} INFO - [2025-06-24T00:13:22.344+0700] {dagbag.py:540} INFO - Filling up the DagBag from /home/panda/Documents/ODAP/Project/venv310/lib/python3.10/site-packages/airflow/example_dags/example_skip_dag.py
[2025-06-24T00:13:22.352+0700] {processor.py:840} INFO - DAG(s) 'example_skip_dag' retrieved from /home/panda/Documents/ODAP/Project/venv310/lib/python3.10/site-packages/airflow/example_dags/example_skip_dag.py
[2025-06-24T00:13:22.373+0700] {logging_mixin.py:188} INFO - [2025-06-24T00:13:22.373+0700] {dag.py:3096} INFO - Sync 1 DAGs
[2025-06-24T00:13:22.391+0700] {logging_mixin.py:188} INFO - [2025-06-24T00:13:22.391+0700] {dag.py:3954} INFO - Setting next_dagrun for example_skip_dag to 2025-06-22 00:00:00+00:00, run_after=2025-06-23 00:00:00+00:00
[2025-06-24T00:13:22.419+0700] {processor.py:183} INFO - Processing /home/panda/Documents/ODAP/Project/venv310/lib/python3.10/site-packages/airflow/example_dags/example_skip_dag.py took 0.088 seconds
[2025-06-24T00:14:07.948+0700] {processor.py:161} INFO - Started process (PID=13075) to work on /home/panda/Documents/ODAP/Project/venv310/lib/python3.10/site-packages/airflow/example_dags/example_skip_dag.py
[2025-06-24T00:14:07.953+0700] {processor.py:830} INFO - Processing file /home/panda/Documents/ODAP/Project/venv310/lib/python3.10/site-packages/airflow/example_dags/example_skip_dag.py for tasks to queue
[2025-06-24T00:14:07.954+0700] {logging_mixin.py:188} INFO - [2025-06-24T00:14:07.954+0700] {dagbag.py:540} INFO - Filling up the DagBag from /home/panda/Documents/ODAP/Project/venv310/lib/python3.10/site-packages/airflow/example_dags/example_skip_dag.py
[2025-06-24T00:14:07.962+0700] {processor.py:840} INFO - DAG(s) 'example_skip_dag' retrieved from /home/panda/Documents/ODAP/Project/venv310/lib/python3.10/site-packages/airflow/example_dags/example_skip_dag.py
[2025-06-24T00:14:07.982+0700] {logging_mixin.py:188} INFO - [2025-06-24T00:14:07.982+0700] {dag.py:3096} INFO - Sync 1 DAGs
[2025-06-24T00:14:08.000+0700] {logging_mixin.py:188} INFO - [2025-06-24T00:14:08.000+0700] {dag.py:3954} INFO - Setting next_dagrun for example_skip_dag to 2025-06-22 00:00:00+00:00, run_after=2025-06-23 00:00:00+00:00
[2025-06-24T00:14:08.026+0700] {processor.py:183} INFO - Processing /home/panda/Documents/ODAP/Project/venv310/lib/python3.10/site-packages/airflow/example_dags/example_skip_dag.py took 0.085 seconds
[2025-06-24T00:14:53.597+0700] {processor.py:161} INFO - Started process (PID=13214) to work on /home/panda/Documents/ODAP/Project/venv310/lib/python3.10/site-packages/airflow/example_dags/example_skip_dag.py
[2025-06-24T00:14:53.600+0700] {processor.py:830} INFO - Processing file /home/panda/Documents/ODAP/Project/venv310/lib/python3.10/site-packages/airflow/example_dags/example_skip_dag.py for tasks to queue
[2025-06-24T00:14:53.601+0700] {logging_mixin.py:188} INFO - [2025-06-24T00:14:53.601+0700] {dagbag.py:540} INFO - Filling up the DagBag from /home/panda/Documents/ODAP/Project/venv310/lib/python3.10/site-packages/airflow/example_dags/example_skip_dag.py
[2025-06-24T00:14:53.609+0700] {processor.py:840} INFO - DAG(s) 'example_skip_dag' retrieved from /home/panda/Documents/ODAP/Project/venv310/lib/python3.10/site-packages/airflow/example_dags/example_skip_dag.py
[2025-06-24T00:14:53.632+0700] {logging_mixin.py:188} INFO - [2025-06-24T00:14:53.631+0700] {dag.py:3096} INFO - Sync 1 DAGs
[2025-06-24T00:14:53.655+0700] {logging_mixin.py:188} INFO - [2025-06-24T00:14:53.655+0700] {dag.py:3954} INFO - Setting next_dagrun for example_skip_dag to 2025-06-22 00:00:00+00:00, run_after=2025-06-23 00:00:00+00:00
[2025-06-24T00:14:53.694+0700] {processor.py:183} INFO - Processing /home/panda/Documents/ODAP/Project/venv310/lib/python3.10/site-packages/airflow/example_dags/example_skip_dag.py took 0.107 seconds
[2025-06-24T00:21:32.278+0700] {processor.py:161} INFO - Started process (PID=16595) to work on /home/panda/Documents/ODAP/Project/venv310/lib/python3.10/site-packages/airflow/example_dags/example_skip_dag.py
[2025-06-24T00:21:32.283+0700] {processor.py:830} INFO - Processing file /home/panda/Documents/ODAP/Project/venv310/lib/python3.10/site-packages/airflow/example_dags/example_skip_dag.py for tasks to queue
[2025-06-24T00:21:32.284+0700] {logging_mixin.py:188} INFO - [2025-06-24T00:21:32.284+0700] {dagbag.py:540} INFO - Filling up the DagBag from /home/panda/Documents/ODAP/Project/venv310/lib/python3.10/site-packages/airflow/example_dags/example_skip_dag.py
[2025-06-24T00:21:32.291+0700] {processor.py:840} INFO - DAG(s) 'example_skip_dag' retrieved from /home/panda/Documents/ODAP/Project/venv310/lib/python3.10/site-packages/airflow/example_dags/example_skip_dag.py
[2025-06-24T00:21:32.315+0700] {logging_mixin.py:188} INFO - [2025-06-24T00:21:32.314+0700] {dag.py:3096} INFO - Sync 1 DAGs
[2025-06-24T00:21:32.335+0700] {logging_mixin.py:188} INFO - [2025-06-24T00:21:32.334+0700] {dag.py:3954} INFO - Setting next_dagrun for example_skip_dag to 2025-06-22 00:00:00+00:00, run_after=2025-06-23 00:00:00+00:00
[2025-06-24T00:21:32.361+0700] {processor.py:183} INFO - Processing /home/panda/Documents/ODAP/Project/venv310/lib/python3.10/site-packages/airflow/example_dags/example_skip_dag.py took 0.090 seconds
[2025-06-24T00:22:24.185+0700] {processor.py:161} INFO - Started process (PID=16790) to work on /home/panda/Documents/ODAP/Project/venv310/lib/python3.10/site-packages/airflow/example_dags/example_skip_dag.py
[2025-06-24T00:22:24.188+0700] {processor.py:830} INFO - Processing file /home/panda/Documents/ODAP/Project/venv310/lib/python3.10/site-packages/airflow/example_dags/example_skip_dag.py for tasks to queue
[2025-06-24T00:22:24.190+0700] {logging_mixin.py:188} INFO - [2025-06-24T00:22:24.189+0700] {dagbag.py:540} INFO - Filling up the DagBag from /home/panda/Documents/ODAP/Project/venv310/lib/python3.10/site-packages/airflow/example_dags/example_skip_dag.py
[2025-06-24T00:22:24.199+0700] {processor.py:840} INFO - DAG(s) 'example_skip_dag' retrieved from /home/panda/Documents/ODAP/Project/venv310/lib/python3.10/site-packages/airflow/example_dags/example_skip_dag.py
[2025-06-24T00:22:24.220+0700] {logging_mixin.py:188} INFO - [2025-06-24T00:22:24.220+0700] {dag.py:3096} INFO - Sync 1 DAGs
[2025-06-24T00:22:24.241+0700] {logging_mixin.py:188} INFO - [2025-06-24T00:22:24.241+0700] {dag.py:3954} INFO - Setting next_dagrun for example_skip_dag to 2025-06-22 00:00:00+00:00, run_after=2025-06-23 00:00:00+00:00
[2025-06-24T00:22:24.266+0700] {processor.py:183} INFO - Processing /home/panda/Documents/ODAP/Project/venv310/lib/python3.10/site-packages/airflow/example_dags/example_skip_dag.py took 0.088 seconds
[2025-06-24T00:23:25.992+0700] {processor.py:161} INFO - Started process (PID=18259) to work on /home/panda/Documents/ODAP/Project/venv310/lib/python3.10/site-packages/airflow/example_dags/example_skip_dag.py
[2025-06-24T00:23:25.997+0700] {processor.py:830} INFO - Processing file /home/panda/Documents/ODAP/Project/venv310/lib/python3.10/site-packages/airflow/example_dags/example_skip_dag.py for tasks to queue
[2025-06-24T00:23:25.999+0700] {logging_mixin.py:188} INFO - [2025-06-24T00:23:25.998+0700] {dagbag.py:540} INFO - Filling up the DagBag from /home/panda/Documents/ODAP/Project/venv310/lib/python3.10/site-packages/airflow/example_dags/example_skip_dag.py
[2025-06-24T00:23:26.007+0700] {processor.py:840} INFO - DAG(s) 'example_skip_dag' retrieved from /home/panda/Documents/ODAP/Project/venv310/lib/python3.10/site-packages/airflow/example_dags/example_skip_dag.py
[2025-06-24T00:23:26.030+0700] {logging_mixin.py:188} INFO - [2025-06-24T00:23:26.030+0700] {dag.py:3096} INFO - Sync 1 DAGs
[2025-06-24T00:23:26.050+0700] {logging_mixin.py:188} INFO - [2025-06-24T00:23:26.050+0700] {dag.py:3954} INFO - Setting next_dagrun for example_skip_dag to 2025-06-22 00:00:00+00:00, run_after=2025-06-23 00:00:00+00:00
[2025-06-24T00:23:26.072+0700] {processor.py:183} INFO - Processing /home/panda/Documents/ODAP/Project/venv310/lib/python3.10/site-packages/airflow/example_dags/example_skip_dag.py took 0.088 seconds
[2025-06-24T00:33:44.693+0700] {processor.py:161} INFO - Started process (PID=20255) to work on /home/panda/Documents/ODAP/Project/venv310/lib/python3.10/site-packages/airflow/example_dags/example_skip_dag.py
[2025-06-24T00:33:44.699+0700] {processor.py:830} INFO - Processing file /home/panda/Documents/ODAP/Project/venv310/lib/python3.10/site-packages/airflow/example_dags/example_skip_dag.py for tasks to queue
[2025-06-24T00:33:44.700+0700] {logging_mixin.py:188} INFO - [2025-06-24T00:33:44.700+0700] {dagbag.py:540} INFO - Filling up the DagBag from /home/panda/Documents/ODAP/Project/venv310/lib/python3.10/site-packages/airflow/example_dags/example_skip_dag.py
[2025-06-24T00:33:44.709+0700] {processor.py:840} INFO - DAG(s) 'example_skip_dag' retrieved from /home/panda/Documents/ODAP/Project/venv310/lib/python3.10/site-packages/airflow/example_dags/example_skip_dag.py
[2025-06-24T00:33:44.734+0700] {logging_mixin.py:188} INFO - [2025-06-24T00:33:44.733+0700] {dag.py:3096} INFO - Sync 1 DAGs
[2025-06-24T00:33:44.755+0700] {logging_mixin.py:188} INFO - [2025-06-24T00:33:44.754+0700] {dag.py:3954} INFO - Setting next_dagrun for example_skip_dag to 2025-06-22 00:00:00+00:00, run_after=2025-06-23 00:00:00+00:00
[2025-06-24T00:33:44.783+0700] {processor.py:183} INFO - Processing /home/panda/Documents/ODAP/Project/venv310/lib/python3.10/site-packages/airflow/example_dags/example_skip_dag.py took 0.097 seconds
[2025-06-24T00:34:38.120+0700] {processor.py:161} INFO - Started process (PID=20417) to work on /home/panda/Documents/ODAP/Project/venv310/lib/python3.10/site-packages/airflow/example_dags/example_skip_dag.py
[2025-06-24T00:34:38.126+0700] {processor.py:830} INFO - Processing file /home/panda/Documents/ODAP/Project/venv310/lib/python3.10/site-packages/airflow/example_dags/example_skip_dag.py for tasks to queue
[2025-06-24T00:34:38.127+0700] {logging_mixin.py:188} INFO - [2025-06-24T00:34:38.127+0700] {dagbag.py:540} INFO - Filling up the DagBag from /home/panda/Documents/ODAP/Project/venv310/lib/python3.10/site-packages/airflow/example_dags/example_skip_dag.py
[2025-06-24T00:34:38.136+0700] {processor.py:840} INFO - DAG(s) 'example_skip_dag' retrieved from /home/panda/Documents/ODAP/Project/venv310/lib/python3.10/site-packages/airflow/example_dags/example_skip_dag.py
[2025-06-24T00:34:38.157+0700] {logging_mixin.py:188} INFO - [2025-06-24T00:34:38.157+0700] {dag.py:3096} INFO - Sync 1 DAGs
[2025-06-24T00:34:38.177+0700] {logging_mixin.py:188} INFO - [2025-06-24T00:34:38.177+0700] {dag.py:3954} INFO - Setting next_dagrun for example_skip_dag to 2025-06-22 00:00:00+00:00, run_after=2025-06-23 00:00:00+00:00
[2025-06-24T00:34:38.201+0700] {processor.py:183} INFO - Processing /home/panda/Documents/ODAP/Project/venv310/lib/python3.10/site-packages/airflow/example_dags/example_skip_dag.py took 0.089 seconds
[2025-06-24T00:35:31.217+0700] {processor.py:161} INFO - Started process (PID=20565) to work on /home/panda/Documents/ODAP/Project/venv310/lib/python3.10/site-packages/airflow/example_dags/example_skip_dag.py
[2025-06-24T00:35:31.222+0700] {processor.py:830} INFO - Processing file /home/panda/Documents/ODAP/Project/venv310/lib/python3.10/site-packages/airflow/example_dags/example_skip_dag.py for tasks to queue
[2025-06-24T00:35:31.223+0700] {logging_mixin.py:188} INFO - [2025-06-24T00:35:31.222+0700] {dagbag.py:540} INFO - Filling up the DagBag from /home/panda/Documents/ODAP/Project/venv310/lib/python3.10/site-packages/airflow/example_dags/example_skip_dag.py
[2025-06-24T00:35:31.230+0700] {processor.py:840} INFO - DAG(s) 'example_skip_dag' retrieved from /home/panda/Documents/ODAP/Project/venv310/lib/python3.10/site-packages/airflow/example_dags/example_skip_dag.py
[2025-06-24T00:35:31.252+0700] {logging_mixin.py:188} INFO - [2025-06-24T00:35:31.252+0700] {dag.py:3096} INFO - Sync 1 DAGs
[2025-06-24T00:35:31.276+0700] {logging_mixin.py:188} INFO - [2025-06-24T00:35:31.275+0700] {dag.py:3954} INFO - Setting next_dagrun for example_skip_dag to 2025-06-22 00:00:00+00:00, run_after=2025-06-23 00:00:00+00:00
[2025-06-24T00:35:31.305+0700] {processor.py:183} INFO - Processing /home/panda/Documents/ODAP/Project/venv310/lib/python3.10/site-packages/airflow/example_dags/example_skip_dag.py took 0.096 seconds
[2025-06-24T00:36:18.721+0700] {processor.py:161} INFO - Started process (PID=20868) to work on /home/panda/Documents/ODAP/Project/venv310/lib/python3.10/site-packages/airflow/example_dags/example_skip_dag.py
[2025-06-24T00:36:18.726+0700] {processor.py:830} INFO - Processing file /home/panda/Documents/ODAP/Project/venv310/lib/python3.10/site-packages/airflow/example_dags/example_skip_dag.py for tasks to queue
[2025-06-24T00:36:18.727+0700] {logging_mixin.py:188} INFO - [2025-06-24T00:36:18.727+0700] {dagbag.py:540} INFO - Filling up the DagBag from /home/panda/Documents/ODAP/Project/venv310/lib/python3.10/site-packages/airflow/example_dags/example_skip_dag.py
[2025-06-24T00:36:18.735+0700] {processor.py:840} INFO - DAG(s) 'example_skip_dag' retrieved from /home/panda/Documents/ODAP/Project/venv310/lib/python3.10/site-packages/airflow/example_dags/example_skip_dag.py
[2025-06-24T00:36:18.756+0700] {logging_mixin.py:188} INFO - [2025-06-24T00:36:18.756+0700] {dag.py:3096} INFO - Sync 1 DAGs
[2025-06-24T00:36:18.777+0700] {logging_mixin.py:188} INFO - [2025-06-24T00:36:18.777+0700] {dag.py:3954} INFO - Setting next_dagrun for example_skip_dag to 2025-06-22 00:00:00+00:00, run_after=2025-06-23 00:00:00+00:00
[2025-06-24T00:36:18.809+0700] {processor.py:183} INFO - Processing /home/panda/Documents/ODAP/Project/venv310/lib/python3.10/site-packages/airflow/example_dags/example_skip_dag.py took 0.095 seconds
[2025-06-24T00:37:06.866+0700] {processor.py:161} INFO - Started process (PID=21177) to work on /home/panda/Documents/ODAP/Project/venv310/lib/python3.10/site-packages/airflow/example_dags/example_skip_dag.py
[2025-06-24T00:37:06.869+0700] {processor.py:830} INFO - Processing file /home/panda/Documents/ODAP/Project/venv310/lib/python3.10/site-packages/airflow/example_dags/example_skip_dag.py for tasks to queue
[2025-06-24T00:37:06.870+0700] {logging_mixin.py:188} INFO - [2025-06-24T00:37:06.870+0700] {dagbag.py:540} INFO - Filling up the DagBag from /home/panda/Documents/ODAP/Project/venv310/lib/python3.10/site-packages/airflow/example_dags/example_skip_dag.py
[2025-06-24T00:37:06.878+0700] {processor.py:840} INFO - DAG(s) 'example_skip_dag' retrieved from /home/panda/Documents/ODAP/Project/venv310/lib/python3.10/site-packages/airflow/example_dags/example_skip_dag.py
[2025-06-24T00:37:06.898+0700] {logging_mixin.py:188} INFO - [2025-06-24T00:37:06.898+0700] {dag.py:3096} INFO - Sync 1 DAGs
[2025-06-24T00:37:06.919+0700] {logging_mixin.py:188} INFO - [2025-06-24T00:37:06.918+0700] {dag.py:3954} INFO - Setting next_dagrun for example_skip_dag to 2025-06-22 00:00:00+00:00, run_after=2025-06-23 00:00:00+00:00
[2025-06-24T00:37:06.949+0700] {processor.py:183} INFO - Processing /home/panda/Documents/ODAP/Project/venv310/lib/python3.10/site-packages/airflow/example_dags/example_skip_dag.py took 0.090 seconds
[2025-06-24T00:52:43.108+0700] {processor.py:161} INFO - Started process (PID=25140) to work on /home/panda/Documents/ODAP/Project/venv310/lib/python3.10/site-packages/airflow/example_dags/example_skip_dag.py
[2025-06-24T00:52:43.113+0700] {processor.py:830} INFO - Processing file /home/panda/Documents/ODAP/Project/venv310/lib/python3.10/site-packages/airflow/example_dags/example_skip_dag.py for tasks to queue
[2025-06-24T00:52:43.115+0700] {logging_mixin.py:188} INFO - [2025-06-24T00:52:43.114+0700] {dagbag.py:540} INFO - Filling up the DagBag from /home/panda/Documents/ODAP/Project/venv310/lib/python3.10/site-packages/airflow/example_dags/example_skip_dag.py
[2025-06-24T00:52:43.123+0700] {processor.py:840} INFO - DAG(s) 'example_skip_dag' retrieved from /home/panda/Documents/ODAP/Project/venv310/lib/python3.10/site-packages/airflow/example_dags/example_skip_dag.py
[2025-06-24T00:52:43.148+0700] {logging_mixin.py:188} INFO - [2025-06-24T00:52:43.147+0700] {dag.py:3096} INFO - Sync 1 DAGs
[2025-06-24T00:52:43.168+0700] {logging_mixin.py:188} INFO - [2025-06-24T00:52:43.167+0700] {dag.py:3954} INFO - Setting next_dagrun for example_skip_dag to 2025-06-22 00:00:00+00:00, run_after=2025-06-23 00:00:00+00:00
[2025-06-24T00:52:43.199+0700] {processor.py:183} INFO - Processing /home/panda/Documents/ODAP/Project/venv310/lib/python3.10/site-packages/airflow/example_dags/example_skip_dag.py took 0.099 seconds
[2025-06-24T00:53:36.342+0700] {processor.py:161} INFO - Started process (PID=25315) to work on /home/panda/Documents/ODAP/Project/venv310/lib/python3.10/site-packages/airflow/example_dags/example_skip_dag.py
[2025-06-24T00:53:36.348+0700] {processor.py:830} INFO - Processing file /home/panda/Documents/ODAP/Project/venv310/lib/python3.10/site-packages/airflow/example_dags/example_skip_dag.py for tasks to queue
[2025-06-24T00:53:36.349+0700] {logging_mixin.py:188} INFO - [2025-06-24T00:53:36.348+0700] {dagbag.py:540} INFO - Filling up the DagBag from /home/panda/Documents/ODAP/Project/venv310/lib/python3.10/site-packages/airflow/example_dags/example_skip_dag.py
[2025-06-24T00:53:36.357+0700] {processor.py:840} INFO - DAG(s) 'example_skip_dag' retrieved from /home/panda/Documents/ODAP/Project/venv310/lib/python3.10/site-packages/airflow/example_dags/example_skip_dag.py
[2025-06-24T00:53:36.379+0700] {logging_mixin.py:188} INFO - [2025-06-24T00:53:36.379+0700] {dag.py:3096} INFO - Sync 1 DAGs
[2025-06-24T00:53:36.399+0700] {logging_mixin.py:188} INFO - [2025-06-24T00:53:36.398+0700] {dag.py:3954} INFO - Setting next_dagrun for example_skip_dag to 2025-06-22 00:00:00+00:00, run_after=2025-06-23 00:00:00+00:00
[2025-06-24T00:53:36.423+0700] {processor.py:183} INFO - Processing /home/panda/Documents/ODAP/Project/venv310/lib/python3.10/site-packages/airflow/example_dags/example_skip_dag.py took 0.089 seconds
[2025-06-24T00:54:30.119+0700] {processor.py:161} INFO - Started process (PID=25620) to work on /home/panda/Documents/ODAP/Project/venv310/lib/python3.10/site-packages/airflow/example_dags/example_skip_dag.py
[2025-06-24T00:54:30.120+0700] {processor.py:830} INFO - Processing file /home/panda/Documents/ODAP/Project/venv310/lib/python3.10/site-packages/airflow/example_dags/example_skip_dag.py for tasks to queue
[2025-06-24T00:54:30.122+0700] {logging_mixin.py:188} INFO - [2025-06-24T00:54:30.121+0700] {dagbag.py:540} INFO - Filling up the DagBag from /home/panda/Documents/ODAP/Project/venv310/lib/python3.10/site-packages/airflow/example_dags/example_skip_dag.py
[2025-06-24T00:54:30.130+0700] {processor.py:840} INFO - DAG(s) 'example_skip_dag' retrieved from /home/panda/Documents/ODAP/Project/venv310/lib/python3.10/site-packages/airflow/example_dags/example_skip_dag.py
[2025-06-24T00:54:30.153+0700] {logging_mixin.py:188} INFO - [2025-06-24T00:54:30.152+0700] {dag.py:3096} INFO - Sync 1 DAGs
[2025-06-24T00:54:30.174+0700] {logging_mixin.py:188} INFO - [2025-06-24T00:54:30.174+0700] {dag.py:3954} INFO - Setting next_dagrun for example_skip_dag to 2025-06-22 00:00:00+00:00, run_after=2025-06-23 00:00:00+00:00
[2025-06-24T00:54:30.208+0700] {processor.py:183} INFO - Processing /home/panda/Documents/ODAP/Project/venv310/lib/python3.10/site-packages/airflow/example_dags/example_skip_dag.py took 0.098 seconds
[2025-06-24T01:03:17.901+0700] {processor.py:161} INFO - Started process (PID=28587) to work on /home/panda/Documents/ODAP/Project/venv310/lib/python3.10/site-packages/airflow/example_dags/example_skip_dag.py
[2025-06-24T01:03:17.907+0700] {processor.py:830} INFO - Processing file /home/panda/Documents/ODAP/Project/venv310/lib/python3.10/site-packages/airflow/example_dags/example_skip_dag.py for tasks to queue
[2025-06-24T01:03:17.908+0700] {logging_mixin.py:188} INFO - [2025-06-24T01:03:17.907+0700] {dagbag.py:540} INFO - Filling up the DagBag from /home/panda/Documents/ODAP/Project/venv310/lib/python3.10/site-packages/airflow/example_dags/example_skip_dag.py
[2025-06-24T01:03:17.915+0700] {processor.py:840} INFO - DAG(s) 'example_skip_dag' retrieved from /home/panda/Documents/ODAP/Project/venv310/lib/python3.10/site-packages/airflow/example_dags/example_skip_dag.py
[2025-06-24T01:03:17.940+0700] {logging_mixin.py:188} INFO - [2025-06-24T01:03:17.940+0700] {dag.py:3096} INFO - Sync 1 DAGs
[2025-06-24T01:03:17.961+0700] {logging_mixin.py:188} INFO - [2025-06-24T01:03:17.961+0700] {dag.py:3954} INFO - Setting next_dagrun for example_skip_dag to 2025-06-22 00:00:00+00:00, run_after=2025-06-23 00:00:00+00:00
[2025-06-24T01:03:17.986+0700] {processor.py:183} INFO - Processing /home/panda/Documents/ODAP/Project/venv310/lib/python3.10/site-packages/airflow/example_dags/example_skip_dag.py took 0.092 seconds
[2025-06-24T01:04:10.812+0700] {processor.py:161} INFO - Started process (PID=28751) to work on /home/panda/Documents/ODAP/Project/venv310/lib/python3.10/site-packages/airflow/example_dags/example_skip_dag.py
[2025-06-24T01:04:10.817+0700] {processor.py:830} INFO - Processing file /home/panda/Documents/ODAP/Project/venv310/lib/python3.10/site-packages/airflow/example_dags/example_skip_dag.py for tasks to queue
[2025-06-24T01:04:10.818+0700] {logging_mixin.py:188} INFO - [2025-06-24T01:04:10.818+0700] {dagbag.py:540} INFO - Filling up the DagBag from /home/panda/Documents/ODAP/Project/venv310/lib/python3.10/site-packages/airflow/example_dags/example_skip_dag.py
[2025-06-24T01:04:10.827+0700] {processor.py:840} INFO - DAG(s) 'example_skip_dag' retrieved from /home/panda/Documents/ODAP/Project/venv310/lib/python3.10/site-packages/airflow/example_dags/example_skip_dag.py
[2025-06-24T01:04:10.850+0700] {logging_mixin.py:188} INFO - [2025-06-24T01:04:10.850+0700] {dag.py:3096} INFO - Sync 1 DAGs
[2025-06-24T01:04:10.869+0700] {logging_mixin.py:188} INFO - [2025-06-24T01:04:10.869+0700] {dag.py:3954} INFO - Setting next_dagrun for example_skip_dag to 2025-06-22 00:00:00+00:00, run_after=2025-06-23 00:00:00+00:00
[2025-06-24T01:04:10.897+0700] {processor.py:183} INFO - Processing /home/panda/Documents/ODAP/Project/venv310/lib/python3.10/site-packages/airflow/example_dags/example_skip_dag.py took 0.095 seconds
