[2025-06-24T00:02:30.100+0700] {processor.py:161} INFO - Started process (PID=5819) to work on /home/panda/Documents/ODAP/Project/venv310/lib/python3.10/site-packages/airflow/example_dags/example_nested_branch_dag.py
[2025-06-24T00:02:30.101+0700] {processor.py:830} INFO - Processing file /home/panda/Documents/ODAP/Project/venv310/lib/python3.10/site-packages/airflow/example_dags/example_nested_branch_dag.py for tasks to queue
[2025-06-24T00:02:30.103+0700] {logging_mixin.py:188} INFO - [2025-06-24T00:02:30.103+0700] {dagbag.py:540} INFO - Filling up the DagBag from /home/panda/Documents/ODAP/Project/venv310/lib/python3.10/site-packages/airflow/example_dags/example_nested_branch_dag.py
[2025-06-24T00:02:30.115+0700] {processor.py:840} INFO - DAG(s) 'example_nested_branch_dag' retrieved from /home/panda/Documents/ODAP/Project/venv310/lib/python3.10/site-packages/airflow/example_dags/example_nested_branch_dag.py
[2025-06-24T00:02:30.135+0700] {logging_mixin.py:188} INFO - [2025-06-24T00:02:30.134+0700] {dag.py:3096} INFO - Sync 1 DAGs
[2025-06-24T00:02:30.156+0700] {logging_mixin.py:188} INFO - [2025-06-24T00:02:30.156+0700] {dag.py:3954} INFO - Setting next_dagrun for example_nested_branch_dag to 2025-06-22 00:00:00+00:00, run_after=2025-06-23 00:00:00+00:00
[2025-06-24T00:02:30.182+0700] {processor.py:183} INFO - Processing /home/panda/Documents/ODAP/Project/venv310/lib/python3.10/site-packages/airflow/example_dags/example_nested_branch_dag.py took 0.090 seconds
[2025-06-24T00:03:23.151+0700] {processor.py:161} INFO - Started process (PID=6294) to work on /home/panda/Documents/ODAP/Project/venv310/lib/python3.10/site-packages/airflow/example_dags/example_nested_branch_dag.py
[2025-06-24T00:03:23.153+0700] {processor.py:830} INFO - Processing file /home/panda/Documents/ODAP/Project/venv310/lib/python3.10/site-packages/airflow/example_dags/example_nested_branch_dag.py for tasks to queue
[2025-06-24T00:03:23.155+0700] {logging_mixin.py:188} INFO - [2025-06-24T00:03:23.154+0700] {dagbag.py:540} INFO - Filling up the DagBag from /home/panda/Documents/ODAP/Project/venv310/lib/python3.10/site-packages/airflow/example_dags/example_nested_branch_dag.py
[2025-06-24T00:03:23.167+0700] {processor.py:840} INFO - DAG(s) 'example_nested_branch_dag' retrieved from /home/panda/Documents/ODAP/Project/venv310/lib/python3.10/site-packages/airflow/example_dags/example_nested_branch_dag.py
[2025-06-24T00:03:23.188+0700] {logging_mixin.py:188} INFO - [2025-06-24T00:03:23.188+0700] {dag.py:3096} INFO - Sync 1 DAGs
[2025-06-24T00:03:23.212+0700] {logging_mixin.py:188} INFO - [2025-06-24T00:03:23.211+0700] {dag.py:3954} INFO - Setting next_dagrun for example_nested_branch_dag to 2025-06-22 00:00:00+00:00, run_after=2025-06-23 00:00:00+00:00
[2025-06-24T00:03:23.242+0700] {processor.py:183} INFO - Processing /home/panda/Documents/ODAP/Project/venv310/lib/python3.10/site-packages/airflow/example_dags/example_nested_branch_dag.py took 0.099 seconds
[2025-06-24T00:04:20.458+0700] {processor.py:161} INFO - Started process (PID=6804) to work on /home/panda/Documents/ODAP/Project/venv310/lib/python3.10/site-packages/airflow/example_dags/example_nested_branch_dag.py
[2025-06-24T00:04:20.463+0700] {processor.py:830} INFO - Processing file /home/panda/Documents/ODAP/Project/venv310/lib/python3.10/site-packages/airflow/example_dags/example_nested_branch_dag.py for tasks to queue
[2025-06-24T00:04:20.465+0700] {logging_mixin.py:188} INFO - [2025-06-24T00:04:20.464+0700] {dagbag.py:540} INFO - Filling up the DagBag from /home/panda/Documents/ODAP/Project/venv310/lib/python3.10/site-packages/airflow/example_dags/example_nested_branch_dag.py
[2025-06-24T00:04:20.478+0700] {processor.py:840} INFO - DAG(s) 'example_nested_branch_dag' retrieved from /home/panda/Documents/ODAP/Project/venv310/lib/python3.10/site-packages/airflow/example_dags/example_nested_branch_dag.py
[2025-06-24T00:04:20.500+0700] {logging_mixin.py:188} INFO - [2025-06-24T00:04:20.500+0700] {dag.py:3096} INFO - Sync 1 DAGs
[2025-06-24T00:04:20.523+0700] {logging_mixin.py:188} INFO - [2025-06-24T00:04:20.523+0700] {dag.py:3954} INFO - Setting next_dagrun for example_nested_branch_dag to 2025-06-22 00:00:00+00:00, run_after=2025-06-23 00:00:00+00:00
[2025-06-24T00:04:20.552+0700] {processor.py:183} INFO - Processing /home/panda/Documents/ODAP/Project/venv310/lib/python3.10/site-packages/airflow/example_dags/example_nested_branch_dag.py took 0.101 seconds
[2025-06-24T00:05:30.466+0700] {processor.py:161} INFO - Started process (PID=7114) to work on /home/panda/Documents/ODAP/Project/venv310/lib/python3.10/site-packages/airflow/example_dags/example_nested_branch_dag.py
[2025-06-24T00:05:30.471+0700] {processor.py:830} INFO - Processing file /home/panda/Documents/ODAP/Project/venv310/lib/python3.10/site-packages/airflow/example_dags/example_nested_branch_dag.py for tasks to queue
[2025-06-24T00:05:30.473+0700] {logging_mixin.py:188} INFO - [2025-06-24T00:05:30.473+0700] {dagbag.py:540} INFO - Filling up the DagBag from /home/panda/Documents/ODAP/Project/venv310/lib/python3.10/site-packages/airflow/example_dags/example_nested_branch_dag.py
[2025-06-24T00:05:30.488+0700] {processor.py:840} INFO - DAG(s) 'example_nested_branch_dag' retrieved from /home/panda/Documents/ODAP/Project/venv310/lib/python3.10/site-packages/airflow/example_dags/example_nested_branch_dag.py
[2025-06-24T00:05:30.510+0700] {logging_mixin.py:188} INFO - [2025-06-24T00:05:30.509+0700] {dag.py:3096} INFO - Sync 1 DAGs
[2025-06-24T00:05:30.537+0700] {logging_mixin.py:188} INFO - [2025-06-24T00:05:30.536+0700] {dag.py:3954} INFO - Setting next_dagrun for example_nested_branch_dag to 2025-06-22 00:00:00+00:00, run_after=2025-06-23 00:00:00+00:00
[2025-06-24T00:05:30.567+0700] {processor.py:183} INFO - Processing /home/panda/Documents/ODAP/Project/venv310/lib/python3.10/site-packages/airflow/example_dags/example_nested_branch_dag.py took 0.109 seconds
[2025-06-24T00:07:37.166+0700] {processor.py:161} INFO - Started process (PID=8234) to work on /home/panda/Documents/ODAP/Project/venv310/lib/python3.10/site-packages/airflow/example_dags/example_nested_branch_dag.py
[2025-06-24T00:07:37.171+0700] {processor.py:830} INFO - Processing file /home/panda/Documents/ODAP/Project/venv310/lib/python3.10/site-packages/airflow/example_dags/example_nested_branch_dag.py for tasks to queue
[2025-06-24T00:07:37.172+0700] {logging_mixin.py:188} INFO - [2025-06-24T00:07:37.172+0700] {dagbag.py:540} INFO - Filling up the DagBag from /home/panda/Documents/ODAP/Project/venv310/lib/python3.10/site-packages/airflow/example_dags/example_nested_branch_dag.py
[2025-06-24T00:07:37.184+0700] {processor.py:840} INFO - DAG(s) 'example_nested_branch_dag' retrieved from /home/panda/Documents/ODAP/Project/venv310/lib/python3.10/site-packages/airflow/example_dags/example_nested_branch_dag.py
[2025-06-24T00:07:37.205+0700] {logging_mixin.py:188} INFO - [2025-06-24T00:07:37.205+0700] {dag.py:3096} INFO - Sync 1 DAGs
[2025-06-24T00:07:37.227+0700] {logging_mixin.py:188} INFO - [2025-06-24T00:07:37.226+0700] {dag.py:3954} INFO - Setting next_dagrun for example_nested_branch_dag to 2025-06-22 00:00:00+00:00, run_after=2025-06-23 00:00:00+00:00
[2025-06-24T00:07:37.257+0700] {processor.py:183} INFO - Processing /home/panda/Documents/ODAP/Project/venv310/lib/python3.10/site-packages/airflow/example_dags/example_nested_branch_dag.py took 0.099 seconds
[2025-06-24T00:09:01.446+0700] {processor.py:161} INFO - Started process (PID=10735) to work on /home/panda/Documents/ODAP/Project/venv310/lib/python3.10/site-packages/airflow/example_dags/example_nested_branch_dag.py
[2025-06-24T00:09:01.451+0700] {processor.py:830} INFO - Processing file /home/panda/Documents/ODAP/Project/venv310/lib/python3.10/site-packages/airflow/example_dags/example_nested_branch_dag.py for tasks to queue
[2025-06-24T00:09:01.452+0700] {logging_mixin.py:188} INFO - [2025-06-24T00:09:01.452+0700] {dagbag.py:540} INFO - Filling up the DagBag from /home/panda/Documents/ODAP/Project/venv310/lib/python3.10/site-packages/airflow/example_dags/example_nested_branch_dag.py
[2025-06-24T00:09:01.465+0700] {processor.py:840} INFO - DAG(s) 'example_nested_branch_dag' retrieved from /home/panda/Documents/ODAP/Project/venv310/lib/python3.10/site-packages/airflow/example_dags/example_nested_branch_dag.py
[2025-06-24T00:09:01.480+0700] {logging_mixin.py:188} INFO - [2025-06-24T00:09:01.479+0700] {dag.py:3096} INFO - Sync 1 DAGs
[2025-06-24T00:09:01.493+0700] {logging_mixin.py:188} INFO - [2025-06-24T00:09:01.493+0700] {dag.py:3954} INFO - Setting next_dagrun for example_nested_branch_dag to 2025-06-22 00:00:00+00:00, run_after=2025-06-23 00:00:00+00:00
[2025-06-24T00:09:01.518+0700] {processor.py:183} INFO - Processing /home/panda/Documents/ODAP/Project/venv310/lib/python3.10/site-packages/airflow/example_dags/example_nested_branch_dag.py took 0.078 seconds
[2025-06-24T00:09:53.201+0700] {processor.py:161} INFO - Started process (PID=10875) to work on /home/panda/Documents/ODAP/Project/venv310/lib/python3.10/site-packages/airflow/example_dags/example_nested_branch_dag.py
[2025-06-24T00:09:53.205+0700] {processor.py:830} INFO - Processing file /home/panda/Documents/ODAP/Project/venv310/lib/python3.10/site-packages/airflow/example_dags/example_nested_branch_dag.py for tasks to queue
[2025-06-24T00:09:53.207+0700] {logging_mixin.py:188} INFO - [2025-06-24T00:09:53.206+0700] {dagbag.py:540} INFO - Filling up the DagBag from /home/panda/Documents/ODAP/Project/venv310/lib/python3.10/site-packages/airflow/example_dags/example_nested_branch_dag.py
[2025-06-24T00:09:53.218+0700] {processor.py:840} INFO - DAG(s) 'example_nested_branch_dag' retrieved from /home/panda/Documents/ODAP/Project/venv310/lib/python3.10/site-packages/airflow/example_dags/example_nested_branch_dag.py
[2025-06-24T00:09:53.238+0700] {logging_mixin.py:188} INFO - [2025-06-24T00:09:53.237+0700] {dag.py:3096} INFO - Sync 1 DAGs
[2025-06-24T00:09:53.257+0700] {logging_mixin.py:188} INFO - [2025-06-24T00:09:53.257+0700] {dag.py:3954} INFO - Setting next_dagrun for example_nested_branch_dag to 2025-06-22 00:00:00+00:00, run_after=2025-06-23 00:00:00+00:00
[2025-06-24T00:09:53.282+0700] {processor.py:183} INFO - Processing /home/panda/Documents/ODAP/Project/venv310/lib/python3.10/site-packages/airflow/example_dags/example_nested_branch_dag.py took 0.089 seconds
[2025-06-24T00:10:47.996+0700] {processor.py:161} INFO - Started process (PID=11085) to work on /home/panda/Documents/ODAP/Project/venv310/lib/python3.10/site-packages/airflow/example_dags/example_nested_branch_dag.py
[2025-06-24T00:10:48.001+0700] {processor.py:830} INFO - Processing file /home/panda/Documents/ODAP/Project/venv310/lib/python3.10/site-packages/airflow/example_dags/example_nested_branch_dag.py for tasks to queue
[2025-06-24T00:10:48.003+0700] {logging_mixin.py:188} INFO - [2025-06-24T00:10:48.002+0700] {dagbag.py:540} INFO - Filling up the DagBag from /home/panda/Documents/ODAP/Project/venv310/lib/python3.10/site-packages/airflow/example_dags/example_nested_branch_dag.py
[2025-06-24T00:10:48.016+0700] {processor.py:840} INFO - DAG(s) 'example_nested_branch_dag' retrieved from /home/panda/Documents/ODAP/Project/venv310/lib/python3.10/site-packages/airflow/example_dags/example_nested_branch_dag.py
[2025-06-24T00:10:48.036+0700] {logging_mixin.py:188} INFO - [2025-06-24T00:10:48.036+0700] {dag.py:3096} INFO - Sync 1 DAGs
[2025-06-24T00:10:48.056+0700] {logging_mixin.py:188} INFO - [2025-06-24T00:10:48.056+0700] {dag.py:3954} INFO - Setting next_dagrun for example_nested_branch_dag to 2025-06-22 00:00:00+00:00, run_after=2025-06-23 00:00:00+00:00
[2025-06-24T00:10:48.085+0700] {processor.py:183} INFO - Processing /home/panda/Documents/ODAP/Project/venv310/lib/python3.10/site-packages/airflow/example_dags/example_nested_branch_dag.py took 0.097 seconds
[2025-06-24T00:12:00.351+0700] {processor.py:161} INFO - Started process (PID=12558) to work on /home/panda/Documents/ODAP/Project/venv310/lib/python3.10/site-packages/airflow/example_dags/example_nested_branch_dag.py
[2025-06-24T00:12:00.356+0700] {processor.py:830} INFO - Processing file /home/panda/Documents/ODAP/Project/venv310/lib/python3.10/site-packages/airflow/example_dags/example_nested_branch_dag.py for tasks to queue
[2025-06-24T00:12:00.357+0700] {logging_mixin.py:188} INFO - [2025-06-24T00:12:00.357+0700] {dagbag.py:540} INFO - Filling up the DagBag from /home/panda/Documents/ODAP/Project/venv310/lib/python3.10/site-packages/airflow/example_dags/example_nested_branch_dag.py
[2025-06-24T00:12:00.369+0700] {processor.py:840} INFO - DAG(s) 'example_nested_branch_dag' retrieved from /home/panda/Documents/ODAP/Project/venv310/lib/python3.10/site-packages/airflow/example_dags/example_nested_branch_dag.py
[2025-06-24T00:12:00.389+0700] {logging_mixin.py:188} INFO - [2025-06-24T00:12:00.389+0700] {dag.py:3096} INFO - Sync 1 DAGs
[2025-06-24T00:12:00.410+0700] {logging_mixin.py:188} INFO - [2025-06-24T00:12:00.409+0700] {dag.py:3954} INFO - Setting next_dagrun for example_nested_branch_dag to 2025-06-22 00:00:00+00:00, run_after=2025-06-23 00:00:00+00:00
[2025-06-24T00:12:00.436+0700] {processor.py:183} INFO - Processing /home/panda/Documents/ODAP/Project/venv310/lib/python3.10/site-packages/airflow/example_dags/example_nested_branch_dag.py took 0.092 seconds
[2025-06-24T00:13:03.770+0700] {processor.py:161} INFO - Started process (PID=12759) to work on /home/panda/Documents/ODAP/Project/venv310/lib/python3.10/site-packages/airflow/example_dags/example_nested_branch_dag.py
[2025-06-24T00:13:03.775+0700] {processor.py:830} INFO - Processing file /home/panda/Documents/ODAP/Project/venv310/lib/python3.10/site-packages/airflow/example_dags/example_nested_branch_dag.py for tasks to queue
[2025-06-24T00:13:03.776+0700] {logging_mixin.py:188} INFO - [2025-06-24T00:13:03.776+0700] {dagbag.py:540} INFO - Filling up the DagBag from /home/panda/Documents/ODAP/Project/venv310/lib/python3.10/site-packages/airflow/example_dags/example_nested_branch_dag.py
[2025-06-24T00:13:03.788+0700] {processor.py:840} INFO - DAG(s) 'example_nested_branch_dag' retrieved from /home/panda/Documents/ODAP/Project/venv310/lib/python3.10/site-packages/airflow/example_dags/example_nested_branch_dag.py
[2025-06-24T00:13:03.809+0700] {logging_mixin.py:188} INFO - [2025-06-24T00:13:03.809+0700] {dag.py:3096} INFO - Sync 1 DAGs
[2025-06-24T00:13:03.829+0700] {logging_mixin.py:188} INFO - [2025-06-24T00:13:03.828+0700] {dag.py:3954} INFO - Setting next_dagrun for example_nested_branch_dag to 2025-06-22 00:00:00+00:00, run_after=2025-06-23 00:00:00+00:00
[2025-06-24T00:13:03.853+0700] {processor.py:183} INFO - Processing /home/panda/Documents/ODAP/Project/venv310/lib/python3.10/site-packages/airflow/example_dags/example_nested_branch_dag.py took 0.090 seconds
[2025-06-24T00:14:11.155+0700] {processor.py:161} INFO - Started process (PID=13094) to work on /home/panda/Documents/ODAP/Project/venv310/lib/python3.10/site-packages/airflow/example_dags/example_nested_branch_dag.py
[2025-06-24T00:14:11.159+0700] {processor.py:830} INFO - Processing file /home/panda/Documents/ODAP/Project/venv310/lib/python3.10/site-packages/airflow/example_dags/example_nested_branch_dag.py for tasks to queue
[2025-06-24T00:14:11.160+0700] {logging_mixin.py:188} INFO - [2025-06-24T00:14:11.160+0700] {dagbag.py:540} INFO - Filling up the DagBag from /home/panda/Documents/ODAP/Project/venv310/lib/python3.10/site-packages/airflow/example_dags/example_nested_branch_dag.py
[2025-06-24T00:14:11.172+0700] {processor.py:840} INFO - DAG(s) 'example_nested_branch_dag' retrieved from /home/panda/Documents/ODAP/Project/venv310/lib/python3.10/site-packages/airflow/example_dags/example_nested_branch_dag.py
[2025-06-24T00:14:11.194+0700] {logging_mixin.py:188} INFO - [2025-06-24T00:14:11.194+0700] {dag.py:3096} INFO - Sync 1 DAGs
[2025-06-24T00:14:11.214+0700] {logging_mixin.py:188} INFO - [2025-06-24T00:14:11.214+0700] {dag.py:3954} INFO - Setting next_dagrun for example_nested_branch_dag to 2025-06-22 00:00:00+00:00, run_after=2025-06-23 00:00:00+00:00
[2025-06-24T00:14:11.243+0700] {processor.py:183} INFO - Processing /home/panda/Documents/ODAP/Project/venv310/lib/python3.10/site-packages/airflow/example_dags/example_nested_branch_dag.py took 0.095 seconds
[2025-06-24T00:21:46.695+0700] {processor.py:161} INFO - Started process (PID=16634) to work on /home/panda/Documents/ODAP/Project/venv310/lib/python3.10/site-packages/airflow/example_dags/example_nested_branch_dag.py
[2025-06-24T00:21:46.701+0700] {processor.py:830} INFO - Processing file /home/panda/Documents/ODAP/Project/venv310/lib/python3.10/site-packages/airflow/example_dags/example_nested_branch_dag.py for tasks to queue
[2025-06-24T00:21:46.702+0700] {logging_mixin.py:188} INFO - [2025-06-24T00:21:46.701+0700] {dagbag.py:540} INFO - Filling up the DagBag from /home/panda/Documents/ODAP/Project/venv310/lib/python3.10/site-packages/airflow/example_dags/example_nested_branch_dag.py
[2025-06-24T00:21:46.714+0700] {processor.py:840} INFO - DAG(s) 'example_nested_branch_dag' retrieved from /home/panda/Documents/ODAP/Project/venv310/lib/python3.10/site-packages/airflow/example_dags/example_nested_branch_dag.py
[2025-06-24T00:21:46.735+0700] {logging_mixin.py:188} INFO - [2025-06-24T00:21:46.735+0700] {dag.py:3096} INFO - Sync 1 DAGs
[2025-06-24T00:21:46.756+0700] {logging_mixin.py:188} INFO - [2025-06-24T00:21:46.756+0700] {dag.py:3954} INFO - Setting next_dagrun for example_nested_branch_dag to 2025-06-22 00:00:00+00:00, run_after=2025-06-23 00:00:00+00:00
[2025-06-24T00:21:46.780+0700] {processor.py:183} INFO - Processing /home/panda/Documents/ODAP/Project/venv310/lib/python3.10/site-packages/airflow/example_dags/example_nested_branch_dag.py took 0.092 seconds
[2025-06-24T00:22:38.342+0700] {processor.py:161} INFO - Started process (PID=16921) to work on /home/panda/Documents/ODAP/Project/venv310/lib/python3.10/site-packages/airflow/example_dags/example_nested_branch_dag.py
[2025-06-24T00:22:38.347+0700] {processor.py:830} INFO - Processing file /home/panda/Documents/ODAP/Project/venv310/lib/python3.10/site-packages/airflow/example_dags/example_nested_branch_dag.py for tasks to queue
[2025-06-24T00:22:38.348+0700] {logging_mixin.py:188} INFO - [2025-06-24T00:22:38.347+0700] {dagbag.py:540} INFO - Filling up the DagBag from /home/panda/Documents/ODAP/Project/venv310/lib/python3.10/site-packages/airflow/example_dags/example_nested_branch_dag.py
[2025-06-24T00:22:38.360+0700] {processor.py:840} INFO - DAG(s) 'example_nested_branch_dag' retrieved from /home/panda/Documents/ODAP/Project/venv310/lib/python3.10/site-packages/airflow/example_dags/example_nested_branch_dag.py
[2025-06-24T00:22:38.380+0700] {logging_mixin.py:188} INFO - [2025-06-24T00:22:38.380+0700] {dag.py:3096} INFO - Sync 1 DAGs
[2025-06-24T00:22:38.402+0700] {logging_mixin.py:188} INFO - [2025-06-24T00:22:38.402+0700] {dag.py:3954} INFO - Setting next_dagrun for example_nested_branch_dag to 2025-06-22 00:00:00+00:00, run_after=2025-06-23 00:00:00+00:00
[2025-06-24T00:22:38.435+0700] {processor.py:183} INFO - Processing /home/panda/Documents/ODAP/Project/venv310/lib/python3.10/site-packages/airflow/example_dags/example_nested_branch_dag.py took 0.101 seconds
[2025-06-24T00:33:59.119+0700] {processor.py:161} INFO - Started process (PID=20313) to work on /home/panda/Documents/ODAP/Project/venv310/lib/python3.10/site-packages/airflow/example_dags/example_nested_branch_dag.py
[2025-06-24T00:33:59.124+0700] {processor.py:830} INFO - Processing file /home/panda/Documents/ODAP/Project/venv310/lib/python3.10/site-packages/airflow/example_dags/example_nested_branch_dag.py for tasks to queue
[2025-06-24T00:33:59.125+0700] {logging_mixin.py:188} INFO - [2025-06-24T00:33:59.125+0700] {dagbag.py:540} INFO - Filling up the DagBag from /home/panda/Documents/ODAP/Project/venv310/lib/python3.10/site-packages/airflow/example_dags/example_nested_branch_dag.py
[2025-06-24T00:33:59.138+0700] {processor.py:840} INFO - DAG(s) 'example_nested_branch_dag' retrieved from /home/panda/Documents/ODAP/Project/venv310/lib/python3.10/site-packages/airflow/example_dags/example_nested_branch_dag.py
[2025-06-24T00:33:59.160+0700] {logging_mixin.py:188} INFO - [2025-06-24T00:33:59.160+0700] {dag.py:3096} INFO - Sync 1 DAGs
[2025-06-24T00:33:59.181+0700] {logging_mixin.py:188} INFO - [2025-06-24T00:33:59.181+0700] {dag.py:3954} INFO - Setting next_dagrun for example_nested_branch_dag to 2025-06-22 00:00:00+00:00, run_after=2025-06-23 00:00:00+00:00
[2025-06-24T00:33:59.207+0700] {processor.py:183} INFO - Processing /home/panda/Documents/ODAP/Project/venv310/lib/python3.10/site-packages/airflow/example_dags/example_nested_branch_dag.py took 0.096 seconds
[2025-06-24T00:34:52.438+0700] {processor.py:161} INFO - Started process (PID=20459) to work on /home/panda/Documents/ODAP/Project/venv310/lib/python3.10/site-packages/airflow/example_dags/example_nested_branch_dag.py
[2025-06-24T00:34:52.443+0700] {processor.py:830} INFO - Processing file /home/panda/Documents/ODAP/Project/venv310/lib/python3.10/site-packages/airflow/example_dags/example_nested_branch_dag.py for tasks to queue
[2025-06-24T00:34:52.444+0700] {logging_mixin.py:188} INFO - [2025-06-24T00:34:52.443+0700] {dagbag.py:540} INFO - Filling up the DagBag from /home/panda/Documents/ODAP/Project/venv310/lib/python3.10/site-packages/airflow/example_dags/example_nested_branch_dag.py
[2025-06-24T00:34:52.456+0700] {processor.py:840} INFO - DAG(s) 'example_nested_branch_dag' retrieved from /home/panda/Documents/ODAP/Project/venv310/lib/python3.10/site-packages/airflow/example_dags/example_nested_branch_dag.py
[2025-06-24T00:34:52.477+0700] {logging_mixin.py:188} INFO - [2025-06-24T00:34:52.477+0700] {dag.py:3096} INFO - Sync 1 DAGs
[2025-06-24T00:34:52.497+0700] {logging_mixin.py:188} INFO - [2025-06-24T00:34:52.497+0700] {dag.py:3954} INFO - Setting next_dagrun for example_nested_branch_dag to 2025-06-22 00:00:00+00:00, run_after=2025-06-23 00:00:00+00:00
[2025-06-24T00:34:52.526+0700] {processor.py:183} INFO - Processing /home/panda/Documents/ODAP/Project/venv310/lib/python3.10/site-packages/airflow/example_dags/example_nested_branch_dag.py took 0.096 seconds
[2025-06-24T00:35:45.307+0700] {processor.py:161} INFO - Started process (PID=20598) to work on /home/panda/Documents/ODAP/Project/venv310/lib/python3.10/site-packages/airflow/example_dags/example_nested_branch_dag.py
[2025-06-24T00:35:45.312+0700] {processor.py:830} INFO - Processing file /home/panda/Documents/ODAP/Project/venv310/lib/python3.10/site-packages/airflow/example_dags/example_nested_branch_dag.py for tasks to queue
[2025-06-24T00:35:45.314+0700] {logging_mixin.py:188} INFO - [2025-06-24T00:35:45.313+0700] {dagbag.py:540} INFO - Filling up the DagBag from /home/panda/Documents/ODAP/Project/venv310/lib/python3.10/site-packages/airflow/example_dags/example_nested_branch_dag.py
[2025-06-24T00:35:45.327+0700] {processor.py:840} INFO - DAG(s) 'example_nested_branch_dag' retrieved from /home/panda/Documents/ODAP/Project/venv310/lib/python3.10/site-packages/airflow/example_dags/example_nested_branch_dag.py
[2025-06-24T00:35:45.349+0700] {logging_mixin.py:188} INFO - [2025-06-24T00:35:45.348+0700] {dag.py:3096} INFO - Sync 1 DAGs
[2025-06-24T00:35:45.368+0700] {logging_mixin.py:188} INFO - [2025-06-24T00:35:45.368+0700] {dag.py:3954} INFO - Setting next_dagrun for example_nested_branch_dag to 2025-06-22 00:00:00+00:00, run_after=2025-06-23 00:00:00+00:00
[2025-06-24T00:35:45.398+0700] {processor.py:183} INFO - Processing /home/panda/Documents/ODAP/Project/venv310/lib/python3.10/site-packages/airflow/example_dags/example_nested_branch_dag.py took 0.099 seconds
[2025-06-24T00:36:54.847+0700] {processor.py:161} INFO - Started process (PID=21065) to work on /home/panda/Documents/ODAP/Project/venv310/lib/python3.10/site-packages/airflow/example_dags/example_nested_branch_dag.py
[2025-06-24T00:36:54.852+0700] {processor.py:830} INFO - Processing file /home/panda/Documents/ODAP/Project/venv310/lib/python3.10/site-packages/airflow/example_dags/example_nested_branch_dag.py for tasks to queue
[2025-06-24T00:36:54.853+0700] {logging_mixin.py:188} INFO - [2025-06-24T00:36:54.853+0700] {dagbag.py:540} INFO - Filling up the DagBag from /home/panda/Documents/ODAP/Project/venv310/lib/python3.10/site-packages/airflow/example_dags/example_nested_branch_dag.py
[2025-06-24T00:36:54.862+0700] {processor.py:840} INFO - DAG(s) 'example_nested_branch_dag' retrieved from /home/panda/Documents/ODAP/Project/venv310/lib/python3.10/site-packages/airflow/example_dags/example_nested_branch_dag.py
[2025-06-24T00:36:54.879+0700] {logging_mixin.py:188} INFO - [2025-06-24T00:36:54.878+0700] {dag.py:3096} INFO - Sync 1 DAGs
[2025-06-24T00:36:54.894+0700] {logging_mixin.py:188} INFO - [2025-06-24T00:36:54.894+0700] {dag.py:3954} INFO - Setting next_dagrun for example_nested_branch_dag to 2025-06-22 00:00:00+00:00, run_after=2025-06-23 00:00:00+00:00
[2025-06-24T00:36:54.918+0700] {processor.py:183} INFO - Processing /home/panda/Documents/ODAP/Project/venv310/lib/python3.10/site-packages/airflow/example_dags/example_nested_branch_dag.py took 0.079 seconds
[2025-06-24T00:52:57.210+0700] {processor.py:161} INFO - Started process (PID=25180) to work on /home/panda/Documents/ODAP/Project/venv310/lib/python3.10/site-packages/airflow/example_dags/example_nested_branch_dag.py
[2025-06-24T00:52:57.215+0700] {processor.py:830} INFO - Processing file /home/panda/Documents/ODAP/Project/venv310/lib/python3.10/site-packages/airflow/example_dags/example_nested_branch_dag.py for tasks to queue
[2025-06-24T00:52:57.216+0700] {logging_mixin.py:188} INFO - [2025-06-24T00:52:57.215+0700] {dagbag.py:540} INFO - Filling up the DagBag from /home/panda/Documents/ODAP/Project/venv310/lib/python3.10/site-packages/airflow/example_dags/example_nested_branch_dag.py
[2025-06-24T00:52:57.228+0700] {processor.py:840} INFO - DAG(s) 'example_nested_branch_dag' retrieved from /home/panda/Documents/ODAP/Project/venv310/lib/python3.10/site-packages/airflow/example_dags/example_nested_branch_dag.py
[2025-06-24T00:52:57.251+0700] {logging_mixin.py:188} INFO - [2025-06-24T00:52:57.250+0700] {dag.py:3096} INFO - Sync 1 DAGs
[2025-06-24T00:52:57.274+0700] {logging_mixin.py:188} INFO - [2025-06-24T00:52:57.273+0700] {dag.py:3954} INFO - Setting next_dagrun for example_nested_branch_dag to 2025-06-22 00:00:00+00:00, run_after=2025-06-23 00:00:00+00:00
[2025-06-24T00:52:57.319+0700] {processor.py:183} INFO - Processing /home/panda/Documents/ODAP/Project/venv310/lib/python3.10/site-packages/airflow/example_dags/example_nested_branch_dag.py took 0.117 seconds
[2025-06-24T00:53:50.522+0700] {processor.py:161} INFO - Started process (PID=25394) to work on /home/panda/Documents/ODAP/Project/venv310/lib/python3.10/site-packages/airflow/example_dags/example_nested_branch_dag.py
[2025-06-24T00:53:50.524+0700] {processor.py:830} INFO - Processing file /home/panda/Documents/ODAP/Project/venv310/lib/python3.10/site-packages/airflow/example_dags/example_nested_branch_dag.py for tasks to queue
[2025-06-24T00:53:50.525+0700] {logging_mixin.py:188} INFO - [2025-06-24T00:53:50.525+0700] {dagbag.py:540} INFO - Filling up the DagBag from /home/panda/Documents/ODAP/Project/venv310/lib/python3.10/site-packages/airflow/example_dags/example_nested_branch_dag.py
[2025-06-24T00:53:50.536+0700] {processor.py:840} INFO - DAG(s) 'example_nested_branch_dag' retrieved from /home/panda/Documents/ODAP/Project/venv310/lib/python3.10/site-packages/airflow/example_dags/example_nested_branch_dag.py
[2025-06-24T00:53:50.552+0700] {logging_mixin.py:188} INFO - [2025-06-24T00:53:50.552+0700] {dag.py:3096} INFO - Sync 1 DAGs
[2025-06-24T00:53:50.569+0700] {logging_mixin.py:188} INFO - [2025-06-24T00:53:50.568+0700] {dag.py:3954} INFO - Setting next_dagrun for example_nested_branch_dag to 2025-06-22 00:00:00+00:00, run_after=2025-06-23 00:00:00+00:00
[2025-06-24T00:53:50.598+0700] {processor.py:183} INFO - Processing /home/panda/Documents/ODAP/Project/venv310/lib/python3.10/site-packages/airflow/example_dags/example_nested_branch_dag.py took 0.084 seconds
[2025-06-24T00:54:43.412+0700] {processor.py:161} INFO - Started process (PID=25675) to work on /home/panda/Documents/ODAP/Project/venv310/lib/python3.10/site-packages/airflow/example_dags/example_nested_branch_dag.py
[2025-06-24T00:54:43.417+0700] {processor.py:830} INFO - Processing file /home/panda/Documents/ODAP/Project/venv310/lib/python3.10/site-packages/airflow/example_dags/example_nested_branch_dag.py for tasks to queue
[2025-06-24T00:54:43.419+0700] {logging_mixin.py:188} INFO - [2025-06-24T00:54:43.418+0700] {dagbag.py:540} INFO - Filling up the DagBag from /home/panda/Documents/ODAP/Project/venv310/lib/python3.10/site-packages/airflow/example_dags/example_nested_branch_dag.py
[2025-06-24T00:54:43.431+0700] {processor.py:840} INFO - DAG(s) 'example_nested_branch_dag' retrieved from /home/panda/Documents/ODAP/Project/venv310/lib/python3.10/site-packages/airflow/example_dags/example_nested_branch_dag.py
[2025-06-24T00:54:43.451+0700] {logging_mixin.py:188} INFO - [2025-06-24T00:54:43.451+0700] {dag.py:3096} INFO - Sync 1 DAGs
[2025-06-24T00:54:43.472+0700] {logging_mixin.py:188} INFO - [2025-06-24T00:54:43.472+0700] {dag.py:3954} INFO - Setting next_dagrun for example_nested_branch_dag to 2025-06-22 00:00:00+00:00, run_after=2025-06-23 00:00:00+00:00
[2025-06-24T00:54:43.497+0700] {processor.py:183} INFO - Processing /home/panda/Documents/ODAP/Project/venv310/lib/python3.10/site-packages/airflow/example_dags/example_nested_branch_dag.py took 0.092 seconds
[2025-06-24T01:03:32.891+0700] {processor.py:161} INFO - Started process (PID=28619) to work on /home/panda/Documents/ODAP/Project/venv310/lib/python3.10/site-packages/airflow/example_dags/example_nested_branch_dag.py
[2025-06-24T01:03:32.897+0700] {processor.py:830} INFO - Processing file /home/panda/Documents/ODAP/Project/venv310/lib/python3.10/site-packages/airflow/example_dags/example_nested_branch_dag.py for tasks to queue
[2025-06-24T01:03:32.898+0700] {logging_mixin.py:188} INFO - [2025-06-24T01:03:32.898+0700] {dagbag.py:540} INFO - Filling up the DagBag from /home/panda/Documents/ODAP/Project/venv310/lib/python3.10/site-packages/airflow/example_dags/example_nested_branch_dag.py
[2025-06-24T01:03:32.911+0700] {processor.py:840} INFO - DAG(s) 'example_nested_branch_dag' retrieved from /home/panda/Documents/ODAP/Project/venv310/lib/python3.10/site-packages/airflow/example_dags/example_nested_branch_dag.py
[2025-06-24T01:03:32.933+0700] {logging_mixin.py:188} INFO - [2025-06-24T01:03:32.933+0700] {dag.py:3096} INFO - Sync 1 DAGs
[2025-06-24T01:03:32.955+0700] {logging_mixin.py:188} INFO - [2025-06-24T01:03:32.955+0700] {dag.py:3954} INFO - Setting next_dagrun for example_nested_branch_dag to 2025-06-22 00:00:00+00:00, run_after=2025-06-23 00:00:00+00:00
[2025-06-24T01:03:32.985+0700] {processor.py:183} INFO - Processing /home/panda/Documents/ODAP/Project/venv310/lib/python3.10/site-packages/airflow/example_dags/example_nested_branch_dag.py took 0.102 seconds
[2025-06-24T01:04:25.119+0700] {processor.py:161} INFO - Started process (PID=28865) to work on /home/panda/Documents/ODAP/Project/venv310/lib/python3.10/site-packages/airflow/example_dags/example_nested_branch_dag.py
[2025-06-24T01:04:25.124+0700] {processor.py:830} INFO - Processing file /home/panda/Documents/ODAP/Project/venv310/lib/python3.10/site-packages/airflow/example_dags/example_nested_branch_dag.py for tasks to queue
[2025-06-24T01:04:25.125+0700] {logging_mixin.py:188} INFO - [2025-06-24T01:04:25.124+0700] {dagbag.py:540} INFO - Filling up the DagBag from /home/panda/Documents/ODAP/Project/venv310/lib/python3.10/site-packages/airflow/example_dags/example_nested_branch_dag.py
[2025-06-24T01:04:25.138+0700] {processor.py:840} INFO - DAG(s) 'example_nested_branch_dag' retrieved from /home/panda/Documents/ODAP/Project/venv310/lib/python3.10/site-packages/airflow/example_dags/example_nested_branch_dag.py
[2025-06-24T01:04:25.159+0700] {logging_mixin.py:188} INFO - [2025-06-24T01:04:25.158+0700] {dag.py:3096} INFO - Sync 1 DAGs
[2025-06-24T01:04:25.179+0700] {logging_mixin.py:188} INFO - [2025-06-24T01:04:25.179+0700] {dag.py:3954} INFO - Setting next_dagrun for example_nested_branch_dag to 2025-06-22 00:00:00+00:00, run_after=2025-06-23 00:00:00+00:00
[2025-06-24T01:04:25.205+0700] {processor.py:183} INFO - Processing /home/panda/Documents/ODAP/Project/venv310/lib/python3.10/site-packages/airflow/example_dags/example_nested_branch_dag.py took 0.094 seconds
