[2025-06-24T00:02:42.017+0700] {processor.py:161} INFO - Started process (PID=5939) to work on /home/panda/Documents/ODAP/Project/venv310/lib/python3.10/site-packages/airflow/example_dags/example_bash_operator.py
[2025-06-24T00:02:42.018+0700] {processor.py:830} INFO - Processing file /home/panda/Documents/ODAP/Project/venv310/lib/python3.10/site-packages/airflow/example_dags/example_bash_operator.py for tasks to queue
[2025-06-24T00:02:42.020+0700] {logging_mixin.py:188} INFO - [2025-06-24T00:02:42.020+0700] {dagbag.py:540} INFO - Filling up the DagBag from /home/panda/Documents/ODAP/Project/venv310/lib/python3.10/site-packages/airflow/example_dags/example_bash_operator.py
[2025-06-24T00:02:42.034+0700] {processor.py:840} INFO - DAG(s) 'example_bash_operator' retrieved from /home/panda/Documents/ODAP/Project/venv310/lib/python3.10/site-packages/airflow/example_dags/example_bash_operator.py
[2025-06-24T00:02:42.060+0700] {logging_mixin.py:188} INFO - [2025-06-24T00:02:42.059+0700] {dag.py:3096} INFO - Sync 1 DAGs
[2025-06-24T00:02:42.080+0700] {logging_mixin.py:188} INFO - [2025-06-24T00:02:42.079+0700] {dag.py:3954} INFO - Setting next_dagrun for example_bash_operator to 2025-06-22 00:00:00+00:00, run_after=2025-06-23 00:00:00+00:00
[2025-06-24T00:02:42.107+0700] {processor.py:183} INFO - Processing /home/panda/Documents/ODAP/Project/venv310/lib/python3.10/site-packages/airflow/example_dags/example_bash_operator.py took 0.097 seconds
[2025-06-24T00:03:54.495+0700] {processor.py:161} INFO - Started process (PID=6420) to work on /home/panda/Documents/ODAP/Project/venv310/lib/python3.10/site-packages/airflow/example_dags/example_bash_operator.py
[2025-06-24T00:03:54.497+0700] {processor.py:830} INFO - Processing file /home/panda/Documents/ODAP/Project/venv310/lib/python3.10/site-packages/airflow/example_dags/example_bash_operator.py for tasks to queue
[2025-06-24T00:03:54.499+0700] {logging_mixin.py:188} INFO - [2025-06-24T00:03:54.499+0700] {dagbag.py:540} INFO - Filling up the DagBag from /home/panda/Documents/ODAP/Project/venv310/lib/python3.10/site-packages/airflow/example_dags/example_bash_operator.py
[2025-06-24T00:03:54.513+0700] {processor.py:840} INFO - DAG(s) 'example_bash_operator' retrieved from /home/panda/Documents/ODAP/Project/venv310/lib/python3.10/site-packages/airflow/example_dags/example_bash_operator.py
[2025-06-24T00:03:54.536+0700] {logging_mixin.py:188} INFO - [2025-06-24T00:03:54.536+0700] {dag.py:3096} INFO - Sync 1 DAGs
[2025-06-24T00:03:54.681+0700] {logging_mixin.py:188} INFO - [2025-06-24T00:03:54.680+0700] {dag.py:3954} INFO - Setting next_dagrun for example_bash_operator to 2025-06-22 00:00:00+00:00, run_after=2025-06-23 00:00:00+00:00
[2025-06-24T00:03:54.711+0700] {processor.py:183} INFO - Processing /home/panda/Documents/ODAP/Project/venv310/lib/python3.10/site-packages/airflow/example_dags/example_bash_operator.py took 0.222 seconds
[2025-06-24T00:05:08.217+0700] {processor.py:161} INFO - Started process (PID=6978) to work on /home/panda/Documents/ODAP/Project/venv310/lib/python3.10/site-packages/airflow/example_dags/example_bash_operator.py
[2025-06-24T00:05:08.222+0700] {processor.py:830} INFO - Processing file /home/panda/Documents/ODAP/Project/venv310/lib/python3.10/site-packages/airflow/example_dags/example_bash_operator.py for tasks to queue
[2025-06-24T00:05:08.224+0700] {logging_mixin.py:188} INFO - [2025-06-24T00:05:08.224+0700] {dagbag.py:540} INFO - Filling up the DagBag from /home/panda/Documents/ODAP/Project/venv310/lib/python3.10/site-packages/airflow/example_dags/example_bash_operator.py
[2025-06-24T00:05:08.240+0700] {processor.py:840} INFO - DAG(s) 'example_bash_operator' retrieved from /home/panda/Documents/ODAP/Project/venv310/lib/python3.10/site-packages/airflow/example_dags/example_bash_operator.py
[2025-06-24T00:05:08.266+0700] {logging_mixin.py:188} INFO - [2025-06-24T00:05:08.265+0700] {dag.py:3096} INFO - Sync 1 DAGs
[2025-06-24T00:05:08.286+0700] {logging_mixin.py:188} INFO - [2025-06-24T00:05:08.286+0700] {dag.py:3954} INFO - Setting next_dagrun for example_bash_operator to 2025-06-22 00:00:00+00:00, run_after=2025-06-23 00:00:00+00:00
[2025-06-24T00:05:08.311+0700] {processor.py:183} INFO - Processing /home/panda/Documents/ODAP/Project/venv310/lib/python3.10/site-packages/airflow/example_dags/example_bash_operator.py took 0.101 seconds
[2025-06-24T00:07:49.238+0700] {processor.py:161} INFO - Started process (PID=8326) to work on /home/panda/Documents/ODAP/Project/venv310/lib/python3.10/site-packages/airflow/example_dags/example_bash_operator.py
[2025-06-24T00:07:49.243+0700] {processor.py:830} INFO - Processing file /home/panda/Documents/ODAP/Project/venv310/lib/python3.10/site-packages/airflow/example_dags/example_bash_operator.py for tasks to queue
[2025-06-24T00:07:49.245+0700] {logging_mixin.py:188} INFO - [2025-06-24T00:07:49.244+0700] {dagbag.py:540} INFO - Filling up the DagBag from /home/panda/Documents/ODAP/Project/venv310/lib/python3.10/site-packages/airflow/example_dags/example_bash_operator.py
[2025-06-24T00:07:49.261+0700] {processor.py:840} INFO - DAG(s) 'example_bash_operator' retrieved from /home/panda/Documents/ODAP/Project/venv310/lib/python3.10/site-packages/airflow/example_dags/example_bash_operator.py
[2025-06-24T00:07:49.294+0700] {logging_mixin.py:188} INFO - [2025-06-24T00:07:49.293+0700] {dag.py:3096} INFO - Sync 1 DAGs
[2025-06-24T00:07:49.315+0700] {logging_mixin.py:188} INFO - [2025-06-24T00:07:49.315+0700] {dag.py:3954} INFO - Setting next_dagrun for example_bash_operator to 2025-06-22 00:00:00+00:00, run_after=2025-06-23 00:00:00+00:00
[2025-06-24T00:07:49.345+0700] {processor.py:183} INFO - Processing /home/panda/Documents/ODAP/Project/venv310/lib/python3.10/site-packages/airflow/example_dags/example_bash_operator.py took 0.116 seconds
[2025-06-24T00:09:14.180+0700] {processor.py:161} INFO - Started process (PID=10765) to work on /home/panda/Documents/ODAP/Project/venv310/lib/python3.10/site-packages/airflow/example_dags/example_bash_operator.py
[2025-06-24T00:09:14.183+0700] {processor.py:830} INFO - Processing file /home/panda/Documents/ODAP/Project/venv310/lib/python3.10/site-packages/airflow/example_dags/example_bash_operator.py for tasks to queue
[2025-06-24T00:09:14.185+0700] {logging_mixin.py:188} INFO - [2025-06-24T00:09:14.184+0700] {dagbag.py:540} INFO - Filling up the DagBag from /home/panda/Documents/ODAP/Project/venv310/lib/python3.10/site-packages/airflow/example_dags/example_bash_operator.py
[2025-06-24T00:09:14.199+0700] {processor.py:840} INFO - DAG(s) 'example_bash_operator' retrieved from /home/panda/Documents/ODAP/Project/venv310/lib/python3.10/site-packages/airflow/example_dags/example_bash_operator.py
[2025-06-24T00:09:14.227+0700] {logging_mixin.py:188} INFO - [2025-06-24T00:09:14.226+0700] {dag.py:3096} INFO - Sync 1 DAGs
[2025-06-24T00:09:14.247+0700] {logging_mixin.py:188} INFO - [2025-06-24T00:09:14.246+0700] {dag.py:3954} INFO - Setting next_dagrun for example_bash_operator to 2025-06-22 00:00:00+00:00, run_after=2025-06-23 00:00:00+00:00
[2025-06-24T00:09:14.274+0700] {processor.py:183} INFO - Processing /home/panda/Documents/ODAP/Project/venv310/lib/python3.10/site-packages/airflow/example_dags/example_bash_operator.py took 0.101 seconds
[2025-06-24T00:10:20.259+0700] {processor.py:161} INFO - Started process (PID=10954) to work on /home/panda/Documents/ODAP/Project/venv310/lib/python3.10/site-packages/airflow/example_dags/example_bash_operator.py
[2025-06-24T00:10:20.264+0700] {processor.py:830} INFO - Processing file /home/panda/Documents/ODAP/Project/venv310/lib/python3.10/site-packages/airflow/example_dags/example_bash_operator.py for tasks to queue
[2025-06-24T00:10:20.266+0700] {logging_mixin.py:188} INFO - [2025-06-24T00:10:20.265+0700] {dagbag.py:540} INFO - Filling up the DagBag from /home/panda/Documents/ODAP/Project/venv310/lib/python3.10/site-packages/airflow/example_dags/example_bash_operator.py
[2025-06-24T00:10:20.279+0700] {processor.py:840} INFO - DAG(s) 'example_bash_operator' retrieved from /home/panda/Documents/ODAP/Project/venv310/lib/python3.10/site-packages/airflow/example_dags/example_bash_operator.py
[2025-06-24T00:10:20.304+0700] {logging_mixin.py:188} INFO - [2025-06-24T00:10:20.304+0700] {dag.py:3096} INFO - Sync 1 DAGs
[2025-06-24T00:10:20.322+0700] {logging_mixin.py:188} INFO - [2025-06-24T00:10:20.322+0700] {dag.py:3954} INFO - Setting next_dagrun for example_bash_operator to 2025-06-22 00:00:00+00:00, run_after=2025-06-23 00:00:00+00:00
[2025-06-24T00:10:20.345+0700] {processor.py:183} INFO - Processing /home/panda/Documents/ODAP/Project/venv310/lib/python3.10/site-packages/airflow/example_dags/example_bash_operator.py took 0.094 seconds
[2025-06-24T00:12:01.929+0700] {processor.py:161} INFO - Started process (PID=12561) to work on /home/panda/Documents/ODAP/Project/venv310/lib/python3.10/site-packages/airflow/example_dags/example_bash_operator.py
[2025-06-24T00:12:01.935+0700] {processor.py:830} INFO - Processing file /home/panda/Documents/ODAP/Project/venv310/lib/python3.10/site-packages/airflow/example_dags/example_bash_operator.py for tasks to queue
[2025-06-24T00:12:01.936+0700] {logging_mixin.py:188} INFO - [2025-06-24T00:12:01.935+0700] {dagbag.py:540} INFO - Filling up the DagBag from /home/panda/Documents/ODAP/Project/venv310/lib/python3.10/site-packages/airflow/example_dags/example_bash_operator.py
[2025-06-24T00:12:01.950+0700] {processor.py:840} INFO - DAG(s) 'example_bash_operator' retrieved from /home/panda/Documents/ODAP/Project/venv310/lib/python3.10/site-packages/airflow/example_dags/example_bash_operator.py
[2025-06-24T00:12:01.976+0700] {logging_mixin.py:188} INFO - [2025-06-24T00:12:01.975+0700] {dag.py:3096} INFO - Sync 1 DAGs
[2025-06-24T00:12:01.995+0700] {logging_mixin.py:188} INFO - [2025-06-24T00:12:01.995+0700] {dag.py:3954} INFO - Setting next_dagrun for example_bash_operator to 2025-06-22 00:00:00+00:00, run_after=2025-06-23 00:00:00+00:00
[2025-06-24T00:12:02.017+0700] {processor.py:183} INFO - Processing /home/panda/Documents/ODAP/Project/venv310/lib/python3.10/site-packages/airflow/example_dags/example_bash_operator.py took 0.094 seconds
[2025-06-24T00:13:07.998+0700] {processor.py:161} INFO - Started process (PID=12784) to work on /home/panda/Documents/ODAP/Project/venv310/lib/python3.10/site-packages/airflow/example_dags/example_bash_operator.py
[2025-06-24T00:13:08.003+0700] {processor.py:830} INFO - Processing file /home/panda/Documents/ODAP/Project/venv310/lib/python3.10/site-packages/airflow/example_dags/example_bash_operator.py for tasks to queue
[2025-06-24T00:13:08.004+0700] {logging_mixin.py:188} INFO - [2025-06-24T00:13:08.004+0700] {dagbag.py:540} INFO - Filling up the DagBag from /home/panda/Documents/ODAP/Project/venv310/lib/python3.10/site-packages/airflow/example_dags/example_bash_operator.py
[2025-06-24T00:13:08.018+0700] {processor.py:840} INFO - DAG(s) 'example_bash_operator' retrieved from /home/panda/Documents/ODAP/Project/venv310/lib/python3.10/site-packages/airflow/example_dags/example_bash_operator.py
[2025-06-24T00:13:08.047+0700] {logging_mixin.py:188} INFO - [2025-06-24T00:13:08.046+0700] {dag.py:3096} INFO - Sync 1 DAGs
[2025-06-24T00:13:08.067+0700] {logging_mixin.py:188} INFO - [2025-06-24T00:13:08.067+0700] {dag.py:3954} INFO - Setting next_dagrun for example_bash_operator to 2025-06-22 00:00:00+00:00, run_after=2025-06-23 00:00:00+00:00
[2025-06-24T00:13:08.089+0700] {processor.py:183} INFO - Processing /home/panda/Documents/ODAP/Project/venv310/lib/python3.10/site-packages/airflow/example_dags/example_bash_operator.py took 0.098 seconds
[2025-06-24T00:14:16.421+0700] {processor.py:161} INFO - Started process (PID=13106) to work on /home/panda/Documents/ODAP/Project/venv310/lib/python3.10/site-packages/airflow/example_dags/example_bash_operator.py
[2025-06-24T00:14:16.426+0700] {processor.py:830} INFO - Processing file /home/panda/Documents/ODAP/Project/venv310/lib/python3.10/site-packages/airflow/example_dags/example_bash_operator.py for tasks to queue
[2025-06-24T00:14:16.427+0700] {logging_mixin.py:188} INFO - [2025-06-24T00:14:16.427+0700] {dagbag.py:540} INFO - Filling up the DagBag from /home/panda/Documents/ODAP/Project/venv310/lib/python3.10/site-packages/airflow/example_dags/example_bash_operator.py
[2025-06-24T00:14:16.441+0700] {processor.py:840} INFO - DAG(s) 'example_bash_operator' retrieved from /home/panda/Documents/ODAP/Project/venv310/lib/python3.10/site-packages/airflow/example_dags/example_bash_operator.py
[2025-06-24T00:14:16.467+0700] {logging_mixin.py:188} INFO - [2025-06-24T00:14:16.467+0700] {dag.py:3096} INFO - Sync 1 DAGs
[2025-06-24T00:14:16.486+0700] {logging_mixin.py:188} INFO - [2025-06-24T00:14:16.486+0700] {dag.py:3954} INFO - Setting next_dagrun for example_bash_operator to 2025-06-22 00:00:00+00:00, run_after=2025-06-23 00:00:00+00:00
[2025-06-24T00:14:16.517+0700] {processor.py:183} INFO - Processing /home/panda/Documents/ODAP/Project/venv310/lib/python3.10/site-packages/airflow/example_dags/example_bash_operator.py took 0.104 seconds
[2025-06-24T00:21:59.439+0700] {processor.py:161} INFO - Started process (PID=16674) to work on /home/panda/Documents/ODAP/Project/venv310/lib/python3.10/site-packages/airflow/example_dags/example_bash_operator.py
[2025-06-24T00:21:59.445+0700] {processor.py:830} INFO - Processing file /home/panda/Documents/ODAP/Project/venv310/lib/python3.10/site-packages/airflow/example_dags/example_bash_operator.py for tasks to queue
[2025-06-24T00:21:59.447+0700] {logging_mixin.py:188} INFO - [2025-06-24T00:21:59.446+0700] {dagbag.py:540} INFO - Filling up the DagBag from /home/panda/Documents/ODAP/Project/venv310/lib/python3.10/site-packages/airflow/example_dags/example_bash_operator.py
[2025-06-24T00:21:59.467+0700] {processor.py:840} INFO - DAG(s) 'example_bash_operator' retrieved from /home/panda/Documents/ODAP/Project/venv310/lib/python3.10/site-packages/airflow/example_dags/example_bash_operator.py
[2025-06-24T00:21:59.498+0700] {logging_mixin.py:188} INFO - [2025-06-24T00:21:59.497+0700] {dag.py:3096} INFO - Sync 1 DAGs
[2025-06-24T00:21:59.518+0700] {logging_mixin.py:188} INFO - [2025-06-24T00:21:59.518+0700] {dag.py:3954} INFO - Setting next_dagrun for example_bash_operator to 2025-06-22 00:00:00+00:00, run_after=2025-06-23 00:00:00+00:00
[2025-06-24T00:21:59.542+0700] {processor.py:183} INFO - Processing /home/panda/Documents/ODAP/Project/venv310/lib/python3.10/site-packages/airflow/example_dags/example_bash_operator.py took 0.111 seconds
[2025-06-24T00:34:11.137+0700] {processor.py:161} INFO - Started process (PID=20346) to work on /home/panda/Documents/ODAP/Project/venv310/lib/python3.10/site-packages/airflow/example_dags/example_bash_operator.py
[2025-06-24T00:34:11.142+0700] {processor.py:830} INFO - Processing file /home/panda/Documents/ODAP/Project/venv310/lib/python3.10/site-packages/airflow/example_dags/example_bash_operator.py for tasks to queue
[2025-06-24T00:34:11.143+0700] {logging_mixin.py:188} INFO - [2025-06-24T00:34:11.143+0700] {dagbag.py:540} INFO - Filling up the DagBag from /home/panda/Documents/ODAP/Project/venv310/lib/python3.10/site-packages/airflow/example_dags/example_bash_operator.py
[2025-06-24T00:34:11.157+0700] {processor.py:840} INFO - DAG(s) 'example_bash_operator' retrieved from /home/panda/Documents/ODAP/Project/venv310/lib/python3.10/site-packages/airflow/example_dags/example_bash_operator.py
[2025-06-24T00:34:11.184+0700] {logging_mixin.py:188} INFO - [2025-06-24T00:34:11.184+0700] {dag.py:3096} INFO - Sync 1 DAGs
[2025-06-24T00:34:11.202+0700] {logging_mixin.py:188} INFO - [2025-06-24T00:34:11.202+0700] {dag.py:3954} INFO - Setting next_dagrun for example_bash_operator to 2025-06-22 00:00:00+00:00, run_after=2025-06-23 00:00:00+00:00
[2025-06-24T00:34:11.225+0700] {processor.py:183} INFO - Processing /home/panda/Documents/ODAP/Project/venv310/lib/python3.10/site-packages/airflow/example_dags/example_bash_operator.py took 0.095 seconds
[2025-06-24T00:35:23.342+0700] {processor.py:161} INFO - Started process (PID=20544) to work on /home/panda/Documents/ODAP/Project/venv310/lib/python3.10/site-packages/airflow/example_dags/example_bash_operator.py
[2025-06-24T00:35:23.347+0700] {processor.py:830} INFO - Processing file /home/panda/Documents/ODAP/Project/venv310/lib/python3.10/site-packages/airflow/example_dags/example_bash_operator.py for tasks to queue
[2025-06-24T00:35:23.348+0700] {logging_mixin.py:188} INFO - [2025-06-24T00:35:23.348+0700] {dagbag.py:540} INFO - Filling up the DagBag from /home/panda/Documents/ODAP/Project/venv310/lib/python3.10/site-packages/airflow/example_dags/example_bash_operator.py
[2025-06-24T00:35:23.362+0700] {processor.py:840} INFO - DAG(s) 'example_bash_operator' retrieved from /home/panda/Documents/ODAP/Project/venv310/lib/python3.10/site-packages/airflow/example_dags/example_bash_operator.py
[2025-06-24T00:35:23.391+0700] {logging_mixin.py:188} INFO - [2025-06-24T00:35:23.391+0700] {dag.py:3096} INFO - Sync 1 DAGs
[2025-06-24T00:35:23.411+0700] {logging_mixin.py:188} INFO - [2025-06-24T00:35:23.411+0700] {dag.py:3954} INFO - Setting next_dagrun for example_bash_operator to 2025-06-22 00:00:00+00:00, run_after=2025-06-23 00:00:00+00:00
[2025-06-24T00:35:23.440+0700] {processor.py:183} INFO - Processing /home/panda/Documents/ODAP/Project/venv310/lib/python3.10/site-packages/airflow/example_dags/example_bash_operator.py took 0.105 seconds
[2025-06-24T00:36:31.741+0700] {processor.py:161} INFO - Started process (PID=20936) to work on /home/panda/Documents/ODAP/Project/venv310/lib/python3.10/site-packages/airflow/example_dags/example_bash_operator.py
[2025-06-24T00:36:31.746+0700] {processor.py:830} INFO - Processing file /home/panda/Documents/ODAP/Project/venv310/lib/python3.10/site-packages/airflow/example_dags/example_bash_operator.py for tasks to queue
[2025-06-24T00:36:31.747+0700] {logging_mixin.py:188} INFO - [2025-06-24T00:36:31.747+0700] {dagbag.py:540} INFO - Filling up the DagBag from /home/panda/Documents/ODAP/Project/venv310/lib/python3.10/site-packages/airflow/example_dags/example_bash_operator.py
[2025-06-24T00:36:31.762+0700] {processor.py:840} INFO - DAG(s) 'example_bash_operator' retrieved from /home/panda/Documents/ODAP/Project/venv310/lib/python3.10/site-packages/airflow/example_dags/example_bash_operator.py
[2025-06-24T00:36:31.791+0700] {logging_mixin.py:188} INFO - [2025-06-24T00:36:31.790+0700] {dag.py:3096} INFO - Sync 1 DAGs
[2025-06-24T00:36:31.813+0700] {logging_mixin.py:188} INFO - [2025-06-24T00:36:31.812+0700] {dag.py:3954} INFO - Setting next_dagrun for example_bash_operator to 2025-06-22 00:00:00+00:00, run_after=2025-06-23 00:00:00+00:00
[2025-06-24T00:36:31.840+0700] {processor.py:183} INFO - Processing /home/panda/Documents/ODAP/Project/venv310/lib/python3.10/site-packages/airflow/example_dags/example_bash_operator.py took 0.107 seconds
[2025-06-24T00:53:09.245+0700] {processor.py:161} INFO - Started process (PID=25212) to work on /home/panda/Documents/ODAP/Project/venv310/lib/python3.10/site-packages/airflow/example_dags/example_bash_operator.py
[2025-06-24T00:53:09.250+0700] {processor.py:830} INFO - Processing file /home/panda/Documents/ODAP/Project/venv310/lib/python3.10/site-packages/airflow/example_dags/example_bash_operator.py for tasks to queue
[2025-06-24T00:53:09.251+0700] {logging_mixin.py:188} INFO - [2025-06-24T00:53:09.250+0700] {dagbag.py:540} INFO - Filling up the DagBag from /home/panda/Documents/ODAP/Project/venv310/lib/python3.10/site-packages/airflow/example_dags/example_bash_operator.py
[2025-06-24T00:53:09.265+0700] {processor.py:840} INFO - DAG(s) 'example_bash_operator' retrieved from /home/panda/Documents/ODAP/Project/venv310/lib/python3.10/site-packages/airflow/example_dags/example_bash_operator.py
[2025-06-24T00:53:09.299+0700] {logging_mixin.py:188} INFO - [2025-06-24T00:53:09.298+0700] {dag.py:3096} INFO - Sync 1 DAGs
[2025-06-24T00:53:09.320+0700] {logging_mixin.py:188} INFO - [2025-06-24T00:53:09.320+0700] {dag.py:3954} INFO - Setting next_dagrun for example_bash_operator to 2025-06-22 00:00:00+00:00, run_after=2025-06-23 00:00:00+00:00
[2025-06-24T00:53:09.360+0700] {processor.py:183} INFO - Processing /home/panda/Documents/ODAP/Project/venv310/lib/python3.10/site-packages/airflow/example_dags/example_bash_operator.py took 0.124 seconds
[2025-06-24T00:54:21.378+0700] {processor.py:161} INFO - Started process (PID=25591) to work on /home/panda/Documents/ODAP/Project/venv310/lib/python3.10/site-packages/airflow/example_dags/example_bash_operator.py
[2025-06-24T00:54:21.379+0700] {processor.py:830} INFO - Processing file /home/panda/Documents/ODAP/Project/venv310/lib/python3.10/site-packages/airflow/example_dags/example_bash_operator.py for tasks to queue
[2025-06-24T00:54:21.380+0700] {logging_mixin.py:188} INFO - [2025-06-24T00:54:21.380+0700] {dagbag.py:540} INFO - Filling up the DagBag from /home/panda/Documents/ODAP/Project/venv310/lib/python3.10/site-packages/airflow/example_dags/example_bash_operator.py
[2025-06-24T00:54:21.394+0700] {processor.py:840} INFO - DAG(s) 'example_bash_operator' retrieved from /home/panda/Documents/ODAP/Project/venv310/lib/python3.10/site-packages/airflow/example_dags/example_bash_operator.py
[2025-06-24T00:54:21.423+0700] {logging_mixin.py:188} INFO - [2025-06-24T00:54:21.423+0700] {dag.py:3096} INFO - Sync 1 DAGs
[2025-06-24T00:54:21.446+0700] {logging_mixin.py:188} INFO - [2025-06-24T00:54:21.446+0700] {dag.py:3954} INFO - Setting next_dagrun for example_bash_operator to 2025-06-22 00:00:00+00:00, run_after=2025-06-23 00:00:00+00:00
[2025-06-24T00:54:21.490+0700] {processor.py:183} INFO - Processing /home/panda/Documents/ODAP/Project/venv310/lib/python3.10/site-packages/airflow/example_dags/example_bash_operator.py took 0.119 seconds
[2025-06-24T01:03:43.757+0700] {processor.py:161} INFO - Started process (PID=28650) to work on /home/panda/Documents/ODAP/Project/venv310/lib/python3.10/site-packages/airflow/example_dags/example_bash_operator.py
[2025-06-24T01:03:43.759+0700] {processor.py:830} INFO - Processing file /home/panda/Documents/ODAP/Project/venv310/lib/python3.10/site-packages/airflow/example_dags/example_bash_operator.py for tasks to queue
[2025-06-24T01:03:43.760+0700] {logging_mixin.py:188} INFO - [2025-06-24T01:03:43.760+0700] {dagbag.py:540} INFO - Filling up the DagBag from /home/panda/Documents/ODAP/Project/venv310/lib/python3.10/site-packages/airflow/example_dags/example_bash_operator.py
[2025-06-24T01:03:43.775+0700] {processor.py:840} INFO - DAG(s) 'example_bash_operator' retrieved from /home/panda/Documents/ODAP/Project/venv310/lib/python3.10/site-packages/airflow/example_dags/example_bash_operator.py
[2025-06-24T01:03:43.808+0700] {logging_mixin.py:188} INFO - [2025-06-24T01:03:43.808+0700] {dag.py:3096} INFO - Sync 1 DAGs
[2025-06-24T01:03:43.831+0700] {logging_mixin.py:188} INFO - [2025-06-24T01:03:43.831+0700] {dag.py:3954} INFO - Setting next_dagrun for example_bash_operator to 2025-06-22 00:00:00+00:00, run_after=2025-06-23 00:00:00+00:00
[2025-06-24T01:03:43.864+0700] {processor.py:183} INFO - Processing /home/panda/Documents/ODAP/Project/venv310/lib/python3.10/site-packages/airflow/example_dags/example_bash_operator.py took 0.116 seconds
