[2025-06-24T00:02:41.353+0700] {processor.py:161} INFO - Started process (PID=5937) to work on /home/panda/Documents/ODAP/Project/venv310/lib/python3.10/site-packages/airflow/example_dags/example_complex.py
[2025-06-24T00:02:41.354+0700] {processor.py:830} INFO - Processing file /home/panda/Documents/ODAP/Project/venv310/lib/python3.10/site-packages/airflow/example_dags/example_complex.py for tasks to queue
[2025-06-24T00:02:41.356+0700] {logging_mixin.py:188} INFO - [2025-06-24T00:02:41.356+0700] {dagbag.py:540} INFO - Filling up the DagBag from /home/panda/Documents/ODAP/Project/venv310/lib/python3.10/site-packages/airflow/example_dags/example_complex.py
[2025-06-24T00:02:41.370+0700] {processor.py:840} INFO - DAG(s) 'example_complex' retrieved from /home/panda/Documents/ODAP/Project/venv310/lib/python3.10/site-packages/airflow/example_dags/example_complex.py
[2025-06-24T00:02:41.402+0700] {logging_mixin.py:188} INFO - [2025-06-24T00:02:41.401+0700] {dag.py:3096} INFO - Sync 1 DAGs
[2025-06-24T00:02:41.413+0700] {logging_mixin.py:188} INFO - [2025-06-24T00:02:41.413+0700] {dag.py:3954} INFO - Setting next_dagrun for example_complex to None, run_after=None
[2025-06-24T00:02:41.439+0700] {processor.py:183} INFO - Processing /home/panda/Documents/ODAP/Project/venv310/lib/python3.10/site-packages/airflow/example_dags/example_complex.py took 0.094 seconds
[2025-06-24T00:03:53.981+0700] {processor.py:161} INFO - Started process (PID=6418) to work on /home/panda/Documents/ODAP/Project/venv310/lib/python3.10/site-packages/airflow/example_dags/example_complex.py
[2025-06-24T00:03:53.987+0700] {processor.py:830} INFO - Processing file /home/panda/Documents/ODAP/Project/venv310/lib/python3.10/site-packages/airflow/example_dags/example_complex.py for tasks to queue
[2025-06-24T00:03:53.989+0700] {logging_mixin.py:188} INFO - [2025-06-24T00:03:53.989+0700] {dagbag.py:540} INFO - Filling up the DagBag from /home/panda/Documents/ODAP/Project/venv310/lib/python3.10/site-packages/airflow/example_dags/example_complex.py
[2025-06-24T00:03:54.006+0700] {processor.py:840} INFO - DAG(s) 'example_complex' retrieved from /home/panda/Documents/ODAP/Project/venv310/lib/python3.10/site-packages/airflow/example_dags/example_complex.py
[2025-06-24T00:03:54.038+0700] {logging_mixin.py:188} INFO - [2025-06-24T00:03:54.038+0700] {dag.py:3096} INFO - Sync 1 DAGs
[2025-06-24T00:03:54.182+0700] {logging_mixin.py:188} INFO - [2025-06-24T00:03:54.181+0700] {dag.py:3954} INFO - Setting next_dagrun for example_complex to None, run_after=None
[2025-06-24T00:03:54.211+0700] {processor.py:183} INFO - Processing /home/panda/Documents/ODAP/Project/venv310/lib/python3.10/site-packages/airflow/example_dags/example_complex.py took 0.239 seconds
[2025-06-24T00:04:47.887+0700] {processor.py:161} INFO - Started process (PID=6880) to work on /home/panda/Documents/ODAP/Project/venv310/lib/python3.10/site-packages/airflow/example_dags/example_complex.py
[2025-06-24T00:04:47.892+0700] {processor.py:830} INFO - Processing file /home/panda/Documents/ODAP/Project/venv310/lib/python3.10/site-packages/airflow/example_dags/example_complex.py for tasks to queue
[2025-06-24T00:04:47.894+0700] {logging_mixin.py:188} INFO - [2025-06-24T00:04:47.893+0700] {dagbag.py:540} INFO - Filling up the DagBag from /home/panda/Documents/ODAP/Project/venv310/lib/python3.10/site-packages/airflow/example_dags/example_complex.py
[2025-06-24T00:04:47.906+0700] {processor.py:840} INFO - DAG(s) 'example_complex' retrieved from /home/panda/Documents/ODAP/Project/venv310/lib/python3.10/site-packages/airflow/example_dags/example_complex.py
[2025-06-24T00:04:47.938+0700] {logging_mixin.py:188} INFO - [2025-06-24T00:04:47.937+0700] {dag.py:3096} INFO - Sync 1 DAGs
[2025-06-24T00:04:47.950+0700] {logging_mixin.py:188} INFO - [2025-06-24T00:04:47.949+0700] {dag.py:3954} INFO - Setting next_dagrun for example_complex to None, run_after=None
[2025-06-24T00:04:47.976+0700] {processor.py:183} INFO - Processing /home/panda/Documents/ODAP/Project/venv310/lib/python3.10/site-packages/airflow/example_dags/example_complex.py took 0.096 seconds
[2025-06-24T00:07:47.935+0700] {processor.py:161} INFO - Started process (PID=8325) to work on /home/panda/Documents/ODAP/Project/venv310/lib/python3.10/site-packages/airflow/example_dags/example_complex.py
[2025-06-24T00:07:47.936+0700] {processor.py:830} INFO - Processing file /home/panda/Documents/ODAP/Project/venv310/lib/python3.10/site-packages/airflow/example_dags/example_complex.py for tasks to queue
[2025-06-24T00:07:47.938+0700] {logging_mixin.py:188} INFO - [2025-06-24T00:07:47.937+0700] {dagbag.py:540} INFO - Filling up the DagBag from /home/panda/Documents/ODAP/Project/venv310/lib/python3.10/site-packages/airflow/example_dags/example_complex.py
[2025-06-24T00:07:47.954+0700] {processor.py:840} INFO - DAG(s) 'example_complex' retrieved from /home/panda/Documents/ODAP/Project/venv310/lib/python3.10/site-packages/airflow/example_dags/example_complex.py
[2025-06-24T00:07:47.993+0700] {logging_mixin.py:188} INFO - [2025-06-24T00:07:47.992+0700] {dag.py:3096} INFO - Sync 1 DAGs
[2025-06-24T00:07:48.006+0700] {logging_mixin.py:188} INFO - [2025-06-24T00:07:48.006+0700] {dag.py:3954} INFO - Setting next_dagrun for example_complex to None, run_after=None
[2025-06-24T00:07:48.069+0700] {processor.py:183} INFO - Processing /home/panda/Documents/ODAP/Project/venv310/lib/python3.10/site-packages/airflow/example_dags/example_complex.py took 0.144 seconds
[2025-06-24T00:09:13.024+0700] {processor.py:161} INFO - Started process (PID=10763) to work on /home/panda/Documents/ODAP/Project/venv310/lib/python3.10/site-packages/airflow/example_dags/example_complex.py
[2025-06-24T00:09:13.029+0700] {processor.py:830} INFO - Processing file /home/panda/Documents/ODAP/Project/venv310/lib/python3.10/site-packages/airflow/example_dags/example_complex.py for tasks to queue
[2025-06-24T00:09:13.030+0700] {logging_mixin.py:188} INFO - [2025-06-24T00:09:13.030+0700] {dagbag.py:540} INFO - Filling up the DagBag from /home/panda/Documents/ODAP/Project/venv310/lib/python3.10/site-packages/airflow/example_dags/example_complex.py
[2025-06-24T00:09:13.043+0700] {processor.py:840} INFO - DAG(s) 'example_complex' retrieved from /home/panda/Documents/ODAP/Project/venv310/lib/python3.10/site-packages/airflow/example_dags/example_complex.py
[2025-06-24T00:09:13.073+0700] {logging_mixin.py:188} INFO - [2025-06-24T00:09:13.073+0700] {dag.py:3096} INFO - Sync 1 DAGs
[2025-06-24T00:09:13.085+0700] {logging_mixin.py:188} INFO - [2025-06-24T00:09:13.085+0700] {dag.py:3954} INFO - Setting next_dagrun for example_complex to None, run_after=None
[2025-06-24T00:09:13.110+0700] {processor.py:183} INFO - Processing /home/panda/Documents/ODAP/Project/venv310/lib/python3.10/site-packages/airflow/example_dags/example_complex.py took 0.093 seconds
[2025-06-24T00:10:19.099+0700] {processor.py:161} INFO - Started process (PID=10947) to work on /home/panda/Documents/ODAP/Project/venv310/lib/python3.10/site-packages/airflow/example_dags/example_complex.py
[2025-06-24T00:10:19.103+0700] {processor.py:830} INFO - Processing file /home/panda/Documents/ODAP/Project/venv310/lib/python3.10/site-packages/airflow/example_dags/example_complex.py for tasks to queue
[2025-06-24T00:10:19.104+0700] {logging_mixin.py:188} INFO - [2025-06-24T00:10:19.104+0700] {dagbag.py:540} INFO - Filling up the DagBag from /home/panda/Documents/ODAP/Project/venv310/lib/python3.10/site-packages/airflow/example_dags/example_complex.py
[2025-06-24T00:10:19.116+0700] {processor.py:840} INFO - DAG(s) 'example_complex' retrieved from /home/panda/Documents/ODAP/Project/venv310/lib/python3.10/site-packages/airflow/example_dags/example_complex.py
[2025-06-24T00:10:19.149+0700] {logging_mixin.py:188} INFO - [2025-06-24T00:10:19.149+0700] {dag.py:3096} INFO - Sync 1 DAGs
[2025-06-24T00:10:19.161+0700] {logging_mixin.py:188} INFO - [2025-06-24T00:10:19.161+0700] {dag.py:3954} INFO - Setting next_dagrun for example_complex to None, run_after=None
[2025-06-24T00:10:19.186+0700] {processor.py:183} INFO - Processing /home/panda/Documents/ODAP/Project/venv310/lib/python3.10/site-packages/airflow/example_dags/example_complex.py took 0.094 seconds
[2025-06-24T00:12:00.770+0700] {processor.py:161} INFO - Started process (PID=12560) to work on /home/panda/Documents/ODAP/Project/venv310/lib/python3.10/site-packages/airflow/example_dags/example_complex.py
[2025-06-24T00:12:00.775+0700] {processor.py:830} INFO - Processing file /home/panda/Documents/ODAP/Project/venv310/lib/python3.10/site-packages/airflow/example_dags/example_complex.py for tasks to queue
[2025-06-24T00:12:00.776+0700] {logging_mixin.py:188} INFO - [2025-06-24T00:12:00.775+0700] {dagbag.py:540} INFO - Filling up the DagBag from /home/panda/Documents/ODAP/Project/venv310/lib/python3.10/site-packages/airflow/example_dags/example_complex.py
[2025-06-24T00:12:00.788+0700] {processor.py:840} INFO - DAG(s) 'example_complex' retrieved from /home/panda/Documents/ODAP/Project/venv310/lib/python3.10/site-packages/airflow/example_dags/example_complex.py
[2025-06-24T00:12:00.819+0700] {logging_mixin.py:188} INFO - [2025-06-24T00:12:00.818+0700] {dag.py:3096} INFO - Sync 1 DAGs
[2025-06-24T00:12:00.830+0700] {logging_mixin.py:188} INFO - [2025-06-24T00:12:00.830+0700] {dag.py:3954} INFO - Setting next_dagrun for example_complex to None, run_after=None
[2025-06-24T00:12:00.852+0700] {processor.py:183} INFO - Processing /home/panda/Documents/ODAP/Project/venv310/lib/python3.10/site-packages/airflow/example_dags/example_complex.py took 0.089 seconds
[2025-06-24T00:13:06.846+0700] {processor.py:161} INFO - Started process (PID=12767) to work on /home/panda/Documents/ODAP/Project/venv310/lib/python3.10/site-packages/airflow/example_dags/example_complex.py
[2025-06-24T00:13:06.849+0700] {processor.py:830} INFO - Processing file /home/panda/Documents/ODAP/Project/venv310/lib/python3.10/site-packages/airflow/example_dags/example_complex.py for tasks to queue
[2025-06-24T00:13:06.850+0700] {logging_mixin.py:188} INFO - [2025-06-24T00:13:06.850+0700] {dagbag.py:540} INFO - Filling up the DagBag from /home/panda/Documents/ODAP/Project/venv310/lib/python3.10/site-packages/airflow/example_dags/example_complex.py
[2025-06-24T00:13:06.863+0700] {processor.py:840} INFO - DAG(s) 'example_complex' retrieved from /home/panda/Documents/ODAP/Project/venv310/lib/python3.10/site-packages/airflow/example_dags/example_complex.py
[2025-06-24T00:13:06.890+0700] {logging_mixin.py:188} INFO - [2025-06-24T00:13:06.890+0700] {dag.py:3096} INFO - Sync 1 DAGs
[2025-06-24T00:13:06.900+0700] {logging_mixin.py:188} INFO - [2025-06-24T00:13:06.900+0700] {dag.py:3954} INFO - Setting next_dagrun for example_complex to None, run_after=None
[2025-06-24T00:13:06.928+0700] {processor.py:183} INFO - Processing /home/panda/Documents/ODAP/Project/venv310/lib/python3.10/site-packages/airflow/example_dags/example_complex.py took 0.089 seconds
[2025-06-24T00:14:15.156+0700] {processor.py:161} INFO - Started process (PID=13105) to work on /home/panda/Documents/ODAP/Project/venv310/lib/python3.10/site-packages/airflow/example_dags/example_complex.py
[2025-06-24T00:14:15.166+0700] {processor.py:830} INFO - Processing file /home/panda/Documents/ODAP/Project/venv310/lib/python3.10/site-packages/airflow/example_dags/example_complex.py for tasks to queue
[2025-06-24T00:14:15.168+0700] {logging_mixin.py:188} INFO - [2025-06-24T00:14:15.167+0700] {dagbag.py:540} INFO - Filling up the DagBag from /home/panda/Documents/ODAP/Project/venv310/lib/python3.10/site-packages/airflow/example_dags/example_complex.py
[2025-06-24T00:14:15.181+0700] {processor.py:840} INFO - DAG(s) 'example_complex' retrieved from /home/panda/Documents/ODAP/Project/venv310/lib/python3.10/site-packages/airflow/example_dags/example_complex.py
[2025-06-24T00:14:15.212+0700] {logging_mixin.py:188} INFO - [2025-06-24T00:14:15.211+0700] {dag.py:3096} INFO - Sync 1 DAGs
[2025-06-24T00:14:15.224+0700] {logging_mixin.py:188} INFO - [2025-06-24T00:14:15.223+0700] {dag.py:3954} INFO - Setting next_dagrun for example_complex to None, run_after=None
[2025-06-24T00:14:15.252+0700] {processor.py:183} INFO - Processing /home/panda/Documents/ODAP/Project/venv310/lib/python3.10/site-packages/airflow/example_dags/example_complex.py took 0.104 seconds
[2025-06-24T00:21:58.185+0700] {processor.py:161} INFO - Started process (PID=16671) to work on /home/panda/Documents/ODAP/Project/venv310/lib/python3.10/site-packages/airflow/example_dags/example_complex.py
[2025-06-24T00:21:58.190+0700] {processor.py:830} INFO - Processing file /home/panda/Documents/ODAP/Project/venv310/lib/python3.10/site-packages/airflow/example_dags/example_complex.py for tasks to queue
[2025-06-24T00:21:58.192+0700] {logging_mixin.py:188} INFO - [2025-06-24T00:21:58.191+0700] {dagbag.py:540} INFO - Filling up the DagBag from /home/panda/Documents/ODAP/Project/venv310/lib/python3.10/site-packages/airflow/example_dags/example_complex.py
[2025-06-24T00:21:58.205+0700] {processor.py:840} INFO - DAG(s) 'example_complex' retrieved from /home/panda/Documents/ODAP/Project/venv310/lib/python3.10/site-packages/airflow/example_dags/example_complex.py
[2025-06-24T00:21:58.237+0700] {logging_mixin.py:188} INFO - [2025-06-24T00:21:58.237+0700] {dag.py:3096} INFO - Sync 1 DAGs
[2025-06-24T00:21:58.250+0700] {logging_mixin.py:188} INFO - [2025-06-24T00:21:58.250+0700] {dag.py:3954} INFO - Setting next_dagrun for example_complex to None, run_after=None
[2025-06-24T00:21:58.276+0700] {processor.py:183} INFO - Processing /home/panda/Documents/ODAP/Project/venv310/lib/python3.10/site-packages/airflow/example_dags/example_complex.py took 0.098 seconds
[2025-06-24T00:34:09.982+0700] {processor.py:161} INFO - Started process (PID=20345) to work on /home/panda/Documents/ODAP/Project/venv310/lib/python3.10/site-packages/airflow/example_dags/example_complex.py
[2025-06-24T00:34:09.988+0700] {processor.py:830} INFO - Processing file /home/panda/Documents/ODAP/Project/venv310/lib/python3.10/site-packages/airflow/example_dags/example_complex.py for tasks to queue
[2025-06-24T00:34:09.989+0700] {logging_mixin.py:188} INFO - [2025-06-24T00:34:09.989+0700] {dagbag.py:540} INFO - Filling up the DagBag from /home/panda/Documents/ODAP/Project/venv310/lib/python3.10/site-packages/airflow/example_dags/example_complex.py
[2025-06-24T00:34:10.002+0700] {processor.py:840} INFO - DAG(s) 'example_complex' retrieved from /home/panda/Documents/ODAP/Project/venv310/lib/python3.10/site-packages/airflow/example_dags/example_complex.py
[2025-06-24T00:34:10.033+0700] {logging_mixin.py:188} INFO - [2025-06-24T00:34:10.033+0700] {dag.py:3096} INFO - Sync 1 DAGs
[2025-06-24T00:34:10.045+0700] {logging_mixin.py:188} INFO - [2025-06-24T00:34:10.044+0700] {dag.py:3954} INFO - Setting next_dagrun for example_complex to None, run_after=None
[2025-06-24T00:34:10.071+0700] {processor.py:183} INFO - Processing /home/panda/Documents/ODAP/Project/venv310/lib/python3.10/site-packages/airflow/example_dags/example_complex.py took 0.096 seconds
[2025-06-24T00:35:22.220+0700] {processor.py:161} INFO - Started process (PID=20541) to work on /home/panda/Documents/ODAP/Project/venv310/lib/python3.10/site-packages/airflow/example_dags/example_complex.py
[2025-06-24T00:35:22.225+0700] {processor.py:830} INFO - Processing file /home/panda/Documents/ODAP/Project/venv310/lib/python3.10/site-packages/airflow/example_dags/example_complex.py for tasks to queue
[2025-06-24T00:35:22.226+0700] {logging_mixin.py:188} INFO - [2025-06-24T00:35:22.225+0700] {dagbag.py:540} INFO - Filling up the DagBag from /home/panda/Documents/ODAP/Project/venv310/lib/python3.10/site-packages/airflow/example_dags/example_complex.py
[2025-06-24T00:35:22.239+0700] {processor.py:840} INFO - DAG(s) 'example_complex' retrieved from /home/panda/Documents/ODAP/Project/venv310/lib/python3.10/site-packages/airflow/example_dags/example_complex.py
[2025-06-24T00:35:22.270+0700] {logging_mixin.py:188} INFO - [2025-06-24T00:35:22.270+0700] {dag.py:3096} INFO - Sync 1 DAGs
[2025-06-24T00:35:22.282+0700] {logging_mixin.py:188} INFO - [2025-06-24T00:35:22.282+0700] {dag.py:3954} INFO - Setting next_dagrun for example_complex to None, run_after=None
[2025-06-24T00:35:22.305+0700] {processor.py:183} INFO - Processing /home/panda/Documents/ODAP/Project/venv310/lib/python3.10/site-packages/airflow/example_dags/example_complex.py took 0.093 seconds
[2025-06-24T00:36:30.476+0700] {processor.py:161} INFO - Started process (PID=20933) to work on /home/panda/Documents/ODAP/Project/venv310/lib/python3.10/site-packages/airflow/example_dags/example_complex.py
[2025-06-24T00:36:30.481+0700] {processor.py:830} INFO - Processing file /home/panda/Documents/ODAP/Project/venv310/lib/python3.10/site-packages/airflow/example_dags/example_complex.py for tasks to queue
[2025-06-24T00:36:30.482+0700] {logging_mixin.py:188} INFO - [2025-06-24T00:36:30.482+0700] {dagbag.py:540} INFO - Filling up the DagBag from /home/panda/Documents/ODAP/Project/venv310/lib/python3.10/site-packages/airflow/example_dags/example_complex.py
[2025-06-24T00:36:30.495+0700] {processor.py:840} INFO - DAG(s) 'example_complex' retrieved from /home/panda/Documents/ODAP/Project/venv310/lib/python3.10/site-packages/airflow/example_dags/example_complex.py
[2025-06-24T00:36:30.524+0700] {logging_mixin.py:188} INFO - [2025-06-24T00:36:30.524+0700] {dag.py:3096} INFO - Sync 1 DAGs
[2025-06-24T00:36:30.537+0700] {logging_mixin.py:188} INFO - [2025-06-24T00:36:30.536+0700] {dag.py:3954} INFO - Setting next_dagrun for example_complex to None, run_after=None
[2025-06-24T00:36:30.565+0700] {processor.py:183} INFO - Processing /home/panda/Documents/ODAP/Project/venv310/lib/python3.10/site-packages/airflow/example_dags/example_complex.py took 0.097 seconds
[2025-06-24T00:53:08.530+0700] {processor.py:161} INFO - Started process (PID=25210) to work on /home/panda/Documents/ODAP/Project/venv310/lib/python3.10/site-packages/airflow/example_dags/example_complex.py
[2025-06-24T00:53:08.535+0700] {processor.py:830} INFO - Processing file /home/panda/Documents/ODAP/Project/venv310/lib/python3.10/site-packages/airflow/example_dags/example_complex.py for tasks to queue
[2025-06-24T00:53:08.536+0700] {logging_mixin.py:188} INFO - [2025-06-24T00:53:08.536+0700] {dagbag.py:540} INFO - Filling up the DagBag from /home/panda/Documents/ODAP/Project/venv310/lib/python3.10/site-packages/airflow/example_dags/example_complex.py
[2025-06-24T00:53:08.549+0700] {processor.py:840} INFO - DAG(s) 'example_complex' retrieved from /home/panda/Documents/ODAP/Project/venv310/lib/python3.10/site-packages/airflow/example_dags/example_complex.py
[2025-06-24T00:53:08.582+0700] {logging_mixin.py:188} INFO - [2025-06-24T00:53:08.582+0700] {dag.py:3096} INFO - Sync 1 DAGs
[2025-06-24T00:53:08.597+0700] {logging_mixin.py:188} INFO - [2025-06-24T00:53:08.596+0700] {dag.py:3954} INFO - Setting next_dagrun for example_complex to None, run_after=None
[2025-06-24T00:53:08.633+0700] {processor.py:183} INFO - Processing /home/panda/Documents/ODAP/Project/venv310/lib/python3.10/site-packages/airflow/example_dags/example_complex.py took 0.111 seconds
[2025-06-24T00:54:20.124+0700] {processor.py:161} INFO - Started process (PID=25588) to work on /home/panda/Documents/ODAP/Project/venv310/lib/python3.10/site-packages/airflow/example_dags/example_complex.py
[2025-06-24T00:54:20.126+0700] {processor.py:830} INFO - Processing file /home/panda/Documents/ODAP/Project/venv310/lib/python3.10/site-packages/airflow/example_dags/example_complex.py for tasks to queue
[2025-06-24T00:54:20.128+0700] {logging_mixin.py:188} INFO - [2025-06-24T00:54:20.127+0700] {dagbag.py:540} INFO - Filling up the DagBag from /home/panda/Documents/ODAP/Project/venv310/lib/python3.10/site-packages/airflow/example_dags/example_complex.py
[2025-06-24T00:54:20.142+0700] {processor.py:840} INFO - DAG(s) 'example_complex' retrieved from /home/panda/Documents/ODAP/Project/venv310/lib/python3.10/site-packages/airflow/example_dags/example_complex.py
[2025-06-24T00:54:20.174+0700] {logging_mixin.py:188} INFO - [2025-06-24T00:54:20.174+0700] {dag.py:3096} INFO - Sync 1 DAGs
[2025-06-24T00:54:20.187+0700] {logging_mixin.py:188} INFO - [2025-06-24T00:54:20.187+0700] {dag.py:3954} INFO - Setting next_dagrun for example_complex to None, run_after=None
[2025-06-24T00:54:20.216+0700] {processor.py:183} INFO - Processing /home/panda/Documents/ODAP/Project/venv310/lib/python3.10/site-packages/airflow/example_dags/example_complex.py took 0.100 seconds
[2025-06-24T01:03:43.312+0700] {processor.py:161} INFO - Started process (PID=28648) to work on /home/panda/Documents/ODAP/Project/venv310/lib/python3.10/site-packages/airflow/example_dags/example_complex.py
[2025-06-24T01:03:43.318+0700] {processor.py:830} INFO - Processing file /home/panda/Documents/ODAP/Project/venv310/lib/python3.10/site-packages/airflow/example_dags/example_complex.py for tasks to queue
[2025-06-24T01:03:43.319+0700] {logging_mixin.py:188} INFO - [2025-06-24T01:03:43.318+0700] {dagbag.py:540} INFO - Filling up the DagBag from /home/panda/Documents/ODAP/Project/venv310/lib/python3.10/site-packages/airflow/example_dags/example_complex.py
[2025-06-24T01:03:43.331+0700] {processor.py:840} INFO - DAG(s) 'example_complex' retrieved from /home/panda/Documents/ODAP/Project/venv310/lib/python3.10/site-packages/airflow/example_dags/example_complex.py
[2025-06-24T01:03:43.362+0700] {logging_mixin.py:188} INFO - [2025-06-24T01:03:43.362+0700] {dag.py:3096} INFO - Sync 1 DAGs
[2025-06-24T01:03:43.372+0700] {logging_mixin.py:188} INFO - [2025-06-24T01:03:43.372+0700] {dag.py:3954} INFO - Setting next_dagrun for example_complex to None, run_after=None
[2025-06-24T01:03:43.398+0700] {processor.py:183} INFO - Processing /home/panda/Documents/ODAP/Project/venv310/lib/python3.10/site-packages/airflow/example_dags/example_complex.py took 0.094 seconds
