[2025-06-24T00:01:56.988+0700] {processor.py:161} INFO - Started process (PID=5228) to work on /home/panda/Documents/ODAP/Project/venv310/lib/python3.10/site-packages/airflow/example_dags/example_xcom.py
[2025-06-24T00:01:56.989+0700] {processor.py:830} INFO - Processing file /home/panda/Documents/ODAP/Project/venv310/lib/python3.10/site-packages/airflow/example_dags/example_xcom.py for tasks to queue
[2025-06-24T00:01:56.991+0700] {logging_mixin.py:188} INFO - [2025-06-24T00:01:56.991+0700] {dagbag.py:540} INFO - Filling up the DagBag from /home/panda/Documents/ODAP/Project/venv310/lib/python3.10/site-packages/airflow/example_dags/example_xcom.py
[2025-06-24T00:01:57.006+0700] {processor.py:840} INFO - DAG(s) 'example_xcom' retrieved from /home/panda/Documents/ODAP/Project/venv310/lib/python3.10/site-packages/airflow/example_dags/example_xcom.py
[2025-06-24T00:01:57.031+0700] {logging_mixin.py:188} INFO - [2025-06-24T00:01:57.031+0700] {dag.py:3096} INFO - Sync 1 DAGs
[2025-06-24T00:01:57.047+0700] {logging_mixin.py:188} INFO - [2025-06-24T00:01:57.047+0700] {dag.py:3954} INFO - Setting next_dagrun for example_xcom to 2021-01-01 00:00:00+00:00, run_after=2021-01-01 00:00:00+00:00
[2025-06-24T00:01:57.070+0700] {processor.py:183} INFO - Processing /home/panda/Documents/ODAP/Project/venv310/lib/python3.10/site-packages/airflow/example_dags/example_xcom.py took 0.089 seconds
[2025-06-24T00:02:51.347+0700] {processor.py:161} INFO - Started process (PID=6182) to work on /home/panda/Documents/ODAP/Project/venv310/lib/python3.10/site-packages/airflow/example_dags/example_xcom.py
[2025-06-24T00:02:51.352+0700] {processor.py:830} INFO - Processing file /home/panda/Documents/ODAP/Project/venv310/lib/python3.10/site-packages/airflow/example_dags/example_xcom.py for tasks to queue
[2025-06-24T00:02:51.354+0700] {logging_mixin.py:188} INFO - [2025-06-24T00:02:51.353+0700] {dagbag.py:540} INFO - Filling up the DagBag from /home/panda/Documents/ODAP/Project/venv310/lib/python3.10/site-packages/airflow/example_dags/example_xcom.py
[2025-06-24T00:02:51.363+0700] {processor.py:840} INFO - DAG(s) 'example_xcom' retrieved from /home/panda/Documents/ODAP/Project/venv310/lib/python3.10/site-packages/airflow/example_dags/example_xcom.py
[2025-06-24T00:02:51.383+0700] {logging_mixin.py:188} INFO - [2025-06-24T00:02:51.383+0700] {dag.py:3096} INFO - Sync 1 DAGs
[2025-06-24T00:02:51.405+0700] {logging_mixin.py:188} INFO - [2025-06-24T00:02:51.404+0700] {dag.py:3954} INFO - Setting next_dagrun for example_xcom to 2021-01-01 00:00:00+00:00, run_after=2021-01-01 00:00:00+00:00
[2025-06-24T00:02:51.433+0700] {processor.py:183} INFO - Processing /home/panda/Documents/ODAP/Project/venv310/lib/python3.10/site-packages/airflow/example_dags/example_xcom.py took 0.093 seconds
[2025-06-24T00:03:39.885+0700] {processor.py:161} INFO - Started process (PID=6366) to work on /home/panda/Documents/ODAP/Project/venv310/lib/python3.10/site-packages/airflow/example_dags/example_xcom.py
[2025-06-24T00:03:39.888+0700] {processor.py:830} INFO - Processing file /home/panda/Documents/ODAP/Project/venv310/lib/python3.10/site-packages/airflow/example_dags/example_xcom.py for tasks to queue
[2025-06-24T00:03:39.890+0700] {logging_mixin.py:188} INFO - [2025-06-24T00:03:39.889+0700] {dagbag.py:540} INFO - Filling up the DagBag from /home/panda/Documents/ODAP/Project/venv310/lib/python3.10/site-packages/airflow/example_dags/example_xcom.py
[2025-06-24T00:03:39.900+0700] {processor.py:840} INFO - DAG(s) 'example_xcom' retrieved from /home/panda/Documents/ODAP/Project/venv310/lib/python3.10/site-packages/airflow/example_dags/example_xcom.py
[2025-06-24T00:03:39.920+0700] {logging_mixin.py:188} INFO - [2025-06-24T00:03:39.920+0700] {dag.py:3096} INFO - Sync 1 DAGs
[2025-06-24T00:03:39.942+0700] {logging_mixin.py:188} INFO - [2025-06-24T00:03:39.941+0700] {dag.py:3954} INFO - Setting next_dagrun for example_xcom to 2021-01-01 00:00:00+00:00, run_after=2021-01-01 00:00:00+00:00
[2025-06-24T00:03:40.094+0700] {processor.py:183} INFO - Processing /home/panda/Documents/ODAP/Project/venv310/lib/python3.10/site-packages/airflow/example_dags/example_xcom.py took 0.217 seconds
[2025-06-24T00:04:30.688+0700] {processor.py:161} INFO - Started process (PID=6830) to work on /home/panda/Documents/ODAP/Project/venv310/lib/python3.10/site-packages/airflow/example_dags/example_xcom.py
[2025-06-24T00:04:30.693+0700] {processor.py:830} INFO - Processing file /home/panda/Documents/ODAP/Project/venv310/lib/python3.10/site-packages/airflow/example_dags/example_xcom.py for tasks to queue
[2025-06-24T00:04:30.695+0700] {logging_mixin.py:188} INFO - [2025-06-24T00:04:30.695+0700] {dagbag.py:540} INFO - Filling up the DagBag from /home/panda/Documents/ODAP/Project/venv310/lib/python3.10/site-packages/airflow/example_dags/example_xcom.py
[2025-06-24T00:04:30.706+0700] {processor.py:840} INFO - DAG(s) 'example_xcom' retrieved from /home/panda/Documents/ODAP/Project/venv310/lib/python3.10/site-packages/airflow/example_dags/example_xcom.py
[2025-06-24T00:04:30.728+0700] {logging_mixin.py:188} INFO - [2025-06-24T00:04:30.727+0700] {dag.py:3096} INFO - Sync 1 DAGs
[2025-06-24T00:04:30.754+0700] {logging_mixin.py:188} INFO - [2025-06-24T00:04:30.753+0700] {dag.py:3954} INFO - Setting next_dagrun for example_xcom to 2021-01-01 00:00:00+00:00, run_after=2021-01-01 00:00:00+00:00
[2025-06-24T00:04:30.786+0700] {processor.py:183} INFO - Processing /home/panda/Documents/ODAP/Project/venv310/lib/python3.10/site-packages/airflow/example_dags/example_xcom.py took 0.106 seconds
[2025-06-24T00:05:17.701+0700] {processor.py:161} INFO - Started process (PID=7034) to work on /home/panda/Documents/ODAP/Project/venv310/lib/python3.10/site-packages/airflow/example_dags/example_xcom.py
[2025-06-24T00:05:17.706+0700] {processor.py:830} INFO - Processing file /home/panda/Documents/ODAP/Project/venv310/lib/python3.10/site-packages/airflow/example_dags/example_xcom.py for tasks to queue
[2025-06-24T00:05:17.707+0700] {logging_mixin.py:188} INFO - [2025-06-24T00:05:17.707+0700] {dagbag.py:540} INFO - Filling up the DagBag from /home/panda/Documents/ODAP/Project/venv310/lib/python3.10/site-packages/airflow/example_dags/example_xcom.py
[2025-06-24T00:05:17.717+0700] {processor.py:840} INFO - DAG(s) 'example_xcom' retrieved from /home/panda/Documents/ODAP/Project/venv310/lib/python3.10/site-packages/airflow/example_dags/example_xcom.py
[2025-06-24T00:05:17.736+0700] {logging_mixin.py:188} INFO - [2025-06-24T00:05:17.736+0700] {dag.py:3096} INFO - Sync 1 DAGs
[2025-06-24T00:05:17.756+0700] {logging_mixin.py:188} INFO - [2025-06-24T00:05:17.756+0700] {dag.py:3954} INFO - Setting next_dagrun for example_xcom to 2021-01-01 00:00:00+00:00, run_after=2021-01-01 00:00:00+00:00
[2025-06-24T00:05:17.788+0700] {processor.py:183} INFO - Processing /home/panda/Documents/ODAP/Project/venv310/lib/python3.10/site-packages/airflow/example_dags/example_xcom.py took 0.094 seconds
[2025-06-24T00:07:03.955+0700] {processor.py:161} INFO - Started process (PID=8080) to work on /home/panda/Documents/ODAP/Project/venv310/lib/python3.10/site-packages/airflow/example_dags/example_xcom.py
[2025-06-24T00:07:03.960+0700] {processor.py:830} INFO - Processing file /home/panda/Documents/ODAP/Project/venv310/lib/python3.10/site-packages/airflow/example_dags/example_xcom.py for tasks to queue
[2025-06-24T00:07:03.961+0700] {logging_mixin.py:188} INFO - [2025-06-24T00:07:03.960+0700] {dagbag.py:540} INFO - Filling up the DagBag from /home/panda/Documents/ODAP/Project/venv310/lib/python3.10/site-packages/airflow/example_dags/example_xcom.py
[2025-06-24T00:07:03.970+0700] {processor.py:840} INFO - DAG(s) 'example_xcom' retrieved from /home/panda/Documents/ODAP/Project/venv310/lib/python3.10/site-packages/airflow/example_dags/example_xcom.py
[2025-06-24T00:07:03.998+0700] {logging_mixin.py:188} INFO - [2025-06-24T00:07:03.998+0700] {dag.py:3096} INFO - Sync 1 DAGs
[2025-06-24T00:07:04.013+0700] {logging_mixin.py:188} INFO - [2025-06-24T00:07:04.013+0700] {dag.py:3954} INFO - Setting next_dagrun for example_xcom to 2021-01-01 00:00:00+00:00, run_after=2021-01-01 00:00:00+00:00
[2025-06-24T00:07:04.033+0700] {processor.py:183} INFO - Processing /home/panda/Documents/ODAP/Project/venv310/lib/python3.10/site-packages/airflow/example_dags/example_xcom.py took 0.086 seconds
[2025-06-24T00:07:57.814+0700] {processor.py:161} INFO - Started process (PID=8409) to work on /home/panda/Documents/ODAP/Project/venv310/lib/python3.10/site-packages/airflow/example_dags/example_xcom.py
[2025-06-24T00:07:57.819+0700] {processor.py:830} INFO - Processing file /home/panda/Documents/ODAP/Project/venv310/lib/python3.10/site-packages/airflow/example_dags/example_xcom.py for tasks to queue
[2025-06-24T00:07:57.820+0700] {logging_mixin.py:188} INFO - [2025-06-24T00:07:57.819+0700] {dagbag.py:540} INFO - Filling up the DagBag from /home/panda/Documents/ODAP/Project/venv310/lib/python3.10/site-packages/airflow/example_dags/example_xcom.py
[2025-06-24T00:07:57.830+0700] {processor.py:840} INFO - DAG(s) 'example_xcom' retrieved from /home/panda/Documents/ODAP/Project/venv310/lib/python3.10/site-packages/airflow/example_dags/example_xcom.py
[2025-06-24T00:07:57.849+0700] {logging_mixin.py:188} INFO - [2025-06-24T00:07:57.848+0700] {dag.py:3096} INFO - Sync 1 DAGs
[2025-06-24T00:07:57.866+0700] {logging_mixin.py:188} INFO - [2025-06-24T00:07:57.865+0700] {dag.py:3954} INFO - Setting next_dagrun for example_xcom to 2021-01-01 00:00:00+00:00, run_after=2021-01-01 00:00:00+00:00
[2025-06-24T00:07:57.888+0700] {processor.py:183} INFO - Processing /home/panda/Documents/ODAP/Project/venv310/lib/python3.10/site-packages/airflow/example_dags/example_xcom.py took 0.081 seconds
[2025-06-24T00:08:44.263+0700] {processor.py:161} INFO - Started process (PID=10689) to work on /home/panda/Documents/ODAP/Project/venv310/lib/python3.10/site-packages/airflow/example_dags/example_xcom.py
[2025-06-24T00:08:44.268+0700] {processor.py:830} INFO - Processing file /home/panda/Documents/ODAP/Project/venv310/lib/python3.10/site-packages/airflow/example_dags/example_xcom.py for tasks to queue
[2025-06-24T00:08:44.269+0700] {logging_mixin.py:188} INFO - [2025-06-24T00:08:44.269+0700] {dagbag.py:540} INFO - Filling up the DagBag from /home/panda/Documents/ODAP/Project/venv310/lib/python3.10/site-packages/airflow/example_dags/example_xcom.py
[2025-06-24T00:08:44.278+0700] {processor.py:840} INFO - DAG(s) 'example_xcom' retrieved from /home/panda/Documents/ODAP/Project/venv310/lib/python3.10/site-packages/airflow/example_dags/example_xcom.py
[2025-06-24T00:08:44.297+0700] {logging_mixin.py:188} INFO - [2025-06-24T00:08:44.297+0700] {dag.py:3096} INFO - Sync 1 DAGs
[2025-06-24T00:08:44.314+0700] {logging_mixin.py:188} INFO - [2025-06-24T00:08:44.314+0700] {dag.py:3954} INFO - Setting next_dagrun for example_xcom to 2021-01-01 00:00:00+00:00, run_after=2021-01-01 00:00:00+00:00
[2025-06-24T00:08:44.345+0700] {processor.py:183} INFO - Processing /home/panda/Documents/ODAP/Project/venv310/lib/python3.10/site-packages/airflow/example_dags/example_xcom.py took 0.088 seconds
[2025-06-24T00:09:22.181+0700] {processor.py:161} INFO - Started process (PID=10791) to work on /home/panda/Documents/ODAP/Project/venv310/lib/python3.10/site-packages/airflow/example_dags/example_xcom.py
[2025-06-24T00:09:22.184+0700] {processor.py:830} INFO - Processing file /home/panda/Documents/ODAP/Project/venv310/lib/python3.10/site-packages/airflow/example_dags/example_xcom.py for tasks to queue
[2025-06-24T00:09:22.185+0700] {logging_mixin.py:188} INFO - [2025-06-24T00:09:22.185+0700] {dagbag.py:540} INFO - Filling up the DagBag from /home/panda/Documents/ODAP/Project/venv310/lib/python3.10/site-packages/airflow/example_dags/example_xcom.py
[2025-06-24T00:09:22.196+0700] {processor.py:840} INFO - DAG(s) 'example_xcom' retrieved from /home/panda/Documents/ODAP/Project/venv310/lib/python3.10/site-packages/airflow/example_dags/example_xcom.py
[2025-06-24T00:09:22.214+0700] {logging_mixin.py:188} INFO - [2025-06-24T00:09:22.214+0700] {dag.py:3096} INFO - Sync 1 DAGs
[2025-06-24T00:09:22.229+0700] {logging_mixin.py:188} INFO - [2025-06-24T00:09:22.228+0700] {dag.py:3954} INFO - Setting next_dagrun for example_xcom to 2021-01-01 00:00:00+00:00, run_after=2021-01-01 00:00:00+00:00
[2025-06-24T00:09:22.253+0700] {processor.py:183} INFO - Processing /home/panda/Documents/ODAP/Project/venv310/lib/python3.10/site-packages/airflow/example_dags/example_xcom.py took 0.080 seconds
[2025-06-24T00:10:06.976+0700] {processor.py:161} INFO - Started process (PID=10916) to work on /home/panda/Documents/ODAP/Project/venv310/lib/python3.10/site-packages/airflow/example_dags/example_xcom.py
[2025-06-24T00:10:06.981+0700] {processor.py:830} INFO - Processing file /home/panda/Documents/ODAP/Project/venv310/lib/python3.10/site-packages/airflow/example_dags/example_xcom.py for tasks to queue
[2025-06-24T00:10:06.983+0700] {logging_mixin.py:188} INFO - [2025-06-24T00:10:06.982+0700] {dagbag.py:540} INFO - Filling up the DagBag from /home/panda/Documents/ODAP/Project/venv310/lib/python3.10/site-packages/airflow/example_dags/example_xcom.py
[2025-06-24T00:10:06.992+0700] {processor.py:840} INFO - DAG(s) 'example_xcom' retrieved from /home/panda/Documents/ODAP/Project/venv310/lib/python3.10/site-packages/airflow/example_dags/example_xcom.py
[2025-06-24T00:10:07.012+0700] {logging_mixin.py:188} INFO - [2025-06-24T00:10:07.012+0700] {dag.py:3096} INFO - Sync 1 DAGs
[2025-06-24T00:10:07.031+0700] {logging_mixin.py:188} INFO - [2025-06-24T00:10:07.031+0700] {dag.py:3954} INFO - Setting next_dagrun for example_xcom to 2021-01-01 00:00:00+00:00, run_after=2021-01-01 00:00:00+00:00
[2025-06-24T00:10:07.057+0700] {processor.py:183} INFO - Processing /home/panda/Documents/ODAP/Project/venv310/lib/python3.10/site-packages/airflow/example_dags/example_xcom.py took 0.088 seconds
[2025-06-24T00:10:54.658+0700] {processor.py:161} INFO - Started process (PID=11133) to work on /home/panda/Documents/ODAP/Project/venv310/lib/python3.10/site-packages/airflow/example_dags/example_xcom.py
[2025-06-24T00:10:54.660+0700] {processor.py:830} INFO - Processing file /home/panda/Documents/ODAP/Project/venv310/lib/python3.10/site-packages/airflow/example_dags/example_xcom.py for tasks to queue
[2025-06-24T00:10:54.661+0700] {logging_mixin.py:188} INFO - [2025-06-24T00:10:54.661+0700] {dagbag.py:540} INFO - Filling up the DagBag from /home/panda/Documents/ODAP/Project/venv310/lib/python3.10/site-packages/airflow/example_dags/example_xcom.py
[2025-06-24T00:10:54.672+0700] {processor.py:840} INFO - DAG(s) 'example_xcom' retrieved from /home/panda/Documents/ODAP/Project/venv310/lib/python3.10/site-packages/airflow/example_dags/example_xcom.py
[2025-06-24T00:10:54.700+0700] {logging_mixin.py:188} INFO - [2025-06-24T00:10:54.700+0700] {dag.py:3096} INFO - Sync 1 DAGs
[2025-06-24T00:10:54.722+0700] {logging_mixin.py:188} INFO - [2025-06-24T00:10:54.722+0700] {dag.py:3954} INFO - Setting next_dagrun for example_xcom to 2021-01-01 00:00:00+00:00, run_after=2021-01-01 00:00:00+00:00
[2025-06-24T00:10:54.757+0700] {processor.py:183} INFO - Processing /home/panda/Documents/ODAP/Project/venv310/lib/python3.10/site-packages/airflow/example_dags/example_xcom.py took 0.108 seconds
[2025-06-24T00:11:33.832+0700] {processor.py:161} INFO - Started process (PID=12440) to work on /home/panda/Documents/ODAP/Project/venv310/lib/python3.10/site-packages/airflow/example_dags/example_xcom.py
[2025-06-24T00:11:33.837+0700] {processor.py:830} INFO - Processing file /home/panda/Documents/ODAP/Project/venv310/lib/python3.10/site-packages/airflow/example_dags/example_xcom.py for tasks to queue
[2025-06-24T00:11:33.838+0700] {logging_mixin.py:188} INFO - [2025-06-24T00:11:33.838+0700] {dagbag.py:540} INFO - Filling up the DagBag from /home/panda/Documents/ODAP/Project/venv310/lib/python3.10/site-packages/airflow/example_dags/example_xcom.py
[2025-06-24T00:11:33.848+0700] {processor.py:840} INFO - DAG(s) 'example_xcom' retrieved from /home/panda/Documents/ODAP/Project/venv310/lib/python3.10/site-packages/airflow/example_dags/example_xcom.py
[2025-06-24T00:11:33.868+0700] {logging_mixin.py:188} INFO - [2025-06-24T00:11:33.868+0700] {dag.py:3096} INFO - Sync 1 DAGs
[2025-06-24T00:11:33.885+0700] {logging_mixin.py:188} INFO - [2025-06-24T00:11:33.885+0700] {dag.py:3954} INFO - Setting next_dagrun for example_xcom to 2021-01-01 00:00:00+00:00, run_after=2021-01-01 00:00:00+00:00
[2025-06-24T00:11:33.916+0700] {processor.py:183} INFO - Processing /home/panda/Documents/ODAP/Project/venv310/lib/python3.10/site-packages/airflow/example_dags/example_xcom.py took 0.091 seconds
[2025-06-24T00:12:10.532+0700] {processor.py:161} INFO - Started process (PID=12583) to work on /home/panda/Documents/ODAP/Project/venv310/lib/python3.10/site-packages/airflow/example_dags/example_xcom.py
[2025-06-24T00:12:10.537+0700] {processor.py:830} INFO - Processing file /home/panda/Documents/ODAP/Project/venv310/lib/python3.10/site-packages/airflow/example_dags/example_xcom.py for tasks to queue
[2025-06-24T00:12:10.538+0700] {logging_mixin.py:188} INFO - [2025-06-24T00:12:10.537+0700] {dagbag.py:540} INFO - Filling up the DagBag from /home/panda/Documents/ODAP/Project/venv310/lib/python3.10/site-packages/airflow/example_dags/example_xcom.py
[2025-06-24T00:12:10.547+0700] {processor.py:840} INFO - DAG(s) 'example_xcom' retrieved from /home/panda/Documents/ODAP/Project/venv310/lib/python3.10/site-packages/airflow/example_dags/example_xcom.py
[2025-06-24T00:12:10.566+0700] {logging_mixin.py:188} INFO - [2025-06-24T00:12:10.566+0700] {dag.py:3096} INFO - Sync 1 DAGs
[2025-06-24T00:12:10.583+0700] {logging_mixin.py:188} INFO - [2025-06-24T00:12:10.583+0700] {dag.py:3954} INFO - Setting next_dagrun for example_xcom to 2021-01-01 00:00:00+00:00, run_after=2021-01-01 00:00:00+00:00
[2025-06-24T00:12:10.612+0700] {processor.py:183} INFO - Processing /home/panda/Documents/ODAP/Project/venv310/lib/python3.10/site-packages/airflow/example_dags/example_xcom.py took 0.087 seconds
[2025-06-24T00:12:54.895+0700] {processor.py:161} INFO - Started process (PID=12730) to work on /home/panda/Documents/ODAP/Project/venv310/lib/python3.10/site-packages/airflow/example_dags/example_xcom.py
[2025-06-24T00:12:54.900+0700] {processor.py:830} INFO - Processing file /home/panda/Documents/ODAP/Project/venv310/lib/python3.10/site-packages/airflow/example_dags/example_xcom.py for tasks to queue
[2025-06-24T00:12:54.901+0700] {logging_mixin.py:188} INFO - [2025-06-24T00:12:54.901+0700] {dagbag.py:540} INFO - Filling up the DagBag from /home/panda/Documents/ODAP/Project/venv310/lib/python3.10/site-packages/airflow/example_dags/example_xcom.py
[2025-06-24T00:12:54.911+0700] {processor.py:840} INFO - DAG(s) 'example_xcom' retrieved from /home/panda/Documents/ODAP/Project/venv310/lib/python3.10/site-packages/airflow/example_dags/example_xcom.py
[2025-06-24T00:12:54.931+0700] {logging_mixin.py:188} INFO - [2025-06-24T00:12:54.930+0700] {dag.py:3096} INFO - Sync 1 DAGs
[2025-06-24T00:12:54.948+0700] {logging_mixin.py:188} INFO - [2025-06-24T00:12:54.948+0700] {dag.py:3954} INFO - Setting next_dagrun for example_xcom to 2021-01-01 00:00:00+00:00, run_after=2021-01-01 00:00:00+00:00
[2025-06-24T00:12:54.971+0700] {processor.py:183} INFO - Processing /home/panda/Documents/ODAP/Project/venv310/lib/python3.10/site-packages/airflow/example_dags/example_xcom.py took 0.083 seconds
[2025-06-24T00:13:38.914+0700] {processor.py:161} INFO - Started process (PID=12881) to work on /home/panda/Documents/ODAP/Project/venv310/lib/python3.10/site-packages/airflow/example_dags/example_xcom.py
[2025-06-24T00:13:38.919+0700] {processor.py:830} INFO - Processing file /home/panda/Documents/ODAP/Project/venv310/lib/python3.10/site-packages/airflow/example_dags/example_xcom.py for tasks to queue
[2025-06-24T00:13:38.920+0700] {logging_mixin.py:188} INFO - [2025-06-24T00:13:38.919+0700] {dagbag.py:540} INFO - Filling up the DagBag from /home/panda/Documents/ODAP/Project/venv310/lib/python3.10/site-packages/airflow/example_dags/example_xcom.py
[2025-06-24T00:13:38.929+0700] {processor.py:840} INFO - DAG(s) 'example_xcom' retrieved from /home/panda/Documents/ODAP/Project/venv310/lib/python3.10/site-packages/airflow/example_dags/example_xcom.py
[2025-06-24T00:13:38.950+0700] {logging_mixin.py:188} INFO - [2025-06-24T00:13:38.950+0700] {dag.py:3096} INFO - Sync 1 DAGs
[2025-06-24T00:13:38.969+0700] {logging_mixin.py:188} INFO - [2025-06-24T00:13:38.968+0700] {dag.py:3954} INFO - Setting next_dagrun for example_xcom to 2021-01-01 00:00:00+00:00, run_after=2021-01-01 00:00:00+00:00
[2025-06-24T00:13:38.998+0700] {processor.py:183} INFO - Processing /home/panda/Documents/ODAP/Project/venv310/lib/python3.10/site-packages/airflow/example_dags/example_xcom.py took 0.092 seconds
[2025-06-24T00:14:24.090+0700] {processor.py:161} INFO - Started process (PID=13127) to work on /home/panda/Documents/ODAP/Project/venv310/lib/python3.10/site-packages/airflow/example_dags/example_xcom.py
[2025-06-24T00:14:24.095+0700] {processor.py:830} INFO - Processing file /home/panda/Documents/ODAP/Project/venv310/lib/python3.10/site-packages/airflow/example_dags/example_xcom.py for tasks to queue
[2025-06-24T00:14:24.096+0700] {logging_mixin.py:188} INFO - [2025-06-24T00:14:24.095+0700] {dagbag.py:540} INFO - Filling up the DagBag from /home/panda/Documents/ODAP/Project/venv310/lib/python3.10/site-packages/airflow/example_dags/example_xcom.py
[2025-06-24T00:14:24.105+0700] {processor.py:840} INFO - DAG(s) 'example_xcom' retrieved from /home/panda/Documents/ODAP/Project/venv310/lib/python3.10/site-packages/airflow/example_dags/example_xcom.py
[2025-06-24T00:14:24.125+0700] {logging_mixin.py:188} INFO - [2025-06-24T00:14:24.125+0700] {dag.py:3096} INFO - Sync 1 DAGs
[2025-06-24T00:14:24.142+0700] {logging_mixin.py:188} INFO - [2025-06-24T00:14:24.142+0700] {dag.py:3954} INFO - Setting next_dagrun for example_xcom to 2021-01-01 00:00:00+00:00, run_after=2021-01-01 00:00:00+00:00
[2025-06-24T00:14:24.173+0700] {processor.py:183} INFO - Processing /home/panda/Documents/ODAP/Project/venv310/lib/python3.10/site-packages/airflow/example_dags/example_xcom.py took 0.090 seconds
[2025-06-24T00:15:06.113+0700] {processor.py:161} INFO - Started process (PID=13339) to work on /home/panda/Documents/ODAP/Project/venv310/lib/python3.10/site-packages/airflow/example_dags/example_xcom.py
[2025-06-24T00:15:06.118+0700] {processor.py:830} INFO - Processing file /home/panda/Documents/ODAP/Project/venv310/lib/python3.10/site-packages/airflow/example_dags/example_xcom.py for tasks to queue
[2025-06-24T00:15:06.119+0700] {logging_mixin.py:188} INFO - [2025-06-24T00:15:06.118+0700] {dagbag.py:540} INFO - Filling up the DagBag from /home/panda/Documents/ODAP/Project/venv310/lib/python3.10/site-packages/airflow/example_dags/example_xcom.py
[2025-06-24T00:15:06.128+0700] {processor.py:840} INFO - DAG(s) 'example_xcom' retrieved from /home/panda/Documents/ODAP/Project/venv310/lib/python3.10/site-packages/airflow/example_dags/example_xcom.py
[2025-06-24T00:15:06.147+0700] {logging_mixin.py:188} INFO - [2025-06-24T00:15:06.146+0700] {dag.py:3096} INFO - Sync 1 DAGs
[2025-06-24T00:15:06.165+0700] {logging_mixin.py:188} INFO - [2025-06-24T00:15:06.165+0700] {dag.py:3954} INFO - Setting next_dagrun for example_xcom to 2021-01-01 00:00:00+00:00, run_after=2021-01-01 00:00:00+00:00
[2025-06-24T00:15:06.190+0700] {processor.py:183} INFO - Processing /home/panda/Documents/ODAP/Project/venv310/lib/python3.10/site-packages/airflow/example_dags/example_xcom.py took 0.085 seconds
[2025-06-24T00:21:14.382+0700] {processor.py:161} INFO - Started process (PID=16554) to work on /home/panda/Documents/ODAP/Project/venv310/lib/python3.10/site-packages/airflow/example_dags/example_xcom.py
[2025-06-24T00:21:14.384+0700] {processor.py:830} INFO - Processing file /home/panda/Documents/ODAP/Project/venv310/lib/python3.10/site-packages/airflow/example_dags/example_xcom.py for tasks to queue
[2025-06-24T00:21:14.385+0700] {logging_mixin.py:188} INFO - [2025-06-24T00:21:14.385+0700] {dagbag.py:540} INFO - Filling up the DagBag from /home/panda/Documents/ODAP/Project/venv310/lib/python3.10/site-packages/airflow/example_dags/example_xcom.py
[2025-06-24T00:21:14.394+0700] {processor.py:840} INFO - DAG(s) 'example_xcom' retrieved from /home/panda/Documents/ODAP/Project/venv310/lib/python3.10/site-packages/airflow/example_dags/example_xcom.py
[2025-06-24T00:21:14.421+0700] {logging_mixin.py:188} INFO - [2025-06-24T00:21:14.420+0700] {dag.py:3096} INFO - Sync 1 DAGs
[2025-06-24T00:21:14.438+0700] {logging_mixin.py:188} INFO - [2025-06-24T00:21:14.438+0700] {dag.py:3954} INFO - Setting next_dagrun for example_xcom to 2021-01-01 00:00:00+00:00, run_after=2021-01-01 00:00:00+00:00
[2025-06-24T00:21:14.462+0700] {processor.py:183} INFO - Processing /home/panda/Documents/ODAP/Project/venv310/lib/python3.10/site-packages/airflow/example_dags/example_xcom.py took 0.087 seconds
[2025-06-24T00:22:08.491+0700] {processor.py:161} INFO - Started process (PID=16729) to work on /home/panda/Documents/ODAP/Project/venv310/lib/python3.10/site-packages/airflow/example_dags/example_xcom.py
[2025-06-24T00:22:08.496+0700] {processor.py:830} INFO - Processing file /home/panda/Documents/ODAP/Project/venv310/lib/python3.10/site-packages/airflow/example_dags/example_xcom.py for tasks to queue
[2025-06-24T00:22:08.497+0700] {logging_mixin.py:188} INFO - [2025-06-24T00:22:08.496+0700] {dagbag.py:540} INFO - Filling up the DagBag from /home/panda/Documents/ODAP/Project/venv310/lib/python3.10/site-packages/airflow/example_dags/example_xcom.py
[2025-06-24T00:22:08.506+0700] {processor.py:840} INFO - DAG(s) 'example_xcom' retrieved from /home/panda/Documents/ODAP/Project/venv310/lib/python3.10/site-packages/airflow/example_dags/example_xcom.py
[2025-06-24T00:22:08.527+0700] {logging_mixin.py:188} INFO - [2025-06-24T00:22:08.526+0700] {dag.py:3096} INFO - Sync 1 DAGs
[2025-06-24T00:22:08.546+0700] {logging_mixin.py:188} INFO - [2025-06-24T00:22:08.546+0700] {dag.py:3954} INFO - Setting next_dagrun for example_xcom to 2021-01-01 00:00:00+00:00, run_after=2021-01-01 00:00:00+00:00
[2025-06-24T00:22:08.571+0700] {processor.py:183} INFO - Processing /home/panda/Documents/ODAP/Project/venv310/lib/python3.10/site-packages/airflow/example_dags/example_xcom.py took 0.087 seconds
[2025-06-24T00:23:07.978+0700] {processor.py:161} INFO - Started process (PID=18124) to work on /home/panda/Documents/ODAP/Project/venv310/lib/python3.10/site-packages/airflow/example_dags/example_xcom.py
[2025-06-24T00:23:07.982+0700] {processor.py:830} INFO - Processing file /home/panda/Documents/ODAP/Project/venv310/lib/python3.10/site-packages/airflow/example_dags/example_xcom.py for tasks to queue
[2025-06-24T00:23:07.984+0700] {logging_mixin.py:188} INFO - [2025-06-24T00:23:07.983+0700] {dagbag.py:540} INFO - Filling up the DagBag from /home/panda/Documents/ODAP/Project/venv310/lib/python3.10/site-packages/airflow/example_dags/example_xcom.py
[2025-06-24T00:23:07.994+0700] {processor.py:840} INFO - DAG(s) 'example_xcom' retrieved from /home/panda/Documents/ODAP/Project/venv310/lib/python3.10/site-packages/airflow/example_dags/example_xcom.py
[2025-06-24T00:23:08.016+0700] {logging_mixin.py:188} INFO - [2025-06-24T00:23:08.015+0700] {dag.py:3096} INFO - Sync 1 DAGs
[2025-06-24T00:23:08.037+0700] {logging_mixin.py:188} INFO - [2025-06-24T00:23:08.036+0700] {dag.py:3954} INFO - Setting next_dagrun for example_xcom to 2021-01-01 00:00:00+00:00, run_after=2021-01-01 00:00:00+00:00
[2025-06-24T00:23:08.060+0700] {processor.py:183} INFO - Processing /home/panda/Documents/ODAP/Project/venv310/lib/python3.10/site-packages/airflow/example_dags/example_xcom.py took 0.090 seconds
[2025-06-24T00:33:25.662+0700] {processor.py:161} INFO - Started process (PID=20165) to work on /home/panda/Documents/ODAP/Project/venv310/lib/python3.10/site-packages/airflow/example_dags/example_xcom.py
[2025-06-24T00:33:25.668+0700] {processor.py:830} INFO - Processing file /home/panda/Documents/ODAP/Project/venv310/lib/python3.10/site-packages/airflow/example_dags/example_xcom.py for tasks to queue
[2025-06-24T00:33:25.669+0700] {logging_mixin.py:188} INFO - [2025-06-24T00:33:25.668+0700] {dagbag.py:540} INFO - Filling up the DagBag from /home/panda/Documents/ODAP/Project/venv310/lib/python3.10/site-packages/airflow/example_dags/example_xcom.py
[2025-06-24T00:33:25.678+0700] {processor.py:840} INFO - DAG(s) 'example_xcom' retrieved from /home/panda/Documents/ODAP/Project/venv310/lib/python3.10/site-packages/airflow/example_dags/example_xcom.py
[2025-06-24T00:33:25.709+0700] {logging_mixin.py:188} INFO - [2025-06-24T00:33:25.709+0700] {dag.py:3096} INFO - Sync 1 DAGs
[2025-06-24T00:33:25.730+0700] {logging_mixin.py:188} INFO - [2025-06-24T00:33:25.729+0700] {dag.py:3954} INFO - Setting next_dagrun for example_xcom to 2021-01-01 00:00:00+00:00, run_after=2021-01-01 00:00:00+00:00
[2025-06-24T00:33:25.761+0700] {processor.py:183} INFO - Processing /home/panda/Documents/ODAP/Project/venv310/lib/python3.10/site-packages/airflow/example_dags/example_xcom.py took 0.107 seconds
[2025-06-24T00:34:19.976+0700] {processor.py:161} INFO - Started process (PID=20368) to work on /home/panda/Documents/ODAP/Project/venv310/lib/python3.10/site-packages/airflow/example_dags/example_xcom.py
[2025-06-24T00:34:19.981+0700] {processor.py:830} INFO - Processing file /home/panda/Documents/ODAP/Project/venv310/lib/python3.10/site-packages/airflow/example_dags/example_xcom.py for tasks to queue
[2025-06-24T00:34:19.982+0700] {logging_mixin.py:188} INFO - [2025-06-24T00:34:19.981+0700] {dagbag.py:540} INFO - Filling up the DagBag from /home/panda/Documents/ODAP/Project/venv310/lib/python3.10/site-packages/airflow/example_dags/example_xcom.py
[2025-06-24T00:34:19.991+0700] {processor.py:840} INFO - DAG(s) 'example_xcom' retrieved from /home/panda/Documents/ODAP/Project/venv310/lib/python3.10/site-packages/airflow/example_dags/example_xcom.py
[2025-06-24T00:34:20.011+0700] {logging_mixin.py:188} INFO - [2025-06-24T00:34:20.010+0700] {dag.py:3096} INFO - Sync 1 DAGs
[2025-06-24T00:34:20.028+0700] {logging_mixin.py:188} INFO - [2025-06-24T00:34:20.028+0700] {dag.py:3954} INFO - Setting next_dagrun for example_xcom to 2021-01-01 00:00:00+00:00, run_after=2021-01-01 00:00:00+00:00
[2025-06-24T00:34:20.061+0700] {processor.py:183} INFO - Processing /home/panda/Documents/ODAP/Project/venv310/lib/python3.10/site-packages/airflow/example_dags/example_xcom.py took 0.093 seconds
[2025-06-24T00:35:07.860+0700] {processor.py:161} INFO - Started process (PID=20496) to work on /home/panda/Documents/ODAP/Project/venv310/lib/python3.10/site-packages/airflow/example_dags/example_xcom.py
[2025-06-24T00:35:07.865+0700] {processor.py:830} INFO - Processing file /home/panda/Documents/ODAP/Project/venv310/lib/python3.10/site-packages/airflow/example_dags/example_xcom.py for tasks to queue
[2025-06-24T00:35:07.866+0700] {logging_mixin.py:188} INFO - [2025-06-24T00:35:07.866+0700] {dagbag.py:540} INFO - Filling up the DagBag from /home/panda/Documents/ODAP/Project/venv310/lib/python3.10/site-packages/airflow/example_dags/example_xcom.py
[2025-06-24T00:35:07.876+0700] {processor.py:840} INFO - DAG(s) 'example_xcom' retrieved from /home/panda/Documents/ODAP/Project/venv310/lib/python3.10/site-packages/airflow/example_dags/example_xcom.py
[2025-06-24T00:35:07.895+0700] {logging_mixin.py:188} INFO - [2025-06-24T00:35:07.895+0700] {dag.py:3096} INFO - Sync 1 DAGs
[2025-06-24T00:35:07.913+0700] {logging_mixin.py:188} INFO - [2025-06-24T00:35:07.912+0700] {dag.py:3954} INFO - Setting next_dagrun for example_xcom to 2021-01-01 00:00:00+00:00, run_after=2021-01-01 00:00:00+00:00
[2025-06-24T00:35:07.941+0700] {processor.py:183} INFO - Processing /home/panda/Documents/ODAP/Project/venv310/lib/python3.10/site-packages/airflow/example_dags/example_xcom.py took 0.088 seconds
[2025-06-24T00:35:54.468+0700] {processor.py:161} INFO - Started process (PID=20662) to work on /home/panda/Documents/ODAP/Project/venv310/lib/python3.10/site-packages/airflow/example_dags/example_xcom.py
[2025-06-24T00:35:54.473+0700] {processor.py:830} INFO - Processing file /home/panda/Documents/ODAP/Project/venv310/lib/python3.10/site-packages/airflow/example_dags/example_xcom.py for tasks to queue
[2025-06-24T00:35:54.474+0700] {logging_mixin.py:188} INFO - [2025-06-24T00:35:54.474+0700] {dagbag.py:540} INFO - Filling up the DagBag from /home/panda/Documents/ODAP/Project/venv310/lib/python3.10/site-packages/airflow/example_dags/example_xcom.py
[2025-06-24T00:35:54.483+0700] {processor.py:840} INFO - DAG(s) 'example_xcom' retrieved from /home/panda/Documents/ODAP/Project/venv310/lib/python3.10/site-packages/airflow/example_dags/example_xcom.py
[2025-06-24T00:35:54.502+0700] {logging_mixin.py:188} INFO - [2025-06-24T00:35:54.502+0700] {dag.py:3096} INFO - Sync 1 DAGs
[2025-06-24T00:35:54.520+0700] {logging_mixin.py:188} INFO - [2025-06-24T00:35:54.520+0700] {dag.py:3954} INFO - Setting next_dagrun for example_xcom to 2021-01-01 00:00:00+00:00, run_after=2021-01-01 00:00:00+00:00
[2025-06-24T00:35:54.550+0700] {processor.py:183} INFO - Processing /home/panda/Documents/ODAP/Project/venv310/lib/python3.10/site-packages/airflow/example_dags/example_xcom.py took 0.090 seconds
[2025-06-24T00:36:40.859+0700] {processor.py:161} INFO - Started process (PID=20993) to work on /home/panda/Documents/ODAP/Project/venv310/lib/python3.10/site-packages/airflow/example_dags/example_xcom.py
[2025-06-24T00:36:40.864+0700] {processor.py:830} INFO - Processing file /home/panda/Documents/ODAP/Project/venv310/lib/python3.10/site-packages/airflow/example_dags/example_xcom.py for tasks to queue
[2025-06-24T00:36:40.865+0700] {logging_mixin.py:188} INFO - [2025-06-24T00:36:40.865+0700] {dagbag.py:540} INFO - Filling up the DagBag from /home/panda/Documents/ODAP/Project/venv310/lib/python3.10/site-packages/airflow/example_dags/example_xcom.py
[2025-06-24T00:36:40.874+0700] {processor.py:840} INFO - DAG(s) 'example_xcom' retrieved from /home/panda/Documents/ODAP/Project/venv310/lib/python3.10/site-packages/airflow/example_dags/example_xcom.py
[2025-06-24T00:36:40.895+0700] {logging_mixin.py:188} INFO - [2025-06-24T00:36:40.895+0700] {dag.py:3096} INFO - Sync 1 DAGs
[2025-06-24T00:36:40.916+0700] {logging_mixin.py:188} INFO - [2025-06-24T00:36:40.915+0700] {dag.py:3954} INFO - Setting next_dagrun for example_xcom to 2021-01-01 00:00:00+00:00, run_after=2021-01-01 00:00:00+00:00
[2025-06-24T00:36:40.940+0700] {processor.py:183} INFO - Processing /home/panda/Documents/ODAP/Project/venv310/lib/python3.10/site-packages/airflow/example_dags/example_xcom.py took 0.088 seconds
[2025-06-24T00:52:23.730+0700] {processor.py:161} INFO - Started process (PID=25052) to work on /home/panda/Documents/ODAP/Project/venv310/lib/python3.10/site-packages/airflow/example_dags/example_xcom.py
[2025-06-24T00:52:23.735+0700] {processor.py:830} INFO - Processing file /home/panda/Documents/ODAP/Project/venv310/lib/python3.10/site-packages/airflow/example_dags/example_xcom.py for tasks to queue
[2025-06-24T00:52:23.736+0700] {logging_mixin.py:188} INFO - [2025-06-24T00:52:23.735+0700] {dagbag.py:540} INFO - Filling up the DagBag from /home/panda/Documents/ODAP/Project/venv310/lib/python3.10/site-packages/airflow/example_dags/example_xcom.py
[2025-06-24T00:52:23.745+0700] {processor.py:840} INFO - DAG(s) 'example_xcom' retrieved from /home/panda/Documents/ODAP/Project/venv310/lib/python3.10/site-packages/airflow/example_dags/example_xcom.py
[2025-06-24T00:52:23.773+0700] {logging_mixin.py:188} INFO - [2025-06-24T00:52:23.772+0700] {dag.py:3096} INFO - Sync 1 DAGs
[2025-06-24T00:52:23.790+0700] {logging_mixin.py:188} INFO - [2025-06-24T00:52:23.790+0700] {dag.py:3954} INFO - Setting next_dagrun for example_xcom to 2021-01-01 00:00:00+00:00, run_after=2021-01-01 00:00:00+00:00
[2025-06-24T00:52:23.818+0700] {processor.py:183} INFO - Processing /home/panda/Documents/ODAP/Project/venv310/lib/python3.10/site-packages/airflow/example_dags/example_xcom.py took 0.095 seconds
[2025-06-24T00:53:17.983+0700] {processor.py:161} INFO - Started process (PID=25264) to work on /home/panda/Documents/ODAP/Project/venv310/lib/python3.10/site-packages/airflow/example_dags/example_xcom.py
[2025-06-24T00:53:17.989+0700] {processor.py:830} INFO - Processing file /home/panda/Documents/ODAP/Project/venv310/lib/python3.10/site-packages/airflow/example_dags/example_xcom.py for tasks to queue
[2025-06-24T00:53:17.990+0700] {logging_mixin.py:188} INFO - [2025-06-24T00:53:17.989+0700] {dagbag.py:540} INFO - Filling up the DagBag from /home/panda/Documents/ODAP/Project/venv310/lib/python3.10/site-packages/airflow/example_dags/example_xcom.py
[2025-06-24T00:53:17.999+0700] {processor.py:840} INFO - DAG(s) 'example_xcom' retrieved from /home/panda/Documents/ODAP/Project/venv310/lib/python3.10/site-packages/airflow/example_dags/example_xcom.py
[2025-06-24T00:53:18.018+0700] {logging_mixin.py:188} INFO - [2025-06-24T00:53:18.018+0700] {dag.py:3096} INFO - Sync 1 DAGs
[2025-06-24T00:53:18.039+0700] {logging_mixin.py:188} INFO - [2025-06-24T00:53:18.038+0700] {dag.py:3954} INFO - Setting next_dagrun for example_xcom to 2021-01-01 00:00:00+00:00, run_after=2021-01-01 00:00:00+00:00
[2025-06-24T00:53:18.067+0700] {processor.py:183} INFO - Processing /home/panda/Documents/ODAP/Project/venv310/lib/python3.10/site-packages/airflow/example_dags/example_xcom.py took 0.092 seconds
[2025-06-24T00:54:05.997+0700] {processor.py:161} INFO - Started process (PID=25554) to work on /home/panda/Documents/ODAP/Project/venv310/lib/python3.10/site-packages/airflow/example_dags/example_xcom.py
[2025-06-24T00:54:05.999+0700] {processor.py:830} INFO - Processing file /home/panda/Documents/ODAP/Project/venv310/lib/python3.10/site-packages/airflow/example_dags/example_xcom.py for tasks to queue
[2025-06-24T00:54:06.000+0700] {logging_mixin.py:188} INFO - [2025-06-24T00:54:05.999+0700] {dagbag.py:540} INFO - Filling up the DagBag from /home/panda/Documents/ODAP/Project/venv310/lib/python3.10/site-packages/airflow/example_dags/example_xcom.py
[2025-06-24T00:54:06.008+0700] {processor.py:840} INFO - DAG(s) 'example_xcom' retrieved from /home/panda/Documents/ODAP/Project/venv310/lib/python3.10/site-packages/airflow/example_dags/example_xcom.py
[2025-06-24T00:54:06.023+0700] {logging_mixin.py:188} INFO - [2025-06-24T00:54:06.023+0700] {dag.py:3096} INFO - Sync 1 DAGs
[2025-06-24T00:54:06.038+0700] {logging_mixin.py:188} INFO - [2025-06-24T00:54:06.038+0700] {dag.py:3954} INFO - Setting next_dagrun for example_xcom to 2021-01-01 00:00:00+00:00, run_after=2021-01-01 00:00:00+00:00
[2025-06-24T00:54:06.067+0700] {processor.py:183} INFO - Processing /home/panda/Documents/ODAP/Project/venv310/lib/python3.10/site-packages/airflow/example_dags/example_xcom.py took 0.078 seconds
[2025-06-24T00:54:52.574+0700] {processor.py:161} INFO - Started process (PID=25702) to work on /home/panda/Documents/ODAP/Project/venv310/lib/python3.10/site-packages/airflow/example_dags/example_xcom.py
[2025-06-24T00:54:52.579+0700] {processor.py:830} INFO - Processing file /home/panda/Documents/ODAP/Project/venv310/lib/python3.10/site-packages/airflow/example_dags/example_xcom.py for tasks to queue
[2025-06-24T00:54:52.581+0700] {logging_mixin.py:188} INFO - [2025-06-24T00:54:52.580+0700] {dagbag.py:540} INFO - Filling up the DagBag from /home/panda/Documents/ODAP/Project/venv310/lib/python3.10/site-packages/airflow/example_dags/example_xcom.py
[2025-06-24T00:54:52.591+0700] {processor.py:840} INFO - DAG(s) 'example_xcom' retrieved from /home/panda/Documents/ODAP/Project/venv310/lib/python3.10/site-packages/airflow/example_dags/example_xcom.py
[2025-06-24T00:54:52.611+0700] {logging_mixin.py:188} INFO - [2025-06-24T00:54:52.610+0700] {dag.py:3096} INFO - Sync 1 DAGs
[2025-06-24T00:54:52.629+0700] {logging_mixin.py:188} INFO - [2025-06-24T00:54:52.629+0700] {dag.py:3954} INFO - Setting next_dagrun for example_xcom to 2021-01-01 00:00:00+00:00, run_after=2021-01-01 00:00:00+00:00
[2025-06-24T00:54:52.656+0700] {processor.py:183} INFO - Processing /home/panda/Documents/ODAP/Project/venv310/lib/python3.10/site-packages/airflow/example_dags/example_xcom.py took 0.090 seconds
[2025-06-24T01:02:59.688+0700] {processor.py:161} INFO - Started process (PID=28527) to work on /home/panda/Documents/ODAP/Project/venv310/lib/python3.10/site-packages/airflow/example_dags/example_xcom.py
[2025-06-24T01:02:59.689+0700] {processor.py:830} INFO - Processing file /home/panda/Documents/ODAP/Project/venv310/lib/python3.10/site-packages/airflow/example_dags/example_xcom.py for tasks to queue
[2025-06-24T01:02:59.691+0700] {logging_mixin.py:188} INFO - [2025-06-24T01:02:59.690+0700] {dagbag.py:540} INFO - Filling up the DagBag from /home/panda/Documents/ODAP/Project/venv310/lib/python3.10/site-packages/airflow/example_dags/example_xcom.py
[2025-06-24T01:02:59.700+0700] {processor.py:840} INFO - DAG(s) 'example_xcom' retrieved from /home/panda/Documents/ODAP/Project/venv310/lib/python3.10/site-packages/airflow/example_dags/example_xcom.py
[2025-06-24T01:02:59.732+0700] {logging_mixin.py:188} INFO - [2025-06-24T01:02:59.731+0700] {dag.py:3096} INFO - Sync 1 DAGs
[2025-06-24T01:02:59.752+0700] {logging_mixin.py:188} INFO - [2025-06-24T01:02:59.752+0700] {dag.py:3954} INFO - Setting next_dagrun for example_xcom to 2021-01-01 00:00:00+00:00, run_after=2021-01-01 00:00:00+00:00
[2025-06-24T01:02:59.776+0700] {processor.py:183} INFO - Processing /home/panda/Documents/ODAP/Project/venv310/lib/python3.10/site-packages/airflow/example_dags/example_xcom.py took 0.096 seconds
[2025-06-24T01:03:53.136+0700] {processor.py:161} INFO - Started process (PID=28683) to work on /home/panda/Documents/ODAP/Project/venv310/lib/python3.10/site-packages/airflow/example_dags/example_xcom.py
[2025-06-24T01:03:53.141+0700] {processor.py:830} INFO - Processing file /home/panda/Documents/ODAP/Project/venv310/lib/python3.10/site-packages/airflow/example_dags/example_xcom.py for tasks to queue
[2025-06-24T01:03:53.142+0700] {logging_mixin.py:188} INFO - [2025-06-24T01:03:53.141+0700] {dagbag.py:540} INFO - Filling up the DagBag from /home/panda/Documents/ODAP/Project/venv310/lib/python3.10/site-packages/airflow/example_dags/example_xcom.py
[2025-06-24T01:03:53.152+0700] {processor.py:840} INFO - DAG(s) 'example_xcom' retrieved from /home/panda/Documents/ODAP/Project/venv310/lib/python3.10/site-packages/airflow/example_dags/example_xcom.py
[2025-06-24T01:03:53.172+0700] {logging_mixin.py:188} INFO - [2025-06-24T01:03:53.172+0700] {dag.py:3096} INFO - Sync 1 DAGs
[2025-06-24T01:03:53.191+0700] {logging_mixin.py:188} INFO - [2025-06-24T01:03:53.191+0700] {dag.py:3954} INFO - Setting next_dagrun for example_xcom to 2021-01-01 00:00:00+00:00, run_after=2021-01-01 00:00:00+00:00
[2025-06-24T01:03:53.214+0700] {processor.py:183} INFO - Processing /home/panda/Documents/ODAP/Project/venv310/lib/python3.10/site-packages/airflow/example_dags/example_xcom.py took 0.085 seconds
[2025-06-24T01:09:03.383+0700] {processor.py:161} INFO - Started process (PID=5614) to work on /home/panda/Documents/ODAP/Project/venv310/lib/python3.10/site-packages/airflow/example_dags/example_xcom.py
[2025-06-24T01:09:03.388+0700] {processor.py:830} INFO - Processing file /home/panda/Documents/ODAP/Project/venv310/lib/python3.10/site-packages/airflow/example_dags/example_xcom.py for tasks to queue
[2025-06-24T01:09:03.390+0700] {logging_mixin.py:188} INFO - [2025-06-24T01:09:03.389+0700] {dagbag.py:540} INFO - Filling up the DagBag from /home/panda/Documents/ODAP/Project/venv310/lib/python3.10/site-packages/airflow/example_dags/example_xcom.py
[2025-06-24T01:09:03.398+0700] {processor.py:840} INFO - DAG(s) 'example_xcom' retrieved from /home/panda/Documents/ODAP/Project/venv310/lib/python3.10/site-packages/airflow/example_dags/example_xcom.py
[2025-06-24T01:09:03.427+0700] {logging_mixin.py:188} INFO - [2025-06-24T01:09:03.427+0700] {dag.py:3096} INFO - Sync 1 DAGs
[2025-06-24T01:09:03.448+0700] {logging_mixin.py:188} INFO - [2025-06-24T01:09:03.448+0700] {dag.py:3954} INFO - Setting next_dagrun for example_xcom to 2021-01-01 00:00:00+00:00, run_after=2021-01-01 00:00:00+00:00
[2025-06-24T01:09:03.473+0700] {processor.py:183} INFO - Processing /home/panda/Documents/ODAP/Project/venv310/lib/python3.10/site-packages/airflow/example_dags/example_xcom.py took 0.097 seconds
