[2025-06-24T00:02:18.426+0700] {processor.py:161} INFO - Started process (PID=5727) to work on /home/panda/Documents/ODAP/Project/venv310/lib/python3.10/site-packages/airflow/example_dags/example_sla_dag.py
[2025-06-24T00:02:18.427+0700] {processor.py:830} INFO - Processing file /home/panda/Documents/ODAP/Project/venv310/lib/python3.10/site-packages/airflow/example_dags/example_sla_dag.py for tasks to queue
[2025-06-24T00:02:18.429+0700] {logging_mixin.py:188} INFO - [2025-06-24T00:02:18.429+0700] {dagbag.py:540} INFO - Filling up the DagBag from /home/panda/Documents/ODAP/Project/venv310/lib/python3.10/site-packages/airflow/example_dags/example_sla_dag.py
[2025-06-24T00:02:18.443+0700] {processor.py:840} INFO - DAG(s) 'example_sla_dag' retrieved from /home/panda/Documents/ODAP/Project/venv310/lib/python3.10/site-packages/airflow/example_dags/example_sla_dag.py
[2025-06-24T00:02:18.464+0700] {logging_mixin.py:188} INFO - [2025-06-24T00:02:18.464+0700] {dag.py:3096} INFO - Sync 1 DAGs
[2025-06-24T00:02:18.488+0700] {logging_mixin.py:188} INFO - [2025-06-24T00:02:18.488+0700] {dag.py:3954} INFO - Setting next_dagrun for example_sla_dag to 2025-06-23 17:00:00+00:00, run_after=2025-06-23 17:02:00+00:00
[2025-06-24T00:02:18.517+0700] {processor.py:183} INFO - Processing /home/panda/Documents/ODAP/Project/venv310/lib/python3.10/site-packages/airflow/example_dags/example_sla_dag.py took 0.098 seconds
[2025-06-24T00:03:11.660+0700] {processor.py:161} INFO - Started process (PID=6240) to work on /home/panda/Documents/ODAP/Project/venv310/lib/python3.10/site-packages/airflow/example_dags/example_sla_dag.py
[2025-06-24T00:03:11.662+0700] {processor.py:830} INFO - Processing file /home/panda/Documents/ODAP/Project/venv310/lib/python3.10/site-packages/airflow/example_dags/example_sla_dag.py for tasks to queue
[2025-06-24T00:03:11.664+0700] {logging_mixin.py:188} INFO - [2025-06-24T00:03:11.664+0700] {dagbag.py:540} INFO - Filling up the DagBag from /home/panda/Documents/ODAP/Project/venv310/lib/python3.10/site-packages/airflow/example_dags/example_sla_dag.py
[2025-06-24T00:03:11.674+0700] {processor.py:840} INFO - DAG(s) 'example_sla_dag' retrieved from /home/panda/Documents/ODAP/Project/venv310/lib/python3.10/site-packages/airflow/example_dags/example_sla_dag.py
[2025-06-24T00:03:11.692+0700] {logging_mixin.py:188} INFO - [2025-06-24T00:03:11.692+0700] {dag.py:3096} INFO - Sync 1 DAGs
[2025-06-24T00:03:11.713+0700] {logging_mixin.py:188} INFO - [2025-06-24T00:03:11.712+0700] {dag.py:3954} INFO - Setting next_dagrun for example_sla_dag to 2025-06-23 17:00:00+00:00, run_after=2025-06-23 17:02:00+00:00
[2025-06-24T00:03:11.765+0700] {processor.py:183} INFO - Processing /home/panda/Documents/ODAP/Project/venv310/lib/python3.10/site-packages/airflow/example_dags/example_sla_dag.py took 0.112 seconds
[2025-06-24T00:04:08.654+0700] {processor.py:161} INFO - Started process (PID=6779) to work on /home/panda/Documents/ODAP/Project/venv310/lib/python3.10/site-packages/airflow/example_dags/example_sla_dag.py
[2025-06-24T00:04:08.659+0700] {processor.py:830} INFO - Processing file /home/panda/Documents/ODAP/Project/venv310/lib/python3.10/site-packages/airflow/example_dags/example_sla_dag.py for tasks to queue
[2025-06-24T00:04:08.661+0700] {logging_mixin.py:188} INFO - [2025-06-24T00:04:08.661+0700] {dagbag.py:540} INFO - Filling up the DagBag from /home/panda/Documents/ODAP/Project/venv310/lib/python3.10/site-packages/airflow/example_dags/example_sla_dag.py
[2025-06-24T00:04:08.671+0700] {processor.py:840} INFO - DAG(s) 'example_sla_dag' retrieved from /home/panda/Documents/ODAP/Project/venv310/lib/python3.10/site-packages/airflow/example_dags/example_sla_dag.py
[2025-06-24T00:04:08.830+0700] {logging_mixin.py:188} INFO - [2025-06-24T00:04:08.830+0700] {dag.py:3096} INFO - Sync 1 DAGs
[2025-06-24T00:04:08.854+0700] {logging_mixin.py:188} INFO - [2025-06-24T00:04:08.854+0700] {dag.py:3954} INFO - Setting next_dagrun for example_sla_dag to 2025-06-23 17:02:00+00:00, run_after=2025-06-23 17:04:00+00:00
[2025-06-24T00:04:08.884+0700] {processor.py:183} INFO - Processing /home/panda/Documents/ODAP/Project/venv310/lib/python3.10/site-packages/airflow/example_dags/example_sla_dag.py took 0.237 seconds
[2025-06-24T00:04:58.310+0700] {processor.py:161} INFO - Started process (PID=6914) to work on /home/panda/Documents/ODAP/Project/venv310/lib/python3.10/site-packages/airflow/example_dags/example_sla_dag.py
[2025-06-24T00:04:58.314+0700] {processor.py:830} INFO - Processing file /home/panda/Documents/ODAP/Project/venv310/lib/python3.10/site-packages/airflow/example_dags/example_sla_dag.py for tasks to queue
[2025-06-24T00:04:58.316+0700] {logging_mixin.py:188} INFO - [2025-06-24T00:04:58.316+0700] {dagbag.py:540} INFO - Filling up the DagBag from /home/panda/Documents/ODAP/Project/venv310/lib/python3.10/site-packages/airflow/example_dags/example_sla_dag.py
[2025-06-24T00:04:58.327+0700] {processor.py:840} INFO - DAG(s) 'example_sla_dag' retrieved from /home/panda/Documents/ODAP/Project/venv310/lib/python3.10/site-packages/airflow/example_dags/example_sla_dag.py
[2025-06-24T00:04:58.348+0700] {logging_mixin.py:188} INFO - [2025-06-24T00:04:58.348+0700] {dag.py:3096} INFO - Sync 1 DAGs
[2025-06-24T00:04:58.376+0700] {logging_mixin.py:188} INFO - [2025-06-24T00:04:58.375+0700] {dag.py:3954} INFO - Setting next_dagrun for example_sla_dag to 2025-06-23 17:02:00+00:00, run_after=2025-06-23 17:04:00+00:00
[2025-06-24T00:04:58.402+0700] {processor.py:183} INFO - Processing /home/panda/Documents/ODAP/Project/venv310/lib/python3.10/site-packages/airflow/example_dags/example_sla_dag.py took 0.099 seconds
[2025-06-24T00:07:25.743+0700] {processor.py:161} INFO - Started process (PID=8145) to work on /home/panda/Documents/ODAP/Project/venv310/lib/python3.10/site-packages/airflow/example_dags/example_sla_dag.py
[2025-06-24T00:07:25.748+0700] {processor.py:830} INFO - Processing file /home/panda/Documents/ODAP/Project/venv310/lib/python3.10/site-packages/airflow/example_dags/example_sla_dag.py for tasks to queue
[2025-06-24T00:07:25.749+0700] {logging_mixin.py:188} INFO - [2025-06-24T00:07:25.748+0700] {dagbag.py:540} INFO - Filling up the DagBag from /home/panda/Documents/ODAP/Project/venv310/lib/python3.10/site-packages/airflow/example_dags/example_sla_dag.py
[2025-06-24T00:07:25.759+0700] {processor.py:840} INFO - DAG(s) 'example_sla_dag' retrieved from /home/panda/Documents/ODAP/Project/venv310/lib/python3.10/site-packages/airflow/example_dags/example_sla_dag.py
[2025-06-24T00:07:25.781+0700] {logging_mixin.py:188} INFO - [2025-06-24T00:07:25.780+0700] {dag.py:3096} INFO - Sync 1 DAGs
[2025-06-24T00:07:25.802+0700] {logging_mixin.py:188} INFO - [2025-06-24T00:07:25.802+0700] {dag.py:3954} INFO - Setting next_dagrun for example_sla_dag to 2025-06-23 17:04:00+00:00, run_after=2025-06-23 17:06:00+00:00
[2025-06-24T00:07:25.829+0700] {processor.py:183} INFO - Processing /home/panda/Documents/ODAP/Project/venv310/lib/python3.10/site-packages/airflow/example_dags/example_sla_dag.py took 0.093 seconds
[2025-06-24T00:08:51.123+0700] {processor.py:161} INFO - Started process (PID=10704) to work on /home/panda/Documents/ODAP/Project/venv310/lib/python3.10/site-packages/airflow/example_dags/example_sla_dag.py
[2025-06-24T00:08:51.129+0700] {processor.py:830} INFO - Processing file /home/panda/Documents/ODAP/Project/venv310/lib/python3.10/site-packages/airflow/example_dags/example_sla_dag.py for tasks to queue
[2025-06-24T00:08:51.129+0700] {logging_mixin.py:188} INFO - [2025-06-24T00:08:51.129+0700] {dagbag.py:540} INFO - Filling up the DagBag from /home/panda/Documents/ODAP/Project/venv310/lib/python3.10/site-packages/airflow/example_dags/example_sla_dag.py
[2025-06-24T00:08:51.139+0700] {processor.py:840} INFO - DAG(s) 'example_sla_dag' retrieved from /home/panda/Documents/ODAP/Project/venv310/lib/python3.10/site-packages/airflow/example_dags/example_sla_dag.py
[2025-06-24T00:08:51.157+0700] {logging_mixin.py:188} INFO - [2025-06-24T00:08:51.157+0700] {dag.py:3096} INFO - Sync 1 DAGs
[2025-06-24T00:08:51.179+0700] {logging_mixin.py:188} INFO - [2025-06-24T00:08:51.179+0700] {dag.py:3954} INFO - Setting next_dagrun for example_sla_dag to 2025-06-23 17:06:00+00:00, run_after=2025-06-23 17:08:00+00:00
[2025-06-24T00:08:51.204+0700] {processor.py:183} INFO - Processing /home/panda/Documents/ODAP/Project/venv310/lib/python3.10/site-packages/airflow/example_dags/example_sla_dag.py took 0.088 seconds
[2025-06-24T00:09:42.879+0700] {processor.py:161} INFO - Started process (PID=10845) to work on /home/panda/Documents/ODAP/Project/venv310/lib/python3.10/site-packages/airflow/example_dags/example_sla_dag.py
[2025-06-24T00:09:42.884+0700] {processor.py:830} INFO - Processing file /home/panda/Documents/ODAP/Project/venv310/lib/python3.10/site-packages/airflow/example_dags/example_sla_dag.py for tasks to queue
[2025-06-24T00:09:42.886+0700] {logging_mixin.py:188} INFO - [2025-06-24T00:09:42.885+0700] {dagbag.py:540} INFO - Filling up the DagBag from /home/panda/Documents/ODAP/Project/venv310/lib/python3.10/site-packages/airflow/example_dags/example_sla_dag.py
[2025-06-24T00:09:42.898+0700] {processor.py:840} INFO - DAG(s) 'example_sla_dag' retrieved from /home/panda/Documents/ODAP/Project/venv310/lib/python3.10/site-packages/airflow/example_dags/example_sla_dag.py
[2025-06-24T00:09:42.917+0700] {logging_mixin.py:188} INFO - [2025-06-24T00:09:42.916+0700] {dag.py:3096} INFO - Sync 1 DAGs
[2025-06-24T00:09:42.938+0700] {logging_mixin.py:188} INFO - [2025-06-24T00:09:42.938+0700] {dag.py:3954} INFO - Setting next_dagrun for example_sla_dag to 2025-06-23 17:06:00+00:00, run_after=2025-06-23 17:08:00+00:00
[2025-06-24T00:09:42.965+0700] {processor.py:183} INFO - Processing /home/panda/Documents/ODAP/Project/venv310/lib/python3.10/site-packages/airflow/example_dags/example_sla_dag.py took 0.094 seconds
[2025-06-24T00:10:36.884+0700] {processor.py:161} INFO - Started process (PID=10998) to work on /home/panda/Documents/ODAP/Project/venv310/lib/python3.10/site-packages/airflow/example_dags/example_sla_dag.py
[2025-06-24T00:10:36.889+0700] {processor.py:830} INFO - Processing file /home/panda/Documents/ODAP/Project/venv310/lib/python3.10/site-packages/airflow/example_dags/example_sla_dag.py for tasks to queue
[2025-06-24T00:10:36.890+0700] {logging_mixin.py:188} INFO - [2025-06-24T00:10:36.889+0700] {dagbag.py:540} INFO - Filling up the DagBag from /home/panda/Documents/ODAP/Project/venv310/lib/python3.10/site-packages/airflow/example_dags/example_sla_dag.py
[2025-06-24T00:10:36.900+0700] {processor.py:840} INFO - DAG(s) 'example_sla_dag' retrieved from /home/panda/Documents/ODAP/Project/venv310/lib/python3.10/site-packages/airflow/example_dags/example_sla_dag.py
[2025-06-24T00:10:36.918+0700] {logging_mixin.py:188} INFO - [2025-06-24T00:10:36.918+0700] {dag.py:3096} INFO - Sync 1 DAGs
[2025-06-24T00:10:36.940+0700] {logging_mixin.py:188} INFO - [2025-06-24T00:10:36.940+0700] {dag.py:3954} INFO - Setting next_dagrun for example_sla_dag to 2025-06-23 17:08:00+00:00, run_after=2025-06-23 17:10:00+00:00
[2025-06-24T00:10:36.966+0700] {processor.py:183} INFO - Processing /home/panda/Documents/ODAP/Project/venv310/lib/python3.10/site-packages/airflow/example_dags/example_sla_dag.py took 0.090 seconds
[2025-06-24T00:11:48.996+0700] {processor.py:161} INFO - Started process (PID=12487) to work on /home/panda/Documents/ODAP/Project/venv310/lib/python3.10/site-packages/airflow/example_dags/example_sla_dag.py
[2025-06-24T00:11:49.001+0700] {processor.py:830} INFO - Processing file /home/panda/Documents/ODAP/Project/venv310/lib/python3.10/site-packages/airflow/example_dags/example_sla_dag.py for tasks to queue
[2025-06-24T00:11:49.002+0700] {logging_mixin.py:188} INFO - [2025-06-24T00:11:49.002+0700] {dagbag.py:540} INFO - Filling up the DagBag from /home/panda/Documents/ODAP/Project/venv310/lib/python3.10/site-packages/airflow/example_dags/example_sla_dag.py
[2025-06-24T00:11:49.012+0700] {processor.py:840} INFO - DAG(s) 'example_sla_dag' retrieved from /home/panda/Documents/ODAP/Project/venv310/lib/python3.10/site-packages/airflow/example_dags/example_sla_dag.py
[2025-06-24T00:11:49.030+0700] {logging_mixin.py:188} INFO - [2025-06-24T00:11:49.030+0700] {dag.py:3096} INFO - Sync 1 DAGs
[2025-06-24T00:11:49.052+0700] {logging_mixin.py:188} INFO - [2025-06-24T00:11:49.051+0700] {dag.py:3954} INFO - Setting next_dagrun for example_sla_dag to 2025-06-23 17:08:00+00:00, run_after=2025-06-23 17:10:00+00:00
[2025-06-24T00:11:49.078+0700] {processor.py:183} INFO - Processing /home/panda/Documents/ODAP/Project/venv310/lib/python3.10/site-packages/airflow/example_dags/example_sla_dag.py took 0.089 seconds
[2025-06-24T00:12:40.454+0700] {processor.py:161} INFO - Started process (PID=12689) to work on /home/panda/Documents/ODAP/Project/venv310/lib/python3.10/site-packages/airflow/example_dags/example_sla_dag.py
[2025-06-24T00:12:40.457+0700] {processor.py:830} INFO - Processing file /home/panda/Documents/ODAP/Project/venv310/lib/python3.10/site-packages/airflow/example_dags/example_sla_dag.py for tasks to queue
[2025-06-24T00:12:40.458+0700] {logging_mixin.py:188} INFO - [2025-06-24T00:12:40.457+0700] {dagbag.py:540} INFO - Filling up the DagBag from /home/panda/Documents/ODAP/Project/venv310/lib/python3.10/site-packages/airflow/example_dags/example_sla_dag.py
[2025-06-24T00:12:40.468+0700] {processor.py:840} INFO - DAG(s) 'example_sla_dag' retrieved from /home/panda/Documents/ODAP/Project/venv310/lib/python3.10/site-packages/airflow/example_dags/example_sla_dag.py
[2025-06-24T00:12:40.486+0700] {logging_mixin.py:188} INFO - [2025-06-24T00:12:40.485+0700] {dag.py:3096} INFO - Sync 1 DAGs
[2025-06-24T00:12:40.506+0700] {logging_mixin.py:188} INFO - [2025-06-24T00:12:40.506+0700] {dag.py:3954} INFO - Setting next_dagrun for example_sla_dag to 2025-06-23 17:10:00+00:00, run_after=2025-06-23 17:12:00+00:00
[2025-06-24T00:12:40.533+0700] {processor.py:183} INFO - Processing /home/panda/Documents/ODAP/Project/venv310/lib/python3.10/site-packages/airflow/example_dags/example_sla_dag.py took 0.087 seconds
[2025-06-24T00:13:25.793+0700] {processor.py:161} INFO - Started process (PID=12846) to work on /home/panda/Documents/ODAP/Project/venv310/lib/python3.10/site-packages/airflow/example_dags/example_sla_dag.py
[2025-06-24T00:13:25.798+0700] {processor.py:830} INFO - Processing file /home/panda/Documents/ODAP/Project/venv310/lib/python3.10/site-packages/airflow/example_dags/example_sla_dag.py for tasks to queue
[2025-06-24T00:13:25.799+0700] {logging_mixin.py:188} INFO - [2025-06-24T00:13:25.799+0700] {dagbag.py:540} INFO - Filling up the DagBag from /home/panda/Documents/ODAP/Project/venv310/lib/python3.10/site-packages/airflow/example_dags/example_sla_dag.py
[2025-06-24T00:13:25.810+0700] {processor.py:840} INFO - DAG(s) 'example_sla_dag' retrieved from /home/panda/Documents/ODAP/Project/venv310/lib/python3.10/site-packages/airflow/example_dags/example_sla_dag.py
[2025-06-24T00:13:25.829+0700] {logging_mixin.py:188} INFO - [2025-06-24T00:13:25.829+0700] {dag.py:3096} INFO - Sync 1 DAGs
[2025-06-24T00:13:25.852+0700] {logging_mixin.py:188} INFO - [2025-06-24T00:13:25.851+0700] {dag.py:3954} INFO - Setting next_dagrun for example_sla_dag to 2025-06-23 17:10:00+00:00, run_after=2025-06-23 17:12:00+00:00
[2025-06-24T00:13:25.878+0700] {processor.py:183} INFO - Processing /home/panda/Documents/ODAP/Project/venv310/lib/python3.10/site-packages/airflow/example_dags/example_sla_dag.py took 0.092 seconds
[2025-06-24T00:14:29.403+0700] {processor.py:161} INFO - Started process (PID=13146) to work on /home/panda/Documents/ODAP/Project/venv310/lib/python3.10/site-packages/airflow/example_dags/example_sla_dag.py
[2025-06-24T00:14:29.408+0700] {processor.py:830} INFO - Processing file /home/panda/Documents/ODAP/Project/venv310/lib/python3.10/site-packages/airflow/example_dags/example_sla_dag.py for tasks to queue
[2025-06-24T00:14:29.409+0700] {logging_mixin.py:188} INFO - [2025-06-24T00:14:29.409+0700] {dagbag.py:540} INFO - Filling up the DagBag from /home/panda/Documents/ODAP/Project/venv310/lib/python3.10/site-packages/airflow/example_dags/example_sla_dag.py
[2025-06-24T00:14:29.419+0700] {processor.py:840} INFO - DAG(s) 'example_sla_dag' retrieved from /home/panda/Documents/ODAP/Project/venv310/lib/python3.10/site-packages/airflow/example_dags/example_sla_dag.py
[2025-06-24T00:14:29.437+0700] {logging_mixin.py:188} INFO - [2025-06-24T00:14:29.437+0700] {dag.py:3096} INFO - Sync 1 DAGs
[2025-06-24T00:14:29.460+0700] {logging_mixin.py:188} INFO - [2025-06-24T00:14:29.460+0700] {dag.py:3954} INFO - Setting next_dagrun for example_sla_dag to 2025-06-23 17:12:00+00:00, run_after=2025-06-23 17:14:00+00:00
[2025-06-24T00:14:29.489+0700] {processor.py:183} INFO - Processing /home/panda/Documents/ODAP/Project/venv310/lib/python3.10/site-packages/airflow/example_dags/example_sla_dag.py took 0.094 seconds
[2025-06-24T00:15:11.953+0700] {processor.py:161} INFO - Started process (PID=13386) to work on /home/panda/Documents/ODAP/Project/venv310/lib/python3.10/site-packages/airflow/example_dags/example_sla_dag.py
[2025-06-24T00:15:11.958+0700] {processor.py:830} INFO - Processing file /home/panda/Documents/ODAP/Project/venv310/lib/python3.10/site-packages/airflow/example_dags/example_sla_dag.py for tasks to queue
[2025-06-24T00:15:11.960+0700] {logging_mixin.py:188} INFO - [2025-06-24T00:15:11.959+0700] {dagbag.py:540} INFO - Filling up the DagBag from /home/panda/Documents/ODAP/Project/venv310/lib/python3.10/site-packages/airflow/example_dags/example_sla_dag.py
[2025-06-24T00:15:11.971+0700] {processor.py:840} INFO - DAG(s) 'example_sla_dag' retrieved from /home/panda/Documents/ODAP/Project/venv310/lib/python3.10/site-packages/airflow/example_dags/example_sla_dag.py
[2025-06-24T00:15:11.992+0700] {logging_mixin.py:188} INFO - [2025-06-24T00:15:11.991+0700] {dag.py:3096} INFO - Sync 1 DAGs
[2025-06-24T00:15:12.015+0700] {logging_mixin.py:188} INFO - [2025-06-24T00:15:12.015+0700] {dag.py:3954} INFO - Setting next_dagrun for example_sla_dag to 2025-06-23 17:12:00+00:00, run_after=2025-06-23 17:14:00+00:00
[2025-06-24T00:15:12.043+0700] {processor.py:183} INFO - Processing /home/panda/Documents/ODAP/Project/venv310/lib/python3.10/site-packages/airflow/example_dags/example_sla_dag.py took 0.097 seconds
[2025-06-24T00:21:35.733+0700] {processor.py:161} INFO - Started process (PID=16606) to work on /home/panda/Documents/ODAP/Project/venv310/lib/python3.10/site-packages/airflow/example_dags/example_sla_dag.py
[2025-06-24T00:21:35.739+0700] {processor.py:830} INFO - Processing file /home/panda/Documents/ODAP/Project/venv310/lib/python3.10/site-packages/airflow/example_dags/example_sla_dag.py for tasks to queue
[2025-06-24T00:21:35.740+0700] {logging_mixin.py:188} INFO - [2025-06-24T00:21:35.739+0700] {dagbag.py:540} INFO - Filling up the DagBag from /home/panda/Documents/ODAP/Project/venv310/lib/python3.10/site-packages/airflow/example_dags/example_sla_dag.py
[2025-06-24T00:21:35.751+0700] {processor.py:840} INFO - DAG(s) 'example_sla_dag' retrieved from /home/panda/Documents/ODAP/Project/venv310/lib/python3.10/site-packages/airflow/example_dags/example_sla_dag.py
[2025-06-24T00:21:35.775+0700] {logging_mixin.py:188} INFO - [2025-06-24T00:21:35.775+0700] {dag.py:3096} INFO - Sync 1 DAGs
[2025-06-24T00:21:35.798+0700] {logging_mixin.py:188} INFO - [2025-06-24T00:21:35.798+0700] {dag.py:3954} INFO - Setting next_dagrun for example_sla_dag to 2025-06-23 17:18:00+00:00, run_after=2025-06-23 17:20:00+00:00
[2025-06-24T00:21:35.821+0700] {processor.py:183} INFO - Processing /home/panda/Documents/ODAP/Project/venv310/lib/python3.10/site-packages/airflow/example_dags/example_sla_dag.py took 0.095 seconds
[2025-06-24T00:22:27.476+0700] {processor.py:161} INFO - Started process (PID=16826) to work on /home/panda/Documents/ODAP/Project/venv310/lib/python3.10/site-packages/airflow/example_dags/example_sla_dag.py
[2025-06-24T00:22:27.481+0700] {processor.py:830} INFO - Processing file /home/panda/Documents/ODAP/Project/venv310/lib/python3.10/site-packages/airflow/example_dags/example_sla_dag.py for tasks to queue
[2025-06-24T00:22:27.482+0700] {logging_mixin.py:188} INFO - [2025-06-24T00:22:27.482+0700] {dagbag.py:540} INFO - Filling up the DagBag from /home/panda/Documents/ODAP/Project/venv310/lib/python3.10/site-packages/airflow/example_dags/example_sla_dag.py
[2025-06-24T00:22:27.493+0700] {processor.py:840} INFO - DAG(s) 'example_sla_dag' retrieved from /home/panda/Documents/ODAP/Project/venv310/lib/python3.10/site-packages/airflow/example_dags/example_sla_dag.py
[2025-06-24T00:22:27.529+0700] {logging_mixin.py:188} INFO - [2025-06-24T00:22:27.528+0700] {dag.py:3096} INFO - Sync 1 DAGs
[2025-06-24T00:22:27.568+0700] {logging_mixin.py:188} INFO - [2025-06-24T00:22:27.568+0700] {dag.py:3954} INFO - Setting next_dagrun for example_sla_dag to 2025-06-23 17:20:00+00:00, run_after=2025-06-23 17:22:00+00:00
[2025-06-24T00:22:27.613+0700] {processor.py:183} INFO - Processing /home/panda/Documents/ODAP/Project/venv310/lib/python3.10/site-packages/airflow/example_dags/example_sla_dag.py took 0.145 seconds
[2025-06-24T00:23:28.756+0700] {processor.py:161} INFO - Started process (PID=18266) to work on /home/panda/Documents/ODAP/Project/venv310/lib/python3.10/site-packages/airflow/example_dags/example_sla_dag.py
[2025-06-24T00:23:28.762+0700] {processor.py:830} INFO - Processing file /home/panda/Documents/ODAP/Project/venv310/lib/python3.10/site-packages/airflow/example_dags/example_sla_dag.py for tasks to queue
[2025-06-24T00:23:28.763+0700] {logging_mixin.py:188} INFO - [2025-06-24T00:23:28.762+0700] {dagbag.py:540} INFO - Filling up the DagBag from /home/panda/Documents/ODAP/Project/venv310/lib/python3.10/site-packages/airflow/example_dags/example_sla_dag.py
[2025-06-24T00:23:28.776+0700] {processor.py:840} INFO - DAG(s) 'example_sla_dag' retrieved from /home/panda/Documents/ODAP/Project/venv310/lib/python3.10/site-packages/airflow/example_dags/example_sla_dag.py
[2025-06-24T00:23:28.797+0700] {logging_mixin.py:188} INFO - [2025-06-24T00:23:28.796+0700] {dag.py:3096} INFO - Sync 1 DAGs
[2025-06-24T00:23:28.821+0700] {logging_mixin.py:188} INFO - [2025-06-24T00:23:28.821+0700] {dag.py:3954} INFO - Setting next_dagrun for example_sla_dag to 2025-06-23 17:20:00+00:00, run_after=2025-06-23 17:22:00+00:00
[2025-06-24T00:23:28.845+0700] {processor.py:183} INFO - Processing /home/panda/Documents/ODAP/Project/venv310/lib/python3.10/site-packages/airflow/example_dags/example_sla_dag.py took 0.097 seconds
[2025-06-24T00:33:47.636+0700] {processor.py:161} INFO - Started process (PID=20270) to work on /home/panda/Documents/ODAP/Project/venv310/lib/python3.10/site-packages/airflow/example_dags/example_sla_dag.py
[2025-06-24T00:33:47.641+0700] {processor.py:830} INFO - Processing file /home/panda/Documents/ODAP/Project/venv310/lib/python3.10/site-packages/airflow/example_dags/example_sla_dag.py for tasks to queue
[2025-06-24T00:33:47.642+0700] {logging_mixin.py:188} INFO - [2025-06-24T00:33:47.641+0700] {dagbag.py:540} INFO - Filling up the DagBag from /home/panda/Documents/ODAP/Project/venv310/lib/python3.10/site-packages/airflow/example_dags/example_sla_dag.py
[2025-06-24T00:33:47.653+0700] {processor.py:840} INFO - DAG(s) 'example_sla_dag' retrieved from /home/panda/Documents/ODAP/Project/venv310/lib/python3.10/site-packages/airflow/example_dags/example_sla_dag.py
[2025-06-24T00:33:47.675+0700] {logging_mixin.py:188} INFO - [2025-06-24T00:33:47.675+0700] {dag.py:3096} INFO - Sync 1 DAGs
[2025-06-24T00:33:47.700+0700] {logging_mixin.py:188} INFO - [2025-06-24T00:33:47.700+0700] {dag.py:3954} INFO - Setting next_dagrun for example_sla_dag to 2025-06-23 17:30:00+00:00, run_after=2025-06-23 17:32:00+00:00
[2025-06-24T00:33:47.726+0700] {processor.py:183} INFO - Processing /home/panda/Documents/ODAP/Project/venv310/lib/python3.10/site-packages/airflow/example_dags/example_sla_dag.py took 0.098 seconds
[2025-06-24T00:34:41.453+0700] {processor.py:161} INFO - Started process (PID=20430) to work on /home/panda/Documents/ODAP/Project/venv310/lib/python3.10/site-packages/airflow/example_dags/example_sla_dag.py
[2025-06-24T00:34:41.456+0700] {processor.py:830} INFO - Processing file /home/panda/Documents/ODAP/Project/venv310/lib/python3.10/site-packages/airflow/example_dags/example_sla_dag.py for tasks to queue
[2025-06-24T00:34:41.457+0700] {logging_mixin.py:188} INFO - [2025-06-24T00:34:41.456+0700] {dagbag.py:540} INFO - Filling up the DagBag from /home/panda/Documents/ODAP/Project/venv310/lib/python3.10/site-packages/airflow/example_dags/example_sla_dag.py
[2025-06-24T00:34:41.472+0700] {processor.py:840} INFO - DAG(s) 'example_sla_dag' retrieved from /home/panda/Documents/ODAP/Project/venv310/lib/python3.10/site-packages/airflow/example_dags/example_sla_dag.py
[2025-06-24T00:34:41.496+0700] {logging_mixin.py:188} INFO - [2025-06-24T00:34:41.495+0700] {dag.py:3096} INFO - Sync 1 DAGs
[2025-06-24T00:34:41.528+0700] {logging_mixin.py:188} INFO - [2025-06-24T00:34:41.527+0700] {dag.py:3954} INFO - Setting next_dagrun for example_sla_dag to 2025-06-23 17:32:00+00:00, run_after=2025-06-23 17:34:00+00:00
[2025-06-24T00:34:41.565+0700] {processor.py:183} INFO - Processing /home/panda/Documents/ODAP/Project/venv310/lib/python3.10/site-packages/airflow/example_dags/example_sla_dag.py took 0.121 seconds
[2025-06-24T00:35:34.781+0700] {processor.py:161} INFO - Started process (PID=20570) to work on /home/panda/Documents/ODAP/Project/venv310/lib/python3.10/site-packages/airflow/example_dags/example_sla_dag.py
[2025-06-24T00:35:34.786+0700] {processor.py:830} INFO - Processing file /home/panda/Documents/ODAP/Project/venv310/lib/python3.10/site-packages/airflow/example_dags/example_sla_dag.py for tasks to queue
[2025-06-24T00:35:34.789+0700] {logging_mixin.py:188} INFO - [2025-06-24T00:35:34.788+0700] {dagbag.py:540} INFO - Filling up the DagBag from /home/panda/Documents/ODAP/Project/venv310/lib/python3.10/site-packages/airflow/example_dags/example_sla_dag.py
[2025-06-24T00:35:34.801+0700] {processor.py:840} INFO - DAG(s) 'example_sla_dag' retrieved from /home/panda/Documents/ODAP/Project/venv310/lib/python3.10/site-packages/airflow/example_dags/example_sla_dag.py
[2025-06-24T00:35:34.820+0700] {logging_mixin.py:188} INFO - [2025-06-24T00:35:34.819+0700] {dag.py:3096} INFO - Sync 1 DAGs
[2025-06-24T00:35:34.851+0700] {logging_mixin.py:188} INFO - [2025-06-24T00:35:34.851+0700] {dag.py:3954} INFO - Setting next_dagrun for example_sla_dag to 2025-06-23 17:32:00+00:00, run_after=2025-06-23 17:34:00+00:00
[2025-06-24T00:35:34.885+0700] {processor.py:183} INFO - Processing /home/panda/Documents/ODAP/Project/venv310/lib/python3.10/site-packages/airflow/example_dags/example_sla_dag.py took 0.111 seconds
[2025-06-24T00:36:21.393+0700] {processor.py:161} INFO - Started process (PID=20880) to work on /home/panda/Documents/ODAP/Project/venv310/lib/python3.10/site-packages/airflow/example_dags/example_sla_dag.py
[2025-06-24T00:36:21.398+0700] {processor.py:830} INFO - Processing file /home/panda/Documents/ODAP/Project/venv310/lib/python3.10/site-packages/airflow/example_dags/example_sla_dag.py for tasks to queue
[2025-06-24T00:36:21.399+0700] {logging_mixin.py:188} INFO - [2025-06-24T00:36:21.399+0700] {dagbag.py:540} INFO - Filling up the DagBag from /home/panda/Documents/ODAP/Project/venv310/lib/python3.10/site-packages/airflow/example_dags/example_sla_dag.py
[2025-06-24T00:36:21.409+0700] {processor.py:840} INFO - DAG(s) 'example_sla_dag' retrieved from /home/panda/Documents/ODAP/Project/venv310/lib/python3.10/site-packages/airflow/example_dags/example_sla_dag.py
[2025-06-24T00:36:21.427+0700] {logging_mixin.py:188} INFO - [2025-06-24T00:36:21.427+0700] {dag.py:3096} INFO - Sync 1 DAGs
[2025-06-24T00:36:21.450+0700] {logging_mixin.py:188} INFO - [2025-06-24T00:36:21.450+0700] {dag.py:3954} INFO - Setting next_dagrun for example_sla_dag to 2025-06-23 17:34:00+00:00, run_after=2025-06-23 17:36:00+00:00
[2025-06-24T00:36:21.479+0700] {processor.py:183} INFO - Processing /home/panda/Documents/ODAP/Project/venv310/lib/python3.10/site-packages/airflow/example_dags/example_sla_dag.py took 0.093 seconds
[2025-06-24T00:37:10.339+0700] {processor.py:161} INFO - Started process (PID=21198) to work on /home/panda/Documents/ODAP/Project/venv310/lib/python3.10/site-packages/airflow/example_dags/example_sla_dag.py
[2025-06-24T00:37:10.344+0700] {processor.py:830} INFO - Processing file /home/panda/Documents/ODAP/Project/venv310/lib/python3.10/site-packages/airflow/example_dags/example_sla_dag.py for tasks to queue
[2025-06-24T00:37:10.345+0700] {logging_mixin.py:188} INFO - [2025-06-24T00:37:10.344+0700] {dagbag.py:540} INFO - Filling up the DagBag from /home/panda/Documents/ODAP/Project/venv310/lib/python3.10/site-packages/airflow/example_dags/example_sla_dag.py
[2025-06-24T00:37:10.356+0700] {processor.py:840} INFO - DAG(s) 'example_sla_dag' retrieved from /home/panda/Documents/ODAP/Project/venv310/lib/python3.10/site-packages/airflow/example_dags/example_sla_dag.py
[2025-06-24T00:37:10.378+0700] {logging_mixin.py:188} INFO - [2025-06-24T00:37:10.377+0700] {dag.py:3096} INFO - Sync 1 DAGs
[2025-06-24T00:37:10.403+0700] {logging_mixin.py:188} INFO - [2025-06-24T00:37:10.402+0700] {dag.py:3954} INFO - Setting next_dagrun for example_sla_dag to 2025-06-23 17:34:00+00:00, run_after=2025-06-23 17:36:00+00:00
[2025-06-24T00:37:10.440+0700] {processor.py:183} INFO - Processing /home/panda/Documents/ODAP/Project/venv310/lib/python3.10/site-packages/airflow/example_dags/example_sla_dag.py took 0.110 seconds
[2025-06-24T00:52:46.675+0700] {processor.py:161} INFO - Started process (PID=25149) to work on /home/panda/Documents/ODAP/Project/venv310/lib/python3.10/site-packages/airflow/example_dags/example_sla_dag.py
[2025-06-24T00:52:46.680+0700] {processor.py:830} INFO - Processing file /home/panda/Documents/ODAP/Project/venv310/lib/python3.10/site-packages/airflow/example_dags/example_sla_dag.py for tasks to queue
[2025-06-24T00:52:46.681+0700] {logging_mixin.py:188} INFO - [2025-06-24T00:52:46.681+0700] {dagbag.py:540} INFO - Filling up the DagBag from /home/panda/Documents/ODAP/Project/venv310/lib/python3.10/site-packages/airflow/example_dags/example_sla_dag.py
[2025-06-24T00:52:46.692+0700] {processor.py:840} INFO - DAG(s) 'example_sla_dag' retrieved from /home/panda/Documents/ODAP/Project/venv310/lib/python3.10/site-packages/airflow/example_dags/example_sla_dag.py
[2025-06-24T00:52:46.713+0700] {logging_mixin.py:188} INFO - [2025-06-24T00:52:46.713+0700] {dag.py:3096} INFO - Sync 1 DAGs
[2025-06-24T00:52:46.738+0700] {logging_mixin.py:188} INFO - [2025-06-24T00:52:46.738+0700] {dag.py:3954} INFO - Setting next_dagrun for example_sla_dag to 2025-06-23 17:50:00+00:00, run_after=2025-06-23 17:52:00+00:00
[2025-06-24T00:52:46.768+0700] {processor.py:183} INFO - Processing /home/panda/Documents/ODAP/Project/venv310/lib/python3.10/site-packages/airflow/example_dags/example_sla_dag.py took 0.100 seconds
[2025-06-24T00:53:39.100+0700] {processor.py:161} INFO - Started process (PID=25322) to work on /home/panda/Documents/ODAP/Project/venv310/lib/python3.10/site-packages/airflow/example_dags/example_sla_dag.py
[2025-06-24T00:53:39.105+0700] {processor.py:830} INFO - Processing file /home/panda/Documents/ODAP/Project/venv310/lib/python3.10/site-packages/airflow/example_dags/example_sla_dag.py for tasks to queue
[2025-06-24T00:53:39.106+0700] {logging_mixin.py:188} INFO - [2025-06-24T00:53:39.106+0700] {dagbag.py:540} INFO - Filling up the DagBag from /home/panda/Documents/ODAP/Project/venv310/lib/python3.10/site-packages/airflow/example_dags/example_sla_dag.py
[2025-06-24T00:53:39.118+0700] {processor.py:840} INFO - DAG(s) 'example_sla_dag' retrieved from /home/panda/Documents/ODAP/Project/venv310/lib/python3.10/site-packages/airflow/example_dags/example_sla_dag.py
[2025-06-24T00:53:39.139+0700] {logging_mixin.py:188} INFO - [2025-06-24T00:53:39.139+0700] {dag.py:3096} INFO - Sync 1 DAGs
[2025-06-24T00:53:39.161+0700] {logging_mixin.py:188} INFO - [2025-06-24T00:53:39.161+0700] {dag.py:3954} INFO - Setting next_dagrun for example_sla_dag to 2025-06-23 17:50:00+00:00, run_after=2025-06-23 17:52:00+00:00
[2025-06-24T00:53:39.185+0700] {processor.py:183} INFO - Processing /home/panda/Documents/ODAP/Project/venv310/lib/python3.10/site-packages/airflow/example_dags/example_sla_dag.py took 0.093 seconds
[2025-06-24T00:54:31.817+0700] {processor.py:161} INFO - Started process (PID=25625) to work on /home/panda/Documents/ODAP/Project/venv310/lib/python3.10/site-packages/airflow/example_dags/example_sla_dag.py
[2025-06-24T00:54:31.820+0700] {processor.py:830} INFO - Processing file /home/panda/Documents/ODAP/Project/venv310/lib/python3.10/site-packages/airflow/example_dags/example_sla_dag.py for tasks to queue
[2025-06-24T00:54:31.821+0700] {logging_mixin.py:188} INFO - [2025-06-24T00:54:31.821+0700] {dagbag.py:540} INFO - Filling up the DagBag from /home/panda/Documents/ODAP/Project/venv310/lib/python3.10/site-packages/airflow/example_dags/example_sla_dag.py
[2025-06-24T00:54:31.832+0700] {processor.py:840} INFO - DAG(s) 'example_sla_dag' retrieved from /home/panda/Documents/ODAP/Project/venv310/lib/python3.10/site-packages/airflow/example_dags/example_sla_dag.py
[2025-06-24T00:54:31.852+0700] {logging_mixin.py:188} INFO - [2025-06-24T00:54:31.852+0700] {dag.py:3096} INFO - Sync 1 DAGs
[2025-06-24T00:54:31.875+0700] {logging_mixin.py:188} INFO - [2025-06-24T00:54:31.874+0700] {dag.py:3954} INFO - Setting next_dagrun for example_sla_dag to 2025-06-23 17:52:00+00:00, run_after=2025-06-23 17:54:00+00:00
[2025-06-24T00:54:31.902+0700] {processor.py:183} INFO - Processing /home/panda/Documents/ODAP/Project/venv310/lib/python3.10/site-packages/airflow/example_dags/example_sla_dag.py took 0.093 seconds
[2025-06-24T01:03:21.366+0700] {processor.py:161} INFO - Started process (PID=28593) to work on /home/panda/Documents/ODAP/Project/venv310/lib/python3.10/site-packages/airflow/example_dags/example_sla_dag.py
[2025-06-24T01:03:21.371+0700] {processor.py:830} INFO - Processing file /home/panda/Documents/ODAP/Project/venv310/lib/python3.10/site-packages/airflow/example_dags/example_sla_dag.py for tasks to queue
[2025-06-24T01:03:21.372+0700] {logging_mixin.py:188} INFO - [2025-06-24T01:03:21.372+0700] {dagbag.py:540} INFO - Filling up the DagBag from /home/panda/Documents/ODAP/Project/venv310/lib/python3.10/site-packages/airflow/example_dags/example_sla_dag.py
[2025-06-24T01:03:21.383+0700] {processor.py:840} INFO - DAG(s) 'example_sla_dag' retrieved from /home/panda/Documents/ODAP/Project/venv310/lib/python3.10/site-packages/airflow/example_dags/example_sla_dag.py
[2025-06-24T01:03:21.406+0700] {logging_mixin.py:188} INFO - [2025-06-24T01:03:21.405+0700] {dag.py:3096} INFO - Sync 1 DAGs
[2025-06-24T01:03:21.428+0700] {logging_mixin.py:188} INFO - [2025-06-24T01:03:21.428+0700] {dag.py:3954} INFO - Setting next_dagrun for example_sla_dag to 2025-06-23 18:00:00+00:00, run_after=2025-06-23 18:02:00+00:00
[2025-06-24T01:03:21.455+0700] {processor.py:183} INFO - Processing /home/panda/Documents/ODAP/Project/venv310/lib/python3.10/site-packages/airflow/example_dags/example_sla_dag.py took 0.097 seconds
[2025-06-24T01:04:13.775+0700] {processor.py:161} INFO - Started process (PID=28775) to work on /home/panda/Documents/ODAP/Project/venv310/lib/python3.10/site-packages/airflow/example_dags/example_sla_dag.py
[2025-06-24T01:04:13.778+0700] {processor.py:830} INFO - Processing file /home/panda/Documents/ODAP/Project/venv310/lib/python3.10/site-packages/airflow/example_dags/example_sla_dag.py for tasks to queue
[2025-06-24T01:04:13.779+0700] {logging_mixin.py:188} INFO - [2025-06-24T01:04:13.779+0700] {dagbag.py:540} INFO - Filling up the DagBag from /home/panda/Documents/ODAP/Project/venv310/lib/python3.10/site-packages/airflow/example_dags/example_sla_dag.py
[2025-06-24T01:04:13.791+0700] {processor.py:840} INFO - DAG(s) 'example_sla_dag' retrieved from /home/panda/Documents/ODAP/Project/venv310/lib/python3.10/site-packages/airflow/example_dags/example_sla_dag.py
[2025-06-24T01:04:13.811+0700] {logging_mixin.py:188} INFO - [2025-06-24T01:04:13.811+0700] {dag.py:3096} INFO - Sync 1 DAGs
[2025-06-24T01:04:13.834+0700] {logging_mixin.py:188} INFO - [2025-06-24T01:04:13.834+0700] {dag.py:3954} INFO - Setting next_dagrun for example_sla_dag to 2025-06-23 18:02:00+00:00, run_after=2025-06-23 18:04:00+00:00
[2025-06-24T01:04:13.860+0700] {processor.py:183} INFO - Processing /home/panda/Documents/ODAP/Project/venv310/lib/python3.10/site-packages/airflow/example_dags/example_sla_dag.py took 0.093 seconds
