[2025-06-24T00:02:32.860+0700] {processor.py:161} INFO - Started process (PID=5851) to work on /home/panda/Documents/ODAP/Project/venv310/lib/python3.10/site-packages/airflow/example_dags/example_latest_only_with_trigger.py
[2025-06-24T00:02:32.861+0700] {processor.py:830} INFO - Processing file /home/panda/Documents/ODAP/Project/venv310/lib/python3.10/site-packages/airflow/example_dags/example_latest_only_with_trigger.py for tasks to queue
[2025-06-24T00:02:32.863+0700] {logging_mixin.py:188} INFO - [2025-06-24T00:02:32.863+0700] {dagbag.py:540} INFO - Filling up the DagBag from /home/panda/Documents/ODAP/Project/venv310/lib/python3.10/site-packages/airflow/example_dags/example_latest_only_with_trigger.py
[2025-06-24T00:02:32.871+0700] {processor.py:840} INFO - DAG(s) 'latest_only_with_trigger' retrieved from /home/panda/Documents/ODAP/Project/venv310/lib/python3.10/site-packages/airflow/example_dags/example_latest_only_with_trigger.py
[2025-06-24T00:02:32.890+0700] {logging_mixin.py:188} INFO - [2025-06-24T00:02:32.890+0700] {dag.py:3096} INFO - Sync 1 DAGs
[2025-06-24T00:02:32.911+0700] {logging_mixin.py:188} INFO - [2025-06-24T00:02:32.911+0700] {dag.py:3954} INFO - Setting next_dagrun for latest_only_with_trigger to 2025-06-23 12:00:00+00:00, run_after=2025-06-23 16:00:00+00:00
[2025-06-24T00:02:32.939+0700] {processor.py:183} INFO - Processing /home/panda/Documents/ODAP/Project/venv310/lib/python3.10/site-packages/airflow/example_dags/example_latest_only_with_trigger.py took 0.086 seconds
[2025-06-24T00:03:26.801+0700] {processor.py:161} INFO - Started process (PID=6335) to work on /home/panda/Documents/ODAP/Project/venv310/lib/python3.10/site-packages/airflow/example_dags/example_latest_only_with_trigger.py
[2025-06-24T00:03:26.806+0700] {processor.py:830} INFO - Processing file /home/panda/Documents/ODAP/Project/venv310/lib/python3.10/site-packages/airflow/example_dags/example_latest_only_with_trigger.py for tasks to queue
[2025-06-24T00:03:26.808+0700] {logging_mixin.py:188} INFO - [2025-06-24T00:03:26.808+0700] {dagbag.py:540} INFO - Filling up the DagBag from /home/panda/Documents/ODAP/Project/venv310/lib/python3.10/site-packages/airflow/example_dags/example_latest_only_with_trigger.py
[2025-06-24T00:03:26.815+0700] {processor.py:840} INFO - DAG(s) 'latest_only_with_trigger' retrieved from /home/panda/Documents/ODAP/Project/venv310/lib/python3.10/site-packages/airflow/example_dags/example_latest_only_with_trigger.py
[2025-06-24T00:03:26.834+0700] {logging_mixin.py:188} INFO - [2025-06-24T00:03:26.834+0700] {dag.py:3096} INFO - Sync 1 DAGs
[2025-06-24T00:03:26.854+0700] {logging_mixin.py:188} INFO - [2025-06-24T00:03:26.853+0700] {dag.py:3954} INFO - Setting next_dagrun for latest_only_with_trigger to 2025-06-23 12:00:00+00:00, run_after=2025-06-23 16:00:00+00:00
[2025-06-24T00:03:26.884+0700] {processor.py:183} INFO - Processing /home/panda/Documents/ODAP/Project/venv310/lib/python3.10/site-packages/airflow/example_dags/example_latest_only_with_trigger.py took 0.090 seconds
[2025-06-24T00:04:22.653+0700] {processor.py:161} INFO - Started process (PID=6810) to work on /home/panda/Documents/ODAP/Project/venv310/lib/python3.10/site-packages/airflow/example_dags/example_latest_only_with_trigger.py
[2025-06-24T00:04:22.659+0700] {processor.py:830} INFO - Processing file /home/panda/Documents/ODAP/Project/venv310/lib/python3.10/site-packages/airflow/example_dags/example_latest_only_with_trigger.py for tasks to queue
[2025-06-24T00:04:22.660+0700] {logging_mixin.py:188} INFO - [2025-06-24T00:04:22.660+0700] {dagbag.py:540} INFO - Filling up the DagBag from /home/panda/Documents/ODAP/Project/venv310/lib/python3.10/site-packages/airflow/example_dags/example_latest_only_with_trigger.py
[2025-06-24T00:04:22.667+0700] {processor.py:840} INFO - DAG(s) 'latest_only_with_trigger' retrieved from /home/panda/Documents/ODAP/Project/venv310/lib/python3.10/site-packages/airflow/example_dags/example_latest_only_with_trigger.py
[2025-06-24T00:04:22.687+0700] {logging_mixin.py:188} INFO - [2025-06-24T00:04:22.686+0700] {dag.py:3096} INFO - Sync 1 DAGs
[2025-06-24T00:04:22.708+0700] {logging_mixin.py:188} INFO - [2025-06-24T00:04:22.708+0700] {dag.py:3954} INFO - Setting next_dagrun for latest_only_with_trigger to 2025-06-23 12:00:00+00:00, run_after=2025-06-23 16:00:00+00:00
[2025-06-24T00:04:22.732+0700] {processor.py:183} INFO - Processing /home/panda/Documents/ODAP/Project/venv310/lib/python3.10/site-packages/airflow/example_dags/example_latest_only_with_trigger.py took 0.086 seconds
[2025-06-24T00:05:33.219+0700] {processor.py:161} INFO - Started process (PID=7130) to work on /home/panda/Documents/ODAP/Project/venv310/lib/python3.10/site-packages/airflow/example_dags/example_latest_only_with_trigger.py
[2025-06-24T00:05:33.222+0700] {processor.py:830} INFO - Processing file /home/panda/Documents/ODAP/Project/venv310/lib/python3.10/site-packages/airflow/example_dags/example_latest_only_with_trigger.py for tasks to queue
[2025-06-24T00:05:33.224+0700] {logging_mixin.py:188} INFO - [2025-06-24T00:05:33.224+0700] {dagbag.py:540} INFO - Filling up the DagBag from /home/panda/Documents/ODAP/Project/venv310/lib/python3.10/site-packages/airflow/example_dags/example_latest_only_with_trigger.py
[2025-06-24T00:05:33.233+0700] {processor.py:840} INFO - DAG(s) 'latest_only_with_trigger' retrieved from /home/panda/Documents/ODAP/Project/venv310/lib/python3.10/site-packages/airflow/example_dags/example_latest_only_with_trigger.py
[2025-06-24T00:05:33.254+0700] {logging_mixin.py:188} INFO - [2025-06-24T00:05:33.254+0700] {dag.py:3096} INFO - Sync 1 DAGs
[2025-06-24T00:05:33.272+0700] {logging_mixin.py:188} INFO - [2025-06-24T00:05:33.272+0700] {dag.py:3954} INFO - Setting next_dagrun for latest_only_with_trigger to 2025-06-23 12:00:00+00:00, run_after=2025-06-23 16:00:00+00:00
[2025-06-24T00:05:33.301+0700] {processor.py:183} INFO - Processing /home/panda/Documents/ODAP/Project/venv310/lib/python3.10/site-packages/airflow/example_dags/example_latest_only_with_trigger.py took 0.088 seconds
[2025-06-24T00:07:39.996+0700] {processor.py:161} INFO - Started process (PID=8255) to work on /home/panda/Documents/ODAP/Project/venv310/lib/python3.10/site-packages/airflow/example_dags/example_latest_only_with_trigger.py
[2025-06-24T00:07:40.001+0700] {processor.py:830} INFO - Processing file /home/panda/Documents/ODAP/Project/venv310/lib/python3.10/site-packages/airflow/example_dags/example_latest_only_with_trigger.py for tasks to queue
[2025-06-24T00:07:40.002+0700] {logging_mixin.py:188} INFO - [2025-06-24T00:07:40.002+0700] {dagbag.py:540} INFO - Filling up the DagBag from /home/panda/Documents/ODAP/Project/venv310/lib/python3.10/site-packages/airflow/example_dags/example_latest_only_with_trigger.py
[2025-06-24T00:07:40.010+0700] {processor.py:840} INFO - DAG(s) 'latest_only_with_trigger' retrieved from /home/panda/Documents/ODAP/Project/venv310/lib/python3.10/site-packages/airflow/example_dags/example_latest_only_with_trigger.py
[2025-06-24T00:07:40.031+0700] {logging_mixin.py:188} INFO - [2025-06-24T00:07:40.031+0700] {dag.py:3096} INFO - Sync 1 DAGs
[2025-06-24T00:07:40.052+0700] {logging_mixin.py:188} INFO - [2025-06-24T00:07:40.051+0700] {dag.py:3954} INFO - Setting next_dagrun for latest_only_with_trigger to 2025-06-23 12:00:00+00:00, run_after=2025-06-23 16:00:00+00:00
[2025-06-24T00:07:40.083+0700] {processor.py:183} INFO - Processing /home/panda/Documents/ODAP/Project/venv310/lib/python3.10/site-packages/airflow/example_dags/example_latest_only_with_trigger.py took 0.094 seconds
[2025-06-24T00:09:04.343+0700] {processor.py:161} INFO - Started process (PID=10746) to work on /home/panda/Documents/ODAP/Project/venv310/lib/python3.10/site-packages/airflow/example_dags/example_latest_only_with_trigger.py
[2025-06-24T00:09:04.348+0700] {processor.py:830} INFO - Processing file /home/panda/Documents/ODAP/Project/venv310/lib/python3.10/site-packages/airflow/example_dags/example_latest_only_with_trigger.py for tasks to queue
[2025-06-24T00:09:04.349+0700] {logging_mixin.py:188} INFO - [2025-06-24T00:09:04.349+0700] {dagbag.py:540} INFO - Filling up the DagBag from /home/panda/Documents/ODAP/Project/venv310/lib/python3.10/site-packages/airflow/example_dags/example_latest_only_with_trigger.py
[2025-06-24T00:09:04.357+0700] {processor.py:840} INFO - DAG(s) 'latest_only_with_trigger' retrieved from /home/panda/Documents/ODAP/Project/venv310/lib/python3.10/site-packages/airflow/example_dags/example_latest_only_with_trigger.py
[2025-06-24T00:09:04.376+0700] {logging_mixin.py:188} INFO - [2025-06-24T00:09:04.375+0700] {dag.py:3096} INFO - Sync 1 DAGs
[2025-06-24T00:09:04.394+0700] {logging_mixin.py:188} INFO - [2025-06-24T00:09:04.394+0700] {dag.py:3954} INFO - Setting next_dagrun for latest_only_with_trigger to 2025-06-23 12:00:00+00:00, run_after=2025-06-23 16:00:00+00:00
[2025-06-24T00:09:04.425+0700] {processor.py:183} INFO - Processing /home/panda/Documents/ODAP/Project/venv310/lib/python3.10/site-packages/airflow/example_dags/example_latest_only_with_trigger.py took 0.089 seconds
[2025-06-24T00:09:56.756+0700] {processor.py:161} INFO - Started process (PID=10884) to work on /home/panda/Documents/ODAP/Project/venv310/lib/python3.10/site-packages/airflow/example_dags/example_latest_only_with_trigger.py
[2025-06-24T00:09:56.761+0700] {processor.py:830} INFO - Processing file /home/panda/Documents/ODAP/Project/venv310/lib/python3.10/site-packages/airflow/example_dags/example_latest_only_with_trigger.py for tasks to queue
[2025-06-24T00:09:56.762+0700] {logging_mixin.py:188} INFO - [2025-06-24T00:09:56.762+0700] {dagbag.py:540} INFO - Filling up the DagBag from /home/panda/Documents/ODAP/Project/venv310/lib/python3.10/site-packages/airflow/example_dags/example_latest_only_with_trigger.py
[2025-06-24T00:09:56.770+0700] {processor.py:840} INFO - DAG(s) 'latest_only_with_trigger' retrieved from /home/panda/Documents/ODAP/Project/venv310/lib/python3.10/site-packages/airflow/example_dags/example_latest_only_with_trigger.py
[2025-06-24T00:09:56.791+0700] {logging_mixin.py:188} INFO - [2025-06-24T00:09:56.791+0700] {dag.py:3096} INFO - Sync 1 DAGs
[2025-06-24T00:09:56.811+0700] {logging_mixin.py:188} INFO - [2025-06-24T00:09:56.811+0700] {dag.py:3954} INFO - Setting next_dagrun for latest_only_with_trigger to 2025-06-23 12:00:00+00:00, run_after=2025-06-23 16:00:00+00:00
[2025-06-24T00:09:56.843+0700] {processor.py:183} INFO - Processing /home/panda/Documents/ODAP/Project/venv310/lib/python3.10/site-packages/airflow/example_dags/example_latest_only_with_trigger.py took 0.094 seconds
[2025-06-24T00:11:20.333+0700] {processor.py:161} INFO - Started process (PID=12363) to work on /home/panda/Documents/ODAP/Project/venv310/lib/python3.10/site-packages/airflow/example_dags/example_latest_only_with_trigger.py
[2025-06-24T00:11:20.339+0700] {processor.py:830} INFO - Processing file /home/panda/Documents/ODAP/Project/venv310/lib/python3.10/site-packages/airflow/example_dags/example_latest_only_with_trigger.py for tasks to queue
[2025-06-24T00:11:20.340+0700] {logging_mixin.py:188} INFO - [2025-06-24T00:11:20.340+0700] {dagbag.py:540} INFO - Filling up the DagBag from /home/panda/Documents/ODAP/Project/venv310/lib/python3.10/site-packages/airflow/example_dags/example_latest_only_with_trigger.py
[2025-06-24T00:11:20.349+0700] {processor.py:840} INFO - DAG(s) 'latest_only_with_trigger' retrieved from /home/panda/Documents/ODAP/Project/venv310/lib/python3.10/site-packages/airflow/example_dags/example_latest_only_with_trigger.py
[2025-06-24T00:11:20.370+0700] {logging_mixin.py:188} INFO - [2025-06-24T00:11:20.370+0700] {dag.py:3096} INFO - Sync 1 DAGs
[2025-06-24T00:11:20.389+0700] {logging_mixin.py:188} INFO - [2025-06-24T00:11:20.389+0700] {dag.py:3954} INFO - Setting next_dagrun for latest_only_with_trigger to 2025-06-23 12:00:00+00:00, run_after=2025-06-23 16:00:00+00:00
[2025-06-24T00:11:20.422+0700] {processor.py:183} INFO - Processing /home/panda/Documents/ODAP/Project/venv310/lib/python3.10/site-packages/airflow/example_dags/example_latest_only_with_trigger.py took 0.096 seconds
[2025-06-24T00:12:17.511+0700] {processor.py:161} INFO - Started process (PID=12606) to work on /home/panda/Documents/ODAP/Project/venv310/lib/python3.10/site-packages/airflow/example_dags/example_latest_only_with_trigger.py
[2025-06-24T00:12:17.516+0700] {processor.py:830} INFO - Processing file /home/panda/Documents/ODAP/Project/venv310/lib/python3.10/site-packages/airflow/example_dags/example_latest_only_with_trigger.py for tasks to queue
[2025-06-24T00:12:17.517+0700] {logging_mixin.py:188} INFO - [2025-06-24T00:12:17.517+0700] {dagbag.py:540} INFO - Filling up the DagBag from /home/panda/Documents/ODAP/Project/venv310/lib/python3.10/site-packages/airflow/example_dags/example_latest_only_with_trigger.py
[2025-06-24T00:12:17.526+0700] {processor.py:840} INFO - DAG(s) 'latest_only_with_trigger' retrieved from /home/panda/Documents/ODAP/Project/venv310/lib/python3.10/site-packages/airflow/example_dags/example_latest_only_with_trigger.py
[2025-06-24T00:12:17.545+0700] {logging_mixin.py:188} INFO - [2025-06-24T00:12:17.545+0700] {dag.py:3096} INFO - Sync 1 DAGs
[2025-06-24T00:12:17.562+0700] {logging_mixin.py:188} INFO - [2025-06-24T00:12:17.562+0700] {dag.py:3954} INFO - Setting next_dagrun for latest_only_with_trigger to 2025-06-23 12:00:00+00:00, run_after=2025-06-23 16:00:00+00:00
[2025-06-24T00:12:17.594+0700] {processor.py:183} INFO - Processing /home/panda/Documents/ODAP/Project/venv310/lib/python3.10/site-packages/airflow/example_dags/example_latest_only_with_trigger.py took 0.091 seconds
[2025-06-24T00:13:05.691+0700] {processor.py:161} INFO - Started process (PID=12764) to work on /home/panda/Documents/ODAP/Project/venv310/lib/python3.10/site-packages/airflow/example_dags/example_latest_only_with_trigger.py
[2025-06-24T00:13:05.696+0700] {processor.py:830} INFO - Processing file /home/panda/Documents/ODAP/Project/venv310/lib/python3.10/site-packages/airflow/example_dags/example_latest_only_with_trigger.py for tasks to queue
[2025-06-24T00:13:05.697+0700] {logging_mixin.py:188} INFO - [2025-06-24T00:13:05.697+0700] {dagbag.py:540} INFO - Filling up the DagBag from /home/panda/Documents/ODAP/Project/venv310/lib/python3.10/site-packages/airflow/example_dags/example_latest_only_with_trigger.py
[2025-06-24T00:13:05.705+0700] {processor.py:840} INFO - DAG(s) 'latest_only_with_trigger' retrieved from /home/panda/Documents/ODAP/Project/venv310/lib/python3.10/site-packages/airflow/example_dags/example_latest_only_with_trigger.py
[2025-06-24T00:13:05.725+0700] {logging_mixin.py:188} INFO - [2025-06-24T00:13:05.725+0700] {dag.py:3096} INFO - Sync 1 DAGs
[2025-06-24T00:13:05.743+0700] {logging_mixin.py:188} INFO - [2025-06-24T00:13:05.743+0700] {dag.py:3954} INFO - Setting next_dagrun for latest_only_with_trigger to 2025-06-23 12:00:00+00:00, run_after=2025-06-23 16:00:00+00:00
[2025-06-24T00:13:05.769+0700] {processor.py:183} INFO - Processing /home/panda/Documents/ODAP/Project/venv310/lib/python3.10/site-packages/airflow/example_dags/example_latest_only_with_trigger.py took 0.085 seconds
[2025-06-24T00:14:14.707+0700] {processor.py:161} INFO - Started process (PID=13102) to work on /home/panda/Documents/ODAP/Project/venv310/lib/python3.10/site-packages/airflow/example_dags/example_latest_only_with_trigger.py
[2025-06-24T00:14:14.713+0700] {processor.py:830} INFO - Processing file /home/panda/Documents/ODAP/Project/venv310/lib/python3.10/site-packages/airflow/example_dags/example_latest_only_with_trigger.py for tasks to queue
[2025-06-24T00:14:14.714+0700] {logging_mixin.py:188} INFO - [2025-06-24T00:14:14.713+0700] {dagbag.py:540} INFO - Filling up the DagBag from /home/panda/Documents/ODAP/Project/venv310/lib/python3.10/site-packages/airflow/example_dags/example_latest_only_with_trigger.py
[2025-06-24T00:14:14.721+0700] {processor.py:840} INFO - DAG(s) 'latest_only_with_trigger' retrieved from /home/panda/Documents/ODAP/Project/venv310/lib/python3.10/site-packages/airflow/example_dags/example_latest_only_with_trigger.py
[2025-06-24T00:14:14.740+0700] {logging_mixin.py:188} INFO - [2025-06-24T00:14:14.740+0700] {dag.py:3096} INFO - Sync 1 DAGs
[2025-06-24T00:14:14.759+0700] {logging_mixin.py:188} INFO - [2025-06-24T00:14:14.759+0700] {dag.py:3954} INFO - Setting next_dagrun for latest_only_with_trigger to 2025-06-23 12:00:00+00:00, run_after=2025-06-23 16:00:00+00:00
[2025-06-24T00:14:14.782+0700] {processor.py:183} INFO - Processing /home/panda/Documents/ODAP/Project/venv310/lib/python3.10/site-packages/airflow/example_dags/example_latest_only_with_trigger.py took 0.083 seconds
[2025-06-24T00:21:50.186+0700] {processor.py:161} INFO - Started process (PID=16645) to work on /home/panda/Documents/ODAP/Project/venv310/lib/python3.10/site-packages/airflow/example_dags/example_latest_only_with_trigger.py
[2025-06-24T00:21:50.191+0700] {processor.py:830} INFO - Processing file /home/panda/Documents/ODAP/Project/venv310/lib/python3.10/site-packages/airflow/example_dags/example_latest_only_with_trigger.py for tasks to queue
[2025-06-24T00:21:50.192+0700] {logging_mixin.py:188} INFO - [2025-06-24T00:21:50.192+0700] {dagbag.py:540} INFO - Filling up the DagBag from /home/panda/Documents/ODAP/Project/venv310/lib/python3.10/site-packages/airflow/example_dags/example_latest_only_with_trigger.py
[2025-06-24T00:21:50.200+0700] {processor.py:840} INFO - DAG(s) 'latest_only_with_trigger' retrieved from /home/panda/Documents/ODAP/Project/venv310/lib/python3.10/site-packages/airflow/example_dags/example_latest_only_with_trigger.py
[2025-06-24T00:21:50.219+0700] {logging_mixin.py:188} INFO - [2025-06-24T00:21:50.219+0700] {dag.py:3096} INFO - Sync 1 DAGs
[2025-06-24T00:21:50.239+0700] {logging_mixin.py:188} INFO - [2025-06-24T00:21:50.239+0700] {dag.py:3954} INFO - Setting next_dagrun for latest_only_with_trigger to 2025-06-23 12:00:00+00:00, run_after=2025-06-23 16:00:00+00:00
[2025-06-24T00:21:50.266+0700] {processor.py:183} INFO - Processing /home/panda/Documents/ODAP/Project/venv310/lib/python3.10/site-packages/airflow/example_dags/example_latest_only_with_trigger.py took 0.088 seconds
[2025-06-24T00:22:56.713+0700] {processor.py:161} INFO - Started process (PID=18015) to work on /home/panda/Documents/ODAP/Project/venv310/lib/python3.10/site-packages/airflow/example_dags/example_latest_only_with_trigger.py
[2025-06-24T00:22:56.715+0700] {processor.py:830} INFO - Processing file /home/panda/Documents/ODAP/Project/venv310/lib/python3.10/site-packages/airflow/example_dags/example_latest_only_with_trigger.py for tasks to queue
[2025-06-24T00:22:56.716+0700] {logging_mixin.py:188} INFO - [2025-06-24T00:22:56.716+0700] {dagbag.py:540} INFO - Filling up the DagBag from /home/panda/Documents/ODAP/Project/venv310/lib/python3.10/site-packages/airflow/example_dags/example_latest_only_with_trigger.py
[2025-06-24T00:22:56.724+0700] {processor.py:840} INFO - DAG(s) 'latest_only_with_trigger' retrieved from /home/panda/Documents/ODAP/Project/venv310/lib/python3.10/site-packages/airflow/example_dags/example_latest_only_with_trigger.py
[2025-06-24T00:22:56.744+0700] {logging_mixin.py:188} INFO - [2025-06-24T00:22:56.743+0700] {dag.py:3096} INFO - Sync 1 DAGs
[2025-06-24T00:22:56.761+0700] {logging_mixin.py:188} INFO - [2025-06-24T00:22:56.761+0700] {dag.py:3954} INFO - Setting next_dagrun for latest_only_with_trigger to 2025-06-23 12:00:00+00:00, run_after=2025-06-23 16:00:00+00:00
[2025-06-24T00:22:56.786+0700] {processor.py:183} INFO - Processing /home/panda/Documents/ODAP/Project/venv310/lib/python3.10/site-packages/airflow/example_dags/example_latest_only_with_trigger.py took 0.081 seconds
[2025-06-24T00:34:01.982+0700] {processor.py:161} INFO - Started process (PID=20321) to work on /home/panda/Documents/ODAP/Project/venv310/lib/python3.10/site-packages/airflow/example_dags/example_latest_only_with_trigger.py
[2025-06-24T00:34:01.984+0700] {processor.py:830} INFO - Processing file /home/panda/Documents/ODAP/Project/venv310/lib/python3.10/site-packages/airflow/example_dags/example_latest_only_with_trigger.py for tasks to queue
[2025-06-24T00:34:01.986+0700] {logging_mixin.py:188} INFO - [2025-06-24T00:34:01.985+0700] {dagbag.py:540} INFO - Filling up the DagBag from /home/panda/Documents/ODAP/Project/venv310/lib/python3.10/site-packages/airflow/example_dags/example_latest_only_with_trigger.py
[2025-06-24T00:34:01.994+0700] {processor.py:840} INFO - DAG(s) 'latest_only_with_trigger' retrieved from /home/panda/Documents/ODAP/Project/venv310/lib/python3.10/site-packages/airflow/example_dags/example_latest_only_with_trigger.py
[2025-06-24T00:34:02.012+0700] {logging_mixin.py:188} INFO - [2025-06-24T00:34:02.011+0700] {dag.py:3096} INFO - Sync 1 DAGs
[2025-06-24T00:34:02.027+0700] {logging_mixin.py:188} INFO - [2025-06-24T00:34:02.027+0700] {dag.py:3954} INFO - Setting next_dagrun for latest_only_with_trigger to 2025-06-23 12:00:00+00:00, run_after=2025-06-23 16:00:00+00:00
[2025-06-24T00:34:02.056+0700] {processor.py:183} INFO - Processing /home/panda/Documents/ODAP/Project/venv310/lib/python3.10/site-packages/airflow/example_dags/example_latest_only_with_trigger.py took 0.082 seconds
[2025-06-24T00:34:56.000+0700] {processor.py:161} INFO - Started process (PID=20465) to work on /home/panda/Documents/ODAP/Project/venv310/lib/python3.10/site-packages/airflow/example_dags/example_latest_only_with_trigger.py
[2025-06-24T00:34:56.005+0700] {processor.py:830} INFO - Processing file /home/panda/Documents/ODAP/Project/venv310/lib/python3.10/site-packages/airflow/example_dags/example_latest_only_with_trigger.py for tasks to queue
[2025-06-24T00:34:56.007+0700] {logging_mixin.py:188} INFO - [2025-06-24T00:34:56.006+0700] {dagbag.py:540} INFO - Filling up the DagBag from /home/panda/Documents/ODAP/Project/venv310/lib/python3.10/site-packages/airflow/example_dags/example_latest_only_with_trigger.py
[2025-06-24T00:34:56.016+0700] {processor.py:840} INFO - DAG(s) 'latest_only_with_trigger' retrieved from /home/panda/Documents/ODAP/Project/venv310/lib/python3.10/site-packages/airflow/example_dags/example_latest_only_with_trigger.py
[2025-06-24T00:34:56.035+0700] {logging_mixin.py:188} INFO - [2025-06-24T00:34:56.035+0700] {dag.py:3096} INFO - Sync 1 DAGs
[2025-06-24T00:34:56.053+0700] {logging_mixin.py:188} INFO - [2025-06-24T00:34:56.053+0700] {dag.py:3954} INFO - Setting next_dagrun for latest_only_with_trigger to 2025-06-23 12:00:00+00:00, run_after=2025-06-23 16:00:00+00:00
[2025-06-24T00:34:56.085+0700] {processor.py:183} INFO - Processing /home/panda/Documents/ODAP/Project/venv310/lib/python3.10/site-packages/airflow/example_dags/example_latest_only_with_trigger.py took 0.092 seconds
[2025-06-24T00:35:48.957+0700] {processor.py:161} INFO - Started process (PID=20615) to work on /home/panda/Documents/ODAP/Project/venv310/lib/python3.10/site-packages/airflow/example_dags/example_latest_only_with_trigger.py
[2025-06-24T00:35:48.958+0700] {processor.py:830} INFO - Processing file /home/panda/Documents/ODAP/Project/venv310/lib/python3.10/site-packages/airflow/example_dags/example_latest_only_with_trigger.py for tasks to queue
[2025-06-24T00:35:48.960+0700] {logging_mixin.py:188} INFO - [2025-06-24T00:35:48.959+0700] {dagbag.py:540} INFO - Filling up the DagBag from /home/panda/Documents/ODAP/Project/venv310/lib/python3.10/site-packages/airflow/example_dags/example_latest_only_with_trigger.py
[2025-06-24T00:35:48.969+0700] {processor.py:840} INFO - DAG(s) 'latest_only_with_trigger' retrieved from /home/panda/Documents/ODAP/Project/venv310/lib/python3.10/site-packages/airflow/example_dags/example_latest_only_with_trigger.py
[2025-06-24T00:35:48.989+0700] {logging_mixin.py:188} INFO - [2025-06-24T00:35:48.988+0700] {dag.py:3096} INFO - Sync 1 DAGs
[2025-06-24T00:35:49.008+0700] {logging_mixin.py:188} INFO - [2025-06-24T00:35:49.008+0700] {dag.py:3954} INFO - Setting next_dagrun for latest_only_with_trigger to 2025-06-23 12:00:00+00:00, run_after=2025-06-23 16:00:00+00:00
[2025-06-24T00:35:49.033+0700] {processor.py:183} INFO - Processing /home/panda/Documents/ODAP/Project/venv310/lib/python3.10/site-packages/airflow/example_dags/example_latest_only_with_trigger.py took 0.084 seconds
[2025-06-24T00:36:57.606+0700] {processor.py:161} INFO - Started process (PID=21093) to work on /home/panda/Documents/ODAP/Project/venv310/lib/python3.10/site-packages/airflow/example_dags/example_latest_only_with_trigger.py
[2025-06-24T00:36:57.611+0700] {processor.py:830} INFO - Processing file /home/panda/Documents/ODAP/Project/venv310/lib/python3.10/site-packages/airflow/example_dags/example_latest_only_with_trigger.py for tasks to queue
[2025-06-24T00:36:57.612+0700] {logging_mixin.py:188} INFO - [2025-06-24T00:36:57.612+0700] {dagbag.py:540} INFO - Filling up the DagBag from /home/panda/Documents/ODAP/Project/venv310/lib/python3.10/site-packages/airflow/example_dags/example_latest_only_with_trigger.py
[2025-06-24T00:36:57.621+0700] {processor.py:840} INFO - DAG(s) 'latest_only_with_trigger' retrieved from /home/panda/Documents/ODAP/Project/venv310/lib/python3.10/site-packages/airflow/example_dags/example_latest_only_with_trigger.py
[2025-06-24T00:36:57.643+0700] {logging_mixin.py:188} INFO - [2025-06-24T00:36:57.642+0700] {dag.py:3096} INFO - Sync 1 DAGs
[2025-06-24T00:36:57.663+0700] {logging_mixin.py:188} INFO - [2025-06-24T00:36:57.663+0700] {dag.py:3954} INFO - Setting next_dagrun for latest_only_with_trigger to 2025-06-23 12:00:00+00:00, run_after=2025-06-23 16:00:00+00:00
[2025-06-24T00:36:57.689+0700] {processor.py:183} INFO - Processing /home/panda/Documents/ODAP/Project/venv310/lib/python3.10/site-packages/airflow/example_dags/example_latest_only_with_trigger.py took 0.091 seconds
[2025-06-24T00:53:00.081+0700] {processor.py:161} INFO - Started process (PID=25187) to work on /home/panda/Documents/ODAP/Project/venv310/lib/python3.10/site-packages/airflow/example_dags/example_latest_only_with_trigger.py
[2025-06-24T00:53:00.087+0700] {processor.py:830} INFO - Processing file /home/panda/Documents/ODAP/Project/venv310/lib/python3.10/site-packages/airflow/example_dags/example_latest_only_with_trigger.py for tasks to queue
[2025-06-24T00:53:00.089+0700] {logging_mixin.py:188} INFO - [2025-06-24T00:53:00.088+0700] {dagbag.py:540} INFO - Filling up the DagBag from /home/panda/Documents/ODAP/Project/venv310/lib/python3.10/site-packages/airflow/example_dags/example_latest_only_with_trigger.py
[2025-06-24T00:53:00.097+0700] {processor.py:840} INFO - DAG(s) 'latest_only_with_trigger' retrieved from /home/panda/Documents/ODAP/Project/venv310/lib/python3.10/site-packages/airflow/example_dags/example_latest_only_with_trigger.py
[2025-06-24T00:53:00.119+0700] {logging_mixin.py:188} INFO - [2025-06-24T00:53:00.119+0700] {dag.py:3096} INFO - Sync 1 DAGs
[2025-06-24T00:53:00.142+0700] {logging_mixin.py:188} INFO - [2025-06-24T00:53:00.142+0700] {dag.py:3954} INFO - Setting next_dagrun for latest_only_with_trigger to 2025-06-23 12:00:00+00:00, run_after=2025-06-23 16:00:00+00:00
[2025-06-24T00:53:00.225+0700] {processor.py:183} INFO - Processing /home/panda/Documents/ODAP/Project/venv310/lib/python3.10/site-packages/airflow/example_dags/example_latest_only_with_trigger.py took 0.151 seconds
[2025-06-24T00:53:54.315+0700] {processor.py:161} INFO - Started process (PID=25430) to work on /home/panda/Documents/ODAP/Project/venv310/lib/python3.10/site-packages/airflow/example_dags/example_latest_only_with_trigger.py
[2025-06-24T00:53:54.317+0700] {processor.py:830} INFO - Processing file /home/panda/Documents/ODAP/Project/venv310/lib/python3.10/site-packages/airflow/example_dags/example_latest_only_with_trigger.py for tasks to queue
[2025-06-24T00:53:54.319+0700] {logging_mixin.py:188} INFO - [2025-06-24T00:53:54.318+0700] {dagbag.py:540} INFO - Filling up the DagBag from /home/panda/Documents/ODAP/Project/venv310/lib/python3.10/site-packages/airflow/example_dags/example_latest_only_with_trigger.py
[2025-06-24T00:53:54.331+0700] {processor.py:840} INFO - DAG(s) 'latest_only_with_trigger' retrieved from /home/panda/Documents/ODAP/Project/venv310/lib/python3.10/site-packages/airflow/example_dags/example_latest_only_with_trigger.py
[2025-06-24T00:53:54.360+0700] {logging_mixin.py:188} INFO - [2025-06-24T00:53:54.359+0700] {dag.py:3096} INFO - Sync 1 DAGs
[2025-06-24T00:53:54.388+0700] {logging_mixin.py:188} INFO - [2025-06-24T00:53:54.387+0700] {dag.py:3954} INFO - Setting next_dagrun for latest_only_with_trigger to 2025-06-23 12:00:00+00:00, run_after=2025-06-23 16:00:00+00:00
[2025-06-24T00:53:54.428+0700] {processor.py:183} INFO - Processing /home/panda/Documents/ODAP/Project/venv310/lib/python3.10/site-packages/airflow/example_dags/example_latest_only_with_trigger.py took 0.123 seconds
[2025-06-24T00:54:46.963+0700] {processor.py:161} INFO - Started process (PID=25681) to work on /home/panda/Documents/ODAP/Project/venv310/lib/python3.10/site-packages/airflow/example_dags/example_latest_only_with_trigger.py
[2025-06-24T00:54:46.968+0700] {processor.py:830} INFO - Processing file /home/panda/Documents/ODAP/Project/venv310/lib/python3.10/site-packages/airflow/example_dags/example_latest_only_with_trigger.py for tasks to queue
[2025-06-24T00:54:46.969+0700] {logging_mixin.py:188} INFO - [2025-06-24T00:54:46.969+0700] {dagbag.py:540} INFO - Filling up the DagBag from /home/panda/Documents/ODAP/Project/venv310/lib/python3.10/site-packages/airflow/example_dags/example_latest_only_with_trigger.py
[2025-06-24T00:54:46.977+0700] {processor.py:840} INFO - DAG(s) 'latest_only_with_trigger' retrieved from /home/panda/Documents/ODAP/Project/venv310/lib/python3.10/site-packages/airflow/example_dags/example_latest_only_with_trigger.py
[2025-06-24T00:54:46.997+0700] {logging_mixin.py:188} INFO - [2025-06-24T00:54:46.996+0700] {dag.py:3096} INFO - Sync 1 DAGs
[2025-06-24T00:54:47.015+0700] {logging_mixin.py:188} INFO - [2025-06-24T00:54:47.015+0700] {dag.py:3954} INFO - Setting next_dagrun for latest_only_with_trigger to 2025-06-23 12:00:00+00:00, run_after=2025-06-23 16:00:00+00:00
[2025-06-24T00:54:47.039+0700] {processor.py:183} INFO - Processing /home/panda/Documents/ODAP/Project/venv310/lib/python3.10/site-packages/airflow/example_dags/example_latest_only_with_trigger.py took 0.083 seconds
[2025-06-24T01:03:34.600+0700] {processor.py:161} INFO - Started process (PID=28628) to work on /home/panda/Documents/ODAP/Project/venv310/lib/python3.10/site-packages/airflow/example_dags/example_latest_only_with_trigger.py
[2025-06-24T01:03:34.606+0700] {processor.py:830} INFO - Processing file /home/panda/Documents/ODAP/Project/venv310/lib/python3.10/site-packages/airflow/example_dags/example_latest_only_with_trigger.py for tasks to queue
[2025-06-24T01:03:34.607+0700] {logging_mixin.py:188} INFO - [2025-06-24T01:03:34.606+0700] {dagbag.py:540} INFO - Filling up the DagBag from /home/panda/Documents/ODAP/Project/venv310/lib/python3.10/site-packages/airflow/example_dags/example_latest_only_with_trigger.py
[2025-06-24T01:03:34.616+0700] {processor.py:840} INFO - DAG(s) 'latest_only_with_trigger' retrieved from /home/panda/Documents/ODAP/Project/venv310/lib/python3.10/site-packages/airflow/example_dags/example_latest_only_with_trigger.py
[2025-06-24T01:03:34.637+0700] {logging_mixin.py:188} INFO - [2025-06-24T01:03:34.636+0700] {dag.py:3096} INFO - Sync 1 DAGs
[2025-06-24T01:03:34.656+0700] {logging_mixin.py:188} INFO - [2025-06-24T01:03:34.656+0700] {dag.py:3954} INFO - Setting next_dagrun for latest_only_with_trigger to 2025-06-23 12:00:00+00:00, run_after=2025-06-23 16:00:00+00:00
[2025-06-24T01:03:34.687+0700] {processor.py:183} INFO - Processing /home/panda/Documents/ODAP/Project/venv310/lib/python3.10/site-packages/airflow/example_dags/example_latest_only_with_trigger.py took 0.094 seconds
[2025-06-24T01:04:28.677+0700] {processor.py:161} INFO - Started process (PID=28907) to work on /home/panda/Documents/ODAP/Project/venv310/lib/python3.10/site-packages/airflow/example_dags/example_latest_only_with_trigger.py
[2025-06-24T01:04:28.682+0700] {processor.py:830} INFO - Processing file /home/panda/Documents/ODAP/Project/venv310/lib/python3.10/site-packages/airflow/example_dags/example_latest_only_with_trigger.py for tasks to queue
[2025-06-24T01:04:28.683+0700] {logging_mixin.py:188} INFO - [2025-06-24T01:04:28.682+0700] {dagbag.py:540} INFO - Filling up the DagBag from /home/panda/Documents/ODAP/Project/venv310/lib/python3.10/site-packages/airflow/example_dags/example_latest_only_with_trigger.py
[2025-06-24T01:04:28.691+0700] {processor.py:840} INFO - DAG(s) 'latest_only_with_trigger' retrieved from /home/panda/Documents/ODAP/Project/venv310/lib/python3.10/site-packages/airflow/example_dags/example_latest_only_with_trigger.py
[2025-06-24T01:04:28.711+0700] {logging_mixin.py:188} INFO - [2025-06-24T01:04:28.710+0700] {dag.py:3096} INFO - Sync 1 DAGs
[2025-06-24T01:04:28.731+0700] {logging_mixin.py:188} INFO - [2025-06-24T01:04:28.731+0700] {dag.py:3954} INFO - Setting next_dagrun for latest_only_with_trigger to 2025-06-23 12:00:00+00:00, run_after=2025-06-23 16:00:00+00:00
[2025-06-24T01:04:28.760+0700] {processor.py:183} INFO - Processing /home/panda/Documents/ODAP/Project/venv310/lib/python3.10/site-packages/airflow/example_dags/example_latest_only_with_trigger.py took 0.090 seconds
