[2025-06-24T00:02:26.452+0700] {processor.py:161} INFO - Started process (PID=5814) to work on /home/panda/Documents/ODAP/Project/venv310/lib/python3.10/site-packages/airflow/example_dags/example_latest_only.py
[2025-06-24T00:02:26.453+0700] {processor.py:830} INFO - Processing file /home/panda/Documents/ODAP/Project/venv310/lib/python3.10/site-packages/airflow/example_dags/example_latest_only.py for tasks to queue
[2025-06-24T00:02:26.455+0700] {logging_mixin.py:188} INFO - [2025-06-24T00:02:26.454+0700] {dagbag.py:540} INFO - Filling up the DagBag from /home/panda/Documents/ODAP/Project/venv310/lib/python3.10/site-packages/airflow/example_dags/example_latest_only.py
[2025-06-24T00:02:26.462+0700] {processor.py:840} INFO - DAG(s) 'latest_only' retrieved from /home/panda/Documents/ODAP/Project/venv310/lib/python3.10/site-packages/airflow/example_dags/example_latest_only.py
[2025-06-24T00:02:26.480+0700] {logging_mixin.py:188} INFO - [2025-06-24T00:02:26.480+0700] {dag.py:3096} INFO - Sync 1 DAGs
[2025-06-24T00:02:26.501+0700] {logging_mixin.py:188} INFO - [2025-06-24T00:02:26.501+0700] {dag.py:3954} INFO - Setting next_dagrun for latest_only to 2025-06-23 12:00:00+00:00, run_after=2025-06-23 16:00:00+00:00
[2025-06-24T00:02:26.526+0700] {processor.py:183} INFO - Processing /home/panda/Documents/ODAP/Project/venv310/lib/python3.10/site-packages/airflow/example_dags/example_latest_only.py took 0.081 seconds
[2025-06-24T00:03:20.479+0700] {processor.py:161} INFO - Started process (PID=6289) to work on /home/panda/Documents/ODAP/Project/venv310/lib/python3.10/site-packages/airflow/example_dags/example_latest_only.py
[2025-06-24T00:03:20.483+0700] {processor.py:830} INFO - Processing file /home/panda/Documents/ODAP/Project/venv310/lib/python3.10/site-packages/airflow/example_dags/example_latest_only.py for tasks to queue
[2025-06-24T00:03:20.485+0700] {logging_mixin.py:188} INFO - [2025-06-24T00:03:20.485+0700] {dagbag.py:540} INFO - Filling up the DagBag from /home/panda/Documents/ODAP/Project/venv310/lib/python3.10/site-packages/airflow/example_dags/example_latest_only.py
[2025-06-24T00:03:20.492+0700] {processor.py:840} INFO - DAG(s) 'latest_only' retrieved from /home/panda/Documents/ODAP/Project/venv310/lib/python3.10/site-packages/airflow/example_dags/example_latest_only.py
[2025-06-24T00:03:20.512+0700] {logging_mixin.py:188} INFO - [2025-06-24T00:03:20.512+0700] {dag.py:3096} INFO - Sync 1 DAGs
[2025-06-24T00:03:20.535+0700] {logging_mixin.py:188} INFO - [2025-06-24T00:03:20.535+0700] {dag.py:3954} INFO - Setting next_dagrun for latest_only to 2025-06-23 12:00:00+00:00, run_after=2025-06-23 16:00:00+00:00
[2025-06-24T00:03:20.563+0700] {processor.py:183} INFO - Processing /home/panda/Documents/ODAP/Project/venv310/lib/python3.10/site-packages/airflow/example_dags/example_latest_only.py took 0.092 seconds
[2025-06-24T00:04:16.920+0700] {processor.py:161} INFO - Started process (PID=6798) to work on /home/panda/Documents/ODAP/Project/venv310/lib/python3.10/site-packages/airflow/example_dags/example_latest_only.py
[2025-06-24T00:04:16.925+0700] {processor.py:830} INFO - Processing file /home/panda/Documents/ODAP/Project/venv310/lib/python3.10/site-packages/airflow/example_dags/example_latest_only.py for tasks to queue
[2025-06-24T00:04:16.927+0700] {logging_mixin.py:188} INFO - [2025-06-24T00:04:16.927+0700] {dagbag.py:540} INFO - Filling up the DagBag from /home/panda/Documents/ODAP/Project/venv310/lib/python3.10/site-packages/airflow/example_dags/example_latest_only.py
[2025-06-24T00:04:16.933+0700] {processor.py:840} INFO - DAG(s) 'latest_only' retrieved from /home/panda/Documents/ODAP/Project/venv310/lib/python3.10/site-packages/airflow/example_dags/example_latest_only.py
[2025-06-24T00:04:16.951+0700] {logging_mixin.py:188} INFO - [2025-06-24T00:04:16.951+0700] {dag.py:3096} INFO - Sync 1 DAGs
[2025-06-24T00:04:16.971+0700] {logging_mixin.py:188} INFO - [2025-06-24T00:04:16.971+0700] {dag.py:3954} INFO - Setting next_dagrun for latest_only to 2025-06-23 12:00:00+00:00, run_after=2025-06-23 16:00:00+00:00
[2025-06-24T00:04:16.997+0700] {processor.py:183} INFO - Processing /home/panda/Documents/ODAP/Project/venv310/lib/python3.10/site-packages/airflow/example_dags/example_latest_only.py took 0.084 seconds
[2025-06-24T00:05:06.399+0700] {processor.py:161} INFO - Started process (PID=6969) to work on /home/panda/Documents/ODAP/Project/venv310/lib/python3.10/site-packages/airflow/example_dags/example_latest_only.py
[2025-06-24T00:05:06.404+0700] {processor.py:830} INFO - Processing file /home/panda/Documents/ODAP/Project/venv310/lib/python3.10/site-packages/airflow/example_dags/example_latest_only.py for tasks to queue
[2025-06-24T00:05:06.406+0700] {logging_mixin.py:188} INFO - [2025-06-24T00:05:06.406+0700] {dagbag.py:540} INFO - Filling up the DagBag from /home/panda/Documents/ODAP/Project/venv310/lib/python3.10/site-packages/airflow/example_dags/example_latest_only.py
[2025-06-24T00:05:06.413+0700] {processor.py:840} INFO - DAG(s) 'latest_only' retrieved from /home/panda/Documents/ODAP/Project/venv310/lib/python3.10/site-packages/airflow/example_dags/example_latest_only.py
[2025-06-24T00:05:06.433+0700] {logging_mixin.py:188} INFO - [2025-06-24T00:05:06.432+0700] {dag.py:3096} INFO - Sync 1 DAGs
[2025-06-24T00:05:06.455+0700] {logging_mixin.py:188} INFO - [2025-06-24T00:05:06.454+0700] {dag.py:3954} INFO - Setting next_dagrun for latest_only to 2025-06-23 12:00:00+00:00, run_after=2025-06-23 16:00:00+00:00
[2025-06-24T00:05:06.481+0700] {processor.py:183} INFO - Processing /home/panda/Documents/ODAP/Project/venv310/lib/python3.10/site-packages/airflow/example_dags/example_latest_only.py took 0.089 seconds
[2025-06-24T00:07:33.616+0700] {processor.py:161} INFO - Started process (PID=8193) to work on /home/panda/Documents/ODAP/Project/venv310/lib/python3.10/site-packages/airflow/example_dags/example_latest_only.py
[2025-06-24T00:07:33.621+0700] {processor.py:830} INFO - Processing file /home/panda/Documents/ODAP/Project/venv310/lib/python3.10/site-packages/airflow/example_dags/example_latest_only.py for tasks to queue
[2025-06-24T00:07:33.622+0700] {logging_mixin.py:188} INFO - [2025-06-24T00:07:33.622+0700] {dagbag.py:540} INFO - Filling up the DagBag from /home/panda/Documents/ODAP/Project/venv310/lib/python3.10/site-packages/airflow/example_dags/example_latest_only.py
[2025-06-24T00:07:33.630+0700] {processor.py:840} INFO - DAG(s) 'latest_only' retrieved from /home/panda/Documents/ODAP/Project/venv310/lib/python3.10/site-packages/airflow/example_dags/example_latest_only.py
[2025-06-24T00:07:33.650+0700] {logging_mixin.py:188} INFO - [2025-06-24T00:07:33.650+0700] {dag.py:3096} INFO - Sync 1 DAGs
[2025-06-24T00:07:33.671+0700] {logging_mixin.py:188} INFO - [2025-06-24T00:07:33.671+0700] {dag.py:3954} INFO - Setting next_dagrun for latest_only to 2025-06-23 12:00:00+00:00, run_after=2025-06-23 16:00:00+00:00
[2025-06-24T00:07:33.697+0700] {processor.py:183} INFO - Processing /home/panda/Documents/ODAP/Project/venv310/lib/python3.10/site-packages/airflow/example_dags/example_latest_only.py took 0.088 seconds
[2025-06-24T00:08:58.265+0700] {processor.py:161} INFO - Started process (PID=10725) to work on /home/panda/Documents/ODAP/Project/venv310/lib/python3.10/site-packages/airflow/example_dags/example_latest_only.py
[2025-06-24T00:08:58.270+0700] {processor.py:830} INFO - Processing file /home/panda/Documents/ODAP/Project/venv310/lib/python3.10/site-packages/airflow/example_dags/example_latest_only.py for tasks to queue
[2025-06-24T00:08:58.272+0700] {logging_mixin.py:188} INFO - [2025-06-24T00:08:58.271+0700] {dagbag.py:540} INFO - Filling up the DagBag from /home/panda/Documents/ODAP/Project/venv310/lib/python3.10/site-packages/airflow/example_dags/example_latest_only.py
[2025-06-24T00:08:58.280+0700] {processor.py:840} INFO - DAG(s) 'latest_only' retrieved from /home/panda/Documents/ODAP/Project/venv310/lib/python3.10/site-packages/airflow/example_dags/example_latest_only.py
[2025-06-24T00:08:58.299+0700] {logging_mixin.py:188} INFO - [2025-06-24T00:08:58.298+0700] {dag.py:3096} INFO - Sync 1 DAGs
[2025-06-24T00:08:58.316+0700] {logging_mixin.py:188} INFO - [2025-06-24T00:08:58.316+0700] {dag.py:3954} INFO - Setting next_dagrun for latest_only to 2025-06-23 12:00:00+00:00, run_after=2025-06-23 16:00:00+00:00
[2025-06-24T00:08:58.339+0700] {processor.py:183} INFO - Processing /home/panda/Documents/ODAP/Project/venv310/lib/python3.10/site-packages/airflow/example_dags/example_latest_only.py took 0.081 seconds
[2025-06-24T00:09:50.348+0700] {processor.py:161} INFO - Started process (PID=10866) to work on /home/panda/Documents/ODAP/Project/venv310/lib/python3.10/site-packages/airflow/example_dags/example_latest_only.py
[2025-06-24T00:09:50.353+0700] {processor.py:830} INFO - Processing file /home/panda/Documents/ODAP/Project/venv310/lib/python3.10/site-packages/airflow/example_dags/example_latest_only.py for tasks to queue
[2025-06-24T00:09:50.354+0700] {logging_mixin.py:188} INFO - [2025-06-24T00:09:50.354+0700] {dagbag.py:540} INFO - Filling up the DagBag from /home/panda/Documents/ODAP/Project/venv310/lib/python3.10/site-packages/airflow/example_dags/example_latest_only.py
[2025-06-24T00:09:50.362+0700] {processor.py:840} INFO - DAG(s) 'latest_only' retrieved from /home/panda/Documents/ODAP/Project/venv310/lib/python3.10/site-packages/airflow/example_dags/example_latest_only.py
[2025-06-24T00:09:50.382+0700] {logging_mixin.py:188} INFO - [2025-06-24T00:09:50.382+0700] {dag.py:3096} INFO - Sync 1 DAGs
[2025-06-24T00:09:50.402+0700] {logging_mixin.py:188} INFO - [2025-06-24T00:09:50.402+0700] {dag.py:3954} INFO - Setting next_dagrun for latest_only to 2025-06-23 12:00:00+00:00, run_after=2025-06-23 16:00:00+00:00
[2025-06-24T00:09:50.429+0700] {processor.py:183} INFO - Processing /home/panda/Documents/ODAP/Project/venv310/lib/python3.10/site-packages/airflow/example_dags/example_latest_only.py took 0.088 seconds
[2025-06-24T00:10:44.898+0700] {processor.py:161} INFO - Started process (PID=11065) to work on /home/panda/Documents/ODAP/Project/venv310/lib/python3.10/site-packages/airflow/example_dags/example_latest_only.py
[2025-06-24T00:10:44.900+0700] {processor.py:830} INFO - Processing file /home/panda/Documents/ODAP/Project/venv310/lib/python3.10/site-packages/airflow/example_dags/example_latest_only.py for tasks to queue
[2025-06-24T00:10:44.901+0700] {logging_mixin.py:188} INFO - [2025-06-24T00:10:44.901+0700] {dagbag.py:540} INFO - Filling up the DagBag from /home/panda/Documents/ODAP/Project/venv310/lib/python3.10/site-packages/airflow/example_dags/example_latest_only.py
[2025-06-24T00:10:44.907+0700] {processor.py:840} INFO - DAG(s) 'latest_only' retrieved from /home/panda/Documents/ODAP/Project/venv310/lib/python3.10/site-packages/airflow/example_dags/example_latest_only.py
[2025-06-24T00:10:44.921+0700] {logging_mixin.py:188} INFO - [2025-06-24T00:10:44.921+0700] {dag.py:3096} INFO - Sync 1 DAGs
[2025-06-24T00:10:44.935+0700] {logging_mixin.py:188} INFO - [2025-06-24T00:10:44.935+0700] {dag.py:3954} INFO - Setting next_dagrun for latest_only to 2025-06-23 12:00:00+00:00, run_after=2025-06-23 16:00:00+00:00
[2025-06-24T00:10:44.956+0700] {processor.py:183} INFO - Processing /home/panda/Documents/ODAP/Project/venv310/lib/python3.10/site-packages/airflow/example_dags/example_latest_only.py took 0.066 seconds
[2025-06-24T00:11:56.800+0700] {processor.py:161} INFO - Started process (PID=12510) to work on /home/panda/Documents/ODAP/Project/venv310/lib/python3.10/site-packages/airflow/example_dags/example_latest_only.py
[2025-06-24T00:11:56.801+0700] {processor.py:830} INFO - Processing file /home/panda/Documents/ODAP/Project/venv310/lib/python3.10/site-packages/airflow/example_dags/example_latest_only.py for tasks to queue
[2025-06-24T00:11:56.802+0700] {logging_mixin.py:188} INFO - [2025-06-24T00:11:56.801+0700] {dagbag.py:540} INFO - Filling up the DagBag from /home/panda/Documents/ODAP/Project/venv310/lib/python3.10/site-packages/airflow/example_dags/example_latest_only.py
[2025-06-24T00:11:56.808+0700] {processor.py:840} INFO - DAG(s) 'latest_only' retrieved from /home/panda/Documents/ODAP/Project/venv310/lib/python3.10/site-packages/airflow/example_dags/example_latest_only.py
[2025-06-24T00:11:56.825+0700] {logging_mixin.py:188} INFO - [2025-06-24T00:11:56.825+0700] {dag.py:3096} INFO - Sync 1 DAGs
[2025-06-24T00:11:56.841+0700] {logging_mixin.py:188} INFO - [2025-06-24T00:11:56.841+0700] {dag.py:3954} INFO - Setting next_dagrun for latest_only to 2025-06-23 12:00:00+00:00, run_after=2025-06-23 16:00:00+00:00
[2025-06-24T00:11:56.861+0700] {processor.py:183} INFO - Processing /home/panda/Documents/ODAP/Project/venv310/lib/python3.10/site-packages/airflow/example_dags/example_latest_only.py took 0.068 seconds
[2025-06-24T00:13:01.206+0700] {processor.py:161} INFO - Started process (PID=12745) to work on /home/panda/Documents/ODAP/Project/venv310/lib/python3.10/site-packages/airflow/example_dags/example_latest_only.py
[2025-06-24T00:13:01.211+0700] {processor.py:830} INFO - Processing file /home/panda/Documents/ODAP/Project/venv310/lib/python3.10/site-packages/airflow/example_dags/example_latest_only.py for tasks to queue
[2025-06-24T00:13:01.212+0700] {logging_mixin.py:188} INFO - [2025-06-24T00:13:01.211+0700] {dagbag.py:540} INFO - Filling up the DagBag from /home/panda/Documents/ODAP/Project/venv310/lib/python3.10/site-packages/airflow/example_dags/example_latest_only.py
[2025-06-24T00:13:01.219+0700] {processor.py:840} INFO - DAG(s) 'latest_only' retrieved from /home/panda/Documents/ODAP/Project/venv310/lib/python3.10/site-packages/airflow/example_dags/example_latest_only.py
[2025-06-24T00:13:01.238+0700] {logging_mixin.py:188} INFO - [2025-06-24T00:13:01.237+0700] {dag.py:3096} INFO - Sync 1 DAGs
[2025-06-24T00:13:01.257+0700] {logging_mixin.py:188} INFO - [2025-06-24T00:13:01.257+0700] {dag.py:3954} INFO - Setting next_dagrun for latest_only to 2025-06-23 12:00:00+00:00, run_after=2025-06-23 16:00:00+00:00
[2025-06-24T00:13:01.282+0700] {processor.py:183} INFO - Processing /home/panda/Documents/ODAP/Project/venv310/lib/python3.10/site-packages/airflow/example_dags/example_latest_only.py took 0.084 seconds
[2025-06-24T00:13:52.733+0700] {processor.py:161} INFO - Started process (PID=12913) to work on /home/panda/Documents/ODAP/Project/venv310/lib/python3.10/site-packages/airflow/example_dags/example_latest_only.py
[2025-06-24T00:13:52.738+0700] {processor.py:830} INFO - Processing file /home/panda/Documents/ODAP/Project/venv310/lib/python3.10/site-packages/airflow/example_dags/example_latest_only.py for tasks to queue
[2025-06-24T00:13:52.739+0700] {logging_mixin.py:188} INFO - [2025-06-24T00:13:52.738+0700] {dagbag.py:540} INFO - Filling up the DagBag from /home/panda/Documents/ODAP/Project/venv310/lib/python3.10/site-packages/airflow/example_dags/example_latest_only.py
[2025-06-24T00:13:52.746+0700] {processor.py:840} INFO - DAG(s) 'latest_only' retrieved from /home/panda/Documents/ODAP/Project/venv310/lib/python3.10/site-packages/airflow/example_dags/example_latest_only.py
[2025-06-24T00:13:52.767+0700] {logging_mixin.py:188} INFO - [2025-06-24T00:13:52.767+0700] {dag.py:3096} INFO - Sync 1 DAGs
[2025-06-24T00:13:52.789+0700] {logging_mixin.py:188} INFO - [2025-06-24T00:13:52.789+0700] {dag.py:3954} INFO - Setting next_dagrun for latest_only to 2025-06-23 12:00:00+00:00, run_after=2025-06-23 16:00:00+00:00
[2025-06-24T00:13:52.815+0700] {processor.py:183} INFO - Processing /home/panda/Documents/ODAP/Project/venv310/lib/python3.10/site-packages/airflow/example_dags/example_latest_only.py took 0.090 seconds
[2025-06-24T00:14:58.902+0700] {processor.py:161} INFO - Started process (PID=13269) to work on /home/panda/Documents/ODAP/Project/venv310/lib/python3.10/site-packages/airflow/example_dags/example_latest_only.py
[2025-06-24T00:14:58.907+0700] {processor.py:830} INFO - Processing file /home/panda/Documents/ODAP/Project/venv310/lib/python3.10/site-packages/airflow/example_dags/example_latest_only.py for tasks to queue
[2025-06-24T00:14:58.908+0700] {logging_mixin.py:188} INFO - [2025-06-24T00:14:58.908+0700] {dagbag.py:540} INFO - Filling up the DagBag from /home/panda/Documents/ODAP/Project/venv310/lib/python3.10/site-packages/airflow/example_dags/example_latest_only.py
[2025-06-24T00:14:58.915+0700] {processor.py:840} INFO - DAG(s) 'latest_only' retrieved from /home/panda/Documents/ODAP/Project/venv310/lib/python3.10/site-packages/airflow/example_dags/example_latest_only.py
[2025-06-24T00:14:58.934+0700] {logging_mixin.py:188} INFO - [2025-06-24T00:14:58.934+0700] {dag.py:3096} INFO - Sync 1 DAGs
[2025-06-24T00:14:58.954+0700] {logging_mixin.py:188} INFO - [2025-06-24T00:14:58.954+0700] {dag.py:3954} INFO - Setting next_dagrun for latest_only to 2025-06-23 12:00:00+00:00, run_after=2025-06-23 16:00:00+00:00
[2025-06-24T00:14:58.985+0700] {processor.py:183} INFO - Processing /home/panda/Documents/ODAP/Project/venv310/lib/python3.10/site-packages/airflow/example_dags/example_latest_only.py took 0.090 seconds
[2025-06-24T00:21:43.581+0700] {processor.py:161} INFO - Started process (PID=16623) to work on /home/panda/Documents/ODAP/Project/venv310/lib/python3.10/site-packages/airflow/example_dags/example_latest_only.py
[2025-06-24T00:21:43.587+0700] {processor.py:830} INFO - Processing file /home/panda/Documents/ODAP/Project/venv310/lib/python3.10/site-packages/airflow/example_dags/example_latest_only.py for tasks to queue
[2025-06-24T00:21:43.588+0700] {logging_mixin.py:188} INFO - [2025-06-24T00:21:43.587+0700] {dagbag.py:540} INFO - Filling up the DagBag from /home/panda/Documents/ODAP/Project/venv310/lib/python3.10/site-packages/airflow/example_dags/example_latest_only.py
[2025-06-24T00:21:43.596+0700] {processor.py:840} INFO - DAG(s) 'latest_only' retrieved from /home/panda/Documents/ODAP/Project/venv310/lib/python3.10/site-packages/airflow/example_dags/example_latest_only.py
[2025-06-24T00:21:43.614+0700] {logging_mixin.py:188} INFO - [2025-06-24T00:21:43.614+0700] {dag.py:3096} INFO - Sync 1 DAGs
[2025-06-24T00:21:43.633+0700] {logging_mixin.py:188} INFO - [2025-06-24T00:21:43.633+0700] {dag.py:3954} INFO - Setting next_dagrun for latest_only to 2025-06-23 12:00:00+00:00, run_after=2025-06-23 16:00:00+00:00
[2025-06-24T00:21:43.663+0700] {processor.py:183} INFO - Processing /home/panda/Documents/ODAP/Project/venv310/lib/python3.10/site-packages/airflow/example_dags/example_latest_only.py took 0.089 seconds
[2025-06-24T00:22:35.495+0700] {processor.py:161} INFO - Started process (PID=16878) to work on /home/panda/Documents/ODAP/Project/venv310/lib/python3.10/site-packages/airflow/example_dags/example_latest_only.py
[2025-06-24T00:22:35.500+0700] {processor.py:830} INFO - Processing file /home/panda/Documents/ODAP/Project/venv310/lib/python3.10/site-packages/airflow/example_dags/example_latest_only.py for tasks to queue
[2025-06-24T00:22:35.502+0700] {logging_mixin.py:188} INFO - [2025-06-24T00:22:35.501+0700] {dagbag.py:540} INFO - Filling up the DagBag from /home/panda/Documents/ODAP/Project/venv310/lib/python3.10/site-packages/airflow/example_dags/example_latest_only.py
[2025-06-24T00:22:35.509+0700] {processor.py:840} INFO - DAG(s) 'latest_only' retrieved from /home/panda/Documents/ODAP/Project/venv310/lib/python3.10/site-packages/airflow/example_dags/example_latest_only.py
[2025-06-24T00:22:35.528+0700] {logging_mixin.py:188} INFO - [2025-06-24T00:22:35.527+0700] {dag.py:3096} INFO - Sync 1 DAGs
[2025-06-24T00:22:35.548+0700] {logging_mixin.py:188} INFO - [2025-06-24T00:22:35.547+0700] {dag.py:3954} INFO - Setting next_dagrun for latest_only to 2025-06-23 12:00:00+00:00, run_after=2025-06-23 16:00:00+00:00
[2025-06-24T00:22:35.578+0700] {processor.py:183} INFO - Processing /home/panda/Documents/ODAP/Project/venv310/lib/python3.10/site-packages/airflow/example_dags/example_latest_only.py took 0.091 seconds
[2025-06-24T00:33:55.556+0700] {processor.py:161} INFO - Started process (PID=20303) to work on /home/panda/Documents/ODAP/Project/venv310/lib/python3.10/site-packages/airflow/example_dags/example_latest_only.py
[2025-06-24T00:33:55.561+0700] {processor.py:830} INFO - Processing file /home/panda/Documents/ODAP/Project/venv310/lib/python3.10/site-packages/airflow/example_dags/example_latest_only.py for tasks to queue
[2025-06-24T00:33:55.563+0700] {logging_mixin.py:188} INFO - [2025-06-24T00:33:55.562+0700] {dagbag.py:540} INFO - Filling up the DagBag from /home/panda/Documents/ODAP/Project/venv310/lib/python3.10/site-packages/airflow/example_dags/example_latest_only.py
[2025-06-24T00:33:55.573+0700] {processor.py:840} INFO - DAG(s) 'latest_only' retrieved from /home/panda/Documents/ODAP/Project/venv310/lib/python3.10/site-packages/airflow/example_dags/example_latest_only.py
[2025-06-24T00:33:55.593+0700] {logging_mixin.py:188} INFO - [2025-06-24T00:33:55.593+0700] {dag.py:3096} INFO - Sync 1 DAGs
[2025-06-24T00:33:55.613+0700] {logging_mixin.py:188} INFO - [2025-06-24T00:33:55.613+0700] {dag.py:3954} INFO - Setting next_dagrun for latest_only to 2025-06-23 12:00:00+00:00, run_after=2025-06-23 16:00:00+00:00
[2025-06-24T00:33:55.638+0700] {processor.py:183} INFO - Processing /home/panda/Documents/ODAP/Project/venv310/lib/python3.10/site-packages/airflow/example_dags/example_latest_only.py took 0.089 seconds
[2025-06-24T00:34:49.588+0700] {processor.py:161} INFO - Started process (PID=20448) to work on /home/panda/Documents/ODAP/Project/venv310/lib/python3.10/site-packages/airflow/example_dags/example_latest_only.py
[2025-06-24T00:34:49.591+0700] {processor.py:830} INFO - Processing file /home/panda/Documents/ODAP/Project/venv310/lib/python3.10/site-packages/airflow/example_dags/example_latest_only.py for tasks to queue
[2025-06-24T00:34:49.593+0700] {logging_mixin.py:188} INFO - [2025-06-24T00:34:49.592+0700] {dagbag.py:540} INFO - Filling up the DagBag from /home/panda/Documents/ODAP/Project/venv310/lib/python3.10/site-packages/airflow/example_dags/example_latest_only.py
[2025-06-24T00:34:49.600+0700] {processor.py:840} INFO - DAG(s) 'latest_only' retrieved from /home/panda/Documents/ODAP/Project/venv310/lib/python3.10/site-packages/airflow/example_dags/example_latest_only.py
[2025-06-24T00:34:49.620+0700] {logging_mixin.py:188} INFO - [2025-06-24T00:34:49.620+0700] {dag.py:3096} INFO - Sync 1 DAGs
[2025-06-24T00:34:49.640+0700] {logging_mixin.py:188} INFO - [2025-06-24T00:34:49.640+0700] {dag.py:3954} INFO - Setting next_dagrun for latest_only to 2025-06-23 12:00:00+00:00, run_after=2025-06-23 16:00:00+00:00
[2025-06-24T00:34:49.665+0700] {processor.py:183} INFO - Processing /home/panda/Documents/ODAP/Project/venv310/lib/python3.10/site-packages/airflow/example_dags/example_latest_only.py took 0.084 seconds
[2025-06-24T00:35:42.526+0700] {processor.py:161} INFO - Started process (PID=20590) to work on /home/panda/Documents/ODAP/Project/venv310/lib/python3.10/site-packages/airflow/example_dags/example_latest_only.py
[2025-06-24T00:35:42.531+0700] {processor.py:830} INFO - Processing file /home/panda/Documents/ODAP/Project/venv310/lib/python3.10/site-packages/airflow/example_dags/example_latest_only.py for tasks to queue
[2025-06-24T00:35:42.532+0700] {logging_mixin.py:188} INFO - [2025-06-24T00:35:42.532+0700] {dagbag.py:540} INFO - Filling up the DagBag from /home/panda/Documents/ODAP/Project/venv310/lib/python3.10/site-packages/airflow/example_dags/example_latest_only.py
[2025-06-24T00:35:42.540+0700] {processor.py:840} INFO - DAG(s) 'latest_only' retrieved from /home/panda/Documents/ODAP/Project/venv310/lib/python3.10/site-packages/airflow/example_dags/example_latest_only.py
[2025-06-24T00:35:42.562+0700] {logging_mixin.py:188} INFO - [2025-06-24T00:35:42.561+0700] {dag.py:3096} INFO - Sync 1 DAGs
[2025-06-24T00:35:42.583+0700] {logging_mixin.py:188} INFO - [2025-06-24T00:35:42.582+0700] {dag.py:3954} INFO - Setting next_dagrun for latest_only to 2025-06-23 12:00:00+00:00, run_after=2025-06-23 16:00:00+00:00
[2025-06-24T00:35:42.614+0700] {processor.py:183} INFO - Processing /home/panda/Documents/ODAP/Project/venv310/lib/python3.10/site-packages/airflow/example_dags/example_latest_only.py took 0.096 seconds
[2025-06-24T00:36:51.717+0700] {processor.py:161} INFO - Started process (PID=21051) to work on /home/panda/Documents/ODAP/Project/venv310/lib/python3.10/site-packages/airflow/example_dags/example_latest_only.py
[2025-06-24T00:36:51.722+0700] {processor.py:830} INFO - Processing file /home/panda/Documents/ODAP/Project/venv310/lib/python3.10/site-packages/airflow/example_dags/example_latest_only.py for tasks to queue
[2025-06-24T00:36:51.723+0700] {logging_mixin.py:188} INFO - [2025-06-24T00:36:51.722+0700] {dagbag.py:540} INFO - Filling up the DagBag from /home/panda/Documents/ODAP/Project/venv310/lib/python3.10/site-packages/airflow/example_dags/example_latest_only.py
[2025-06-24T00:36:51.730+0700] {processor.py:840} INFO - DAG(s) 'latest_only' retrieved from /home/panda/Documents/ODAP/Project/venv310/lib/python3.10/site-packages/airflow/example_dags/example_latest_only.py
[2025-06-24T00:36:51.748+0700] {logging_mixin.py:188} INFO - [2025-06-24T00:36:51.747+0700] {dag.py:3096} INFO - Sync 1 DAGs
[2025-06-24T00:36:51.764+0700] {logging_mixin.py:188} INFO - [2025-06-24T00:36:51.764+0700] {dag.py:3954} INFO - Setting next_dagrun for latest_only to 2025-06-23 12:00:00+00:00, run_after=2025-06-23 16:00:00+00:00
[2025-06-24T00:36:51.791+0700] {processor.py:183} INFO - Processing /home/panda/Documents/ODAP/Project/venv310/lib/python3.10/site-packages/airflow/example_dags/example_latest_only.py took 0.084 seconds
[2025-06-24T00:52:53.539+0700] {processor.py:161} INFO - Started process (PID=25175) to work on /home/panda/Documents/ODAP/Project/venv310/lib/python3.10/site-packages/airflow/example_dags/example_latest_only.py
[2025-06-24T00:52:53.542+0700] {processor.py:830} INFO - Processing file /home/panda/Documents/ODAP/Project/venv310/lib/python3.10/site-packages/airflow/example_dags/example_latest_only.py for tasks to queue
[2025-06-24T00:52:53.543+0700] {logging_mixin.py:188} INFO - [2025-06-24T00:52:53.543+0700] {dagbag.py:540} INFO - Filling up the DagBag from /home/panda/Documents/ODAP/Project/venv310/lib/python3.10/site-packages/airflow/example_dags/example_latest_only.py
[2025-06-24T00:52:53.552+0700] {processor.py:840} INFO - DAG(s) 'latest_only' retrieved from /home/panda/Documents/ODAP/Project/venv310/lib/python3.10/site-packages/airflow/example_dags/example_latest_only.py
[2025-06-24T00:52:53.573+0700] {logging_mixin.py:188} INFO - [2025-06-24T00:52:53.573+0700] {dag.py:3096} INFO - Sync 1 DAGs
[2025-06-24T00:52:53.598+0700] {logging_mixin.py:188} INFO - [2025-06-24T00:52:53.597+0700] {dag.py:3954} INFO - Setting next_dagrun for latest_only to 2025-06-23 12:00:00+00:00, run_after=2025-06-23 16:00:00+00:00
[2025-06-24T00:52:53.635+0700] {processor.py:183} INFO - Processing /home/panda/Documents/ODAP/Project/venv310/lib/python3.10/site-packages/airflow/example_dags/example_latest_only.py took 0.103 seconds
[2025-06-24T00:53:47.755+0700] {processor.py:161} INFO - Started process (PID=25359) to work on /home/panda/Documents/ODAP/Project/venv310/lib/python3.10/site-packages/airflow/example_dags/example_latest_only.py
[2025-06-24T00:53:47.757+0700] {processor.py:830} INFO - Processing file /home/panda/Documents/ODAP/Project/venv310/lib/python3.10/site-packages/airflow/example_dags/example_latest_only.py for tasks to queue
[2025-06-24T00:53:47.758+0700] {logging_mixin.py:188} INFO - [2025-06-24T00:53:47.758+0700] {dagbag.py:540} INFO - Filling up the DagBag from /home/panda/Documents/ODAP/Project/venv310/lib/python3.10/site-packages/airflow/example_dags/example_latest_only.py
[2025-06-24T00:53:47.765+0700] {processor.py:840} INFO - DAG(s) 'latest_only' retrieved from /home/panda/Documents/ODAP/Project/venv310/lib/python3.10/site-packages/airflow/example_dags/example_latest_only.py
[2025-06-24T00:53:47.813+0700] {logging_mixin.py:188} INFO - [2025-06-24T00:53:47.812+0700] {dag.py:3096} INFO - Sync 1 DAGs
[2025-06-24T00:53:47.892+0700] {logging_mixin.py:188} INFO - [2025-06-24T00:53:47.892+0700] {dag.py:3954} INFO - Setting next_dagrun for latest_only to 2025-06-23 12:00:00+00:00, run_after=2025-06-23 16:00:00+00:00
[2025-06-24T00:53:47.947+0700] {processor.py:183} INFO - Processing /home/panda/Documents/ODAP/Project/venv310/lib/python3.10/site-packages/airflow/example_dags/example_latest_only.py took 0.200 seconds
[2025-06-24T00:54:40.449+0700] {processor.py:161} INFO - Started process (PID=25669) to work on /home/panda/Documents/ODAP/Project/venv310/lib/python3.10/site-packages/airflow/example_dags/example_latest_only.py
[2025-06-24T00:54:40.454+0700] {processor.py:830} INFO - Processing file /home/panda/Documents/ODAP/Project/venv310/lib/python3.10/site-packages/airflow/example_dags/example_latest_only.py for tasks to queue
[2025-06-24T00:54:40.456+0700] {logging_mixin.py:188} INFO - [2025-06-24T00:54:40.455+0700] {dagbag.py:540} INFO - Filling up the DagBag from /home/panda/Documents/ODAP/Project/venv310/lib/python3.10/site-packages/airflow/example_dags/example_latest_only.py
[2025-06-24T00:54:40.462+0700] {processor.py:840} INFO - DAG(s) 'latest_only' retrieved from /home/panda/Documents/ODAP/Project/venv310/lib/python3.10/site-packages/airflow/example_dags/example_latest_only.py
[2025-06-24T00:54:40.482+0700] {logging_mixin.py:188} INFO - [2025-06-24T00:54:40.481+0700] {dag.py:3096} INFO - Sync 1 DAGs
[2025-06-24T00:54:40.502+0700] {logging_mixin.py:188} INFO - [2025-06-24T00:54:40.502+0700] {dag.py:3954} INFO - Setting next_dagrun for latest_only to 2025-06-23 12:00:00+00:00, run_after=2025-06-23 16:00:00+00:00
[2025-06-24T00:54:40.527+0700] {processor.py:183} INFO - Processing /home/panda/Documents/ODAP/Project/venv310/lib/python3.10/site-packages/airflow/example_dags/example_latest_only.py took 0.085 seconds
[2025-06-24T01:03:29.339+0700] {processor.py:161} INFO - Started process (PID=28613) to work on /home/panda/Documents/ODAP/Project/venv310/lib/python3.10/site-packages/airflow/example_dags/example_latest_only.py
[2025-06-24T01:03:29.344+0700] {processor.py:830} INFO - Processing file /home/panda/Documents/ODAP/Project/venv310/lib/python3.10/site-packages/airflow/example_dags/example_latest_only.py for tasks to queue
[2025-06-24T01:03:29.345+0700] {logging_mixin.py:188} INFO - [2025-06-24T01:03:29.345+0700] {dagbag.py:540} INFO - Filling up the DagBag from /home/panda/Documents/ODAP/Project/venv310/lib/python3.10/site-packages/airflow/example_dags/example_latest_only.py
[2025-06-24T01:03:29.353+0700] {processor.py:840} INFO - DAG(s) 'latest_only' retrieved from /home/panda/Documents/ODAP/Project/venv310/lib/python3.10/site-packages/airflow/example_dags/example_latest_only.py
[2025-06-24T01:03:29.374+0700] {logging_mixin.py:188} INFO - [2025-06-24T01:03:29.374+0700] {dag.py:3096} INFO - Sync 1 DAGs
[2025-06-24T01:03:29.394+0700] {logging_mixin.py:188} INFO - [2025-06-24T01:03:29.394+0700] {dag.py:3954} INFO - Setting next_dagrun for latest_only to 2025-06-23 12:00:00+00:00, run_after=2025-06-23 16:00:00+00:00
[2025-06-24T01:03:29.422+0700] {processor.py:183} INFO - Processing /home/panda/Documents/ODAP/Project/venv310/lib/python3.10/site-packages/airflow/example_dags/example_latest_only.py took 0.092 seconds
[2025-06-24T01:04:22.263+0700] {processor.py:161} INFO - Started process (PID=28858) to work on /home/panda/Documents/ODAP/Project/venv310/lib/python3.10/site-packages/airflow/example_dags/example_latest_only.py
[2025-06-24T01:04:22.267+0700] {processor.py:830} INFO - Processing file /home/panda/Documents/ODAP/Project/venv310/lib/python3.10/site-packages/airflow/example_dags/example_latest_only.py for tasks to queue
[2025-06-24T01:04:22.268+0700] {logging_mixin.py:188} INFO - [2025-06-24T01:04:22.268+0700] {dagbag.py:540} INFO - Filling up the DagBag from /home/panda/Documents/ODAP/Project/venv310/lib/python3.10/site-packages/airflow/example_dags/example_latest_only.py
[2025-06-24T01:04:22.274+0700] {processor.py:840} INFO - DAG(s) 'latest_only' retrieved from /home/panda/Documents/ODAP/Project/venv310/lib/python3.10/site-packages/airflow/example_dags/example_latest_only.py
[2025-06-24T01:04:22.289+0700] {logging_mixin.py:188} INFO - [2025-06-24T01:04:22.288+0700] {dag.py:3096} INFO - Sync 1 DAGs
[2025-06-24T01:04:22.304+0700] {logging_mixin.py:188} INFO - [2025-06-24T01:04:22.304+0700] {dag.py:3954} INFO - Setting next_dagrun for latest_only to 2025-06-23 12:00:00+00:00, run_after=2025-06-23 16:00:00+00:00
[2025-06-24T01:04:22.324+0700] {processor.py:183} INFO - Processing /home/panda/Documents/ODAP/Project/venv310/lib/python3.10/site-packages/airflow/example_dags/example_latest_only.py took 0.067 seconds
