[2025-06-24T00:02:08.229+0700] {processor.py:161} INFO - Started process (PID=5390) to work on /home/panda/Documents/ODAP/Project/venv310/lib/python3.10/site-packages/airflow/example_dags/example_trigger_controller_dag.py
[2025-06-24T00:02:08.230+0700] {processor.py:830} INFO - Processing file /home/panda/Documents/ODAP/Project/venv310/lib/python3.10/site-packages/airflow/example_dags/example_trigger_controller_dag.py for tasks to queue
[2025-06-24T00:02:08.232+0700] {logging_mixin.py:188} INFO - [2025-06-24T00:02:08.232+0700] {dagbag.py:540} INFO - Filling up the DagBag from /home/panda/Documents/ODAP/Project/venv310/lib/python3.10/site-packages/airflow/example_dags/example_trigger_controller_dag.py
[2025-06-24T00:02:08.241+0700] {processor.py:840} INFO - DAG(s) 'example_trigger_controller_dag' retrieved from /home/panda/Documents/ODAP/Project/venv310/lib/python3.10/site-packages/airflow/example_dags/example_trigger_controller_dag.py
[2025-06-24T00:02:08.261+0700] {logging_mixin.py:188} INFO - [2025-06-24T00:02:08.261+0700] {dag.py:3096} INFO - Sync 1 DAGs
[2025-06-24T00:02:08.283+0700] {logging_mixin.py:188} INFO - [2025-06-24T00:02:08.283+0700] {dag.py:3954} INFO - Setting next_dagrun for example_trigger_controller_dag to 2021-01-01 00:00:00+00:00, run_after=2021-01-01 00:00:00+00:00
[2025-06-24T00:02:08.315+0700] {processor.py:183} INFO - Processing /home/panda/Documents/ODAP/Project/venv310/lib/python3.10/site-packages/airflow/example_dags/example_trigger_controller_dag.py took 0.093 seconds
[2025-06-24T00:03:02.663+0700] {processor.py:161} INFO - Started process (PID=6208) to work on /home/panda/Documents/ODAP/Project/venv310/lib/python3.10/site-packages/airflow/example_dags/example_trigger_controller_dag.py
[2025-06-24T00:03:02.668+0700] {processor.py:830} INFO - Processing file /home/panda/Documents/ODAP/Project/venv310/lib/python3.10/site-packages/airflow/example_dags/example_trigger_controller_dag.py for tasks to queue
[2025-06-24T00:03:02.671+0700] {logging_mixin.py:188} INFO - [2025-06-24T00:03:02.670+0700] {dagbag.py:540} INFO - Filling up the DagBag from /home/panda/Documents/ODAP/Project/venv310/lib/python3.10/site-packages/airflow/example_dags/example_trigger_controller_dag.py
[2025-06-24T00:03:02.679+0700] {processor.py:840} INFO - DAG(s) 'example_trigger_controller_dag' retrieved from /home/panda/Documents/ODAP/Project/venv310/lib/python3.10/site-packages/airflow/example_dags/example_trigger_controller_dag.py
[2025-06-24T00:03:02.698+0700] {logging_mixin.py:188} INFO - [2025-06-24T00:03:02.698+0700] {dag.py:3096} INFO - Sync 1 DAGs
[2025-06-24T00:03:02.719+0700] {logging_mixin.py:188} INFO - [2025-06-24T00:03:02.718+0700] {dag.py:3954} INFO - Setting next_dagrun for example_trigger_controller_dag to 2021-01-01 00:00:00+00:00, run_after=2021-01-01 00:00:00+00:00
[2025-06-24T00:03:02.744+0700] {processor.py:183} INFO - Processing /home/panda/Documents/ODAP/Project/venv310/lib/python3.10/site-packages/airflow/example_dags/example_trigger_controller_dag.py took 0.089 seconds
[2025-06-24T00:03:50.871+0700] {processor.py:161} INFO - Started process (PID=6411) to work on /home/panda/Documents/ODAP/Project/venv310/lib/python3.10/site-packages/airflow/example_dags/example_trigger_controller_dag.py
[2025-06-24T00:03:50.874+0700] {processor.py:830} INFO - Processing file /home/panda/Documents/ODAP/Project/venv310/lib/python3.10/site-packages/airflow/example_dags/example_trigger_controller_dag.py for tasks to queue
[2025-06-24T00:03:50.876+0700] {logging_mixin.py:188} INFO - [2025-06-24T00:03:50.876+0700] {dagbag.py:540} INFO - Filling up the DagBag from /home/panda/Documents/ODAP/Project/venv310/lib/python3.10/site-packages/airflow/example_dags/example_trigger_controller_dag.py
[2025-06-24T00:03:50.883+0700] {processor.py:840} INFO - DAG(s) 'example_trigger_controller_dag' retrieved from /home/panda/Documents/ODAP/Project/venv310/lib/python3.10/site-packages/airflow/example_dags/example_trigger_controller_dag.py
[2025-06-24T00:03:50.902+0700] {logging_mixin.py:188} INFO - [2025-06-24T00:03:50.902+0700] {dag.py:3096} INFO - Sync 1 DAGs
[2025-06-24T00:03:51.073+0700] {logging_mixin.py:188} INFO - [2025-06-24T00:03:51.073+0700] {dag.py:3954} INFO - Setting next_dagrun for example_trigger_controller_dag to 2021-01-01 00:00:00+00:00, run_after=2021-01-01 00:00:00+00:00
[2025-06-24T00:03:51.105+0700] {processor.py:183} INFO - Processing /home/panda/Documents/ODAP/Project/venv310/lib/python3.10/site-packages/airflow/example_dags/example_trigger_controller_dag.py took 0.241 seconds
[2025-06-24T00:04:41.345+0700] {processor.py:161} INFO - Started process (PID=6857) to work on /home/panda/Documents/ODAP/Project/venv310/lib/python3.10/site-packages/airflow/example_dags/example_trigger_controller_dag.py
[2025-06-24T00:04:41.350+0700] {processor.py:830} INFO - Processing file /home/panda/Documents/ODAP/Project/venv310/lib/python3.10/site-packages/airflow/example_dags/example_trigger_controller_dag.py for tasks to queue
[2025-06-24T00:04:41.353+0700] {logging_mixin.py:188} INFO - [2025-06-24T00:04:41.352+0700] {dagbag.py:540} INFO - Filling up the DagBag from /home/panda/Documents/ODAP/Project/venv310/lib/python3.10/site-packages/airflow/example_dags/example_trigger_controller_dag.py
[2025-06-24T00:04:41.360+0700] {processor.py:840} INFO - DAG(s) 'example_trigger_controller_dag' retrieved from /home/panda/Documents/ODAP/Project/venv310/lib/python3.10/site-packages/airflow/example_dags/example_trigger_controller_dag.py
[2025-06-24T00:04:41.378+0700] {logging_mixin.py:188} INFO - [2025-06-24T00:04:41.378+0700] {dag.py:3096} INFO - Sync 1 DAGs
[2025-06-24T00:04:41.398+0700] {logging_mixin.py:188} INFO - [2025-06-24T00:04:41.398+0700] {dag.py:3954} INFO - Setting next_dagrun for example_trigger_controller_dag to 2021-01-01 00:00:00+00:00, run_after=2021-01-01 00:00:00+00:00
[2025-06-24T00:04:41.425+0700] {processor.py:183} INFO - Processing /home/panda/Documents/ODAP/Project/venv310/lib/python3.10/site-packages/airflow/example_dags/example_trigger_controller_dag.py took 0.087 seconds
[2025-06-24T00:05:27.950+0700] {processor.py:161} INFO - Started process (PID=7094) to work on /home/panda/Documents/ODAP/Project/venv310/lib/python3.10/site-packages/airflow/example_dags/example_trigger_controller_dag.py
[2025-06-24T00:05:27.955+0700] {processor.py:830} INFO - Processing file /home/panda/Documents/ODAP/Project/venv310/lib/python3.10/site-packages/airflow/example_dags/example_trigger_controller_dag.py for tasks to queue
[2025-06-24T00:05:27.957+0700] {logging_mixin.py:188} INFO - [2025-06-24T00:05:27.957+0700] {dagbag.py:540} INFO - Filling up the DagBag from /home/panda/Documents/ODAP/Project/venv310/lib/python3.10/site-packages/airflow/example_dags/example_trigger_controller_dag.py
[2025-06-24T00:05:27.964+0700] {processor.py:840} INFO - DAG(s) 'example_trigger_controller_dag' retrieved from /home/panda/Documents/ODAP/Project/venv310/lib/python3.10/site-packages/airflow/example_dags/example_trigger_controller_dag.py
[2025-06-24T00:05:27.983+0700] {logging_mixin.py:188} INFO - [2025-06-24T00:05:27.983+0700] {dag.py:3096} INFO - Sync 1 DAGs
[2025-06-24T00:05:28.004+0700] {logging_mixin.py:188} INFO - [2025-06-24T00:05:28.003+0700] {dag.py:3954} INFO - Setting next_dagrun for example_trigger_controller_dag to 2021-01-01 00:00:00+00:00, run_after=2021-01-01 00:00:00+00:00
[2025-06-24T00:05:28.040+0700] {processor.py:183} INFO - Processing /home/panda/Documents/ODAP/Project/venv310/lib/python3.10/site-packages/airflow/example_dags/example_trigger_controller_dag.py took 0.098 seconds
[2025-06-24T00:07:15.357+0700] {processor.py:161} INFO - Started process (PID=8108) to work on /home/panda/Documents/ODAP/Project/venv310/lib/python3.10/site-packages/airflow/example_dags/example_trigger_controller_dag.py
[2025-06-24T00:07:15.362+0700] {processor.py:830} INFO - Processing file /home/panda/Documents/ODAP/Project/venv310/lib/python3.10/site-packages/airflow/example_dags/example_trigger_controller_dag.py for tasks to queue
[2025-06-24T00:07:15.363+0700] {logging_mixin.py:188} INFO - [2025-06-24T00:07:15.363+0700] {dagbag.py:540} INFO - Filling up the DagBag from /home/panda/Documents/ODAP/Project/venv310/lib/python3.10/site-packages/airflow/example_dags/example_trigger_controller_dag.py
[2025-06-24T00:07:15.369+0700] {processor.py:840} INFO - DAG(s) 'example_trigger_controller_dag' retrieved from /home/panda/Documents/ODAP/Project/venv310/lib/python3.10/site-packages/airflow/example_dags/example_trigger_controller_dag.py
[2025-06-24T00:07:15.391+0700] {logging_mixin.py:188} INFO - [2025-06-24T00:07:15.391+0700] {dag.py:3096} INFO - Sync 1 DAGs
[2025-06-24T00:07:15.410+0700] {logging_mixin.py:188} INFO - [2025-06-24T00:07:15.410+0700] {dag.py:3954} INFO - Setting next_dagrun for example_trigger_controller_dag to 2021-01-01 00:00:00+00:00, run_after=2021-01-01 00:00:00+00:00
[2025-06-24T00:07:15.435+0700] {processor.py:183} INFO - Processing /home/panda/Documents/ODAP/Project/venv310/lib/python3.10/site-packages/airflow/example_dags/example_trigger_controller_dag.py took 0.085 seconds
[2025-06-24T00:08:30.319+0700] {processor.py:161} INFO - Started process (PID=10574) to work on /home/panda/Documents/ODAP/Project/venv310/lib/python3.10/site-packages/airflow/example_dags/example_trigger_controller_dag.py
[2025-06-24T00:08:30.324+0700] {processor.py:830} INFO - Processing file /home/panda/Documents/ODAP/Project/venv310/lib/python3.10/site-packages/airflow/example_dags/example_trigger_controller_dag.py for tasks to queue
[2025-06-24T00:08:30.325+0700] {logging_mixin.py:188} INFO - [2025-06-24T00:08:30.325+0700] {dagbag.py:540} INFO - Filling up the DagBag from /home/panda/Documents/ODAP/Project/venv310/lib/python3.10/site-packages/airflow/example_dags/example_trigger_controller_dag.py
[2025-06-24T00:08:30.331+0700] {processor.py:840} INFO - DAG(s) 'example_trigger_controller_dag' retrieved from /home/panda/Documents/ODAP/Project/venv310/lib/python3.10/site-packages/airflow/example_dags/example_trigger_controller_dag.py
[2025-06-24T00:08:30.351+0700] {logging_mixin.py:188} INFO - [2025-06-24T00:08:30.351+0700] {dag.py:3096} INFO - Sync 1 DAGs
[2025-06-24T00:08:30.370+0700] {logging_mixin.py:188} INFO - [2025-06-24T00:08:30.370+0700] {dag.py:3954} INFO - Setting next_dagrun for example_trigger_controller_dag to 2021-01-01 00:00:00+00:00, run_after=2021-01-01 00:00:00+00:00
[2025-06-24T00:08:30.399+0700] {processor.py:183} INFO - Processing /home/panda/Documents/ODAP/Project/venv310/lib/python3.10/site-packages/airflow/example_dags/example_trigger_controller_dag.py took 0.088 seconds
[2025-06-24T00:09:31.020+0700] {processor.py:161} INFO - Started process (PID=10816) to work on /home/panda/Documents/ODAP/Project/venv310/lib/python3.10/site-packages/airflow/example_dags/example_trigger_controller_dag.py
[2025-06-24T00:09:31.021+0700] {processor.py:830} INFO - Processing file /home/panda/Documents/ODAP/Project/venv310/lib/python3.10/site-packages/airflow/example_dags/example_trigger_controller_dag.py for tasks to queue
[2025-06-24T00:09:31.023+0700] {logging_mixin.py:188} INFO - [2025-06-24T00:09:31.022+0700] {dagbag.py:540} INFO - Filling up the DagBag from /home/panda/Documents/ODAP/Project/venv310/lib/python3.10/site-packages/airflow/example_dags/example_trigger_controller_dag.py
[2025-06-24T00:09:31.029+0700] {processor.py:840} INFO - DAG(s) 'example_trigger_controller_dag' retrieved from /home/panda/Documents/ODAP/Project/venv310/lib/python3.10/site-packages/airflow/example_dags/example_trigger_controller_dag.py
[2025-06-24T00:09:31.048+0700] {logging_mixin.py:188} INFO - [2025-06-24T00:09:31.047+0700] {dag.py:3096} INFO - Sync 1 DAGs
[2025-06-24T00:09:31.067+0700] {logging_mixin.py:188} INFO - [2025-06-24T00:09:31.067+0700] {dag.py:3954} INFO - Setting next_dagrun for example_trigger_controller_dag to 2021-01-01 00:00:00+00:00, run_after=2021-01-01 00:00:00+00:00
[2025-06-24T00:09:31.093+0700] {processor.py:183} INFO - Processing /home/panda/Documents/ODAP/Project/venv310/lib/python3.10/site-packages/airflow/example_dags/example_trigger_controller_dag.py took 0.081 seconds
[2025-06-24T00:10:26.563+0700] {processor.py:161} INFO - Started process (PID=10966) to work on /home/panda/Documents/ODAP/Project/venv310/lib/python3.10/site-packages/airflow/example_dags/example_trigger_controller_dag.py
[2025-06-24T00:10:26.569+0700] {processor.py:830} INFO - Processing file /home/panda/Documents/ODAP/Project/venv310/lib/python3.10/site-packages/airflow/example_dags/example_trigger_controller_dag.py for tasks to queue
[2025-06-24T00:10:26.570+0700] {logging_mixin.py:188} INFO - [2025-06-24T00:10:26.569+0700] {dagbag.py:540} INFO - Filling up the DagBag from /home/panda/Documents/ODAP/Project/venv310/lib/python3.10/site-packages/airflow/example_dags/example_trigger_controller_dag.py
[2025-06-24T00:10:26.577+0700] {processor.py:840} INFO - DAG(s) 'example_trigger_controller_dag' retrieved from /home/panda/Documents/ODAP/Project/venv310/lib/python3.10/site-packages/airflow/example_dags/example_trigger_controller_dag.py
[2025-06-24T00:10:26.595+0700] {logging_mixin.py:188} INFO - [2025-06-24T00:10:26.595+0700] {dag.py:3096} INFO - Sync 1 DAGs
[2025-06-24T00:10:26.613+0700] {logging_mixin.py:188} INFO - [2025-06-24T00:10:26.612+0700] {dag.py:3954} INFO - Setting next_dagrun for example_trigger_controller_dag to 2021-01-01 00:00:00+00:00, run_after=2021-01-01 00:00:00+00:00
[2025-06-24T00:10:26.639+0700] {processor.py:183} INFO - Processing /home/panda/Documents/ODAP/Project/venv310/lib/python3.10/site-packages/airflow/example_dags/example_trigger_controller_dag.py took 0.083 seconds
[2025-06-24T00:11:39.471+0700] {processor.py:161} INFO - Started process (PID=12461) to work on /home/panda/Documents/ODAP/Project/venv310/lib/python3.10/site-packages/airflow/example_dags/example_trigger_controller_dag.py
[2025-06-24T00:11:39.476+0700] {processor.py:830} INFO - Processing file /home/panda/Documents/ODAP/Project/venv310/lib/python3.10/site-packages/airflow/example_dags/example_trigger_controller_dag.py for tasks to queue
[2025-06-24T00:11:39.477+0700] {logging_mixin.py:188} INFO - [2025-06-24T00:11:39.477+0700] {dagbag.py:540} INFO - Filling up the DagBag from /home/panda/Documents/ODAP/Project/venv310/lib/python3.10/site-packages/airflow/example_dags/example_trigger_controller_dag.py
[2025-06-24T00:11:39.484+0700] {processor.py:840} INFO - DAG(s) 'example_trigger_controller_dag' retrieved from /home/panda/Documents/ODAP/Project/venv310/lib/python3.10/site-packages/airflow/example_dags/example_trigger_controller_dag.py
[2025-06-24T00:11:39.501+0700] {logging_mixin.py:188} INFO - [2025-06-24T00:11:39.500+0700] {dag.py:3096} INFO - Sync 1 DAGs
[2025-06-24T00:11:39.518+0700] {logging_mixin.py:188} INFO - [2025-06-24T00:11:39.518+0700] {dag.py:3954} INFO - Setting next_dagrun for example_trigger_controller_dag to 2021-01-01 00:00:00+00:00, run_after=2021-01-01 00:00:00+00:00
[2025-06-24T00:11:39.540+0700] {processor.py:183} INFO - Processing /home/panda/Documents/ODAP/Project/venv310/lib/python3.10/site-packages/airflow/example_dags/example_trigger_controller_dag.py took 0.077 seconds
[2025-06-24T00:12:31.277+0700] {processor.py:161} INFO - Started process (PID=12669) to work on /home/panda/Documents/ODAP/Project/venv310/lib/python3.10/site-packages/airflow/example_dags/example_trigger_controller_dag.py
[2025-06-24T00:12:31.280+0700] {processor.py:830} INFO - Processing file /home/panda/Documents/ODAP/Project/venv310/lib/python3.10/site-packages/airflow/example_dags/example_trigger_controller_dag.py for tasks to queue
[2025-06-24T00:12:31.281+0700] {logging_mixin.py:188} INFO - [2025-06-24T00:12:31.280+0700] {dagbag.py:540} INFO - Filling up the DagBag from /home/panda/Documents/ODAP/Project/venv310/lib/python3.10/site-packages/airflow/example_dags/example_trigger_controller_dag.py
[2025-06-24T00:12:31.288+0700] {processor.py:840} INFO - DAG(s) 'example_trigger_controller_dag' retrieved from /home/panda/Documents/ODAP/Project/venv310/lib/python3.10/site-packages/airflow/example_dags/example_trigger_controller_dag.py
[2025-06-24T00:12:31.305+0700] {logging_mixin.py:188} INFO - [2025-06-24T00:12:31.305+0700] {dag.py:3096} INFO - Sync 1 DAGs
[2025-06-24T00:12:31.323+0700] {logging_mixin.py:188} INFO - [2025-06-24T00:12:31.322+0700] {dag.py:3954} INFO - Setting next_dagrun for example_trigger_controller_dag to 2021-01-01 00:00:00+00:00, run_after=2021-01-01 00:00:00+00:00
[2025-06-24T00:12:31.350+0700] {processor.py:183} INFO - Processing /home/panda/Documents/ODAP/Project/venv310/lib/python3.10/site-packages/airflow/example_dags/example_trigger_controller_dag.py took 0.080 seconds
[2025-06-24T00:13:15.845+0700] {processor.py:161} INFO - Started process (PID=12819) to work on /home/panda/Documents/ODAP/Project/venv310/lib/python3.10/site-packages/airflow/example_dags/example_trigger_controller_dag.py
[2025-06-24T00:13:15.848+0700] {processor.py:830} INFO - Processing file /home/panda/Documents/ODAP/Project/venv310/lib/python3.10/site-packages/airflow/example_dags/example_trigger_controller_dag.py for tasks to queue
[2025-06-24T00:13:15.849+0700] {logging_mixin.py:188} INFO - [2025-06-24T00:13:15.849+0700] {dagbag.py:540} INFO - Filling up the DagBag from /home/panda/Documents/ODAP/Project/venv310/lib/python3.10/site-packages/airflow/example_dags/example_trigger_controller_dag.py
[2025-06-24T00:13:15.855+0700] {processor.py:840} INFO - DAG(s) 'example_trigger_controller_dag' retrieved from /home/panda/Documents/ODAP/Project/venv310/lib/python3.10/site-packages/airflow/example_dags/example_trigger_controller_dag.py
[2025-06-24T00:13:15.875+0700] {logging_mixin.py:188} INFO - [2025-06-24T00:13:15.874+0700] {dag.py:3096} INFO - Sync 1 DAGs
[2025-06-24T00:13:15.895+0700] {logging_mixin.py:188} INFO - [2025-06-24T00:13:15.895+0700] {dag.py:3954} INFO - Setting next_dagrun for example_trigger_controller_dag to 2021-01-01 00:00:00+00:00, run_after=2021-01-01 00:00:00+00:00
[2025-06-24T00:13:15.922+0700] {processor.py:183} INFO - Processing /home/panda/Documents/ODAP/Project/venv310/lib/python3.10/site-packages/airflow/example_dags/example_trigger_controller_dag.py took 0.085 seconds
[2025-06-24T00:14:01.973+0700] {processor.py:161} INFO - Started process (PID=13034) to work on /home/panda/Documents/ODAP/Project/venv310/lib/python3.10/site-packages/airflow/example_dags/example_trigger_controller_dag.py
[2025-06-24T00:14:01.978+0700] {processor.py:830} INFO - Processing file /home/panda/Documents/ODAP/Project/venv310/lib/python3.10/site-packages/airflow/example_dags/example_trigger_controller_dag.py for tasks to queue
[2025-06-24T00:14:01.979+0700] {logging_mixin.py:188} INFO - [2025-06-24T00:14:01.979+0700] {dagbag.py:540} INFO - Filling up the DagBag from /home/panda/Documents/ODAP/Project/venv310/lib/python3.10/site-packages/airflow/example_dags/example_trigger_controller_dag.py
[2025-06-24T00:14:01.986+0700] {processor.py:840} INFO - DAG(s) 'example_trigger_controller_dag' retrieved from /home/panda/Documents/ODAP/Project/venv310/lib/python3.10/site-packages/airflow/example_dags/example_trigger_controller_dag.py
[2025-06-24T00:14:02.004+0700] {logging_mixin.py:188} INFO - [2025-06-24T00:14:02.004+0700] {dag.py:3096} INFO - Sync 1 DAGs
[2025-06-24T00:14:02.023+0700] {logging_mixin.py:188} INFO - [2025-06-24T00:14:02.023+0700] {dag.py:3954} INFO - Setting next_dagrun for example_trigger_controller_dag to 2021-01-01 00:00:00+00:00, run_after=2021-01-01 00:00:00+00:00
[2025-06-24T00:14:02.049+0700] {processor.py:183} INFO - Processing /home/panda/Documents/ODAP/Project/venv310/lib/python3.10/site-packages/airflow/example_dags/example_trigger_controller_dag.py took 0.084 seconds
[2025-06-24T00:14:47.275+0700] {processor.py:161} INFO - Started process (PID=13189) to work on /home/panda/Documents/ODAP/Project/venv310/lib/python3.10/site-packages/airflow/example_dags/example_trigger_controller_dag.py
[2025-06-24T00:14:47.280+0700] {processor.py:830} INFO - Processing file /home/panda/Documents/ODAP/Project/venv310/lib/python3.10/site-packages/airflow/example_dags/example_trigger_controller_dag.py for tasks to queue
[2025-06-24T00:14:47.281+0700] {logging_mixin.py:188} INFO - [2025-06-24T00:14:47.281+0700] {dagbag.py:540} INFO - Filling up the DagBag from /home/panda/Documents/ODAP/Project/venv310/lib/python3.10/site-packages/airflow/example_dags/example_trigger_controller_dag.py
[2025-06-24T00:14:47.287+0700] {processor.py:840} INFO - DAG(s) 'example_trigger_controller_dag' retrieved from /home/panda/Documents/ODAP/Project/venv310/lib/python3.10/site-packages/airflow/example_dags/example_trigger_controller_dag.py
[2025-06-24T00:14:47.310+0700] {logging_mixin.py:188} INFO - [2025-06-24T00:14:47.310+0700] {dag.py:3096} INFO - Sync 1 DAGs
[2025-06-24T00:14:47.330+0700] {logging_mixin.py:188} INFO - [2025-06-24T00:14:47.330+0700] {dag.py:3954} INFO - Setting next_dagrun for example_trigger_controller_dag to 2021-01-01 00:00:00+00:00, run_after=2021-01-01 00:00:00+00:00
[2025-06-24T00:14:47.361+0700] {processor.py:183} INFO - Processing /home/panda/Documents/ODAP/Project/venv310/lib/python3.10/site-packages/airflow/example_dags/example_trigger_controller_dag.py took 0.094 seconds
[2025-06-24T00:21:25.610+0700] {processor.py:161} INFO - Started process (PID=16580) to work on /home/panda/Documents/ODAP/Project/venv310/lib/python3.10/site-packages/airflow/example_dags/example_trigger_controller_dag.py
[2025-06-24T00:21:25.615+0700] {processor.py:830} INFO - Processing file /home/panda/Documents/ODAP/Project/venv310/lib/python3.10/site-packages/airflow/example_dags/example_trigger_controller_dag.py for tasks to queue
[2025-06-24T00:21:25.617+0700] {logging_mixin.py:188} INFO - [2025-06-24T00:21:25.616+0700] {dagbag.py:540} INFO - Filling up the DagBag from /home/panda/Documents/ODAP/Project/venv310/lib/python3.10/site-packages/airflow/example_dags/example_trigger_controller_dag.py
[2025-06-24T00:21:25.624+0700] {processor.py:840} INFO - DAG(s) 'example_trigger_controller_dag' retrieved from /home/panda/Documents/ODAP/Project/venv310/lib/python3.10/site-packages/airflow/example_dags/example_trigger_controller_dag.py
[2025-06-24T00:21:25.646+0700] {logging_mixin.py:188} INFO - [2025-06-24T00:21:25.646+0700] {dag.py:3096} INFO - Sync 1 DAGs
[2025-06-24T00:21:25.663+0700] {logging_mixin.py:188} INFO - [2025-06-24T00:21:25.663+0700] {dag.py:3954} INFO - Setting next_dagrun for example_trigger_controller_dag to 2021-01-01 00:00:00+00:00, run_after=2021-01-01 00:00:00+00:00
[2025-06-24T00:21:25.682+0700] {processor.py:183} INFO - Processing /home/panda/Documents/ODAP/Project/venv310/lib/python3.10/site-packages/airflow/example_dags/example_trigger_controller_dag.py took 0.080 seconds
[2025-06-24T00:22:17.647+0700] {processor.py:161} INFO - Started process (PID=16748) to work on /home/panda/Documents/ODAP/Project/venv310/lib/python3.10/site-packages/airflow/example_dags/example_trigger_controller_dag.py
[2025-06-24T00:22:17.649+0700] {processor.py:830} INFO - Processing file /home/panda/Documents/ODAP/Project/venv310/lib/python3.10/site-packages/airflow/example_dags/example_trigger_controller_dag.py for tasks to queue
[2025-06-24T00:22:17.650+0700] {logging_mixin.py:188} INFO - [2025-06-24T00:22:17.650+0700] {dagbag.py:540} INFO - Filling up the DagBag from /home/panda/Documents/ODAP/Project/venv310/lib/python3.10/site-packages/airflow/example_dags/example_trigger_controller_dag.py
[2025-06-24T00:22:17.656+0700] {processor.py:840} INFO - DAG(s) 'example_trigger_controller_dag' retrieved from /home/panda/Documents/ODAP/Project/venv310/lib/python3.10/site-packages/airflow/example_dags/example_trigger_controller_dag.py
[2025-06-24T00:22:17.674+0700] {logging_mixin.py:188} INFO - [2025-06-24T00:22:17.674+0700] {dag.py:3096} INFO - Sync 1 DAGs
[2025-06-24T00:22:17.693+0700] {logging_mixin.py:188} INFO - [2025-06-24T00:22:17.693+0700] {dag.py:3954} INFO - Setting next_dagrun for example_trigger_controller_dag to 2021-01-01 00:00:00+00:00, run_after=2021-01-01 00:00:00+00:00
[2025-06-24T00:22:17.716+0700] {processor.py:183} INFO - Processing /home/panda/Documents/ODAP/Project/venv310/lib/python3.10/site-packages/airflow/example_dags/example_trigger_controller_dag.py took 0.076 seconds
[2025-06-24T00:23:18.440+0700] {processor.py:161} INFO - Started process (PID=18211) to work on /home/panda/Documents/ODAP/Project/venv310/lib/python3.10/site-packages/airflow/example_dags/example_trigger_controller_dag.py
[2025-06-24T00:23:18.445+0700] {processor.py:830} INFO - Processing file /home/panda/Documents/ODAP/Project/venv310/lib/python3.10/site-packages/airflow/example_dags/example_trigger_controller_dag.py for tasks to queue
[2025-06-24T00:23:18.446+0700] {logging_mixin.py:188} INFO - [2025-06-24T00:23:18.446+0700] {dagbag.py:540} INFO - Filling up the DagBag from /home/panda/Documents/ODAP/Project/venv310/lib/python3.10/site-packages/airflow/example_dags/example_trigger_controller_dag.py
[2025-06-24T00:23:18.454+0700] {processor.py:840} INFO - DAG(s) 'example_trigger_controller_dag' retrieved from /home/panda/Documents/ODAP/Project/venv310/lib/python3.10/site-packages/airflow/example_dags/example_trigger_controller_dag.py
[2025-06-24T00:23:18.474+0700] {logging_mixin.py:188} INFO - [2025-06-24T00:23:18.474+0700] {dag.py:3096} INFO - Sync 1 DAGs
[2025-06-24T00:23:18.494+0700] {logging_mixin.py:188} INFO - [2025-06-24T00:23:18.493+0700] {dag.py:3954} INFO - Setting next_dagrun for example_trigger_controller_dag to 2021-01-01 00:00:00+00:00, run_after=2021-01-01 00:00:00+00:00
[2025-06-24T00:23:18.529+0700] {processor.py:183} INFO - Processing /home/panda/Documents/ODAP/Project/venv310/lib/python3.10/site-packages/airflow/example_dags/example_trigger_controller_dag.py took 0.097 seconds
[2025-06-24T00:33:37.331+0700] {processor.py:161} INFO - Started process (PID=20207) to work on /home/panda/Documents/ODAP/Project/venv310/lib/python3.10/site-packages/airflow/example_dags/example_trigger_controller_dag.py
[2025-06-24T00:33:37.337+0700] {processor.py:830} INFO - Processing file /home/panda/Documents/ODAP/Project/venv310/lib/python3.10/site-packages/airflow/example_dags/example_trigger_controller_dag.py for tasks to queue
[2025-06-24T00:33:37.340+0700] {logging_mixin.py:188} INFO - [2025-06-24T00:33:37.339+0700] {dagbag.py:540} INFO - Filling up the DagBag from /home/panda/Documents/ODAP/Project/venv310/lib/python3.10/site-packages/airflow/example_dags/example_trigger_controller_dag.py
[2025-06-24T00:33:37.350+0700] {processor.py:840} INFO - DAG(s) 'example_trigger_controller_dag' retrieved from /home/panda/Documents/ODAP/Project/venv310/lib/python3.10/site-packages/airflow/example_dags/example_trigger_controller_dag.py
[2025-06-24T00:33:37.373+0700] {logging_mixin.py:188} INFO - [2025-06-24T00:33:37.372+0700] {dag.py:3096} INFO - Sync 1 DAGs
[2025-06-24T00:33:37.391+0700] {logging_mixin.py:188} INFO - [2025-06-24T00:33:37.391+0700] {dag.py:3954} INFO - Setting next_dagrun for example_trigger_controller_dag to 2021-01-01 00:00:00+00:00, run_after=2021-01-01 00:00:00+00:00
[2025-06-24T00:33:37.442+0700] {processor.py:183} INFO - Processing /home/panda/Documents/ODAP/Project/venv310/lib/python3.10/site-packages/airflow/example_dags/example_trigger_controller_dag.py took 0.118 seconds
[2025-06-24T00:34:31.295+0700] {processor.py:161} INFO - Started process (PID=20394) to work on /home/panda/Documents/ODAP/Project/venv310/lib/python3.10/site-packages/airflow/example_dags/example_trigger_controller_dag.py
[2025-06-24T00:34:31.301+0700] {processor.py:830} INFO - Processing file /home/panda/Documents/ODAP/Project/venv310/lib/python3.10/site-packages/airflow/example_dags/example_trigger_controller_dag.py for tasks to queue
[2025-06-24T00:34:31.302+0700] {logging_mixin.py:188} INFO - [2025-06-24T00:34:31.302+0700] {dagbag.py:540} INFO - Filling up the DagBag from /home/panda/Documents/ODAP/Project/venv310/lib/python3.10/site-packages/airflow/example_dags/example_trigger_controller_dag.py
[2025-06-24T00:34:31.309+0700] {processor.py:840} INFO - DAG(s) 'example_trigger_controller_dag' retrieved from /home/panda/Documents/ODAP/Project/venv310/lib/python3.10/site-packages/airflow/example_dags/example_trigger_controller_dag.py
[2025-06-24T00:34:31.328+0700] {logging_mixin.py:188} INFO - [2025-06-24T00:34:31.328+0700] {dag.py:3096} INFO - Sync 1 DAGs
[2025-06-24T00:34:31.347+0700] {logging_mixin.py:188} INFO - [2025-06-24T00:34:31.347+0700] {dag.py:3954} INFO - Setting next_dagrun for example_trigger_controller_dag to 2021-01-01 00:00:00+00:00, run_after=2021-01-01 00:00:00+00:00
[2025-06-24T00:34:31.376+0700] {processor.py:183} INFO - Processing /home/panda/Documents/ODAP/Project/venv310/lib/python3.10/site-packages/airflow/example_dags/example_trigger_controller_dag.py took 0.088 seconds
[2025-06-24T00:35:19.340+0700] {processor.py:161} INFO - Started process (PID=20533) to work on /home/panda/Documents/ODAP/Project/venv310/lib/python3.10/site-packages/airflow/example_dags/example_trigger_controller_dag.py
[2025-06-24T00:35:19.344+0700] {processor.py:830} INFO - Processing file /home/panda/Documents/ODAP/Project/venv310/lib/python3.10/site-packages/airflow/example_dags/example_trigger_controller_dag.py for tasks to queue
[2025-06-24T00:35:19.346+0700] {logging_mixin.py:188} INFO - [2025-06-24T00:35:19.345+0700] {dagbag.py:540} INFO - Filling up the DagBag from /home/panda/Documents/ODAP/Project/venv310/lib/python3.10/site-packages/airflow/example_dags/example_trigger_controller_dag.py
[2025-06-24T00:35:19.352+0700] {processor.py:840} INFO - DAG(s) 'example_trigger_controller_dag' retrieved from /home/panda/Documents/ODAP/Project/venv310/lib/python3.10/site-packages/airflow/example_dags/example_trigger_controller_dag.py
[2025-06-24T00:35:19.372+0700] {logging_mixin.py:188} INFO - [2025-06-24T00:35:19.372+0700] {dag.py:3096} INFO - Sync 1 DAGs
[2025-06-24T00:35:19.393+0700] {logging_mixin.py:188} INFO - [2025-06-24T00:35:19.392+0700] {dag.py:3954} INFO - Setting next_dagrun for example_trigger_controller_dag to 2021-01-01 00:00:00+00:00, run_after=2021-01-01 00:00:00+00:00
[2025-06-24T00:35:19.423+0700] {processor.py:183} INFO - Processing /home/panda/Documents/ODAP/Project/venv310/lib/python3.10/site-packages/airflow/example_dags/example_trigger_controller_dag.py took 0.092 seconds
[2025-06-24T00:36:11.148+0700] {processor.py:161} INFO - Started process (PID=20796) to work on /home/panda/Documents/ODAP/Project/venv310/lib/python3.10/site-packages/airflow/example_dags/example_trigger_controller_dag.py
[2025-06-24T00:36:11.153+0700] {processor.py:830} INFO - Processing file /home/panda/Documents/ODAP/Project/venv310/lib/python3.10/site-packages/airflow/example_dags/example_trigger_controller_dag.py for tasks to queue
[2025-06-24T00:36:11.154+0700] {logging_mixin.py:188} INFO - [2025-06-24T00:36:11.153+0700] {dagbag.py:540} INFO - Filling up the DagBag from /home/panda/Documents/ODAP/Project/venv310/lib/python3.10/site-packages/airflow/example_dags/example_trigger_controller_dag.py
[2025-06-24T00:36:11.160+0700] {processor.py:840} INFO - DAG(s) 'example_trigger_controller_dag' retrieved from /home/panda/Documents/ODAP/Project/venv310/lib/python3.10/site-packages/airflow/example_dags/example_trigger_controller_dag.py
[2025-06-24T00:36:11.180+0700] {logging_mixin.py:188} INFO - [2025-06-24T00:36:11.179+0700] {dag.py:3096} INFO - Sync 1 DAGs
[2025-06-24T00:36:11.199+0700] {logging_mixin.py:188} INFO - [2025-06-24T00:36:11.198+0700] {dag.py:3954} INFO - Setting next_dagrun for example_trigger_controller_dag to 2021-01-01 00:00:00+00:00, run_after=2021-01-01 00:00:00+00:00
[2025-06-24T00:36:11.228+0700] {processor.py:183} INFO - Processing /home/panda/Documents/ODAP/Project/venv310/lib/python3.10/site-packages/airflow/example_dags/example_trigger_controller_dag.py took 0.088 seconds
[2025-06-24T00:36:59.908+0700] {processor.py:161} INFO - Started process (PID=21112) to work on /home/panda/Documents/ODAP/Project/venv310/lib/python3.10/site-packages/airflow/example_dags/example_trigger_controller_dag.py
[2025-06-24T00:36:59.913+0700] {processor.py:830} INFO - Processing file /home/panda/Documents/ODAP/Project/venv310/lib/python3.10/site-packages/airflow/example_dags/example_trigger_controller_dag.py for tasks to queue
[2025-06-24T00:36:59.914+0700] {logging_mixin.py:188} INFO - [2025-06-24T00:36:59.914+0700] {dagbag.py:540} INFO - Filling up the DagBag from /home/panda/Documents/ODAP/Project/venv310/lib/python3.10/site-packages/airflow/example_dags/example_trigger_controller_dag.py
[2025-06-24T00:36:59.920+0700] {processor.py:840} INFO - DAG(s) 'example_trigger_controller_dag' retrieved from /home/panda/Documents/ODAP/Project/venv310/lib/python3.10/site-packages/airflow/example_dags/example_trigger_controller_dag.py
[2025-06-24T00:36:59.939+0700] {logging_mixin.py:188} INFO - [2025-06-24T00:36:59.939+0700] {dag.py:3096} INFO - Sync 1 DAGs
[2025-06-24T00:36:59.959+0700] {logging_mixin.py:188} INFO - [2025-06-24T00:36:59.959+0700] {dag.py:3954} INFO - Setting next_dagrun for example_trigger_controller_dag to 2021-01-01 00:00:00+00:00, run_after=2021-01-01 00:00:00+00:00
[2025-06-24T00:36:59.985+0700] {processor.py:183} INFO - Processing /home/panda/Documents/ODAP/Project/venv310/lib/python3.10/site-packages/airflow/example_dags/example_trigger_controller_dag.py took 0.084 seconds
[2025-06-24T00:52:35.346+0700] {processor.py:161} INFO - Started process (PID=25107) to work on /home/panda/Documents/ODAP/Project/venv310/lib/python3.10/site-packages/airflow/example_dags/example_trigger_controller_dag.py
[2025-06-24T00:52:35.351+0700] {processor.py:830} INFO - Processing file /home/panda/Documents/ODAP/Project/venv310/lib/python3.10/site-packages/airflow/example_dags/example_trigger_controller_dag.py for tasks to queue
[2025-06-24T00:52:35.352+0700] {logging_mixin.py:188} INFO - [2025-06-24T00:52:35.352+0700] {dagbag.py:540} INFO - Filling up the DagBag from /home/panda/Documents/ODAP/Project/venv310/lib/python3.10/site-packages/airflow/example_dags/example_trigger_controller_dag.py
[2025-06-24T00:52:35.358+0700] {processor.py:840} INFO - DAG(s) 'example_trigger_controller_dag' retrieved from /home/panda/Documents/ODAP/Project/venv310/lib/python3.10/site-packages/airflow/example_dags/example_trigger_controller_dag.py
[2025-06-24T00:52:35.381+0700] {logging_mixin.py:188} INFO - [2025-06-24T00:52:35.380+0700] {dag.py:3096} INFO - Sync 1 DAGs
[2025-06-24T00:52:35.401+0700] {logging_mixin.py:188} INFO - [2025-06-24T00:52:35.401+0700] {dag.py:3954} INFO - Setting next_dagrun for example_trigger_controller_dag to 2021-01-01 00:00:00+00:00, run_after=2021-01-01 00:00:00+00:00
[2025-06-24T00:52:35.432+0700] {processor.py:183} INFO - Processing /home/panda/Documents/ODAP/Project/venv310/lib/python3.10/site-packages/airflow/example_dags/example_trigger_controller_dag.py took 0.093 seconds
[2025-06-24T00:53:28.945+0700] {processor.py:161} INFO - Started process (PID=25294) to work on /home/panda/Documents/ODAP/Project/venv310/lib/python3.10/site-packages/airflow/example_dags/example_trigger_controller_dag.py
[2025-06-24T00:53:28.950+0700] {processor.py:830} INFO - Processing file /home/panda/Documents/ODAP/Project/venv310/lib/python3.10/site-packages/airflow/example_dags/example_trigger_controller_dag.py for tasks to queue
[2025-06-24T00:53:28.951+0700] {logging_mixin.py:188} INFO - [2025-06-24T00:53:28.951+0700] {dagbag.py:540} INFO - Filling up the DagBag from /home/panda/Documents/ODAP/Project/venv310/lib/python3.10/site-packages/airflow/example_dags/example_trigger_controller_dag.py
[2025-06-24T00:53:28.957+0700] {processor.py:840} INFO - DAG(s) 'example_trigger_controller_dag' retrieved from /home/panda/Documents/ODAP/Project/venv310/lib/python3.10/site-packages/airflow/example_dags/example_trigger_controller_dag.py
[2025-06-24T00:53:28.978+0700] {logging_mixin.py:188} INFO - [2025-06-24T00:53:28.978+0700] {dag.py:3096} INFO - Sync 1 DAGs
[2025-06-24T00:53:28.998+0700] {logging_mixin.py:188} INFO - [2025-06-24T00:53:28.998+0700] {dag.py:3954} INFO - Setting next_dagrun for example_trigger_controller_dag to 2021-01-01 00:00:00+00:00, run_after=2021-01-01 00:00:00+00:00
[2025-06-24T00:53:29.024+0700] {processor.py:183} INFO - Processing /home/panda/Documents/ODAP/Project/venv310/lib/python3.10/site-packages/airflow/example_dags/example_trigger_controller_dag.py took 0.088 seconds
[2025-06-24T00:54:17.478+0700] {processor.py:161} INFO - Started process (PID=25575) to work on /home/panda/Documents/ODAP/Project/venv310/lib/python3.10/site-packages/airflow/example_dags/example_trigger_controller_dag.py
[2025-06-24T00:54:17.480+0700] {processor.py:830} INFO - Processing file /home/panda/Documents/ODAP/Project/venv310/lib/python3.10/site-packages/airflow/example_dags/example_trigger_controller_dag.py for tasks to queue
[2025-06-24T00:54:17.481+0700] {logging_mixin.py:188} INFO - [2025-06-24T00:54:17.480+0700] {dagbag.py:540} INFO - Filling up the DagBag from /home/panda/Documents/ODAP/Project/venv310/lib/python3.10/site-packages/airflow/example_dags/example_trigger_controller_dag.py
[2025-06-24T00:54:17.487+0700] {processor.py:840} INFO - DAG(s) 'example_trigger_controller_dag' retrieved from /home/panda/Documents/ODAP/Project/venv310/lib/python3.10/site-packages/airflow/example_dags/example_trigger_controller_dag.py
[2025-06-24T00:54:17.507+0700] {logging_mixin.py:188} INFO - [2025-06-24T00:54:17.506+0700] {dag.py:3096} INFO - Sync 1 DAGs
[2025-06-24T00:54:17.527+0700] {logging_mixin.py:188} INFO - [2025-06-24T00:54:17.526+0700] {dag.py:3954} INFO - Setting next_dagrun for example_trigger_controller_dag to 2021-01-01 00:00:00+00:00, run_after=2021-01-01 00:00:00+00:00
[2025-06-24T00:54:17.555+0700] {processor.py:183} INFO - Processing /home/panda/Documents/ODAP/Project/venv310/lib/python3.10/site-packages/airflow/example_dags/example_trigger_controller_dag.py took 0.085 seconds
[2025-06-24T00:55:09.537+0700] {processor.py:161} INFO - Started process (PID=25765) to work on /home/panda/Documents/ODAP/Project/venv310/lib/python3.10/site-packages/airflow/example_dags/example_trigger_controller_dag.py
[2025-06-24T00:55:09.539+0700] {processor.py:830} INFO - Processing file /home/panda/Documents/ODAP/Project/venv310/lib/python3.10/site-packages/airflow/example_dags/example_trigger_controller_dag.py for tasks to queue
[2025-06-24T00:55:09.541+0700] {logging_mixin.py:188} INFO - [2025-06-24T00:55:09.540+0700] {dagbag.py:540} INFO - Filling up the DagBag from /home/panda/Documents/ODAP/Project/venv310/lib/python3.10/site-packages/airflow/example_dags/example_trigger_controller_dag.py
[2025-06-24T00:55:09.548+0700] {processor.py:840} INFO - DAG(s) 'example_trigger_controller_dag' retrieved from /home/panda/Documents/ODAP/Project/venv310/lib/python3.10/site-packages/airflow/example_dags/example_trigger_controller_dag.py
[2025-06-24T00:55:09.571+0700] {logging_mixin.py:188} INFO - [2025-06-24T00:55:09.570+0700] {dag.py:3096} INFO - Sync 1 DAGs
[2025-06-24T00:55:09.592+0700] {logging_mixin.py:188} INFO - [2025-06-24T00:55:09.592+0700] {dag.py:3954} INFO - Setting next_dagrun for example_trigger_controller_dag to 2021-01-01 00:00:00+00:00, run_after=2021-01-01 00:00:00+00:00
[2025-06-24T00:55:09.722+0700] {processor.py:183} INFO - Processing /home/panda/Documents/ODAP/Project/venv310/lib/python3.10/site-packages/airflow/example_dags/example_trigger_controller_dag.py took 0.193 seconds
[2025-06-24T01:03:11.066+0700] {processor.py:161} INFO - Started process (PID=28554) to work on /home/panda/Documents/ODAP/Project/venv310/lib/python3.10/site-packages/airflow/example_dags/example_trigger_controller_dag.py
[2025-06-24T01:03:11.071+0700] {processor.py:830} INFO - Processing file /home/panda/Documents/ODAP/Project/venv310/lib/python3.10/site-packages/airflow/example_dags/example_trigger_controller_dag.py for tasks to queue
[2025-06-24T01:03:11.072+0700] {logging_mixin.py:188} INFO - [2025-06-24T01:03:11.072+0700] {dagbag.py:540} INFO - Filling up the DagBag from /home/panda/Documents/ODAP/Project/venv310/lib/python3.10/site-packages/airflow/example_dags/example_trigger_controller_dag.py
[2025-06-24T01:03:11.078+0700] {processor.py:840} INFO - DAG(s) 'example_trigger_controller_dag' retrieved from /home/panda/Documents/ODAP/Project/venv310/lib/python3.10/site-packages/airflow/example_dags/example_trigger_controller_dag.py
[2025-06-24T01:03:11.100+0700] {logging_mixin.py:188} INFO - [2025-06-24T01:03:11.099+0700] {dag.py:3096} INFO - Sync 1 DAGs
[2025-06-24T01:03:11.120+0700] {logging_mixin.py:188} INFO - [2025-06-24T01:03:11.120+0700] {dag.py:3954} INFO - Setting next_dagrun for example_trigger_controller_dag to 2021-01-01 00:00:00+00:00, run_after=2021-01-01 00:00:00+00:00
[2025-06-24T01:03:11.147+0700] {processor.py:183} INFO - Processing /home/panda/Documents/ODAP/Project/venv310/lib/python3.10/site-packages/airflow/example_dags/example_trigger_controller_dag.py took 0.088 seconds
[2025-06-24T01:04:03.616+0700] {processor.py:161} INFO - Started process (PID=28714) to work on /home/panda/Documents/ODAP/Project/venv310/lib/python3.10/site-packages/airflow/example_dags/example_trigger_controller_dag.py
[2025-06-24T01:04:03.619+0700] {processor.py:830} INFO - Processing file /home/panda/Documents/ODAP/Project/venv310/lib/python3.10/site-packages/airflow/example_dags/example_trigger_controller_dag.py for tasks to queue
[2025-06-24T01:04:03.621+0700] {logging_mixin.py:188} INFO - [2025-06-24T01:04:03.620+0700] {dagbag.py:540} INFO - Filling up the DagBag from /home/panda/Documents/ODAP/Project/venv310/lib/python3.10/site-packages/airflow/example_dags/example_trigger_controller_dag.py
[2025-06-24T01:04:03.627+0700] {processor.py:840} INFO - DAG(s) 'example_trigger_controller_dag' retrieved from /home/panda/Documents/ODAP/Project/venv310/lib/python3.10/site-packages/airflow/example_dags/example_trigger_controller_dag.py
[2025-06-24T01:04:03.647+0700] {logging_mixin.py:188} INFO - [2025-06-24T01:04:03.646+0700] {dag.py:3096} INFO - Sync 1 DAGs
[2025-06-24T01:04:03.666+0700] {logging_mixin.py:188} INFO - [2025-06-24T01:04:03.666+0700] {dag.py:3954} INFO - Setting next_dagrun for example_trigger_controller_dag to 2021-01-01 00:00:00+00:00, run_after=2021-01-01 00:00:00+00:00
[2025-06-24T01:04:03.700+0700] {processor.py:183} INFO - Processing /home/panda/Documents/ODAP/Project/venv310/lib/python3.10/site-packages/airflow/example_dags/example_trigger_controller_dag.py took 0.091 seconds
[2025-06-24T01:09:14.644+0700] {processor.py:161} INFO - Started process (PID=5641) to work on /home/panda/Documents/ODAP/Project/venv310/lib/python3.10/site-packages/airflow/example_dags/example_trigger_controller_dag.py
[2025-06-24T01:09:14.649+0700] {processor.py:830} INFO - Processing file /home/panda/Documents/ODAP/Project/venv310/lib/python3.10/site-packages/airflow/example_dags/example_trigger_controller_dag.py for tasks to queue
[2025-06-24T01:09:14.650+0700] {logging_mixin.py:188} INFO - [2025-06-24T01:09:14.650+0700] {dagbag.py:540} INFO - Filling up the DagBag from /home/panda/Documents/ODAP/Project/venv310/lib/python3.10/site-packages/airflow/example_dags/example_trigger_controller_dag.py
[2025-06-24T01:09:14.655+0700] {processor.py:840} INFO - DAG(s) 'example_trigger_controller_dag' retrieved from /home/panda/Documents/ODAP/Project/venv310/lib/python3.10/site-packages/airflow/example_dags/example_trigger_controller_dag.py
[2025-06-24T01:09:14.676+0700] {logging_mixin.py:188} INFO - [2025-06-24T01:09:14.676+0700] {dag.py:3096} INFO - Sync 1 DAGs
[2025-06-24T01:09:14.695+0700] {logging_mixin.py:188} INFO - [2025-06-24T01:09:14.695+0700] {dag.py:3954} INFO - Setting next_dagrun for example_trigger_controller_dag to 2021-01-01 00:00:00+00:00, run_after=2021-01-01 00:00:00+00:00
[2025-06-24T01:09:14.722+0700] {processor.py:183} INFO - Processing /home/panda/Documents/ODAP/Project/venv310/lib/python3.10/site-packages/airflow/example_dags/example_trigger_controller_dag.py took 0.086 seconds
