[2025-06-24T00:02:36.196+0700] {processor.py:161} INFO - Started process (PID=5914) to work on /home/panda/Documents/ODAP/Project/venv310/lib/python3.10/site-packages/airflow/example_dags/example_branch_day_of_week_operator.py
[2025-06-24T00:02:36.197+0700] {processor.py:830} INFO - Processing file /home/panda/Documents/ODAP/Project/venv310/lib/python3.10/site-packages/airflow/example_dags/example_branch_day_of_week_operator.py for tasks to queue
[2025-06-24T00:02:36.199+0700] {logging_mixin.py:188} INFO - [2025-06-24T00:02:36.198+0700] {dagbag.py:540} INFO - Filling up the DagBag from /home/panda/Documents/ODAP/Project/venv310/lib/python3.10/site-packages/airflow/example_dags/example_branch_day_of_week_operator.py
[2025-06-24T00:02:36.206+0700] {processor.py:840} INFO - DAG(s) 'example_weekday_branch_operator' retrieved from /home/panda/Documents/ODAP/Project/venv310/lib/python3.10/site-packages/airflow/example_dags/example_branch_day_of_week_operator.py
[2025-06-24T00:02:36.223+0700] {logging_mixin.py:188} INFO - [2025-06-24T00:02:36.222+0700] {dag.py:3096} INFO - Sync 1 DAGs
[2025-06-24T00:02:36.241+0700] {logging_mixin.py:188} INFO - [2025-06-24T00:02:36.241+0700] {dag.py:3954} INFO - Setting next_dagrun for example_weekday_branch_operator to 2025-06-22 00:00:00+00:00, run_after=2025-06-23 00:00:00+00:00
[2025-06-24T00:02:36.264+0700] {processor.py:183} INFO - Processing /home/panda/Documents/ODAP/Project/venv310/lib/python3.10/site-packages/airflow/example_dags/example_branch_day_of_week_operator.py took 0.074 seconds
[2025-06-24T00:03:29.570+0700] {processor.py:161} INFO - Started process (PID=6340) to work on /home/panda/Documents/ODAP/Project/venv310/lib/python3.10/site-packages/airflow/example_dags/example_branch_day_of_week_operator.py
[2025-06-24T00:03:29.576+0700] {processor.py:830} INFO - Processing file /home/panda/Documents/ODAP/Project/venv310/lib/python3.10/site-packages/airflow/example_dags/example_branch_day_of_week_operator.py for tasks to queue
[2025-06-24T00:03:29.579+0700] {logging_mixin.py:188} INFO - [2025-06-24T00:03:29.578+0700] {dagbag.py:540} INFO - Filling up the DagBag from /home/panda/Documents/ODAP/Project/venv310/lib/python3.10/site-packages/airflow/example_dags/example_branch_day_of_week_operator.py
[2025-06-24T00:03:29.589+0700] {processor.py:840} INFO - DAG(s) 'example_weekday_branch_operator' retrieved from /home/panda/Documents/ODAP/Project/venv310/lib/python3.10/site-packages/airflow/example_dags/example_branch_day_of_week_operator.py
[2025-06-24T00:03:29.609+0700] {logging_mixin.py:188} INFO - [2025-06-24T00:03:29.608+0700] {dag.py:3096} INFO - Sync 1 DAGs
[2025-06-24T00:03:29.632+0700] {logging_mixin.py:188} INFO - [2025-06-24T00:03:29.631+0700] {dag.py:3954} INFO - Setting next_dagrun for example_weekday_branch_operator to 2025-06-22 00:00:00+00:00, run_after=2025-06-23 00:00:00+00:00
[2025-06-24T00:03:29.784+0700] {processor.py:183} INFO - Processing /home/panda/Documents/ODAP/Project/venv310/lib/python3.10/site-packages/airflow/example_dags/example_branch_day_of_week_operator.py took 0.221 seconds
[2025-06-24T00:04:42.728+0700] {processor.py:161} INFO - Started process (PID=6860) to work on /home/panda/Documents/ODAP/Project/venv310/lib/python3.10/site-packages/airflow/example_dags/example_branch_day_of_week_operator.py
[2025-06-24T00:04:42.729+0700] {processor.py:830} INFO - Processing file /home/panda/Documents/ODAP/Project/venv310/lib/python3.10/site-packages/airflow/example_dags/example_branch_day_of_week_operator.py for tasks to queue
[2025-06-24T00:04:42.731+0700] {logging_mixin.py:188} INFO - [2025-06-24T00:04:42.731+0700] {dagbag.py:540} INFO - Filling up the DagBag from /home/panda/Documents/ODAP/Project/venv310/lib/python3.10/site-packages/airflow/example_dags/example_branch_day_of_week_operator.py
[2025-06-24T00:04:42.741+0700] {processor.py:840} INFO - DAG(s) 'example_weekday_branch_operator' retrieved from /home/panda/Documents/ODAP/Project/venv310/lib/python3.10/site-packages/airflow/example_dags/example_branch_day_of_week_operator.py
[2025-06-24T00:04:42.760+0700] {logging_mixin.py:188} INFO - [2025-06-24T00:04:42.760+0700] {dag.py:3096} INFO - Sync 1 DAGs
[2025-06-24T00:04:42.784+0700] {logging_mixin.py:188} INFO - [2025-06-24T00:04:42.784+0700] {dag.py:3954} INFO - Setting next_dagrun for example_weekday_branch_operator to 2025-06-22 00:00:00+00:00, run_after=2025-06-23 00:00:00+00:00
[2025-06-24T00:04:42.808+0700] {processor.py:183} INFO - Processing /home/panda/Documents/ODAP/Project/venv310/lib/python3.10/site-packages/airflow/example_dags/example_branch_day_of_week_operator.py took 0.087 seconds
[2025-06-24T00:07:42.747+0700] {processor.py:161} INFO - Started process (PID=8276) to work on /home/panda/Documents/ODAP/Project/venv310/lib/python3.10/site-packages/airflow/example_dags/example_branch_day_of_week_operator.py
[2025-06-24T00:07:42.752+0700] {processor.py:830} INFO - Processing file /home/panda/Documents/ODAP/Project/venv310/lib/python3.10/site-packages/airflow/example_dags/example_branch_day_of_week_operator.py for tasks to queue
[2025-06-24T00:07:42.753+0700] {logging_mixin.py:188} INFO - [2025-06-24T00:07:42.753+0700] {dagbag.py:540} INFO - Filling up the DagBag from /home/panda/Documents/ODAP/Project/venv310/lib/python3.10/site-packages/airflow/example_dags/example_branch_day_of_week_operator.py
[2025-06-24T00:07:42.763+0700] {processor.py:840} INFO - DAG(s) 'example_weekday_branch_operator' retrieved from /home/panda/Documents/ODAP/Project/venv310/lib/python3.10/site-packages/airflow/example_dags/example_branch_day_of_week_operator.py
[2025-06-24T00:07:42.782+0700] {logging_mixin.py:188} INFO - [2025-06-24T00:07:42.782+0700] {dag.py:3096} INFO - Sync 1 DAGs
[2025-06-24T00:07:42.803+0700] {logging_mixin.py:188} INFO - [2025-06-24T00:07:42.802+0700] {dag.py:3954} INFO - Setting next_dagrun for example_weekday_branch_operator to 2025-06-22 00:00:00+00:00, run_after=2025-06-23 00:00:00+00:00
[2025-06-24T00:07:42.832+0700] {processor.py:183} INFO - Processing /home/panda/Documents/ODAP/Project/venv310/lib/python3.10/site-packages/airflow/example_dags/example_branch_day_of_week_operator.py took 0.091 seconds
[2025-06-24T00:09:07.261+0700] {processor.py:161} INFO - Started process (PID=10752) to work on /home/panda/Documents/ODAP/Project/venv310/lib/python3.10/site-packages/airflow/example_dags/example_branch_day_of_week_operator.py
[2025-06-24T00:09:07.266+0700] {processor.py:830} INFO - Processing file /home/panda/Documents/ODAP/Project/venv310/lib/python3.10/site-packages/airflow/example_dags/example_branch_day_of_week_operator.py for tasks to queue
[2025-06-24T00:09:07.267+0700] {logging_mixin.py:188} INFO - [2025-06-24T00:09:07.267+0700] {dagbag.py:540} INFO - Filling up the DagBag from /home/panda/Documents/ODAP/Project/venv310/lib/python3.10/site-packages/airflow/example_dags/example_branch_day_of_week_operator.py
[2025-06-24T00:09:07.277+0700] {processor.py:840} INFO - DAG(s) 'example_weekday_branch_operator' retrieved from /home/panda/Documents/ODAP/Project/venv310/lib/python3.10/site-packages/airflow/example_dags/example_branch_day_of_week_operator.py
[2025-06-24T00:09:07.296+0700] {logging_mixin.py:188} INFO - [2025-06-24T00:09:07.296+0700] {dag.py:3096} INFO - Sync 1 DAGs
[2025-06-24T00:09:07.312+0700] {logging_mixin.py:188} INFO - [2025-06-24T00:09:07.312+0700] {dag.py:3954} INFO - Setting next_dagrun for example_weekday_branch_operator to 2025-06-22 00:00:00+00:00, run_after=2025-06-23 00:00:00+00:00
[2025-06-24T00:09:07.333+0700] {processor.py:183} INFO - Processing /home/panda/Documents/ODAP/Project/venv310/lib/python3.10/site-packages/airflow/example_dags/example_branch_day_of_week_operator.py took 0.079 seconds
[2025-06-24T00:09:58.359+0700] {processor.py:161} INFO - Started process (PID=10897) to work on /home/panda/Documents/ODAP/Project/venv310/lib/python3.10/site-packages/airflow/example_dags/example_branch_day_of_week_operator.py
[2025-06-24T00:09:58.364+0700] {processor.py:830} INFO - Processing file /home/panda/Documents/ODAP/Project/venv310/lib/python3.10/site-packages/airflow/example_dags/example_branch_day_of_week_operator.py for tasks to queue
[2025-06-24T00:09:58.365+0700] {logging_mixin.py:188} INFO - [2025-06-24T00:09:58.364+0700] {dagbag.py:540} INFO - Filling up the DagBag from /home/panda/Documents/ODAP/Project/venv310/lib/python3.10/site-packages/airflow/example_dags/example_branch_day_of_week_operator.py
[2025-06-24T00:09:58.375+0700] {processor.py:840} INFO - DAG(s) 'example_weekday_branch_operator' retrieved from /home/panda/Documents/ODAP/Project/venv310/lib/python3.10/site-packages/airflow/example_dags/example_branch_day_of_week_operator.py
[2025-06-24T00:09:58.395+0700] {logging_mixin.py:188} INFO - [2025-06-24T00:09:58.395+0700] {dag.py:3096} INFO - Sync 1 DAGs
[2025-06-24T00:09:58.416+0700] {logging_mixin.py:188} INFO - [2025-06-24T00:09:58.416+0700] {dag.py:3954} INFO - Setting next_dagrun for example_weekday_branch_operator to 2025-06-22 00:00:00+00:00, run_after=2025-06-23 00:00:00+00:00
[2025-06-24T00:09:58.440+0700] {processor.py:183} INFO - Processing /home/panda/Documents/ODAP/Project/venv310/lib/python3.10/site-packages/airflow/example_dags/example_branch_day_of_week_operator.py took 0.089 seconds
[2025-06-24T00:11:23.886+0700] {processor.py:161} INFO - Started process (PID=12412) to work on /home/panda/Documents/ODAP/Project/venv310/lib/python3.10/site-packages/airflow/example_dags/example_branch_day_of_week_operator.py
[2025-06-24T00:11:23.891+0700] {processor.py:830} INFO - Processing file /home/panda/Documents/ODAP/Project/venv310/lib/python3.10/site-packages/airflow/example_dags/example_branch_day_of_week_operator.py for tasks to queue
[2025-06-24T00:11:23.892+0700] {logging_mixin.py:188} INFO - [2025-06-24T00:11:23.892+0700] {dagbag.py:540} INFO - Filling up the DagBag from /home/panda/Documents/ODAP/Project/venv310/lib/python3.10/site-packages/airflow/example_dags/example_branch_day_of_week_operator.py
[2025-06-24T00:11:23.902+0700] {processor.py:840} INFO - DAG(s) 'example_weekday_branch_operator' retrieved from /home/panda/Documents/ODAP/Project/venv310/lib/python3.10/site-packages/airflow/example_dags/example_branch_day_of_week_operator.py
[2025-06-24T00:11:23.920+0700] {logging_mixin.py:188} INFO - [2025-06-24T00:11:23.920+0700] {dag.py:3096} INFO - Sync 1 DAGs
[2025-06-24T00:11:23.939+0700] {logging_mixin.py:188} INFO - [2025-06-24T00:11:23.938+0700] {dag.py:3954} INFO - Setting next_dagrun for example_weekday_branch_operator to 2025-06-22 00:00:00+00:00, run_after=2025-06-23 00:00:00+00:00
[2025-06-24T00:11:23.964+0700] {processor.py:183} INFO - Processing /home/panda/Documents/ODAP/Project/venv310/lib/python3.10/site-packages/airflow/example_dags/example_branch_day_of_week_operator.py took 0.085 seconds
[2025-06-24T00:12:20.463+0700] {processor.py:161} INFO - Started process (PID=12617) to work on /home/panda/Documents/ODAP/Project/venv310/lib/python3.10/site-packages/airflow/example_dags/example_branch_day_of_week_operator.py
[2025-06-24T00:12:20.468+0700] {processor.py:830} INFO - Processing file /home/panda/Documents/ODAP/Project/venv310/lib/python3.10/site-packages/airflow/example_dags/example_branch_day_of_week_operator.py for tasks to queue
[2025-06-24T00:12:20.469+0700] {logging_mixin.py:188} INFO - [2025-06-24T00:12:20.468+0700] {dagbag.py:540} INFO - Filling up the DagBag from /home/panda/Documents/ODAP/Project/venv310/lib/python3.10/site-packages/airflow/example_dags/example_branch_day_of_week_operator.py
[2025-06-24T00:12:20.479+0700] {processor.py:840} INFO - DAG(s) 'example_weekday_branch_operator' retrieved from /home/panda/Documents/ODAP/Project/venv310/lib/python3.10/site-packages/airflow/example_dags/example_branch_day_of_week_operator.py
[2025-06-24T00:12:20.499+0700] {logging_mixin.py:188} INFO - [2025-06-24T00:12:20.498+0700] {dag.py:3096} INFO - Sync 1 DAGs
[2025-06-24T00:12:20.518+0700] {logging_mixin.py:188} INFO - [2025-06-24T00:12:20.518+0700] {dag.py:3954} INFO - Setting next_dagrun for example_weekday_branch_operator to 2025-06-22 00:00:00+00:00, run_after=2025-06-23 00:00:00+00:00
[2025-06-24T00:12:20.545+0700] {processor.py:183} INFO - Processing /home/panda/Documents/ODAP/Project/venv310/lib/python3.10/site-packages/airflow/example_dags/example_branch_day_of_week_operator.py took 0.090 seconds
[2025-06-24T00:13:28.398+0700] {processor.py:161} INFO - Started process (PID=12852) to work on /home/panda/Documents/ODAP/Project/venv310/lib/python3.10/site-packages/airflow/example_dags/example_branch_day_of_week_operator.py
[2025-06-24T00:13:28.404+0700] {processor.py:830} INFO - Processing file /home/panda/Documents/ODAP/Project/venv310/lib/python3.10/site-packages/airflow/example_dags/example_branch_day_of_week_operator.py for tasks to queue
[2025-06-24T00:13:28.406+0700] {logging_mixin.py:188} INFO - [2025-06-24T00:13:28.405+0700] {dagbag.py:540} INFO - Filling up the DagBag from /home/panda/Documents/ODAP/Project/venv310/lib/python3.10/site-packages/airflow/example_dags/example_branch_day_of_week_operator.py
[2025-06-24T00:13:28.419+0700] {processor.py:840} INFO - DAG(s) 'example_weekday_branch_operator' retrieved from /home/panda/Documents/ODAP/Project/venv310/lib/python3.10/site-packages/airflow/example_dags/example_branch_day_of_week_operator.py
[2025-06-24T00:13:28.444+0700] {logging_mixin.py:188} INFO - [2025-06-24T00:13:28.443+0700] {dag.py:3096} INFO - Sync 1 DAGs
[2025-06-24T00:13:28.467+0700] {logging_mixin.py:188} INFO - [2025-06-24T00:13:28.467+0700] {dag.py:3954} INFO - Setting next_dagrun for example_weekday_branch_operator to 2025-06-22 00:00:00+00:00, run_after=2025-06-23 00:00:00+00:00
[2025-06-24T00:13:28.498+0700] {processor.py:183} INFO - Processing /home/panda/Documents/ODAP/Project/venv310/lib/python3.10/site-packages/airflow/example_dags/example_branch_day_of_week_operator.py took 0.110 seconds
[2025-06-24T00:14:35.792+0700] {processor.py:161} INFO - Started process (PID=13159) to work on /home/panda/Documents/ODAP/Project/venv310/lib/python3.10/site-packages/airflow/example_dags/example_branch_day_of_week_operator.py
[2025-06-24T00:14:35.796+0700] {processor.py:830} INFO - Processing file /home/panda/Documents/ODAP/Project/venv310/lib/python3.10/site-packages/airflow/example_dags/example_branch_day_of_week_operator.py for tasks to queue
[2025-06-24T00:14:35.797+0700] {logging_mixin.py:188} INFO - [2025-06-24T00:14:35.797+0700] {dagbag.py:540} INFO - Filling up the DagBag from /home/panda/Documents/ODAP/Project/venv310/lib/python3.10/site-packages/airflow/example_dags/example_branch_day_of_week_operator.py
[2025-06-24T00:14:35.807+0700] {processor.py:840} INFO - DAG(s) 'example_weekday_branch_operator' retrieved from /home/panda/Documents/ODAP/Project/venv310/lib/python3.10/site-packages/airflow/example_dags/example_branch_day_of_week_operator.py
[2025-06-24T00:14:35.827+0700] {logging_mixin.py:188} INFO - [2025-06-24T00:14:35.826+0700] {dag.py:3096} INFO - Sync 1 DAGs
[2025-06-24T00:14:35.846+0700] {logging_mixin.py:188} INFO - [2025-06-24T00:14:35.846+0700] {dag.py:3954} INFO - Setting next_dagrun for example_weekday_branch_operator to 2025-06-22 00:00:00+00:00, run_after=2025-06-23 00:00:00+00:00
[2025-06-24T00:14:35.877+0700] {processor.py:183} INFO - Processing /home/panda/Documents/ODAP/Project/venv310/lib/python3.10/site-packages/airflow/example_dags/example_branch_day_of_week_operator.py took 0.092 seconds
[2025-06-24T00:21:52.581+0700] {processor.py:161} INFO - Started process (PID=16652) to work on /home/panda/Documents/ODAP/Project/venv310/lib/python3.10/site-packages/airflow/example_dags/example_branch_day_of_week_operator.py
[2025-06-24T00:21:52.586+0700] {processor.py:830} INFO - Processing file /home/panda/Documents/ODAP/Project/venv310/lib/python3.10/site-packages/airflow/example_dags/example_branch_day_of_week_operator.py for tasks to queue
[2025-06-24T00:21:52.588+0700] {logging_mixin.py:188} INFO - [2025-06-24T00:21:52.587+0700] {dagbag.py:540} INFO - Filling up the DagBag from /home/panda/Documents/ODAP/Project/venv310/lib/python3.10/site-packages/airflow/example_dags/example_branch_day_of_week_operator.py
[2025-06-24T00:21:52.598+0700] {processor.py:840} INFO - DAG(s) 'example_weekday_branch_operator' retrieved from /home/panda/Documents/ODAP/Project/venv310/lib/python3.10/site-packages/airflow/example_dags/example_branch_day_of_week_operator.py
[2025-06-24T00:21:52.617+0700] {logging_mixin.py:188} INFO - [2025-06-24T00:21:52.617+0700] {dag.py:3096} INFO - Sync 1 DAGs
[2025-06-24T00:21:52.637+0700] {logging_mixin.py:188} INFO - [2025-06-24T00:21:52.637+0700] {dag.py:3954} INFO - Setting next_dagrun for example_weekday_branch_operator to 2025-06-22 00:00:00+00:00, run_after=2025-06-23 00:00:00+00:00
[2025-06-24T00:21:52.662+0700] {processor.py:183} INFO - Processing /home/panda/Documents/ODAP/Project/venv310/lib/python3.10/site-packages/airflow/example_dags/example_branch_day_of_week_operator.py took 0.088 seconds
[2025-06-24T00:23:00.282+0700] {processor.py:161} INFO - Started process (PID=18053) to work on /home/panda/Documents/ODAP/Project/venv310/lib/python3.10/site-packages/airflow/example_dags/example_branch_day_of_week_operator.py
[2025-06-24T00:23:00.287+0700] {processor.py:830} INFO - Processing file /home/panda/Documents/ODAP/Project/venv310/lib/python3.10/site-packages/airflow/example_dags/example_branch_day_of_week_operator.py for tasks to queue
[2025-06-24T00:23:00.288+0700] {logging_mixin.py:188} INFO - [2025-06-24T00:23:00.287+0700] {dagbag.py:540} INFO - Filling up the DagBag from /home/panda/Documents/ODAP/Project/venv310/lib/python3.10/site-packages/airflow/example_dags/example_branch_day_of_week_operator.py
[2025-06-24T00:23:00.297+0700] {processor.py:840} INFO - DAG(s) 'example_weekday_branch_operator' retrieved from /home/panda/Documents/ODAP/Project/venv310/lib/python3.10/site-packages/airflow/example_dags/example_branch_day_of_week_operator.py
[2025-06-24T00:23:00.317+0700] {logging_mixin.py:188} INFO - [2025-06-24T00:23:00.316+0700] {dag.py:3096} INFO - Sync 1 DAGs
[2025-06-24T00:23:00.336+0700] {logging_mixin.py:188} INFO - [2025-06-24T00:23:00.336+0700] {dag.py:3954} INFO - Setting next_dagrun for example_weekday_branch_operator to 2025-06-22 00:00:00+00:00, run_after=2025-06-23 00:00:00+00:00
[2025-06-24T00:23:00.364+0700] {processor.py:183} INFO - Processing /home/panda/Documents/ODAP/Project/venv310/lib/python3.10/site-packages/airflow/example_dags/example_branch_day_of_week_operator.py took 0.089 seconds
[2025-06-24T00:34:04.822+0700] {processor.py:161} INFO - Started process (PID=20327) to work on /home/panda/Documents/ODAP/Project/venv310/lib/python3.10/site-packages/airflow/example_dags/example_branch_day_of_week_operator.py
[2025-06-24T00:34:04.827+0700] {processor.py:830} INFO - Processing file /home/panda/Documents/ODAP/Project/venv310/lib/python3.10/site-packages/airflow/example_dags/example_branch_day_of_week_operator.py for tasks to queue
[2025-06-24T00:34:04.828+0700] {logging_mixin.py:188} INFO - [2025-06-24T00:34:04.828+0700] {dagbag.py:540} INFO - Filling up the DagBag from /home/panda/Documents/ODAP/Project/venv310/lib/python3.10/site-packages/airflow/example_dags/example_branch_day_of_week_operator.py
[2025-06-24T00:34:04.838+0700] {processor.py:840} INFO - DAG(s) 'example_weekday_branch_operator' retrieved from /home/panda/Documents/ODAP/Project/venv310/lib/python3.10/site-packages/airflow/example_dags/example_branch_day_of_week_operator.py
[2025-06-24T00:34:04.857+0700] {logging_mixin.py:188} INFO - [2025-06-24T00:34:04.857+0700] {dag.py:3096} INFO - Sync 1 DAGs
[2025-06-24T00:34:04.877+0700] {logging_mixin.py:188} INFO - [2025-06-24T00:34:04.876+0700] {dag.py:3954} INFO - Setting next_dagrun for example_weekday_branch_operator to 2025-06-22 00:00:00+00:00, run_after=2025-06-23 00:00:00+00:00
[2025-06-24T00:34:04.900+0700] {processor.py:183} INFO - Processing /home/panda/Documents/ODAP/Project/venv310/lib/python3.10/site-packages/airflow/example_dags/example_branch_day_of_week_operator.py took 0.085 seconds
[2025-06-24T00:34:58.763+0700] {processor.py:161} INFO - Started process (PID=20471) to work on /home/panda/Documents/ODAP/Project/venv310/lib/python3.10/site-packages/airflow/example_dags/example_branch_day_of_week_operator.py
[2025-06-24T00:34:58.768+0700] {processor.py:830} INFO - Processing file /home/panda/Documents/ODAP/Project/venv310/lib/python3.10/site-packages/airflow/example_dags/example_branch_day_of_week_operator.py for tasks to queue
[2025-06-24T00:34:58.769+0700] {logging_mixin.py:188} INFO - [2025-06-24T00:34:58.768+0700] {dagbag.py:540} INFO - Filling up the DagBag from /home/panda/Documents/ODAP/Project/venv310/lib/python3.10/site-packages/airflow/example_dags/example_branch_day_of_week_operator.py
[2025-06-24T00:34:58.778+0700] {processor.py:840} INFO - DAG(s) 'example_weekday_branch_operator' retrieved from /home/panda/Documents/ODAP/Project/venv310/lib/python3.10/site-packages/airflow/example_dags/example_branch_day_of_week_operator.py
[2025-06-24T00:34:58.797+0700] {logging_mixin.py:188} INFO - [2025-06-24T00:34:58.797+0700] {dag.py:3096} INFO - Sync 1 DAGs
[2025-06-24T00:34:58.817+0700] {logging_mixin.py:188} INFO - [2025-06-24T00:34:58.816+0700] {dag.py:3954} INFO - Setting next_dagrun for example_weekday_branch_operator to 2025-06-22 00:00:00+00:00, run_after=2025-06-23 00:00:00+00:00
[2025-06-24T00:34:58.841+0700] {processor.py:183} INFO - Processing /home/panda/Documents/ODAP/Project/venv310/lib/python3.10/site-packages/airflow/example_dags/example_branch_day_of_week_operator.py took 0.085 seconds
[2025-06-24T00:36:07.391+0700] {processor.py:161} INFO - Started process (PID=20754) to work on /home/panda/Documents/ODAP/Project/venv310/lib/python3.10/site-packages/airflow/example_dags/example_branch_day_of_week_operator.py
[2025-06-24T00:36:07.396+0700] {processor.py:830} INFO - Processing file /home/panda/Documents/ODAP/Project/venv310/lib/python3.10/site-packages/airflow/example_dags/example_branch_day_of_week_operator.py for tasks to queue
[2025-06-24T00:36:07.397+0700] {logging_mixin.py:188} INFO - [2025-06-24T00:36:07.397+0700] {dagbag.py:540} INFO - Filling up the DagBag from /home/panda/Documents/ODAP/Project/venv310/lib/python3.10/site-packages/airflow/example_dags/example_branch_day_of_week_operator.py
[2025-06-24T00:36:07.408+0700] {processor.py:840} INFO - DAG(s) 'example_weekday_branch_operator' retrieved from /home/panda/Documents/ODAP/Project/venv310/lib/python3.10/site-packages/airflow/example_dags/example_branch_day_of_week_operator.py
[2025-06-24T00:36:07.427+0700] {logging_mixin.py:188} INFO - [2025-06-24T00:36:07.427+0700] {dag.py:3096} INFO - Sync 1 DAGs
[2025-06-24T00:36:07.446+0700] {logging_mixin.py:188} INFO - [2025-06-24T00:36:07.446+0700] {dag.py:3954} INFO - Setting next_dagrun for example_weekday_branch_operator to 2025-06-22 00:00:00+00:00, run_after=2025-06-23 00:00:00+00:00
[2025-06-24T00:36:07.473+0700] {processor.py:183} INFO - Processing /home/panda/Documents/ODAP/Project/venv310/lib/python3.10/site-packages/airflow/example_dags/example_branch_day_of_week_operator.py took 0.090 seconds
[2025-06-24T00:53:02.727+0700] {processor.py:161} INFO - Started process (PID=25198) to work on /home/panda/Documents/ODAP/Project/venv310/lib/python3.10/site-packages/airflow/example_dags/example_branch_day_of_week_operator.py
[2025-06-24T00:53:02.732+0700] {processor.py:830} INFO - Processing file /home/panda/Documents/ODAP/Project/venv310/lib/python3.10/site-packages/airflow/example_dags/example_branch_day_of_week_operator.py for tasks to queue
[2025-06-24T00:53:02.733+0700] {logging_mixin.py:188} INFO - [2025-06-24T00:53:02.732+0700] {dagbag.py:540} INFO - Filling up the DagBag from /home/panda/Documents/ODAP/Project/venv310/lib/python3.10/site-packages/airflow/example_dags/example_branch_day_of_week_operator.py
[2025-06-24T00:53:02.743+0700] {processor.py:840} INFO - DAG(s) 'example_weekday_branch_operator' retrieved from /home/panda/Documents/ODAP/Project/venv310/lib/python3.10/site-packages/airflow/example_dags/example_branch_day_of_week_operator.py
[2025-06-24T00:53:02.765+0700] {logging_mixin.py:188} INFO - [2025-06-24T00:53:02.765+0700] {dag.py:3096} INFO - Sync 1 DAGs
[2025-06-24T00:53:02.785+0700] {logging_mixin.py:188} INFO - [2025-06-24T00:53:02.785+0700] {dag.py:3954} INFO - Setting next_dagrun for example_weekday_branch_operator to 2025-06-22 00:00:00+00:00, run_after=2025-06-23 00:00:00+00:00
[2025-06-24T00:53:02.821+0700] {processor.py:183} INFO - Processing /home/panda/Documents/ODAP/Project/venv310/lib/python3.10/site-packages/airflow/example_dags/example_branch_day_of_week_operator.py took 0.102 seconds
[2025-06-24T00:53:57.973+0700] {processor.py:161} INFO - Started process (PID=25441) to work on /home/panda/Documents/ODAP/Project/venv310/lib/python3.10/site-packages/airflow/example_dags/example_branch_day_of_week_operator.py
[2025-06-24T00:53:57.974+0700] {processor.py:830} INFO - Processing file /home/panda/Documents/ODAP/Project/venv310/lib/python3.10/site-packages/airflow/example_dags/example_branch_day_of_week_operator.py for tasks to queue
[2025-06-24T00:53:57.975+0700] {logging_mixin.py:188} INFO - [2025-06-24T00:53:57.975+0700] {dagbag.py:540} INFO - Filling up the DagBag from /home/panda/Documents/ODAP/Project/venv310/lib/python3.10/site-packages/airflow/example_dags/example_branch_day_of_week_operator.py
[2025-06-24T00:53:57.986+0700] {processor.py:840} INFO - DAG(s) 'example_weekday_branch_operator' retrieved from /home/panda/Documents/ODAP/Project/venv310/lib/python3.10/site-packages/airflow/example_dags/example_branch_day_of_week_operator.py
[2025-06-24T00:53:58.007+0700] {logging_mixin.py:188} INFO - [2025-06-24T00:53:58.006+0700] {dag.py:3096} INFO - Sync 1 DAGs
[2025-06-24T00:53:58.027+0700] {logging_mixin.py:188} INFO - [2025-06-24T00:53:58.027+0700] {dag.py:3954} INFO - Setting next_dagrun for example_weekday_branch_operator to 2025-06-22 00:00:00+00:00, run_after=2025-06-23 00:00:00+00:00
[2025-06-24T00:53:58.065+0700] {processor.py:183} INFO - Processing /home/panda/Documents/ODAP/Project/venv310/lib/python3.10/site-packages/airflow/example_dags/example_branch_day_of_week_operator.py took 0.100 seconds
[2025-06-24T00:55:06.468+0700] {processor.py:161} INFO - Started process (PID=25745) to work on /home/panda/Documents/ODAP/Project/venv310/lib/python3.10/site-packages/airflow/example_dags/example_branch_day_of_week_operator.py
[2025-06-24T00:55:06.472+0700] {processor.py:830} INFO - Processing file /home/panda/Documents/ODAP/Project/venv310/lib/python3.10/site-packages/airflow/example_dags/example_branch_day_of_week_operator.py for tasks to queue
[2025-06-24T00:55:06.474+0700] {logging_mixin.py:188} INFO - [2025-06-24T00:55:06.473+0700] {dagbag.py:540} INFO - Filling up the DagBag from /home/panda/Documents/ODAP/Project/venv310/lib/python3.10/site-packages/airflow/example_dags/example_branch_day_of_week_operator.py
[2025-06-24T00:55:06.484+0700] {processor.py:840} INFO - DAG(s) 'example_weekday_branch_operator' retrieved from /home/panda/Documents/ODAP/Project/venv310/lib/python3.10/site-packages/airflow/example_dags/example_branch_day_of_week_operator.py
[2025-06-24T00:55:06.504+0700] {logging_mixin.py:188} INFO - [2025-06-24T00:55:06.504+0700] {dag.py:3096} INFO - Sync 1 DAGs
[2025-06-24T00:55:06.525+0700] {logging_mixin.py:188} INFO - [2025-06-24T00:55:06.525+0700] {dag.py:3954} INFO - Setting next_dagrun for example_weekday_branch_operator to 2025-06-22 00:00:00+00:00, run_after=2025-06-23 00:00:00+00:00
[2025-06-24T00:55:06.548+0700] {processor.py:183} INFO - Processing /home/panda/Documents/ODAP/Project/venv310/lib/python3.10/site-packages/airflow/example_dags/example_branch_day_of_week_operator.py took 0.088 seconds
[2025-06-24T01:03:37.880+0700] {processor.py:161} INFO - Started process (PID=28636) to work on /home/panda/Documents/ODAP/Project/venv310/lib/python3.10/site-packages/airflow/example_dags/example_branch_day_of_week_operator.py
[2025-06-24T01:03:37.885+0700] {processor.py:830} INFO - Processing file /home/panda/Documents/ODAP/Project/venv310/lib/python3.10/site-packages/airflow/example_dags/example_branch_day_of_week_operator.py for tasks to queue
[2025-06-24T01:03:37.886+0700] {logging_mixin.py:188} INFO - [2025-06-24T01:03:37.886+0700] {dagbag.py:540} INFO - Filling up the DagBag from /home/panda/Documents/ODAP/Project/venv310/lib/python3.10/site-packages/airflow/example_dags/example_branch_day_of_week_operator.py
[2025-06-24T01:03:37.896+0700] {processor.py:840} INFO - DAG(s) 'example_weekday_branch_operator' retrieved from /home/panda/Documents/ODAP/Project/venv310/lib/python3.10/site-packages/airflow/example_dags/example_branch_day_of_week_operator.py
[2025-06-24T01:03:37.917+0700] {logging_mixin.py:188} INFO - [2025-06-24T01:03:37.917+0700] {dag.py:3096} INFO - Sync 1 DAGs
[2025-06-24T01:03:37.941+0700] {logging_mixin.py:188} INFO - [2025-06-24T01:03:37.941+0700] {dag.py:3954} INFO - Setting next_dagrun for example_weekday_branch_operator to 2025-06-22 00:00:00+00:00, run_after=2025-06-23 00:00:00+00:00
[2025-06-24T01:03:37.970+0700] {processor.py:183} INFO - Processing /home/panda/Documents/ODAP/Project/venv310/lib/python3.10/site-packages/airflow/example_dags/example_branch_day_of_week_operator.py took 0.097 seconds
[2025-06-24T01:04:31.444+0700] {processor.py:161} INFO - Started process (PID=28914) to work on /home/panda/Documents/ODAP/Project/venv310/lib/python3.10/site-packages/airflow/example_dags/example_branch_day_of_week_operator.py
[2025-06-24T01:04:31.447+0700] {processor.py:830} INFO - Processing file /home/panda/Documents/ODAP/Project/venv310/lib/python3.10/site-packages/airflow/example_dags/example_branch_day_of_week_operator.py for tasks to queue
[2025-06-24T01:04:31.449+0700] {logging_mixin.py:188} INFO - [2025-06-24T01:04:31.448+0700] {dagbag.py:540} INFO - Filling up the DagBag from /home/panda/Documents/ODAP/Project/venv310/lib/python3.10/site-packages/airflow/example_dags/example_branch_day_of_week_operator.py
[2025-06-24T01:04:31.461+0700] {processor.py:840} INFO - DAG(s) 'example_weekday_branch_operator' retrieved from /home/panda/Documents/ODAP/Project/venv310/lib/python3.10/site-packages/airflow/example_dags/example_branch_day_of_week_operator.py
[2025-06-24T01:04:31.482+0700] {logging_mixin.py:188} INFO - [2025-06-24T01:04:31.482+0700] {dag.py:3096} INFO - Sync 1 DAGs
[2025-06-24T01:04:31.501+0700] {logging_mixin.py:188} INFO - [2025-06-24T01:04:31.500+0700] {dag.py:3954} INFO - Setting next_dagrun for example_weekday_branch_operator to 2025-06-22 00:00:00+00:00, run_after=2025-06-23 00:00:00+00:00
[2025-06-24T01:04:31.530+0700] {processor.py:183} INFO - Processing /home/panda/Documents/ODAP/Project/venv310/lib/python3.10/site-packages/airflow/example_dags/example_branch_day_of_week_operator.py took 0.094 seconds
