[2025-06-24T00:02:07.079+0700] {processor.py:161} INFO - Started process (PID=5385) to work on /home/panda/Documents/ODAP/Project/venv310/lib/python3.10/site-packages/airflow/example_dags/example_sensor_decorator.py
[2025-06-24T00:02:07.080+0700] {processor.py:830} INFO - Processing file /home/panda/Documents/ODAP/Project/venv310/lib/python3.10/site-packages/airflow/example_dags/example_sensor_decorator.py for tasks to queue
[2025-06-24T00:02:07.082+0700] {logging_mixin.py:188} INFO - [2025-06-24T00:02:07.081+0700] {dagbag.py:540} INFO - Filling up the DagBag from /home/panda/Documents/ODAP/Project/venv310/lib/python3.10/site-packages/airflow/example_dags/example_sensor_decorator.py
[2025-06-24T00:02:07.092+0700] {processor.py:840} INFO - DAG(s) 'example_sensor_decorator' retrieved from /home/panda/Documents/ODAP/Project/venv310/lib/python3.10/site-packages/airflow/example_dags/example_sensor_decorator.py
[2025-06-24T00:02:07.116+0700] {logging_mixin.py:188} INFO - [2025-06-24T00:02:07.116+0700] {dag.py:3096} INFO - Sync 1 DAGs
[2025-06-24T00:02:07.130+0700] {logging_mixin.py:188} INFO - [2025-06-24T00:02:07.130+0700] {dag.py:3954} INFO - Setting next_dagrun for example_sensor_decorator to None, run_after=None
[2025-06-24T00:02:07.163+0700] {processor.py:183} INFO - Processing /home/panda/Documents/ODAP/Project/venv310/lib/python3.10/site-packages/airflow/example_dags/example_sensor_decorator.py took 0.092 seconds
[2025-06-24T00:03:01.508+0700] {processor.py:161} INFO - Started process (PID=6206) to work on /home/panda/Documents/ODAP/Project/venv310/lib/python3.10/site-packages/airflow/example_dags/example_sensor_decorator.py
[2025-06-24T00:03:01.513+0700] {processor.py:830} INFO - Processing file /home/panda/Documents/ODAP/Project/venv310/lib/python3.10/site-packages/airflow/example_dags/example_sensor_decorator.py for tasks to queue
[2025-06-24T00:03:01.515+0700] {logging_mixin.py:188} INFO - [2025-06-24T00:03:01.514+0700] {dagbag.py:540} INFO - Filling up the DagBag from /home/panda/Documents/ODAP/Project/venv310/lib/python3.10/site-packages/airflow/example_dags/example_sensor_decorator.py
[2025-06-24T00:03:01.522+0700] {processor.py:840} INFO - DAG(s) 'example_sensor_decorator' retrieved from /home/panda/Documents/ODAP/Project/venv310/lib/python3.10/site-packages/airflow/example_dags/example_sensor_decorator.py
[2025-06-24T00:03:01.542+0700] {logging_mixin.py:188} INFO - [2025-06-24T00:03:01.541+0700] {dag.py:3096} INFO - Sync 1 DAGs
[2025-06-24T00:03:01.555+0700] {logging_mixin.py:188} INFO - [2025-06-24T00:03:01.555+0700] {dag.py:3954} INFO - Setting next_dagrun for example_sensor_decorator to None, run_after=None
[2025-06-24T00:03:01.584+0700] {processor.py:183} INFO - Processing /home/panda/Documents/ODAP/Project/venv310/lib/python3.10/site-packages/airflow/example_dags/example_sensor_decorator.py took 0.082 seconds
[2025-06-24T00:03:50.497+0700] {processor.py:161} INFO - Started process (PID=6405) to work on /home/panda/Documents/ODAP/Project/venv310/lib/python3.10/site-packages/airflow/example_dags/example_sensor_decorator.py
[2025-06-24T00:03:50.499+0700] {processor.py:830} INFO - Processing file /home/panda/Documents/ODAP/Project/venv310/lib/python3.10/site-packages/airflow/example_dags/example_sensor_decorator.py for tasks to queue
[2025-06-24T00:03:50.501+0700] {logging_mixin.py:188} INFO - [2025-06-24T00:03:50.501+0700] {dagbag.py:540} INFO - Filling up the DagBag from /home/panda/Documents/ODAP/Project/venv310/lib/python3.10/site-packages/airflow/example_dags/example_sensor_decorator.py
[2025-06-24T00:03:50.510+0700] {processor.py:840} INFO - DAG(s) 'example_sensor_decorator' retrieved from /home/panda/Documents/ODAP/Project/venv310/lib/python3.10/site-packages/airflow/example_dags/example_sensor_decorator.py
[2025-06-24T00:03:50.529+0700] {logging_mixin.py:188} INFO - [2025-06-24T00:03:50.528+0700] {dag.py:3096} INFO - Sync 1 DAGs
[2025-06-24T00:03:50.541+0700] {logging_mixin.py:188} INFO - [2025-06-24T00:03:50.540+0700] {dag.py:3954} INFO - Setting next_dagrun for example_sensor_decorator to None, run_after=None
[2025-06-24T00:03:50.695+0700] {processor.py:183} INFO - Processing /home/panda/Documents/ODAP/Project/venv310/lib/python3.10/site-packages/airflow/example_dags/example_sensor_decorator.py took 0.207 seconds
[2025-06-24T00:04:40.200+0700] {processor.py:161} INFO - Started process (PID=6855) to work on /home/panda/Documents/ODAP/Project/venv310/lib/python3.10/site-packages/airflow/example_dags/example_sensor_decorator.py
[2025-06-24T00:04:40.205+0700] {processor.py:830} INFO - Processing file /home/panda/Documents/ODAP/Project/venv310/lib/python3.10/site-packages/airflow/example_dags/example_sensor_decorator.py for tasks to queue
[2025-06-24T00:04:40.208+0700] {logging_mixin.py:188} INFO - [2025-06-24T00:04:40.207+0700] {dagbag.py:540} INFO - Filling up the DagBag from /home/panda/Documents/ODAP/Project/venv310/lib/python3.10/site-packages/airflow/example_dags/example_sensor_decorator.py
[2025-06-24T00:04:40.217+0700] {processor.py:840} INFO - DAG(s) 'example_sensor_decorator' retrieved from /home/panda/Documents/ODAP/Project/venv310/lib/python3.10/site-packages/airflow/example_dags/example_sensor_decorator.py
[2025-06-24T00:04:40.235+0700] {logging_mixin.py:188} INFO - [2025-06-24T00:04:40.234+0700] {dag.py:3096} INFO - Sync 1 DAGs
[2025-06-24T00:04:40.248+0700] {logging_mixin.py:188} INFO - [2025-06-24T00:04:40.248+0700] {dag.py:3954} INFO - Setting next_dagrun for example_sensor_decorator to None, run_after=None
[2025-06-24T00:04:40.280+0700] {processor.py:183} INFO - Processing /home/panda/Documents/ODAP/Project/venv310/lib/python3.10/site-packages/airflow/example_dags/example_sensor_decorator.py took 0.088 seconds
[2025-06-24T00:05:26.801+0700] {processor.py:161} INFO - Started process (PID=7092) to work on /home/panda/Documents/ODAP/Project/venv310/lib/python3.10/site-packages/airflow/example_dags/example_sensor_decorator.py
[2025-06-24T00:05:26.804+0700] {processor.py:830} INFO - Processing file /home/panda/Documents/ODAP/Project/venv310/lib/python3.10/site-packages/airflow/example_dags/example_sensor_decorator.py for tasks to queue
[2025-06-24T00:05:26.807+0700] {logging_mixin.py:188} INFO - [2025-06-24T00:05:26.806+0700] {dagbag.py:540} INFO - Filling up the DagBag from /home/panda/Documents/ODAP/Project/venv310/lib/python3.10/site-packages/airflow/example_dags/example_sensor_decorator.py
[2025-06-24T00:05:26.816+0700] {processor.py:840} INFO - DAG(s) 'example_sensor_decorator' retrieved from /home/panda/Documents/ODAP/Project/venv310/lib/python3.10/site-packages/airflow/example_dags/example_sensor_decorator.py
[2025-06-24T00:05:26.835+0700] {logging_mixin.py:188} INFO - [2025-06-24T00:05:26.834+0700] {dag.py:3096} INFO - Sync 1 DAGs
[2025-06-24T00:05:26.849+0700] {logging_mixin.py:188} INFO - [2025-06-24T00:05:26.848+0700] {dag.py:3954} INFO - Setting next_dagrun for example_sensor_decorator to None, run_after=None
[2025-06-24T00:05:26.876+0700] {processor.py:183} INFO - Processing /home/panda/Documents/ODAP/Project/venv310/lib/python3.10/site-packages/airflow/example_dags/example_sensor_decorator.py took 0.082 seconds
[2025-06-24T00:07:14.197+0700] {processor.py:161} INFO - Started process (PID=8106) to work on /home/panda/Documents/ODAP/Project/venv310/lib/python3.10/site-packages/airflow/example_dags/example_sensor_decorator.py
[2025-06-24T00:07:14.200+0700] {processor.py:830} INFO - Processing file /home/panda/Documents/ODAP/Project/venv310/lib/python3.10/site-packages/airflow/example_dags/example_sensor_decorator.py for tasks to queue
[2025-06-24T00:07:14.201+0700] {logging_mixin.py:188} INFO - [2025-06-24T00:07:14.200+0700] {dagbag.py:540} INFO - Filling up the DagBag from /home/panda/Documents/ODAP/Project/venv310/lib/python3.10/site-packages/airflow/example_dags/example_sensor_decorator.py
[2025-06-24T00:07:14.209+0700] {processor.py:840} INFO - DAG(s) 'example_sensor_decorator' retrieved from /home/panda/Documents/ODAP/Project/venv310/lib/python3.10/site-packages/airflow/example_dags/example_sensor_decorator.py
[2025-06-24T00:07:14.239+0700] {logging_mixin.py:188} INFO - [2025-06-24T00:07:14.239+0700] {dag.py:3096} INFO - Sync 1 DAGs
[2025-06-24T00:07:14.253+0700] {logging_mixin.py:188} INFO - [2025-06-24T00:07:14.253+0700] {dag.py:3954} INFO - Setting next_dagrun for example_sensor_decorator to None, run_after=None
[2025-06-24T00:07:14.281+0700] {processor.py:183} INFO - Processing /home/panda/Documents/ODAP/Project/venv310/lib/python3.10/site-packages/airflow/example_dags/example_sensor_decorator.py took 0.092 seconds
[2025-06-24T00:08:29.071+0700] {processor.py:161} INFO - Started process (PID=10564) to work on /home/panda/Documents/ODAP/Project/venv310/lib/python3.10/site-packages/airflow/example_dags/example_sensor_decorator.py
[2025-06-24T00:08:29.076+0700] {processor.py:830} INFO - Processing file /home/panda/Documents/ODAP/Project/venv310/lib/python3.10/site-packages/airflow/example_dags/example_sensor_decorator.py for tasks to queue
[2025-06-24T00:08:29.078+0700] {logging_mixin.py:188} INFO - [2025-06-24T00:08:29.077+0700] {dagbag.py:540} INFO - Filling up the DagBag from /home/panda/Documents/ODAP/Project/venv310/lib/python3.10/site-packages/airflow/example_dags/example_sensor_decorator.py
[2025-06-24T00:08:29.085+0700] {processor.py:840} INFO - DAG(s) 'example_sensor_decorator' retrieved from /home/panda/Documents/ODAP/Project/venv310/lib/python3.10/site-packages/airflow/example_dags/example_sensor_decorator.py
[2025-06-24T00:08:29.109+0700] {logging_mixin.py:188} INFO - [2025-06-24T00:08:29.108+0700] {dag.py:3096} INFO - Sync 1 DAGs
[2025-06-24T00:08:29.138+0700] {logging_mixin.py:188} INFO - [2025-06-24T00:08:29.137+0700] {dag.py:3954} INFO - Setting next_dagrun for example_sensor_decorator to None, run_after=None
[2025-06-24T00:08:29.174+0700] {processor.py:183} INFO - Processing /home/panda/Documents/ODAP/Project/venv310/lib/python3.10/site-packages/airflow/example_dags/example_sensor_decorator.py took 0.111 seconds
[2025-06-24T00:09:29.873+0700] {processor.py:161} INFO - Started process (PID=10813) to work on /home/panda/Documents/ODAP/Project/venv310/lib/python3.10/site-packages/airflow/example_dags/example_sensor_decorator.py
[2025-06-24T00:09:29.879+0700] {processor.py:830} INFO - Processing file /home/panda/Documents/ODAP/Project/venv310/lib/python3.10/site-packages/airflow/example_dags/example_sensor_decorator.py for tasks to queue
[2025-06-24T00:09:29.880+0700] {logging_mixin.py:188} INFO - [2025-06-24T00:09:29.880+0700] {dagbag.py:540} INFO - Filling up the DagBag from /home/panda/Documents/ODAP/Project/venv310/lib/python3.10/site-packages/airflow/example_dags/example_sensor_decorator.py
[2025-06-24T00:09:29.890+0700] {processor.py:840} INFO - DAG(s) 'example_sensor_decorator' retrieved from /home/panda/Documents/ODAP/Project/venv310/lib/python3.10/site-packages/airflow/example_dags/example_sensor_decorator.py
[2025-06-24T00:09:29.909+0700] {logging_mixin.py:188} INFO - [2025-06-24T00:09:29.909+0700] {dag.py:3096} INFO - Sync 1 DAGs
[2025-06-24T00:09:29.919+0700] {logging_mixin.py:188} INFO - [2025-06-24T00:09:29.919+0700] {dag.py:3954} INFO - Setting next_dagrun for example_sensor_decorator to None, run_after=None
[2025-06-24T00:09:29.957+0700] {processor.py:183} INFO - Processing /home/panda/Documents/ODAP/Project/venv310/lib/python3.10/site-packages/airflow/example_dags/example_sensor_decorator.py took 0.093 seconds
[2025-06-24T00:10:15.098+0700] {processor.py:161} INFO - Started process (PID=10939) to work on /home/panda/Documents/ODAP/Project/venv310/lib/python3.10/site-packages/airflow/example_dags/example_sensor_decorator.py
[2025-06-24T00:10:15.103+0700] {processor.py:830} INFO - Processing file /home/panda/Documents/ODAP/Project/venv310/lib/python3.10/site-packages/airflow/example_dags/example_sensor_decorator.py for tasks to queue
[2025-06-24T00:10:15.104+0700] {logging_mixin.py:188} INFO - [2025-06-24T00:10:15.104+0700] {dagbag.py:540} INFO - Filling up the DagBag from /home/panda/Documents/ODAP/Project/venv310/lib/python3.10/site-packages/airflow/example_dags/example_sensor_decorator.py
[2025-06-24T00:10:15.111+0700] {processor.py:840} INFO - DAG(s) 'example_sensor_decorator' retrieved from /home/panda/Documents/ODAP/Project/venv310/lib/python3.10/site-packages/airflow/example_dags/example_sensor_decorator.py
[2025-06-24T00:10:15.130+0700] {logging_mixin.py:188} INFO - [2025-06-24T00:10:15.130+0700] {dag.py:3096} INFO - Sync 1 DAGs
[2025-06-24T00:10:15.142+0700] {logging_mixin.py:188} INFO - [2025-06-24T00:10:15.141+0700] {dag.py:3954} INFO - Setting next_dagrun for example_sensor_decorator to None, run_after=None
[2025-06-24T00:10:15.164+0700] {processor.py:183} INFO - Processing /home/panda/Documents/ODAP/Project/venv310/lib/python3.10/site-packages/airflow/example_dags/example_sensor_decorator.py took 0.073 seconds
[2025-06-24T00:11:17.536+0700] {processor.py:161} INFO - Started process (PID=12317) to work on /home/panda/Documents/ODAP/Project/venv310/lib/python3.10/site-packages/airflow/example_dags/example_sensor_decorator.py
[2025-06-24T00:11:17.539+0700] {processor.py:830} INFO - Processing file /home/panda/Documents/ODAP/Project/venv310/lib/python3.10/site-packages/airflow/example_dags/example_sensor_decorator.py for tasks to queue
[2025-06-24T00:11:17.541+0700] {logging_mixin.py:188} INFO - [2025-06-24T00:11:17.540+0700] {dagbag.py:540} INFO - Filling up the DagBag from /home/panda/Documents/ODAP/Project/venv310/lib/python3.10/site-packages/airflow/example_dags/example_sensor_decorator.py
[2025-06-24T00:11:17.549+0700] {processor.py:840} INFO - DAG(s) 'example_sensor_decorator' retrieved from /home/panda/Documents/ODAP/Project/venv310/lib/python3.10/site-packages/airflow/example_dags/example_sensor_decorator.py
[2025-06-24T00:11:17.568+0700] {logging_mixin.py:188} INFO - [2025-06-24T00:11:17.567+0700] {dag.py:3096} INFO - Sync 1 DAGs
[2025-06-24T00:11:17.579+0700] {logging_mixin.py:188} INFO - [2025-06-24T00:11:17.579+0700] {dag.py:3954} INFO - Setting next_dagrun for example_sensor_decorator to None, run_after=None
[2025-06-24T00:11:17.608+0700] {processor.py:183} INFO - Processing /home/panda/Documents/ODAP/Project/venv310/lib/python3.10/site-packages/airflow/example_dags/example_sensor_decorator.py took 0.080 seconds
[2025-06-24T00:12:14.925+0700] {processor.py:161} INFO - Started process (PID=12596) to work on /home/panda/Documents/ODAP/Project/venv310/lib/python3.10/site-packages/airflow/example_dags/example_sensor_decorator.py
[2025-06-24T00:12:14.930+0700] {processor.py:830} INFO - Processing file /home/panda/Documents/ODAP/Project/venv310/lib/python3.10/site-packages/airflow/example_dags/example_sensor_decorator.py for tasks to queue
[2025-06-24T00:12:14.931+0700] {logging_mixin.py:188} INFO - [2025-06-24T00:12:14.930+0700] {dagbag.py:540} INFO - Filling up the DagBag from /home/panda/Documents/ODAP/Project/venv310/lib/python3.10/site-packages/airflow/example_dags/example_sensor_decorator.py
[2025-06-24T00:12:14.938+0700] {processor.py:840} INFO - DAG(s) 'example_sensor_decorator' retrieved from /home/panda/Documents/ODAP/Project/venv310/lib/python3.10/site-packages/airflow/example_dags/example_sensor_decorator.py
[2025-06-24T00:12:14.956+0700] {logging_mixin.py:188} INFO - [2025-06-24T00:12:14.956+0700] {dag.py:3096} INFO - Sync 1 DAGs
[2025-06-24T00:12:14.968+0700] {logging_mixin.py:188} INFO - [2025-06-24T00:12:14.968+0700] {dag.py:3954} INFO - Setting next_dagrun for example_sensor_decorator to None, run_after=None
[2025-06-24T00:12:14.999+0700] {processor.py:183} INFO - Processing /home/panda/Documents/ODAP/Project/venv310/lib/python3.10/site-packages/airflow/example_dags/example_sensor_decorator.py took 0.081 seconds
[2025-06-24T00:13:00.063+0700] {processor.py:161} INFO - Started process (PID=12743) to work on /home/panda/Documents/ODAP/Project/venv310/lib/python3.10/site-packages/airflow/example_dags/example_sensor_decorator.py
[2025-06-24T00:13:00.068+0700] {processor.py:830} INFO - Processing file /home/panda/Documents/ODAP/Project/venv310/lib/python3.10/site-packages/airflow/example_dags/example_sensor_decorator.py for tasks to queue
[2025-06-24T00:13:00.069+0700] {logging_mixin.py:188} INFO - [2025-06-24T00:13:00.069+0700] {dagbag.py:540} INFO - Filling up the DagBag from /home/panda/Documents/ODAP/Project/venv310/lib/python3.10/site-packages/airflow/example_dags/example_sensor_decorator.py
[2025-06-24T00:13:00.078+0700] {processor.py:840} INFO - DAG(s) 'example_sensor_decorator' retrieved from /home/panda/Documents/ODAP/Project/venv310/lib/python3.10/site-packages/airflow/example_dags/example_sensor_decorator.py
[2025-06-24T00:13:00.099+0700] {logging_mixin.py:188} INFO - [2025-06-24T00:13:00.099+0700] {dag.py:3096} INFO - Sync 1 DAGs
[2025-06-24T00:13:00.113+0700] {logging_mixin.py:188} INFO - [2025-06-24T00:13:00.113+0700] {dag.py:3954} INFO - Setting next_dagrun for example_sensor_decorator to None, run_after=None
[2025-06-24T00:13:00.141+0700] {processor.py:183} INFO - Processing /home/panda/Documents/ODAP/Project/venv310/lib/python3.10/site-packages/airflow/example_dags/example_sensor_decorator.py took 0.087 seconds
[2025-06-24T00:13:44.078+0700] {processor.py:161} INFO - Started process (PID=12890) to work on /home/panda/Documents/ODAP/Project/venv310/lib/python3.10/site-packages/airflow/example_dags/example_sensor_decorator.py
[2025-06-24T00:13:44.082+0700] {processor.py:830} INFO - Processing file /home/panda/Documents/ODAP/Project/venv310/lib/python3.10/site-packages/airflow/example_dags/example_sensor_decorator.py for tasks to queue
[2025-06-24T00:13:44.084+0700] {logging_mixin.py:188} INFO - [2025-06-24T00:13:44.083+0700] {dagbag.py:540} INFO - Filling up the DagBag from /home/panda/Documents/ODAP/Project/venv310/lib/python3.10/site-packages/airflow/example_dags/example_sensor_decorator.py
[2025-06-24T00:13:44.091+0700] {processor.py:840} INFO - DAG(s) 'example_sensor_decorator' retrieved from /home/panda/Documents/ODAP/Project/venv310/lib/python3.10/site-packages/airflow/example_dags/example_sensor_decorator.py
[2025-06-24T00:13:44.109+0700] {logging_mixin.py:188} INFO - [2025-06-24T00:13:44.109+0700] {dag.py:3096} INFO - Sync 1 DAGs
[2025-06-24T00:13:44.120+0700] {logging_mixin.py:188} INFO - [2025-06-24T00:13:44.120+0700] {dag.py:3954} INFO - Setting next_dagrun for example_sensor_decorator to None, run_after=None
[2025-06-24T00:13:44.142+0700] {processor.py:183} INFO - Processing /home/panda/Documents/ODAP/Project/venv310/lib/python3.10/site-packages/airflow/example_dags/example_sensor_decorator.py took 0.073 seconds
[2025-06-24T00:14:28.253+0700] {processor.py:161} INFO - Started process (PID=13144) to work on /home/panda/Documents/ODAP/Project/venv310/lib/python3.10/site-packages/airflow/example_dags/example_sensor_decorator.py
[2025-06-24T00:14:28.258+0700] {processor.py:830} INFO - Processing file /home/panda/Documents/ODAP/Project/venv310/lib/python3.10/site-packages/airflow/example_dags/example_sensor_decorator.py for tasks to queue
[2025-06-24T00:14:28.259+0700] {logging_mixin.py:188} INFO - [2025-06-24T00:14:28.258+0700] {dagbag.py:540} INFO - Filling up the DagBag from /home/panda/Documents/ODAP/Project/venv310/lib/python3.10/site-packages/airflow/example_dags/example_sensor_decorator.py
[2025-06-24T00:14:28.266+0700] {processor.py:840} INFO - DAG(s) 'example_sensor_decorator' retrieved from /home/panda/Documents/ODAP/Project/venv310/lib/python3.10/site-packages/airflow/example_dags/example_sensor_decorator.py
[2025-06-24T00:14:28.284+0700] {logging_mixin.py:188} INFO - [2025-06-24T00:14:28.284+0700] {dag.py:3096} INFO - Sync 1 DAGs
[2025-06-24T00:14:28.296+0700] {logging_mixin.py:188} INFO - [2025-06-24T00:14:28.296+0700] {dag.py:3954} INFO - Setting next_dagrun for example_sensor_decorator to None, run_after=None
[2025-06-24T00:14:28.324+0700] {processor.py:183} INFO - Processing /home/panda/Documents/ODAP/Project/venv310/lib/python3.10/site-packages/airflow/example_dags/example_sensor_decorator.py took 0.078 seconds
[2025-06-24T00:15:11.351+0700] {processor.py:161} INFO - Started process (PID=13384) to work on /home/panda/Documents/ODAP/Project/venv310/lib/python3.10/site-packages/airflow/example_dags/example_sensor_decorator.py
[2025-06-24T00:15:11.356+0700] {processor.py:830} INFO - Processing file /home/panda/Documents/ODAP/Project/venv310/lib/python3.10/site-packages/airflow/example_dags/example_sensor_decorator.py for tasks to queue
[2025-06-24T00:15:11.357+0700] {logging_mixin.py:188} INFO - [2025-06-24T00:15:11.357+0700] {dagbag.py:540} INFO - Filling up the DagBag from /home/panda/Documents/ODAP/Project/venv310/lib/python3.10/site-packages/airflow/example_dags/example_sensor_decorator.py
[2025-06-24T00:15:11.364+0700] {processor.py:840} INFO - DAG(s) 'example_sensor_decorator' retrieved from /home/panda/Documents/ODAP/Project/venv310/lib/python3.10/site-packages/airflow/example_dags/example_sensor_decorator.py
[2025-06-24T00:15:11.383+0700] {logging_mixin.py:188} INFO - [2025-06-24T00:15:11.383+0700] {dag.py:3096} INFO - Sync 1 DAGs
[2025-06-24T00:15:11.396+0700] {logging_mixin.py:188} INFO - [2025-06-24T00:15:11.396+0700] {dag.py:3954} INFO - Setting next_dagrun for example_sensor_decorator to None, run_after=None
[2025-06-24T00:15:11.423+0700] {processor.py:183} INFO - Processing /home/panda/Documents/ODAP/Project/venv310/lib/python3.10/site-packages/airflow/example_dags/example_sensor_decorator.py took 0.079 seconds
[2025-06-24T00:21:24.608+0700] {processor.py:161} INFO - Started process (PID=16578) to work on /home/panda/Documents/ODAP/Project/venv310/lib/python3.10/site-packages/airflow/example_dags/example_sensor_decorator.py
[2025-06-24T00:21:24.613+0700] {processor.py:830} INFO - Processing file /home/panda/Documents/ODAP/Project/venv310/lib/python3.10/site-packages/airflow/example_dags/example_sensor_decorator.py for tasks to queue
[2025-06-24T00:21:24.614+0700] {logging_mixin.py:188} INFO - [2025-06-24T00:21:24.613+0700] {dagbag.py:540} INFO - Filling up the DagBag from /home/panda/Documents/ODAP/Project/venv310/lib/python3.10/site-packages/airflow/example_dags/example_sensor_decorator.py
[2025-06-24T00:21:24.621+0700] {processor.py:840} INFO - DAG(s) 'example_sensor_decorator' retrieved from /home/panda/Documents/ODAP/Project/venv310/lib/python3.10/site-packages/airflow/example_dags/example_sensor_decorator.py
[2025-06-24T00:21:24.649+0700] {logging_mixin.py:188} INFO - [2025-06-24T00:21:24.648+0700] {dag.py:3096} INFO - Sync 1 DAGs
[2025-06-24T00:21:24.661+0700] {logging_mixin.py:188} INFO - [2025-06-24T00:21:24.660+0700] {dag.py:3954} INFO - Setting next_dagrun for example_sensor_decorator to None, run_after=None
[2025-06-24T00:21:24.684+0700] {processor.py:183} INFO - Processing /home/panda/Documents/ODAP/Project/venv310/lib/python3.10/site-packages/airflow/example_dags/example_sensor_decorator.py took 0.083 seconds
[2025-06-24T00:22:17.489+0700] {processor.py:161} INFO - Started process (PID=16746) to work on /home/panda/Documents/ODAP/Project/venv310/lib/python3.10/site-packages/airflow/example_dags/example_sensor_decorator.py
[2025-06-24T00:22:17.494+0700] {processor.py:830} INFO - Processing file /home/panda/Documents/ODAP/Project/venv310/lib/python3.10/site-packages/airflow/example_dags/example_sensor_decorator.py for tasks to queue
[2025-06-24T00:22:17.495+0700] {logging_mixin.py:188} INFO - [2025-06-24T00:22:17.495+0700] {dagbag.py:540} INFO - Filling up the DagBag from /home/panda/Documents/ODAP/Project/venv310/lib/python3.10/site-packages/airflow/example_dags/example_sensor_decorator.py
[2025-06-24T00:22:17.503+0700] {processor.py:840} INFO - DAG(s) 'example_sensor_decorator' retrieved from /home/panda/Documents/ODAP/Project/venv310/lib/python3.10/site-packages/airflow/example_dags/example_sensor_decorator.py
[2025-06-24T00:22:17.522+0700] {logging_mixin.py:188} INFO - [2025-06-24T00:22:17.522+0700] {dag.py:3096} INFO - Sync 1 DAGs
[2025-06-24T00:22:17.534+0700] {logging_mixin.py:188} INFO - [2025-06-24T00:22:17.533+0700] {dag.py:3954} INFO - Setting next_dagrun for example_sensor_decorator to None, run_after=None
[2025-06-24T00:22:17.557+0700] {processor.py:183} INFO - Processing /home/panda/Documents/ODAP/Project/venv310/lib/python3.10/site-packages/airflow/example_dags/example_sensor_decorator.py took 0.075 seconds
[2025-06-24T00:23:17.279+0700] {processor.py:161} INFO - Started process (PID=18210) to work on /home/panda/Documents/ODAP/Project/venv310/lib/python3.10/site-packages/airflow/example_dags/example_sensor_decorator.py
[2025-06-24T00:23:17.284+0700] {processor.py:830} INFO - Processing file /home/panda/Documents/ODAP/Project/venv310/lib/python3.10/site-packages/airflow/example_dags/example_sensor_decorator.py for tasks to queue
[2025-06-24T00:23:17.285+0700] {logging_mixin.py:188} INFO - [2025-06-24T00:23:17.284+0700] {dagbag.py:540} INFO - Filling up the DagBag from /home/panda/Documents/ODAP/Project/venv310/lib/python3.10/site-packages/airflow/example_dags/example_sensor_decorator.py
[2025-06-24T00:23:17.293+0700] {processor.py:840} INFO - DAG(s) 'example_sensor_decorator' retrieved from /home/panda/Documents/ODAP/Project/venv310/lib/python3.10/site-packages/airflow/example_dags/example_sensor_decorator.py
[2025-06-24T00:23:17.313+0700] {logging_mixin.py:188} INFO - [2025-06-24T00:23:17.312+0700] {dag.py:3096} INFO - Sync 1 DAGs
[2025-06-24T00:23:17.325+0700] {logging_mixin.py:188} INFO - [2025-06-24T00:23:17.325+0700] {dag.py:3954} INFO - Setting next_dagrun for example_sensor_decorator to None, run_after=None
[2025-06-24T00:23:17.355+0700] {processor.py:183} INFO - Processing /home/panda/Documents/ODAP/Project/venv310/lib/python3.10/site-packages/airflow/example_dags/example_sensor_decorator.py took 0.084 seconds
[2025-06-24T00:33:36.075+0700] {processor.py:161} INFO - Started process (PID=20205) to work on /home/panda/Documents/ODAP/Project/venv310/lib/python3.10/site-packages/airflow/example_dags/example_sensor_decorator.py
[2025-06-24T00:33:36.080+0700] {processor.py:830} INFO - Processing file /home/panda/Documents/ODAP/Project/venv310/lib/python3.10/site-packages/airflow/example_dags/example_sensor_decorator.py for tasks to queue
[2025-06-24T00:33:36.082+0700] {logging_mixin.py:188} INFO - [2025-06-24T00:33:36.081+0700] {dagbag.py:540} INFO - Filling up the DagBag from /home/panda/Documents/ODAP/Project/venv310/lib/python3.10/site-packages/airflow/example_dags/example_sensor_decorator.py
[2025-06-24T00:33:36.090+0700] {processor.py:840} INFO - DAG(s) 'example_sensor_decorator' retrieved from /home/panda/Documents/ODAP/Project/venv310/lib/python3.10/site-packages/airflow/example_dags/example_sensor_decorator.py
[2025-06-24T00:33:36.122+0700] {logging_mixin.py:188} INFO - [2025-06-24T00:33:36.122+0700] {dag.py:3096} INFO - Sync 1 DAGs
[2025-06-24T00:33:36.136+0700] {logging_mixin.py:188} INFO - [2025-06-24T00:33:36.135+0700] {dag.py:3954} INFO - Setting next_dagrun for example_sensor_decorator to None, run_after=None
[2025-06-24T00:33:36.164+0700] {processor.py:183} INFO - Processing /home/panda/Documents/ODAP/Project/venv310/lib/python3.10/site-packages/airflow/example_dags/example_sensor_decorator.py took 0.097 seconds
[2025-06-24T00:34:30.146+0700] {processor.py:161} INFO - Started process (PID=20392) to work on /home/panda/Documents/ODAP/Project/venv310/lib/python3.10/site-packages/airflow/example_dags/example_sensor_decorator.py
[2025-06-24T00:34:30.151+0700] {processor.py:830} INFO - Processing file /home/panda/Documents/ODAP/Project/venv310/lib/python3.10/site-packages/airflow/example_dags/example_sensor_decorator.py for tasks to queue
[2025-06-24T00:34:30.152+0700] {logging_mixin.py:188} INFO - [2025-06-24T00:34:30.152+0700] {dagbag.py:540} INFO - Filling up the DagBag from /home/panda/Documents/ODAP/Project/venv310/lib/python3.10/site-packages/airflow/example_dags/example_sensor_decorator.py
[2025-06-24T00:34:30.161+0700] {processor.py:840} INFO - DAG(s) 'example_sensor_decorator' retrieved from /home/panda/Documents/ODAP/Project/venv310/lib/python3.10/site-packages/airflow/example_dags/example_sensor_decorator.py
[2025-06-24T00:34:30.180+0700] {logging_mixin.py:188} INFO - [2025-06-24T00:34:30.180+0700] {dag.py:3096} INFO - Sync 1 DAGs
[2025-06-24T00:34:30.194+0700] {logging_mixin.py:188} INFO - [2025-06-24T00:34:30.193+0700] {dag.py:3954} INFO - Setting next_dagrun for example_sensor_decorator to None, run_after=None
[2025-06-24T00:34:30.226+0700] {processor.py:183} INFO - Processing /home/panda/Documents/ODAP/Project/venv310/lib/python3.10/site-packages/airflow/example_dags/example_sensor_decorator.py took 0.089 seconds
[2025-06-24T00:35:18.177+0700] {processor.py:161} INFO - Started process (PID=20531) to work on /home/panda/Documents/ODAP/Project/venv310/lib/python3.10/site-packages/airflow/example_dags/example_sensor_decorator.py
[2025-06-24T00:35:18.182+0700] {processor.py:830} INFO - Processing file /home/panda/Documents/ODAP/Project/venv310/lib/python3.10/site-packages/airflow/example_dags/example_sensor_decorator.py for tasks to queue
[2025-06-24T00:35:18.183+0700] {logging_mixin.py:188} INFO - [2025-06-24T00:35:18.183+0700] {dagbag.py:540} INFO - Filling up the DagBag from /home/panda/Documents/ODAP/Project/venv310/lib/python3.10/site-packages/airflow/example_dags/example_sensor_decorator.py
[2025-06-24T00:35:18.191+0700] {processor.py:840} INFO - DAG(s) 'example_sensor_decorator' retrieved from /home/panda/Documents/ODAP/Project/venv310/lib/python3.10/site-packages/airflow/example_dags/example_sensor_decorator.py
[2025-06-24T00:35:18.213+0700] {logging_mixin.py:188} INFO - [2025-06-24T00:35:18.213+0700] {dag.py:3096} INFO - Sync 1 DAGs
[2025-06-24T00:35:18.226+0700] {logging_mixin.py:188} INFO - [2025-06-24T00:35:18.226+0700] {dag.py:3954} INFO - Setting next_dagrun for example_sensor_decorator to None, run_after=None
[2025-06-24T00:35:18.254+0700] {processor.py:183} INFO - Processing /home/panda/Documents/ODAP/Project/venv310/lib/python3.10/site-packages/airflow/example_dags/example_sensor_decorator.py took 0.085 seconds
[2025-06-24T00:36:04.793+0700] {processor.py:161} INFO - Started process (PID=20734) to work on /home/panda/Documents/ODAP/Project/venv310/lib/python3.10/site-packages/airflow/example_dags/example_sensor_decorator.py
[2025-06-24T00:36:04.798+0700] {processor.py:830} INFO - Processing file /home/panda/Documents/ODAP/Project/venv310/lib/python3.10/site-packages/airflow/example_dags/example_sensor_decorator.py for tasks to queue
[2025-06-24T00:36:04.800+0700] {logging_mixin.py:188} INFO - [2025-06-24T00:36:04.799+0700] {dagbag.py:540} INFO - Filling up the DagBag from /home/panda/Documents/ODAP/Project/venv310/lib/python3.10/site-packages/airflow/example_dags/example_sensor_decorator.py
[2025-06-24T00:36:04.806+0700] {processor.py:840} INFO - DAG(s) 'example_sensor_decorator' retrieved from /home/panda/Documents/ODAP/Project/venv310/lib/python3.10/site-packages/airflow/example_dags/example_sensor_decorator.py
[2025-06-24T00:36:04.827+0700] {logging_mixin.py:188} INFO - [2025-06-24T00:36:04.827+0700] {dag.py:3096} INFO - Sync 1 DAGs
[2025-06-24T00:36:04.841+0700] {logging_mixin.py:188} INFO - [2025-06-24T00:36:04.840+0700] {dag.py:3954} INFO - Setting next_dagrun for example_sensor_decorator to None, run_after=None
[2025-06-24T00:36:04.861+0700] {processor.py:183} INFO - Processing /home/panda/Documents/ODAP/Project/venv310/lib/python3.10/site-packages/airflow/example_dags/example_sensor_decorator.py took 0.076 seconds
[2025-06-24T00:36:58.760+0700] {processor.py:161} INFO - Started process (PID=21095) to work on /home/panda/Documents/ODAP/Project/venv310/lib/python3.10/site-packages/airflow/example_dags/example_sensor_decorator.py
[2025-06-24T00:36:58.764+0700] {processor.py:830} INFO - Processing file /home/panda/Documents/ODAP/Project/venv310/lib/python3.10/site-packages/airflow/example_dags/example_sensor_decorator.py for tasks to queue
[2025-06-24T00:36:58.765+0700] {logging_mixin.py:188} INFO - [2025-06-24T00:36:58.765+0700] {dagbag.py:540} INFO - Filling up the DagBag from /home/panda/Documents/ODAP/Project/venv310/lib/python3.10/site-packages/airflow/example_dags/example_sensor_decorator.py
[2025-06-24T00:36:58.773+0700] {processor.py:840} INFO - DAG(s) 'example_sensor_decorator' retrieved from /home/panda/Documents/ODAP/Project/venv310/lib/python3.10/site-packages/airflow/example_dags/example_sensor_decorator.py
[2025-06-24T00:36:58.793+0700] {logging_mixin.py:188} INFO - [2025-06-24T00:36:58.793+0700] {dag.py:3096} INFO - Sync 1 DAGs
[2025-06-24T00:36:58.806+0700] {logging_mixin.py:188} INFO - [2025-06-24T00:36:58.805+0700] {dag.py:3954} INFO - Setting next_dagrun for example_sensor_decorator to None, run_after=None
[2025-06-24T00:36:58.831+0700] {processor.py:183} INFO - Processing /home/panda/Documents/ODAP/Project/venv310/lib/python3.10/site-packages/airflow/example_dags/example_sensor_decorator.py took 0.079 seconds
[2025-06-24T00:52:34.089+0700] {processor.py:161} INFO - Started process (PID=25105) to work on /home/panda/Documents/ODAP/Project/venv310/lib/python3.10/site-packages/airflow/example_dags/example_sensor_decorator.py
[2025-06-24T00:52:34.092+0700] {processor.py:830} INFO - Processing file /home/panda/Documents/ODAP/Project/venv310/lib/python3.10/site-packages/airflow/example_dags/example_sensor_decorator.py for tasks to queue
[2025-06-24T00:52:34.093+0700] {logging_mixin.py:188} INFO - [2025-06-24T00:52:34.092+0700] {dagbag.py:540} INFO - Filling up the DagBag from /home/panda/Documents/ODAP/Project/venv310/lib/python3.10/site-packages/airflow/example_dags/example_sensor_decorator.py
[2025-06-24T00:52:34.100+0700] {processor.py:840} INFO - DAG(s) 'example_sensor_decorator' retrieved from /home/panda/Documents/ODAP/Project/venv310/lib/python3.10/site-packages/airflow/example_dags/example_sensor_decorator.py
[2025-06-24T00:52:34.130+0700] {logging_mixin.py:188} INFO - [2025-06-24T00:52:34.129+0700] {dag.py:3096} INFO - Sync 1 DAGs
[2025-06-24T00:52:34.144+0700] {logging_mixin.py:188} INFO - [2025-06-24T00:52:34.144+0700] {dag.py:3954} INFO - Setting next_dagrun for example_sensor_decorator to None, run_after=None
[2025-06-24T00:52:34.183+0700] {processor.py:183} INFO - Processing /home/panda/Documents/ODAP/Project/venv310/lib/python3.10/site-packages/airflow/example_dags/example_sensor_decorator.py took 0.102 seconds
[2025-06-24T00:53:28.406+0700] {processor.py:161} INFO - Started process (PID=25289) to work on /home/panda/Documents/ODAP/Project/venv310/lib/python3.10/site-packages/airflow/example_dags/example_sensor_decorator.py
[2025-06-24T00:53:28.411+0700] {processor.py:830} INFO - Processing file /home/panda/Documents/ODAP/Project/venv310/lib/python3.10/site-packages/airflow/example_dags/example_sensor_decorator.py for tasks to queue
[2025-06-24T00:53:28.412+0700] {logging_mixin.py:188} INFO - [2025-06-24T00:53:28.412+0700] {dagbag.py:540} INFO - Filling up the DagBag from /home/panda/Documents/ODAP/Project/venv310/lib/python3.10/site-packages/airflow/example_dags/example_sensor_decorator.py
[2025-06-24T00:53:28.419+0700] {processor.py:840} INFO - DAG(s) 'example_sensor_decorator' retrieved from /home/panda/Documents/ODAP/Project/venv310/lib/python3.10/site-packages/airflow/example_dags/example_sensor_decorator.py
[2025-06-24T00:53:28.439+0700] {logging_mixin.py:188} INFO - [2025-06-24T00:53:28.439+0700] {dag.py:3096} INFO - Sync 1 DAGs
[2025-06-24T00:53:28.452+0700] {logging_mixin.py:188} INFO - [2025-06-24T00:53:28.452+0700] {dag.py:3954} INFO - Setting next_dagrun for example_sensor_decorator to None, run_after=None
[2025-06-24T00:53:28.479+0700] {processor.py:183} INFO - Processing /home/panda/Documents/ODAP/Project/venv310/lib/python3.10/site-packages/airflow/example_dags/example_sensor_decorator.py took 0.081 seconds
[2025-06-24T00:54:16.299+0700] {processor.py:161} INFO - Started process (PID=25574) to work on /home/panda/Documents/ODAP/Project/venv310/lib/python3.10/site-packages/airflow/example_dags/example_sensor_decorator.py
[2025-06-24T00:54:16.300+0700] {processor.py:830} INFO - Processing file /home/panda/Documents/ODAP/Project/venv310/lib/python3.10/site-packages/airflow/example_dags/example_sensor_decorator.py for tasks to queue
[2025-06-24T00:54:16.301+0700] {logging_mixin.py:188} INFO - [2025-06-24T00:54:16.301+0700] {dagbag.py:540} INFO - Filling up the DagBag from /home/panda/Documents/ODAP/Project/venv310/lib/python3.10/site-packages/airflow/example_dags/example_sensor_decorator.py
[2025-06-24T00:54:16.309+0700] {processor.py:840} INFO - DAG(s) 'example_sensor_decorator' retrieved from /home/panda/Documents/ODAP/Project/venv310/lib/python3.10/site-packages/airflow/example_dags/example_sensor_decorator.py
[2025-06-24T00:54:16.327+0700] {logging_mixin.py:188} INFO - [2025-06-24T00:54:16.327+0700] {dag.py:3096} INFO - Sync 1 DAGs
[2025-06-24T00:54:16.340+0700] {logging_mixin.py:188} INFO - [2025-06-24T00:54:16.340+0700] {dag.py:3954} INFO - Setting next_dagrun for example_sensor_decorator to None, run_after=None
[2025-06-24T00:54:16.376+0700] {processor.py:183} INFO - Processing /home/panda/Documents/ODAP/Project/venv310/lib/python3.10/site-packages/airflow/example_dags/example_sensor_decorator.py took 0.084 seconds
[2025-06-24T00:55:02.904+0700] {processor.py:161} INFO - Started process (PID=25739) to work on /home/panda/Documents/ODAP/Project/venv310/lib/python3.10/site-packages/airflow/example_dags/example_sensor_decorator.py
[2025-06-24T00:55:02.909+0700] {processor.py:830} INFO - Processing file /home/panda/Documents/ODAP/Project/venv310/lib/python3.10/site-packages/airflow/example_dags/example_sensor_decorator.py for tasks to queue
[2025-06-24T00:55:02.911+0700] {logging_mixin.py:188} INFO - [2025-06-24T00:55:02.910+0700] {dagbag.py:540} INFO - Filling up the DagBag from /home/panda/Documents/ODAP/Project/venv310/lib/python3.10/site-packages/airflow/example_dags/example_sensor_decorator.py
[2025-06-24T00:55:02.919+0700] {processor.py:840} INFO - DAG(s) 'example_sensor_decorator' retrieved from /home/panda/Documents/ODAP/Project/venv310/lib/python3.10/site-packages/airflow/example_dags/example_sensor_decorator.py
[2025-06-24T00:55:02.940+0700] {logging_mixin.py:188} INFO - [2025-06-24T00:55:02.939+0700] {dag.py:3096} INFO - Sync 1 DAGs
[2025-06-24T00:55:02.954+0700] {logging_mixin.py:188} INFO - [2025-06-24T00:55:02.954+0700] {dag.py:3954} INFO - Setting next_dagrun for example_sensor_decorator to None, run_after=None
[2025-06-24T00:55:02.980+0700] {processor.py:183} INFO - Processing /home/panda/Documents/ODAP/Project/venv310/lib/python3.10/site-packages/airflow/example_dags/example_sensor_decorator.py took 0.084 seconds
[2025-06-24T01:03:09.908+0700] {processor.py:161} INFO - Started process (PID=28552) to work on /home/panda/Documents/ODAP/Project/venv310/lib/python3.10/site-packages/airflow/example_dags/example_sensor_decorator.py
[2025-06-24T01:03:09.913+0700] {processor.py:830} INFO - Processing file /home/panda/Documents/ODAP/Project/venv310/lib/python3.10/site-packages/airflow/example_dags/example_sensor_decorator.py for tasks to queue
[2025-06-24T01:03:09.914+0700] {logging_mixin.py:188} INFO - [2025-06-24T01:03:09.913+0700] {dagbag.py:540} INFO - Filling up the DagBag from /home/panda/Documents/ODAP/Project/venv310/lib/python3.10/site-packages/airflow/example_dags/example_sensor_decorator.py
[2025-06-24T01:03:09.922+0700] {processor.py:840} INFO - DAG(s) 'example_sensor_decorator' retrieved from /home/panda/Documents/ODAP/Project/venv310/lib/python3.10/site-packages/airflow/example_dags/example_sensor_decorator.py
[2025-06-24T01:03:09.955+0700] {logging_mixin.py:188} INFO - [2025-06-24T01:03:09.955+0700] {dag.py:3096} INFO - Sync 1 DAGs
[2025-06-24T01:03:09.968+0700] {logging_mixin.py:188} INFO - [2025-06-24T01:03:09.968+0700] {dag.py:3954} INFO - Setting next_dagrun for example_sensor_decorator to None, run_after=None
[2025-06-24T01:03:09.992+0700] {processor.py:183} INFO - Processing /home/panda/Documents/ODAP/Project/venv310/lib/python3.10/site-packages/airflow/example_dags/example_sensor_decorator.py took 0.092 seconds
[2025-06-24T01:04:02.914+0700] {processor.py:161} INFO - Started process (PID=28712) to work on /home/panda/Documents/ODAP/Project/venv310/lib/python3.10/site-packages/airflow/example_dags/example_sensor_decorator.py
[2025-06-24T01:04:02.919+0700] {processor.py:830} INFO - Processing file /home/panda/Documents/ODAP/Project/venv310/lib/python3.10/site-packages/airflow/example_dags/example_sensor_decorator.py for tasks to queue
[2025-06-24T01:04:02.920+0700] {logging_mixin.py:188} INFO - [2025-06-24T01:04:02.920+0700] {dagbag.py:540} INFO - Filling up the DagBag from /home/panda/Documents/ODAP/Project/venv310/lib/python3.10/site-packages/airflow/example_dags/example_sensor_decorator.py
[2025-06-24T01:04:02.928+0700] {processor.py:840} INFO - DAG(s) 'example_sensor_decorator' retrieved from /home/panda/Documents/ODAP/Project/venv310/lib/python3.10/site-packages/airflow/example_dags/example_sensor_decorator.py
[2025-06-24T01:04:02.949+0700] {logging_mixin.py:188} INFO - [2025-06-24T01:04:02.948+0700] {dag.py:3096} INFO - Sync 1 DAGs
[2025-06-24T01:04:02.962+0700] {logging_mixin.py:188} INFO - [2025-06-24T01:04:02.962+0700] {dag.py:3954} INFO - Setting next_dagrun for example_sensor_decorator to None, run_after=None
[2025-06-24T01:04:02.988+0700] {processor.py:183} INFO - Processing /home/panda/Documents/ODAP/Project/venv310/lib/python3.10/site-packages/airflow/example_dags/example_sensor_decorator.py took 0.082 seconds
[2025-06-24T01:09:13.485+0700] {processor.py:161} INFO - Started process (PID=5639) to work on /home/panda/Documents/ODAP/Project/venv310/lib/python3.10/site-packages/airflow/example_dags/example_sensor_decorator.py
[2025-06-24T01:09:13.491+0700] {processor.py:830} INFO - Processing file /home/panda/Documents/ODAP/Project/venv310/lib/python3.10/site-packages/airflow/example_dags/example_sensor_decorator.py for tasks to queue
[2025-06-24T01:09:13.492+0700] {logging_mixin.py:188} INFO - [2025-06-24T01:09:13.492+0700] {dagbag.py:540} INFO - Filling up the DagBag from /home/panda/Documents/ODAP/Project/venv310/lib/python3.10/site-packages/airflow/example_dags/example_sensor_decorator.py
[2025-06-24T01:09:13.500+0700] {processor.py:840} INFO - DAG(s) 'example_sensor_decorator' retrieved from /home/panda/Documents/ODAP/Project/venv310/lib/python3.10/site-packages/airflow/example_dags/example_sensor_decorator.py
[2025-06-24T01:09:13.529+0700] {logging_mixin.py:188} INFO - [2025-06-24T01:09:13.528+0700] {dag.py:3096} INFO - Sync 1 DAGs
[2025-06-24T01:09:13.542+0700] {logging_mixin.py:188} INFO - [2025-06-24T01:09:13.542+0700] {dag.py:3954} INFO - Setting next_dagrun for example_sensor_decorator to None, run_after=None
[2025-06-24T01:09:13.572+0700] {processor.py:183} INFO - Processing /home/panda/Documents/ODAP/Project/venv310/lib/python3.10/site-packages/airflow/example_dags/example_sensor_decorator.py took 0.095 seconds
