[2025-06-24T00:02:12.141+0700] {processor.py:161} INFO - Started process (PID=5435) to work on /home/panda/Documents/ODAP/Project/venv310/lib/python3.10/site-packages/airflow/example_dags/example_sensors.py
[2025-06-24T00:02:12.142+0700] {processor.py:830} INFO - Processing file /home/panda/Documents/ODAP/Project/venv310/lib/python3.10/site-packages/airflow/example_dags/example_sensors.py for tasks to queue
[2025-06-24T00:02:12.145+0700] {logging_mixin.py:188} INFO - [2025-06-24T00:02:12.144+0700] {dagbag.py:540} INFO - Filling up the DagBag from /home/panda/Documents/ODAP/Project/venv310/lib/python3.10/site-packages/airflow/example_dags/example_sensors.py
[2025-06-24T00:02:12.159+0700] {processor.py:840} INFO - DAG(s) 'example_sensors' retrieved from /home/panda/Documents/ODAP/Project/venv310/lib/python3.10/site-packages/airflow/example_dags/example_sensors.py
[2025-06-24T00:02:12.188+0700] {logging_mixin.py:188} INFO - [2025-06-24T00:02:12.187+0700] {dag.py:3096} INFO - Sync 1 DAGs
[2025-06-24T00:02:12.200+0700] {logging_mixin.py:188} INFO - [2025-06-24T00:02:12.200+0700] {dag.py:3954} INFO - Setting next_dagrun for example_sensors to None, run_after=None
[2025-06-24T00:02:12.229+0700] {processor.py:183} INFO - Processing /home/panda/Documents/ODAP/Project/venv310/lib/python3.10/site-packages/airflow/example_dags/example_sensors.py took 0.096 seconds
[2025-06-24T00:03:06.506+0700] {processor.py:161} INFO - Started process (PID=6220) to work on /home/panda/Documents/ODAP/Project/venv310/lib/python3.10/site-packages/airflow/example_dags/example_sensors.py
[2025-06-24T00:03:06.511+0700] {processor.py:830} INFO - Processing file /home/panda/Documents/ODAP/Project/venv310/lib/python3.10/site-packages/airflow/example_dags/example_sensors.py for tasks to queue
[2025-06-24T00:03:06.513+0700] {logging_mixin.py:188} INFO - [2025-06-24T00:03:06.513+0700] {dagbag.py:540} INFO - Filling up the DagBag from /home/panda/Documents/ODAP/Project/venv310/lib/python3.10/site-packages/airflow/example_dags/example_sensors.py
[2025-06-24T00:03:06.524+0700] {processor.py:840} INFO - DAG(s) 'example_sensors' retrieved from /home/panda/Documents/ODAP/Project/venv310/lib/python3.10/site-packages/airflow/example_dags/example_sensors.py
[2025-06-24T00:03:06.548+0700] {logging_mixin.py:188} INFO - [2025-06-24T00:03:06.548+0700] {dag.py:3096} INFO - Sync 1 DAGs
[2025-06-24T00:03:06.560+0700] {logging_mixin.py:188} INFO - [2025-06-24T00:03:06.560+0700] {dag.py:3954} INFO - Setting next_dagrun for example_sensors to None, run_after=None
[2025-06-24T00:03:06.590+0700] {processor.py:183} INFO - Processing /home/panda/Documents/ODAP/Project/venv310/lib/python3.10/site-packages/airflow/example_dags/example_sensors.py took 0.090 seconds
[2025-06-24T00:04:02.395+0700] {processor.py:161} INFO - Started process (PID=6763) to work on /home/panda/Documents/ODAP/Project/venv310/lib/python3.10/site-packages/airflow/example_dags/example_sensors.py
[2025-06-24T00:04:02.400+0700] {processor.py:830} INFO - Processing file /home/panda/Documents/ODAP/Project/venv310/lib/python3.10/site-packages/airflow/example_dags/example_sensors.py for tasks to queue
[2025-06-24T00:04:02.402+0700] {logging_mixin.py:188} INFO - [2025-06-24T00:04:02.401+0700] {dagbag.py:540} INFO - Filling up the DagBag from /home/panda/Documents/ODAP/Project/venv310/lib/python3.10/site-packages/airflow/example_dags/example_sensors.py
[2025-06-24T00:04:02.415+0700] {processor.py:840} INFO - DAG(s) 'example_sensors' retrieved from /home/panda/Documents/ODAP/Project/venv310/lib/python3.10/site-packages/airflow/example_dags/example_sensors.py
[2025-06-24T00:04:02.591+0700] {logging_mixin.py:188} INFO - [2025-06-24T00:04:02.591+0700] {dag.py:3096} INFO - Sync 1 DAGs
[2025-06-24T00:04:02.605+0700] {logging_mixin.py:188} INFO - [2025-06-24T00:04:02.605+0700] {dag.py:3954} INFO - Setting next_dagrun for example_sensors to None, run_after=None
[2025-06-24T00:04:02.634+0700] {processor.py:183} INFO - Processing /home/panda/Documents/ODAP/Project/venv310/lib/python3.10/site-packages/airflow/example_dags/example_sensors.py took 0.247 seconds
[2025-06-24T00:04:51.886+0700] {processor.py:161} INFO - Started process (PID=6893) to work on /home/panda/Documents/ODAP/Project/venv310/lib/python3.10/site-packages/airflow/example_dags/example_sensors.py
[2025-06-24T00:04:51.891+0700] {processor.py:830} INFO - Processing file /home/panda/Documents/ODAP/Project/venv310/lib/python3.10/site-packages/airflow/example_dags/example_sensors.py for tasks to queue
[2025-06-24T00:04:51.893+0700] {logging_mixin.py:188} INFO - [2025-06-24T00:04:51.893+0700] {dagbag.py:540} INFO - Filling up the DagBag from /home/panda/Documents/ODAP/Project/venv310/lib/python3.10/site-packages/airflow/example_dags/example_sensors.py
[2025-06-24T00:04:51.905+0700] {processor.py:840} INFO - DAG(s) 'example_sensors' retrieved from /home/panda/Documents/ODAP/Project/venv310/lib/python3.10/site-packages/airflow/example_dags/example_sensors.py
[2025-06-24T00:04:51.929+0700] {logging_mixin.py:188} INFO - [2025-06-24T00:04:51.928+0700] {dag.py:3096} INFO - Sync 1 DAGs
[2025-06-24T00:04:51.945+0700] {logging_mixin.py:188} INFO - [2025-06-24T00:04:51.944+0700] {dag.py:3954} INFO - Setting next_dagrun for example_sensors to None, run_after=None
[2025-06-24T00:04:51.980+0700] {processor.py:183} INFO - Processing /home/panda/Documents/ODAP/Project/venv310/lib/python3.10/site-packages/airflow/example_dags/example_sensors.py took 0.102 seconds
[2025-06-24T00:07:19.335+0700] {processor.py:161} INFO - Started process (PID=8115) to work on /home/panda/Documents/ODAP/Project/venv310/lib/python3.10/site-packages/airflow/example_dags/example_sensors.py
[2025-06-24T00:07:19.340+0700] {processor.py:830} INFO - Processing file /home/panda/Documents/ODAP/Project/venv310/lib/python3.10/site-packages/airflow/example_dags/example_sensors.py for tasks to queue
[2025-06-24T00:07:19.341+0700] {logging_mixin.py:188} INFO - [2025-06-24T00:07:19.341+0700] {dagbag.py:540} INFO - Filling up the DagBag from /home/panda/Documents/ODAP/Project/venv310/lib/python3.10/site-packages/airflow/example_dags/example_sensors.py
[2025-06-24T00:07:19.353+0700] {processor.py:840} INFO - DAG(s) 'example_sensors' retrieved from /home/panda/Documents/ODAP/Project/venv310/lib/python3.10/site-packages/airflow/example_dags/example_sensors.py
[2025-06-24T00:07:19.379+0700] {logging_mixin.py:188} INFO - [2025-06-24T00:07:19.379+0700] {dag.py:3096} INFO - Sync 1 DAGs
[2025-06-24T00:07:19.391+0700] {logging_mixin.py:188} INFO - [2025-06-24T00:07:19.391+0700] {dag.py:3954} INFO - Setting next_dagrun for example_sensors to None, run_after=None
[2025-06-24T00:07:19.412+0700] {processor.py:183} INFO - Processing /home/panda/Documents/ODAP/Project/venv310/lib/python3.10/site-packages/airflow/example_dags/example_sensors.py took 0.084 seconds
[2025-06-24T00:08:33.942+0700] {processor.py:161} INFO - Started process (PID=10659) to work on /home/panda/Documents/ODAP/Project/venv310/lib/python3.10/site-packages/airflow/example_dags/example_sensors.py
[2025-06-24T00:08:33.948+0700] {processor.py:830} INFO - Processing file /home/panda/Documents/ODAP/Project/venv310/lib/python3.10/site-packages/airflow/example_dags/example_sensors.py for tasks to queue
[2025-06-24T00:08:33.949+0700] {logging_mixin.py:188} INFO - [2025-06-24T00:08:33.948+0700] {dagbag.py:540} INFO - Filling up the DagBag from /home/panda/Documents/ODAP/Project/venv310/lib/python3.10/site-packages/airflow/example_dags/example_sensors.py
[2025-06-24T00:08:33.961+0700] {processor.py:840} INFO - DAG(s) 'example_sensors' retrieved from /home/panda/Documents/ODAP/Project/venv310/lib/python3.10/site-packages/airflow/example_dags/example_sensors.py
[2025-06-24T00:08:33.986+0700] {logging_mixin.py:188} INFO - [2025-06-24T00:08:33.986+0700] {dag.py:3096} INFO - Sync 1 DAGs
[2025-06-24T00:08:33.998+0700] {logging_mixin.py:188} INFO - [2025-06-24T00:08:33.998+0700] {dag.py:3954} INFO - Setting next_dagrun for example_sensors to None, run_after=None
[2025-06-24T00:08:34.029+0700] {processor.py:183} INFO - Processing /home/panda/Documents/ODAP/Project/venv310/lib/python3.10/site-packages/airflow/example_dags/example_sensors.py took 0.094 seconds
[2025-06-24T00:09:34.910+0700] {processor.py:161} INFO - Started process (PID=10825) to work on /home/panda/Documents/ODAP/Project/venv310/lib/python3.10/site-packages/airflow/example_dags/example_sensors.py
[2025-06-24T00:09:34.914+0700] {processor.py:830} INFO - Processing file /home/panda/Documents/ODAP/Project/venv310/lib/python3.10/site-packages/airflow/example_dags/example_sensors.py for tasks to queue
[2025-06-24T00:09:34.916+0700] {logging_mixin.py:188} INFO - [2025-06-24T00:09:34.915+0700] {dagbag.py:540} INFO - Filling up the DagBag from /home/panda/Documents/ODAP/Project/venv310/lib/python3.10/site-packages/airflow/example_dags/example_sensors.py
[2025-06-24T00:09:34.927+0700] {processor.py:840} INFO - DAG(s) 'example_sensors' retrieved from /home/panda/Documents/ODAP/Project/venv310/lib/python3.10/site-packages/airflow/example_dags/example_sensors.py
[2025-06-24T00:09:34.952+0700] {logging_mixin.py:188} INFO - [2025-06-24T00:09:34.951+0700] {dag.py:3096} INFO - Sync 1 DAGs
[2025-06-24T00:09:34.965+0700] {logging_mixin.py:188} INFO - [2025-06-24T00:09:34.964+0700] {dag.py:3954} INFO - Setting next_dagrun for example_sensors to None, run_after=None
[2025-06-24T00:09:34.995+0700] {processor.py:183} INFO - Processing /home/panda/Documents/ODAP/Project/venv310/lib/python3.10/site-packages/airflow/example_dags/example_sensors.py took 0.092 seconds
[2025-06-24T00:10:30.574+0700] {processor.py:161} INFO - Started process (PID=10975) to work on /home/panda/Documents/ODAP/Project/venv310/lib/python3.10/site-packages/airflow/example_dags/example_sensors.py
[2025-06-24T00:10:30.579+0700] {processor.py:830} INFO - Processing file /home/panda/Documents/ODAP/Project/venv310/lib/python3.10/site-packages/airflow/example_dags/example_sensors.py for tasks to queue
[2025-06-24T00:10:30.580+0700] {logging_mixin.py:188} INFO - [2025-06-24T00:10:30.580+0700] {dagbag.py:540} INFO - Filling up the DagBag from /home/panda/Documents/ODAP/Project/venv310/lib/python3.10/site-packages/airflow/example_dags/example_sensors.py
[2025-06-24T00:10:30.592+0700] {processor.py:840} INFO - DAG(s) 'example_sensors' retrieved from /home/panda/Documents/ODAP/Project/venv310/lib/python3.10/site-packages/airflow/example_dags/example_sensors.py
[2025-06-24T00:10:30.616+0700] {logging_mixin.py:188} INFO - [2025-06-24T00:10:30.615+0700] {dag.py:3096} INFO - Sync 1 DAGs
[2025-06-24T00:10:30.627+0700] {logging_mixin.py:188} INFO - [2025-06-24T00:10:30.627+0700] {dag.py:3954} INFO - Setting next_dagrun for example_sensors to None, run_after=None
[2025-06-24T00:10:30.650+0700] {processor.py:183} INFO - Processing /home/panda/Documents/ODAP/Project/venv310/lib/python3.10/site-packages/airflow/example_dags/example_sensors.py took 0.084 seconds
[2025-06-24T00:11:43.577+0700] {processor.py:161} INFO - Started process (PID=12469) to work on /home/panda/Documents/ODAP/Project/venv310/lib/python3.10/site-packages/airflow/example_dags/example_sensors.py
[2025-06-24T00:11:43.582+0700] {processor.py:830} INFO - Processing file /home/panda/Documents/ODAP/Project/venv310/lib/python3.10/site-packages/airflow/example_dags/example_sensors.py for tasks to queue
[2025-06-24T00:11:43.583+0700] {logging_mixin.py:188} INFO - [2025-06-24T00:11:43.583+0700] {dagbag.py:540} INFO - Filling up the DagBag from /home/panda/Documents/ODAP/Project/venv310/lib/python3.10/site-packages/airflow/example_dags/example_sensors.py
[2025-06-24T00:11:43.595+0700] {processor.py:840} INFO - DAG(s) 'example_sensors' retrieved from /home/panda/Documents/ODAP/Project/venv310/lib/python3.10/site-packages/airflow/example_dags/example_sensors.py
[2025-06-24T00:11:43.618+0700] {logging_mixin.py:188} INFO - [2025-06-24T00:11:43.617+0700] {dag.py:3096} INFO - Sync 1 DAGs
[2025-06-24T00:11:43.629+0700] {logging_mixin.py:188} INFO - [2025-06-24T00:11:43.629+0700] {dag.py:3954} INFO - Setting next_dagrun for example_sensors to None, run_after=None
[2025-06-24T00:11:43.663+0700] {processor.py:183} INFO - Processing /home/panda/Documents/ODAP/Project/venv310/lib/python3.10/site-packages/airflow/example_dags/example_sensors.py took 0.093 seconds
[2025-06-24T00:12:34.461+0700] {processor.py:161} INFO - Started process (PID=12677) to work on /home/panda/Documents/ODAP/Project/venv310/lib/python3.10/site-packages/airflow/example_dags/example_sensors.py
[2025-06-24T00:12:34.466+0700] {processor.py:830} INFO - Processing file /home/panda/Documents/ODAP/Project/venv310/lib/python3.10/site-packages/airflow/example_dags/example_sensors.py for tasks to queue
[2025-06-24T00:12:34.467+0700] {logging_mixin.py:188} INFO - [2025-06-24T00:12:34.467+0700] {dagbag.py:540} INFO - Filling up the DagBag from /home/panda/Documents/ODAP/Project/venv310/lib/python3.10/site-packages/airflow/example_dags/example_sensors.py
[2025-06-24T00:12:34.478+0700] {processor.py:840} INFO - DAG(s) 'example_sensors' retrieved from /home/panda/Documents/ODAP/Project/venv310/lib/python3.10/site-packages/airflow/example_dags/example_sensors.py
[2025-06-24T00:12:34.501+0700] {logging_mixin.py:188} INFO - [2025-06-24T00:12:34.501+0700] {dag.py:3096} INFO - Sync 1 DAGs
[2025-06-24T00:12:34.512+0700] {logging_mixin.py:188} INFO - [2025-06-24T00:12:34.512+0700] {dag.py:3954} INFO - Setting next_dagrun for example_sensors to None, run_after=None
[2025-06-24T00:12:34.540+0700] {processor.py:183} INFO - Processing /home/panda/Documents/ODAP/Project/venv310/lib/python3.10/site-packages/airflow/example_dags/example_sensors.py took 0.086 seconds
[2025-06-24T00:13:19.591+0700] {processor.py:161} INFO - Started process (PID=12827) to work on /home/panda/Documents/ODAP/Project/venv310/lib/python3.10/site-packages/airflow/example_dags/example_sensors.py
[2025-06-24T00:13:19.596+0700] {processor.py:830} INFO - Processing file /home/panda/Documents/ODAP/Project/venv310/lib/python3.10/site-packages/airflow/example_dags/example_sensors.py for tasks to queue
[2025-06-24T00:13:19.597+0700] {logging_mixin.py:188} INFO - [2025-06-24T00:13:19.596+0700] {dagbag.py:540} INFO - Filling up the DagBag from /home/panda/Documents/ODAP/Project/venv310/lib/python3.10/site-packages/airflow/example_dags/example_sensors.py
[2025-06-24T00:13:19.609+0700] {processor.py:840} INFO - DAG(s) 'example_sensors' retrieved from /home/panda/Documents/ODAP/Project/venv310/lib/python3.10/site-packages/airflow/example_dags/example_sensors.py
[2025-06-24T00:13:19.635+0700] {logging_mixin.py:188} INFO - [2025-06-24T00:13:19.634+0700] {dag.py:3096} INFO - Sync 1 DAGs
[2025-06-24T00:13:19.649+0700] {logging_mixin.py:188} INFO - [2025-06-24T00:13:19.649+0700] {dag.py:3954} INFO - Setting next_dagrun for example_sensors to None, run_after=None
[2025-06-24T00:13:19.679+0700] {processor.py:183} INFO - Processing /home/panda/Documents/ODAP/Project/venv310/lib/python3.10/site-packages/airflow/example_dags/example_sensors.py took 0.096 seconds
[2025-06-24T00:14:05.484+0700] {processor.py:161} INFO - Started process (PID=13069) to work on /home/panda/Documents/ODAP/Project/venv310/lib/python3.10/site-packages/airflow/example_dags/example_sensors.py
[2025-06-24T00:14:05.487+0700] {processor.py:830} INFO - Processing file /home/panda/Documents/ODAP/Project/venv310/lib/python3.10/site-packages/airflow/example_dags/example_sensors.py for tasks to queue
[2025-06-24T00:14:05.488+0700] {logging_mixin.py:188} INFO - [2025-06-24T00:14:05.488+0700] {dagbag.py:540} INFO - Filling up the DagBag from /home/panda/Documents/ODAP/Project/venv310/lib/python3.10/site-packages/airflow/example_dags/example_sensors.py
[2025-06-24T00:14:05.500+0700] {processor.py:840} INFO - DAG(s) 'example_sensors' retrieved from /home/panda/Documents/ODAP/Project/venv310/lib/python3.10/site-packages/airflow/example_dags/example_sensors.py
[2025-06-24T00:14:05.524+0700] {logging_mixin.py:188} INFO - [2025-06-24T00:14:05.524+0700] {dag.py:3096} INFO - Sync 1 DAGs
[2025-06-24T00:14:05.536+0700] {logging_mixin.py:188} INFO - [2025-06-24T00:14:05.536+0700] {dag.py:3954} INFO - Setting next_dagrun for example_sensors to None, run_after=None
[2025-06-24T00:14:05.562+0700] {processor.py:183} INFO - Processing /home/panda/Documents/ODAP/Project/venv310/lib/python3.10/site-packages/airflow/example_dags/example_sensors.py took 0.085 seconds
[2025-06-24T00:14:50.953+0700] {processor.py:161} INFO - Started process (PID=13201) to work on /home/panda/Documents/ODAP/Project/venv310/lib/python3.10/site-packages/airflow/example_dags/example_sensors.py
[2025-06-24T00:14:50.958+0700] {processor.py:830} INFO - Processing file /home/panda/Documents/ODAP/Project/venv310/lib/python3.10/site-packages/airflow/example_dags/example_sensors.py for tasks to queue
[2025-06-24T00:14:50.959+0700] {logging_mixin.py:188} INFO - [2025-06-24T00:14:50.959+0700] {dagbag.py:540} INFO - Filling up the DagBag from /home/panda/Documents/ODAP/Project/venv310/lib/python3.10/site-packages/airflow/example_dags/example_sensors.py
[2025-06-24T00:14:50.970+0700] {processor.py:840} INFO - DAG(s) 'example_sensors' retrieved from /home/panda/Documents/ODAP/Project/venv310/lib/python3.10/site-packages/airflow/example_dags/example_sensors.py
[2025-06-24T00:14:50.994+0700] {logging_mixin.py:188} INFO - [2025-06-24T00:14:50.993+0700] {dag.py:3096} INFO - Sync 1 DAGs
[2025-06-24T00:14:51.006+0700] {logging_mixin.py:188} INFO - [2025-06-24T00:14:51.006+0700] {dag.py:3954} INFO - Setting next_dagrun for example_sensors to None, run_after=None
[2025-06-24T00:14:51.039+0700] {processor.py:183} INFO - Processing /home/panda/Documents/ODAP/Project/venv310/lib/python3.10/site-packages/airflow/example_dags/example_sensors.py took 0.093 seconds
[2025-06-24T00:21:29.415+0700] {processor.py:161} INFO - Started process (PID=16589) to work on /home/panda/Documents/ODAP/Project/venv310/lib/python3.10/site-packages/airflow/example_dags/example_sensors.py
[2025-06-24T00:21:29.421+0700] {processor.py:830} INFO - Processing file /home/panda/Documents/ODAP/Project/venv310/lib/python3.10/site-packages/airflow/example_dags/example_sensors.py for tasks to queue
[2025-06-24T00:21:29.422+0700] {logging_mixin.py:188} INFO - [2025-06-24T00:21:29.422+0700] {dagbag.py:540} INFO - Filling up the DagBag from /home/panda/Documents/ODAP/Project/venv310/lib/python3.10/site-packages/airflow/example_dags/example_sensors.py
[2025-06-24T00:21:29.435+0700] {processor.py:840} INFO - DAG(s) 'example_sensors' retrieved from /home/panda/Documents/ODAP/Project/venv310/lib/python3.10/site-packages/airflow/example_dags/example_sensors.py
[2025-06-24T00:21:29.464+0700] {logging_mixin.py:188} INFO - [2025-06-24T00:21:29.464+0700] {dag.py:3096} INFO - Sync 1 DAGs
[2025-06-24T00:21:29.478+0700] {logging_mixin.py:188} INFO - [2025-06-24T00:21:29.478+0700] {dag.py:3954} INFO - Setting next_dagrun for example_sensors to None, run_after=None
[2025-06-24T00:21:29.502+0700] {processor.py:183} INFO - Processing /home/panda/Documents/ODAP/Project/venv310/lib/python3.10/site-packages/airflow/example_dags/example_sensors.py took 0.095 seconds
[2025-06-24T00:22:22.262+0700] {processor.py:161} INFO - Started process (PID=16784) to work on /home/panda/Documents/ODAP/Project/venv310/lib/python3.10/site-packages/airflow/example_dags/example_sensors.py
[2025-06-24T00:22:22.267+0700] {processor.py:830} INFO - Processing file /home/panda/Documents/ODAP/Project/venv310/lib/python3.10/site-packages/airflow/example_dags/example_sensors.py for tasks to queue
[2025-06-24T00:22:22.268+0700] {logging_mixin.py:188} INFO - [2025-06-24T00:22:22.268+0700] {dagbag.py:540} INFO - Filling up the DagBag from /home/panda/Documents/ODAP/Project/venv310/lib/python3.10/site-packages/airflow/example_dags/example_sensors.py
[2025-06-24T00:22:22.281+0700] {processor.py:840} INFO - DAG(s) 'example_sensors' retrieved from /home/panda/Documents/ODAP/Project/venv310/lib/python3.10/site-packages/airflow/example_dags/example_sensors.py
[2025-06-24T00:22:22.308+0700] {logging_mixin.py:188} INFO - [2025-06-24T00:22:22.307+0700] {dag.py:3096} INFO - Sync 1 DAGs
[2025-06-24T00:22:22.321+0700] {logging_mixin.py:188} INFO - [2025-06-24T00:22:22.320+0700] {dag.py:3954} INFO - Setting next_dagrun for example_sensors to None, run_after=None
[2025-06-24T00:22:22.355+0700] {processor.py:183} INFO - Processing /home/panda/Documents/ODAP/Project/venv310/lib/python3.10/site-packages/airflow/example_dags/example_sensors.py took 0.101 seconds
[2025-06-24T00:23:22.439+0700] {processor.py:161} INFO - Started process (PID=18254) to work on /home/panda/Documents/ODAP/Project/venv310/lib/python3.10/site-packages/airflow/example_dags/example_sensors.py
[2025-06-24T00:23:22.444+0700] {processor.py:830} INFO - Processing file /home/panda/Documents/ODAP/Project/venv310/lib/python3.10/site-packages/airflow/example_dags/example_sensors.py for tasks to queue
[2025-06-24T00:23:22.445+0700] {logging_mixin.py:188} INFO - [2025-06-24T00:23:22.445+0700] {dagbag.py:540} INFO - Filling up the DagBag from /home/panda/Documents/ODAP/Project/venv310/lib/python3.10/site-packages/airflow/example_dags/example_sensors.py
[2025-06-24T00:23:22.457+0700] {processor.py:840} INFO - DAG(s) 'example_sensors' retrieved from /home/panda/Documents/ODAP/Project/venv310/lib/python3.10/site-packages/airflow/example_dags/example_sensors.py
[2025-06-24T00:23:22.482+0700] {logging_mixin.py:188} INFO - [2025-06-24T00:23:22.482+0700] {dag.py:3096} INFO - Sync 1 DAGs
[2025-06-24T00:23:22.495+0700] {logging_mixin.py:188} INFO - [2025-06-24T00:23:22.495+0700] {dag.py:3954} INFO - Setting next_dagrun for example_sensors to None, run_after=None
[2025-06-24T00:23:22.523+0700] {processor.py:183} INFO - Processing /home/panda/Documents/ODAP/Project/venv310/lib/python3.10/site-packages/airflow/example_dags/example_sensors.py took 0.091 seconds
[2025-06-24T00:33:41.237+0700] {processor.py:161} INFO - Started process (PID=20232) to work on /home/panda/Documents/ODAP/Project/venv310/lib/python3.10/site-packages/airflow/example_dags/example_sensors.py
[2025-06-24T00:33:41.242+0700] {processor.py:830} INFO - Processing file /home/panda/Documents/ODAP/Project/venv310/lib/python3.10/site-packages/airflow/example_dags/example_sensors.py for tasks to queue
[2025-06-24T00:33:41.243+0700] {logging_mixin.py:188} INFO - [2025-06-24T00:33:41.243+0700] {dagbag.py:540} INFO - Filling up the DagBag from /home/panda/Documents/ODAP/Project/venv310/lib/python3.10/site-packages/airflow/example_dags/example_sensors.py
[2025-06-24T00:33:41.255+0700] {processor.py:840} INFO - DAG(s) 'example_sensors' retrieved from /home/panda/Documents/ODAP/Project/venv310/lib/python3.10/site-packages/airflow/example_dags/example_sensors.py
[2025-06-24T00:33:41.280+0700] {logging_mixin.py:188} INFO - [2025-06-24T00:33:41.280+0700] {dag.py:3096} INFO - Sync 1 DAGs
[2025-06-24T00:33:41.295+0700] {logging_mixin.py:188} INFO - [2025-06-24T00:33:41.295+0700] {dag.py:3954} INFO - Setting next_dagrun for example_sensors to None, run_after=None
[2025-06-24T00:33:41.318+0700] {processor.py:183} INFO - Processing /home/panda/Documents/ODAP/Project/venv310/lib/python3.10/site-packages/airflow/example_dags/example_sensors.py took 0.088 seconds
[2025-06-24T00:34:35.144+0700] {processor.py:161} INFO - Started process (PID=20407) to work on /home/panda/Documents/ODAP/Project/venv310/lib/python3.10/site-packages/airflow/example_dags/example_sensors.py
[2025-06-24T00:34:35.149+0700] {processor.py:830} INFO - Processing file /home/panda/Documents/ODAP/Project/venv310/lib/python3.10/site-packages/airflow/example_dags/example_sensors.py for tasks to queue
[2025-06-24T00:34:35.150+0700] {logging_mixin.py:188} INFO - [2025-06-24T00:34:35.150+0700] {dagbag.py:540} INFO - Filling up the DagBag from /home/panda/Documents/ODAP/Project/venv310/lib/python3.10/site-packages/airflow/example_dags/example_sensors.py
[2025-06-24T00:34:35.163+0700] {processor.py:840} INFO - DAG(s) 'example_sensors' retrieved from /home/panda/Documents/ODAP/Project/venv310/lib/python3.10/site-packages/airflow/example_dags/example_sensors.py
[2025-06-24T00:34:35.190+0700] {logging_mixin.py:188} INFO - [2025-06-24T00:34:35.190+0700] {dag.py:3096} INFO - Sync 1 DAGs
[2025-06-24T00:34:35.203+0700] {logging_mixin.py:188} INFO - [2025-06-24T00:34:35.203+0700] {dag.py:3954} INFO - Setting next_dagrun for example_sensors to None, run_after=None
[2025-06-24T00:34:35.234+0700] {processor.py:183} INFO - Processing /home/panda/Documents/ODAP/Project/venv310/lib/python3.10/site-packages/airflow/example_dags/example_sensors.py took 0.097 seconds
[2025-06-24T00:35:28.606+0700] {processor.py:161} INFO - Started process (PID=20560) to work on /home/panda/Documents/ODAP/Project/venv310/lib/python3.10/site-packages/airflow/example_dags/example_sensors.py
[2025-06-24T00:35:28.610+0700] {processor.py:830} INFO - Processing file /home/panda/Documents/ODAP/Project/venv310/lib/python3.10/site-packages/airflow/example_dags/example_sensors.py for tasks to queue
[2025-06-24T00:35:28.611+0700] {logging_mixin.py:188} INFO - [2025-06-24T00:35:28.611+0700] {dagbag.py:540} INFO - Filling up the DagBag from /home/panda/Documents/ODAP/Project/venv310/lib/python3.10/site-packages/airflow/example_dags/example_sensors.py
[2025-06-24T00:35:28.623+0700] {processor.py:840} INFO - DAG(s) 'example_sensors' retrieved from /home/panda/Documents/ODAP/Project/venv310/lib/python3.10/site-packages/airflow/example_dags/example_sensors.py
[2025-06-24T00:35:28.646+0700] {logging_mixin.py:188} INFO - [2025-06-24T00:35:28.646+0700] {dag.py:3096} INFO - Sync 1 DAGs
[2025-06-24T00:35:28.659+0700] {logging_mixin.py:188} INFO - [2025-06-24T00:35:28.659+0700] {dag.py:3954} INFO - Setting next_dagrun for example_sensors to None, run_after=None
[2025-06-24T00:35:28.690+0700] {processor.py:183} INFO - Processing /home/panda/Documents/ODAP/Project/venv310/lib/python3.10/site-packages/airflow/example_dags/example_sensors.py took 0.091 seconds
[2025-06-24T00:36:15.147+0700] {processor.py:161} INFO - Started process (PID=20842) to work on /home/panda/Documents/ODAP/Project/venv310/lib/python3.10/site-packages/airflow/example_dags/example_sensors.py
[2025-06-24T00:36:15.150+0700] {processor.py:830} INFO - Processing file /home/panda/Documents/ODAP/Project/venv310/lib/python3.10/site-packages/airflow/example_dags/example_sensors.py for tasks to queue
[2025-06-24T00:36:15.151+0700] {logging_mixin.py:188} INFO - [2025-06-24T00:36:15.150+0700] {dagbag.py:540} INFO - Filling up the DagBag from /home/panda/Documents/ODAP/Project/venv310/lib/python3.10/site-packages/airflow/example_dags/example_sensors.py
[2025-06-24T00:36:15.162+0700] {processor.py:840} INFO - DAG(s) 'example_sensors' retrieved from /home/panda/Documents/ODAP/Project/venv310/lib/python3.10/site-packages/airflow/example_dags/example_sensors.py
[2025-06-24T00:36:15.186+0700] {logging_mixin.py:188} INFO - [2025-06-24T00:36:15.186+0700] {dag.py:3096} INFO - Sync 1 DAGs
[2025-06-24T00:36:15.198+0700] {logging_mixin.py:188} INFO - [2025-06-24T00:36:15.198+0700] {dag.py:3954} INFO - Setting next_dagrun for example_sensors to None, run_after=None
[2025-06-24T00:36:15.223+0700] {processor.py:183} INFO - Processing /home/panda/Documents/ODAP/Project/venv310/lib/python3.10/site-packages/airflow/example_dags/example_sensors.py took 0.083 seconds
[2025-06-24T00:37:03.750+0700] {processor.py:161} INFO - Started process (PID=21141) to work on /home/panda/Documents/ODAP/Project/venv310/lib/python3.10/site-packages/airflow/example_dags/example_sensors.py
[2025-06-24T00:37:03.753+0700] {processor.py:830} INFO - Processing file /home/panda/Documents/ODAP/Project/venv310/lib/python3.10/site-packages/airflow/example_dags/example_sensors.py for tasks to queue
[2025-06-24T00:37:03.754+0700] {logging_mixin.py:188} INFO - [2025-06-24T00:37:03.754+0700] {dagbag.py:540} INFO - Filling up the DagBag from /home/panda/Documents/ODAP/Project/venv310/lib/python3.10/site-packages/airflow/example_dags/example_sensors.py
[2025-06-24T00:37:03.766+0700] {processor.py:840} INFO - DAG(s) 'example_sensors' retrieved from /home/panda/Documents/ODAP/Project/venv310/lib/python3.10/site-packages/airflow/example_dags/example_sensors.py
[2025-06-24T00:37:03.795+0700] {logging_mixin.py:188} INFO - [2025-06-24T00:37:03.795+0700] {dag.py:3096} INFO - Sync 1 DAGs
[2025-06-24T00:37:03.808+0700] {logging_mixin.py:188} INFO - [2025-06-24T00:37:03.808+0700] {dag.py:3954} INFO - Setting next_dagrun for example_sensors to None, run_after=None
[2025-06-24T00:37:03.841+0700] {processor.py:183} INFO - Processing /home/panda/Documents/ODAP/Project/venv310/lib/python3.10/site-packages/airflow/example_dags/example_sensors.py took 0.099 seconds
[2025-06-24T00:52:39.356+0700] {processor.py:161} INFO - Started process (PID=25134) to work on /home/panda/Documents/ODAP/Project/venv310/lib/python3.10/site-packages/airflow/example_dags/example_sensors.py
[2025-06-24T00:52:39.361+0700] {processor.py:830} INFO - Processing file /home/panda/Documents/ODAP/Project/venv310/lib/python3.10/site-packages/airflow/example_dags/example_sensors.py for tasks to queue
[2025-06-24T00:52:39.362+0700] {logging_mixin.py:188} INFO - [2025-06-24T00:52:39.362+0700] {dagbag.py:540} INFO - Filling up the DagBag from /home/panda/Documents/ODAP/Project/venv310/lib/python3.10/site-packages/airflow/example_dags/example_sensors.py
[2025-06-24T00:52:39.375+0700] {processor.py:840} INFO - DAG(s) 'example_sensors' retrieved from /home/panda/Documents/ODAP/Project/venv310/lib/python3.10/site-packages/airflow/example_dags/example_sensors.py
[2025-06-24T00:52:39.404+0700] {logging_mixin.py:188} INFO - [2025-06-24T00:52:39.403+0700] {dag.py:3096} INFO - Sync 1 DAGs
[2025-06-24T00:52:39.417+0700] {logging_mixin.py:188} INFO - [2025-06-24T00:52:39.417+0700] {dag.py:3954} INFO - Setting next_dagrun for example_sensors to None, run_after=None
[2025-06-24T00:52:39.448+0700] {processor.py:183} INFO - Processing /home/panda/Documents/ODAP/Project/venv310/lib/python3.10/site-packages/airflow/example_dags/example_sensors.py took 0.100 seconds
[2025-06-24T00:53:33.147+0700] {processor.py:161} INFO - Started process (PID=25304) to work on /home/panda/Documents/ODAP/Project/venv310/lib/python3.10/site-packages/airflow/example_dags/example_sensors.py
[2025-06-24T00:53:33.152+0700] {processor.py:830} INFO - Processing file /home/panda/Documents/ODAP/Project/venv310/lib/python3.10/site-packages/airflow/example_dags/example_sensors.py for tasks to queue
[2025-06-24T00:53:33.153+0700] {logging_mixin.py:188} INFO - [2025-06-24T00:53:33.152+0700] {dagbag.py:540} INFO - Filling up the DagBag from /home/panda/Documents/ODAP/Project/venv310/lib/python3.10/site-packages/airflow/example_dags/example_sensors.py
[2025-06-24T00:53:33.165+0700] {processor.py:840} INFO - DAG(s) 'example_sensors' retrieved from /home/panda/Documents/ODAP/Project/venv310/lib/python3.10/site-packages/airflow/example_dags/example_sensors.py
[2025-06-24T00:53:33.189+0700] {logging_mixin.py:188} INFO - [2025-06-24T00:53:33.188+0700] {dag.py:3096} INFO - Sync 1 DAGs
[2025-06-24T00:53:33.201+0700] {logging_mixin.py:188} INFO - [2025-06-24T00:53:33.201+0700] {dag.py:3954} INFO - Setting next_dagrun for example_sensors to None, run_after=None
[2025-06-24T00:53:33.225+0700] {processor.py:183} INFO - Processing /home/panda/Documents/ODAP/Project/venv310/lib/python3.10/site-packages/airflow/example_dags/example_sensors.py took 0.087 seconds
[2025-06-24T00:54:26.656+0700] {processor.py:161} INFO - Started process (PID=25607) to work on /home/panda/Documents/ODAP/Project/venv310/lib/python3.10/site-packages/airflow/example_dags/example_sensors.py
[2025-06-24T00:54:26.657+0700] {processor.py:830} INFO - Processing file /home/panda/Documents/ODAP/Project/venv310/lib/python3.10/site-packages/airflow/example_dags/example_sensors.py for tasks to queue
[2025-06-24T00:54:26.658+0700] {logging_mixin.py:188} INFO - [2025-06-24T00:54:26.658+0700] {dagbag.py:540} INFO - Filling up the DagBag from /home/panda/Documents/ODAP/Project/venv310/lib/python3.10/site-packages/airflow/example_dags/example_sensors.py
[2025-06-24T00:54:26.670+0700] {processor.py:840} INFO - DAG(s) 'example_sensors' retrieved from /home/panda/Documents/ODAP/Project/venv310/lib/python3.10/site-packages/airflow/example_dags/example_sensors.py
[2025-06-24T00:54:26.695+0700] {logging_mixin.py:188} INFO - [2025-06-24T00:54:26.694+0700] {dag.py:3096} INFO - Sync 1 DAGs
[2025-06-24T00:54:26.707+0700] {logging_mixin.py:188} INFO - [2025-06-24T00:54:26.707+0700] {dag.py:3954} INFO - Setting next_dagrun for example_sensors to None, run_after=None
[2025-06-24T00:54:26.736+0700] {processor.py:183} INFO - Processing /home/panda/Documents/ODAP/Project/venv310/lib/python3.10/site-packages/airflow/example_dags/example_sensors.py took 0.088 seconds
[2025-06-24T01:03:15.156+0700] {processor.py:161} INFO - Started process (PID=28572) to work on /home/panda/Documents/ODAP/Project/venv310/lib/python3.10/site-packages/airflow/example_dags/example_sensors.py
[2025-06-24T01:03:15.161+0700] {processor.py:830} INFO - Processing file /home/panda/Documents/ODAP/Project/venv310/lib/python3.10/site-packages/airflow/example_dags/example_sensors.py for tasks to queue
[2025-06-24T01:03:15.162+0700] {logging_mixin.py:188} INFO - [2025-06-24T01:03:15.161+0700] {dagbag.py:540} INFO - Filling up the DagBag from /home/panda/Documents/ODAP/Project/venv310/lib/python3.10/site-packages/airflow/example_dags/example_sensors.py
[2025-06-24T01:03:15.174+0700] {processor.py:840} INFO - DAG(s) 'example_sensors' retrieved from /home/panda/Documents/ODAP/Project/venv310/lib/python3.10/site-packages/airflow/example_dags/example_sensors.py
[2025-06-24T01:03:15.203+0700] {logging_mixin.py:188} INFO - [2025-06-24T01:03:15.203+0700] {dag.py:3096} INFO - Sync 1 DAGs
[2025-06-24T01:03:15.215+0700] {logging_mixin.py:188} INFO - [2025-06-24T01:03:15.215+0700] {dag.py:3954} INFO - Setting next_dagrun for example_sensors to None, run_after=None
[2025-06-24T01:03:15.245+0700] {processor.py:183} INFO - Processing /home/panda/Documents/ODAP/Project/venv310/lib/python3.10/site-packages/airflow/example_dags/example_sensors.py took 0.097 seconds
[2025-06-24T01:04:07.995+0700] {processor.py:161} INFO - Started process (PID=28727) to work on /home/panda/Documents/ODAP/Project/venv310/lib/python3.10/site-packages/airflow/example_dags/example_sensors.py
[2025-06-24T01:04:08.000+0700] {processor.py:830} INFO - Processing file /home/panda/Documents/ODAP/Project/venv310/lib/python3.10/site-packages/airflow/example_dags/example_sensors.py for tasks to queue
[2025-06-24T01:04:08.001+0700] {logging_mixin.py:188} INFO - [2025-06-24T01:04:08.001+0700] {dagbag.py:540} INFO - Filling up the DagBag from /home/panda/Documents/ODAP/Project/venv310/lib/python3.10/site-packages/airflow/example_dags/example_sensors.py
[2025-06-24T01:04:08.013+0700] {processor.py:840} INFO - DAG(s) 'example_sensors' retrieved from /home/panda/Documents/ODAP/Project/venv310/lib/python3.10/site-packages/airflow/example_dags/example_sensors.py
[2025-06-24T01:04:08.037+0700] {logging_mixin.py:188} INFO - [2025-06-24T01:04:08.037+0700] {dag.py:3096} INFO - Sync 1 DAGs
[2025-06-24T01:04:08.049+0700] {logging_mixin.py:188} INFO - [2025-06-24T01:04:08.049+0700] {dag.py:3954} INFO - Setting next_dagrun for example_sensors to None, run_after=None
[2025-06-24T01:04:08.080+0700] {processor.py:183} INFO - Processing /home/panda/Documents/ODAP/Project/venv310/lib/python3.10/site-packages/airflow/example_dags/example_sensors.py took 0.092 seconds
