[2025-06-24T00:02:28.754+0700] {processor.py:161} INFO - Started process (PID=5817) to work on /home/panda/Documents/ODAP/Project/venv310/lib/python3.10/site-packages/airflow/example_dags/example_params_ui_tutorial.py
[2025-06-24T00:02:28.755+0700] {processor.py:830} INFO - Processing file /home/panda/Documents/ODAP/Project/venv310/lib/python3.10/site-packages/airflow/example_dags/example_params_ui_tutorial.py for tasks to queue
[2025-06-24T00:02:28.757+0700] {logging_mixin.py:188} INFO - [2025-06-24T00:02:28.757+0700] {dagbag.py:540} INFO - Filling up the DagBag from /home/panda/Documents/ODAP/Project/venv310/lib/python3.10/site-packages/airflow/example_dags/example_params_ui_tutorial.py
[2025-06-24T00:02:28.772+0700] {processor.py:840} INFO - DAG(s) 'example_params_ui_tutorial' retrieved from /home/panda/Documents/ODAP/Project/venv310/lib/python3.10/site-packages/airflow/example_dags/example_params_ui_tutorial.py
[2025-06-24T00:02:28.881+0700] {logging_mixin.py:188} INFO - [2025-06-24T00:02:28.881+0700] {dag.py:3096} INFO - Sync 1 DAGs
[2025-06-24T00:02:28.889+0700] {logging_mixin.py:188} INFO - [2025-06-24T00:02:28.889+0700] {dag.py:3954} INFO - Setting next_dagrun for example_params_ui_tutorial to None, run_after=None
[2025-06-24T00:02:29.013+0700] {processor.py:183} INFO - Processing /home/panda/Documents/ODAP/Project/venv310/lib/python3.10/site-packages/airflow/example_dags/example_params_ui_tutorial.py took 0.266 seconds
[2025-06-24T00:03:21.902+0700] {processor.py:161} INFO - Started process (PID=6293) to work on /home/panda/Documents/ODAP/Project/venv310/lib/python3.10/site-packages/airflow/example_dags/example_params_ui_tutorial.py
[2025-06-24T00:03:21.905+0700] {processor.py:830} INFO - Processing file /home/panda/Documents/ODAP/Project/venv310/lib/python3.10/site-packages/airflow/example_dags/example_params_ui_tutorial.py for tasks to queue
[2025-06-24T00:03:21.907+0700] {logging_mixin.py:188} INFO - [2025-06-24T00:03:21.907+0700] {dagbag.py:540} INFO - Filling up the DagBag from /home/panda/Documents/ODAP/Project/venv310/lib/python3.10/site-packages/airflow/example_dags/example_params_ui_tutorial.py
[2025-06-24T00:03:21.923+0700] {processor.py:840} INFO - DAG(s) 'example_params_ui_tutorial' retrieved from /home/panda/Documents/ODAP/Project/venv310/lib/python3.10/site-packages/airflow/example_dags/example_params_ui_tutorial.py
[2025-06-24T00:03:21.973+0700] {logging_mixin.py:188} INFO - [2025-06-24T00:03:21.972+0700] {dag.py:3096} INFO - Sync 1 DAGs
[2025-06-24T00:03:21.983+0700] {logging_mixin.py:188} INFO - [2025-06-24T00:03:21.982+0700] {dag.py:3954} INFO - Setting next_dagrun for example_params_ui_tutorial to None, run_after=None
[2025-06-24T00:03:22.012+0700] {processor.py:183} INFO - Processing /home/panda/Documents/ODAP/Project/venv310/lib/python3.10/site-packages/airflow/example_dags/example_params_ui_tutorial.py took 0.117 seconds
[2025-06-24T00:04:19.215+0700] {processor.py:161} INFO - Started process (PID=6802) to work on /home/panda/Documents/ODAP/Project/venv310/lib/python3.10/site-packages/airflow/example_dags/example_params_ui_tutorial.py
[2025-06-24T00:04:19.220+0700] {processor.py:830} INFO - Processing file /home/panda/Documents/ODAP/Project/venv310/lib/python3.10/site-packages/airflow/example_dags/example_params_ui_tutorial.py for tasks to queue
[2025-06-24T00:04:19.222+0700] {logging_mixin.py:188} INFO - [2025-06-24T00:04:19.221+0700] {dagbag.py:540} INFO - Filling up the DagBag from /home/panda/Documents/ODAP/Project/venv310/lib/python3.10/site-packages/airflow/example_dags/example_params_ui_tutorial.py
[2025-06-24T00:04:19.237+0700] {processor.py:840} INFO - DAG(s) 'example_params_ui_tutorial' retrieved from /home/panda/Documents/ODAP/Project/venv310/lib/python3.10/site-packages/airflow/example_dags/example_params_ui_tutorial.py
[2025-06-24T00:04:19.292+0700] {logging_mixin.py:188} INFO - [2025-06-24T00:04:19.291+0700] {dag.py:3096} INFO - Sync 1 DAGs
[2025-06-24T00:04:19.305+0700] {logging_mixin.py:188} INFO - [2025-06-24T00:04:19.305+0700] {dag.py:3954} INFO - Setting next_dagrun for example_params_ui_tutorial to None, run_after=None
[2025-06-24T00:04:19.339+0700] {processor.py:183} INFO - Processing /home/panda/Documents/ODAP/Project/venv310/lib/python3.10/site-packages/airflow/example_dags/example_params_ui_tutorial.py took 0.132 seconds
[2025-06-24T00:05:29.220+0700] {processor.py:161} INFO - Started process (PID=7111) to work on /home/panda/Documents/ODAP/Project/venv310/lib/python3.10/site-packages/airflow/example_dags/example_params_ui_tutorial.py
[2025-06-24T00:05:29.225+0700] {processor.py:830} INFO - Processing file /home/panda/Documents/ODAP/Project/venv310/lib/python3.10/site-packages/airflow/example_dags/example_params_ui_tutorial.py for tasks to queue
[2025-06-24T00:05:29.227+0700] {logging_mixin.py:188} INFO - [2025-06-24T00:05:29.227+0700] {dagbag.py:540} INFO - Filling up the DagBag from /home/panda/Documents/ODAP/Project/venv310/lib/python3.10/site-packages/airflow/example_dags/example_params_ui_tutorial.py
[2025-06-24T00:05:29.242+0700] {processor.py:840} INFO - DAG(s) 'example_params_ui_tutorial' retrieved from /home/panda/Documents/ODAP/Project/venv310/lib/python3.10/site-packages/airflow/example_dags/example_params_ui_tutorial.py
[2025-06-24T00:05:29.293+0700] {logging_mixin.py:188} INFO - [2025-06-24T00:05:29.293+0700] {dag.py:3096} INFO - Sync 1 DAGs
[2025-06-24T00:05:29.306+0700] {logging_mixin.py:188} INFO - [2025-06-24T00:05:29.306+0700] {dag.py:3954} INFO - Setting next_dagrun for example_params_ui_tutorial to None, run_after=None
[2025-06-24T00:05:29.330+0700] {processor.py:183} INFO - Processing /home/panda/Documents/ODAP/Project/venv310/lib/python3.10/site-packages/airflow/example_dags/example_params_ui_tutorial.py took 0.117 seconds
[2025-06-24T00:07:35.915+0700] {processor.py:161} INFO - Started process (PID=8217) to work on /home/panda/Documents/ODAP/Project/venv310/lib/python3.10/site-packages/airflow/example_dags/example_params_ui_tutorial.py
[2025-06-24T00:07:35.920+0700] {processor.py:830} INFO - Processing file /home/panda/Documents/ODAP/Project/venv310/lib/python3.10/site-packages/airflow/example_dags/example_params_ui_tutorial.py for tasks to queue
[2025-06-24T00:07:35.921+0700] {logging_mixin.py:188} INFO - [2025-06-24T00:07:35.921+0700] {dagbag.py:540} INFO - Filling up the DagBag from /home/panda/Documents/ODAP/Project/venv310/lib/python3.10/site-packages/airflow/example_dags/example_params_ui_tutorial.py
[2025-06-24T00:07:35.936+0700] {processor.py:840} INFO - DAG(s) 'example_params_ui_tutorial' retrieved from /home/panda/Documents/ODAP/Project/venv310/lib/python3.10/site-packages/airflow/example_dags/example_params_ui_tutorial.py
[2025-06-24T00:07:35.982+0700] {logging_mixin.py:188} INFO - [2025-06-24T00:07:35.982+0700] {dag.py:3096} INFO - Sync 1 DAGs
[2025-06-24T00:07:35.992+0700] {logging_mixin.py:188} INFO - [2025-06-24T00:07:35.992+0700] {dag.py:3954} INFO - Setting next_dagrun for example_params_ui_tutorial to None, run_after=None
[2025-06-24T00:07:36.015+0700] {processor.py:183} INFO - Processing /home/panda/Documents/ODAP/Project/venv310/lib/python3.10/site-packages/airflow/example_dags/example_params_ui_tutorial.py took 0.107 seconds
[2025-06-24T00:09:00.576+0700] {processor.py:161} INFO - Started process (PID=10732) to work on /home/panda/Documents/ODAP/Project/venv310/lib/python3.10/site-packages/airflow/example_dags/example_params_ui_tutorial.py
[2025-06-24T00:09:00.581+0700] {processor.py:830} INFO - Processing file /home/panda/Documents/ODAP/Project/venv310/lib/python3.10/site-packages/airflow/example_dags/example_params_ui_tutorial.py for tasks to queue
[2025-06-24T00:09:00.582+0700] {logging_mixin.py:188} INFO - [2025-06-24T00:09:00.582+0700] {dagbag.py:540} INFO - Filling up the DagBag from /home/panda/Documents/ODAP/Project/venv310/lib/python3.10/site-packages/airflow/example_dags/example_params_ui_tutorial.py
[2025-06-24T00:09:00.598+0700] {processor.py:840} INFO - DAG(s) 'example_params_ui_tutorial' retrieved from /home/panda/Documents/ODAP/Project/venv310/lib/python3.10/site-packages/airflow/example_dags/example_params_ui_tutorial.py
[2025-06-24T00:09:00.647+0700] {logging_mixin.py:188} INFO - [2025-06-24T00:09:00.647+0700] {dag.py:3096} INFO - Sync 1 DAGs
[2025-06-24T00:09:00.658+0700] {logging_mixin.py:188} INFO - [2025-06-24T00:09:00.657+0700] {dag.py:3954} INFO - Setting next_dagrun for example_params_ui_tutorial to None, run_after=None
[2025-06-24T00:09:00.680+0700] {processor.py:183} INFO - Processing /home/panda/Documents/ODAP/Project/venv310/lib/python3.10/site-packages/airflow/example_dags/example_params_ui_tutorial.py took 0.111 seconds
[2025-06-24T00:09:52.649+0700] {processor.py:161} INFO - Started process (PID=10872) to work on /home/panda/Documents/ODAP/Project/venv310/lib/python3.10/site-packages/airflow/example_dags/example_params_ui_tutorial.py
[2025-06-24T00:09:52.655+0700] {processor.py:830} INFO - Processing file /home/panda/Documents/ODAP/Project/venv310/lib/python3.10/site-packages/airflow/example_dags/example_params_ui_tutorial.py for tasks to queue
[2025-06-24T00:09:52.656+0700] {logging_mixin.py:188} INFO - [2025-06-24T00:09:52.655+0700] {dagbag.py:540} INFO - Filling up the DagBag from /home/panda/Documents/ODAP/Project/venv310/lib/python3.10/site-packages/airflow/example_dags/example_params_ui_tutorial.py
[2025-06-24T00:09:52.672+0700] {processor.py:840} INFO - DAG(s) 'example_params_ui_tutorial' retrieved from /home/panda/Documents/ODAP/Project/venv310/lib/python3.10/site-packages/airflow/example_dags/example_params_ui_tutorial.py
[2025-06-24T00:09:52.721+0700] {logging_mixin.py:188} INFO - [2025-06-24T00:09:52.721+0700] {dag.py:3096} INFO - Sync 1 DAGs
[2025-06-24T00:09:52.732+0700] {logging_mixin.py:188} INFO - [2025-06-24T00:09:52.731+0700] {dag.py:3954} INFO - Setting next_dagrun for example_params_ui_tutorial to None, run_after=None
[2025-06-24T00:09:52.756+0700] {processor.py:183} INFO - Processing /home/panda/Documents/ODAP/Project/venv310/lib/python3.10/site-packages/airflow/example_dags/example_params_ui_tutorial.py took 0.114 seconds
[2025-06-24T00:10:47.217+0700] {processor.py:161} INFO - Started process (PID=11083) to work on /home/panda/Documents/ODAP/Project/venv310/lib/python3.10/site-packages/airflow/example_dags/example_params_ui_tutorial.py
[2025-06-24T00:10:47.221+0700] {processor.py:830} INFO - Processing file /home/panda/Documents/ODAP/Project/venv310/lib/python3.10/site-packages/airflow/example_dags/example_params_ui_tutorial.py for tasks to queue
[2025-06-24T00:10:47.223+0700] {logging_mixin.py:188} INFO - [2025-06-24T00:10:47.222+0700] {dagbag.py:540} INFO - Filling up the DagBag from /home/panda/Documents/ODAP/Project/venv310/lib/python3.10/site-packages/airflow/example_dags/example_params_ui_tutorial.py
[2025-06-24T00:10:47.237+0700] {processor.py:840} INFO - DAG(s) 'example_params_ui_tutorial' retrieved from /home/panda/Documents/ODAP/Project/venv310/lib/python3.10/site-packages/airflow/example_dags/example_params_ui_tutorial.py
[2025-06-24T00:10:47.284+0700] {logging_mixin.py:188} INFO - [2025-06-24T00:10:47.284+0700] {dag.py:3096} INFO - Sync 1 DAGs
[2025-06-24T00:10:47.294+0700] {logging_mixin.py:188} INFO - [2025-06-24T00:10:47.294+0700] {dag.py:3954} INFO - Setting next_dagrun for example_params_ui_tutorial to None, run_after=None
[2025-06-24T00:10:47.316+0700] {processor.py:183} INFO - Processing /home/panda/Documents/ODAP/Project/venv310/lib/python3.10/site-packages/airflow/example_dags/example_params_ui_tutorial.py took 0.106 seconds
[2025-06-24T00:11:59.101+0700] {processor.py:161} INFO - Started process (PID=12556) to work on /home/panda/Documents/ODAP/Project/venv310/lib/python3.10/site-packages/airflow/example_dags/example_params_ui_tutorial.py
[2025-06-24T00:11:59.106+0700] {processor.py:830} INFO - Processing file /home/panda/Documents/ODAP/Project/venv310/lib/python3.10/site-packages/airflow/example_dags/example_params_ui_tutorial.py for tasks to queue
[2025-06-24T00:11:59.107+0700] {logging_mixin.py:188} INFO - [2025-06-24T00:11:59.107+0700] {dagbag.py:540} INFO - Filling up the DagBag from /home/panda/Documents/ODAP/Project/venv310/lib/python3.10/site-packages/airflow/example_dags/example_params_ui_tutorial.py
[2025-06-24T00:11:59.121+0700] {processor.py:840} INFO - DAG(s) 'example_params_ui_tutorial' retrieved from /home/panda/Documents/ODAP/Project/venv310/lib/python3.10/site-packages/airflow/example_dags/example_params_ui_tutorial.py
[2025-06-24T00:11:59.167+0700] {logging_mixin.py:188} INFO - [2025-06-24T00:11:59.167+0700] {dag.py:3096} INFO - Sync 1 DAGs
[2025-06-24T00:11:59.177+0700] {logging_mixin.py:188} INFO - [2025-06-24T00:11:59.177+0700] {dag.py:3954} INFO - Setting next_dagrun for example_params_ui_tutorial to None, run_after=None
[2025-06-24T00:11:59.199+0700] {processor.py:183} INFO - Processing /home/panda/Documents/ODAP/Project/venv310/lib/python3.10/site-packages/airflow/example_dags/example_params_ui_tutorial.py took 0.105 seconds
[2025-06-24T00:13:02.904+0700] {processor.py:161} INFO - Started process (PID=12756) to work on /home/panda/Documents/ODAP/Project/venv310/lib/python3.10/site-packages/airflow/example_dags/example_params_ui_tutorial.py
[2025-06-24T00:13:02.909+0700] {processor.py:830} INFO - Processing file /home/panda/Documents/ODAP/Project/venv310/lib/python3.10/site-packages/airflow/example_dags/example_params_ui_tutorial.py for tasks to queue
[2025-06-24T00:13:02.910+0700] {logging_mixin.py:188} INFO - [2025-06-24T00:13:02.910+0700] {dagbag.py:540} INFO - Filling up the DagBag from /home/panda/Documents/ODAP/Project/venv310/lib/python3.10/site-packages/airflow/example_dags/example_params_ui_tutorial.py
[2025-06-24T00:13:02.925+0700] {processor.py:840} INFO - DAG(s) 'example_params_ui_tutorial' retrieved from /home/panda/Documents/ODAP/Project/venv310/lib/python3.10/site-packages/airflow/example_dags/example_params_ui_tutorial.py
[2025-06-24T00:13:02.975+0700] {logging_mixin.py:188} INFO - [2025-06-24T00:13:02.974+0700] {dag.py:3096} INFO - Sync 1 DAGs
[2025-06-24T00:13:02.985+0700] {logging_mixin.py:188} INFO - [2025-06-24T00:13:02.985+0700] {dag.py:3954} INFO - Setting next_dagrun for example_params_ui_tutorial to None, run_after=None
[2025-06-24T00:13:03.010+0700] {processor.py:183} INFO - Processing /home/panda/Documents/ODAP/Project/venv310/lib/python3.10/site-packages/airflow/example_dags/example_params_ui_tutorial.py took 0.113 seconds
[2025-06-24T00:13:54.403+0700] {processor.py:161} INFO - Started process (PID=12960) to work on /home/panda/Documents/ODAP/Project/venv310/lib/python3.10/site-packages/airflow/example_dags/example_params_ui_tutorial.py
[2025-06-24T00:13:54.405+0700] {processor.py:830} INFO - Processing file /home/panda/Documents/ODAP/Project/venv310/lib/python3.10/site-packages/airflow/example_dags/example_params_ui_tutorial.py for tasks to queue
[2025-06-24T00:13:54.406+0700] {logging_mixin.py:188} INFO - [2025-06-24T00:13:54.406+0700] {dagbag.py:540} INFO - Filling up the DagBag from /home/panda/Documents/ODAP/Project/venv310/lib/python3.10/site-packages/airflow/example_dags/example_params_ui_tutorial.py
[2025-06-24T00:13:54.421+0700] {processor.py:840} INFO - DAG(s) 'example_params_ui_tutorial' retrieved from /home/panda/Documents/ODAP/Project/venv310/lib/python3.10/site-packages/airflow/example_dags/example_params_ui_tutorial.py
[2025-06-24T00:13:54.468+0700] {logging_mixin.py:188} INFO - [2025-06-24T00:13:54.468+0700] {dag.py:3096} INFO - Sync 1 DAGs
[2025-06-24T00:13:54.478+0700] {logging_mixin.py:188} INFO - [2025-06-24T00:13:54.478+0700] {dag.py:3954} INFO - Setting next_dagrun for example_params_ui_tutorial to None, run_after=None
[2025-06-24T00:13:54.499+0700] {processor.py:183} INFO - Processing /home/panda/Documents/ODAP/Project/venv310/lib/python3.10/site-packages/airflow/example_dags/example_params_ui_tutorial.py took 0.104 seconds
[2025-06-24T00:15:01.196+0700] {processor.py:161} INFO - Started process (PID=13296) to work on /home/panda/Documents/ODAP/Project/venv310/lib/python3.10/site-packages/airflow/example_dags/example_params_ui_tutorial.py
[2025-06-24T00:15:01.201+0700] {processor.py:830} INFO - Processing file /home/panda/Documents/ODAP/Project/venv310/lib/python3.10/site-packages/airflow/example_dags/example_params_ui_tutorial.py for tasks to queue
[2025-06-24T00:15:01.202+0700] {logging_mixin.py:188} INFO - [2025-06-24T00:15:01.201+0700] {dagbag.py:540} INFO - Filling up the DagBag from /home/panda/Documents/ODAP/Project/venv310/lib/python3.10/site-packages/airflow/example_dags/example_params_ui_tutorial.py
[2025-06-24T00:15:01.216+0700] {processor.py:840} INFO - DAG(s) 'example_params_ui_tutorial' retrieved from /home/panda/Documents/ODAP/Project/venv310/lib/python3.10/site-packages/airflow/example_dags/example_params_ui_tutorial.py
[2025-06-24T00:15:01.265+0700] {logging_mixin.py:188} INFO - [2025-06-24T00:15:01.264+0700] {dag.py:3096} INFO - Sync 1 DAGs
[2025-06-24T00:15:01.276+0700] {logging_mixin.py:188} INFO - [2025-06-24T00:15:01.275+0700] {dag.py:3954} INFO - Setting next_dagrun for example_params_ui_tutorial to None, run_after=None
[2025-06-24T00:15:01.302+0700] {processor.py:183} INFO - Processing /home/panda/Documents/ODAP/Project/venv310/lib/python3.10/site-packages/airflow/example_dags/example_params_ui_tutorial.py took 0.114 seconds
[2025-06-24T00:21:45.885+0700] {processor.py:161} INFO - Started process (PID=16632) to work on /home/panda/Documents/ODAP/Project/venv310/lib/python3.10/site-packages/airflow/example_dags/example_params_ui_tutorial.py
[2025-06-24T00:21:45.890+0700] {processor.py:830} INFO - Processing file /home/panda/Documents/ODAP/Project/venv310/lib/python3.10/site-packages/airflow/example_dags/example_params_ui_tutorial.py for tasks to queue
[2025-06-24T00:21:45.891+0700] {logging_mixin.py:188} INFO - [2025-06-24T00:21:45.890+0700] {dagbag.py:540} INFO - Filling up the DagBag from /home/panda/Documents/ODAP/Project/venv310/lib/python3.10/site-packages/airflow/example_dags/example_params_ui_tutorial.py
[2025-06-24T00:21:45.905+0700] {processor.py:840} INFO - DAG(s) 'example_params_ui_tutorial' retrieved from /home/panda/Documents/ODAP/Project/venv310/lib/python3.10/site-packages/airflow/example_dags/example_params_ui_tutorial.py
[2025-06-24T00:21:45.952+0700] {logging_mixin.py:188} INFO - [2025-06-24T00:21:45.952+0700] {dag.py:3096} INFO - Sync 1 DAGs
[2025-06-24T00:21:45.962+0700] {logging_mixin.py:188} INFO - [2025-06-24T00:21:45.962+0700] {dag.py:3954} INFO - Setting next_dagrun for example_params_ui_tutorial to None, run_after=None
[2025-06-24T00:21:45.985+0700] {processor.py:183} INFO - Processing /home/panda/Documents/ODAP/Project/venv310/lib/python3.10/site-packages/airflow/example_dags/example_params_ui_tutorial.py took 0.108 seconds
[2025-06-24T00:22:37.793+0700] {processor.py:161} INFO - Started process (PID=16915) to work on /home/panda/Documents/ODAP/Project/venv310/lib/python3.10/site-packages/airflow/example_dags/example_params_ui_tutorial.py
[2025-06-24T00:22:37.798+0700] {processor.py:830} INFO - Processing file /home/panda/Documents/ODAP/Project/venv310/lib/python3.10/site-packages/airflow/example_dags/example_params_ui_tutorial.py for tasks to queue
[2025-06-24T00:22:37.799+0700] {logging_mixin.py:188} INFO - [2025-06-24T00:22:37.799+0700] {dagbag.py:540} INFO - Filling up the DagBag from /home/panda/Documents/ODAP/Project/venv310/lib/python3.10/site-packages/airflow/example_dags/example_params_ui_tutorial.py
[2025-06-24T00:22:37.814+0700] {processor.py:840} INFO - DAG(s) 'example_params_ui_tutorial' retrieved from /home/panda/Documents/ODAP/Project/venv310/lib/python3.10/site-packages/airflow/example_dags/example_params_ui_tutorial.py
[2025-06-24T00:22:37.863+0700] {logging_mixin.py:188} INFO - [2025-06-24T00:22:37.862+0700] {dag.py:3096} INFO - Sync 1 DAGs
[2025-06-24T00:22:37.873+0700] {logging_mixin.py:188} INFO - [2025-06-24T00:22:37.873+0700] {dag.py:3954} INFO - Setting next_dagrun for example_params_ui_tutorial to None, run_after=None
[2025-06-24T00:22:37.893+0700] {processor.py:183} INFO - Processing /home/panda/Documents/ODAP/Project/venv310/lib/python3.10/site-packages/airflow/example_dags/example_params_ui_tutorial.py took 0.109 seconds
[2025-06-24T00:33:57.870+0700] {processor.py:161} INFO - Started process (PID=20311) to work on /home/panda/Documents/ODAP/Project/venv310/lib/python3.10/site-packages/airflow/example_dags/example_params_ui_tutorial.py
[2025-06-24T00:33:57.876+0700] {processor.py:830} INFO - Processing file /home/panda/Documents/ODAP/Project/venv310/lib/python3.10/site-packages/airflow/example_dags/example_params_ui_tutorial.py for tasks to queue
[2025-06-24T00:33:57.877+0700] {logging_mixin.py:188} INFO - [2025-06-24T00:33:57.876+0700] {dagbag.py:540} INFO - Filling up the DagBag from /home/panda/Documents/ODAP/Project/venv310/lib/python3.10/site-packages/airflow/example_dags/example_params_ui_tutorial.py
[2025-06-24T00:33:57.892+0700] {processor.py:840} INFO - DAG(s) 'example_params_ui_tutorial' retrieved from /home/panda/Documents/ODAP/Project/venv310/lib/python3.10/site-packages/airflow/example_dags/example_params_ui_tutorial.py
[2025-06-24T00:33:57.944+0700] {logging_mixin.py:188} INFO - [2025-06-24T00:33:57.944+0700] {dag.py:3096} INFO - Sync 1 DAGs
[2025-06-24T00:33:57.957+0700] {logging_mixin.py:188} INFO - [2025-06-24T00:33:57.956+0700] {dag.py:3954} INFO - Setting next_dagrun for example_params_ui_tutorial to None, run_after=None
[2025-06-24T00:33:57.985+0700] {processor.py:183} INFO - Processing /home/panda/Documents/ODAP/Project/venv310/lib/python3.10/site-packages/airflow/example_dags/example_params_ui_tutorial.py took 0.122 seconds
[2025-06-24T00:34:51.562+0700] {processor.py:161} INFO - Started process (PID=20452) to work on /home/panda/Documents/ODAP/Project/venv310/lib/python3.10/site-packages/airflow/example_dags/example_params_ui_tutorial.py
[2025-06-24T00:34:51.567+0700] {processor.py:830} INFO - Processing file /home/panda/Documents/ODAP/Project/venv310/lib/python3.10/site-packages/airflow/example_dags/example_params_ui_tutorial.py for tasks to queue
[2025-06-24T00:34:51.569+0700] {logging_mixin.py:188} INFO - [2025-06-24T00:34:51.568+0700] {dagbag.py:540} INFO - Filling up the DagBag from /home/panda/Documents/ODAP/Project/venv310/lib/python3.10/site-packages/airflow/example_dags/example_params_ui_tutorial.py
[2025-06-24T00:34:51.583+0700] {processor.py:840} INFO - DAG(s) 'example_params_ui_tutorial' retrieved from /home/panda/Documents/ODAP/Project/venv310/lib/python3.10/site-packages/airflow/example_dags/example_params_ui_tutorial.py
[2025-06-24T00:34:51.633+0700] {logging_mixin.py:188} INFO - [2025-06-24T00:34:51.633+0700] {dag.py:3096} INFO - Sync 1 DAGs
[2025-06-24T00:34:51.646+0700] {logging_mixin.py:188} INFO - [2025-06-24T00:34:51.646+0700] {dag.py:3954} INFO - Setting next_dagrun for example_params_ui_tutorial to None, run_after=None
[2025-06-24T00:34:51.679+0700] {processor.py:183} INFO - Processing /home/panda/Documents/ODAP/Project/venv310/lib/python3.10/site-packages/airflow/example_dags/example_params_ui_tutorial.py took 0.124 seconds
[2025-06-24T00:35:44.039+0700] {processor.py:161} INFO - Started process (PID=20594) to work on /home/panda/Documents/ODAP/Project/venv310/lib/python3.10/site-packages/airflow/example_dags/example_params_ui_tutorial.py
[2025-06-24T00:35:44.045+0700] {processor.py:830} INFO - Processing file /home/panda/Documents/ODAP/Project/venv310/lib/python3.10/site-packages/airflow/example_dags/example_params_ui_tutorial.py for tasks to queue
[2025-06-24T00:35:44.046+0700] {logging_mixin.py:188} INFO - [2025-06-24T00:35:44.046+0700] {dagbag.py:540} INFO - Filling up the DagBag from /home/panda/Documents/ODAP/Project/venv310/lib/python3.10/site-packages/airflow/example_dags/example_params_ui_tutorial.py
[2025-06-24T00:35:44.062+0700] {processor.py:840} INFO - DAG(s) 'example_params_ui_tutorial' retrieved from /home/panda/Documents/ODAP/Project/venv310/lib/python3.10/site-packages/airflow/example_dags/example_params_ui_tutorial.py
[2025-06-24T00:35:44.110+0700] {logging_mixin.py:188} INFO - [2025-06-24T00:35:44.110+0700] {dag.py:3096} INFO - Sync 1 DAGs
[2025-06-24T00:35:44.120+0700] {logging_mixin.py:188} INFO - [2025-06-24T00:35:44.120+0700] {dag.py:3954} INFO - Setting next_dagrun for example_params_ui_tutorial to None, run_after=None
[2025-06-24T00:35:44.141+0700] {processor.py:183} INFO - Processing /home/panda/Documents/ODAP/Project/venv310/lib/python3.10/site-packages/airflow/example_dags/example_params_ui_tutorial.py took 0.109 seconds
[2025-06-24T00:36:53.601+0700] {processor.py:161} INFO - Started process (PID=21054) to work on /home/panda/Documents/ODAP/Project/venv310/lib/python3.10/site-packages/airflow/example_dags/example_params_ui_tutorial.py
[2025-06-24T00:36:53.606+0700] {processor.py:830} INFO - Processing file /home/panda/Documents/ODAP/Project/venv310/lib/python3.10/site-packages/airflow/example_dags/example_params_ui_tutorial.py for tasks to queue
[2025-06-24T00:36:53.607+0700] {logging_mixin.py:188} INFO - [2025-06-24T00:36:53.606+0700] {dagbag.py:540} INFO - Filling up the DagBag from /home/panda/Documents/ODAP/Project/venv310/lib/python3.10/site-packages/airflow/example_dags/example_params_ui_tutorial.py
[2025-06-24T00:36:53.622+0700] {processor.py:840} INFO - DAG(s) 'example_params_ui_tutorial' retrieved from /home/panda/Documents/ODAP/Project/venv310/lib/python3.10/site-packages/airflow/example_dags/example_params_ui_tutorial.py
[2025-06-24T00:36:53.673+0700] {logging_mixin.py:188} INFO - [2025-06-24T00:36:53.673+0700] {dag.py:3096} INFO - Sync 1 DAGs
[2025-06-24T00:36:53.683+0700] {logging_mixin.py:188} INFO - [2025-06-24T00:36:53.683+0700] {dag.py:3954} INFO - Setting next_dagrun for example_params_ui_tutorial to None, run_after=None
[2025-06-24T00:36:53.704+0700] {processor.py:183} INFO - Processing /home/panda/Documents/ODAP/Project/venv310/lib/python3.10/site-packages/airflow/example_dags/example_params_ui_tutorial.py took 0.111 seconds
[2025-06-24T00:52:55.959+0700] {processor.py:161} INFO - Started process (PID=25178) to work on /home/panda/Documents/ODAP/Project/venv310/lib/python3.10/site-packages/airflow/example_dags/example_params_ui_tutorial.py
[2025-06-24T00:52:55.964+0700] {processor.py:830} INFO - Processing file /home/panda/Documents/ODAP/Project/venv310/lib/python3.10/site-packages/airflow/example_dags/example_params_ui_tutorial.py for tasks to queue
[2025-06-24T00:52:55.965+0700] {logging_mixin.py:188} INFO - [2025-06-24T00:52:55.964+0700] {dagbag.py:540} INFO - Filling up the DagBag from /home/panda/Documents/ODAP/Project/venv310/lib/python3.10/site-packages/airflow/example_dags/example_params_ui_tutorial.py
[2025-06-24T00:52:55.981+0700] {processor.py:840} INFO - DAG(s) 'example_params_ui_tutorial' retrieved from /home/panda/Documents/ODAP/Project/venv310/lib/python3.10/site-packages/airflow/example_dags/example_params_ui_tutorial.py
[2025-06-24T00:52:56.032+0700] {logging_mixin.py:188} INFO - [2025-06-24T00:52:56.032+0700] {dag.py:3096} INFO - Sync 1 DAGs
[2025-06-24T00:52:56.043+0700] {logging_mixin.py:188} INFO - [2025-06-24T00:52:56.043+0700] {dag.py:3954} INFO - Setting next_dagrun for example_params_ui_tutorial to None, run_after=None
[2025-06-24T00:52:56.079+0700] {processor.py:183} INFO - Processing /home/panda/Documents/ODAP/Project/venv310/lib/python3.10/site-packages/airflow/example_dags/example_params_ui_tutorial.py took 0.128 seconds
[2025-06-24T00:53:49.257+0700] {processor.py:161} INFO - Started process (PID=25392) to work on /home/panda/Documents/ODAP/Project/venv310/lib/python3.10/site-packages/airflow/example_dags/example_params_ui_tutorial.py
[2025-06-24T00:53:49.259+0700] {processor.py:830} INFO - Processing file /home/panda/Documents/ODAP/Project/venv310/lib/python3.10/site-packages/airflow/example_dags/example_params_ui_tutorial.py for tasks to queue
[2025-06-24T00:53:49.260+0700] {logging_mixin.py:188} INFO - [2025-06-24T00:53:49.259+0700] {dagbag.py:540} INFO - Filling up the DagBag from /home/panda/Documents/ODAP/Project/venv310/lib/python3.10/site-packages/airflow/example_dags/example_params_ui_tutorial.py
[2025-06-24T00:53:49.276+0700] {processor.py:840} INFO - DAG(s) 'example_params_ui_tutorial' retrieved from /home/panda/Documents/ODAP/Project/venv310/lib/python3.10/site-packages/airflow/example_dags/example_params_ui_tutorial.py
[2025-06-24T00:53:49.330+0700] {logging_mixin.py:188} INFO - [2025-06-24T00:53:49.329+0700] {dag.py:3096} INFO - Sync 1 DAGs
[2025-06-24T00:53:49.342+0700] {logging_mixin.py:188} INFO - [2025-06-24T00:53:49.342+0700] {dag.py:3954} INFO - Setting next_dagrun for example_params_ui_tutorial to None, run_after=None
[2025-06-24T00:53:49.372+0700] {processor.py:183} INFO - Processing /home/panda/Documents/ODAP/Project/venv310/lib/python3.10/site-packages/airflow/example_dags/example_params_ui_tutorial.py took 0.124 seconds
[2025-06-24T00:54:42.154+0700] {processor.py:161} INFO - Started process (PID=25673) to work on /home/panda/Documents/ODAP/Project/venv310/lib/python3.10/site-packages/airflow/example_dags/example_params_ui_tutorial.py
[2025-06-24T00:54:42.159+0700] {processor.py:830} INFO - Processing file /home/panda/Documents/ODAP/Project/venv310/lib/python3.10/site-packages/airflow/example_dags/example_params_ui_tutorial.py for tasks to queue
[2025-06-24T00:54:42.160+0700] {logging_mixin.py:188} INFO - [2025-06-24T00:54:42.159+0700] {dagbag.py:540} INFO - Filling up the DagBag from /home/panda/Documents/ODAP/Project/venv310/lib/python3.10/site-packages/airflow/example_dags/example_params_ui_tutorial.py
[2025-06-24T00:54:42.175+0700] {processor.py:840} INFO - DAG(s) 'example_params_ui_tutorial' retrieved from /home/panda/Documents/ODAP/Project/venv310/lib/python3.10/site-packages/airflow/example_dags/example_params_ui_tutorial.py
[2025-06-24T00:54:42.224+0700] {logging_mixin.py:188} INFO - [2025-06-24T00:54:42.224+0700] {dag.py:3096} INFO - Sync 1 DAGs
[2025-06-24T00:54:42.234+0700] {logging_mixin.py:188} INFO - [2025-06-24T00:54:42.234+0700] {dag.py:3954} INFO - Setting next_dagrun for example_params_ui_tutorial to None, run_after=None
[2025-06-24T00:54:42.254+0700] {processor.py:183} INFO - Processing /home/panda/Documents/ODAP/Project/venv310/lib/python3.10/site-packages/airflow/example_dags/example_params_ui_tutorial.py took 0.108 seconds
[2025-06-24T01:03:31.641+0700] {processor.py:161} INFO - Started process (PID=28617) to work on /home/panda/Documents/ODAP/Project/venv310/lib/python3.10/site-packages/airflow/example_dags/example_params_ui_tutorial.py
[2025-06-24T01:03:31.646+0700] {processor.py:830} INFO - Processing file /home/panda/Documents/ODAP/Project/venv310/lib/python3.10/site-packages/airflow/example_dags/example_params_ui_tutorial.py for tasks to queue
[2025-06-24T01:03:31.647+0700] {logging_mixin.py:188} INFO - [2025-06-24T01:03:31.647+0700] {dagbag.py:540} INFO - Filling up the DagBag from /home/panda/Documents/ODAP/Project/venv310/lib/python3.10/site-packages/airflow/example_dags/example_params_ui_tutorial.py
[2025-06-24T01:03:31.663+0700] {processor.py:840} INFO - DAG(s) 'example_params_ui_tutorial' retrieved from /home/panda/Documents/ODAP/Project/venv310/lib/python3.10/site-packages/airflow/example_dags/example_params_ui_tutorial.py
[2025-06-24T01:03:31.712+0700] {logging_mixin.py:188} INFO - [2025-06-24T01:03:31.712+0700] {dag.py:3096} INFO - Sync 1 DAGs
[2025-06-24T01:03:31.723+0700] {logging_mixin.py:188} INFO - [2025-06-24T01:03:31.723+0700] {dag.py:3954} INFO - Setting next_dagrun for example_params_ui_tutorial to None, run_after=None
[2025-06-24T01:03:31.750+0700] {processor.py:183} INFO - Processing /home/panda/Documents/ODAP/Project/venv310/lib/python3.10/site-packages/airflow/example_dags/example_params_ui_tutorial.py took 0.116 seconds
[2025-06-24T01:04:23.936+0700] {processor.py:161} INFO - Started process (PID=28862) to work on /home/panda/Documents/ODAP/Project/venv310/lib/python3.10/site-packages/airflow/example_dags/example_params_ui_tutorial.py
[2025-06-24T01:04:23.941+0700] {processor.py:830} INFO - Processing file /home/panda/Documents/ODAP/Project/venv310/lib/python3.10/site-packages/airflow/example_dags/example_params_ui_tutorial.py for tasks to queue
[2025-06-24T01:04:23.942+0700] {logging_mixin.py:188} INFO - [2025-06-24T01:04:23.941+0700] {dagbag.py:540} INFO - Filling up the DagBag from /home/panda/Documents/ODAP/Project/venv310/lib/python3.10/site-packages/airflow/example_dags/example_params_ui_tutorial.py
[2025-06-24T01:04:23.957+0700] {processor.py:840} INFO - DAG(s) 'example_params_ui_tutorial' retrieved from /home/panda/Documents/ODAP/Project/venv310/lib/python3.10/site-packages/airflow/example_dags/example_params_ui_tutorial.py
[2025-06-24T01:04:24.005+0700] {logging_mixin.py:188} INFO - [2025-06-24T01:04:24.005+0700] {dag.py:3096} INFO - Sync 1 DAGs
[2025-06-24T01:04:24.014+0700] {logging_mixin.py:188} INFO - [2025-06-24T01:04:24.014+0700] {dag.py:3954} INFO - Setting next_dagrun for example_params_ui_tutorial to None, run_after=None
[2025-06-24T01:04:24.039+0700] {processor.py:183} INFO - Processing /home/panda/Documents/ODAP/Project/venv310/lib/python3.10/site-packages/airflow/example_dags/example_params_ui_tutorial.py took 0.111 seconds
