[2025-06-24T00:02:40.818+0700] {processor.py:161} INFO - Started process (PID=5933) to work on /home/panda/Documents/ODAP/Project/venv310/lib/python3.10/site-packages/airflow/example_dags/example_bash_decorator.py
[2025-06-24T00:02:40.819+0700] {processor.py:830} INFO - Processing file /home/panda/Documents/ODAP/Project/venv310/lib/python3.10/site-packages/airflow/example_dags/example_bash_decorator.py for tasks to queue
[2025-06-24T00:02:40.822+0700] {logging_mixin.py:188} INFO - [2025-06-24T00:02:40.821+0700] {dagbag.py:540} INFO - Filling up the DagBag from /home/panda/Documents/ODAP/Project/venv310/lib/python3.10/site-packages/airflow/example_dags/example_bash_decorator.py
[2025-06-24T00:02:40.838+0700] {processor.py:840} INFO - DAG(s) 'example_bash_decorator' retrieved from /home/panda/Documents/ODAP/Project/venv310/lib/python3.10/site-packages/airflow/example_dags/example_bash_decorator.py
[2025-06-24T00:02:40.933+0700] {logging_mixin.py:188} INFO - [2025-06-24T00:02:40.933+0700] {dag.py:3096} INFO - Sync 1 DAGs
[2025-06-24T00:02:41.071+0700] {logging_mixin.py:188} INFO - [2025-06-24T00:02:41.071+0700] {dag.py:3954} INFO - Setting next_dagrun for example_bash_decorator to None, run_after=None
[2025-06-24T00:02:41.095+0700] {processor.py:183} INFO - Processing /home/panda/Documents/ODAP/Project/venv310/lib/python3.10/site-packages/airflow/example_dags/example_bash_decorator.py took 0.286 seconds
[2025-06-24T00:03:52.727+0700] {processor.py:161} INFO - Started process (PID=6415) to work on /home/panda/Documents/ODAP/Project/venv310/lib/python3.10/site-packages/airflow/example_dags/example_bash_decorator.py
[2025-06-24T00:03:52.729+0700] {processor.py:830} INFO - Processing file /home/panda/Documents/ODAP/Project/venv310/lib/python3.10/site-packages/airflow/example_dags/example_bash_decorator.py for tasks to queue
[2025-06-24T00:03:52.731+0700] {logging_mixin.py:188} INFO - [2025-06-24T00:03:52.731+0700] {dagbag.py:540} INFO - Filling up the DagBag from /home/panda/Documents/ODAP/Project/venv310/lib/python3.10/site-packages/airflow/example_dags/example_bash_decorator.py
[2025-06-24T00:03:52.746+0700] {processor.py:840} INFO - DAG(s) 'example_bash_decorator' retrieved from /home/panda/Documents/ODAP/Project/venv310/lib/python3.10/site-packages/airflow/example_dags/example_bash_decorator.py
[2025-06-24T00:03:52.767+0700] {logging_mixin.py:188} INFO - [2025-06-24T00:03:52.767+0700] {dag.py:3096} INFO - Sync 1 DAGs
[2025-06-24T00:03:52.884+0700] {logging_mixin.py:188} INFO - [2025-06-24T00:03:52.884+0700] {dag.py:3954} INFO - Setting next_dagrun for example_bash_decorator to None, run_after=None
[2025-06-24T00:03:52.912+0700] {processor.py:183} INFO - Processing /home/panda/Documents/ODAP/Project/venv310/lib/python3.10/site-packages/airflow/example_dags/example_bash_decorator.py took 0.192 seconds
[2025-06-24T00:04:46.728+0700] {processor.py:161} INFO - Started process (PID=6879) to work on /home/panda/Documents/ODAP/Project/venv310/lib/python3.10/site-packages/airflow/example_dags/example_bash_decorator.py
[2025-06-24T00:04:46.733+0700] {processor.py:830} INFO - Processing file /home/panda/Documents/ODAP/Project/venv310/lib/python3.10/site-packages/airflow/example_dags/example_bash_decorator.py for tasks to queue
[2025-06-24T00:04:46.735+0700] {logging_mixin.py:188} INFO - [2025-06-24T00:04:46.734+0700] {dagbag.py:540} INFO - Filling up the DagBag from /home/panda/Documents/ODAP/Project/venv310/lib/python3.10/site-packages/airflow/example_dags/example_bash_decorator.py
[2025-06-24T00:04:46.752+0700] {processor.py:840} INFO - DAG(s) 'example_bash_decorator' retrieved from /home/panda/Documents/ODAP/Project/venv310/lib/python3.10/site-packages/airflow/example_dags/example_bash_decorator.py
[2025-06-24T00:04:46.773+0700] {logging_mixin.py:188} INFO - [2025-06-24T00:04:46.773+0700] {dag.py:3096} INFO - Sync 1 DAGs
[2025-06-24T00:04:46.784+0700] {logging_mixin.py:188} INFO - [2025-06-24T00:04:46.784+0700] {dag.py:3954} INFO - Setting next_dagrun for example_bash_decorator to None, run_after=None
[2025-06-24T00:04:46.804+0700] {processor.py:183} INFO - Processing /home/panda/Documents/ODAP/Project/venv310/lib/python3.10/site-packages/airflow/example_dags/example_bash_decorator.py took 0.083 seconds
[2025-06-24T00:07:47.657+0700] {processor.py:161} INFO - Started process (PID=8321) to work on /home/panda/Documents/ODAP/Project/venv310/lib/python3.10/site-packages/airflow/example_dags/example_bash_decorator.py
[2025-06-24T00:07:47.663+0700] {processor.py:830} INFO - Processing file /home/panda/Documents/ODAP/Project/venv310/lib/python3.10/site-packages/airflow/example_dags/example_bash_decorator.py for tasks to queue
[2025-06-24T00:07:47.664+0700] {logging_mixin.py:188} INFO - [2025-06-24T00:07:47.664+0700] {dagbag.py:540} INFO - Filling up the DagBag from /home/panda/Documents/ODAP/Project/venv310/lib/python3.10/site-packages/airflow/example_dags/example_bash_decorator.py
[2025-06-24T00:07:47.680+0700] {processor.py:840} INFO - DAG(s) 'example_bash_decorator' retrieved from /home/panda/Documents/ODAP/Project/venv310/lib/python3.10/site-packages/airflow/example_dags/example_bash_decorator.py
[2025-06-24T00:07:47.703+0700] {logging_mixin.py:188} INFO - [2025-06-24T00:07:47.702+0700] {dag.py:3096} INFO - Sync 1 DAGs
[2025-06-24T00:07:47.717+0700] {logging_mixin.py:188} INFO - [2025-06-24T00:07:47.716+0700] {dag.py:3954} INFO - Setting next_dagrun for example_bash_decorator to None, run_after=None
[2025-06-24T00:07:47.744+0700] {processor.py:183} INFO - Processing /home/panda/Documents/ODAP/Project/venv310/lib/python3.10/site-packages/airflow/example_dags/example_bash_decorator.py took 0.094 seconds
[2025-06-24T00:09:11.759+0700] {processor.py:161} INFO - Started process (PID=10761) to work on /home/panda/Documents/ODAP/Project/venv310/lib/python3.10/site-packages/airflow/example_dags/example_bash_decorator.py
[2025-06-24T00:09:11.764+0700] {processor.py:830} INFO - Processing file /home/panda/Documents/ODAP/Project/venv310/lib/python3.10/site-packages/airflow/example_dags/example_bash_decorator.py for tasks to queue
[2025-06-24T00:09:11.765+0700] {logging_mixin.py:188} INFO - [2025-06-24T00:09:11.765+0700] {dagbag.py:540} INFO - Filling up the DagBag from /home/panda/Documents/ODAP/Project/venv310/lib/python3.10/site-packages/airflow/example_dags/example_bash_decorator.py
[2025-06-24T00:09:11.783+0700] {processor.py:840} INFO - DAG(s) 'example_bash_decorator' retrieved from /home/panda/Documents/ODAP/Project/venv310/lib/python3.10/site-packages/airflow/example_dags/example_bash_decorator.py
[2025-06-24T00:09:11.806+0700] {logging_mixin.py:188} INFO - [2025-06-24T00:09:11.806+0700] {dag.py:3096} INFO - Sync 1 DAGs
[2025-06-24T00:09:11.820+0700] {logging_mixin.py:188} INFO - [2025-06-24T00:09:11.819+0700] {dag.py:3954} INFO - Setting next_dagrun for example_bash_decorator to None, run_after=None
[2025-06-24T00:09:11.849+0700] {processor.py:183} INFO - Processing /home/panda/Documents/ODAP/Project/venv310/lib/python3.10/site-packages/airflow/example_dags/example_bash_decorator.py took 0.097 seconds
[2025-06-24T00:10:18.274+0700] {processor.py:161} INFO - Started process (PID=10945) to work on /home/panda/Documents/ODAP/Project/venv310/lib/python3.10/site-packages/airflow/example_dags/example_bash_decorator.py
[2025-06-24T00:10:18.279+0700] {processor.py:830} INFO - Processing file /home/panda/Documents/ODAP/Project/venv310/lib/python3.10/site-packages/airflow/example_dags/example_bash_decorator.py for tasks to queue
[2025-06-24T00:10:18.280+0700] {logging_mixin.py:188} INFO - [2025-06-24T00:10:18.279+0700] {dagbag.py:540} INFO - Filling up the DagBag from /home/panda/Documents/ODAP/Project/venv310/lib/python3.10/site-packages/airflow/example_dags/example_bash_decorator.py
[2025-06-24T00:10:18.297+0700] {processor.py:840} INFO - DAG(s) 'example_bash_decorator' retrieved from /home/panda/Documents/ODAP/Project/venv310/lib/python3.10/site-packages/airflow/example_dags/example_bash_decorator.py
[2025-06-24T00:10:18.319+0700] {logging_mixin.py:188} INFO - [2025-06-24T00:10:18.319+0700] {dag.py:3096} INFO - Sync 1 DAGs
[2025-06-24T00:10:18.332+0700] {logging_mixin.py:188} INFO - [2025-06-24T00:10:18.332+0700] {dag.py:3954} INFO - Setting next_dagrun for example_bash_decorator to None, run_after=None
[2025-06-24T00:10:18.360+0700] {processor.py:183} INFO - Processing /home/panda/Documents/ODAP/Project/venv310/lib/python3.10/site-packages/airflow/example_dags/example_bash_decorator.py took 0.093 seconds
[2025-06-24T00:11:26.854+0700] {processor.py:161} INFO - Started process (PID=12426) to work on /home/panda/Documents/ODAP/Project/venv310/lib/python3.10/site-packages/airflow/example_dags/example_bash_decorator.py
[2025-06-24T00:11:26.859+0700] {processor.py:830} INFO - Processing file /home/panda/Documents/ODAP/Project/venv310/lib/python3.10/site-packages/airflow/example_dags/example_bash_decorator.py for tasks to queue
[2025-06-24T00:11:26.860+0700] {logging_mixin.py:188} INFO - [2025-06-24T00:11:26.859+0700] {dagbag.py:540} INFO - Filling up the DagBag from /home/panda/Documents/ODAP/Project/venv310/lib/python3.10/site-packages/airflow/example_dags/example_bash_decorator.py
[2025-06-24T00:11:26.875+0700] {processor.py:840} INFO - DAG(s) 'example_bash_decorator' retrieved from /home/panda/Documents/ODAP/Project/venv310/lib/python3.10/site-packages/airflow/example_dags/example_bash_decorator.py
[2025-06-24T00:11:26.896+0700] {logging_mixin.py:188} INFO - [2025-06-24T00:11:26.896+0700] {dag.py:3096} INFO - Sync 1 DAGs
[2025-06-24T00:11:26.908+0700] {logging_mixin.py:188} INFO - [2025-06-24T00:11:26.907+0700] {dag.py:3954} INFO - Setting next_dagrun for example_bash_decorator to None, run_after=None
[2025-06-24T00:11:26.937+0700] {processor.py:183} INFO - Processing /home/panda/Documents/ODAP/Project/venv310/lib/python3.10/site-packages/airflow/example_dags/example_bash_decorator.py took 0.091 seconds
[2025-06-24T00:12:25.078+0700] {processor.py:161} INFO - Started process (PID=12627) to work on /home/panda/Documents/ODAP/Project/venv310/lib/python3.10/site-packages/airflow/example_dags/example_bash_decorator.py
[2025-06-24T00:12:25.083+0700] {processor.py:830} INFO - Processing file /home/panda/Documents/ODAP/Project/venv310/lib/python3.10/site-packages/airflow/example_dags/example_bash_decorator.py for tasks to queue
[2025-06-24T00:12:25.084+0700] {logging_mixin.py:188} INFO - [2025-06-24T00:12:25.084+0700] {dagbag.py:540} INFO - Filling up the DagBag from /home/panda/Documents/ODAP/Project/venv310/lib/python3.10/site-packages/airflow/example_dags/example_bash_decorator.py
[2025-06-24T00:12:25.100+0700] {processor.py:840} INFO - DAG(s) 'example_bash_decorator' retrieved from /home/panda/Documents/ODAP/Project/venv310/lib/python3.10/site-packages/airflow/example_dags/example_bash_decorator.py
[2025-06-24T00:12:25.121+0700] {logging_mixin.py:188} INFO - [2025-06-24T00:12:25.120+0700] {dag.py:3096} INFO - Sync 1 DAGs
[2025-06-24T00:12:25.132+0700] {logging_mixin.py:188} INFO - [2025-06-24T00:12:25.132+0700] {dag.py:3954} INFO - Setting next_dagrun for example_bash_decorator to None, run_after=None
[2025-06-24T00:12:25.163+0700] {processor.py:183} INFO - Processing /home/panda/Documents/ODAP/Project/venv310/lib/python3.10/site-packages/airflow/example_dags/example_bash_decorator.py took 0.092 seconds
[2025-06-24T00:13:33.312+0700] {processor.py:161} INFO - Started process (PID=12863) to work on /home/panda/Documents/ODAP/Project/venv310/lib/python3.10/site-packages/airflow/example_dags/example_bash_decorator.py
[2025-06-24T00:13:33.317+0700] {processor.py:830} INFO - Processing file /home/panda/Documents/ODAP/Project/venv310/lib/python3.10/site-packages/airflow/example_dags/example_bash_decorator.py for tasks to queue
[2025-06-24T00:13:33.318+0700] {logging_mixin.py:188} INFO - [2025-06-24T00:13:33.318+0700] {dagbag.py:540} INFO - Filling up the DagBag from /home/panda/Documents/ODAP/Project/venv310/lib/python3.10/site-packages/airflow/example_dags/example_bash_decorator.py
[2025-06-24T00:13:33.335+0700] {processor.py:840} INFO - DAG(s) 'example_bash_decorator' retrieved from /home/panda/Documents/ODAP/Project/venv310/lib/python3.10/site-packages/airflow/example_dags/example_bash_decorator.py
[2025-06-24T00:13:33.357+0700] {logging_mixin.py:188} INFO - [2025-06-24T00:13:33.356+0700] {dag.py:3096} INFO - Sync 1 DAGs
[2025-06-24T00:13:33.369+0700] {logging_mixin.py:188} INFO - [2025-06-24T00:13:33.369+0700] {dag.py:3954} INFO - Setting next_dagrun for example_bash_decorator to None, run_after=None
[2025-06-24T00:13:33.397+0700] {processor.py:183} INFO - Processing /home/panda/Documents/ODAP/Project/venv310/lib/python3.10/site-packages/airflow/example_dags/example_bash_decorator.py took 0.092 seconds
[2025-06-24T00:14:39.853+0700] {processor.py:161} INFO - Started process (PID=13172) to work on /home/panda/Documents/ODAP/Project/venv310/lib/python3.10/site-packages/airflow/example_dags/example_bash_decorator.py
[2025-06-24T00:14:39.858+0700] {processor.py:830} INFO - Processing file /home/panda/Documents/ODAP/Project/venv310/lib/python3.10/site-packages/airflow/example_dags/example_bash_decorator.py for tasks to queue
[2025-06-24T00:14:39.859+0700] {logging_mixin.py:188} INFO - [2025-06-24T00:14:39.859+0700] {dagbag.py:540} INFO - Filling up the DagBag from /home/panda/Documents/ODAP/Project/venv310/lib/python3.10/site-packages/airflow/example_dags/example_bash_decorator.py
[2025-06-24T00:14:39.875+0700] {processor.py:840} INFO - DAG(s) 'example_bash_decorator' retrieved from /home/panda/Documents/ODAP/Project/venv310/lib/python3.10/site-packages/airflow/example_dags/example_bash_decorator.py
[2025-06-24T00:14:39.896+0700] {logging_mixin.py:188} INFO - [2025-06-24T00:14:39.896+0700] {dag.py:3096} INFO - Sync 1 DAGs
[2025-06-24T00:14:39.908+0700] {logging_mixin.py:188} INFO - [2025-06-24T00:14:39.908+0700] {dag.py:3954} INFO - Setting next_dagrun for example_bash_decorator to None, run_after=None
[2025-06-24T00:14:39.937+0700] {processor.py:183} INFO - Processing /home/panda/Documents/ODAP/Project/venv310/lib/python3.10/site-packages/airflow/example_dags/example_bash_decorator.py took 0.091 seconds
[2025-06-24T00:21:57.020+0700] {processor.py:161} INFO - Started process (PID=16669) to work on /home/panda/Documents/ODAP/Project/venv310/lib/python3.10/site-packages/airflow/example_dags/example_bash_decorator.py
[2025-06-24T00:21:57.025+0700] {processor.py:830} INFO - Processing file /home/panda/Documents/ODAP/Project/venv310/lib/python3.10/site-packages/airflow/example_dags/example_bash_decorator.py for tasks to queue
[2025-06-24T00:21:57.026+0700] {logging_mixin.py:188} INFO - [2025-06-24T00:21:57.026+0700] {dagbag.py:540} INFO - Filling up the DagBag from /home/panda/Documents/ODAP/Project/venv310/lib/python3.10/site-packages/airflow/example_dags/example_bash_decorator.py
[2025-06-24T00:21:57.043+0700] {processor.py:840} INFO - DAG(s) 'example_bash_decorator' retrieved from /home/panda/Documents/ODAP/Project/venv310/lib/python3.10/site-packages/airflow/example_dags/example_bash_decorator.py
[2025-06-24T00:21:57.065+0700] {logging_mixin.py:188} INFO - [2025-06-24T00:21:57.064+0700] {dag.py:3096} INFO - Sync 1 DAGs
[2025-06-24T00:21:57.078+0700] {logging_mixin.py:188} INFO - [2025-06-24T00:21:57.078+0700] {dag.py:3954} INFO - Setting next_dagrun for example_bash_decorator to None, run_after=None
[2025-06-24T00:21:57.107+0700] {processor.py:183} INFO - Processing /home/panda/Documents/ODAP/Project/venv310/lib/python3.10/site-packages/airflow/example_dags/example_bash_decorator.py took 0.095 seconds
[2025-06-24T00:34:09.741+0700] {processor.py:161} INFO - Started process (PID=20343) to work on /home/panda/Documents/ODAP/Project/venv310/lib/python3.10/site-packages/airflow/example_dags/example_bash_decorator.py
[2025-06-24T00:34:09.746+0700] {processor.py:830} INFO - Processing file /home/panda/Documents/ODAP/Project/venv310/lib/python3.10/site-packages/airflow/example_dags/example_bash_decorator.py for tasks to queue
[2025-06-24T00:34:09.748+0700] {logging_mixin.py:188} INFO - [2025-06-24T00:34:09.748+0700] {dagbag.py:540} INFO - Filling up the DagBag from /home/panda/Documents/ODAP/Project/venv310/lib/python3.10/site-packages/airflow/example_dags/example_bash_decorator.py
[2025-06-24T00:34:09.765+0700] {processor.py:840} INFO - DAG(s) 'example_bash_decorator' retrieved from /home/panda/Documents/ODAP/Project/venv310/lib/python3.10/site-packages/airflow/example_dags/example_bash_decorator.py
[2025-06-24T00:34:09.787+0700] {logging_mixin.py:188} INFO - [2025-06-24T00:34:09.787+0700] {dag.py:3096} INFO - Sync 1 DAGs
[2025-06-24T00:34:09.800+0700] {logging_mixin.py:188} INFO - [2025-06-24T00:34:09.800+0700] {dag.py:3954} INFO - Setting next_dagrun for example_bash_decorator to None, run_after=None
[2025-06-24T00:34:09.826+0700] {processor.py:183} INFO - Processing /home/panda/Documents/ODAP/Project/venv310/lib/python3.10/site-packages/airflow/example_dags/example_bash_decorator.py took 0.092 seconds
[2025-06-24T00:35:21.062+0700] {processor.py:161} INFO - Started process (PID=20540) to work on /home/panda/Documents/ODAP/Project/venv310/lib/python3.10/site-packages/airflow/example_dags/example_bash_decorator.py
[2025-06-24T00:35:21.068+0700] {processor.py:830} INFO - Processing file /home/panda/Documents/ODAP/Project/venv310/lib/python3.10/site-packages/airflow/example_dags/example_bash_decorator.py for tasks to queue
[2025-06-24T00:35:21.069+0700] {logging_mixin.py:188} INFO - [2025-06-24T00:35:21.068+0700] {dagbag.py:540} INFO - Filling up the DagBag from /home/panda/Documents/ODAP/Project/venv310/lib/python3.10/site-packages/airflow/example_dags/example_bash_decorator.py
[2025-06-24T00:35:21.086+0700] {processor.py:840} INFO - DAG(s) 'example_bash_decorator' retrieved from /home/panda/Documents/ODAP/Project/venv310/lib/python3.10/site-packages/airflow/example_dags/example_bash_decorator.py
[2025-06-24T00:35:21.110+0700] {logging_mixin.py:188} INFO - [2025-06-24T00:35:21.110+0700] {dag.py:3096} INFO - Sync 1 DAGs
[2025-06-24T00:35:21.123+0700] {logging_mixin.py:188} INFO - [2025-06-24T00:35:21.123+0700] {dag.py:3954} INFO - Setting next_dagrun for example_bash_decorator to None, run_after=None
[2025-06-24T00:35:21.150+0700] {processor.py:183} INFO - Processing /home/panda/Documents/ODAP/Project/venv310/lib/python3.10/site-packages/airflow/example_dags/example_bash_decorator.py took 0.095 seconds
[2025-06-24T00:36:29.226+0700] {processor.py:161} INFO - Started process (PID=20916) to work on /home/panda/Documents/ODAP/Project/venv310/lib/python3.10/site-packages/airflow/example_dags/example_bash_decorator.py
[2025-06-24T00:36:29.231+0700] {processor.py:830} INFO - Processing file /home/panda/Documents/ODAP/Project/venv310/lib/python3.10/site-packages/airflow/example_dags/example_bash_decorator.py for tasks to queue
[2025-06-24T00:36:29.232+0700] {logging_mixin.py:188} INFO - [2025-06-24T00:36:29.232+0700] {dagbag.py:540} INFO - Filling up the DagBag from /home/panda/Documents/ODAP/Project/venv310/lib/python3.10/site-packages/airflow/example_dags/example_bash_decorator.py
[2025-06-24T00:36:29.249+0700] {processor.py:840} INFO - DAG(s) 'example_bash_decorator' retrieved from /home/panda/Documents/ODAP/Project/venv310/lib/python3.10/site-packages/airflow/example_dags/example_bash_decorator.py
[2025-06-24T00:36:29.273+0700] {logging_mixin.py:188} INFO - [2025-06-24T00:36:29.272+0700] {dag.py:3096} INFO - Sync 1 DAGs
[2025-06-24T00:36:29.285+0700] {logging_mixin.py:188} INFO - [2025-06-24T00:36:29.285+0700] {dag.py:3954} INFO - Setting next_dagrun for example_bash_decorator to None, run_after=None
[2025-06-24T00:36:29.315+0700] {processor.py:183} INFO - Processing /home/panda/Documents/ODAP/Project/venv310/lib/python3.10/site-packages/airflow/example_dags/example_bash_decorator.py took 0.097 seconds
[2025-06-24T00:53:07.949+0700] {processor.py:161} INFO - Started process (PID=25208) to work on /home/panda/Documents/ODAP/Project/venv310/lib/python3.10/site-packages/airflow/example_dags/example_bash_decorator.py
[2025-06-24T00:53:07.955+0700] {processor.py:830} INFO - Processing file /home/panda/Documents/ODAP/Project/venv310/lib/python3.10/site-packages/airflow/example_dags/example_bash_decorator.py for tasks to queue
[2025-06-24T00:53:07.956+0700] {logging_mixin.py:188} INFO - [2025-06-24T00:53:07.955+0700] {dagbag.py:540} INFO - Filling up the DagBag from /home/panda/Documents/ODAP/Project/venv310/lib/python3.10/site-packages/airflow/example_dags/example_bash_decorator.py
[2025-06-24T00:53:07.975+0700] {processor.py:840} INFO - DAG(s) 'example_bash_decorator' retrieved from /home/panda/Documents/ODAP/Project/venv310/lib/python3.10/site-packages/airflow/example_dags/example_bash_decorator.py
[2025-06-24T00:53:07.999+0700] {logging_mixin.py:188} INFO - [2025-06-24T00:53:07.998+0700] {dag.py:3096} INFO - Sync 1 DAGs
[2025-06-24T00:53:08.012+0700] {logging_mixin.py:188} INFO - [2025-06-24T00:53:08.011+0700] {dag.py:3954} INFO - Setting next_dagrun for example_bash_decorator to None, run_after=None
[2025-06-24T00:53:08.036+0700] {processor.py:183} INFO - Processing /home/panda/Documents/ODAP/Project/venv310/lib/python3.10/site-packages/airflow/example_dags/example_bash_decorator.py took 0.095 seconds
[2025-06-24T00:54:19.849+0700] {processor.py:161} INFO - Started process (PID=25586) to work on /home/panda/Documents/ODAP/Project/venv310/lib/python3.10/site-packages/airflow/example_dags/example_bash_decorator.py
[2025-06-24T00:54:19.851+0700] {processor.py:830} INFO - Processing file /home/panda/Documents/ODAP/Project/venv310/lib/python3.10/site-packages/airflow/example_dags/example_bash_decorator.py for tasks to queue
[2025-06-24T00:54:19.853+0700] {logging_mixin.py:188} INFO - [2025-06-24T00:54:19.852+0700] {dagbag.py:540} INFO - Filling up the DagBag from /home/panda/Documents/ODAP/Project/venv310/lib/python3.10/site-packages/airflow/example_dags/example_bash_decorator.py
[2025-06-24T00:54:19.871+0700] {processor.py:840} INFO - DAG(s) 'example_bash_decorator' retrieved from /home/panda/Documents/ODAP/Project/venv310/lib/python3.10/site-packages/airflow/example_dags/example_bash_decorator.py
[2025-06-24T00:54:19.895+0700] {logging_mixin.py:188} INFO - [2025-06-24T00:54:19.894+0700] {dag.py:3096} INFO - Sync 1 DAGs
[2025-06-24T00:54:19.907+0700] {logging_mixin.py:188} INFO - [2025-06-24T00:54:19.907+0700] {dag.py:3954} INFO - Setting next_dagrun for example_bash_decorator to None, run_after=None
[2025-06-24T00:54:19.937+0700] {processor.py:183} INFO - Processing /home/panda/Documents/ODAP/Project/venv310/lib/python3.10/site-packages/airflow/example_dags/example_bash_decorator.py took 0.096 seconds
[2025-06-24T01:03:42.362+0700] {processor.py:161} INFO - Started process (PID=28644) to work on /home/panda/Documents/ODAP/Project/venv310/lib/python3.10/site-packages/airflow/example_dags/example_bash_decorator.py
[2025-06-24T01:03:42.367+0700] {processor.py:830} INFO - Processing file /home/panda/Documents/ODAP/Project/venv310/lib/python3.10/site-packages/airflow/example_dags/example_bash_decorator.py for tasks to queue
[2025-06-24T01:03:42.368+0700] {logging_mixin.py:188} INFO - [2025-06-24T01:03:42.368+0700] {dagbag.py:540} INFO - Filling up the DagBag from /home/panda/Documents/ODAP/Project/venv310/lib/python3.10/site-packages/airflow/example_dags/example_bash_decorator.py
[2025-06-24T01:03:42.386+0700] {processor.py:840} INFO - DAG(s) 'example_bash_decorator' retrieved from /home/panda/Documents/ODAP/Project/venv310/lib/python3.10/site-packages/airflow/example_dags/example_bash_decorator.py
[2025-06-24T01:03:42.411+0700] {logging_mixin.py:188} INFO - [2025-06-24T01:03:42.410+0700] {dag.py:3096} INFO - Sync 1 DAGs
[2025-06-24T01:03:42.425+0700] {logging_mixin.py:188} INFO - [2025-06-24T01:03:42.425+0700] {dag.py:3954} INFO - Setting next_dagrun for example_bash_decorator to None, run_after=None
[2025-06-24T01:03:42.455+0700] {processor.py:183} INFO - Processing /home/panda/Documents/ODAP/Project/venv310/lib/python3.10/site-packages/airflow/example_dags/example_bash_decorator.py took 0.101 seconds
