[2025-06-24T00:02:44.418+0700] {processor.py:161} INFO - Started process (PID=6163) to work on /home/panda/Documents/ODAP/Project/venv310/lib/python3.10/site-packages/airflow/example_dags/example_branch_python_dop_operator_3.py
[2025-06-24T00:02:44.419+0700] {processor.py:830} INFO - Processing file /home/panda/Documents/ODAP/Project/venv310/lib/python3.10/site-packages/airflow/example_dags/example_branch_python_dop_operator_3.py for tasks to queue
[2025-06-24T00:02:44.421+0700] {logging_mixin.py:188} INFO - [2025-06-24T00:02:44.421+0700] {dagbag.py:540} INFO - Filling up the DagBag from /home/panda/Documents/ODAP/Project/venv310/lib/python3.10/site-packages/airflow/example_dags/example_branch_python_dop_operator_3.py
[2025-06-24T00:02:44.432+0700] {processor.py:840} INFO - DAG(s) 'example_branch_dop_operator_v3' retrieved from /home/panda/Documents/ODAP/Project/venv310/lib/python3.10/site-packages/airflow/example_dags/example_branch_python_dop_operator_3.py
[2025-06-24T00:02:44.450+0700] {logging_mixin.py:188} INFO - [2025-06-24T00:02:44.450+0700] {dag.py:3096} INFO - Sync 1 DAGs
[2025-06-24T00:02:44.475+0700] {logging_mixin.py:188} INFO - [2025-06-24T00:02:44.475+0700] {dag.py:3954} INFO - Setting next_dagrun for example_branch_dop_operator_v3 to 2025-06-23 17:01:00+00:00, run_after=2025-06-23 17:02:00+00:00
[2025-06-24T00:02:44.502+0700] {processor.py:183} INFO - Processing /home/panda/Documents/ODAP/Project/venv310/lib/python3.10/site-packages/airflow/example_dags/example_branch_python_dop_operator_3.py took 0.091 seconds
[2025-06-24T00:03:56.995+0700] {processor.py:161} INFO - Started process (PID=6423) to work on /home/panda/Documents/ODAP/Project/venv310/lib/python3.10/site-packages/airflow/example_dags/example_branch_python_dop_operator_3.py
[2025-06-24T00:03:57.001+0700] {processor.py:830} INFO - Processing file /home/panda/Documents/ODAP/Project/venv310/lib/python3.10/site-packages/airflow/example_dags/example_branch_python_dop_operator_3.py for tasks to queue
[2025-06-24T00:03:57.003+0700] {logging_mixin.py:188} INFO - [2025-06-24T00:03:57.002+0700] {dagbag.py:540} INFO - Filling up the DagBag from /home/panda/Documents/ODAP/Project/venv310/lib/python3.10/site-packages/airflow/example_dags/example_branch_python_dop_operator_3.py
[2025-06-24T00:03:57.014+0700] {processor.py:840} INFO - DAG(s) 'example_branch_dop_operator_v3' retrieved from /home/panda/Documents/ODAP/Project/venv310/lib/python3.10/site-packages/airflow/example_dags/example_branch_python_dop_operator_3.py
[2025-06-24T00:03:57.034+0700] {logging_mixin.py:188} INFO - [2025-06-24T00:03:57.034+0700] {dag.py:3096} INFO - Sync 1 DAGs
[2025-06-24T00:03:57.197+0700] {logging_mixin.py:188} INFO - [2025-06-24T00:03:57.196+0700] {dag.py:3954} INFO - Setting next_dagrun for example_branch_dop_operator_v3 to 2025-06-23 17:02:00+00:00, run_after=2025-06-23 17:03:00+00:00
[2025-06-24T00:03:57.227+0700] {processor.py:183} INFO - Processing /home/panda/Documents/ODAP/Project/venv310/lib/python3.10/site-packages/airflow/example_dags/example_branch_python_dop_operator_3.py took 0.239 seconds
[2025-06-24T00:05:10.616+0700] {processor.py:161} INFO - Started process (PID=7012) to work on /home/panda/Documents/ODAP/Project/venv310/lib/python3.10/site-packages/airflow/example_dags/example_branch_python_dop_operator_3.py
[2025-06-24T00:05:10.620+0700] {processor.py:830} INFO - Processing file /home/panda/Documents/ODAP/Project/venv310/lib/python3.10/site-packages/airflow/example_dags/example_branch_python_dop_operator_3.py for tasks to queue
[2025-06-24T00:05:10.622+0700] {logging_mixin.py:188} INFO - [2025-06-24T00:05:10.622+0700] {dagbag.py:540} INFO - Filling up the DagBag from /home/panda/Documents/ODAP/Project/venv310/lib/python3.10/site-packages/airflow/example_dags/example_branch_python_dop_operator_3.py
[2025-06-24T00:05:10.634+0700] {processor.py:840} INFO - DAG(s) 'example_branch_dop_operator_v3' retrieved from /home/panda/Documents/ODAP/Project/venv310/lib/python3.10/site-packages/airflow/example_dags/example_branch_python_dop_operator_3.py
[2025-06-24T00:05:10.652+0700] {logging_mixin.py:188} INFO - [2025-06-24T00:05:10.652+0700] {dag.py:3096} INFO - Sync 1 DAGs
[2025-06-24T00:05:10.679+0700] {logging_mixin.py:188} INFO - [2025-06-24T00:05:10.679+0700] {dag.py:3954} INFO - Setting next_dagrun for example_branch_dop_operator_v3 to 2025-06-23 17:04:00+00:00, run_after=2025-06-23 17:05:00+00:00
[2025-06-24T00:05:10.704+0700] {processor.py:183} INFO - Processing /home/panda/Documents/ODAP/Project/venv310/lib/python3.10/site-packages/airflow/example_dags/example_branch_python_dop_operator_3.py took 0.096 seconds
[2025-06-24T00:07:51.626+0700] {processor.py:161} INFO - Started process (PID=8362) to work on /home/panda/Documents/ODAP/Project/venv310/lib/python3.10/site-packages/airflow/example_dags/example_branch_python_dop_operator_3.py
[2025-06-24T00:07:51.630+0700] {processor.py:830} INFO - Processing file /home/panda/Documents/ODAP/Project/venv310/lib/python3.10/site-packages/airflow/example_dags/example_branch_python_dop_operator_3.py for tasks to queue
[2025-06-24T00:07:51.632+0700] {logging_mixin.py:188} INFO - [2025-06-24T00:07:51.631+0700] {dagbag.py:540} INFO - Filling up the DagBag from /home/panda/Documents/ODAP/Project/venv310/lib/python3.10/site-packages/airflow/example_dags/example_branch_python_dop_operator_3.py
[2025-06-24T00:07:51.643+0700] {processor.py:840} INFO - DAG(s) 'example_branch_dop_operator_v3' retrieved from /home/panda/Documents/ODAP/Project/venv310/lib/python3.10/site-packages/airflow/example_dags/example_branch_python_dop_operator_3.py
[2025-06-24T00:07:51.661+0700] {logging_mixin.py:188} INFO - [2025-06-24T00:07:51.661+0700] {dag.py:3096} INFO - Sync 1 DAGs
[2025-06-24T00:07:51.684+0700] {logging_mixin.py:188} INFO - [2025-06-24T00:07:51.683+0700] {dag.py:3954} INFO - Setting next_dagrun for example_branch_dop_operator_v3 to 2025-06-23 17:06:00+00:00, run_after=2025-06-23 17:07:00+00:00
[2025-06-24T00:07:51.722+0700] {processor.py:183} INFO - Processing /home/panda/Documents/ODAP/Project/venv310/lib/python3.10/site-packages/airflow/example_dags/example_branch_python_dop_operator_3.py took 0.103 seconds
[2025-06-24T00:09:16.573+0700] {processor.py:161} INFO - Started process (PID=10776) to work on /home/panda/Documents/ODAP/Project/venv310/lib/python3.10/site-packages/airflow/example_dags/example_branch_python_dop_operator_3.py
[2025-06-24T00:09:16.578+0700] {processor.py:830} INFO - Processing file /home/panda/Documents/ODAP/Project/venv310/lib/python3.10/site-packages/airflow/example_dags/example_branch_python_dop_operator_3.py for tasks to queue
[2025-06-24T00:09:16.579+0700] {logging_mixin.py:188} INFO - [2025-06-24T00:09:16.579+0700] {dagbag.py:540} INFO - Filling up the DagBag from /home/panda/Documents/ODAP/Project/venv310/lib/python3.10/site-packages/airflow/example_dags/example_branch_python_dop_operator_3.py
[2025-06-24T00:09:16.590+0700] {processor.py:840} INFO - DAG(s) 'example_branch_dop_operator_v3' retrieved from /home/panda/Documents/ODAP/Project/venv310/lib/python3.10/site-packages/airflow/example_dags/example_branch_python_dop_operator_3.py
[2025-06-24T00:09:16.609+0700] {logging_mixin.py:188} INFO - [2025-06-24T00:09:16.609+0700] {dag.py:3096} INFO - Sync 1 DAGs
[2025-06-24T00:09:16.633+0700] {logging_mixin.py:188} INFO - [2025-06-24T00:09:16.633+0700] {dag.py:3954} INFO - Setting next_dagrun for example_branch_dop_operator_v3 to 2025-06-23 17:08:00+00:00, run_after=2025-06-23 17:09:00+00:00
[2025-06-24T00:09:16.658+0700] {processor.py:183} INFO - Processing /home/panda/Documents/ODAP/Project/venv310/lib/python3.10/site-packages/airflow/example_dags/example_branch_python_dop_operator_3.py took 0.093 seconds
[2025-06-24T00:10:22.563+0700] {processor.py:161} INFO - Started process (PID=10958) to work on /home/panda/Documents/ODAP/Project/venv310/lib/python3.10/site-packages/airflow/example_dags/example_branch_python_dop_operator_3.py
[2025-06-24T00:10:22.569+0700] {processor.py:830} INFO - Processing file /home/panda/Documents/ODAP/Project/venv310/lib/python3.10/site-packages/airflow/example_dags/example_branch_python_dop_operator_3.py for tasks to queue
[2025-06-24T00:10:22.570+0700] {logging_mixin.py:188} INFO - [2025-06-24T00:10:22.569+0700] {dagbag.py:540} INFO - Filling up the DagBag from /home/panda/Documents/ODAP/Project/venv310/lib/python3.10/site-packages/airflow/example_dags/example_branch_python_dop_operator_3.py
[2025-06-24T00:10:22.581+0700] {processor.py:840} INFO - DAG(s) 'example_branch_dop_operator_v3' retrieved from /home/panda/Documents/ODAP/Project/venv310/lib/python3.10/site-packages/airflow/example_dags/example_branch_python_dop_operator_3.py
[2025-06-24T00:10:22.600+0700] {logging_mixin.py:188} INFO - [2025-06-24T00:10:22.599+0700] {dag.py:3096} INFO - Sync 1 DAGs
[2025-06-24T00:10:22.622+0700] {logging_mixin.py:188} INFO - [2025-06-24T00:10:22.622+0700] {dag.py:3954} INFO - Setting next_dagrun for example_branch_dop_operator_v3 to 2025-06-23 17:09:00+00:00, run_after=2025-06-23 17:10:00+00:00
[2025-06-24T00:10:22.647+0700] {processor.py:183} INFO - Processing /home/panda/Documents/ODAP/Project/venv310/lib/python3.10/site-packages/airflow/example_dags/example_branch_python_dop_operator_3.py took 0.091 seconds
[2025-06-24T00:12:03.775+0700] {processor.py:161} INFO - Started process (PID=12566) to work on /home/panda/Documents/ODAP/Project/venv310/lib/python3.10/site-packages/airflow/example_dags/example_branch_python_dop_operator_3.py
[2025-06-24T00:12:03.780+0700] {processor.py:830} INFO - Processing file /home/panda/Documents/ODAP/Project/venv310/lib/python3.10/site-packages/airflow/example_dags/example_branch_python_dop_operator_3.py for tasks to queue
[2025-06-24T00:12:03.781+0700] {logging_mixin.py:188} INFO - [2025-06-24T00:12:03.780+0700] {dagbag.py:540} INFO - Filling up the DagBag from /home/panda/Documents/ODAP/Project/venv310/lib/python3.10/site-packages/airflow/example_dags/example_branch_python_dop_operator_3.py
[2025-06-24T00:12:03.792+0700] {processor.py:840} INFO - DAG(s) 'example_branch_dop_operator_v3' retrieved from /home/panda/Documents/ODAP/Project/venv310/lib/python3.10/site-packages/airflow/example_dags/example_branch_python_dop_operator_3.py
[2025-06-24T00:12:03.810+0700] {logging_mixin.py:188} INFO - [2025-06-24T00:12:03.809+0700] {dag.py:3096} INFO - Sync 1 DAGs
[2025-06-24T00:12:03.831+0700] {logging_mixin.py:188} INFO - [2025-06-24T00:12:03.831+0700] {dag.py:3954} INFO - Setting next_dagrun for example_branch_dop_operator_v3 to 2025-06-23 17:11:00+00:00, run_after=2025-06-23 17:12:00+00:00
[2025-06-24T00:12:03.854+0700] {processor.py:183} INFO - Processing /home/panda/Documents/ODAP/Project/venv310/lib/python3.10/site-packages/airflow/example_dags/example_branch_python_dop_operator_3.py took 0.087 seconds
[2025-06-24T00:13:10.408+0700] {processor.py:161} INFO - Started process (PID=12803) to work on /home/panda/Documents/ODAP/Project/venv310/lib/python3.10/site-packages/airflow/example_dags/example_branch_python_dop_operator_3.py
[2025-06-24T00:13:10.413+0700] {processor.py:830} INFO - Processing file /home/panda/Documents/ODAP/Project/venv310/lib/python3.10/site-packages/airflow/example_dags/example_branch_python_dop_operator_3.py for tasks to queue
[2025-06-24T00:13:10.414+0700] {logging_mixin.py:188} INFO - [2025-06-24T00:13:10.413+0700] {dagbag.py:540} INFO - Filling up the DagBag from /home/panda/Documents/ODAP/Project/venv310/lib/python3.10/site-packages/airflow/example_dags/example_branch_python_dop_operator_3.py
[2025-06-24T00:13:10.424+0700] {processor.py:840} INFO - DAG(s) 'example_branch_dop_operator_v3' retrieved from /home/panda/Documents/ODAP/Project/venv310/lib/python3.10/site-packages/airflow/example_dags/example_branch_python_dop_operator_3.py
[2025-06-24T00:13:10.443+0700] {logging_mixin.py:188} INFO - [2025-06-24T00:13:10.443+0700] {dag.py:3096} INFO - Sync 1 DAGs
[2025-06-24T00:13:10.470+0700] {logging_mixin.py:188} INFO - [2025-06-24T00:13:10.470+0700] {dag.py:3954} INFO - Setting next_dagrun for example_branch_dop_operator_v3 to 2025-06-23 17:12:00+00:00, run_after=2025-06-23 17:13:00+00:00
[2025-06-24T00:13:10.500+0700] {processor.py:183} INFO - Processing /home/panda/Documents/ODAP/Project/venv310/lib/python3.10/site-packages/airflow/example_dags/example_branch_python_dop_operator_3.py took 0.100 seconds
[2025-06-24T00:14:18.102+0700] {processor.py:161} INFO - Started process (PID=13114) to work on /home/panda/Documents/ODAP/Project/venv310/lib/python3.10/site-packages/airflow/example_dags/example_branch_python_dop_operator_3.py
[2025-06-24T00:14:18.107+0700] {processor.py:830} INFO - Processing file /home/panda/Documents/ODAP/Project/venv310/lib/python3.10/site-packages/airflow/example_dags/example_branch_python_dop_operator_3.py for tasks to queue
[2025-06-24T00:14:18.108+0700] {logging_mixin.py:188} INFO - [2025-06-24T00:14:18.107+0700] {dagbag.py:540} INFO - Filling up the DagBag from /home/panda/Documents/ODAP/Project/venv310/lib/python3.10/site-packages/airflow/example_dags/example_branch_python_dop_operator_3.py
[2025-06-24T00:14:18.118+0700] {processor.py:840} INFO - DAG(s) 'example_branch_dop_operator_v3' retrieved from /home/panda/Documents/ODAP/Project/venv310/lib/python3.10/site-packages/airflow/example_dags/example_branch_python_dop_operator_3.py
[2025-06-24T00:14:18.136+0700] {logging_mixin.py:188} INFO - [2025-06-24T00:14:18.136+0700] {dag.py:3096} INFO - Sync 1 DAGs
[2025-06-24T00:14:18.159+0700] {logging_mixin.py:188} INFO - [2025-06-24T00:14:18.159+0700] {dag.py:3954} INFO - Setting next_dagrun for example_branch_dop_operator_v3 to 2025-06-23 17:13:00+00:00, run_after=2025-06-23 17:14:00+00:00
[2025-06-24T00:14:18.188+0700] {processor.py:183} INFO - Processing /home/panda/Documents/ODAP/Project/venv310/lib/python3.10/site-packages/airflow/example_dags/example_branch_python_dop_operator_3.py took 0.094 seconds
[2025-06-24T00:22:01.837+0700] {processor.py:161} INFO - Started process (PID=16681) to work on /home/panda/Documents/ODAP/Project/venv310/lib/python3.10/site-packages/airflow/example_dags/example_branch_python_dop_operator_3.py
[2025-06-24T00:22:01.842+0700] {processor.py:830} INFO - Processing file /home/panda/Documents/ODAP/Project/venv310/lib/python3.10/site-packages/airflow/example_dags/example_branch_python_dop_operator_3.py for tasks to queue
[2025-06-24T00:22:01.843+0700] {logging_mixin.py:188} INFO - [2025-06-24T00:22:01.843+0700] {dagbag.py:540} INFO - Filling up the DagBag from /home/panda/Documents/ODAP/Project/venv310/lib/python3.10/site-packages/airflow/example_dags/example_branch_python_dop_operator_3.py
[2025-06-24T00:22:01.855+0700] {processor.py:840} INFO - DAG(s) 'example_branch_dop_operator_v3' retrieved from /home/panda/Documents/ODAP/Project/venv310/lib/python3.10/site-packages/airflow/example_dags/example_branch_python_dop_operator_3.py
[2025-06-24T00:22:01.876+0700] {logging_mixin.py:188} INFO - [2025-06-24T00:22:01.876+0700] {dag.py:3096} INFO - Sync 1 DAGs
[2025-06-24T00:22:01.902+0700] {logging_mixin.py:188} INFO - [2025-06-24T00:22:01.902+0700] {dag.py:3954} INFO - Setting next_dagrun for example_branch_dop_operator_v3 to 2025-06-23 17:21:00+00:00, run_after=2025-06-23 17:22:00+00:00
[2025-06-24T00:22:01.931+0700] {processor.py:183} INFO - Processing /home/panda/Documents/ODAP/Project/venv310/lib/python3.10/site-packages/airflow/example_dags/example_branch_python_dop_operator_3.py took 0.103 seconds
[2025-06-24T00:34:13.453+0700] {processor.py:161} INFO - Started process (PID=20350) to work on /home/panda/Documents/ODAP/Project/venv310/lib/python3.10/site-packages/airflow/example_dags/example_branch_python_dop_operator_3.py
[2025-06-24T00:34:13.458+0700] {processor.py:830} INFO - Processing file /home/panda/Documents/ODAP/Project/venv310/lib/python3.10/site-packages/airflow/example_dags/example_branch_python_dop_operator_3.py for tasks to queue
[2025-06-24T00:34:13.460+0700] {logging_mixin.py:188} INFO - [2025-06-24T00:34:13.459+0700] {dagbag.py:540} INFO - Filling up the DagBag from /home/panda/Documents/ODAP/Project/venv310/lib/python3.10/site-packages/airflow/example_dags/example_branch_python_dop_operator_3.py
[2025-06-24T00:34:13.471+0700] {processor.py:840} INFO - DAG(s) 'example_branch_dop_operator_v3' retrieved from /home/panda/Documents/ODAP/Project/venv310/lib/python3.10/site-packages/airflow/example_dags/example_branch_python_dop_operator_3.py
[2025-06-24T00:34:13.489+0700] {logging_mixin.py:188} INFO - [2025-06-24T00:34:13.489+0700] {dag.py:3096} INFO - Sync 1 DAGs
[2025-06-24T00:34:13.511+0700] {logging_mixin.py:188} INFO - [2025-06-24T00:34:13.511+0700] {dag.py:3954} INFO - Setting next_dagrun for example_branch_dop_operator_v3 to 2025-06-23 17:33:00+00:00, run_after=2025-06-23 17:34:00+00:00
[2025-06-24T00:34:13.543+0700] {processor.py:183} INFO - Processing /home/panda/Documents/ODAP/Project/venv310/lib/python3.10/site-packages/airflow/example_dags/example_branch_python_dop_operator_3.py took 0.098 seconds
[2025-06-24T00:35:25.755+0700] {processor.py:161} INFO - Started process (PID=20553) to work on /home/panda/Documents/ODAP/Project/venv310/lib/python3.10/site-packages/airflow/example_dags/example_branch_python_dop_operator_3.py
[2025-06-24T00:35:25.760+0700] {processor.py:830} INFO - Processing file /home/panda/Documents/ODAP/Project/venv310/lib/python3.10/site-packages/airflow/example_dags/example_branch_python_dop_operator_3.py for tasks to queue
[2025-06-24T00:35:25.761+0700] {logging_mixin.py:188} INFO - [2025-06-24T00:35:25.761+0700] {dagbag.py:540} INFO - Filling up the DagBag from /home/panda/Documents/ODAP/Project/venv310/lib/python3.10/site-packages/airflow/example_dags/example_branch_python_dop_operator_3.py
[2025-06-24T00:35:25.773+0700] {processor.py:840} INFO - DAG(s) 'example_branch_dop_operator_v3' retrieved from /home/panda/Documents/ODAP/Project/venv310/lib/python3.10/site-packages/airflow/example_dags/example_branch_python_dop_operator_3.py
[2025-06-24T00:35:25.793+0700] {logging_mixin.py:188} INFO - [2025-06-24T00:35:25.792+0700] {dag.py:3096} INFO - Sync 1 DAGs
[2025-06-24T00:35:25.818+0700] {logging_mixin.py:188} INFO - [2025-06-24T00:35:25.818+0700] {dag.py:3954} INFO - Setting next_dagrun for example_branch_dop_operator_v3 to 2025-06-23 17:34:00+00:00, run_after=2025-06-23 17:35:00+00:00
[2025-06-24T00:35:25.851+0700] {processor.py:183} INFO - Processing /home/panda/Documents/ODAP/Project/venv310/lib/python3.10/site-packages/airflow/example_dags/example_branch_python_dop_operator_3.py took 0.104 seconds
[2025-06-24T00:36:33.293+0700] {processor.py:161} INFO - Started process (PID=20941) to work on /home/panda/Documents/ODAP/Project/venv310/lib/python3.10/site-packages/airflow/example_dags/example_branch_python_dop_operator_3.py
[2025-06-24T00:36:33.298+0700] {processor.py:830} INFO - Processing file /home/panda/Documents/ODAP/Project/venv310/lib/python3.10/site-packages/airflow/example_dags/example_branch_python_dop_operator_3.py for tasks to queue
[2025-06-24T00:36:33.299+0700] {logging_mixin.py:188} INFO - [2025-06-24T00:36:33.299+0700] {dagbag.py:540} INFO - Filling up the DagBag from /home/panda/Documents/ODAP/Project/venv310/lib/python3.10/site-packages/airflow/example_dags/example_branch_python_dop_operator_3.py
[2025-06-24T00:36:33.309+0700] {processor.py:840} INFO - DAG(s) 'example_branch_dop_operator_v3' retrieved from /home/panda/Documents/ODAP/Project/venv310/lib/python3.10/site-packages/airflow/example_dags/example_branch_python_dop_operator_3.py
[2025-06-24T00:36:33.327+0700] {logging_mixin.py:188} INFO - [2025-06-24T00:36:33.327+0700] {dag.py:3096} INFO - Sync 1 DAGs
[2025-06-24T00:36:33.349+0700] {logging_mixin.py:188} INFO - [2025-06-24T00:36:33.349+0700] {dag.py:3954} INFO - Setting next_dagrun for example_branch_dop_operator_v3 to 2025-06-23 17:35:00+00:00, run_after=2025-06-23 17:36:00+00:00
[2025-06-24T00:36:33.376+0700] {processor.py:183} INFO - Processing /home/panda/Documents/ODAP/Project/venv310/lib/python3.10/site-packages/airflow/example_dags/example_branch_python_dop_operator_3.py took 0.090 seconds
[2025-06-24T00:53:11.657+0700] {processor.py:161} INFO - Started process (PID=25227) to work on /home/panda/Documents/ODAP/Project/venv310/lib/python3.10/site-packages/airflow/example_dags/example_branch_python_dop_operator_3.py
[2025-06-24T00:53:11.662+0700] {processor.py:830} INFO - Processing file /home/panda/Documents/ODAP/Project/venv310/lib/python3.10/site-packages/airflow/example_dags/example_branch_python_dop_operator_3.py for tasks to queue
[2025-06-24T00:53:11.663+0700] {logging_mixin.py:188} INFO - [2025-06-24T00:53:11.662+0700] {dagbag.py:540} INFO - Filling up the DagBag from /home/panda/Documents/ODAP/Project/venv310/lib/python3.10/site-packages/airflow/example_dags/example_branch_python_dop_operator_3.py
[2025-06-24T00:53:11.674+0700] {processor.py:840} INFO - DAG(s) 'example_branch_dop_operator_v3' retrieved from /home/panda/Documents/ODAP/Project/venv310/lib/python3.10/site-packages/airflow/example_dags/example_branch_python_dop_operator_3.py
[2025-06-24T00:53:11.694+0700] {logging_mixin.py:188} INFO - [2025-06-24T00:53:11.694+0700] {dag.py:3096} INFO - Sync 1 DAGs
[2025-06-24T00:53:11.719+0700] {logging_mixin.py:188} INFO - [2025-06-24T00:53:11.719+0700] {dag.py:3954} INFO - Setting next_dagrun for example_branch_dop_operator_v3 to 2025-06-23 17:52:00+00:00, run_after=2025-06-23 17:53:00+00:00
[2025-06-24T00:53:11.755+0700] {processor.py:183} INFO - Processing /home/panda/Documents/ODAP/Project/venv310/lib/python3.10/site-packages/airflow/example_dags/example_branch_python_dop_operator_3.py took 0.105 seconds
[2025-06-24T00:54:23.806+0700] {processor.py:161} INFO - Started process (PID=25596) to work on /home/panda/Documents/ODAP/Project/venv310/lib/python3.10/site-packages/airflow/example_dags/example_branch_python_dop_operator_3.py
[2025-06-24T00:54:23.809+0700] {processor.py:830} INFO - Processing file /home/panda/Documents/ODAP/Project/venv310/lib/python3.10/site-packages/airflow/example_dags/example_branch_python_dop_operator_3.py for tasks to queue
[2025-06-24T00:54:23.810+0700] {logging_mixin.py:188} INFO - [2025-06-24T00:54:23.810+0700] {dagbag.py:540} INFO - Filling up the DagBag from /home/panda/Documents/ODAP/Project/venv310/lib/python3.10/site-packages/airflow/example_dags/example_branch_python_dop_operator_3.py
[2025-06-24T00:54:23.822+0700] {processor.py:840} INFO - DAG(s) 'example_branch_dop_operator_v3' retrieved from /home/panda/Documents/ODAP/Project/venv310/lib/python3.10/site-packages/airflow/example_dags/example_branch_python_dop_operator_3.py
[2025-06-24T00:54:23.842+0700] {logging_mixin.py:188} INFO - [2025-06-24T00:54:23.842+0700] {dag.py:3096} INFO - Sync 1 DAGs
[2025-06-24T00:54:23.865+0700] {logging_mixin.py:188} INFO - [2025-06-24T00:54:23.864+0700] {dag.py:3954} INFO - Setting next_dagrun for example_branch_dop_operator_v3 to 2025-06-23 17:53:00+00:00, run_after=2025-06-23 17:54:00+00:00
[2025-06-24T00:54:23.899+0700] {processor.py:183} INFO - Processing /home/panda/Documents/ODAP/Project/venv310/lib/python3.10/site-packages/airflow/example_dags/example_branch_python_dop_operator_3.py took 0.100 seconds
[2025-06-24T01:03:46.175+0700] {processor.py:161} INFO - Started process (PID=28659) to work on /home/panda/Documents/ODAP/Project/venv310/lib/python3.10/site-packages/airflow/example_dags/example_branch_python_dop_operator_3.py
[2025-06-24T01:03:46.180+0700] {processor.py:830} INFO - Processing file /home/panda/Documents/ODAP/Project/venv310/lib/python3.10/site-packages/airflow/example_dags/example_branch_python_dop_operator_3.py for tasks to queue
[2025-06-24T01:03:46.181+0700] {logging_mixin.py:188} INFO - [2025-06-24T01:03:46.180+0700] {dagbag.py:540} INFO - Filling up the DagBag from /home/panda/Documents/ODAP/Project/venv310/lib/python3.10/site-packages/airflow/example_dags/example_branch_python_dop_operator_3.py
[2025-06-24T01:03:46.192+0700] {processor.py:840} INFO - DAG(s) 'example_branch_dop_operator_v3' retrieved from /home/panda/Documents/ODAP/Project/venv310/lib/python3.10/site-packages/airflow/example_dags/example_branch_python_dop_operator_3.py
[2025-06-24T01:03:46.213+0700] {logging_mixin.py:188} INFO - [2025-06-24T01:03:46.212+0700] {dag.py:3096} INFO - Sync 1 DAGs
[2025-06-24T01:03:46.239+0700] {logging_mixin.py:188} INFO - [2025-06-24T01:03:46.239+0700] {dag.py:3954} INFO - Setting next_dagrun for example_branch_dop_operator_v3 to 2025-06-23 18:02:00+00:00, run_after=2025-06-23 18:03:00+00:00
[2025-06-24T01:03:46.271+0700] {processor.py:183} INFO - Processing /home/panda/Documents/ODAP/Project/venv310/lib/python3.10/site-packages/airflow/example_dags/example_branch_python_dop_operator_3.py took 0.103 seconds
