[2025-06-24T00:02:00.810+0700] {processor.py:161} INFO - Started process (PID=5257) to work on /home/panda/Documents/ODAP/Project/venv310/lib/python3.10/site-packages/airflow/example_dags/example_trigger_target_dag.py
[2025-06-24T00:02:00.811+0700] {processor.py:830} INFO - Processing file /home/panda/Documents/ODAP/Project/venv310/lib/python3.10/site-packages/airflow/example_dags/example_trigger_target_dag.py for tasks to queue
[2025-06-24T00:02:00.814+0700] {logging_mixin.py:188} INFO - [2025-06-24T00:02:00.814+0700] {dagbag.py:540} INFO - Filling up the DagBag from /home/panda/Documents/ODAP/Project/venv310/lib/python3.10/site-packages/airflow/example_dags/example_trigger_target_dag.py
[2025-06-24T00:02:00.829+0700] {processor.py:840} INFO - DAG(s) 'example_trigger_target_dag' retrieved from /home/panda/Documents/ODAP/Project/venv310/lib/python3.10/site-packages/airflow/example_dags/example_trigger_target_dag.py
[2025-06-24T00:02:00.854+0700] {logging_mixin.py:188} INFO - [2025-06-24T00:02:00.854+0700] {dag.py:3096} INFO - Sync 1 DAGs
[2025-06-24T00:02:00.864+0700] {logging_mixin.py:188} INFO - [2025-06-24T00:02:00.864+0700] {dag.py:3954} INFO - Setting next_dagrun for example_trigger_target_dag to None, run_after=None
[2025-06-24T00:02:00.890+0700] {processor.py:183} INFO - Processing /home/panda/Documents/ODAP/Project/venv310/lib/python3.10/site-packages/airflow/example_dags/example_trigger_target_dag.py took 0.089 seconds
[2025-06-24T00:02:55.985+0700] {processor.py:161} INFO - Started process (PID=6190) to work on /home/panda/Documents/ODAP/Project/venv310/lib/python3.10/site-packages/airflow/example_dags/example_trigger_target_dag.py
[2025-06-24T00:02:55.989+0700] {processor.py:830} INFO - Processing file /home/panda/Documents/ODAP/Project/venv310/lib/python3.10/site-packages/airflow/example_dags/example_trigger_target_dag.py for tasks to queue
[2025-06-24T00:02:55.991+0700] {logging_mixin.py:188} INFO - [2025-06-24T00:02:55.991+0700] {dagbag.py:540} INFO - Filling up the DagBag from /home/panda/Documents/ODAP/Project/venv310/lib/python3.10/site-packages/airflow/example_dags/example_trigger_target_dag.py
[2025-06-24T00:02:56.000+0700] {processor.py:840} INFO - DAG(s) 'example_trigger_target_dag' retrieved from /home/panda/Documents/ODAP/Project/venv310/lib/python3.10/site-packages/airflow/example_dags/example_trigger_target_dag.py
[2025-06-24T00:02:56.019+0700] {logging_mixin.py:188} INFO - [2025-06-24T00:02:56.019+0700] {dag.py:3096} INFO - Sync 1 DAGs
[2025-06-24T00:02:56.032+0700] {logging_mixin.py:188} INFO - [2025-06-24T00:02:56.032+0700] {dag.py:3954} INFO - Setting next_dagrun for example_trigger_target_dag to None, run_after=None
[2025-06-24T00:02:56.062+0700] {processor.py:183} INFO - Processing /home/panda/Documents/ODAP/Project/venv310/lib/python3.10/site-packages/airflow/example_dags/example_trigger_target_dag.py took 0.084 seconds
[2025-06-24T00:03:43.881+0700] {processor.py:161} INFO - Started process (PID=6380) to work on /home/panda/Documents/ODAP/Project/venv310/lib/python3.10/site-packages/airflow/example_dags/example_trigger_target_dag.py
[2025-06-24T00:03:43.883+0700] {processor.py:830} INFO - Processing file /home/panda/Documents/ODAP/Project/venv310/lib/python3.10/site-packages/airflow/example_dags/example_trigger_target_dag.py for tasks to queue
[2025-06-24T00:03:43.886+0700] {logging_mixin.py:188} INFO - [2025-06-24T00:03:43.885+0700] {dagbag.py:540} INFO - Filling up the DagBag from /home/panda/Documents/ODAP/Project/venv310/lib/python3.10/site-packages/airflow/example_dags/example_trigger_target_dag.py
[2025-06-24T00:03:43.893+0700] {processor.py:840} INFO - DAG(s) 'example_trigger_target_dag' retrieved from /home/panda/Documents/ODAP/Project/venv310/lib/python3.10/site-packages/airflow/example_dags/example_trigger_target_dag.py
[2025-06-24T00:03:43.910+0700] {logging_mixin.py:188} INFO - [2025-06-24T00:03:43.910+0700] {dag.py:3096} INFO - Sync 1 DAGs
[2025-06-24T00:03:43.921+0700] {logging_mixin.py:188} INFO - [2025-06-24T00:03:43.921+0700] {dag.py:3954} INFO - Setting next_dagrun for example_trigger_target_dag to None, run_after=None
[2025-06-24T00:03:44.057+0700] {processor.py:183} INFO - Processing /home/panda/Documents/ODAP/Project/venv310/lib/python3.10/site-packages/airflow/example_dags/example_trigger_target_dag.py took 0.182 seconds
[2025-06-24T00:04:34.802+0700] {processor.py:161} INFO - Started process (PID=6844) to work on /home/panda/Documents/ODAP/Project/venv310/lib/python3.10/site-packages/airflow/example_dags/example_trigger_target_dag.py
[2025-06-24T00:04:34.807+0700] {processor.py:830} INFO - Processing file /home/panda/Documents/ODAP/Project/venv310/lib/python3.10/site-packages/airflow/example_dags/example_trigger_target_dag.py for tasks to queue
[2025-06-24T00:04:34.810+0700] {logging_mixin.py:188} INFO - [2025-06-24T00:04:34.810+0700] {dagbag.py:540} INFO - Filling up the DagBag from /home/panda/Documents/ODAP/Project/venv310/lib/python3.10/site-packages/airflow/example_dags/example_trigger_target_dag.py
[2025-06-24T00:04:34.817+0700] {processor.py:840} INFO - DAG(s) 'example_trigger_target_dag' retrieved from /home/panda/Documents/ODAP/Project/venv310/lib/python3.10/site-packages/airflow/example_dags/example_trigger_target_dag.py
[2025-06-24T00:04:34.837+0700] {logging_mixin.py:188} INFO - [2025-06-24T00:04:34.837+0700] {dag.py:3096} INFO - Sync 1 DAGs
[2025-06-24T00:04:34.850+0700] {logging_mixin.py:188} INFO - [2025-06-24T00:04:34.850+0700] {dag.py:3954} INFO - Setting next_dagrun for example_trigger_target_dag to None, run_after=None
[2025-06-24T00:04:34.879+0700] {processor.py:183} INFO - Processing /home/panda/Documents/ODAP/Project/venv310/lib/python3.10/site-packages/airflow/example_dags/example_trigger_target_dag.py took 0.086 seconds
[2025-06-24T00:05:21.332+0700] {processor.py:161} INFO - Started process (PID=7047) to work on /home/panda/Documents/ODAP/Project/venv310/lib/python3.10/site-packages/airflow/example_dags/example_trigger_target_dag.py
[2025-06-24T00:05:21.337+0700] {processor.py:830} INFO - Processing file /home/panda/Documents/ODAP/Project/venv310/lib/python3.10/site-packages/airflow/example_dags/example_trigger_target_dag.py for tasks to queue
[2025-06-24T00:05:21.339+0700] {logging_mixin.py:188} INFO - [2025-06-24T00:05:21.338+0700] {dagbag.py:540} INFO - Filling up the DagBag from /home/panda/Documents/ODAP/Project/venv310/lib/python3.10/site-packages/airflow/example_dags/example_trigger_target_dag.py
[2025-06-24T00:05:21.346+0700] {processor.py:840} INFO - DAG(s) 'example_trigger_target_dag' retrieved from /home/panda/Documents/ODAP/Project/venv310/lib/python3.10/site-packages/airflow/example_dags/example_trigger_target_dag.py
[2025-06-24T00:05:21.366+0700] {logging_mixin.py:188} INFO - [2025-06-24T00:05:21.365+0700] {dag.py:3096} INFO - Sync 1 DAGs
[2025-06-24T00:05:21.379+0700] {logging_mixin.py:188} INFO - [2025-06-24T00:05:21.379+0700] {dag.py:3954} INFO - Setting next_dagrun for example_trigger_target_dag to None, run_after=None
[2025-06-24T00:05:21.406+0700] {processor.py:183} INFO - Processing /home/panda/Documents/ODAP/Project/venv310/lib/python3.10/site-packages/airflow/example_dags/example_trigger_target_dag.py took 0.083 seconds
[2025-06-24T00:07:07.915+0700] {processor.py:161} INFO - Started process (PID=8090) to work on /home/panda/Documents/ODAP/Project/venv310/lib/python3.10/site-packages/airflow/example_dags/example_trigger_target_dag.py
[2025-06-24T00:07:07.920+0700] {processor.py:830} INFO - Processing file /home/panda/Documents/ODAP/Project/venv310/lib/python3.10/site-packages/airflow/example_dags/example_trigger_target_dag.py for tasks to queue
[2025-06-24T00:07:07.921+0700] {logging_mixin.py:188} INFO - [2025-06-24T00:07:07.920+0700] {dagbag.py:540} INFO - Filling up the DagBag from /home/panda/Documents/ODAP/Project/venv310/lib/python3.10/site-packages/airflow/example_dags/example_trigger_target_dag.py
[2025-06-24T00:07:07.928+0700] {processor.py:840} INFO - DAG(s) 'example_trigger_target_dag' retrieved from /home/panda/Documents/ODAP/Project/venv310/lib/python3.10/site-packages/airflow/example_dags/example_trigger_target_dag.py
[2025-06-24T00:07:07.957+0700] {logging_mixin.py:188} INFO - [2025-06-24T00:07:07.956+0700] {dag.py:3096} INFO - Sync 1 DAGs
[2025-06-24T00:07:07.969+0700] {logging_mixin.py:188} INFO - [2025-06-24T00:07:07.969+0700] {dag.py:3954} INFO - Setting next_dagrun for example_trigger_target_dag to None, run_after=None
[2025-06-24T00:07:07.998+0700] {processor.py:183} INFO - Processing /home/panda/Documents/ODAP/Project/venv310/lib/python3.10/site-packages/airflow/example_dags/example_trigger_target_dag.py took 0.090 seconds
[2025-06-24T00:08:01.847+0700] {processor.py:161} INFO - Started process (PID=8447) to work on /home/panda/Documents/ODAP/Project/venv310/lib/python3.10/site-packages/airflow/example_dags/example_trigger_target_dag.py
[2025-06-24T00:08:01.852+0700] {processor.py:830} INFO - Processing file /home/panda/Documents/ODAP/Project/venv310/lib/python3.10/site-packages/airflow/example_dags/example_trigger_target_dag.py for tasks to queue
[2025-06-24T00:08:01.853+0700] {logging_mixin.py:188} INFO - [2025-06-24T00:08:01.852+0700] {dagbag.py:540} INFO - Filling up the DagBag from /home/panda/Documents/ODAP/Project/venv310/lib/python3.10/site-packages/airflow/example_dags/example_trigger_target_dag.py
[2025-06-24T00:08:01.861+0700] {processor.py:840} INFO - DAG(s) 'example_trigger_target_dag' retrieved from /home/panda/Documents/ODAP/Project/venv310/lib/python3.10/site-packages/airflow/example_dags/example_trigger_target_dag.py
[2025-06-24T00:08:01.881+0700] {logging_mixin.py:188} INFO - [2025-06-24T00:08:01.881+0700] {dag.py:3096} INFO - Sync 1 DAGs
[2025-06-24T00:08:01.893+0700] {logging_mixin.py:188} INFO - [2025-06-24T00:08:01.893+0700] {dag.py:3954} INFO - Setting next_dagrun for example_trigger_target_dag to None, run_after=None
[2025-06-24T00:08:01.919+0700] {processor.py:183} INFO - Processing /home/panda/Documents/ODAP/Project/venv310/lib/python3.10/site-packages/airflow/example_dags/example_trigger_target_dag.py took 0.080 seconds
[2025-06-24T00:08:46.962+0700] {processor.py:161} INFO - Started process (PID=10697) to work on /home/panda/Documents/ODAP/Project/venv310/lib/python3.10/site-packages/airflow/example_dags/example_trigger_target_dag.py
[2025-06-24T00:08:46.965+0700] {processor.py:830} INFO - Processing file /home/panda/Documents/ODAP/Project/venv310/lib/python3.10/site-packages/airflow/example_dags/example_trigger_target_dag.py for tasks to queue
[2025-06-24T00:08:46.967+0700] {logging_mixin.py:188} INFO - [2025-06-24T00:08:46.966+0700] {dagbag.py:540} INFO - Filling up the DagBag from /home/panda/Documents/ODAP/Project/venv310/lib/python3.10/site-packages/airflow/example_dags/example_trigger_target_dag.py
[2025-06-24T00:08:46.975+0700] {processor.py:840} INFO - DAG(s) 'example_trigger_target_dag' retrieved from /home/panda/Documents/ODAP/Project/venv310/lib/python3.10/site-packages/airflow/example_dags/example_trigger_target_dag.py
[2025-06-24T00:08:46.995+0700] {logging_mixin.py:188} INFO - [2025-06-24T00:08:46.994+0700] {dag.py:3096} INFO - Sync 1 DAGs
[2025-06-24T00:08:47.007+0700] {logging_mixin.py:188} INFO - [2025-06-24T00:08:47.006+0700] {dag.py:3954} INFO - Setting next_dagrun for example_trigger_target_dag to None, run_after=None
[2025-06-24T00:08:47.038+0700] {processor.py:183} INFO - Processing /home/panda/Documents/ODAP/Project/venv310/lib/python3.10/site-packages/airflow/example_dags/example_trigger_target_dag.py took 0.086 seconds
[2025-06-24T00:09:38.881+0700] {processor.py:161} INFO - Started process (PID=10837) to work on /home/panda/Documents/ODAP/Project/venv310/lib/python3.10/site-packages/airflow/example_dags/example_trigger_target_dag.py
[2025-06-24T00:09:38.886+0700] {processor.py:830} INFO - Processing file /home/panda/Documents/ODAP/Project/venv310/lib/python3.10/site-packages/airflow/example_dags/example_trigger_target_dag.py for tasks to queue
[2025-06-24T00:09:38.887+0700] {logging_mixin.py:188} INFO - [2025-06-24T00:09:38.886+0700] {dagbag.py:540} INFO - Filling up the DagBag from /home/panda/Documents/ODAP/Project/venv310/lib/python3.10/site-packages/airflow/example_dags/example_trigger_target_dag.py
[2025-06-24T00:09:38.894+0700] {processor.py:840} INFO - DAG(s) 'example_trigger_target_dag' retrieved from /home/panda/Documents/ODAP/Project/venv310/lib/python3.10/site-packages/airflow/example_dags/example_trigger_target_dag.py
[2025-06-24T00:09:38.914+0700] {logging_mixin.py:188} INFO - [2025-06-24T00:09:38.914+0700] {dag.py:3096} INFO - Sync 1 DAGs
[2025-06-24T00:09:38.929+0700] {logging_mixin.py:188} INFO - [2025-06-24T00:09:38.928+0700] {dag.py:3954} INFO - Setting next_dagrun for example_trigger_target_dag to None, run_after=None
[2025-06-24T00:09:38.956+0700] {processor.py:183} INFO - Processing /home/panda/Documents/ODAP/Project/venv310/lib/python3.10/site-packages/airflow/example_dags/example_trigger_target_dag.py took 0.082 seconds
[2025-06-24T00:10:24.258+0700] {processor.py:161} INFO - Started process (PID=10963) to work on /home/panda/Documents/ODAP/Project/venv310/lib/python3.10/site-packages/airflow/example_dags/example_trigger_target_dag.py
[2025-06-24T00:10:24.261+0700] {processor.py:830} INFO - Processing file /home/panda/Documents/ODAP/Project/venv310/lib/python3.10/site-packages/airflow/example_dags/example_trigger_target_dag.py for tasks to queue
[2025-06-24T00:10:24.262+0700] {logging_mixin.py:188} INFO - [2025-06-24T00:10:24.262+0700] {dagbag.py:540} INFO - Filling up the DagBag from /home/panda/Documents/ODAP/Project/venv310/lib/python3.10/site-packages/airflow/example_dags/example_trigger_target_dag.py
[2025-06-24T00:10:24.269+0700] {processor.py:840} INFO - DAG(s) 'example_trigger_target_dag' retrieved from /home/panda/Documents/ODAP/Project/venv310/lib/python3.10/site-packages/airflow/example_dags/example_trigger_target_dag.py
[2025-06-24T00:10:24.289+0700] {logging_mixin.py:188} INFO - [2025-06-24T00:10:24.289+0700] {dag.py:3096} INFO - Sync 1 DAGs
[2025-06-24T00:10:24.301+0700] {logging_mixin.py:188} INFO - [2025-06-24T00:10:24.301+0700] {dag.py:3954} INFO - Setting next_dagrun for example_trigger_target_dag to None, run_after=None
[2025-06-24T00:10:24.334+0700] {processor.py:183} INFO - Processing /home/panda/Documents/ODAP/Project/venv310/lib/python3.10/site-packages/airflow/example_dags/example_trigger_target_dag.py took 0.084 seconds
[2025-06-24T00:11:37.169+0700] {processor.py:161} INFO - Started process (PID=12454) to work on /home/panda/Documents/ODAP/Project/venv310/lib/python3.10/site-packages/airflow/example_dags/example_trigger_target_dag.py
[2025-06-24T00:11:37.174+0700] {processor.py:830} INFO - Processing file /home/panda/Documents/ODAP/Project/venv310/lib/python3.10/site-packages/airflow/example_dags/example_trigger_target_dag.py for tasks to queue
[2025-06-24T00:11:37.177+0700] {logging_mixin.py:188} INFO - [2025-06-24T00:11:37.175+0700] {dagbag.py:540} INFO - Filling up the DagBag from /home/panda/Documents/ODAP/Project/venv310/lib/python3.10/site-packages/airflow/example_dags/example_trigger_target_dag.py
[2025-06-24T00:11:37.185+0700] {processor.py:840} INFO - DAG(s) 'example_trigger_target_dag' retrieved from /home/panda/Documents/ODAP/Project/venv310/lib/python3.10/site-packages/airflow/example_dags/example_trigger_target_dag.py
[2025-06-24T00:11:37.205+0700] {logging_mixin.py:188} INFO - [2025-06-24T00:11:37.204+0700] {dag.py:3096} INFO - Sync 1 DAGs
[2025-06-24T00:11:37.216+0700] {logging_mixin.py:188} INFO - [2025-06-24T00:11:37.216+0700] {dag.py:3954} INFO - Setting next_dagrun for example_trigger_target_dag to None, run_after=None
[2025-06-24T00:11:37.239+0700] {processor.py:183} INFO - Processing /home/panda/Documents/ODAP/Project/venv310/lib/python3.10/site-packages/airflow/example_dags/example_trigger_target_dag.py took 0.077 seconds
[2025-06-24T00:12:28.982+0700] {processor.py:161} INFO - Started process (PID=12634) to work on /home/panda/Documents/ODAP/Project/venv310/lib/python3.10/site-packages/airflow/example_dags/example_trigger_target_dag.py
[2025-06-24T00:12:28.987+0700] {processor.py:830} INFO - Processing file /home/panda/Documents/ODAP/Project/venv310/lib/python3.10/site-packages/airflow/example_dags/example_trigger_target_dag.py for tasks to queue
[2025-06-24T00:12:28.989+0700] {logging_mixin.py:188} INFO - [2025-06-24T00:12:28.988+0700] {dagbag.py:540} INFO - Filling up the DagBag from /home/panda/Documents/ODAP/Project/venv310/lib/python3.10/site-packages/airflow/example_dags/example_trigger_target_dag.py
[2025-06-24T00:12:28.997+0700] {processor.py:840} INFO - DAG(s) 'example_trigger_target_dag' retrieved from /home/panda/Documents/ODAP/Project/venv310/lib/python3.10/site-packages/airflow/example_dags/example_trigger_target_dag.py
[2025-06-24T00:12:29.017+0700] {logging_mixin.py:188} INFO - [2025-06-24T00:12:29.017+0700] {dag.py:3096} INFO - Sync 1 DAGs
[2025-06-24T00:12:29.028+0700] {logging_mixin.py:188} INFO - [2025-06-24T00:12:29.028+0700] {dag.py:3954} INFO - Setting next_dagrun for example_trigger_target_dag to None, run_after=None
[2025-06-24T00:12:29.063+0700] {processor.py:183} INFO - Processing /home/panda/Documents/ODAP/Project/venv310/lib/python3.10/site-packages/airflow/example_dags/example_trigger_target_dag.py took 0.087 seconds
[2025-06-24T00:13:14.425+0700] {processor.py:161} INFO - Started process (PID=12815) to work on /home/panda/Documents/ODAP/Project/venv310/lib/python3.10/site-packages/airflow/example_dags/example_trigger_target_dag.py
[2025-06-24T00:13:14.427+0700] {processor.py:830} INFO - Processing file /home/panda/Documents/ODAP/Project/venv310/lib/python3.10/site-packages/airflow/example_dags/example_trigger_target_dag.py for tasks to queue
[2025-06-24T00:13:14.428+0700] {logging_mixin.py:188} INFO - [2025-06-24T00:13:14.428+0700] {dagbag.py:540} INFO - Filling up the DagBag from /home/panda/Documents/ODAP/Project/venv310/lib/python3.10/site-packages/airflow/example_dags/example_trigger_target_dag.py
[2025-06-24T00:13:14.435+0700] {processor.py:840} INFO - DAG(s) 'example_trigger_target_dag' retrieved from /home/panda/Documents/ODAP/Project/venv310/lib/python3.10/site-packages/airflow/example_dags/example_trigger_target_dag.py
[2025-06-24T00:13:14.453+0700] {logging_mixin.py:188} INFO - [2025-06-24T00:13:14.453+0700] {dag.py:3096} INFO - Sync 1 DAGs
[2025-06-24T00:13:14.465+0700] {logging_mixin.py:188} INFO - [2025-06-24T00:13:14.465+0700] {dag.py:3954} INFO - Setting next_dagrun for example_trigger_target_dag to None, run_after=None
[2025-06-24T00:13:14.491+0700] {processor.py:183} INFO - Processing /home/panda/Documents/ODAP/Project/venv310/lib/python3.10/site-packages/airflow/example_dags/example_trigger_target_dag.py took 0.074 seconds
[2025-06-24T00:13:59.668+0700] {processor.py:161} INFO - Started process (PID=13027) to work on /home/panda/Documents/ODAP/Project/venv310/lib/python3.10/site-packages/airflow/example_dags/example_trigger_target_dag.py
[2025-06-24T00:13:59.673+0700] {processor.py:830} INFO - Processing file /home/panda/Documents/ODAP/Project/venv310/lib/python3.10/site-packages/airflow/example_dags/example_trigger_target_dag.py for tasks to queue
[2025-06-24T00:13:59.674+0700] {logging_mixin.py:188} INFO - [2025-06-24T00:13:59.673+0700] {dagbag.py:540} INFO - Filling up the DagBag from /home/panda/Documents/ODAP/Project/venv310/lib/python3.10/site-packages/airflow/example_dags/example_trigger_target_dag.py
[2025-06-24T00:13:59.681+0700] {processor.py:840} INFO - DAG(s) 'example_trigger_target_dag' retrieved from /home/panda/Documents/ODAP/Project/venv310/lib/python3.10/site-packages/airflow/example_dags/example_trigger_target_dag.py
[2025-06-24T00:13:59.699+0700] {logging_mixin.py:188} INFO - [2025-06-24T00:13:59.699+0700] {dag.py:3096} INFO - Sync 1 DAGs
[2025-06-24T00:13:59.711+0700] {logging_mixin.py:188} INFO - [2025-06-24T00:13:59.710+0700] {dag.py:3954} INFO - Setting next_dagrun for example_trigger_target_dag to None, run_after=None
[2025-06-24T00:13:59.734+0700] {processor.py:183} INFO - Processing /home/panda/Documents/ODAP/Project/venv310/lib/python3.10/site-packages/airflow/example_dags/example_trigger_target_dag.py took 0.073 seconds
[2025-06-24T00:14:45.562+0700] {processor.py:161} INFO - Started process (PID=13184) to work on /home/panda/Documents/ODAP/Project/venv310/lib/python3.10/site-packages/airflow/example_dags/example_trigger_target_dag.py
[2025-06-24T00:14:45.567+0700] {processor.py:830} INFO - Processing file /home/panda/Documents/ODAP/Project/venv310/lib/python3.10/site-packages/airflow/example_dags/example_trigger_target_dag.py for tasks to queue
[2025-06-24T00:14:45.568+0700] {logging_mixin.py:188} INFO - [2025-06-24T00:14:45.567+0700] {dagbag.py:540} INFO - Filling up the DagBag from /home/panda/Documents/ODAP/Project/venv310/lib/python3.10/site-packages/airflow/example_dags/example_trigger_target_dag.py
[2025-06-24T00:14:45.575+0700] {processor.py:840} INFO - DAG(s) 'example_trigger_target_dag' retrieved from /home/panda/Documents/ODAP/Project/venv310/lib/python3.10/site-packages/airflow/example_dags/example_trigger_target_dag.py
[2025-06-24T00:14:45.594+0700] {logging_mixin.py:188} INFO - [2025-06-24T00:14:45.594+0700] {dag.py:3096} INFO - Sync 1 DAGs
[2025-06-24T00:14:45.606+0700] {logging_mixin.py:188} INFO - [2025-06-24T00:14:45.606+0700] {dag.py:3954} INFO - Setting next_dagrun for example_trigger_target_dag to None, run_after=None
[2025-06-24T00:14:45.635+0700] {processor.py:183} INFO - Processing /home/panda/Documents/ODAP/Project/venv310/lib/python3.10/site-packages/airflow/example_dags/example_trigger_target_dag.py took 0.081 seconds
[2025-06-24T00:21:19.001+0700] {processor.py:161} INFO - Started process (PID=16562) to work on /home/panda/Documents/ODAP/Project/venv310/lib/python3.10/site-packages/airflow/example_dags/example_trigger_target_dag.py
[2025-06-24T00:21:19.006+0700] {processor.py:830} INFO - Processing file /home/panda/Documents/ODAP/Project/venv310/lib/python3.10/site-packages/airflow/example_dags/example_trigger_target_dag.py for tasks to queue
[2025-06-24T00:21:19.007+0700] {logging_mixin.py:188} INFO - [2025-06-24T00:21:19.007+0700] {dagbag.py:540} INFO - Filling up the DagBag from /home/panda/Documents/ODAP/Project/venv310/lib/python3.10/site-packages/airflow/example_dags/example_trigger_target_dag.py
[2025-06-24T00:21:19.015+0700] {processor.py:840} INFO - DAG(s) 'example_trigger_target_dag' retrieved from /home/panda/Documents/ODAP/Project/venv310/lib/python3.10/site-packages/airflow/example_dags/example_trigger_target_dag.py
[2025-06-24T00:21:19.045+0700] {logging_mixin.py:188} INFO - [2025-06-24T00:21:19.044+0700] {dag.py:3096} INFO - Sync 1 DAGs
[2025-06-24T00:21:19.058+0700] {logging_mixin.py:188} INFO - [2025-06-24T00:21:19.057+0700] {dag.py:3954} INFO - Setting next_dagrun for example_trigger_target_dag to None, run_after=None
[2025-06-24T00:21:19.087+0700] {processor.py:183} INFO - Processing /home/panda/Documents/ODAP/Project/venv310/lib/python3.10/site-packages/airflow/example_dags/example_trigger_target_dag.py took 0.094 seconds
[2025-06-24T00:22:12.323+0700] {processor.py:161} INFO - Started process (PID=16736) to work on /home/panda/Documents/ODAP/Project/venv310/lib/python3.10/site-packages/airflow/example_dags/example_trigger_target_dag.py
[2025-06-24T00:22:12.328+0700] {processor.py:830} INFO - Processing file /home/panda/Documents/ODAP/Project/venv310/lib/python3.10/site-packages/airflow/example_dags/example_trigger_target_dag.py for tasks to queue
[2025-06-24T00:22:12.329+0700] {logging_mixin.py:188} INFO - [2025-06-24T00:22:12.329+0700] {dagbag.py:540} INFO - Filling up the DagBag from /home/panda/Documents/ODAP/Project/venv310/lib/python3.10/site-packages/airflow/example_dags/example_trigger_target_dag.py
[2025-06-24T00:22:12.336+0700] {processor.py:840} INFO - DAG(s) 'example_trigger_target_dag' retrieved from /home/panda/Documents/ODAP/Project/venv310/lib/python3.10/site-packages/airflow/example_dags/example_trigger_target_dag.py
[2025-06-24T00:22:12.355+0700] {logging_mixin.py:188} INFO - [2025-06-24T00:22:12.355+0700] {dag.py:3096} INFO - Sync 1 DAGs
[2025-06-24T00:22:12.367+0700] {logging_mixin.py:188} INFO - [2025-06-24T00:22:12.367+0700] {dag.py:3954} INFO - Setting next_dagrun for example_trigger_target_dag to None, run_after=None
[2025-06-24T00:22:12.400+0700] {processor.py:183} INFO - Processing /home/panda/Documents/ODAP/Project/venv310/lib/python3.10/site-packages/airflow/example_dags/example_trigger_target_dag.py took 0.084 seconds
[2025-06-24T00:23:11.977+0700] {processor.py:161} INFO - Started process (PID=18170) to work on /home/panda/Documents/ODAP/Project/venv310/lib/python3.10/site-packages/airflow/example_dags/example_trigger_target_dag.py
[2025-06-24T00:23:11.983+0700] {processor.py:830} INFO - Processing file /home/panda/Documents/ODAP/Project/venv310/lib/python3.10/site-packages/airflow/example_dags/example_trigger_target_dag.py for tasks to queue
[2025-06-24T00:23:11.984+0700] {logging_mixin.py:188} INFO - [2025-06-24T00:23:11.983+0700] {dagbag.py:540} INFO - Filling up the DagBag from /home/panda/Documents/ODAP/Project/venv310/lib/python3.10/site-packages/airflow/example_dags/example_trigger_target_dag.py
[2025-06-24T00:23:11.991+0700] {processor.py:840} INFO - DAG(s) 'example_trigger_target_dag' retrieved from /home/panda/Documents/ODAP/Project/venv310/lib/python3.10/site-packages/airflow/example_dags/example_trigger_target_dag.py
[2025-06-24T00:23:12.029+0700] {logging_mixin.py:188} INFO - [2025-06-24T00:23:12.029+0700] {dag.py:3096} INFO - Sync 1 DAGs
[2025-06-24T00:23:12.048+0700] {logging_mixin.py:188} INFO - [2025-06-24T00:23:12.047+0700] {dag.py:3954} INFO - Setting next_dagrun for example_trigger_target_dag to None, run_after=None
[2025-06-24T00:23:12.087+0700] {processor.py:183} INFO - Processing /home/panda/Documents/ODAP/Project/venv310/lib/python3.10/site-packages/airflow/example_dags/example_trigger_target_dag.py took 0.118 seconds
[2025-06-24T00:33:29.647+0700] {processor.py:161} INFO - Started process (PID=20186) to work on /home/panda/Documents/ODAP/Project/venv310/lib/python3.10/site-packages/airflow/example_dags/example_trigger_target_dag.py
[2025-06-24T00:33:29.652+0700] {processor.py:830} INFO - Processing file /home/panda/Documents/ODAP/Project/venv310/lib/python3.10/site-packages/airflow/example_dags/example_trigger_target_dag.py for tasks to queue
[2025-06-24T00:33:29.653+0700] {logging_mixin.py:188} INFO - [2025-06-24T00:33:29.653+0700] {dagbag.py:540} INFO - Filling up the DagBag from /home/panda/Documents/ODAP/Project/venv310/lib/python3.10/site-packages/airflow/example_dags/example_trigger_target_dag.py
[2025-06-24T00:33:29.660+0700] {processor.py:840} INFO - DAG(s) 'example_trigger_target_dag' retrieved from /home/panda/Documents/ODAP/Project/venv310/lib/python3.10/site-packages/airflow/example_dags/example_trigger_target_dag.py
[2025-06-24T00:33:29.694+0700] {logging_mixin.py:188} INFO - [2025-06-24T00:33:29.694+0700] {dag.py:3096} INFO - Sync 1 DAGs
[2025-06-24T00:33:29.706+0700] {logging_mixin.py:188} INFO - [2025-06-24T00:33:29.706+0700] {dag.py:3954} INFO - Setting next_dagrun for example_trigger_target_dag to None, run_after=None
[2025-06-24T00:33:29.730+0700] {processor.py:183} INFO - Processing /home/panda/Documents/ODAP/Project/venv310/lib/python3.10/site-packages/airflow/example_dags/example_trigger_target_dag.py took 0.090 seconds
[2025-06-24T00:34:23.773+0700] {processor.py:161} INFO - Started process (PID=20375) to work on /home/panda/Documents/ODAP/Project/venv310/lib/python3.10/site-packages/airflow/example_dags/example_trigger_target_dag.py
[2025-06-24T00:34:23.779+0700] {processor.py:830} INFO - Processing file /home/panda/Documents/ODAP/Project/venv310/lib/python3.10/site-packages/airflow/example_dags/example_trigger_target_dag.py for tasks to queue
[2025-06-24T00:34:23.780+0700] {logging_mixin.py:188} INFO - [2025-06-24T00:34:23.779+0700] {dagbag.py:540} INFO - Filling up the DagBag from /home/panda/Documents/ODAP/Project/venv310/lib/python3.10/site-packages/airflow/example_dags/example_trigger_target_dag.py
[2025-06-24T00:34:23.787+0700] {processor.py:840} INFO - DAG(s) 'example_trigger_target_dag' retrieved from /home/panda/Documents/ODAP/Project/venv310/lib/python3.10/site-packages/airflow/example_dags/example_trigger_target_dag.py
[2025-06-24T00:34:23.807+0700] {logging_mixin.py:188} INFO - [2025-06-24T00:34:23.807+0700] {dag.py:3096} INFO - Sync 1 DAGs
[2025-06-24T00:34:23.820+0700] {logging_mixin.py:188} INFO - [2025-06-24T00:34:23.820+0700] {dag.py:3954} INFO - Setting next_dagrun for example_trigger_target_dag to None, run_after=None
[2025-06-24T00:34:23.848+0700] {processor.py:183} INFO - Processing /home/panda/Documents/ODAP/Project/venv310/lib/python3.10/site-packages/airflow/example_dags/example_trigger_target_dag.py took 0.082 seconds
[2025-06-24T00:35:12.064+0700] {processor.py:161} INFO - Started process (PID=20504) to work on /home/panda/Documents/ODAP/Project/venv310/lib/python3.10/site-packages/airflow/example_dags/example_trigger_target_dag.py
[2025-06-24T00:35:12.070+0700] {processor.py:830} INFO - Processing file /home/panda/Documents/ODAP/Project/venv310/lib/python3.10/site-packages/airflow/example_dags/example_trigger_target_dag.py for tasks to queue
[2025-06-24T00:35:12.071+0700] {logging_mixin.py:188} INFO - [2025-06-24T00:35:12.070+0700] {dagbag.py:540} INFO - Filling up the DagBag from /home/panda/Documents/ODAP/Project/venv310/lib/python3.10/site-packages/airflow/example_dags/example_trigger_target_dag.py
[2025-06-24T00:35:12.079+0700] {processor.py:840} INFO - DAG(s) 'example_trigger_target_dag' retrieved from /home/panda/Documents/ODAP/Project/venv310/lib/python3.10/site-packages/airflow/example_dags/example_trigger_target_dag.py
[2025-06-24T00:35:12.102+0700] {logging_mixin.py:188} INFO - [2025-06-24T00:35:12.101+0700] {dag.py:3096} INFO - Sync 1 DAGs
[2025-06-24T00:35:12.116+0700] {logging_mixin.py:188} INFO - [2025-06-24T00:35:12.116+0700] {dag.py:3954} INFO - Setting next_dagrun for example_trigger_target_dag to None, run_after=None
[2025-06-24T00:35:12.150+0700] {processor.py:183} INFO - Processing /home/panda/Documents/ODAP/Project/venv310/lib/python3.10/site-packages/airflow/example_dags/example_trigger_target_dag.py took 0.094 seconds
[2025-06-24T00:35:59.080+0700] {processor.py:161} INFO - Started process (PID=20706) to work on /home/panda/Documents/ODAP/Project/venv310/lib/python3.10/site-packages/airflow/example_dags/example_trigger_target_dag.py
[2025-06-24T00:35:59.085+0700] {processor.py:830} INFO - Processing file /home/panda/Documents/ODAP/Project/venv310/lib/python3.10/site-packages/airflow/example_dags/example_trigger_target_dag.py for tasks to queue
[2025-06-24T00:35:59.086+0700] {logging_mixin.py:188} INFO - [2025-06-24T00:35:59.085+0700] {dagbag.py:540} INFO - Filling up the DagBag from /home/panda/Documents/ODAP/Project/venv310/lib/python3.10/site-packages/airflow/example_dags/example_trigger_target_dag.py
[2025-06-24T00:35:59.094+0700] {processor.py:840} INFO - DAG(s) 'example_trigger_target_dag' retrieved from /home/panda/Documents/ODAP/Project/venv310/lib/python3.10/site-packages/airflow/example_dags/example_trigger_target_dag.py
[2025-06-24T00:35:59.114+0700] {logging_mixin.py:188} INFO - [2025-06-24T00:35:59.114+0700] {dag.py:3096} INFO - Sync 1 DAGs
[2025-06-24T00:35:59.127+0700] {logging_mixin.py:188} INFO - [2025-06-24T00:35:59.126+0700] {dag.py:3954} INFO - Setting next_dagrun for example_trigger_target_dag to None, run_after=None
[2025-06-24T00:35:59.158+0700] {processor.py:183} INFO - Processing /home/panda/Documents/ODAP/Project/venv310/lib/python3.10/site-packages/airflow/example_dags/example_trigger_target_dag.py took 0.086 seconds
[2025-06-24T00:36:44.594+0700] {processor.py:161} INFO - Started process (PID=21000) to work on /home/panda/Documents/ODAP/Project/venv310/lib/python3.10/site-packages/airflow/example_dags/example_trigger_target_dag.py
[2025-06-24T00:36:44.599+0700] {processor.py:830} INFO - Processing file /home/panda/Documents/ODAP/Project/venv310/lib/python3.10/site-packages/airflow/example_dags/example_trigger_target_dag.py for tasks to queue
[2025-06-24T00:36:44.600+0700] {logging_mixin.py:188} INFO - [2025-06-24T00:36:44.600+0700] {dagbag.py:540} INFO - Filling up the DagBag from /home/panda/Documents/ODAP/Project/venv310/lib/python3.10/site-packages/airflow/example_dags/example_trigger_target_dag.py
[2025-06-24T00:36:44.610+0700] {processor.py:840} INFO - DAG(s) 'example_trigger_target_dag' retrieved from /home/panda/Documents/ODAP/Project/venv310/lib/python3.10/site-packages/airflow/example_dags/example_trigger_target_dag.py
[2025-06-24T00:36:44.630+0700] {logging_mixin.py:188} INFO - [2025-06-24T00:36:44.629+0700] {dag.py:3096} INFO - Sync 1 DAGs
[2025-06-24T00:36:44.643+0700] {logging_mixin.py:188} INFO - [2025-06-24T00:36:44.643+0700] {dag.py:3954} INFO - Setting next_dagrun for example_trigger_target_dag to None, run_after=None
[2025-06-24T00:36:44.672+0700] {processor.py:183} INFO - Processing /home/panda/Documents/ODAP/Project/venv310/lib/python3.10/site-packages/airflow/example_dags/example_trigger_target_dag.py took 0.085 seconds
[2025-06-24T00:52:27.549+0700] {processor.py:161} INFO - Started process (PID=25095) to work on /home/panda/Documents/ODAP/Project/venv310/lib/python3.10/site-packages/airflow/example_dags/example_trigger_target_dag.py
[2025-06-24T00:52:27.555+0700] {processor.py:830} INFO - Processing file /home/panda/Documents/ODAP/Project/venv310/lib/python3.10/site-packages/airflow/example_dags/example_trigger_target_dag.py for tasks to queue
[2025-06-24T00:52:27.557+0700] {logging_mixin.py:188} INFO - [2025-06-24T00:52:27.556+0700] {dagbag.py:540} INFO - Filling up the DagBag from /home/panda/Documents/ODAP/Project/venv310/lib/python3.10/site-packages/airflow/example_dags/example_trigger_target_dag.py
[2025-06-24T00:52:27.564+0700] {processor.py:840} INFO - DAG(s) 'example_trigger_target_dag' retrieved from /home/panda/Documents/ODAP/Project/venv310/lib/python3.10/site-packages/airflow/example_dags/example_trigger_target_dag.py
[2025-06-24T00:52:27.593+0700] {logging_mixin.py:188} INFO - [2025-06-24T00:52:27.593+0700] {dag.py:3096} INFO - Sync 1 DAGs
[2025-06-24T00:52:27.609+0700] {logging_mixin.py:188} INFO - [2025-06-24T00:52:27.608+0700] {dag.py:3954} INFO - Setting next_dagrun for example_trigger_target_dag to None, run_after=None
[2025-06-24T00:52:27.642+0700] {processor.py:183} INFO - Processing /home/panda/Documents/ODAP/Project/venv310/lib/python3.10/site-packages/airflow/example_dags/example_trigger_target_dag.py took 0.101 seconds
[2025-06-24T00:53:22.001+0700] {processor.py:161} INFO - Started process (PID=25271) to work on /home/panda/Documents/ODAP/Project/venv310/lib/python3.10/site-packages/airflow/example_dags/example_trigger_target_dag.py
[2025-06-24T00:53:22.006+0700] {processor.py:830} INFO - Processing file /home/panda/Documents/ODAP/Project/venv310/lib/python3.10/site-packages/airflow/example_dags/example_trigger_target_dag.py for tasks to queue
[2025-06-24T00:53:22.007+0700] {logging_mixin.py:188} INFO - [2025-06-24T00:53:22.007+0700] {dagbag.py:540} INFO - Filling up the DagBag from /home/panda/Documents/ODAP/Project/venv310/lib/python3.10/site-packages/airflow/example_dags/example_trigger_target_dag.py
[2025-06-24T00:53:22.014+0700] {processor.py:840} INFO - DAG(s) 'example_trigger_target_dag' retrieved from /home/panda/Documents/ODAP/Project/venv310/lib/python3.10/site-packages/airflow/example_dags/example_trigger_target_dag.py
[2025-06-24T00:53:22.036+0700] {logging_mixin.py:188} INFO - [2025-06-24T00:53:22.036+0700] {dag.py:3096} INFO - Sync 1 DAGs
[2025-06-24T00:53:22.049+0700] {logging_mixin.py:188} INFO - [2025-06-24T00:53:22.049+0700] {dag.py:3954} INFO - Setting next_dagrun for example_trigger_target_dag to None, run_after=None
[2025-06-24T00:53:22.075+0700] {processor.py:183} INFO - Processing /home/panda/Documents/ODAP/Project/venv310/lib/python3.10/site-packages/airflow/example_dags/example_trigger_target_dag.py took 0.082 seconds
[2025-06-24T00:54:09.974+0700] {processor.py:161} INFO - Started process (PID=25561) to work on /home/panda/Documents/ODAP/Project/venv310/lib/python3.10/site-packages/airflow/example_dags/example_trigger_target_dag.py
[2025-06-24T00:54:09.976+0700] {processor.py:830} INFO - Processing file /home/panda/Documents/ODAP/Project/venv310/lib/python3.10/site-packages/airflow/example_dags/example_trigger_target_dag.py for tasks to queue
[2025-06-24T00:54:09.977+0700] {logging_mixin.py:188} INFO - [2025-06-24T00:54:09.977+0700] {dagbag.py:540} INFO - Filling up the DagBag from /home/panda/Documents/ODAP/Project/venv310/lib/python3.10/site-packages/airflow/example_dags/example_trigger_target_dag.py
[2025-06-24T00:54:09.984+0700] {processor.py:840} INFO - DAG(s) 'example_trigger_target_dag' retrieved from /home/panda/Documents/ODAP/Project/venv310/lib/python3.10/site-packages/airflow/example_dags/example_trigger_target_dag.py
[2025-06-24T00:54:10.001+0700] {logging_mixin.py:188} INFO - [2025-06-24T00:54:10.001+0700] {dag.py:3096} INFO - Sync 1 DAGs
[2025-06-24T00:54:10.012+0700] {logging_mixin.py:188} INFO - [2025-06-24T00:54:10.012+0700] {dag.py:3954} INFO - Setting next_dagrun for example_trigger_target_dag to None, run_after=None
[2025-06-24T00:54:10.043+0700] {processor.py:183} INFO - Processing /home/panda/Documents/ODAP/Project/venv310/lib/python3.10/site-packages/airflow/example_dags/example_trigger_target_dag.py took 0.076 seconds
[2025-06-24T00:54:57.188+0700] {processor.py:161} INFO - Started process (PID=25711) to work on /home/panda/Documents/ODAP/Project/venv310/lib/python3.10/site-packages/airflow/example_dags/example_trigger_target_dag.py
[2025-06-24T00:54:57.194+0700] {processor.py:830} INFO - Processing file /home/panda/Documents/ODAP/Project/venv310/lib/python3.10/site-packages/airflow/example_dags/example_trigger_target_dag.py for tasks to queue
[2025-06-24T00:54:57.196+0700] {logging_mixin.py:188} INFO - [2025-06-24T00:54:57.196+0700] {dagbag.py:540} INFO - Filling up the DagBag from /home/panda/Documents/ODAP/Project/venv310/lib/python3.10/site-packages/airflow/example_dags/example_trigger_target_dag.py
[2025-06-24T00:54:57.205+0700] {processor.py:840} INFO - DAG(s) 'example_trigger_target_dag' retrieved from /home/panda/Documents/ODAP/Project/venv310/lib/python3.10/site-packages/airflow/example_dags/example_trigger_target_dag.py
[2025-06-24T00:54:57.223+0700] {logging_mixin.py:188} INFO - [2025-06-24T00:54:57.223+0700] {dag.py:3096} INFO - Sync 1 DAGs
[2025-06-24T00:54:57.236+0700] {logging_mixin.py:188} INFO - [2025-06-24T00:54:57.235+0700] {dag.py:3954} INFO - Setting next_dagrun for example_trigger_target_dag to None, run_after=None
[2025-06-24T00:54:57.261+0700] {processor.py:183} INFO - Processing /home/panda/Documents/ODAP/Project/venv310/lib/python3.10/site-packages/airflow/example_dags/example_trigger_target_dag.py took 0.081 seconds
[2025-06-24T01:03:03.638+0700] {processor.py:161} INFO - Started process (PID=28539) to work on /home/panda/Documents/ODAP/Project/venv310/lib/python3.10/site-packages/airflow/example_dags/example_trigger_target_dag.py
[2025-06-24T01:03:03.644+0700] {processor.py:830} INFO - Processing file /home/panda/Documents/ODAP/Project/venv310/lib/python3.10/site-packages/airflow/example_dags/example_trigger_target_dag.py for tasks to queue
[2025-06-24T01:03:03.645+0700] {logging_mixin.py:188} INFO - [2025-06-24T01:03:03.644+0700] {dagbag.py:540} INFO - Filling up the DagBag from /home/panda/Documents/ODAP/Project/venv310/lib/python3.10/site-packages/airflow/example_dags/example_trigger_target_dag.py
[2025-06-24T01:03:03.653+0700] {processor.py:840} INFO - DAG(s) 'example_trigger_target_dag' retrieved from /home/panda/Documents/ODAP/Project/venv310/lib/python3.10/site-packages/airflow/example_dags/example_trigger_target_dag.py
[2025-06-24T01:03:03.684+0700] {logging_mixin.py:188} INFO - [2025-06-24T01:03:03.684+0700] {dag.py:3096} INFO - Sync 1 DAGs
[2025-06-24T01:03:03.697+0700] {logging_mixin.py:188} INFO - [2025-06-24T01:03:03.697+0700] {dag.py:3954} INFO - Setting next_dagrun for example_trigger_target_dag to None, run_after=None
[2025-06-24T01:03:03.723+0700] {processor.py:183} INFO - Processing /home/panda/Documents/ODAP/Project/venv310/lib/python3.10/site-packages/airflow/example_dags/example_trigger_target_dag.py took 0.094 seconds
[2025-06-24T01:03:56.504+0700] {processor.py:161} INFO - Started process (PID=28698) to work on /home/panda/Documents/ODAP/Project/venv310/lib/python3.10/site-packages/airflow/example_dags/example_trigger_target_dag.py
[2025-06-24T01:03:56.509+0700] {processor.py:830} INFO - Processing file /home/panda/Documents/ODAP/Project/venv310/lib/python3.10/site-packages/airflow/example_dags/example_trigger_target_dag.py for tasks to queue
[2025-06-24T01:03:56.510+0700] {logging_mixin.py:188} INFO - [2025-06-24T01:03:56.509+0700] {dagbag.py:540} INFO - Filling up the DagBag from /home/panda/Documents/ODAP/Project/venv310/lib/python3.10/site-packages/airflow/example_dags/example_trigger_target_dag.py
[2025-06-24T01:03:56.518+0700] {processor.py:840} INFO - DAG(s) 'example_trigger_target_dag' retrieved from /home/panda/Documents/ODAP/Project/venv310/lib/python3.10/site-packages/airflow/example_dags/example_trigger_target_dag.py
[2025-06-24T01:03:56.538+0700] {logging_mixin.py:188} INFO - [2025-06-24T01:03:56.537+0700] {dag.py:3096} INFO - Sync 1 DAGs
[2025-06-24T01:03:56.550+0700] {logging_mixin.py:188} INFO - [2025-06-24T01:03:56.550+0700] {dag.py:3954} INFO - Setting next_dagrun for example_trigger_target_dag to None, run_after=None
[2025-06-24T01:03:56.579+0700] {processor.py:183} INFO - Processing /home/panda/Documents/ODAP/Project/venv310/lib/python3.10/site-packages/airflow/example_dags/example_trigger_target_dag.py took 0.083 seconds
[2025-06-24T01:09:07.217+0700] {processor.py:161} INFO - Started process (PID=5627) to work on /home/panda/Documents/ODAP/Project/venv310/lib/python3.10/site-packages/airflow/example_dags/example_trigger_target_dag.py
[2025-06-24T01:09:07.220+0700] {processor.py:830} INFO - Processing file /home/panda/Documents/ODAP/Project/venv310/lib/python3.10/site-packages/airflow/example_dags/example_trigger_target_dag.py for tasks to queue
[2025-06-24T01:09:07.221+0700] {logging_mixin.py:188} INFO - [2025-06-24T01:09:07.221+0700] {dagbag.py:540} INFO - Filling up the DagBag from /home/panda/Documents/ODAP/Project/venv310/lib/python3.10/site-packages/airflow/example_dags/example_trigger_target_dag.py
[2025-06-24T01:09:07.228+0700] {processor.py:840} INFO - DAG(s) 'example_trigger_target_dag' retrieved from /home/panda/Documents/ODAP/Project/venv310/lib/python3.10/site-packages/airflow/example_dags/example_trigger_target_dag.py
[2025-06-24T01:09:07.255+0700] {logging_mixin.py:188} INFO - [2025-06-24T01:09:07.254+0700] {dag.py:3096} INFO - Sync 1 DAGs
[2025-06-24T01:09:07.267+0700] {logging_mixin.py:188} INFO - [2025-06-24T01:09:07.267+0700] {dag.py:3954} INFO - Setting next_dagrun for example_trigger_target_dag to None, run_after=None
[2025-06-24T01:09:07.289+0700] {processor.py:183} INFO - Processing /home/panda/Documents/ODAP/Project/venv310/lib/python3.10/site-packages/airflow/example_dags/example_trigger_target_dag.py took 0.079 seconds
