[2025-06-24T00:02:31.607+0700] {processor.py:161} INFO - Started process (PID=5823) to work on /home/panda/Documents/ODAP/Project/venv310/lib/python3.10/site-packages/airflow/example_dags/example_params_trigger_ui.py
[2025-06-24T00:02:31.608+0700] {processor.py:830} INFO - Processing file /home/panda/Documents/ODAP/Project/venv310/lib/python3.10/site-packages/airflow/example_dags/example_params_trigger_ui.py for tasks to queue
[2025-06-24T00:02:31.611+0700] {logging_mixin.py:188} INFO - [2025-06-24T00:02:31.610+0700] {dagbag.py:540} INFO - Filling up the DagBag from /home/panda/Documents/ODAP/Project/venv310/lib/python3.10/site-packages/airflow/example_dags/example_params_trigger_ui.py
[2025-06-24T00:02:31.627+0700] {processor.py:840} INFO - DAG(s) 'example_params_trigger_ui' retrieved from /home/panda/Documents/ODAP/Project/venv310/lib/python3.10/site-packages/airflow/example_dags/example_params_trigger_ui.py
[2025-06-24T00:02:31.668+0700] {logging_mixin.py:188} INFO - [2025-06-24T00:02:31.668+0700] {dag.py:3096} INFO - Sync 1 DAGs
[2025-06-24T00:02:31.678+0700] {logging_mixin.py:188} INFO - [2025-06-24T00:02:31.677+0700] {dag.py:3954} INFO - Setting next_dagrun for example_params_trigger_ui to None, run_after=None
[2025-06-24T00:02:31.700+0700] {processor.py:183} INFO - Processing /home/panda/Documents/ODAP/Project/venv310/lib/python3.10/site-packages/airflow/example_dags/example_params_trigger_ui.py took 0.101 seconds
[2025-06-24T00:03:25.556+0700] {processor.py:161} INFO - Started process (PID=6298) to work on /home/panda/Documents/ODAP/Project/venv310/lib/python3.10/site-packages/airflow/example_dags/example_params_trigger_ui.py
[2025-06-24T00:03:25.561+0700] {processor.py:830} INFO - Processing file /home/panda/Documents/ODAP/Project/venv310/lib/python3.10/site-packages/airflow/example_dags/example_params_trigger_ui.py for tasks to queue
[2025-06-24T00:03:25.563+0700] {logging_mixin.py:188} INFO - [2025-06-24T00:03:25.563+0700] {dagbag.py:540} INFO - Filling up the DagBag from /home/panda/Documents/ODAP/Project/venv310/lib/python3.10/site-packages/airflow/example_dags/example_params_trigger_ui.py
[2025-06-24T00:03:25.579+0700] {processor.py:840} INFO - DAG(s) 'example_params_trigger_ui' retrieved from /home/panda/Documents/ODAP/Project/venv310/lib/python3.10/site-packages/airflow/example_dags/example_params_trigger_ui.py
[2025-06-24T00:03:25.623+0700] {logging_mixin.py:188} INFO - [2025-06-24T00:03:25.622+0700] {dag.py:3096} INFO - Sync 1 DAGs
[2025-06-24T00:03:25.634+0700] {logging_mixin.py:188} INFO - [2025-06-24T00:03:25.634+0700] {dag.py:3954} INFO - Setting next_dagrun for example_params_trigger_ui to None, run_after=None
[2025-06-24T00:03:25.658+0700] {processor.py:183} INFO - Processing /home/panda/Documents/ODAP/Project/venv310/lib/python3.10/site-packages/airflow/example_dags/example_params_trigger_ui.py took 0.109 seconds
[2025-06-24T00:04:22.079+0700] {processor.py:161} INFO - Started process (PID=6808) to work on /home/panda/Documents/ODAP/Project/venv310/lib/python3.10/site-packages/airflow/example_dags/example_params_trigger_ui.py
[2025-06-24T00:04:22.084+0700] {processor.py:830} INFO - Processing file /home/panda/Documents/ODAP/Project/venv310/lib/python3.10/site-packages/airflow/example_dags/example_params_trigger_ui.py for tasks to queue
[2025-06-24T00:04:22.086+0700] {logging_mixin.py:188} INFO - [2025-06-24T00:04:22.085+0700] {dagbag.py:540} INFO - Filling up the DagBag from /home/panda/Documents/ODAP/Project/venv310/lib/python3.10/site-packages/airflow/example_dags/example_params_trigger_ui.py
[2025-06-24T00:04:22.104+0700] {processor.py:840} INFO - DAG(s) 'example_params_trigger_ui' retrieved from /home/panda/Documents/ODAP/Project/venv310/lib/python3.10/site-packages/airflow/example_dags/example_params_trigger_ui.py
[2025-06-24T00:04:22.150+0700] {logging_mixin.py:188} INFO - [2025-06-24T00:04:22.150+0700] {dag.py:3096} INFO - Sync 1 DAGs
[2025-06-24T00:04:22.159+0700] {logging_mixin.py:188} INFO - [2025-06-24T00:04:22.159+0700] {dag.py:3954} INFO - Setting next_dagrun for example_params_trigger_ui to None, run_after=None
[2025-06-24T00:04:22.180+0700] {processor.py:183} INFO - Processing /home/panda/Documents/ODAP/Project/venv310/lib/python3.10/site-packages/airflow/example_dags/example_params_trigger_ui.py took 0.109 seconds
[2025-06-24T00:05:32.859+0700] {processor.py:161} INFO - Started process (PID=7125) to work on /home/panda/Documents/ODAP/Project/venv310/lib/python3.10/site-packages/airflow/example_dags/example_params_trigger_ui.py
[2025-06-24T00:05:32.860+0700] {processor.py:830} INFO - Processing file /home/panda/Documents/ODAP/Project/venv310/lib/python3.10/site-packages/airflow/example_dags/example_params_trigger_ui.py for tasks to queue
[2025-06-24T00:05:32.862+0700] {logging_mixin.py:188} INFO - [2025-06-24T00:05:32.861+0700] {dagbag.py:540} INFO - Filling up the DagBag from /home/panda/Documents/ODAP/Project/venv310/lib/python3.10/site-packages/airflow/example_dags/example_params_trigger_ui.py
[2025-06-24T00:05:32.875+0700] {processor.py:840} INFO - DAG(s) 'example_params_trigger_ui' retrieved from /home/panda/Documents/ODAP/Project/venv310/lib/python3.10/site-packages/airflow/example_dags/example_params_trigger_ui.py
[2025-06-24T00:05:32.911+0700] {logging_mixin.py:188} INFO - [2025-06-24T00:05:32.911+0700] {dag.py:3096} INFO - Sync 1 DAGs
[2025-06-24T00:05:32.921+0700] {logging_mixin.py:188} INFO - [2025-06-24T00:05:32.921+0700] {dag.py:3954} INFO - Setting next_dagrun for example_params_trigger_ui to None, run_after=None
[2025-06-24T00:05:32.944+0700] {processor.py:183} INFO - Processing /home/panda/Documents/ODAP/Project/venv310/lib/python3.10/site-packages/airflow/example_dags/example_params_trigger_ui.py took 0.091 seconds
[2025-06-24T00:07:38.750+0700] {processor.py:161} INFO - Started process (PID=8238) to work on /home/panda/Documents/ODAP/Project/venv310/lib/python3.10/site-packages/airflow/example_dags/example_params_trigger_ui.py
[2025-06-24T00:07:38.756+0700] {processor.py:830} INFO - Processing file /home/panda/Documents/ODAP/Project/venv310/lib/python3.10/site-packages/airflow/example_dags/example_params_trigger_ui.py for tasks to queue
[2025-06-24T00:07:38.757+0700] {logging_mixin.py:188} INFO - [2025-06-24T00:07:38.756+0700] {dagbag.py:540} INFO - Filling up the DagBag from /home/panda/Documents/ODAP/Project/venv310/lib/python3.10/site-packages/airflow/example_dags/example_params_trigger_ui.py
[2025-06-24T00:07:38.774+0700] {processor.py:840} INFO - DAG(s) 'example_params_trigger_ui' retrieved from /home/panda/Documents/ODAP/Project/venv310/lib/python3.10/site-packages/airflow/example_dags/example_params_trigger_ui.py
[2025-06-24T00:07:38.820+0700] {logging_mixin.py:188} INFO - [2025-06-24T00:07:38.820+0700] {dag.py:3096} INFO - Sync 1 DAGs
[2025-06-24T00:07:38.830+0700] {logging_mixin.py:188} INFO - [2025-06-24T00:07:38.830+0700] {dag.py:3954} INFO - Setting next_dagrun for example_params_trigger_ui to None, run_after=None
[2025-06-24T00:07:38.852+0700] {processor.py:183} INFO - Processing /home/panda/Documents/ODAP/Project/venv310/lib/python3.10/site-packages/airflow/example_dags/example_params_trigger_ui.py took 0.109 seconds
[2025-06-24T00:09:03.097+0700] {processor.py:161} INFO - Started process (PID=10739) to work on /home/panda/Documents/ODAP/Project/venv310/lib/python3.10/site-packages/airflow/example_dags/example_params_trigger_ui.py
[2025-06-24T00:09:03.102+0700] {processor.py:830} INFO - Processing file /home/panda/Documents/ODAP/Project/venv310/lib/python3.10/site-packages/airflow/example_dags/example_params_trigger_ui.py for tasks to queue
[2025-06-24T00:09:03.104+0700] {logging_mixin.py:188} INFO - [2025-06-24T00:09:03.103+0700] {dagbag.py:540} INFO - Filling up the DagBag from /home/panda/Documents/ODAP/Project/venv310/lib/python3.10/site-packages/airflow/example_dags/example_params_trigger_ui.py
[2025-06-24T00:09:03.120+0700] {processor.py:840} INFO - DAG(s) 'example_params_trigger_ui' retrieved from /home/panda/Documents/ODAP/Project/venv310/lib/python3.10/site-packages/airflow/example_dags/example_params_trigger_ui.py
[2025-06-24T00:09:03.164+0700] {logging_mixin.py:188} INFO - [2025-06-24T00:09:03.164+0700] {dag.py:3096} INFO - Sync 1 DAGs
[2025-06-24T00:09:03.174+0700] {logging_mixin.py:188} INFO - [2025-06-24T00:09:03.174+0700] {dag.py:3954} INFO - Setting next_dagrun for example_params_trigger_ui to None, run_after=None
[2025-06-24T00:09:03.201+0700] {processor.py:183} INFO - Processing /home/panda/Documents/ODAP/Project/venv310/lib/python3.10/site-packages/airflow/example_dags/example_params_trigger_ui.py took 0.111 seconds
[2025-06-24T00:09:55.505+0700] {processor.py:161} INFO - Started process (PID=10879) to work on /home/panda/Documents/ODAP/Project/venv310/lib/python3.10/site-packages/airflow/example_dags/example_params_trigger_ui.py
[2025-06-24T00:09:55.510+0700] {processor.py:830} INFO - Processing file /home/panda/Documents/ODAP/Project/venv310/lib/python3.10/site-packages/airflow/example_dags/example_params_trigger_ui.py for tasks to queue
[2025-06-24T00:09:55.511+0700] {logging_mixin.py:188} INFO - [2025-06-24T00:09:55.511+0700] {dagbag.py:540} INFO - Filling up the DagBag from /home/panda/Documents/ODAP/Project/venv310/lib/python3.10/site-packages/airflow/example_dags/example_params_trigger_ui.py
[2025-06-24T00:09:55.529+0700] {processor.py:840} INFO - DAG(s) 'example_params_trigger_ui' retrieved from /home/panda/Documents/ODAP/Project/venv310/lib/python3.10/site-packages/airflow/example_dags/example_params_trigger_ui.py
[2025-06-24T00:09:55.576+0700] {logging_mixin.py:188} INFO - [2025-06-24T00:09:55.576+0700] {dag.py:3096} INFO - Sync 1 DAGs
[2025-06-24T00:09:55.586+0700] {logging_mixin.py:188} INFO - [2025-06-24T00:09:55.586+0700] {dag.py:3954} INFO - Setting next_dagrun for example_params_trigger_ui to None, run_after=None
[2025-06-24T00:09:55.608+0700] {processor.py:183} INFO - Processing /home/panda/Documents/ODAP/Project/venv310/lib/python3.10/site-packages/airflow/example_dags/example_params_trigger_ui.py took 0.111 seconds
[2025-06-24T00:11:19.066+0700] {processor.py:161} INFO - Started process (PID=12323) to work on /home/panda/Documents/ODAP/Project/venv310/lib/python3.10/site-packages/airflow/example_dags/example_params_trigger_ui.py
[2025-06-24T00:11:19.067+0700] {processor.py:830} INFO - Processing file /home/panda/Documents/ODAP/Project/venv310/lib/python3.10/site-packages/airflow/example_dags/example_params_trigger_ui.py for tasks to queue
[2025-06-24T00:11:19.068+0700] {logging_mixin.py:188} INFO - [2025-06-24T00:11:19.068+0700] {dagbag.py:540} INFO - Filling up the DagBag from /home/panda/Documents/ODAP/Project/venv310/lib/python3.10/site-packages/airflow/example_dags/example_params_trigger_ui.py
[2025-06-24T00:11:19.085+0700] {processor.py:840} INFO - DAG(s) 'example_params_trigger_ui' retrieved from /home/panda/Documents/ODAP/Project/venv310/lib/python3.10/site-packages/airflow/example_dags/example_params_trigger_ui.py
[2025-06-24T00:11:19.128+0700] {logging_mixin.py:188} INFO - [2025-06-24T00:11:19.128+0700] {dag.py:3096} INFO - Sync 1 DAGs
[2025-06-24T00:11:19.139+0700] {logging_mixin.py:188} INFO - [2025-06-24T00:11:19.138+0700] {dag.py:3954} INFO - Setting next_dagrun for example_params_trigger_ui to None, run_after=None
[2025-06-24T00:11:19.165+0700] {processor.py:183} INFO - Processing /home/panda/Documents/ODAP/Project/venv310/lib/python3.10/site-packages/airflow/example_dags/example_params_trigger_ui.py took 0.106 seconds
[2025-06-24T00:12:16.242+0700] {processor.py:161} INFO - Started process (PID=12599) to work on /home/panda/Documents/ODAP/Project/venv310/lib/python3.10/site-packages/airflow/example_dags/example_params_trigger_ui.py
[2025-06-24T00:12:16.245+0700] {processor.py:830} INFO - Processing file /home/panda/Documents/ODAP/Project/venv310/lib/python3.10/site-packages/airflow/example_dags/example_params_trigger_ui.py for tasks to queue
[2025-06-24T00:12:16.246+0700] {logging_mixin.py:188} INFO - [2025-06-24T00:12:16.245+0700] {dagbag.py:540} INFO - Filling up the DagBag from /home/panda/Documents/ODAP/Project/venv310/lib/python3.10/site-packages/airflow/example_dags/example_params_trigger_ui.py
[2025-06-24T00:12:16.262+0700] {processor.py:840} INFO - DAG(s) 'example_params_trigger_ui' retrieved from /home/panda/Documents/ODAP/Project/venv310/lib/python3.10/site-packages/airflow/example_dags/example_params_trigger_ui.py
[2025-06-24T00:12:16.305+0700] {logging_mixin.py:188} INFO - [2025-06-24T00:12:16.305+0700] {dag.py:3096} INFO - Sync 1 DAGs
[2025-06-24T00:12:16.314+0700] {logging_mixin.py:188} INFO - [2025-06-24T00:12:16.314+0700] {dag.py:3954} INFO - Setting next_dagrun for example_params_trigger_ui to None, run_after=None
[2025-06-24T00:12:16.336+0700] {processor.py:183} INFO - Processing /home/panda/Documents/ODAP/Project/venv310/lib/python3.10/site-packages/airflow/example_dags/example_params_trigger_ui.py took 0.102 seconds
[2025-06-24T00:13:04.771+0700] {processor.py:161} INFO - Started process (PID=12762) to work on /home/panda/Documents/ODAP/Project/venv310/lib/python3.10/site-packages/airflow/example_dags/example_params_trigger_ui.py
[2025-06-24T00:13:04.776+0700] {processor.py:830} INFO - Processing file /home/panda/Documents/ODAP/Project/venv310/lib/python3.10/site-packages/airflow/example_dags/example_params_trigger_ui.py for tasks to queue
[2025-06-24T00:13:04.777+0700] {logging_mixin.py:188} INFO - [2025-06-24T00:13:04.777+0700] {dagbag.py:540} INFO - Filling up the DagBag from /home/panda/Documents/ODAP/Project/venv310/lib/python3.10/site-packages/airflow/example_dags/example_params_trigger_ui.py
[2025-06-24T00:13:04.794+0700] {processor.py:840} INFO - DAG(s) 'example_params_trigger_ui' retrieved from /home/panda/Documents/ODAP/Project/venv310/lib/python3.10/site-packages/airflow/example_dags/example_params_trigger_ui.py
[2025-06-24T00:13:04.837+0700] {logging_mixin.py:188} INFO - [2025-06-24T00:13:04.837+0700] {dag.py:3096} INFO - Sync 1 DAGs
[2025-06-24T00:13:04.847+0700] {logging_mixin.py:188} INFO - [2025-06-24T00:13:04.847+0700] {dag.py:3954} INFO - Setting next_dagrun for example_params_trigger_ui to None, run_after=None
[2025-06-24T00:13:04.869+0700] {processor.py:183} INFO - Processing /home/panda/Documents/ODAP/Project/venv310/lib/python3.10/site-packages/airflow/example_dags/example_params_trigger_ui.py took 0.104 seconds
[2025-06-24T00:14:13.459+0700] {processor.py:161} INFO - Started process (PID=13099) to work on /home/panda/Documents/ODAP/Project/venv310/lib/python3.10/site-packages/airflow/example_dags/example_params_trigger_ui.py
[2025-06-24T00:14:13.464+0700] {processor.py:830} INFO - Processing file /home/panda/Documents/ODAP/Project/venv310/lib/python3.10/site-packages/airflow/example_dags/example_params_trigger_ui.py for tasks to queue
[2025-06-24T00:14:13.466+0700] {logging_mixin.py:188} INFO - [2025-06-24T00:14:13.465+0700] {dagbag.py:540} INFO - Filling up the DagBag from /home/panda/Documents/ODAP/Project/venv310/lib/python3.10/site-packages/airflow/example_dags/example_params_trigger_ui.py
[2025-06-24T00:14:13.483+0700] {processor.py:840} INFO - DAG(s) 'example_params_trigger_ui' retrieved from /home/panda/Documents/ODAP/Project/venv310/lib/python3.10/site-packages/airflow/example_dags/example_params_trigger_ui.py
[2025-06-24T00:14:13.526+0700] {logging_mixin.py:188} INFO - [2025-06-24T00:14:13.526+0700] {dag.py:3096} INFO - Sync 1 DAGs
[2025-06-24T00:14:13.538+0700] {logging_mixin.py:188} INFO - [2025-06-24T00:14:13.537+0700] {dag.py:3954} INFO - Setting next_dagrun for example_params_trigger_ui to None, run_after=None
[2025-06-24T00:14:13.565+0700] {processor.py:183} INFO - Processing /home/panda/Documents/ODAP/Project/venv310/lib/python3.10/site-packages/airflow/example_dags/example_params_trigger_ui.py took 0.114 seconds
[2025-06-24T00:21:48.927+0700] {processor.py:161} INFO - Started process (PID=16638) to work on /home/panda/Documents/ODAP/Project/venv310/lib/python3.10/site-packages/airflow/example_dags/example_params_trigger_ui.py
[2025-06-24T00:21:48.932+0700] {processor.py:830} INFO - Processing file /home/panda/Documents/ODAP/Project/venv310/lib/python3.10/site-packages/airflow/example_dags/example_params_trigger_ui.py for tasks to queue
[2025-06-24T00:21:48.933+0700] {logging_mixin.py:188} INFO - [2025-06-24T00:21:48.932+0700] {dagbag.py:540} INFO - Filling up the DagBag from /home/panda/Documents/ODAP/Project/venv310/lib/python3.10/site-packages/airflow/example_dags/example_params_trigger_ui.py
[2025-06-24T00:21:48.950+0700] {processor.py:840} INFO - DAG(s) 'example_params_trigger_ui' retrieved from /home/panda/Documents/ODAP/Project/venv310/lib/python3.10/site-packages/airflow/example_dags/example_params_trigger_ui.py
[2025-06-24T00:21:48.994+0700] {logging_mixin.py:188} INFO - [2025-06-24T00:21:48.993+0700] {dag.py:3096} INFO - Sync 1 DAGs
[2025-06-24T00:21:49.003+0700] {logging_mixin.py:188} INFO - [2025-06-24T00:21:49.003+0700] {dag.py:3954} INFO - Setting next_dagrun for example_params_trigger_ui to None, run_after=None
[2025-06-24T00:21:49.027+0700] {processor.py:183} INFO - Processing /home/panda/Documents/ODAP/Project/venv310/lib/python3.10/site-packages/airflow/example_dags/example_params_trigger_ui.py took 0.108 seconds
[2025-06-24T00:22:46.392+0700] {processor.py:161} INFO - Started process (PID=17329) to work on /home/panda/Documents/ODAP/Project/venv310/lib/python3.10/site-packages/airflow/example_dags/example_params_trigger_ui.py
[2025-06-24T00:22:46.395+0700] {processor.py:830} INFO - Processing file /home/panda/Documents/ODAP/Project/venv310/lib/python3.10/site-packages/airflow/example_dags/example_params_trigger_ui.py for tasks to queue
[2025-06-24T00:22:46.396+0700] {logging_mixin.py:188} INFO - [2025-06-24T00:22:46.395+0700] {dagbag.py:540} INFO - Filling up the DagBag from /home/panda/Documents/ODAP/Project/venv310/lib/python3.10/site-packages/airflow/example_dags/example_params_trigger_ui.py
[2025-06-24T00:22:46.414+0700] {processor.py:840} INFO - DAG(s) 'example_params_trigger_ui' retrieved from /home/panda/Documents/ODAP/Project/venv310/lib/python3.10/site-packages/airflow/example_dags/example_params_trigger_ui.py
[2025-06-24T00:22:46.464+0700] {logging_mixin.py:188} INFO - [2025-06-24T00:22:46.463+0700] {dag.py:3096} INFO - Sync 1 DAGs
[2025-06-24T00:22:46.474+0700] {logging_mixin.py:188} INFO - [2025-06-24T00:22:46.474+0700] {dag.py:3954} INFO - Setting next_dagrun for example_params_trigger_ui to None, run_after=None
[2025-06-24T00:22:46.498+0700] {processor.py:183} INFO - Processing /home/panda/Documents/ODAP/Project/venv310/lib/python3.10/site-packages/airflow/example_dags/example_params_trigger_ui.py took 0.115 seconds
[2025-06-24T00:34:00.719+0700] {processor.py:161} INFO - Started process (PID=20318) to work on /home/panda/Documents/ODAP/Project/venv310/lib/python3.10/site-packages/airflow/example_dags/example_params_trigger_ui.py
[2025-06-24T00:34:00.724+0700] {processor.py:830} INFO - Processing file /home/panda/Documents/ODAP/Project/venv310/lib/python3.10/site-packages/airflow/example_dags/example_params_trigger_ui.py for tasks to queue
[2025-06-24T00:34:00.725+0700] {logging_mixin.py:188} INFO - [2025-06-24T00:34:00.724+0700] {dagbag.py:540} INFO - Filling up the DagBag from /home/panda/Documents/ODAP/Project/venv310/lib/python3.10/site-packages/airflow/example_dags/example_params_trigger_ui.py
[2025-06-24T00:34:00.741+0700] {processor.py:840} INFO - DAG(s) 'example_params_trigger_ui' retrieved from /home/panda/Documents/ODAP/Project/venv310/lib/python3.10/site-packages/airflow/example_dags/example_params_trigger_ui.py
[2025-06-24T00:34:00.786+0700] {logging_mixin.py:188} INFO - [2025-06-24T00:34:00.785+0700] {dag.py:3096} INFO - Sync 1 DAGs
[2025-06-24T00:34:00.795+0700] {logging_mixin.py:188} INFO - [2025-06-24T00:34:00.795+0700] {dag.py:3954} INFO - Setting next_dagrun for example_params_trigger_ui to None, run_after=None
[2025-06-24T00:34:00.818+0700] {processor.py:183} INFO - Processing /home/panda/Documents/ODAP/Project/venv310/lib/python3.10/site-packages/airflow/example_dags/example_params_trigger_ui.py took 0.106 seconds
[2025-06-24T00:34:54.751+0700] {processor.py:161} INFO - Started process (PID=20463) to work on /home/panda/Documents/ODAP/Project/venv310/lib/python3.10/site-packages/airflow/example_dags/example_params_trigger_ui.py
[2025-06-24T00:34:54.754+0700] {processor.py:830} INFO - Processing file /home/panda/Documents/ODAP/Project/venv310/lib/python3.10/site-packages/airflow/example_dags/example_params_trigger_ui.py for tasks to queue
[2025-06-24T00:34:54.755+0700] {logging_mixin.py:188} INFO - [2025-06-24T00:34:54.754+0700] {dagbag.py:540} INFO - Filling up the DagBag from /home/panda/Documents/ODAP/Project/venv310/lib/python3.10/site-packages/airflow/example_dags/example_params_trigger_ui.py
[2025-06-24T00:34:54.771+0700] {processor.py:840} INFO - DAG(s) 'example_params_trigger_ui' retrieved from /home/panda/Documents/ODAP/Project/venv310/lib/python3.10/site-packages/airflow/example_dags/example_params_trigger_ui.py
[2025-06-24T00:34:54.815+0700] {logging_mixin.py:188} INFO - [2025-06-24T00:34:54.815+0700] {dag.py:3096} INFO - Sync 1 DAGs
[2025-06-24T00:34:54.824+0700] {logging_mixin.py:188} INFO - [2025-06-24T00:34:54.824+0700] {dag.py:3954} INFO - Setting next_dagrun for example_params_trigger_ui to None, run_after=None
[2025-06-24T00:34:54.846+0700] {processor.py:183} INFO - Processing /home/panda/Documents/ODAP/Project/venv310/lib/python3.10/site-packages/airflow/example_dags/example_params_trigger_ui.py took 0.102 seconds
[2025-06-24T00:35:47.707+0700] {processor.py:161} INFO - Started process (PID=20607) to work on /home/panda/Documents/ODAP/Project/venv310/lib/python3.10/site-packages/airflow/example_dags/example_params_trigger_ui.py
[2025-06-24T00:35:47.712+0700] {processor.py:830} INFO - Processing file /home/panda/Documents/ODAP/Project/venv310/lib/python3.10/site-packages/airflow/example_dags/example_params_trigger_ui.py for tasks to queue
[2025-06-24T00:35:47.714+0700] {logging_mixin.py:188} INFO - [2025-06-24T00:35:47.713+0700] {dagbag.py:540} INFO - Filling up the DagBag from /home/panda/Documents/ODAP/Project/venv310/lib/python3.10/site-packages/airflow/example_dags/example_params_trigger_ui.py
[2025-06-24T00:35:47.733+0700] {processor.py:840} INFO - DAG(s) 'example_params_trigger_ui' retrieved from /home/panda/Documents/ODAP/Project/venv310/lib/python3.10/site-packages/airflow/example_dags/example_params_trigger_ui.py
[2025-06-24T00:35:47.779+0700] {logging_mixin.py:188} INFO - [2025-06-24T00:35:47.779+0700] {dag.py:3096} INFO - Sync 1 DAGs
[2025-06-24T00:35:47.789+0700] {logging_mixin.py:188} INFO - [2025-06-24T00:35:47.788+0700] {dag.py:3954} INFO - Setting next_dagrun for example_params_trigger_ui to None, run_after=None
[2025-06-24T00:35:47.814+0700] {processor.py:183} INFO - Processing /home/panda/Documents/ODAP/Project/venv310/lib/python3.10/site-packages/airflow/example_dags/example_params_trigger_ui.py took 0.114 seconds
[2025-06-24T00:36:56.341+0700] {processor.py:161} INFO - Started process (PID=21090) to work on /home/panda/Documents/ODAP/Project/venv310/lib/python3.10/site-packages/airflow/example_dags/example_params_trigger_ui.py
[2025-06-24T00:36:56.346+0700] {processor.py:830} INFO - Processing file /home/panda/Documents/ODAP/Project/venv310/lib/python3.10/site-packages/airflow/example_dags/example_params_trigger_ui.py for tasks to queue
[2025-06-24T00:36:56.347+0700] {logging_mixin.py:188} INFO - [2025-06-24T00:36:56.347+0700] {dagbag.py:540} INFO - Filling up the DagBag from /home/panda/Documents/ODAP/Project/venv310/lib/python3.10/site-packages/airflow/example_dags/example_params_trigger_ui.py
[2025-06-24T00:36:56.364+0700] {processor.py:840} INFO - DAG(s) 'example_params_trigger_ui' retrieved from /home/panda/Documents/ODAP/Project/venv310/lib/python3.10/site-packages/airflow/example_dags/example_params_trigger_ui.py
[2025-06-24T00:36:56.410+0700] {logging_mixin.py:188} INFO - [2025-06-24T00:36:56.409+0700] {dag.py:3096} INFO - Sync 1 DAGs
[2025-06-24T00:36:56.420+0700] {logging_mixin.py:188} INFO - [2025-06-24T00:36:56.420+0700] {dag.py:3954} INFO - Setting next_dagrun for example_params_trigger_ui to None, run_after=None
[2025-06-24T00:36:56.444+0700] {processor.py:183} INFO - Processing /home/panda/Documents/ODAP/Project/venv310/lib/python3.10/site-packages/airflow/example_dags/example_params_trigger_ui.py took 0.111 seconds
[2025-06-24T00:52:58.811+0700] {processor.py:161} INFO - Started process (PID=25186) to work on /home/panda/Documents/ODAP/Project/venv310/lib/python3.10/site-packages/airflow/example_dags/example_params_trigger_ui.py
[2025-06-24T00:52:58.816+0700] {processor.py:830} INFO - Processing file /home/panda/Documents/ODAP/Project/venv310/lib/python3.10/site-packages/airflow/example_dags/example_params_trigger_ui.py for tasks to queue
[2025-06-24T00:52:58.817+0700] {logging_mixin.py:188} INFO - [2025-06-24T00:52:58.817+0700] {dagbag.py:540} INFO - Filling up the DagBag from /home/panda/Documents/ODAP/Project/venv310/lib/python3.10/site-packages/airflow/example_dags/example_params_trigger_ui.py
[2025-06-24T00:52:58.835+0700] {processor.py:840} INFO - DAG(s) 'example_params_trigger_ui' retrieved from /home/panda/Documents/ODAP/Project/venv310/lib/python3.10/site-packages/airflow/example_dags/example_params_trigger_ui.py
[2025-06-24T00:52:58.886+0700] {logging_mixin.py:188} INFO - [2025-06-24T00:52:58.886+0700] {dag.py:3096} INFO - Sync 1 DAGs
[2025-06-24T00:52:58.900+0700] {logging_mixin.py:188} INFO - [2025-06-24T00:52:58.899+0700] {dag.py:3954} INFO - Setting next_dagrun for example_params_trigger_ui to None, run_after=None
[2025-06-24T00:52:58.934+0700] {processor.py:183} INFO - Processing /home/panda/Documents/ODAP/Project/venv310/lib/python3.10/site-packages/airflow/example_dags/example_params_trigger_ui.py took 0.130 seconds
[2025-06-24T00:53:53.062+0700] {processor.py:161} INFO - Started process (PID=25399) to work on /home/panda/Documents/ODAP/Project/venv310/lib/python3.10/site-packages/airflow/example_dags/example_params_trigger_ui.py
[2025-06-24T00:53:53.064+0700] {processor.py:830} INFO - Processing file /home/panda/Documents/ODAP/Project/venv310/lib/python3.10/site-packages/airflow/example_dags/example_params_trigger_ui.py for tasks to queue
[2025-06-24T00:53:53.065+0700] {logging_mixin.py:188} INFO - [2025-06-24T00:53:53.064+0700] {dagbag.py:540} INFO - Filling up the DagBag from /home/panda/Documents/ODAP/Project/venv310/lib/python3.10/site-packages/airflow/example_dags/example_params_trigger_ui.py
[2025-06-24T00:53:53.078+0700] {processor.py:840} INFO - DAG(s) 'example_params_trigger_ui' retrieved from /home/panda/Documents/ODAP/Project/venv310/lib/python3.10/site-packages/airflow/example_dags/example_params_trigger_ui.py
[2025-06-24T00:53:53.125+0700] {logging_mixin.py:188} INFO - [2025-06-24T00:53:53.125+0700] {dag.py:3096} INFO - Sync 1 DAGs
[2025-06-24T00:53:53.136+0700] {logging_mixin.py:188} INFO - [2025-06-24T00:53:53.135+0700] {dag.py:3954} INFO - Setting next_dagrun for example_params_trigger_ui to None, run_after=None
[2025-06-24T00:53:53.165+0700] {processor.py:183} INFO - Processing /home/panda/Documents/ODAP/Project/venv310/lib/python3.10/site-packages/airflow/example_dags/example_params_trigger_ui.py took 0.108 seconds
[2025-06-24T00:54:45.716+0700] {processor.py:161} INFO - Started process (PID=25679) to work on /home/panda/Documents/ODAP/Project/venv310/lib/python3.10/site-packages/airflow/example_dags/example_params_trigger_ui.py
[2025-06-24T00:54:45.720+0700] {processor.py:830} INFO - Processing file /home/panda/Documents/ODAP/Project/venv310/lib/python3.10/site-packages/airflow/example_dags/example_params_trigger_ui.py for tasks to queue
[2025-06-24T00:54:45.722+0700] {logging_mixin.py:188} INFO - [2025-06-24T00:54:45.721+0700] {dagbag.py:540} INFO - Filling up the DagBag from /home/panda/Documents/ODAP/Project/venv310/lib/python3.10/site-packages/airflow/example_dags/example_params_trigger_ui.py
[2025-06-24T00:54:45.738+0700] {processor.py:840} INFO - DAG(s) 'example_params_trigger_ui' retrieved from /home/panda/Documents/ODAP/Project/venv310/lib/python3.10/site-packages/airflow/example_dags/example_params_trigger_ui.py
[2025-06-24T00:54:45.782+0700] {logging_mixin.py:188} INFO - [2025-06-24T00:54:45.782+0700] {dag.py:3096} INFO - Sync 1 DAGs
[2025-06-24T00:54:45.792+0700] {logging_mixin.py:188} INFO - [2025-06-24T00:54:45.792+0700] {dag.py:3954} INFO - Setting next_dagrun for example_params_trigger_ui to None, run_after=None
[2025-06-24T00:54:45.811+0700] {processor.py:183} INFO - Processing /home/panda/Documents/ODAP/Project/venv310/lib/python3.10/site-packages/airflow/example_dags/example_params_trigger_ui.py took 0.102 seconds
[2025-06-24T01:03:33.336+0700] {processor.py:161} INFO - Started process (PID=28627) to work on /home/panda/Documents/ODAP/Project/venv310/lib/python3.10/site-packages/airflow/example_dags/example_params_trigger_ui.py
[2025-06-24T01:03:33.339+0700] {processor.py:830} INFO - Processing file /home/panda/Documents/ODAP/Project/venv310/lib/python3.10/site-packages/airflow/example_dags/example_params_trigger_ui.py for tasks to queue
[2025-06-24T01:03:33.340+0700] {logging_mixin.py:188} INFO - [2025-06-24T01:03:33.340+0700] {dagbag.py:540} INFO - Filling up the DagBag from /home/panda/Documents/ODAP/Project/venv310/lib/python3.10/site-packages/airflow/example_dags/example_params_trigger_ui.py
[2025-06-24T01:03:33.358+0700] {processor.py:840} INFO - DAG(s) 'example_params_trigger_ui' retrieved from /home/panda/Documents/ODAP/Project/venv310/lib/python3.10/site-packages/airflow/example_dags/example_params_trigger_ui.py
[2025-06-24T01:03:33.402+0700] {logging_mixin.py:188} INFO - [2025-06-24T01:03:33.402+0700] {dag.py:3096} INFO - Sync 1 DAGs
[2025-06-24T01:03:33.413+0700] {logging_mixin.py:188} INFO - [2025-06-24T01:03:33.412+0700] {dag.py:3954} INFO - Setting next_dagrun for example_params_trigger_ui to None, run_after=None
[2025-06-24T01:03:33.434+0700] {processor.py:183} INFO - Processing /home/panda/Documents/ODAP/Project/venv310/lib/python3.10/site-packages/airflow/example_dags/example_params_trigger_ui.py took 0.106 seconds
[2025-06-24T01:04:27.432+0700] {processor.py:161} INFO - Started process (PID=28885) to work on /home/panda/Documents/ODAP/Project/venv310/lib/python3.10/site-packages/airflow/example_dags/example_params_trigger_ui.py
[2025-06-24T01:04:27.437+0700] {processor.py:830} INFO - Processing file /home/panda/Documents/ODAP/Project/venv310/lib/python3.10/site-packages/airflow/example_dags/example_params_trigger_ui.py for tasks to queue
[2025-06-24T01:04:27.438+0700] {logging_mixin.py:188} INFO - [2025-06-24T01:04:27.438+0700] {dagbag.py:540} INFO - Filling up the DagBag from /home/panda/Documents/ODAP/Project/venv310/lib/python3.10/site-packages/airflow/example_dags/example_params_trigger_ui.py
[2025-06-24T01:04:27.456+0700] {processor.py:840} INFO - DAG(s) 'example_params_trigger_ui' retrieved from /home/panda/Documents/ODAP/Project/venv310/lib/python3.10/site-packages/airflow/example_dags/example_params_trigger_ui.py
[2025-06-24T01:04:27.502+0700] {logging_mixin.py:188} INFO - [2025-06-24T01:04:27.501+0700] {dag.py:3096} INFO - Sync 1 DAGs
[2025-06-24T01:04:27.511+0700] {logging_mixin.py:188} INFO - [2025-06-24T01:04:27.511+0700] {dag.py:3954} INFO - Setting next_dagrun for example_params_trigger_ui to None, run_after=None
[2025-06-24T01:04:27.536+0700] {processor.py:183} INFO - Processing /home/panda/Documents/ODAP/Project/venv310/lib/python3.10/site-packages/airflow/example_dags/example_params_trigger_ui.py took 0.111 seconds
