[2025-06-24T00:02:17.282+0700] {processor.py:161} INFO - Started process (PID=5701) to work on /home/panda/Documents/ODAP/Project/venv310/lib/python3.10/site-packages/airflow/example_dags/example_time_delta_sensor_async.py
[2025-06-24T00:02:17.283+0700] {processor.py:830} INFO - Processing file /home/panda/Documents/ODAP/Project/venv310/lib/python3.10/site-packages/airflow/example_dags/example_time_delta_sensor_async.py for tasks to queue
[2025-06-24T00:02:17.285+0700] {logging_mixin.py:188} INFO - [2025-06-24T00:02:17.285+0700] {dagbag.py:540} INFO - Filling up the DagBag from /home/panda/Documents/ODAP/Project/venv310/lib/python3.10/site-packages/airflow/example_dags/example_time_delta_sensor_async.py
[2025-06-24T00:02:17.293+0700] {processor.py:840} INFO - DAG(s) 'example_time_delta_sensor_async' retrieved from /home/panda/Documents/ODAP/Project/venv310/lib/python3.10/site-packages/airflow/example_dags/example_time_delta_sensor_async.py
[2025-06-24T00:02:17.315+0700] {logging_mixin.py:188} INFO - [2025-06-24T00:02:17.315+0700] {dag.py:3096} INFO - Sync 1 DAGs
[2025-06-24T00:02:17.328+0700] {logging_mixin.py:188} INFO - [2025-06-24T00:02:17.327+0700] {dag.py:3954} INFO - Setting next_dagrun for example_time_delta_sensor_async to None, run_after=None
[2025-06-24T00:02:17.362+0700] {processor.py:183} INFO - Processing /home/panda/Documents/ODAP/Project/venv310/lib/python3.10/site-packages/airflow/example_dags/example_time_delta_sensor_async.py took 0.088 seconds
[2025-06-24T00:03:11.498+0700] {processor.py:161} INFO - Started process (PID=6237) to work on /home/panda/Documents/ODAP/Project/venv310/lib/python3.10/site-packages/airflow/example_dags/example_time_delta_sensor_async.py
[2025-06-24T00:03:11.503+0700] {processor.py:830} INFO - Processing file /home/panda/Documents/ODAP/Project/venv310/lib/python3.10/site-packages/airflow/example_dags/example_time_delta_sensor_async.py for tasks to queue
[2025-06-24T00:03:11.505+0700] {logging_mixin.py:188} INFO - [2025-06-24T00:03:11.505+0700] {dagbag.py:540} INFO - Filling up the DagBag from /home/panda/Documents/ODAP/Project/venv310/lib/python3.10/site-packages/airflow/example_dags/example_time_delta_sensor_async.py
[2025-06-24T00:03:11.511+0700] {processor.py:840} INFO - DAG(s) 'example_time_delta_sensor_async' retrieved from /home/panda/Documents/ODAP/Project/venv310/lib/python3.10/site-packages/airflow/example_dags/example_time_delta_sensor_async.py
[2025-06-24T00:03:11.530+0700] {logging_mixin.py:188} INFO - [2025-06-24T00:03:11.530+0700] {dag.py:3096} INFO - Sync 1 DAGs
[2025-06-24T00:03:11.542+0700] {logging_mixin.py:188} INFO - [2025-06-24T00:03:11.542+0700] {dag.py:3954} INFO - Setting next_dagrun for example_time_delta_sensor_async to None, run_after=None
[2025-06-24T00:03:11.566+0700] {processor.py:183} INFO - Processing /home/panda/Documents/ODAP/Project/venv310/lib/python3.10/site-packages/airflow/example_dags/example_time_delta_sensor_async.py took 0.075 seconds
[2025-06-24T00:04:07.303+0700] {processor.py:161} INFO - Started process (PID=6777) to work on /home/panda/Documents/ODAP/Project/venv310/lib/python3.10/site-packages/airflow/example_dags/example_time_delta_sensor_async.py
[2025-06-24T00:04:07.308+0700] {processor.py:830} INFO - Processing file /home/panda/Documents/ODAP/Project/venv310/lib/python3.10/site-packages/airflow/example_dags/example_time_delta_sensor_async.py for tasks to queue
[2025-06-24T00:04:07.309+0700] {logging_mixin.py:188} INFO - [2025-06-24T00:04:07.309+0700] {dagbag.py:540} INFO - Filling up the DagBag from /home/panda/Documents/ODAP/Project/venv310/lib/python3.10/site-packages/airflow/example_dags/example_time_delta_sensor_async.py
[2025-06-24T00:04:07.315+0700] {processor.py:840} INFO - DAG(s) 'example_time_delta_sensor_async' retrieved from /home/panda/Documents/ODAP/Project/venv310/lib/python3.10/site-packages/airflow/example_dags/example_time_delta_sensor_async.py
[2025-06-24T00:04:07.458+0700] {logging_mixin.py:188} INFO - [2025-06-24T00:04:07.457+0700] {dag.py:3096} INFO - Sync 1 DAGs
[2025-06-24T00:04:07.468+0700] {logging_mixin.py:188} INFO - [2025-06-24T00:04:07.468+0700] {dag.py:3954} INFO - Setting next_dagrun for example_time_delta_sensor_async to None, run_after=None
[2025-06-24T00:04:07.494+0700] {processor.py:183} INFO - Processing /home/panda/Documents/ODAP/Project/venv310/lib/python3.10/site-packages/airflow/example_dags/example_time_delta_sensor_async.py took 0.198 seconds
[2025-06-24T00:04:57.149+0700] {processor.py:161} INFO - Started process (PID=6910) to work on /home/panda/Documents/ODAP/Project/venv310/lib/python3.10/site-packages/airflow/example_dags/example_time_delta_sensor_async.py
[2025-06-24T00:04:57.152+0700] {processor.py:830} INFO - Processing file /home/panda/Documents/ODAP/Project/venv310/lib/python3.10/site-packages/airflow/example_dags/example_time_delta_sensor_async.py for tasks to queue
[2025-06-24T00:04:57.154+0700] {logging_mixin.py:188} INFO - [2025-06-24T00:04:57.154+0700] {dagbag.py:540} INFO - Filling up the DagBag from /home/panda/Documents/ODAP/Project/venv310/lib/python3.10/site-packages/airflow/example_dags/example_time_delta_sensor_async.py
[2025-06-24T00:04:57.160+0700] {processor.py:840} INFO - DAG(s) 'example_time_delta_sensor_async' retrieved from /home/panda/Documents/ODAP/Project/venv310/lib/python3.10/site-packages/airflow/example_dags/example_time_delta_sensor_async.py
[2025-06-24T00:04:57.180+0700] {logging_mixin.py:188} INFO - [2025-06-24T00:04:57.180+0700] {dag.py:3096} INFO - Sync 1 DAGs
[2025-06-24T00:04:57.196+0700] {logging_mixin.py:188} INFO - [2025-06-24T00:04:57.195+0700] {dag.py:3954} INFO - Setting next_dagrun for example_time_delta_sensor_async to None, run_after=None
[2025-06-24T00:04:57.228+0700] {processor.py:183} INFO - Processing /home/panda/Documents/ODAP/Project/venv310/lib/python3.10/site-packages/airflow/example_dags/example_time_delta_sensor_async.py took 0.085 seconds
[2025-06-24T00:07:24.595+0700] {processor.py:161} INFO - Started process (PID=8143) to work on /home/panda/Documents/ODAP/Project/venv310/lib/python3.10/site-packages/airflow/example_dags/example_time_delta_sensor_async.py
[2025-06-24T00:07:24.600+0700] {processor.py:830} INFO - Processing file /home/panda/Documents/ODAP/Project/venv310/lib/python3.10/site-packages/airflow/example_dags/example_time_delta_sensor_async.py for tasks to queue
[2025-06-24T00:07:24.601+0700] {logging_mixin.py:188} INFO - [2025-06-24T00:07:24.601+0700] {dagbag.py:540} INFO - Filling up the DagBag from /home/panda/Documents/ODAP/Project/venv310/lib/python3.10/site-packages/airflow/example_dags/example_time_delta_sensor_async.py
[2025-06-24T00:07:24.607+0700] {processor.py:840} INFO - DAG(s) 'example_time_delta_sensor_async' retrieved from /home/panda/Documents/ODAP/Project/venv310/lib/python3.10/site-packages/airflow/example_dags/example_time_delta_sensor_async.py
[2025-06-24T00:07:24.629+0700] {logging_mixin.py:188} INFO - [2025-06-24T00:07:24.628+0700] {dag.py:3096} INFO - Sync 1 DAGs
[2025-06-24T00:07:24.640+0700] {logging_mixin.py:188} INFO - [2025-06-24T00:07:24.639+0700] {dag.py:3954} INFO - Setting next_dagrun for example_time_delta_sensor_async to None, run_after=None
[2025-06-24T00:07:24.664+0700] {processor.py:183} INFO - Processing /home/panda/Documents/ODAP/Project/venv310/lib/python3.10/site-packages/airflow/example_dags/example_time_delta_sensor_async.py took 0.076 seconds
[2025-06-24T00:08:50.402+0700] {processor.py:161} INFO - Started process (PID=10702) to work on /home/panda/Documents/ODAP/Project/venv310/lib/python3.10/site-packages/airflow/example_dags/example_time_delta_sensor_async.py
[2025-06-24T00:08:50.408+0700] {processor.py:830} INFO - Processing file /home/panda/Documents/ODAP/Project/venv310/lib/python3.10/site-packages/airflow/example_dags/example_time_delta_sensor_async.py for tasks to queue
[2025-06-24T00:08:50.409+0700] {logging_mixin.py:188} INFO - [2025-06-24T00:08:50.409+0700] {dagbag.py:540} INFO - Filling up the DagBag from /home/panda/Documents/ODAP/Project/venv310/lib/python3.10/site-packages/airflow/example_dags/example_time_delta_sensor_async.py
[2025-06-24T00:08:50.416+0700] {processor.py:840} INFO - DAG(s) 'example_time_delta_sensor_async' retrieved from /home/panda/Documents/ODAP/Project/venv310/lib/python3.10/site-packages/airflow/example_dags/example_time_delta_sensor_async.py
[2025-06-24T00:08:50.435+0700] {logging_mixin.py:188} INFO - [2025-06-24T00:08:50.435+0700] {dag.py:3096} INFO - Sync 1 DAGs
[2025-06-24T00:08:50.448+0700] {logging_mixin.py:188} INFO - [2025-06-24T00:08:50.447+0700] {dag.py:3954} INFO - Setting next_dagrun for example_time_delta_sensor_async to None, run_after=None
[2025-06-24T00:08:50.479+0700] {processor.py:183} INFO - Processing /home/panda/Documents/ODAP/Project/venv310/lib/python3.10/site-packages/airflow/example_dags/example_time_delta_sensor_async.py took 0.083 seconds
[2025-06-24T00:09:42.328+0700] {processor.py:161} INFO - Started process (PID=10843) to work on /home/panda/Documents/ODAP/Project/venv310/lib/python3.10/site-packages/airflow/example_dags/example_time_delta_sensor_async.py
[2025-06-24T00:09:42.333+0700] {processor.py:830} INFO - Processing file /home/panda/Documents/ODAP/Project/venv310/lib/python3.10/site-packages/airflow/example_dags/example_time_delta_sensor_async.py for tasks to queue
[2025-06-24T00:09:42.334+0700] {logging_mixin.py:188} INFO - [2025-06-24T00:09:42.334+0700] {dagbag.py:540} INFO - Filling up the DagBag from /home/panda/Documents/ODAP/Project/venv310/lib/python3.10/site-packages/airflow/example_dags/example_time_delta_sensor_async.py
[2025-06-24T00:09:42.340+0700] {processor.py:840} INFO - DAG(s) 'example_time_delta_sensor_async' retrieved from /home/panda/Documents/ODAP/Project/venv310/lib/python3.10/site-packages/airflow/example_dags/example_time_delta_sensor_async.py
[2025-06-24T00:09:42.359+0700] {logging_mixin.py:188} INFO - [2025-06-24T00:09:42.359+0700] {dag.py:3096} INFO - Sync 1 DAGs
[2025-06-24T00:09:42.371+0700] {logging_mixin.py:188} INFO - [2025-06-24T00:09:42.371+0700] {dag.py:3954} INFO - Setting next_dagrun for example_time_delta_sensor_async to None, run_after=None
[2025-06-24T00:09:42.399+0700] {processor.py:183} INFO - Processing /home/panda/Documents/ODAP/Project/venv310/lib/python3.10/site-packages/airflow/example_dags/example_time_delta_sensor_async.py took 0.079 seconds
[2025-06-24T00:10:35.735+0700] {processor.py:161} INFO - Started process (PID=10996) to work on /home/panda/Documents/ODAP/Project/venv310/lib/python3.10/site-packages/airflow/example_dags/example_time_delta_sensor_async.py
[2025-06-24T00:10:35.740+0700] {processor.py:830} INFO - Processing file /home/panda/Documents/ODAP/Project/venv310/lib/python3.10/site-packages/airflow/example_dags/example_time_delta_sensor_async.py for tasks to queue
[2025-06-24T00:10:35.742+0700] {logging_mixin.py:188} INFO - [2025-06-24T00:10:35.741+0700] {dagbag.py:540} INFO - Filling up the DagBag from /home/panda/Documents/ODAP/Project/venv310/lib/python3.10/site-packages/airflow/example_dags/example_time_delta_sensor_async.py
[2025-06-24T00:10:35.748+0700] {processor.py:840} INFO - DAG(s) 'example_time_delta_sensor_async' retrieved from /home/panda/Documents/ODAP/Project/venv310/lib/python3.10/site-packages/airflow/example_dags/example_time_delta_sensor_async.py
[2025-06-24T00:10:35.766+0700] {logging_mixin.py:188} INFO - [2025-06-24T00:10:35.765+0700] {dag.py:3096} INFO - Sync 1 DAGs
[2025-06-24T00:10:35.777+0700] {logging_mixin.py:188} INFO - [2025-06-24T00:10:35.777+0700] {dag.py:3954} INFO - Setting next_dagrun for example_time_delta_sensor_async to None, run_after=None
[2025-06-24T00:10:35.799+0700] {processor.py:183} INFO - Processing /home/panda/Documents/ODAP/Project/venv310/lib/python3.10/site-packages/airflow/example_dags/example_time_delta_sensor_async.py took 0.071 seconds
[2025-06-24T00:11:48.644+0700] {processor.py:161} INFO - Started process (PID=12485) to work on /home/panda/Documents/ODAP/Project/venv310/lib/python3.10/site-packages/airflow/example_dags/example_time_delta_sensor_async.py
[2025-06-24T00:11:48.649+0700] {processor.py:830} INFO - Processing file /home/panda/Documents/ODAP/Project/venv310/lib/python3.10/site-packages/airflow/example_dags/example_time_delta_sensor_async.py for tasks to queue
[2025-06-24T00:11:48.650+0700] {logging_mixin.py:188} INFO - [2025-06-24T00:11:48.649+0700] {dagbag.py:540} INFO - Filling up the DagBag from /home/panda/Documents/ODAP/Project/venv310/lib/python3.10/site-packages/airflow/example_dags/example_time_delta_sensor_async.py
[2025-06-24T00:11:48.656+0700] {processor.py:840} INFO - DAG(s) 'example_time_delta_sensor_async' retrieved from /home/panda/Documents/ODAP/Project/venv310/lib/python3.10/site-packages/airflow/example_dags/example_time_delta_sensor_async.py
[2025-06-24T00:11:48.676+0700] {logging_mixin.py:188} INFO - [2025-06-24T00:11:48.675+0700] {dag.py:3096} INFO - Sync 1 DAGs
[2025-06-24T00:11:48.689+0700] {logging_mixin.py:188} INFO - [2025-06-24T00:11:48.688+0700] {dag.py:3954} INFO - Setting next_dagrun for example_time_delta_sensor_async to None, run_after=None
[2025-06-24T00:11:48.716+0700] {processor.py:183} INFO - Processing /home/panda/Documents/ODAP/Project/venv310/lib/python3.10/site-packages/airflow/example_dags/example_time_delta_sensor_async.py took 0.079 seconds
[2025-06-24T00:12:39.306+0700] {processor.py:161} INFO - Started process (PID=12687) to work on /home/panda/Documents/ODAP/Project/venv310/lib/python3.10/site-packages/airflow/example_dags/example_time_delta_sensor_async.py
[2025-06-24T00:12:39.311+0700] {processor.py:830} INFO - Processing file /home/panda/Documents/ODAP/Project/venv310/lib/python3.10/site-packages/airflow/example_dags/example_time_delta_sensor_async.py for tasks to queue
[2025-06-24T00:12:39.313+0700] {logging_mixin.py:188} INFO - [2025-06-24T00:12:39.312+0700] {dagbag.py:540} INFO - Filling up the DagBag from /home/panda/Documents/ODAP/Project/venv310/lib/python3.10/site-packages/airflow/example_dags/example_time_delta_sensor_async.py
[2025-06-24T00:12:39.320+0700] {processor.py:840} INFO - DAG(s) 'example_time_delta_sensor_async' retrieved from /home/panda/Documents/ODAP/Project/venv310/lib/python3.10/site-packages/airflow/example_dags/example_time_delta_sensor_async.py
[2025-06-24T00:12:39.341+0700] {logging_mixin.py:188} INFO - [2025-06-24T00:12:39.340+0700] {dag.py:3096} INFO - Sync 1 DAGs
[2025-06-24T00:12:39.354+0700] {logging_mixin.py:188} INFO - [2025-06-24T00:12:39.354+0700] {dag.py:3954} INFO - Setting next_dagrun for example_time_delta_sensor_async to None, run_after=None
[2025-06-24T00:12:39.385+0700] {processor.py:183} INFO - Processing /home/panda/Documents/ODAP/Project/venv310/lib/python3.10/site-packages/airflow/example_dags/example_time_delta_sensor_async.py took 0.087 seconds
[2025-06-24T00:13:24.647+0700] {processor.py:161} INFO - Started process (PID=12845) to work on /home/panda/Documents/ODAP/Project/venv310/lib/python3.10/site-packages/airflow/example_dags/example_time_delta_sensor_async.py
[2025-06-24T00:13:24.651+0700] {processor.py:830} INFO - Processing file /home/panda/Documents/ODAP/Project/venv310/lib/python3.10/site-packages/airflow/example_dags/example_time_delta_sensor_async.py for tasks to queue
[2025-06-24T00:13:24.653+0700] {logging_mixin.py:188} INFO - [2025-06-24T00:13:24.652+0700] {dagbag.py:540} INFO - Filling up the DagBag from /home/panda/Documents/ODAP/Project/venv310/lib/python3.10/site-packages/airflow/example_dags/example_time_delta_sensor_async.py
[2025-06-24T00:13:24.659+0700] {processor.py:840} INFO - DAG(s) 'example_time_delta_sensor_async' retrieved from /home/panda/Documents/ODAP/Project/venv310/lib/python3.10/site-packages/airflow/example_dags/example_time_delta_sensor_async.py
[2025-06-24T00:13:24.680+0700] {logging_mixin.py:188} INFO - [2025-06-24T00:13:24.679+0700] {dag.py:3096} INFO - Sync 1 DAGs
[2025-06-24T00:13:24.693+0700] {logging_mixin.py:188} INFO - [2025-06-24T00:13:24.693+0700] {dag.py:3954} INFO - Setting next_dagrun for example_time_delta_sensor_async to None, run_after=None
[2025-06-24T00:13:24.725+0700] {processor.py:183} INFO - Processing /home/panda/Documents/ODAP/Project/venv310/lib/python3.10/site-packages/airflow/example_dags/example_time_delta_sensor_async.py took 0.087 seconds
[2025-06-24T00:14:09.993+0700] {processor.py:161} INFO - Started process (PID=13078) to work on /home/panda/Documents/ODAP/Project/venv310/lib/python3.10/site-packages/airflow/example_dags/example_time_delta_sensor_async.py
[2025-06-24T00:14:09.998+0700] {processor.py:830} INFO - Processing file /home/panda/Documents/ODAP/Project/venv310/lib/python3.10/site-packages/airflow/example_dags/example_time_delta_sensor_async.py for tasks to queue
[2025-06-24T00:14:10.000+0700] {logging_mixin.py:188} INFO - [2025-06-24T00:14:09.999+0700] {dagbag.py:540} INFO - Filling up the DagBag from /home/panda/Documents/ODAP/Project/venv310/lib/python3.10/site-packages/airflow/example_dags/example_time_delta_sensor_async.py
[2025-06-24T00:14:10.007+0700] {processor.py:840} INFO - DAG(s) 'example_time_delta_sensor_async' retrieved from /home/panda/Documents/ODAP/Project/venv310/lib/python3.10/site-packages/airflow/example_dags/example_time_delta_sensor_async.py
[2025-06-24T00:14:10.027+0700] {logging_mixin.py:188} INFO - [2025-06-24T00:14:10.027+0700] {dag.py:3096} INFO - Sync 1 DAGs
[2025-06-24T00:14:10.039+0700] {logging_mixin.py:188} INFO - [2025-06-24T00:14:10.039+0700] {dag.py:3954} INFO - Setting next_dagrun for example_time_delta_sensor_async to None, run_after=None
[2025-06-24T00:14:10.070+0700] {processor.py:183} INFO - Processing /home/panda/Documents/ODAP/Project/venv310/lib/python3.10/site-packages/airflow/example_dags/example_time_delta_sensor_async.py took 0.084 seconds
[2025-06-24T00:14:55.991+0700] {processor.py:161} INFO - Started process (PID=13247) to work on /home/panda/Documents/ODAP/Project/venv310/lib/python3.10/site-packages/airflow/example_dags/example_time_delta_sensor_async.py
[2025-06-24T00:14:55.996+0700] {processor.py:830} INFO - Processing file /home/panda/Documents/ODAP/Project/venv310/lib/python3.10/site-packages/airflow/example_dags/example_time_delta_sensor_async.py for tasks to queue
[2025-06-24T00:14:55.997+0700] {logging_mixin.py:188} INFO - [2025-06-24T00:14:55.997+0700] {dagbag.py:540} INFO - Filling up the DagBag from /home/panda/Documents/ODAP/Project/venv310/lib/python3.10/site-packages/airflow/example_dags/example_time_delta_sensor_async.py
[2025-06-24T00:14:56.003+0700] {processor.py:840} INFO - DAG(s) 'example_time_delta_sensor_async' retrieved from /home/panda/Documents/ODAP/Project/venv310/lib/python3.10/site-packages/airflow/example_dags/example_time_delta_sensor_async.py
[2025-06-24T00:14:56.021+0700] {logging_mixin.py:188} INFO - [2025-06-24T00:14:56.021+0700] {dag.py:3096} INFO - Sync 1 DAGs
[2025-06-24T00:14:56.032+0700] {logging_mixin.py:188} INFO - [2025-06-24T00:14:56.031+0700] {dag.py:3954} INFO - Setting next_dagrun for example_time_delta_sensor_async to None, run_after=None
[2025-06-24T00:14:56.057+0700] {processor.py:183} INFO - Processing /home/panda/Documents/ODAP/Project/venv310/lib/python3.10/site-packages/airflow/example_dags/example_time_delta_sensor_async.py took 0.073 seconds
[2025-06-24T00:21:34.583+0700] {processor.py:161} INFO - Started process (PID=16599) to work on /home/panda/Documents/ODAP/Project/venv310/lib/python3.10/site-packages/airflow/example_dags/example_time_delta_sensor_async.py
[2025-06-24T00:21:34.588+0700] {processor.py:830} INFO - Processing file /home/panda/Documents/ODAP/Project/venv310/lib/python3.10/site-packages/airflow/example_dags/example_time_delta_sensor_async.py for tasks to queue
[2025-06-24T00:21:34.589+0700] {logging_mixin.py:188} INFO - [2025-06-24T00:21:34.589+0700] {dagbag.py:540} INFO - Filling up the DagBag from /home/panda/Documents/ODAP/Project/venv310/lib/python3.10/site-packages/airflow/example_dags/example_time_delta_sensor_async.py
[2025-06-24T00:21:34.595+0700] {processor.py:840} INFO - DAG(s) 'example_time_delta_sensor_async' retrieved from /home/panda/Documents/ODAP/Project/venv310/lib/python3.10/site-packages/airflow/example_dags/example_time_delta_sensor_async.py
[2025-06-24T00:21:34.617+0700] {logging_mixin.py:188} INFO - [2025-06-24T00:21:34.617+0700] {dag.py:3096} INFO - Sync 1 DAGs
[2025-06-24T00:21:34.631+0700] {logging_mixin.py:188} INFO - [2025-06-24T00:21:34.631+0700] {dag.py:3954} INFO - Setting next_dagrun for example_time_delta_sensor_async to None, run_after=None
[2025-06-24T00:21:34.658+0700] {processor.py:183} INFO - Processing /home/panda/Documents/ODAP/Project/venv310/lib/python3.10/site-packages/airflow/example_dags/example_time_delta_sensor_async.py took 0.083 seconds
[2025-06-24T00:22:26.324+0700] {processor.py:161} INFO - Started process (PID=16809) to work on /home/panda/Documents/ODAP/Project/venv310/lib/python3.10/site-packages/airflow/example_dags/example_time_delta_sensor_async.py
[2025-06-24T00:22:26.329+0700] {processor.py:830} INFO - Processing file /home/panda/Documents/ODAP/Project/venv310/lib/python3.10/site-packages/airflow/example_dags/example_time_delta_sensor_async.py for tasks to queue
[2025-06-24T00:22:26.330+0700] {logging_mixin.py:188} INFO - [2025-06-24T00:22:26.330+0700] {dagbag.py:540} INFO - Filling up the DagBag from /home/panda/Documents/ODAP/Project/venv310/lib/python3.10/site-packages/airflow/example_dags/example_time_delta_sensor_async.py
[2025-06-24T00:22:26.336+0700] {processor.py:840} INFO - DAG(s) 'example_time_delta_sensor_async' retrieved from /home/panda/Documents/ODAP/Project/venv310/lib/python3.10/site-packages/airflow/example_dags/example_time_delta_sensor_async.py
[2025-06-24T00:22:26.355+0700] {logging_mixin.py:188} INFO - [2025-06-24T00:22:26.355+0700] {dag.py:3096} INFO - Sync 1 DAGs
[2025-06-24T00:22:26.369+0700] {logging_mixin.py:188} INFO - [2025-06-24T00:22:26.369+0700] {dag.py:3954} INFO - Setting next_dagrun for example_time_delta_sensor_async to None, run_after=None
[2025-06-24T00:22:26.394+0700] {processor.py:183} INFO - Processing /home/panda/Documents/ODAP/Project/venv310/lib/python3.10/site-packages/airflow/example_dags/example_time_delta_sensor_async.py took 0.078 seconds
[2025-06-24T00:23:27.595+0700] {processor.py:161} INFO - Started process (PID=18265) to work on /home/panda/Documents/ODAP/Project/venv310/lib/python3.10/site-packages/airflow/example_dags/example_time_delta_sensor_async.py
[2025-06-24T00:23:27.596+0700] {processor.py:830} INFO - Processing file /home/panda/Documents/ODAP/Project/venv310/lib/python3.10/site-packages/airflow/example_dags/example_time_delta_sensor_async.py for tasks to queue
[2025-06-24T00:23:27.597+0700] {logging_mixin.py:188} INFO - [2025-06-24T00:23:27.597+0700] {dagbag.py:540} INFO - Filling up the DagBag from /home/panda/Documents/ODAP/Project/venv310/lib/python3.10/site-packages/airflow/example_dags/example_time_delta_sensor_async.py
[2025-06-24T00:23:27.604+0700] {processor.py:840} INFO - DAG(s) 'example_time_delta_sensor_async' retrieved from /home/panda/Documents/ODAP/Project/venv310/lib/python3.10/site-packages/airflow/example_dags/example_time_delta_sensor_async.py
[2025-06-24T00:23:27.624+0700] {logging_mixin.py:188} INFO - [2025-06-24T00:23:27.623+0700] {dag.py:3096} INFO - Sync 1 DAGs
[2025-06-24T00:23:27.637+0700] {logging_mixin.py:188} INFO - [2025-06-24T00:23:27.637+0700] {dag.py:3954} INFO - Setting next_dagrun for example_time_delta_sensor_async to None, run_after=None
[2025-06-24T00:23:27.663+0700] {processor.py:183} INFO - Processing /home/panda/Documents/ODAP/Project/venv310/lib/python3.10/site-packages/airflow/example_dags/example_time_delta_sensor_async.py took 0.076 seconds
[2025-06-24T00:33:46.394+0700] {processor.py:161} INFO - Started process (PID=20261) to work on /home/panda/Documents/ODAP/Project/venv310/lib/python3.10/site-packages/airflow/example_dags/example_time_delta_sensor_async.py
[2025-06-24T00:33:46.399+0700] {processor.py:830} INFO - Processing file /home/panda/Documents/ODAP/Project/venv310/lib/python3.10/site-packages/airflow/example_dags/example_time_delta_sensor_async.py for tasks to queue
[2025-06-24T00:33:46.400+0700] {logging_mixin.py:188} INFO - [2025-06-24T00:33:46.400+0700] {dagbag.py:540} INFO - Filling up the DagBag from /home/panda/Documents/ODAP/Project/venv310/lib/python3.10/site-packages/airflow/example_dags/example_time_delta_sensor_async.py
[2025-06-24T00:33:46.407+0700] {processor.py:840} INFO - DAG(s) 'example_time_delta_sensor_async' retrieved from /home/panda/Documents/ODAP/Project/venv310/lib/python3.10/site-packages/airflow/example_dags/example_time_delta_sensor_async.py
[2025-06-24T00:33:46.432+0700] {logging_mixin.py:188} INFO - [2025-06-24T00:33:46.431+0700] {dag.py:3096} INFO - Sync 1 DAGs
[2025-06-24T00:33:46.449+0700] {logging_mixin.py:188} INFO - [2025-06-24T00:33:46.449+0700] {dag.py:3954} INFO - Setting next_dagrun for example_time_delta_sensor_async to None, run_after=None
[2025-06-24T00:33:46.484+0700] {processor.py:183} INFO - Processing /home/panda/Documents/ODAP/Project/venv310/lib/python3.10/site-packages/airflow/example_dags/example_time_delta_sensor_async.py took 0.099 seconds
[2025-06-24T00:34:40.295+0700] {processor.py:161} INFO - Started process (PID=20422) to work on /home/panda/Documents/ODAP/Project/venv310/lib/python3.10/site-packages/airflow/example_dags/example_time_delta_sensor_async.py
[2025-06-24T00:34:40.301+0700] {processor.py:830} INFO - Processing file /home/panda/Documents/ODAP/Project/venv310/lib/python3.10/site-packages/airflow/example_dags/example_time_delta_sensor_async.py for tasks to queue
[2025-06-24T00:34:40.302+0700] {logging_mixin.py:188} INFO - [2025-06-24T00:34:40.301+0700] {dagbag.py:540} INFO - Filling up the DagBag from /home/panda/Documents/ODAP/Project/venv310/lib/python3.10/site-packages/airflow/example_dags/example_time_delta_sensor_async.py
[2025-06-24T00:34:40.308+0700] {processor.py:840} INFO - DAG(s) 'example_time_delta_sensor_async' retrieved from /home/panda/Documents/ODAP/Project/venv310/lib/python3.10/site-packages/airflow/example_dags/example_time_delta_sensor_async.py
[2025-06-24T00:34:40.326+0700] {logging_mixin.py:188} INFO - [2025-06-24T00:34:40.326+0700] {dag.py:3096} INFO - Sync 1 DAGs
[2025-06-24T00:34:40.337+0700] {logging_mixin.py:188} INFO - [2025-06-24T00:34:40.337+0700] {dag.py:3954} INFO - Setting next_dagrun for example_time_delta_sensor_async to None, run_after=None
[2025-06-24T00:34:40.362+0700] {processor.py:183} INFO - Processing /home/panda/Documents/ODAP/Project/venv310/lib/python3.10/site-packages/airflow/example_dags/example_time_delta_sensor_async.py took 0.074 seconds
[2025-06-24T00:35:33.621+0700] {processor.py:161} INFO - Started process (PID=20568) to work on /home/panda/Documents/ODAP/Project/venv310/lib/python3.10/site-packages/airflow/example_dags/example_time_delta_sensor_async.py
[2025-06-24T00:35:33.628+0700] {processor.py:830} INFO - Processing file /home/panda/Documents/ODAP/Project/venv310/lib/python3.10/site-packages/airflow/example_dags/example_time_delta_sensor_async.py for tasks to queue
[2025-06-24T00:35:33.629+0700] {logging_mixin.py:188} INFO - [2025-06-24T00:35:33.629+0700] {dagbag.py:540} INFO - Filling up the DagBag from /home/panda/Documents/ODAP/Project/venv310/lib/python3.10/site-packages/airflow/example_dags/example_time_delta_sensor_async.py
[2025-06-24T00:35:33.635+0700] {processor.py:840} INFO - DAG(s) 'example_time_delta_sensor_async' retrieved from /home/panda/Documents/ODAP/Project/venv310/lib/python3.10/site-packages/airflow/example_dags/example_time_delta_sensor_async.py
[2025-06-24T00:35:33.654+0700] {logging_mixin.py:188} INFO - [2025-06-24T00:35:33.653+0700] {dag.py:3096} INFO - Sync 1 DAGs
[2025-06-24T00:35:33.666+0700] {logging_mixin.py:188} INFO - [2025-06-24T00:35:33.665+0700] {dag.py:3954} INFO - Setting next_dagrun for example_time_delta_sensor_async to None, run_after=None
[2025-06-24T00:35:33.694+0700] {processor.py:183} INFO - Processing /home/panda/Documents/ODAP/Project/venv310/lib/python3.10/site-packages/airflow/example_dags/example_time_delta_sensor_async.py took 0.080 seconds
[2025-06-24T00:36:20.307+0700] {processor.py:161} INFO - Started process (PID=20877) to work on /home/panda/Documents/ODAP/Project/venv310/lib/python3.10/site-packages/airflow/example_dags/example_time_delta_sensor_async.py
[2025-06-24T00:36:20.311+0700] {processor.py:830} INFO - Processing file /home/panda/Documents/ODAP/Project/venv310/lib/python3.10/site-packages/airflow/example_dags/example_time_delta_sensor_async.py for tasks to queue
[2025-06-24T00:36:20.313+0700] {logging_mixin.py:188} INFO - [2025-06-24T00:36:20.312+0700] {dagbag.py:540} INFO - Filling up the DagBag from /home/panda/Documents/ODAP/Project/venv310/lib/python3.10/site-packages/airflow/example_dags/example_time_delta_sensor_async.py
[2025-06-24T00:36:20.319+0700] {processor.py:840} INFO - DAG(s) 'example_time_delta_sensor_async' retrieved from /home/panda/Documents/ODAP/Project/venv310/lib/python3.10/site-packages/airflow/example_dags/example_time_delta_sensor_async.py
[2025-06-24T00:36:20.339+0700] {logging_mixin.py:188} INFO - [2025-06-24T00:36:20.339+0700] {dag.py:3096} INFO - Sync 1 DAGs
[2025-06-24T00:36:20.353+0700] {logging_mixin.py:188} INFO - [2025-06-24T00:36:20.353+0700] {dag.py:3954} INFO - Setting next_dagrun for example_time_delta_sensor_async to None, run_after=None
[2025-06-24T00:36:20.388+0700] {processor.py:183} INFO - Processing /home/panda/Documents/ODAP/Project/venv310/lib/python3.10/site-packages/airflow/example_dags/example_time_delta_sensor_async.py took 0.089 seconds
[2025-06-24T00:37:09.183+0700] {processor.py:161} INFO - Started process (PID=21182) to work on /home/panda/Documents/ODAP/Project/venv310/lib/python3.10/site-packages/airflow/example_dags/example_time_delta_sensor_async.py
[2025-06-24T00:37:09.186+0700] {processor.py:830} INFO - Processing file /home/panda/Documents/ODAP/Project/venv310/lib/python3.10/site-packages/airflow/example_dags/example_time_delta_sensor_async.py for tasks to queue
[2025-06-24T00:37:09.188+0700] {logging_mixin.py:188} INFO - [2025-06-24T00:37:09.187+0700] {dagbag.py:540} INFO - Filling up the DagBag from /home/panda/Documents/ODAP/Project/venv310/lib/python3.10/site-packages/airflow/example_dags/example_time_delta_sensor_async.py
[2025-06-24T00:37:09.195+0700] {processor.py:840} INFO - DAG(s) 'example_time_delta_sensor_async' retrieved from /home/panda/Documents/ODAP/Project/venv310/lib/python3.10/site-packages/airflow/example_dags/example_time_delta_sensor_async.py
[2025-06-24T00:37:09.216+0700] {logging_mixin.py:188} INFO - [2025-06-24T00:37:09.216+0700] {dag.py:3096} INFO - Sync 1 DAGs
[2025-06-24T00:37:09.230+0700] {logging_mixin.py:188} INFO - [2025-06-24T00:37:09.230+0700] {dag.py:3954} INFO - Setting next_dagrun for example_time_delta_sensor_async to None, run_after=None
[2025-06-24T00:37:09.266+0700] {processor.py:183} INFO - Processing /home/panda/Documents/ODAP/Project/venv310/lib/python3.10/site-packages/airflow/example_dags/example_time_delta_sensor_async.py took 0.092 seconds
[2025-06-24T00:52:45.527+0700] {processor.py:161} INFO - Started process (PID=25146) to work on /home/panda/Documents/ODAP/Project/venv310/lib/python3.10/site-packages/airflow/example_dags/example_time_delta_sensor_async.py
[2025-06-24T00:52:45.532+0700] {processor.py:830} INFO - Processing file /home/panda/Documents/ODAP/Project/venv310/lib/python3.10/site-packages/airflow/example_dags/example_time_delta_sensor_async.py for tasks to queue
[2025-06-24T00:52:45.533+0700] {logging_mixin.py:188} INFO - [2025-06-24T00:52:45.532+0700] {dagbag.py:540} INFO - Filling up the DagBag from /home/panda/Documents/ODAP/Project/venv310/lib/python3.10/site-packages/airflow/example_dags/example_time_delta_sensor_async.py
[2025-06-24T00:52:45.539+0700] {processor.py:840} INFO - DAG(s) 'example_time_delta_sensor_async' retrieved from /home/panda/Documents/ODAP/Project/venv310/lib/python3.10/site-packages/airflow/example_dags/example_time_delta_sensor_async.py
[2025-06-24T00:52:45.560+0700] {logging_mixin.py:188} INFO - [2025-06-24T00:52:45.560+0700] {dag.py:3096} INFO - Sync 1 DAGs
[2025-06-24T00:52:45.573+0700] {logging_mixin.py:188} INFO - [2025-06-24T00:52:45.572+0700] {dag.py:3954} INFO - Setting next_dagrun for example_time_delta_sensor_async to None, run_after=None
[2025-06-24T00:52:45.604+0700] {processor.py:183} INFO - Processing /home/panda/Documents/ODAP/Project/venv310/lib/python3.10/site-packages/airflow/example_dags/example_time_delta_sensor_async.py took 0.085 seconds
[2025-06-24T00:53:38.643+0700] {processor.py:161} INFO - Started process (PID=25320) to work on /home/panda/Documents/ODAP/Project/venv310/lib/python3.10/site-packages/airflow/example_dags/example_time_delta_sensor_async.py
[2025-06-24T00:53:38.648+0700] {processor.py:830} INFO - Processing file /home/panda/Documents/ODAP/Project/venv310/lib/python3.10/site-packages/airflow/example_dags/example_time_delta_sensor_async.py for tasks to queue
[2025-06-24T00:53:38.649+0700] {logging_mixin.py:188} INFO - [2025-06-24T00:53:38.649+0700] {dagbag.py:540} INFO - Filling up the DagBag from /home/panda/Documents/ODAP/Project/venv310/lib/python3.10/site-packages/airflow/example_dags/example_time_delta_sensor_async.py
[2025-06-24T00:53:38.655+0700] {processor.py:840} INFO - DAG(s) 'example_time_delta_sensor_async' retrieved from /home/panda/Documents/ODAP/Project/venv310/lib/python3.10/site-packages/airflow/example_dags/example_time_delta_sensor_async.py
[2025-06-24T00:53:38.676+0700] {logging_mixin.py:188} INFO - [2025-06-24T00:53:38.675+0700] {dag.py:3096} INFO - Sync 1 DAGs
[2025-06-24T00:53:38.689+0700] {logging_mixin.py:188} INFO - [2025-06-24T00:53:38.689+0700] {dag.py:3954} INFO - Setting next_dagrun for example_time_delta_sensor_async to None, run_after=None
[2025-06-24T00:53:38.719+0700] {processor.py:183} INFO - Processing /home/panda/Documents/ODAP/Project/venv310/lib/python3.10/site-packages/airflow/example_dags/example_time_delta_sensor_async.py took 0.084 seconds
[2025-06-24T00:54:31.529+0700] {processor.py:161} INFO - Started process (PID=25623) to work on /home/panda/Documents/ODAP/Project/venv310/lib/python3.10/site-packages/airflow/example_dags/example_time_delta_sensor_async.py
[2025-06-24T00:54:31.532+0700] {processor.py:830} INFO - Processing file /home/panda/Documents/ODAP/Project/venv310/lib/python3.10/site-packages/airflow/example_dags/example_time_delta_sensor_async.py for tasks to queue
[2025-06-24T00:54:31.533+0700] {logging_mixin.py:188} INFO - [2025-06-24T00:54:31.532+0700] {dagbag.py:540} INFO - Filling up the DagBag from /home/panda/Documents/ODAP/Project/venv310/lib/python3.10/site-packages/airflow/example_dags/example_time_delta_sensor_async.py
[2025-06-24T00:54:31.539+0700] {processor.py:840} INFO - DAG(s) 'example_time_delta_sensor_async' retrieved from /home/panda/Documents/ODAP/Project/venv310/lib/python3.10/site-packages/airflow/example_dags/example_time_delta_sensor_async.py
[2025-06-24T00:54:31.560+0700] {logging_mixin.py:188} INFO - [2025-06-24T00:54:31.559+0700] {dag.py:3096} INFO - Sync 1 DAGs
[2025-06-24T00:54:31.573+0700] {logging_mixin.py:188} INFO - [2025-06-24T00:54:31.573+0700] {dag.py:3954} INFO - Setting next_dagrun for example_time_delta_sensor_async to None, run_after=None
[2025-06-24T00:54:31.601+0700] {processor.py:183} INFO - Processing /home/panda/Documents/ODAP/Project/venv310/lib/python3.10/site-packages/airflow/example_dags/example_time_delta_sensor_async.py took 0.080 seconds
[2025-06-24T01:03:20.216+0700] {processor.py:161} INFO - Started process (PID=28591) to work on /home/panda/Documents/ODAP/Project/venv310/lib/python3.10/site-packages/airflow/example_dags/example_time_delta_sensor_async.py
[2025-06-24T01:03:20.222+0700] {processor.py:830} INFO - Processing file /home/panda/Documents/ODAP/Project/venv310/lib/python3.10/site-packages/airflow/example_dags/example_time_delta_sensor_async.py for tasks to queue
[2025-06-24T01:03:20.223+0700] {logging_mixin.py:188} INFO - [2025-06-24T01:03:20.223+0700] {dagbag.py:540} INFO - Filling up the DagBag from /home/panda/Documents/ODAP/Project/venv310/lib/python3.10/site-packages/airflow/example_dags/example_time_delta_sensor_async.py
[2025-06-24T01:03:20.230+0700] {processor.py:840} INFO - DAG(s) 'example_time_delta_sensor_async' retrieved from /home/panda/Documents/ODAP/Project/venv310/lib/python3.10/site-packages/airflow/example_dags/example_time_delta_sensor_async.py
[2025-06-24T01:03:20.253+0700] {logging_mixin.py:188} INFO - [2025-06-24T01:03:20.253+0700] {dag.py:3096} INFO - Sync 1 DAGs
[2025-06-24T01:03:20.267+0700] {logging_mixin.py:188} INFO - [2025-06-24T01:03:20.267+0700] {dag.py:3954} INFO - Setting next_dagrun for example_time_delta_sensor_async to None, run_after=None
[2025-06-24T01:03:20.297+0700] {processor.py:183} INFO - Processing /home/panda/Documents/ODAP/Project/venv310/lib/python3.10/site-packages/airflow/example_dags/example_time_delta_sensor_async.py took 0.088 seconds
[2025-06-24T01:04:13.126+0700] {processor.py:161} INFO - Started process (PID=28773) to work on /home/panda/Documents/ODAP/Project/venv310/lib/python3.10/site-packages/airflow/example_dags/example_time_delta_sensor_async.py
[2025-06-24T01:04:13.128+0700] {processor.py:830} INFO - Processing file /home/panda/Documents/ODAP/Project/venv310/lib/python3.10/site-packages/airflow/example_dags/example_time_delta_sensor_async.py for tasks to queue
[2025-06-24T01:04:13.129+0700] {logging_mixin.py:188} INFO - [2025-06-24T01:04:13.128+0700] {dagbag.py:540} INFO - Filling up the DagBag from /home/panda/Documents/ODAP/Project/venv310/lib/python3.10/site-packages/airflow/example_dags/example_time_delta_sensor_async.py
[2025-06-24T01:04:13.135+0700] {processor.py:840} INFO - DAG(s) 'example_time_delta_sensor_async' retrieved from /home/panda/Documents/ODAP/Project/venv310/lib/python3.10/site-packages/airflow/example_dags/example_time_delta_sensor_async.py
[2025-06-24T01:04:13.192+0700] {logging_mixin.py:188} INFO - [2025-06-24T01:04:13.192+0700] {dag.py:3096} INFO - Sync 1 DAGs
[2025-06-24T01:04:13.219+0700] {logging_mixin.py:188} INFO - [2025-06-24T01:04:13.218+0700] {dag.py:3954} INFO - Setting next_dagrun for example_time_delta_sensor_async to None, run_after=None
[2025-06-24T01:04:13.264+0700] {processor.py:183} INFO - Processing /home/panda/Documents/ODAP/Project/venv310/lib/python3.10/site-packages/airflow/example_dags/example_time_delta_sensor_async.py took 0.145 seconds
