[2025-06-24T00:02:21.286+0700] {processor.py:161} INFO - Started process (PID=5770) to work on /home/panda/Documents/ODAP/Project/venv310/lib/python3.10/site-packages/airflow/example_dags/example_kubernetes_executor.py
[2025-06-24T00:02:21.287+0700] {processor.py:830} INFO - Processing file /home/panda/Documents/ODAP/Project/venv310/lib/python3.10/site-packages/airflow/example_dags/example_kubernetes_executor.py for tasks to queue
[2025-06-24T00:02:21.289+0700] {logging_mixin.py:188} INFO - [2025-06-24T00:02:21.288+0700] {dagbag.py:540} INFO - Filling up the DagBag from /home/panda/Documents/ODAP/Project/venv310/lib/python3.10/site-packages/airflow/example_dags/example_kubernetes_executor.py
[2025-06-24T00:02:21.293+0700] {logging_mixin.py:188} INFO - [2025-06-24T00:02:21.293+0700] {example_kubernetes_executor.py:39} WARNING - The example_kubernetes_executor example DAG requires the kubernetes provider. Please install it with: pip install apache-airflow[cncf.kubernetes]
[2025-06-24T00:02:21.293+0700] {processor.py:842} WARNING - No viable dags retrieved from /home/panda/Documents/ODAP/Project/venv310/lib/python3.10/site-packages/airflow/example_dags/example_kubernetes_executor.py
[2025-06-24T00:02:21.307+0700] {processor.py:183} INFO - Processing /home/panda/Documents/ODAP/Project/venv310/lib/python3.10/site-packages/airflow/example_dags/example_kubernetes_executor.py took 0.030 seconds
[2025-06-24T00:03:15.416+0700] {processor.py:161} INFO - Started process (PID=6266) to work on /home/panda/Documents/ODAP/Project/venv310/lib/python3.10/site-packages/airflow/example_dags/example_kubernetes_executor.py
[2025-06-24T00:03:15.417+0700] {processor.py:830} INFO - Processing file /home/panda/Documents/ODAP/Project/venv310/lib/python3.10/site-packages/airflow/example_dags/example_kubernetes_executor.py for tasks to queue
[2025-06-24T00:03:15.419+0700] {logging_mixin.py:188} INFO - [2025-06-24T00:03:15.418+0700] {dagbag.py:540} INFO - Filling up the DagBag from /home/panda/Documents/ODAP/Project/venv310/lib/python3.10/site-packages/airflow/example_dags/example_kubernetes_executor.py
[2025-06-24T00:03:15.421+0700] {logging_mixin.py:188} INFO - [2025-06-24T00:03:15.421+0700] {example_kubernetes_executor.py:39} WARNING - The example_kubernetes_executor example DAG requires the kubernetes provider. Please install it with: pip install apache-airflow[cncf.kubernetes]
[2025-06-24T00:03:15.421+0700] {processor.py:842} WARNING - No viable dags retrieved from /home/panda/Documents/ODAP/Project/venv310/lib/python3.10/site-packages/airflow/example_dags/example_kubernetes_executor.py
[2025-06-24T00:03:15.431+0700] {processor.py:183} INFO - Processing /home/panda/Documents/ODAP/Project/venv310/lib/python3.10/site-packages/airflow/example_dags/example_kubernetes_executor.py took 0.020 seconds
[2025-06-24T00:04:11.765+0700] {processor.py:161} INFO - Started process (PID=6784) to work on /home/panda/Documents/ODAP/Project/venv310/lib/python3.10/site-packages/airflow/example_dags/example_kubernetes_executor.py
[2025-06-24T00:04:11.770+0700] {processor.py:830} INFO - Processing file /home/panda/Documents/ODAP/Project/venv310/lib/python3.10/site-packages/airflow/example_dags/example_kubernetes_executor.py for tasks to queue
[2025-06-24T00:04:11.772+0700] {logging_mixin.py:188} INFO - [2025-06-24T00:04:11.771+0700] {dagbag.py:540} INFO - Filling up the DagBag from /home/panda/Documents/ODAP/Project/venv310/lib/python3.10/site-packages/airflow/example_dags/example_kubernetes_executor.py
[2025-06-24T00:04:11.775+0700] {logging_mixin.py:188} INFO - [2025-06-24T00:04:11.775+0700] {example_kubernetes_executor.py:39} WARNING - The example_kubernetes_executor example DAG requires the kubernetes provider. Please install it with: pip install apache-airflow[cncf.kubernetes]
[2025-06-24T00:04:11.776+0700] {processor.py:842} WARNING - No viable dags retrieved from /home/panda/Documents/ODAP/Project/venv310/lib/python3.10/site-packages/airflow/example_dags/example_kubernetes_executor.py
[2025-06-24T00:04:11.939+0700] {processor.py:183} INFO - Processing /home/panda/Documents/ODAP/Project/venv310/lib/python3.10/site-packages/airflow/example_dags/example_kubernetes_executor.py took 0.181 seconds
[2025-06-24T00:05:02.047+0700] {processor.py:161} INFO - Started process (PID=6927) to work on /home/panda/Documents/ODAP/Project/venv310/lib/python3.10/site-packages/airflow/example_dags/example_kubernetes_executor.py
[2025-06-24T00:05:02.051+0700] {processor.py:830} INFO - Processing file /home/panda/Documents/ODAP/Project/venv310/lib/python3.10/site-packages/airflow/example_dags/example_kubernetes_executor.py for tasks to queue
[2025-06-24T00:05:02.054+0700] {logging_mixin.py:188} INFO - [2025-06-24T00:05:02.053+0700] {dagbag.py:540} INFO - Filling up the DagBag from /home/panda/Documents/ODAP/Project/venv310/lib/python3.10/site-packages/airflow/example_dags/example_kubernetes_executor.py
[2025-06-24T00:05:02.058+0700] {logging_mixin.py:188} INFO - [2025-06-24T00:05:02.058+0700] {example_kubernetes_executor.py:39} WARNING - The example_kubernetes_executor example DAG requires the kubernetes provider. Please install it with: pip install apache-airflow[cncf.kubernetes]
[2025-06-24T00:05:02.058+0700] {processor.py:842} WARNING - No viable dags retrieved from /home/panda/Documents/ODAP/Project/venv310/lib/python3.10/site-packages/airflow/example_dags/example_kubernetes_executor.py
[2025-06-24T00:05:02.073+0700] {processor.py:183} INFO - Processing /home/panda/Documents/ODAP/Project/venv310/lib/python3.10/site-packages/airflow/example_dags/example_kubernetes_executor.py took 0.034 seconds
[2025-06-24T00:07:28.456+0700] {processor.py:161} INFO - Started process (PID=8151) to work on /home/panda/Documents/ODAP/Project/venv310/lib/python3.10/site-packages/airflow/example_dags/example_kubernetes_executor.py
[2025-06-24T00:07:28.461+0700] {processor.py:830} INFO - Processing file /home/panda/Documents/ODAP/Project/venv310/lib/python3.10/site-packages/airflow/example_dags/example_kubernetes_executor.py for tasks to queue
[2025-06-24T00:07:28.462+0700] {logging_mixin.py:188} INFO - [2025-06-24T00:07:28.462+0700] {dagbag.py:540} INFO - Filling up the DagBag from /home/panda/Documents/ODAP/Project/venv310/lib/python3.10/site-packages/airflow/example_dags/example_kubernetes_executor.py
[2025-06-24T00:07:28.466+0700] {logging_mixin.py:188} INFO - [2025-06-24T00:07:28.466+0700] {example_kubernetes_executor.py:39} WARNING - The example_kubernetes_executor example DAG requires the kubernetes provider. Please install it with: pip install apache-airflow[cncf.kubernetes]
[2025-06-24T00:07:28.467+0700] {processor.py:842} WARNING - No viable dags retrieved from /home/panda/Documents/ODAP/Project/venv310/lib/python3.10/site-packages/airflow/example_dags/example_kubernetes_executor.py
[2025-06-24T00:07:28.479+0700] {processor.py:183} INFO - Processing /home/panda/Documents/ODAP/Project/venv310/lib/python3.10/site-packages/airflow/example_dags/example_kubernetes_executor.py took 0.030 seconds
[2025-06-24T00:08:54.679+0700] {processor.py:161} INFO - Started process (PID=10717) to work on /home/panda/Documents/ODAP/Project/venv310/lib/python3.10/site-packages/airflow/example_dags/example_kubernetes_executor.py
[2025-06-24T00:08:54.684+0700] {processor.py:830} INFO - Processing file /home/panda/Documents/ODAP/Project/venv310/lib/python3.10/site-packages/airflow/example_dags/example_kubernetes_executor.py for tasks to queue
[2025-06-24T00:08:54.685+0700] {logging_mixin.py:188} INFO - [2025-06-24T00:08:54.685+0700] {dagbag.py:540} INFO - Filling up the DagBag from /home/panda/Documents/ODAP/Project/venv310/lib/python3.10/site-packages/airflow/example_dags/example_kubernetes_executor.py
[2025-06-24T00:08:54.689+0700] {logging_mixin.py:188} INFO - [2025-06-24T00:08:54.688+0700] {example_kubernetes_executor.py:39} WARNING - The example_kubernetes_executor example DAG requires the kubernetes provider. Please install it with: pip install apache-airflow[cncf.kubernetes]
[2025-06-24T00:08:54.689+0700] {processor.py:842} WARNING - No viable dags retrieved from /home/panda/Documents/ODAP/Project/venv310/lib/python3.10/site-packages/airflow/example_dags/example_kubernetes_executor.py
[2025-06-24T00:08:54.703+0700] {processor.py:183} INFO - Processing /home/panda/Documents/ODAP/Project/venv310/lib/python3.10/site-packages/airflow/example_dags/example_kubernetes_executor.py took 0.032 seconds
[2025-06-24T00:09:46.447+0700] {processor.py:161} INFO - Started process (PID=10852) to work on /home/panda/Documents/ODAP/Project/venv310/lib/python3.10/site-packages/airflow/example_dags/example_kubernetes_executor.py
[2025-06-24T00:09:46.452+0700] {processor.py:830} INFO - Processing file /home/panda/Documents/ODAP/Project/venv310/lib/python3.10/site-packages/airflow/example_dags/example_kubernetes_executor.py for tasks to queue
[2025-06-24T00:09:46.453+0700] {logging_mixin.py:188} INFO - [2025-06-24T00:09:46.452+0700] {dagbag.py:540} INFO - Filling up the DagBag from /home/panda/Documents/ODAP/Project/venv310/lib/python3.10/site-packages/airflow/example_dags/example_kubernetes_executor.py
[2025-06-24T00:09:46.456+0700] {logging_mixin.py:188} INFO - [2025-06-24T00:09:46.456+0700] {example_kubernetes_executor.py:39} WARNING - The example_kubernetes_executor example DAG requires the kubernetes provider. Please install it with: pip install apache-airflow[cncf.kubernetes]
[2025-06-24T00:09:46.457+0700] {processor.py:842} WARNING - No viable dags retrieved from /home/panda/Documents/ODAP/Project/venv310/lib/python3.10/site-packages/airflow/example_dags/example_kubernetes_executor.py
[2025-06-24T00:09:46.470+0700] {processor.py:183} INFO - Processing /home/panda/Documents/ODAP/Project/venv310/lib/python3.10/site-packages/airflow/example_dags/example_kubernetes_executor.py took 0.029 seconds
[2025-06-24T00:10:39.738+0700] {processor.py:161} INFO - Started process (PID=11009) to work on /home/panda/Documents/ODAP/Project/venv310/lib/python3.10/site-packages/airflow/example_dags/example_kubernetes_executor.py
[2025-06-24T00:10:39.743+0700] {processor.py:830} INFO - Processing file /home/panda/Documents/ODAP/Project/venv310/lib/python3.10/site-packages/airflow/example_dags/example_kubernetes_executor.py for tasks to queue
[2025-06-24T00:10:39.744+0700] {logging_mixin.py:188} INFO - [2025-06-24T00:10:39.743+0700] {dagbag.py:540} INFO - Filling up the DagBag from /home/panda/Documents/ODAP/Project/venv310/lib/python3.10/site-packages/airflow/example_dags/example_kubernetes_executor.py
[2025-06-24T00:10:39.747+0700] {logging_mixin.py:188} INFO - [2025-06-24T00:10:39.747+0700] {example_kubernetes_executor.py:39} WARNING - The example_kubernetes_executor example DAG requires the kubernetes provider. Please install it with: pip install apache-airflow[cncf.kubernetes]
[2025-06-24T00:10:39.748+0700] {processor.py:842} WARNING - No viable dags retrieved from /home/panda/Documents/ODAP/Project/venv310/lib/python3.10/site-packages/airflow/example_dags/example_kubernetes_executor.py
[2025-06-24T00:10:39.761+0700] {processor.py:183} INFO - Processing /home/panda/Documents/ODAP/Project/venv310/lib/python3.10/site-packages/airflow/example_dags/example_kubernetes_executor.py took 0.031 seconds
[2025-06-24T00:11:51.611+0700] {processor.py:161} INFO - Started process (PID=12495) to work on /home/panda/Documents/ODAP/Project/venv310/lib/python3.10/site-packages/airflow/example_dags/example_kubernetes_executor.py
[2025-06-24T00:11:51.614+0700] {processor.py:830} INFO - Processing file /home/panda/Documents/ODAP/Project/venv310/lib/python3.10/site-packages/airflow/example_dags/example_kubernetes_executor.py for tasks to queue
[2025-06-24T00:11:51.615+0700] {logging_mixin.py:188} INFO - [2025-06-24T00:11:51.615+0700] {dagbag.py:540} INFO - Filling up the DagBag from /home/panda/Documents/ODAP/Project/venv310/lib/python3.10/site-packages/airflow/example_dags/example_kubernetes_executor.py
[2025-06-24T00:11:51.620+0700] {logging_mixin.py:188} INFO - [2025-06-24T00:11:51.620+0700] {example_kubernetes_executor.py:39} WARNING - The example_kubernetes_executor example DAG requires the kubernetes provider. Please install it with: pip install apache-airflow[cncf.kubernetes]
[2025-06-24T00:11:51.620+0700] {processor.py:842} WARNING - No viable dags retrieved from /home/panda/Documents/ODAP/Project/venv310/lib/python3.10/site-packages/airflow/example_dags/example_kubernetes_executor.py
[2025-06-24T00:11:51.634+0700] {processor.py:183} INFO - Processing /home/panda/Documents/ODAP/Project/venv310/lib/python3.10/site-packages/airflow/example_dags/example_kubernetes_executor.py took 0.030 seconds
[2025-06-24T00:12:43.424+0700] {processor.py:161} INFO - Started process (PID=12701) to work on /home/panda/Documents/ODAP/Project/venv310/lib/python3.10/site-packages/airflow/example_dags/example_kubernetes_executor.py
[2025-06-24T00:12:43.428+0700] {processor.py:830} INFO - Processing file /home/panda/Documents/ODAP/Project/venv310/lib/python3.10/site-packages/airflow/example_dags/example_kubernetes_executor.py for tasks to queue
[2025-06-24T00:12:43.429+0700] {logging_mixin.py:188} INFO - [2025-06-24T00:12:43.429+0700] {dagbag.py:540} INFO - Filling up the DagBag from /home/panda/Documents/ODAP/Project/venv310/lib/python3.10/site-packages/airflow/example_dags/example_kubernetes_executor.py
[2025-06-24T00:12:43.433+0700] {logging_mixin.py:188} INFO - [2025-06-24T00:12:43.433+0700] {example_kubernetes_executor.py:39} WARNING - The example_kubernetes_executor example DAG requires the kubernetes provider. Please install it with: pip install apache-airflow[cncf.kubernetes]
[2025-06-24T00:12:43.433+0700] {processor.py:842} WARNING - No viable dags retrieved from /home/panda/Documents/ODAP/Project/venv310/lib/python3.10/site-packages/airflow/example_dags/example_kubernetes_executor.py
[2025-06-24T00:12:43.446+0700] {processor.py:183} INFO - Processing /home/panda/Documents/ODAP/Project/venv310/lib/python3.10/site-packages/airflow/example_dags/example_kubernetes_executor.py took 0.029 seconds
[2025-06-24T00:13:47.651+0700] {processor.py:161} INFO - Started process (PID=12903) to work on /home/panda/Documents/ODAP/Project/venv310/lib/python3.10/site-packages/airflow/example_dags/example_kubernetes_executor.py
[2025-06-24T00:13:47.656+0700] {processor.py:830} INFO - Processing file /home/panda/Documents/ODAP/Project/venv310/lib/python3.10/site-packages/airflow/example_dags/example_kubernetes_executor.py for tasks to queue
[2025-06-24T00:13:47.657+0700] {logging_mixin.py:188} INFO - [2025-06-24T00:13:47.657+0700] {dagbag.py:540} INFO - Filling up the DagBag from /home/panda/Documents/ODAP/Project/venv310/lib/python3.10/site-packages/airflow/example_dags/example_kubernetes_executor.py
[2025-06-24T00:13:47.661+0700] {logging_mixin.py:188} INFO - [2025-06-24T00:13:47.661+0700] {example_kubernetes_executor.py:39} WARNING - The example_kubernetes_executor example DAG requires the kubernetes provider. Please install it with: pip install apache-airflow[cncf.kubernetes]
[2025-06-24T00:13:47.661+0700] {processor.py:842} WARNING - No viable dags retrieved from /home/panda/Documents/ODAP/Project/venv310/lib/python3.10/site-packages/airflow/example_dags/example_kubernetes_executor.py
[2025-06-24T00:13:47.675+0700] {processor.py:183} INFO - Processing /home/panda/Documents/ODAP/Project/venv310/lib/python3.10/site-packages/airflow/example_dags/example_kubernetes_executor.py took 0.031 seconds
[2025-06-24T00:14:31.878+0700] {processor.py:161} INFO - Started process (PID=13151) to work on /home/panda/Documents/ODAP/Project/venv310/lib/python3.10/site-packages/airflow/example_dags/example_kubernetes_executor.py
[2025-06-24T00:14:31.883+0700] {processor.py:830} INFO - Processing file /home/panda/Documents/ODAP/Project/venv310/lib/python3.10/site-packages/airflow/example_dags/example_kubernetes_executor.py for tasks to queue
[2025-06-24T00:14:31.884+0700] {logging_mixin.py:188} INFO - [2025-06-24T00:14:31.883+0700] {dagbag.py:540} INFO - Filling up the DagBag from /home/panda/Documents/ODAP/Project/venv310/lib/python3.10/site-packages/airflow/example_dags/example_kubernetes_executor.py
[2025-06-24T00:14:31.887+0700] {logging_mixin.py:188} INFO - [2025-06-24T00:14:31.887+0700] {example_kubernetes_executor.py:39} WARNING - The example_kubernetes_executor example DAG requires the kubernetes provider. Please install it with: pip install apache-airflow[cncf.kubernetes]
[2025-06-24T00:14:31.887+0700] {processor.py:842} WARNING - No viable dags retrieved from /home/panda/Documents/ODAP/Project/venv310/lib/python3.10/site-packages/airflow/example_dags/example_kubernetes_executor.py
[2025-06-24T00:14:31.901+0700] {processor.py:183} INFO - Processing /home/panda/Documents/ODAP/Project/venv310/lib/python3.10/site-packages/airflow/example_dags/example_kubernetes_executor.py took 0.030 seconds
[2025-06-24T00:21:38.790+0700] {processor.py:161} INFO - Started process (PID=16613) to work on /home/panda/Documents/ODAP/Project/venv310/lib/python3.10/site-packages/airflow/example_dags/example_kubernetes_executor.py
[2025-06-24T00:21:38.795+0700] {processor.py:830} INFO - Processing file /home/panda/Documents/ODAP/Project/venv310/lib/python3.10/site-packages/airflow/example_dags/example_kubernetes_executor.py for tasks to queue
[2025-06-24T00:21:38.796+0700] {logging_mixin.py:188} INFO - [2025-06-24T00:21:38.796+0700] {dagbag.py:540} INFO - Filling up the DagBag from /home/panda/Documents/ODAP/Project/venv310/lib/python3.10/site-packages/airflow/example_dags/example_kubernetes_executor.py
[2025-06-24T00:21:38.800+0700] {logging_mixin.py:188} INFO - [2025-06-24T00:21:38.800+0700] {example_kubernetes_executor.py:39} WARNING - The example_kubernetes_executor example DAG requires the kubernetes provider. Please install it with: pip install apache-airflow[cncf.kubernetes]
[2025-06-24T00:21:38.800+0700] {processor.py:842} WARNING - No viable dags retrieved from /home/panda/Documents/ODAP/Project/venv310/lib/python3.10/site-packages/airflow/example_dags/example_kubernetes_executor.py
[2025-06-24T00:21:38.814+0700] {processor.py:183} INFO - Processing /home/panda/Documents/ODAP/Project/venv310/lib/python3.10/site-packages/airflow/example_dags/example_kubernetes_executor.py took 0.032 seconds
[2025-06-24T00:22:30.394+0700] {processor.py:161} INFO - Started process (PID=16836) to work on /home/panda/Documents/ODAP/Project/venv310/lib/python3.10/site-packages/airflow/example_dags/example_kubernetes_executor.py
[2025-06-24T00:22:30.399+0700] {processor.py:830} INFO - Processing file /home/panda/Documents/ODAP/Project/venv310/lib/python3.10/site-packages/airflow/example_dags/example_kubernetes_executor.py for tasks to queue
[2025-06-24T00:22:30.401+0700] {logging_mixin.py:188} INFO - [2025-06-24T00:22:30.400+0700] {dagbag.py:540} INFO - Filling up the DagBag from /home/panda/Documents/ODAP/Project/venv310/lib/python3.10/site-packages/airflow/example_dags/example_kubernetes_executor.py
[2025-06-24T00:22:30.405+0700] {logging_mixin.py:188} INFO - [2025-06-24T00:22:30.405+0700] {example_kubernetes_executor.py:39} WARNING - The example_kubernetes_executor example DAG requires the kubernetes provider. Please install it with: pip install apache-airflow[cncf.kubernetes]
[2025-06-24T00:22:30.405+0700] {processor.py:842} WARNING - No viable dags retrieved from /home/panda/Documents/ODAP/Project/venv310/lib/python3.10/site-packages/airflow/example_dags/example_kubernetes_executor.py
[2025-06-24T00:22:30.420+0700] {processor.py:183} INFO - Processing /home/panda/Documents/ODAP/Project/venv310/lib/python3.10/site-packages/airflow/example_dags/example_kubernetes_executor.py took 0.033 seconds
[2025-06-24T00:33:50.398+0700] {processor.py:161} INFO - Started process (PID=20287) to work on /home/panda/Documents/ODAP/Project/venv310/lib/python3.10/site-packages/airflow/example_dags/example_kubernetes_executor.py
[2025-06-24T00:33:50.403+0700] {processor.py:830} INFO - Processing file /home/panda/Documents/ODAP/Project/venv310/lib/python3.10/site-packages/airflow/example_dags/example_kubernetes_executor.py for tasks to queue
[2025-06-24T00:33:50.404+0700] {logging_mixin.py:188} INFO - [2025-06-24T00:33:50.404+0700] {dagbag.py:540} INFO - Filling up the DagBag from /home/panda/Documents/ODAP/Project/venv310/lib/python3.10/site-packages/airflow/example_dags/example_kubernetes_executor.py
[2025-06-24T00:33:50.408+0700] {logging_mixin.py:188} INFO - [2025-06-24T00:33:50.408+0700] {example_kubernetes_executor.py:39} WARNING - The example_kubernetes_executor example DAG requires the kubernetes provider. Please install it with: pip install apache-airflow[cncf.kubernetes]
[2025-06-24T00:33:50.409+0700] {processor.py:842} WARNING - No viable dags retrieved from /home/panda/Documents/ODAP/Project/venv310/lib/python3.10/site-packages/airflow/example_dags/example_kubernetes_executor.py
[2025-06-24T00:33:50.421+0700] {processor.py:183} INFO - Processing /home/panda/Documents/ODAP/Project/venv310/lib/python3.10/site-packages/airflow/example_dags/example_kubernetes_executor.py took 0.031 seconds
[2025-06-24T00:34:44.524+0700] {processor.py:161} INFO - Started process (PID=20439) to work on /home/panda/Documents/ODAP/Project/venv310/lib/python3.10/site-packages/airflow/example_dags/example_kubernetes_executor.py
[2025-06-24T00:34:44.529+0700] {processor.py:830} INFO - Processing file /home/panda/Documents/ODAP/Project/venv310/lib/python3.10/site-packages/airflow/example_dags/example_kubernetes_executor.py for tasks to queue
[2025-06-24T00:34:44.531+0700] {logging_mixin.py:188} INFO - [2025-06-24T00:34:44.530+0700] {dagbag.py:540} INFO - Filling up the DagBag from /home/panda/Documents/ODAP/Project/venv310/lib/python3.10/site-packages/airflow/example_dags/example_kubernetes_executor.py
[2025-06-24T00:34:44.535+0700] {logging_mixin.py:188} INFO - [2025-06-24T00:34:44.535+0700] {example_kubernetes_executor.py:39} WARNING - The example_kubernetes_executor example DAG requires the kubernetes provider. Please install it with: pip install apache-airflow[cncf.kubernetes]
[2025-06-24T00:34:44.536+0700] {processor.py:842} WARNING - No viable dags retrieved from /home/panda/Documents/ODAP/Project/venv310/lib/python3.10/site-packages/airflow/example_dags/example_kubernetes_executor.py
[2025-06-24T00:34:44.549+0700] {processor.py:183} INFO - Processing /home/panda/Documents/ODAP/Project/venv310/lib/python3.10/site-packages/airflow/example_dags/example_kubernetes_executor.py took 0.033 seconds
[2025-06-24T00:35:38.330+0700] {processor.py:161} INFO - Started process (PID=20581) to work on /home/panda/Documents/ODAP/Project/venv310/lib/python3.10/site-packages/airflow/example_dags/example_kubernetes_executor.py
[2025-06-24T00:35:38.335+0700] {processor.py:830} INFO - Processing file /home/panda/Documents/ODAP/Project/venv310/lib/python3.10/site-packages/airflow/example_dags/example_kubernetes_executor.py for tasks to queue
[2025-06-24T00:35:38.336+0700] {logging_mixin.py:188} INFO - [2025-06-24T00:35:38.335+0700] {dagbag.py:540} INFO - Filling up the DagBag from /home/panda/Documents/ODAP/Project/venv310/lib/python3.10/site-packages/airflow/example_dags/example_kubernetes_executor.py
[2025-06-24T00:35:38.340+0700] {logging_mixin.py:188} INFO - [2025-06-24T00:35:38.339+0700] {example_kubernetes_executor.py:39} WARNING - The example_kubernetes_executor example DAG requires the kubernetes provider. Please install it with: pip install apache-airflow[cncf.kubernetes]
[2025-06-24T00:35:38.340+0700] {processor.py:842} WARNING - No viable dags retrieved from /home/panda/Documents/ODAP/Project/venv310/lib/python3.10/site-packages/airflow/example_dags/example_kubernetes_executor.py
[2025-06-24T00:35:38.354+0700] {processor.py:183} INFO - Processing /home/panda/Documents/ODAP/Project/venv310/lib/python3.10/site-packages/airflow/example_dags/example_kubernetes_executor.py took 0.032 seconds
[2025-06-24T00:36:24.396+0700] {processor.py:161} INFO - Started process (PID=20887) to work on /home/panda/Documents/ODAP/Project/venv310/lib/python3.10/site-packages/airflow/example_dags/example_kubernetes_executor.py
[2025-06-24T00:36:24.402+0700] {processor.py:830} INFO - Processing file /home/panda/Documents/ODAP/Project/venv310/lib/python3.10/site-packages/airflow/example_dags/example_kubernetes_executor.py for tasks to queue
[2025-06-24T00:36:24.403+0700] {logging_mixin.py:188} INFO - [2025-06-24T00:36:24.403+0700] {dagbag.py:540} INFO - Filling up the DagBag from /home/panda/Documents/ODAP/Project/venv310/lib/python3.10/site-packages/airflow/example_dags/example_kubernetes_executor.py
[2025-06-24T00:36:24.407+0700] {logging_mixin.py:188} INFO - [2025-06-24T00:36:24.407+0700] {example_kubernetes_executor.py:39} WARNING - The example_kubernetes_executor example DAG requires the kubernetes provider. Please install it with: pip install apache-airflow[cncf.kubernetes]
[2025-06-24T00:36:24.407+0700] {processor.py:842} WARNING - No viable dags retrieved from /home/panda/Documents/ODAP/Project/venv310/lib/python3.10/site-packages/airflow/example_dags/example_kubernetes_executor.py
[2025-06-24T00:36:24.422+0700] {processor.py:183} INFO - Processing /home/panda/Documents/ODAP/Project/venv310/lib/python3.10/site-packages/airflow/example_dags/example_kubernetes_executor.py took 0.033 seconds
[2025-06-24T00:52:48.378+0700] {processor.py:161} INFO - Started process (PID=25161) to work on /home/panda/Documents/ODAP/Project/venv310/lib/python3.10/site-packages/airflow/example_dags/example_kubernetes_executor.py
[2025-06-24T00:52:48.384+0700] {processor.py:830} INFO - Processing file /home/panda/Documents/ODAP/Project/venv310/lib/python3.10/site-packages/airflow/example_dags/example_kubernetes_executor.py for tasks to queue
[2025-06-24T00:52:48.385+0700] {logging_mixin.py:188} INFO - [2025-06-24T00:52:48.384+0700] {dagbag.py:540} INFO - Filling up the DagBag from /home/panda/Documents/ODAP/Project/venv310/lib/python3.10/site-packages/airflow/example_dags/example_kubernetes_executor.py
[2025-06-24T00:52:48.389+0700] {logging_mixin.py:188} INFO - [2025-06-24T00:52:48.388+0700] {example_kubernetes_executor.py:39} WARNING - The example_kubernetes_executor example DAG requires the kubernetes provider. Please install it with: pip install apache-airflow[cncf.kubernetes]
[2025-06-24T00:52:48.389+0700] {processor.py:842} WARNING - No viable dags retrieved from /home/panda/Documents/ODAP/Project/venv310/lib/python3.10/site-packages/airflow/example_dags/example_kubernetes_executor.py
[2025-06-24T00:52:48.403+0700] {processor.py:183} INFO - Processing /home/panda/Documents/ODAP/Project/venv310/lib/python3.10/site-packages/airflow/example_dags/example_kubernetes_executor.py took 0.032 seconds
[2025-06-24T00:53:42.670+0700] {processor.py:161} INFO - Started process (PID=25343) to work on /home/panda/Documents/ODAP/Project/venv310/lib/python3.10/site-packages/airflow/example_dags/example_kubernetes_executor.py
[2025-06-24T00:53:42.672+0700] {processor.py:830} INFO - Processing file /home/panda/Documents/ODAP/Project/venv310/lib/python3.10/site-packages/airflow/example_dags/example_kubernetes_executor.py for tasks to queue
[2025-06-24T00:53:42.673+0700] {logging_mixin.py:188} INFO - [2025-06-24T00:53:42.673+0700] {dagbag.py:540} INFO - Filling up the DagBag from /home/panda/Documents/ODAP/Project/venv310/lib/python3.10/site-packages/airflow/example_dags/example_kubernetes_executor.py
[2025-06-24T00:53:42.677+0700] {logging_mixin.py:188} INFO - [2025-06-24T00:53:42.677+0700] {example_kubernetes_executor.py:39} WARNING - The example_kubernetes_executor example DAG requires the kubernetes provider. Please install it with: pip install apache-airflow[cncf.kubernetes]
[2025-06-24T00:53:42.678+0700] {processor.py:842} WARNING - No viable dags retrieved from /home/panda/Documents/ODAP/Project/venv310/lib/python3.10/site-packages/airflow/example_dags/example_kubernetes_executor.py
[2025-06-24T00:53:42.693+0700] {processor.py:183} INFO - Processing /home/panda/Documents/ODAP/Project/venv310/lib/python3.10/site-packages/airflow/example_dags/example_kubernetes_executor.py took 0.031 seconds
[2025-06-24T00:54:35.099+0700] {processor.py:161} INFO - Started process (PID=25630) to work on /home/panda/Documents/ODAP/Project/venv310/lib/python3.10/site-packages/airflow/example_dags/example_kubernetes_executor.py
[2025-06-24T00:54:35.102+0700] {processor.py:830} INFO - Processing file /home/panda/Documents/ODAP/Project/venv310/lib/python3.10/site-packages/airflow/example_dags/example_kubernetes_executor.py for tasks to queue
[2025-06-24T00:54:35.103+0700] {logging_mixin.py:188} INFO - [2025-06-24T00:54:35.103+0700] {dagbag.py:540} INFO - Filling up the DagBag from /home/panda/Documents/ODAP/Project/venv310/lib/python3.10/site-packages/airflow/example_dags/example_kubernetes_executor.py
[2025-06-24T00:54:35.107+0700] {logging_mixin.py:188} INFO - [2025-06-24T00:54:35.106+0700] {example_kubernetes_executor.py:39} WARNING - The example_kubernetes_executor example DAG requires the kubernetes provider. Please install it with: pip install apache-airflow[cncf.kubernetes]
[2025-06-24T00:54:35.107+0700] {processor.py:842} WARNING - No viable dags retrieved from /home/panda/Documents/ODAP/Project/venv310/lib/python3.10/site-packages/airflow/example_dags/example_kubernetes_executor.py
[2025-06-24T00:54:35.118+0700] {processor.py:183} INFO - Processing /home/panda/Documents/ODAP/Project/venv310/lib/python3.10/site-packages/airflow/example_dags/example_kubernetes_executor.py took 0.026 seconds
[2025-06-24T01:03:24.167+0700] {processor.py:161} INFO - Started process (PID=28603) to work on /home/panda/Documents/ODAP/Project/venv310/lib/python3.10/site-packages/airflow/example_dags/example_kubernetes_executor.py
[2025-06-24T01:03:24.172+0700] {processor.py:830} INFO - Processing file /home/panda/Documents/ODAP/Project/venv310/lib/python3.10/site-packages/airflow/example_dags/example_kubernetes_executor.py for tasks to queue
[2025-06-24T01:03:24.173+0700] {logging_mixin.py:188} INFO - [2025-06-24T01:03:24.172+0700] {dagbag.py:540} INFO - Filling up the DagBag from /home/panda/Documents/ODAP/Project/venv310/lib/python3.10/site-packages/airflow/example_dags/example_kubernetes_executor.py
[2025-06-24T01:03:24.177+0700] {logging_mixin.py:188} INFO - [2025-06-24T01:03:24.177+0700] {example_kubernetes_executor.py:39} WARNING - The example_kubernetes_executor example DAG requires the kubernetes provider. Please install it with: pip install apache-airflow[cncf.kubernetes]
[2025-06-24T01:03:24.177+0700] {processor.py:842} WARNING - No viable dags retrieved from /home/panda/Documents/ODAP/Project/venv310/lib/python3.10/site-packages/airflow/example_dags/example_kubernetes_executor.py
[2025-06-24T01:03:24.192+0700] {processor.py:183} INFO - Processing /home/panda/Documents/ODAP/Project/venv310/lib/python3.10/site-packages/airflow/example_dags/example_kubernetes_executor.py took 0.033 seconds
[2025-06-24T01:04:17.207+0700] {processor.py:161} INFO - Started process (PID=28847) to work on /home/panda/Documents/ODAP/Project/venv310/lib/python3.10/site-packages/airflow/example_dags/example_kubernetes_executor.py
[2025-06-24T01:04:17.212+0700] {processor.py:830} INFO - Processing file /home/panda/Documents/ODAP/Project/venv310/lib/python3.10/site-packages/airflow/example_dags/example_kubernetes_executor.py for tasks to queue
[2025-06-24T01:04:17.213+0700] {logging_mixin.py:188} INFO - [2025-06-24T01:04:17.212+0700] {dagbag.py:540} INFO - Filling up the DagBag from /home/panda/Documents/ODAP/Project/venv310/lib/python3.10/site-packages/airflow/example_dags/example_kubernetes_executor.py
[2025-06-24T01:04:17.216+0700] {logging_mixin.py:188} INFO - [2025-06-24T01:04:17.216+0700] {example_kubernetes_executor.py:39} WARNING - The example_kubernetes_executor example DAG requires the kubernetes provider. Please install it with: pip install apache-airflow[cncf.kubernetes]
[2025-06-24T01:04:17.217+0700] {processor.py:842} WARNING - No viable dags retrieved from /home/panda/Documents/ODAP/Project/venv310/lib/python3.10/site-packages/airflow/example_dags/example_kubernetes_executor.py
[2025-06-24T01:04:17.230+0700] {processor.py:183} INFO - Processing /home/panda/Documents/ODAP/Project/venv310/lib/python3.10/site-packages/airflow/example_dags/example_kubernetes_executor.py took 0.030 seconds
