[2025-06-24T00:02:05.811+0700] {processor.py:161} INFO - Started process (PID=5362) to work on /home/panda/Documents/ODAP/Project/venv310/lib/python3.10/site-packages/airflow/example_dags/example_setup_teardown_taskflow.py
[2025-06-24T00:02:05.812+0700] {processor.py:830} INFO - Processing file /home/panda/Documents/ODAP/Project/venv310/lib/python3.10/site-packages/airflow/example_dags/example_setup_teardown_taskflow.py for tasks to queue
[2025-06-24T00:02:05.814+0700] {logging_mixin.py:188} INFO - [2025-06-24T00:02:05.814+0700] {dagbag.py:540} INFO - Filling up the DagBag from /home/panda/Documents/ODAP/Project/venv310/lib/python3.10/site-packages/airflow/example_dags/example_setup_teardown_taskflow.py
[2025-06-24T00:02:05.829+0700] {processor.py:840} INFO - DAG(s) 'example_setup_teardown_taskflow' retrieved from /home/panda/Documents/ODAP/Project/venv310/lib/python3.10/site-packages/airflow/example_dags/example_setup_teardown_taskflow.py
[2025-06-24T00:02:05.854+0700] {logging_mixin.py:188} INFO - [2025-06-24T00:02:05.853+0700] {dag.py:3096} INFO - Sync 1 DAGs
[2025-06-24T00:02:05.875+0700] {logging_mixin.py:188} INFO - [2025-06-24T00:02:05.874+0700] {dag.py:3954} INFO - Setting next_dagrun for example_setup_teardown_taskflow to 2025-06-22 00:00:00+00:00, run_after=2025-06-23 00:00:00+00:00
[2025-06-24T00:02:05.901+0700] {processor.py:183} INFO - Processing /home/panda/Documents/ODAP/Project/venv310/lib/python3.10/site-packages/airflow/example_dags/example_setup_teardown_taskflow.py took 0.098 seconds
[2025-06-24T00:03:01.040+0700] {processor.py:161} INFO - Started process (PID=6204) to work on /home/panda/Documents/ODAP/Project/venv310/lib/python3.10/site-packages/airflow/example_dags/example_setup_teardown_taskflow.py
[2025-06-24T00:03:01.045+0700] {processor.py:830} INFO - Processing file /home/panda/Documents/ODAP/Project/venv310/lib/python3.10/site-packages/airflow/example_dags/example_setup_teardown_taskflow.py for tasks to queue
[2025-06-24T00:03:01.047+0700] {logging_mixin.py:188} INFO - [2025-06-24T00:03:01.046+0700] {dagbag.py:540} INFO - Filling up the DagBag from /home/panda/Documents/ODAP/Project/venv310/lib/python3.10/site-packages/airflow/example_dags/example_setup_teardown_taskflow.py
[2025-06-24T00:03:01.058+0700] {processor.py:840} INFO - DAG(s) 'example_setup_teardown_taskflow' retrieved from /home/panda/Documents/ODAP/Project/venv310/lib/python3.10/site-packages/airflow/example_dags/example_setup_teardown_taskflow.py
[2025-06-24T00:03:01.080+0700] {logging_mixin.py:188} INFO - [2025-06-24T00:03:01.080+0700] {dag.py:3096} INFO - Sync 1 DAGs
[2025-06-24T00:03:01.103+0700] {logging_mixin.py:188} INFO - [2025-06-24T00:03:01.103+0700] {dag.py:3954} INFO - Setting next_dagrun for example_setup_teardown_taskflow to 2025-06-22 00:00:00+00:00, run_after=2025-06-23 00:00:00+00:00
[2025-06-24T00:03:01.126+0700] {processor.py:183} INFO - Processing /home/panda/Documents/ODAP/Project/venv310/lib/python3.10/site-packages/airflow/example_dags/example_setup_teardown_taskflow.py took 0.094 seconds
[2025-06-24T00:03:49.149+0700] {processor.py:161} INFO - Started process (PID=6404) to work on /home/panda/Documents/ODAP/Project/venv310/lib/python3.10/site-packages/airflow/example_dags/example_setup_teardown_taskflow.py
[2025-06-24T00:03:49.151+0700] {processor.py:830} INFO - Processing file /home/panda/Documents/ODAP/Project/venv310/lib/python3.10/site-packages/airflow/example_dags/example_setup_teardown_taskflow.py for tasks to queue
[2025-06-24T00:03:49.153+0700] {logging_mixin.py:188} INFO - [2025-06-24T00:03:49.153+0700] {dagbag.py:540} INFO - Filling up the DagBag from /home/panda/Documents/ODAP/Project/venv310/lib/python3.10/site-packages/airflow/example_dags/example_setup_teardown_taskflow.py
[2025-06-24T00:03:49.166+0700] {processor.py:840} INFO - DAG(s) 'example_setup_teardown_taskflow' retrieved from /home/panda/Documents/ODAP/Project/venv310/lib/python3.10/site-packages/airflow/example_dags/example_setup_teardown_taskflow.py
[2025-06-24T00:03:49.188+0700] {logging_mixin.py:188} INFO - [2025-06-24T00:03:49.188+0700] {dag.py:3096} INFO - Sync 1 DAGs
[2025-06-24T00:03:49.345+0700] {logging_mixin.py:188} INFO - [2025-06-24T00:03:49.345+0700] {dag.py:3954} INFO - Setting next_dagrun for example_setup_teardown_taskflow to 2025-06-22 00:00:00+00:00, run_after=2025-06-23 00:00:00+00:00
[2025-06-24T00:03:49.380+0700] {processor.py:183} INFO - Processing /home/panda/Documents/ODAP/Project/venv310/lib/python3.10/site-packages/airflow/example_dags/example_setup_teardown_taskflow.py took 0.239 seconds
[2025-06-24T00:04:38.952+0700] {processor.py:161} INFO - Started process (PID=6853) to work on /home/panda/Documents/ODAP/Project/venv310/lib/python3.10/site-packages/airflow/example_dags/example_setup_teardown_taskflow.py
[2025-06-24T00:04:38.957+0700] {processor.py:830} INFO - Processing file /home/panda/Documents/ODAP/Project/venv310/lib/python3.10/site-packages/airflow/example_dags/example_setup_teardown_taskflow.py for tasks to queue
[2025-06-24T00:04:38.960+0700] {logging_mixin.py:188} INFO - [2025-06-24T00:04:38.959+0700] {dagbag.py:540} INFO - Filling up the DagBag from /home/panda/Documents/ODAP/Project/venv310/lib/python3.10/site-packages/airflow/example_dags/example_setup_teardown_taskflow.py
[2025-06-24T00:04:38.972+0700] {processor.py:840} INFO - DAG(s) 'example_setup_teardown_taskflow' retrieved from /home/panda/Documents/ODAP/Project/venv310/lib/python3.10/site-packages/airflow/example_dags/example_setup_teardown_taskflow.py
[2025-06-24T00:04:38.994+0700] {logging_mixin.py:188} INFO - [2025-06-24T00:04:38.994+0700] {dag.py:3096} INFO - Sync 1 DAGs
[2025-06-24T00:04:39.018+0700] {logging_mixin.py:188} INFO - [2025-06-24T00:04:39.018+0700] {dag.py:3954} INFO - Setting next_dagrun for example_setup_teardown_taskflow to 2025-06-22 00:00:00+00:00, run_after=2025-06-23 00:00:00+00:00
[2025-06-24T00:04:39.043+0700] {processor.py:183} INFO - Processing /home/panda/Documents/ODAP/Project/venv310/lib/python3.10/site-packages/airflow/example_dags/example_setup_teardown_taskflow.py took 0.098 seconds
[2025-06-24T00:05:25.553+0700] {processor.py:161} INFO - Started process (PID=7075) to work on /home/panda/Documents/ODAP/Project/venv310/lib/python3.10/site-packages/airflow/example_dags/example_setup_teardown_taskflow.py
[2025-06-24T00:05:25.558+0700] {processor.py:830} INFO - Processing file /home/panda/Documents/ODAP/Project/venv310/lib/python3.10/site-packages/airflow/example_dags/example_setup_teardown_taskflow.py for tasks to queue
[2025-06-24T00:05:25.560+0700] {logging_mixin.py:188} INFO - [2025-06-24T00:05:25.559+0700] {dagbag.py:540} INFO - Filling up the DagBag from /home/panda/Documents/ODAP/Project/venv310/lib/python3.10/site-packages/airflow/example_dags/example_setup_teardown_taskflow.py
[2025-06-24T00:05:25.573+0700] {processor.py:840} INFO - DAG(s) 'example_setup_teardown_taskflow' retrieved from /home/panda/Documents/ODAP/Project/venv310/lib/python3.10/site-packages/airflow/example_dags/example_setup_teardown_taskflow.py
[2025-06-24T00:05:25.596+0700] {logging_mixin.py:188} INFO - [2025-06-24T00:05:25.595+0700] {dag.py:3096} INFO - Sync 1 DAGs
[2025-06-24T00:05:25.618+0700] {logging_mixin.py:188} INFO - [2025-06-24T00:05:25.618+0700] {dag.py:3954} INFO - Setting next_dagrun for example_setup_teardown_taskflow to 2025-06-22 00:00:00+00:00, run_after=2025-06-23 00:00:00+00:00
[2025-06-24T00:05:25.641+0700] {processor.py:183} INFO - Processing /home/panda/Documents/ODAP/Project/venv310/lib/python3.10/site-packages/airflow/example_dags/example_setup_teardown_taskflow.py took 0.096 seconds
[2025-06-24T00:07:12.949+0700] {processor.py:161} INFO - Started process (PID=8104) to work on /home/panda/Documents/ODAP/Project/venv310/lib/python3.10/site-packages/airflow/example_dags/example_setup_teardown_taskflow.py
[2025-06-24T00:07:12.954+0700] {processor.py:830} INFO - Processing file /home/panda/Documents/ODAP/Project/venv310/lib/python3.10/site-packages/airflow/example_dags/example_setup_teardown_taskflow.py for tasks to queue
[2025-06-24T00:07:12.955+0700] {logging_mixin.py:188} INFO - [2025-06-24T00:07:12.954+0700] {dagbag.py:540} INFO - Filling up the DagBag from /home/panda/Documents/ODAP/Project/venv310/lib/python3.10/site-packages/airflow/example_dags/example_setup_teardown_taskflow.py
[2025-06-24T00:07:12.968+0700] {processor.py:840} INFO - DAG(s) 'example_setup_teardown_taskflow' retrieved from /home/panda/Documents/ODAP/Project/venv310/lib/python3.10/site-packages/airflow/example_dags/example_setup_teardown_taskflow.py
[2025-06-24T00:07:12.997+0700] {logging_mixin.py:188} INFO - [2025-06-24T00:07:12.996+0700] {dag.py:3096} INFO - Sync 1 DAGs
[2025-06-24T00:07:13.015+0700] {logging_mixin.py:188} INFO - [2025-06-24T00:07:13.014+0700] {dag.py:3954} INFO - Setting next_dagrun for example_setup_teardown_taskflow to 2025-06-22 00:00:00+00:00, run_after=2025-06-23 00:00:00+00:00
[2025-06-24T00:07:13.040+0700] {processor.py:183} INFO - Processing /home/panda/Documents/ODAP/Project/venv310/lib/python3.10/site-packages/airflow/example_dags/example_setup_teardown_taskflow.py took 0.098 seconds
[2025-06-24T00:08:27.811+0700] {processor.py:161} INFO - Started process (PID=10541) to work on /home/panda/Documents/ODAP/Project/venv310/lib/python3.10/site-packages/airflow/example_dags/example_setup_teardown_taskflow.py
[2025-06-24T00:08:27.816+0700] {processor.py:830} INFO - Processing file /home/panda/Documents/ODAP/Project/venv310/lib/python3.10/site-packages/airflow/example_dags/example_setup_teardown_taskflow.py for tasks to queue
[2025-06-24T00:08:27.817+0700] {logging_mixin.py:188} INFO - [2025-06-24T00:08:27.817+0700] {dagbag.py:540} INFO - Filling up the DagBag from /home/panda/Documents/ODAP/Project/venv310/lib/python3.10/site-packages/airflow/example_dags/example_setup_teardown_taskflow.py
[2025-06-24T00:08:27.829+0700] {processor.py:840} INFO - DAG(s) 'example_setup_teardown_taskflow' retrieved from /home/panda/Documents/ODAP/Project/venv310/lib/python3.10/site-packages/airflow/example_dags/example_setup_teardown_taskflow.py
[2025-06-24T00:08:27.850+0700] {logging_mixin.py:188} INFO - [2025-06-24T00:08:27.850+0700] {dag.py:3096} INFO - Sync 1 DAGs
[2025-06-24T00:08:27.869+0700] {logging_mixin.py:188} INFO - [2025-06-24T00:08:27.869+0700] {dag.py:3954} INFO - Setting next_dagrun for example_setup_teardown_taskflow to 2025-06-22 00:00:00+00:00, run_after=2025-06-23 00:00:00+00:00
[2025-06-24T00:08:27.901+0700] {processor.py:183} INFO - Processing /home/panda/Documents/ODAP/Project/venv310/lib/python3.10/site-packages/airflow/example_dags/example_setup_teardown_taskflow.py took 0.097 seconds
[2025-06-24T00:09:28.714+0700] {processor.py:161} INFO - Started process (PID=10811) to work on /home/panda/Documents/ODAP/Project/venv310/lib/python3.10/site-packages/airflow/example_dags/example_setup_teardown_taskflow.py
[2025-06-24T00:09:28.719+0700] {processor.py:830} INFO - Processing file /home/panda/Documents/ODAP/Project/venv310/lib/python3.10/site-packages/airflow/example_dags/example_setup_teardown_taskflow.py for tasks to queue
[2025-06-24T00:09:28.720+0700] {logging_mixin.py:188} INFO - [2025-06-24T00:09:28.719+0700] {dagbag.py:540} INFO - Filling up the DagBag from /home/panda/Documents/ODAP/Project/venv310/lib/python3.10/site-packages/airflow/example_dags/example_setup_teardown_taskflow.py
[2025-06-24T00:09:28.731+0700] {processor.py:840} INFO - DAG(s) 'example_setup_teardown_taskflow' retrieved from /home/panda/Documents/ODAP/Project/venv310/lib/python3.10/site-packages/airflow/example_dags/example_setup_teardown_taskflow.py
[2025-06-24T00:09:28.751+0700] {logging_mixin.py:188} INFO - [2025-06-24T00:09:28.751+0700] {dag.py:3096} INFO - Sync 1 DAGs
[2025-06-24T00:09:28.771+0700] {logging_mixin.py:188} INFO - [2025-06-24T00:09:28.771+0700] {dag.py:3954} INFO - Setting next_dagrun for example_setup_teardown_taskflow to 2025-06-22 00:00:00+00:00, run_after=2025-06-23 00:00:00+00:00
[2025-06-24T00:09:28.794+0700] {processor.py:183} INFO - Processing /home/panda/Documents/ODAP/Project/venv310/lib/python3.10/site-packages/airflow/example_dags/example_setup_teardown_taskflow.py took 0.088 seconds
[2025-06-24T00:10:13.836+0700] {processor.py:161} INFO - Started process (PID=10934) to work on /home/panda/Documents/ODAP/Project/venv310/lib/python3.10/site-packages/airflow/example_dags/example_setup_teardown_taskflow.py
[2025-06-24T00:10:13.841+0700] {processor.py:830} INFO - Processing file /home/panda/Documents/ODAP/Project/venv310/lib/python3.10/site-packages/airflow/example_dags/example_setup_teardown_taskflow.py for tasks to queue
[2025-06-24T00:10:13.842+0700] {logging_mixin.py:188} INFO - [2025-06-24T00:10:13.842+0700] {dagbag.py:540} INFO - Filling up the DagBag from /home/panda/Documents/ODAP/Project/venv310/lib/python3.10/site-packages/airflow/example_dags/example_setup_teardown_taskflow.py
[2025-06-24T00:10:13.854+0700] {processor.py:840} INFO - DAG(s) 'example_setup_teardown_taskflow' retrieved from /home/panda/Documents/ODAP/Project/venv310/lib/python3.10/site-packages/airflow/example_dags/example_setup_teardown_taskflow.py
[2025-06-24T00:10:13.874+0700] {logging_mixin.py:188} INFO - [2025-06-24T00:10:13.874+0700] {dag.py:3096} INFO - Sync 1 DAGs
[2025-06-24T00:10:13.892+0700] {logging_mixin.py:188} INFO - [2025-06-24T00:10:13.892+0700] {dag.py:3954} INFO - Setting next_dagrun for example_setup_teardown_taskflow to 2025-06-22 00:00:00+00:00, run_after=2025-06-23 00:00:00+00:00
[2025-06-24T00:10:13.930+0700] {processor.py:183} INFO - Processing /home/panda/Documents/ODAP/Project/venv310/lib/python3.10/site-packages/airflow/example_dags/example_setup_teardown_taskflow.py took 0.101 seconds
[2025-06-24T00:11:16.383+0700] {processor.py:161} INFO - Started process (PID=12300) to work on /home/panda/Documents/ODAP/Project/venv310/lib/python3.10/site-packages/airflow/example_dags/example_setup_teardown_taskflow.py
[2025-06-24T00:11:16.388+0700] {processor.py:830} INFO - Processing file /home/panda/Documents/ODAP/Project/venv310/lib/python3.10/site-packages/airflow/example_dags/example_setup_teardown_taskflow.py for tasks to queue
[2025-06-24T00:11:16.389+0700] {logging_mixin.py:188} INFO - [2025-06-24T00:11:16.389+0700] {dagbag.py:540} INFO - Filling up the DagBag from /home/panda/Documents/ODAP/Project/venv310/lib/python3.10/site-packages/airflow/example_dags/example_setup_teardown_taskflow.py
[2025-06-24T00:11:16.402+0700] {processor.py:840} INFO - DAG(s) 'example_setup_teardown_taskflow' retrieved from /home/panda/Documents/ODAP/Project/venv310/lib/python3.10/site-packages/airflow/example_dags/example_setup_teardown_taskflow.py
[2025-06-24T00:11:16.425+0700] {logging_mixin.py:188} INFO - [2025-06-24T00:11:16.424+0700] {dag.py:3096} INFO - Sync 1 DAGs
[2025-06-24T00:11:16.444+0700] {logging_mixin.py:188} INFO - [2025-06-24T00:11:16.444+0700] {dag.py:3954} INFO - Setting next_dagrun for example_setup_teardown_taskflow to 2025-06-22 00:00:00+00:00, run_after=2025-06-23 00:00:00+00:00
[2025-06-24T00:11:16.472+0700] {processor.py:183} INFO - Processing /home/panda/Documents/ODAP/Project/venv310/lib/python3.10/site-packages/airflow/example_dags/example_setup_teardown_taskflow.py took 0.097 seconds
[2025-06-24T00:12:14.542+0700] {processor.py:161} INFO - Started process (PID=12591) to work on /home/panda/Documents/ODAP/Project/venv310/lib/python3.10/site-packages/airflow/example_dags/example_setup_teardown_taskflow.py
[2025-06-24T00:12:14.548+0700] {processor.py:830} INFO - Processing file /home/panda/Documents/ODAP/Project/venv310/lib/python3.10/site-packages/airflow/example_dags/example_setup_teardown_taskflow.py for tasks to queue
[2025-06-24T00:12:14.550+0700] {logging_mixin.py:188} INFO - [2025-06-24T00:12:14.549+0700] {dagbag.py:540} INFO - Filling up the DagBag from /home/panda/Documents/ODAP/Project/venv310/lib/python3.10/site-packages/airflow/example_dags/example_setup_teardown_taskflow.py
[2025-06-24T00:12:14.562+0700] {processor.py:840} INFO - DAG(s) 'example_setup_teardown_taskflow' retrieved from /home/panda/Documents/ODAP/Project/venv310/lib/python3.10/site-packages/airflow/example_dags/example_setup_teardown_taskflow.py
[2025-06-24T00:12:14.582+0700] {logging_mixin.py:188} INFO - [2025-06-24T00:12:14.582+0700] {dag.py:3096} INFO - Sync 1 DAGs
[2025-06-24T00:12:14.601+0700] {logging_mixin.py:188} INFO - [2025-06-24T00:12:14.600+0700] {dag.py:3954} INFO - Setting next_dagrun for example_setup_teardown_taskflow to 2025-06-22 00:00:00+00:00, run_after=2025-06-23 00:00:00+00:00
[2025-06-24T00:12:14.626+0700] {processor.py:183} INFO - Processing /home/panda/Documents/ODAP/Project/venv310/lib/python3.10/site-packages/airflow/example_dags/example_setup_teardown_taskflow.py took 0.090 seconds
[2025-06-24T00:12:58.905+0700] {processor.py:161} INFO - Started process (PID=12740) to work on /home/panda/Documents/ODAP/Project/venv310/lib/python3.10/site-packages/airflow/example_dags/example_setup_teardown_taskflow.py
[2025-06-24T00:12:58.910+0700] {processor.py:830} INFO - Processing file /home/panda/Documents/ODAP/Project/venv310/lib/python3.10/site-packages/airflow/example_dags/example_setup_teardown_taskflow.py for tasks to queue
[2025-06-24T00:12:58.911+0700] {logging_mixin.py:188} INFO - [2025-06-24T00:12:58.911+0700] {dagbag.py:540} INFO - Filling up the DagBag from /home/panda/Documents/ODAP/Project/venv310/lib/python3.10/site-packages/airflow/example_dags/example_setup_teardown_taskflow.py
[2025-06-24T00:12:58.923+0700] {processor.py:840} INFO - DAG(s) 'example_setup_teardown_taskflow' retrieved from /home/panda/Documents/ODAP/Project/venv310/lib/python3.10/site-packages/airflow/example_dags/example_setup_teardown_taskflow.py
[2025-06-24T00:12:58.944+0700] {logging_mixin.py:188} INFO - [2025-06-24T00:12:58.943+0700] {dag.py:3096} INFO - Sync 1 DAGs
[2025-06-24T00:12:58.963+0700] {logging_mixin.py:188} INFO - [2025-06-24T00:12:58.963+0700] {dag.py:3954} INFO - Setting next_dagrun for example_setup_teardown_taskflow to 2025-06-22 00:00:00+00:00, run_after=2025-06-23 00:00:00+00:00
[2025-06-24T00:12:58.992+0700] {processor.py:183} INFO - Processing /home/panda/Documents/ODAP/Project/venv310/lib/python3.10/site-packages/airflow/example_dags/example_setup_teardown_taskflow.py took 0.096 seconds
[2025-06-24T00:13:43.527+0700] {processor.py:161} INFO - Started process (PID=12888) to work on /home/panda/Documents/ODAP/Project/venv310/lib/python3.10/site-packages/airflow/example_dags/example_setup_teardown_taskflow.py
[2025-06-24T00:13:43.532+0700] {processor.py:830} INFO - Processing file /home/panda/Documents/ODAP/Project/venv310/lib/python3.10/site-packages/airflow/example_dags/example_setup_teardown_taskflow.py for tasks to queue
[2025-06-24T00:13:43.534+0700] {logging_mixin.py:188} INFO - [2025-06-24T00:13:43.533+0700] {dagbag.py:540} INFO - Filling up the DagBag from /home/panda/Documents/ODAP/Project/venv310/lib/python3.10/site-packages/airflow/example_dags/example_setup_teardown_taskflow.py
[2025-06-24T00:13:43.546+0700] {processor.py:840} INFO - DAG(s) 'example_setup_teardown_taskflow' retrieved from /home/panda/Documents/ODAP/Project/venv310/lib/python3.10/site-packages/airflow/example_dags/example_setup_teardown_taskflow.py
[2025-06-24T00:13:43.568+0700] {logging_mixin.py:188} INFO - [2025-06-24T00:13:43.567+0700] {dag.py:3096} INFO - Sync 1 DAGs
[2025-06-24T00:13:43.586+0700] {logging_mixin.py:188} INFO - [2025-06-24T00:13:43.585+0700] {dag.py:3954} INFO - Setting next_dagrun for example_setup_teardown_taskflow to 2025-06-22 00:00:00+00:00, run_after=2025-06-23 00:00:00+00:00
[2025-06-24T00:13:43.614+0700] {processor.py:183} INFO - Processing /home/panda/Documents/ODAP/Project/venv310/lib/python3.10/site-packages/airflow/example_dags/example_setup_teardown_taskflow.py took 0.094 seconds
[2025-06-24T00:14:27.101+0700] {processor.py:161} INFO - Started process (PID=13143) to work on /home/panda/Documents/ODAP/Project/venv310/lib/python3.10/site-packages/airflow/example_dags/example_setup_teardown_taskflow.py
[2025-06-24T00:14:27.106+0700] {processor.py:830} INFO - Processing file /home/panda/Documents/ODAP/Project/venv310/lib/python3.10/site-packages/airflow/example_dags/example_setup_teardown_taskflow.py for tasks to queue
[2025-06-24T00:14:27.107+0700] {logging_mixin.py:188} INFO - [2025-06-24T00:14:27.106+0700] {dagbag.py:540} INFO - Filling up the DagBag from /home/panda/Documents/ODAP/Project/venv310/lib/python3.10/site-packages/airflow/example_dags/example_setup_teardown_taskflow.py
[2025-06-24T00:14:27.117+0700] {processor.py:840} INFO - DAG(s) 'example_setup_teardown_taskflow' retrieved from /home/panda/Documents/ODAP/Project/venv310/lib/python3.10/site-packages/airflow/example_dags/example_setup_teardown_taskflow.py
[2025-06-24T00:14:27.137+0700] {logging_mixin.py:188} INFO - [2025-06-24T00:14:27.137+0700] {dag.py:3096} INFO - Sync 1 DAGs
[2025-06-24T00:14:27.156+0700] {logging_mixin.py:188} INFO - [2025-06-24T00:14:27.155+0700] {dag.py:3954} INFO - Setting next_dagrun for example_setup_teardown_taskflow to 2025-06-22 00:00:00+00:00, run_after=2025-06-23 00:00:00+00:00
[2025-06-24T00:14:27.187+0700] {processor.py:183} INFO - Processing /home/panda/Documents/ODAP/Project/venv310/lib/python3.10/site-packages/airflow/example_dags/example_setup_teardown_taskflow.py took 0.094 seconds
[2025-06-24T00:15:10.203+0700] {processor.py:161} INFO - Started process (PID=13376) to work on /home/panda/Documents/ODAP/Project/venv310/lib/python3.10/site-packages/airflow/example_dags/example_setup_teardown_taskflow.py
[2025-06-24T00:15:10.208+0700] {processor.py:830} INFO - Processing file /home/panda/Documents/ODAP/Project/venv310/lib/python3.10/site-packages/airflow/example_dags/example_setup_teardown_taskflow.py for tasks to queue
[2025-06-24T00:15:10.209+0700] {logging_mixin.py:188} INFO - [2025-06-24T00:15:10.208+0700] {dagbag.py:540} INFO - Filling up the DagBag from /home/panda/Documents/ODAP/Project/venv310/lib/python3.10/site-packages/airflow/example_dags/example_setup_teardown_taskflow.py
[2025-06-24T00:15:10.220+0700] {processor.py:840} INFO - DAG(s) 'example_setup_teardown_taskflow' retrieved from /home/panda/Documents/ODAP/Project/venv310/lib/python3.10/site-packages/airflow/example_dags/example_setup_teardown_taskflow.py
[2025-06-24T00:15:10.241+0700] {logging_mixin.py:188} INFO - [2025-06-24T00:15:10.241+0700] {dag.py:3096} INFO - Sync 1 DAGs
[2025-06-24T00:15:10.260+0700] {logging_mixin.py:188} INFO - [2025-06-24T00:15:10.260+0700] {dag.py:3954} INFO - Setting next_dagrun for example_setup_teardown_taskflow to 2025-06-22 00:00:00+00:00, run_after=2025-06-23 00:00:00+00:00
[2025-06-24T00:15:10.282+0700] {processor.py:183} INFO - Processing /home/panda/Documents/ODAP/Project/venv310/lib/python3.10/site-packages/airflow/example_dags/example_setup_teardown_taskflow.py took 0.087 seconds
[2025-06-24T00:21:23.363+0700] {processor.py:161} INFO - Started process (PID=16571) to work on /home/panda/Documents/ODAP/Project/venv310/lib/python3.10/site-packages/airflow/example_dags/example_setup_teardown_taskflow.py
[2025-06-24T00:21:23.368+0700] {processor.py:830} INFO - Processing file /home/panda/Documents/ODAP/Project/venv310/lib/python3.10/site-packages/airflow/example_dags/example_setup_teardown_taskflow.py for tasks to queue
[2025-06-24T00:21:23.370+0700] {logging_mixin.py:188} INFO - [2025-06-24T00:21:23.369+0700] {dagbag.py:540} INFO - Filling up the DagBag from /home/panda/Documents/ODAP/Project/venv310/lib/python3.10/site-packages/airflow/example_dags/example_setup_teardown_taskflow.py
[2025-06-24T00:21:23.383+0700] {processor.py:840} INFO - DAG(s) 'example_setup_teardown_taskflow' retrieved from /home/panda/Documents/ODAP/Project/venv310/lib/python3.10/site-packages/airflow/example_dags/example_setup_teardown_taskflow.py
[2025-06-24T00:21:23.412+0700] {logging_mixin.py:188} INFO - [2025-06-24T00:21:23.412+0700] {dag.py:3096} INFO - Sync 1 DAGs
[2025-06-24T00:21:23.431+0700] {logging_mixin.py:188} INFO - [2025-06-24T00:21:23.431+0700] {dag.py:3954} INFO - Setting next_dagrun for example_setup_teardown_taskflow to 2025-06-22 00:00:00+00:00, run_after=2025-06-23 00:00:00+00:00
[2025-06-24T00:21:23.453+0700] {processor.py:183} INFO - Processing /home/panda/Documents/ODAP/Project/venv310/lib/python3.10/site-packages/airflow/example_dags/example_setup_teardown_taskflow.py took 0.097 seconds
[2025-06-24T00:22:16.339+0700] {processor.py:161} INFO - Started process (PID=16744) to work on /home/panda/Documents/ODAP/Project/venv310/lib/python3.10/site-packages/airflow/example_dags/example_setup_teardown_taskflow.py
[2025-06-24T00:22:16.344+0700] {processor.py:830} INFO - Processing file /home/panda/Documents/ODAP/Project/venv310/lib/python3.10/site-packages/airflow/example_dags/example_setup_teardown_taskflow.py for tasks to queue
[2025-06-24T00:22:16.345+0700] {logging_mixin.py:188} INFO - [2025-06-24T00:22:16.345+0700] {dagbag.py:540} INFO - Filling up the DagBag from /home/panda/Documents/ODAP/Project/venv310/lib/python3.10/site-packages/airflow/example_dags/example_setup_teardown_taskflow.py
[2025-06-24T00:22:16.356+0700] {processor.py:840} INFO - DAG(s) 'example_setup_teardown_taskflow' retrieved from /home/panda/Documents/ODAP/Project/venv310/lib/python3.10/site-packages/airflow/example_dags/example_setup_teardown_taskflow.py
[2025-06-24T00:22:16.379+0700] {logging_mixin.py:188} INFO - [2025-06-24T00:22:16.379+0700] {dag.py:3096} INFO - Sync 1 DAGs
[2025-06-24T00:22:16.398+0700] {logging_mixin.py:188} INFO - [2025-06-24T00:22:16.398+0700] {dag.py:3954} INFO - Setting next_dagrun for example_setup_teardown_taskflow to 2025-06-22 00:00:00+00:00, run_after=2025-06-23 00:00:00+00:00
[2025-06-24T00:22:16.424+0700] {processor.py:183} INFO - Processing /home/panda/Documents/ODAP/Project/venv310/lib/python3.10/site-packages/airflow/example_dags/example_setup_teardown_taskflow.py took 0.092 seconds
[2025-06-24T00:23:16.974+0700] {processor.py:161} INFO - Started process (PID=18209) to work on /home/panda/Documents/ODAP/Project/venv310/lib/python3.10/site-packages/airflow/example_dags/example_setup_teardown_taskflow.py
[2025-06-24T00:23:16.978+0700] {processor.py:830} INFO - Processing file /home/panda/Documents/ODAP/Project/venv310/lib/python3.10/site-packages/airflow/example_dags/example_setup_teardown_taskflow.py for tasks to queue
[2025-06-24T00:23:16.979+0700] {logging_mixin.py:188} INFO - [2025-06-24T00:23:16.979+0700] {dagbag.py:540} INFO - Filling up the DagBag from /home/panda/Documents/ODAP/Project/venv310/lib/python3.10/site-packages/airflow/example_dags/example_setup_teardown_taskflow.py
[2025-06-24T00:23:16.990+0700] {processor.py:840} INFO - DAG(s) 'example_setup_teardown_taskflow' retrieved from /home/panda/Documents/ODAP/Project/venv310/lib/python3.10/site-packages/airflow/example_dags/example_setup_teardown_taskflow.py
[2025-06-24T00:23:17.010+0700] {logging_mixin.py:188} INFO - [2025-06-24T00:23:17.010+0700] {dag.py:3096} INFO - Sync 1 DAGs
[2025-06-24T00:23:17.029+0700] {logging_mixin.py:188} INFO - [2025-06-24T00:23:17.029+0700] {dag.py:3954} INFO - Setting next_dagrun for example_setup_teardown_taskflow to 2025-06-22 00:00:00+00:00, run_after=2025-06-23 00:00:00+00:00
[2025-06-24T00:23:17.060+0700] {processor.py:183} INFO - Processing /home/panda/Documents/ODAP/Project/venv310/lib/python3.10/site-packages/airflow/example_dags/example_setup_teardown_taskflow.py took 0.094 seconds
[2025-06-24T00:33:34.813+0700] {processor.py:161} INFO - Started process (PID=20199) to work on /home/panda/Documents/ODAP/Project/venv310/lib/python3.10/site-packages/airflow/example_dags/example_setup_teardown_taskflow.py
[2025-06-24T00:33:34.815+0700] {processor.py:830} INFO - Processing file /home/panda/Documents/ODAP/Project/venv310/lib/python3.10/site-packages/airflow/example_dags/example_setup_teardown_taskflow.py for tasks to queue
[2025-06-24T00:33:34.816+0700] {logging_mixin.py:188} INFO - [2025-06-24T00:33:34.816+0700] {dagbag.py:540} INFO - Filling up the DagBag from /home/panda/Documents/ODAP/Project/venv310/lib/python3.10/site-packages/airflow/example_dags/example_setup_teardown_taskflow.py
[2025-06-24T00:33:34.828+0700] {processor.py:840} INFO - DAG(s) 'example_setup_teardown_taskflow' retrieved from /home/panda/Documents/ODAP/Project/venv310/lib/python3.10/site-packages/airflow/example_dags/example_setup_teardown_taskflow.py
[2025-06-24T00:33:34.860+0700] {logging_mixin.py:188} INFO - [2025-06-24T00:33:34.859+0700] {dag.py:3096} INFO - Sync 1 DAGs
[2025-06-24T00:33:34.880+0700] {logging_mixin.py:188} INFO - [2025-06-24T00:33:34.880+0700] {dag.py:3954} INFO - Setting next_dagrun for example_setup_teardown_taskflow to 2025-06-22 00:00:00+00:00, run_after=2025-06-23 00:00:00+00:00
[2025-06-24T00:33:34.912+0700] {processor.py:183} INFO - Processing /home/panda/Documents/ODAP/Project/venv310/lib/python3.10/site-packages/airflow/example_dags/example_setup_teardown_taskflow.py took 0.107 seconds
[2025-06-24T00:34:28.942+0700] {processor.py:161} INFO - Started process (PID=20385) to work on /home/panda/Documents/ODAP/Project/venv310/lib/python3.10/site-packages/airflow/example_dags/example_setup_teardown_taskflow.py
[2025-06-24T00:34:28.947+0700] {processor.py:830} INFO - Processing file /home/panda/Documents/ODAP/Project/venv310/lib/python3.10/site-packages/airflow/example_dags/example_setup_teardown_taskflow.py for tasks to queue
[2025-06-24T00:34:28.948+0700] {logging_mixin.py:188} INFO - [2025-06-24T00:34:28.947+0700] {dagbag.py:540} INFO - Filling up the DagBag from /home/panda/Documents/ODAP/Project/venv310/lib/python3.10/site-packages/airflow/example_dags/example_setup_teardown_taskflow.py
[2025-06-24T00:34:28.960+0700] {processor.py:840} INFO - DAG(s) 'example_setup_teardown_taskflow' retrieved from /home/panda/Documents/ODAP/Project/venv310/lib/python3.10/site-packages/airflow/example_dags/example_setup_teardown_taskflow.py
[2025-06-24T00:34:28.981+0700] {logging_mixin.py:188} INFO - [2025-06-24T00:34:28.981+0700] {dag.py:3096} INFO - Sync 1 DAGs
[2025-06-24T00:34:29.000+0700] {logging_mixin.py:188} INFO - [2025-06-24T00:34:29.000+0700] {dag.py:3954} INFO - Setting next_dagrun for example_setup_teardown_taskflow to 2025-06-22 00:00:00+00:00, run_after=2025-06-23 00:00:00+00:00
[2025-06-24T00:34:29.036+0700] {processor.py:183} INFO - Processing /home/panda/Documents/ODAP/Project/venv310/lib/python3.10/site-packages/airflow/example_dags/example_setup_teardown_taskflow.py took 0.101 seconds
[2025-06-24T00:35:17.626+0700] {processor.py:161} INFO - Started process (PID=20529) to work on /home/panda/Documents/ODAP/Project/venv310/lib/python3.10/site-packages/airflow/example_dags/example_setup_teardown_taskflow.py
[2025-06-24T00:35:17.631+0700] {processor.py:830} INFO - Processing file /home/panda/Documents/ODAP/Project/venv310/lib/python3.10/site-packages/airflow/example_dags/example_setup_teardown_taskflow.py for tasks to queue
[2025-06-24T00:35:17.632+0700] {logging_mixin.py:188} INFO - [2025-06-24T00:35:17.631+0700] {dagbag.py:540} INFO - Filling up the DagBag from /home/panda/Documents/ODAP/Project/venv310/lib/python3.10/site-packages/airflow/example_dags/example_setup_teardown_taskflow.py
[2025-06-24T00:35:17.643+0700] {processor.py:840} INFO - DAG(s) 'example_setup_teardown_taskflow' retrieved from /home/panda/Documents/ODAP/Project/venv310/lib/python3.10/site-packages/airflow/example_dags/example_setup_teardown_taskflow.py
[2025-06-24T00:35:17.665+0700] {logging_mixin.py:188} INFO - [2025-06-24T00:35:17.665+0700] {dag.py:3096} INFO - Sync 1 DAGs
[2025-06-24T00:35:17.685+0700] {logging_mixin.py:188} INFO - [2025-06-24T00:35:17.685+0700] {dag.py:3954} INFO - Setting next_dagrun for example_setup_teardown_taskflow to 2025-06-22 00:00:00+00:00, run_after=2025-06-23 00:00:00+00:00
[2025-06-24T00:35:17.712+0700] {processor.py:183} INFO - Processing /home/panda/Documents/ODAP/Project/venv310/lib/python3.10/site-packages/airflow/example_dags/example_setup_teardown_taskflow.py took 0.094 seconds
[2025-06-24T00:36:03.980+0700] {processor.py:161} INFO - Started process (PID=20717) to work on /home/panda/Documents/ODAP/Project/venv310/lib/python3.10/site-packages/airflow/example_dags/example_setup_teardown_taskflow.py
[2025-06-24T00:36:03.981+0700] {processor.py:830} INFO - Processing file /home/panda/Documents/ODAP/Project/venv310/lib/python3.10/site-packages/airflow/example_dags/example_setup_teardown_taskflow.py for tasks to queue
[2025-06-24T00:36:03.982+0700] {logging_mixin.py:188} INFO - [2025-06-24T00:36:03.982+0700] {dagbag.py:540} INFO - Filling up the DagBag from /home/panda/Documents/ODAP/Project/venv310/lib/python3.10/site-packages/airflow/example_dags/example_setup_teardown_taskflow.py
[2025-06-24T00:36:03.994+0700] {processor.py:840} INFO - DAG(s) 'example_setup_teardown_taskflow' retrieved from /home/panda/Documents/ODAP/Project/venv310/lib/python3.10/site-packages/airflow/example_dags/example_setup_teardown_taskflow.py
[2025-06-24T00:36:04.039+0700] {logging_mixin.py:188} INFO - [2025-06-24T00:36:04.039+0700] {dag.py:3096} INFO - Sync 1 DAGs
[2025-06-24T00:36:04.069+0700] {logging_mixin.py:188} INFO - [2025-06-24T00:36:04.069+0700] {dag.py:3954} INFO - Setting next_dagrun for example_setup_teardown_taskflow to 2025-06-22 00:00:00+00:00, run_after=2025-06-23 00:00:00+00:00
[2025-06-24T00:36:04.112+0700] {processor.py:183} INFO - Processing /home/panda/Documents/ODAP/Project/venv310/lib/python3.10/site-packages/airflow/example_dags/example_setup_teardown_taskflow.py took 0.140 seconds
[2025-06-24T00:36:49.502+0700] {processor.py:161} INFO - Started process (PID=21010) to work on /home/panda/Documents/ODAP/Project/venv310/lib/python3.10/site-packages/airflow/example_dags/example_setup_teardown_taskflow.py
[2025-06-24T00:36:49.505+0700] {processor.py:830} INFO - Processing file /home/panda/Documents/ODAP/Project/venv310/lib/python3.10/site-packages/airflow/example_dags/example_setup_teardown_taskflow.py for tasks to queue
[2025-06-24T00:36:49.507+0700] {logging_mixin.py:188} INFO - [2025-06-24T00:36:49.506+0700] {dagbag.py:540} INFO - Filling up the DagBag from /home/panda/Documents/ODAP/Project/venv310/lib/python3.10/site-packages/airflow/example_dags/example_setup_teardown_taskflow.py
[2025-06-24T00:36:49.519+0700] {processor.py:840} INFO - DAG(s) 'example_setup_teardown_taskflow' retrieved from /home/panda/Documents/ODAP/Project/venv310/lib/python3.10/site-packages/airflow/example_dags/example_setup_teardown_taskflow.py
[2025-06-24T00:36:49.538+0700] {logging_mixin.py:188} INFO - [2025-06-24T00:36:49.538+0700] {dag.py:3096} INFO - Sync 1 DAGs
[2025-06-24T00:36:49.554+0700] {logging_mixin.py:188} INFO - [2025-06-24T00:36:49.554+0700] {dag.py:3954} INFO - Setting next_dagrun for example_setup_teardown_taskflow to 2025-06-22 00:00:00+00:00, run_after=2025-06-23 00:00:00+00:00
[2025-06-24T00:36:49.575+0700] {processor.py:183} INFO - Processing /home/panda/Documents/ODAP/Project/venv310/lib/python3.10/site-packages/airflow/example_dags/example_setup_teardown_taskflow.py took 0.082 seconds
[2025-06-24T00:52:32.815+0700] {processor.py:161} INFO - Started process (PID=25104) to work on /home/panda/Documents/ODAP/Project/venv310/lib/python3.10/site-packages/airflow/example_dags/example_setup_teardown_taskflow.py
[2025-06-24T00:52:32.820+0700] {processor.py:830} INFO - Processing file /home/panda/Documents/ODAP/Project/venv310/lib/python3.10/site-packages/airflow/example_dags/example_setup_teardown_taskflow.py for tasks to queue
[2025-06-24T00:52:32.822+0700] {logging_mixin.py:188} INFO - [2025-06-24T00:52:32.821+0700] {dagbag.py:540} INFO - Filling up the DagBag from /home/panda/Documents/ODAP/Project/venv310/lib/python3.10/site-packages/airflow/example_dags/example_setup_teardown_taskflow.py
[2025-06-24T00:52:32.834+0700] {processor.py:840} INFO - DAG(s) 'example_setup_teardown_taskflow' retrieved from /home/panda/Documents/ODAP/Project/venv310/lib/python3.10/site-packages/airflow/example_dags/example_setup_teardown_taskflow.py
[2025-06-24T00:52:32.864+0700] {logging_mixin.py:188} INFO - [2025-06-24T00:52:32.863+0700] {dag.py:3096} INFO - Sync 1 DAGs
[2025-06-24T00:52:32.880+0700] {logging_mixin.py:188} INFO - [2025-06-24T00:52:32.880+0700] {dag.py:3954} INFO - Setting next_dagrun for example_setup_teardown_taskflow to 2025-06-22 00:00:00+00:00, run_after=2025-06-23 00:00:00+00:00
[2025-06-24T00:52:32.905+0700] {processor.py:183} INFO - Processing /home/panda/Documents/ODAP/Project/venv310/lib/python3.10/site-packages/airflow/example_dags/example_setup_teardown_taskflow.py took 0.098 seconds
[2025-06-24T00:53:27.160+0700] {processor.py:161} INFO - Started process (PID=25286) to work on /home/panda/Documents/ODAP/Project/venv310/lib/python3.10/site-packages/airflow/example_dags/example_setup_teardown_taskflow.py
[2025-06-24T00:53:27.165+0700] {processor.py:830} INFO - Processing file /home/panda/Documents/ODAP/Project/venv310/lib/python3.10/site-packages/airflow/example_dags/example_setup_teardown_taskflow.py for tasks to queue
[2025-06-24T00:53:27.166+0700] {logging_mixin.py:188} INFO - [2025-06-24T00:53:27.165+0700] {dagbag.py:540} INFO - Filling up the DagBag from /home/panda/Documents/ODAP/Project/venv310/lib/python3.10/site-packages/airflow/example_dags/example_setup_teardown_taskflow.py
[2025-06-24T00:53:27.179+0700] {processor.py:840} INFO - DAG(s) 'example_setup_teardown_taskflow' retrieved from /home/panda/Documents/ODAP/Project/venv310/lib/python3.10/site-packages/airflow/example_dags/example_setup_teardown_taskflow.py
[2025-06-24T00:53:27.201+0700] {logging_mixin.py:188} INFO - [2025-06-24T00:53:27.201+0700] {dag.py:3096} INFO - Sync 1 DAGs
[2025-06-24T00:53:27.224+0700] {logging_mixin.py:188} INFO - [2025-06-24T00:53:27.224+0700] {dag.py:3954} INFO - Setting next_dagrun for example_setup_teardown_taskflow to 2025-06-22 00:00:00+00:00, run_after=2025-06-23 00:00:00+00:00
[2025-06-24T00:53:27.261+0700] {processor.py:183} INFO - Processing /home/panda/Documents/ODAP/Project/venv310/lib/python3.10/site-packages/airflow/example_dags/example_setup_teardown_taskflow.py took 0.109 seconds
[2025-06-24T00:54:15.744+0700] {processor.py:161} INFO - Started process (PID=25571) to work on /home/panda/Documents/ODAP/Project/venv310/lib/python3.10/site-packages/airflow/example_dags/example_setup_teardown_taskflow.py
[2025-06-24T00:54:15.745+0700] {processor.py:830} INFO - Processing file /home/panda/Documents/ODAP/Project/venv310/lib/python3.10/site-packages/airflow/example_dags/example_setup_teardown_taskflow.py for tasks to queue
[2025-06-24T00:54:15.747+0700] {logging_mixin.py:188} INFO - [2025-06-24T00:54:15.746+0700] {dagbag.py:540} INFO - Filling up the DagBag from /home/panda/Documents/ODAP/Project/venv310/lib/python3.10/site-packages/airflow/example_dags/example_setup_teardown_taskflow.py
[2025-06-24T00:54:15.758+0700] {processor.py:840} INFO - DAG(s) 'example_setup_teardown_taskflow' retrieved from /home/panda/Documents/ODAP/Project/venv310/lib/python3.10/site-packages/airflow/example_dags/example_setup_teardown_taskflow.py
[2025-06-24T00:54:15.781+0700] {logging_mixin.py:188} INFO - [2025-06-24T00:54:15.781+0700] {dag.py:3096} INFO - Sync 1 DAGs
[2025-06-24T00:54:15.805+0700] {logging_mixin.py:188} INFO - [2025-06-24T00:54:15.805+0700] {dag.py:3954} INFO - Setting next_dagrun for example_setup_teardown_taskflow to 2025-06-22 00:00:00+00:00, run_after=2025-06-23 00:00:00+00:00
[2025-06-24T00:54:15.841+0700] {processor.py:183} INFO - Processing /home/panda/Documents/ODAP/Project/venv310/lib/python3.10/site-packages/airflow/example_dags/example_setup_teardown_taskflow.py took 0.103 seconds
[2025-06-24T00:55:01.908+0700] {processor.py:161} INFO - Started process (PID=25737) to work on /home/panda/Documents/ODAP/Project/venv310/lib/python3.10/site-packages/airflow/example_dags/example_setup_teardown_taskflow.py
[2025-06-24T00:55:01.913+0700] {processor.py:830} INFO - Processing file /home/panda/Documents/ODAP/Project/venv310/lib/python3.10/site-packages/airflow/example_dags/example_setup_teardown_taskflow.py for tasks to queue
[2025-06-24T00:55:01.914+0700] {logging_mixin.py:188} INFO - [2025-06-24T00:55:01.914+0700] {dagbag.py:540} INFO - Filling up the DagBag from /home/panda/Documents/ODAP/Project/venv310/lib/python3.10/site-packages/airflow/example_dags/example_setup_teardown_taskflow.py
[2025-06-24T00:55:01.925+0700] {processor.py:840} INFO - DAG(s) 'example_setup_teardown_taskflow' retrieved from /home/panda/Documents/ODAP/Project/venv310/lib/python3.10/site-packages/airflow/example_dags/example_setup_teardown_taskflow.py
[2025-06-24T00:55:01.947+0700] {logging_mixin.py:188} INFO - [2025-06-24T00:55:01.947+0700] {dag.py:3096} INFO - Sync 1 DAGs
[2025-06-24T00:55:01.967+0700] {logging_mixin.py:188} INFO - [2025-06-24T00:55:01.967+0700] {dag.py:3954} INFO - Setting next_dagrun for example_setup_teardown_taskflow to 2025-06-22 00:00:00+00:00, run_after=2025-06-23 00:00:00+00:00
[2025-06-24T00:55:01.991+0700] {processor.py:183} INFO - Processing /home/panda/Documents/ODAP/Project/venv310/lib/python3.10/site-packages/airflow/example_dags/example_setup_teardown_taskflow.py took 0.092 seconds
[2025-06-24T01:03:08.655+0700] {processor.py:161} INFO - Started process (PID=28550) to work on /home/panda/Documents/ODAP/Project/venv310/lib/python3.10/site-packages/airflow/example_dags/example_setup_teardown_taskflow.py
[2025-06-24T01:03:08.660+0700] {processor.py:830} INFO - Processing file /home/panda/Documents/ODAP/Project/venv310/lib/python3.10/site-packages/airflow/example_dags/example_setup_teardown_taskflow.py for tasks to queue
[2025-06-24T01:03:08.661+0700] {logging_mixin.py:188} INFO - [2025-06-24T01:03:08.660+0700] {dagbag.py:540} INFO - Filling up the DagBag from /home/panda/Documents/ODAP/Project/venv310/lib/python3.10/site-packages/airflow/example_dags/example_setup_teardown_taskflow.py
[2025-06-24T01:03:08.675+0700] {processor.py:840} INFO - DAG(s) 'example_setup_teardown_taskflow' retrieved from /home/panda/Documents/ODAP/Project/venv310/lib/python3.10/site-packages/airflow/example_dags/example_setup_teardown_taskflow.py
[2025-06-24T01:03:08.704+0700] {logging_mixin.py:188} INFO - [2025-06-24T01:03:08.704+0700] {dag.py:3096} INFO - Sync 1 DAGs
[2025-06-24T01:03:08.723+0700] {logging_mixin.py:188} INFO - [2025-06-24T01:03:08.723+0700] {dag.py:3954} INFO - Setting next_dagrun for example_setup_teardown_taskflow to 2025-06-22 00:00:00+00:00, run_after=2025-06-23 00:00:00+00:00
[2025-06-24T01:03:08.747+0700] {processor.py:183} INFO - Processing /home/panda/Documents/ODAP/Project/venv310/lib/python3.10/site-packages/airflow/example_dags/example_setup_teardown_taskflow.py took 0.099 seconds
[2025-06-24T01:04:01.667+0700] {processor.py:161} INFO - Started process (PID=28710) to work on /home/panda/Documents/ODAP/Project/venv310/lib/python3.10/site-packages/airflow/example_dags/example_setup_teardown_taskflow.py
[2025-06-24T01:04:01.670+0700] {processor.py:830} INFO - Processing file /home/panda/Documents/ODAP/Project/venv310/lib/python3.10/site-packages/airflow/example_dags/example_setup_teardown_taskflow.py for tasks to queue
[2025-06-24T01:04:01.671+0700] {logging_mixin.py:188} INFO - [2025-06-24T01:04:01.671+0700] {dagbag.py:540} INFO - Filling up the DagBag from /home/panda/Documents/ODAP/Project/venv310/lib/python3.10/site-packages/airflow/example_dags/example_setup_teardown_taskflow.py
[2025-06-24T01:04:01.684+0700] {processor.py:840} INFO - DAG(s) 'example_setup_teardown_taskflow' retrieved from /home/panda/Documents/ODAP/Project/venv310/lib/python3.10/site-packages/airflow/example_dags/example_setup_teardown_taskflow.py
[2025-06-24T01:04:01.705+0700] {logging_mixin.py:188} INFO - [2025-06-24T01:04:01.705+0700] {dag.py:3096} INFO - Sync 1 DAGs
[2025-06-24T01:04:01.726+0700] {logging_mixin.py:188} INFO - [2025-06-24T01:04:01.726+0700] {dag.py:3954} INFO - Setting next_dagrun for example_setup_teardown_taskflow to 2025-06-22 00:00:00+00:00, run_after=2025-06-23 00:00:00+00:00
[2025-06-24T01:04:01.760+0700] {processor.py:183} INFO - Processing /home/panda/Documents/ODAP/Project/venv310/lib/python3.10/site-packages/airflow/example_dags/example_setup_teardown_taskflow.py took 0.100 seconds
[2025-06-24T01:09:12.222+0700] {processor.py:161} INFO - Started process (PID=5638) to work on /home/panda/Documents/ODAP/Project/venv310/lib/python3.10/site-packages/airflow/example_dags/example_setup_teardown_taskflow.py
[2025-06-24T01:09:12.225+0700] {processor.py:830} INFO - Processing file /home/panda/Documents/ODAP/Project/venv310/lib/python3.10/site-packages/airflow/example_dags/example_setup_teardown_taskflow.py for tasks to queue
[2025-06-24T01:09:12.226+0700] {logging_mixin.py:188} INFO - [2025-06-24T01:09:12.225+0700] {dagbag.py:540} INFO - Filling up the DagBag from /home/panda/Documents/ODAP/Project/venv310/lib/python3.10/site-packages/airflow/example_dags/example_setup_teardown_taskflow.py
[2025-06-24T01:09:12.237+0700] {processor.py:840} INFO - DAG(s) 'example_setup_teardown_taskflow' retrieved from /home/panda/Documents/ODAP/Project/venv310/lib/python3.10/site-packages/airflow/example_dags/example_setup_teardown_taskflow.py
[2025-06-24T01:09:12.266+0700] {logging_mixin.py:188} INFO - [2025-06-24T01:09:12.265+0700] {dag.py:3096} INFO - Sync 1 DAGs
[2025-06-24T01:09:12.286+0700] {logging_mixin.py:188} INFO - [2025-06-24T01:09:12.285+0700] {dag.py:3954} INFO - Setting next_dagrun for example_setup_teardown_taskflow to 2025-06-22 00:00:00+00:00, run_after=2025-06-23 00:00:00+00:00
[2025-06-24T01:09:12.314+0700] {processor.py:183} INFO - Processing /home/panda/Documents/ODAP/Project/venv310/lib/python3.10/site-packages/airflow/example_dags/example_setup_teardown_taskflow.py took 0.098 seconds
