[2025-06-24T00:02:38.024+0700] {processor.py:161} INFO - Started process (PID=5928) to work on /home/panda/Documents/ODAP/Project/venv310/lib/python3.10/site-packages/airflow/example_dags/example_dag_decorator.py
[2025-06-24T00:02:38.025+0700] {processor.py:830} INFO - Processing file /home/panda/Documents/ODAP/Project/venv310/lib/python3.10/site-packages/airflow/example_dags/example_dag_decorator.py for tasks to queue
[2025-06-24T00:02:38.027+0700] {logging_mixin.py:188} INFO - [2025-06-24T00:02:38.027+0700] {dagbag.py:540} INFO - Filling up the DagBag from /home/panda/Documents/ODAP/Project/venv310/lib/python3.10/site-packages/airflow/example_dags/example_dag_decorator.py
[2025-06-24T00:02:38.152+0700] {processor.py:840} INFO - DAG(s) 'example_dag_decorator' retrieved from /home/panda/Documents/ODAP/Project/venv310/lib/python3.10/site-packages/airflow/example_dags/example_dag_decorator.py
[2025-06-24T00:02:38.380+0700] {logging_mixin.py:188} INFO - [2025-06-24T00:02:38.380+0700] {dag.py:3096} INFO - Sync 1 DAGs
[2025-06-24T00:02:38.389+0700] {logging_mixin.py:188} INFO - [2025-06-24T00:02:38.389+0700] {dag.py:3954} INFO - Setting next_dagrun for example_dag_decorator to None, run_after=None
[2025-06-24T00:02:38.415+0700] {processor.py:183} INFO - Processing /home/panda/Documents/ODAP/Project/venv310/lib/python3.10/site-packages/airflow/example_dags/example_dag_decorator.py took 0.399 seconds
[2025-06-24T00:03:32.151+0700] {processor.py:161} INFO - Started process (PID=6349) to work on /home/panda/Documents/ODAP/Project/venv310/lib/python3.10/site-packages/airflow/example_dags/example_dag_decorator.py
[2025-06-24T00:03:32.156+0700] {processor.py:830} INFO - Processing file /home/panda/Documents/ODAP/Project/venv310/lib/python3.10/site-packages/airflow/example_dags/example_dag_decorator.py for tasks to queue
[2025-06-24T00:03:32.158+0700] {logging_mixin.py:188} INFO - [2025-06-24T00:03:32.157+0700] {dagbag.py:540} INFO - Filling up the DagBag from /home/panda/Documents/ODAP/Project/venv310/lib/python3.10/site-packages/airflow/example_dags/example_dag_decorator.py
[2025-06-24T00:03:32.376+0700] {processor.py:840} INFO - DAG(s) 'example_dag_decorator' retrieved from /home/panda/Documents/ODAP/Project/venv310/lib/python3.10/site-packages/airflow/example_dags/example_dag_decorator.py
[2025-06-24T00:03:32.449+0700] {logging_mixin.py:188} INFO - [2025-06-24T00:03:32.449+0700] {dag.py:3096} INFO - Sync 1 DAGs
[2025-06-24T00:03:32.457+0700] {logging_mixin.py:188} INFO - [2025-06-24T00:03:32.457+0700] {dag.py:3954} INFO - Setting next_dagrun for example_dag_decorator to None, run_after=None
[2025-06-24T00:03:32.481+0700] {processor.py:183} INFO - Processing /home/panda/Documents/ODAP/Project/venv310/lib/python3.10/site-packages/airflow/example_dags/example_dag_decorator.py took 0.337 seconds
[2025-06-24T00:04:44.953+0700] {processor.py:161} INFO - Started process (PID=6873) to work on /home/panda/Documents/ODAP/Project/venv310/lib/python3.10/site-packages/airflow/example_dags/example_dag_decorator.py
[2025-06-24T00:04:44.954+0700] {processor.py:830} INFO - Processing file /home/panda/Documents/ODAP/Project/venv310/lib/python3.10/site-packages/airflow/example_dags/example_dag_decorator.py for tasks to queue
[2025-06-24T00:04:44.956+0700] {logging_mixin.py:188} INFO - [2025-06-24T00:04:44.956+0700] {dagbag.py:540} INFO - Filling up the DagBag from /home/panda/Documents/ODAP/Project/venv310/lib/python3.10/site-packages/airflow/example_dags/example_dag_decorator.py
[2025-06-24T00:04:45.045+0700] {processor.py:840} INFO - DAG(s) 'example_dag_decorator' retrieved from /home/panda/Documents/ODAP/Project/venv310/lib/python3.10/site-packages/airflow/example_dags/example_dag_decorator.py
[2025-06-24T00:04:45.150+0700] {logging_mixin.py:188} INFO - [2025-06-24T00:04:45.150+0700] {dag.py:3096} INFO - Sync 1 DAGs
[2025-06-24T00:04:45.160+0700] {logging_mixin.py:188} INFO - [2025-06-24T00:04:45.160+0700] {dag.py:3954} INFO - Setting next_dagrun for example_dag_decorator to None, run_after=None
[2025-06-24T00:04:45.187+0700] {processor.py:183} INFO - Processing /home/panda/Documents/ODAP/Project/venv310/lib/python3.10/site-packages/airflow/example_dags/example_dag_decorator.py took 0.242 seconds
[2025-06-24T00:07:45.057+0700] {processor.py:161} INFO - Started process (PID=8301) to work on /home/panda/Documents/ODAP/Project/venv310/lib/python3.10/site-packages/airflow/example_dags/example_dag_decorator.py
[2025-06-24T00:07:45.060+0700] {processor.py:830} INFO - Processing file /home/panda/Documents/ODAP/Project/venv310/lib/python3.10/site-packages/airflow/example_dags/example_dag_decorator.py for tasks to queue
[2025-06-24T00:07:45.061+0700] {logging_mixin.py:188} INFO - [2025-06-24T00:07:45.060+0700] {dagbag.py:540} INFO - Filling up the DagBag from /home/panda/Documents/ODAP/Project/venv310/lib/python3.10/site-packages/airflow/example_dags/example_dag_decorator.py
[2025-06-24T00:07:45.143+0700] {processor.py:840} INFO - DAG(s) 'example_dag_decorator' retrieved from /home/panda/Documents/ODAP/Project/venv310/lib/python3.10/site-packages/airflow/example_dags/example_dag_decorator.py
[2025-06-24T00:07:45.222+0700] {logging_mixin.py:188} INFO - [2025-06-24T00:07:45.222+0700] {dag.py:3096} INFO - Sync 1 DAGs
[2025-06-24T00:07:45.229+0700] {logging_mixin.py:188} INFO - [2025-06-24T00:07:45.229+0700] {dag.py:3954} INFO - Setting next_dagrun for example_dag_decorator to None, run_after=None
[2025-06-24T00:07:45.253+0700] {processor.py:183} INFO - Processing /home/panda/Documents/ODAP/Project/venv310/lib/python3.10/site-packages/airflow/example_dags/example_dag_decorator.py took 0.204 seconds
[2025-06-24T00:09:09.558+0700] {processor.py:161} INFO - Started process (PID=10755) to work on /home/panda/Documents/ODAP/Project/venv310/lib/python3.10/site-packages/airflow/example_dags/example_dag_decorator.py
[2025-06-24T00:09:09.563+0700] {processor.py:830} INFO - Processing file /home/panda/Documents/ODAP/Project/venv310/lib/python3.10/site-packages/airflow/example_dags/example_dag_decorator.py for tasks to queue
[2025-06-24T00:09:09.564+0700] {logging_mixin.py:188} INFO - [2025-06-24T00:09:09.564+0700] {dagbag.py:540} INFO - Filling up the DagBag from /home/panda/Documents/ODAP/Project/venv310/lib/python3.10/site-packages/airflow/example_dags/example_dag_decorator.py
[2025-06-24T00:09:09.648+0700] {processor.py:840} INFO - DAG(s) 'example_dag_decorator' retrieved from /home/panda/Documents/ODAP/Project/venv310/lib/python3.10/site-packages/airflow/example_dags/example_dag_decorator.py
[2025-06-24T00:09:09.722+0700] {logging_mixin.py:188} INFO - [2025-06-24T00:09:09.722+0700] {dag.py:3096} INFO - Sync 1 DAGs
[2025-06-24T00:09:09.729+0700] {logging_mixin.py:188} INFO - [2025-06-24T00:09:09.729+0700] {dag.py:3954} INFO - Setting next_dagrun for example_dag_decorator to None, run_after=None
[2025-06-24T00:09:09.753+0700] {processor.py:183} INFO - Processing /home/panda/Documents/ODAP/Project/venv310/lib/python3.10/site-packages/airflow/example_dags/example_dag_decorator.py took 0.203 seconds
[2025-06-24T00:10:16.246+0700] {processor.py:161} INFO - Started process (PID=10941) to work on /home/panda/Documents/ODAP/Project/venv310/lib/python3.10/site-packages/airflow/example_dags/example_dag_decorator.py
[2025-06-24T00:10:16.251+0700] {processor.py:830} INFO - Processing file /home/panda/Documents/ODAP/Project/venv310/lib/python3.10/site-packages/airflow/example_dags/example_dag_decorator.py for tasks to queue
[2025-06-24T00:10:16.252+0700] {logging_mixin.py:188} INFO - [2025-06-24T00:10:16.252+0700] {dagbag.py:540} INFO - Filling up the DagBag from /home/panda/Documents/ODAP/Project/venv310/lib/python3.10/site-packages/airflow/example_dags/example_dag_decorator.py
[2025-06-24T00:10:16.333+0700] {processor.py:840} INFO - DAG(s) 'example_dag_decorator' retrieved from /home/panda/Documents/ODAP/Project/venv310/lib/python3.10/site-packages/airflow/example_dags/example_dag_decorator.py
[2025-06-24T00:10:16.407+0700] {logging_mixin.py:188} INFO - [2025-06-24T00:10:16.407+0700] {dag.py:3096} INFO - Sync 1 DAGs
[2025-06-24T00:10:16.414+0700] {logging_mixin.py:188} INFO - [2025-06-24T00:10:16.414+0700] {dag.py:3954} INFO - Setting next_dagrun for example_dag_decorator to None, run_after=None
[2025-06-24T00:10:16.441+0700] {processor.py:183} INFO - Processing /home/panda/Documents/ODAP/Project/venv310/lib/python3.10/site-packages/airflow/example_dags/example_dag_decorator.py took 0.202 seconds
[2025-06-24T00:11:24.333+0700] {processor.py:161} INFO - Started process (PID=12417) to work on /home/panda/Documents/ODAP/Project/venv310/lib/python3.10/site-packages/airflow/example_dags/example_dag_decorator.py
[2025-06-24T00:11:24.338+0700] {processor.py:830} INFO - Processing file /home/panda/Documents/ODAP/Project/venv310/lib/python3.10/site-packages/airflow/example_dags/example_dag_decorator.py for tasks to queue
[2025-06-24T00:11:24.339+0700] {logging_mixin.py:188} INFO - [2025-06-24T00:11:24.339+0700] {dagbag.py:540} INFO - Filling up the DagBag from /home/panda/Documents/ODAP/Project/venv310/lib/python3.10/site-packages/airflow/example_dags/example_dag_decorator.py
[2025-06-24T00:11:24.420+0700] {processor.py:840} INFO - DAG(s) 'example_dag_decorator' retrieved from /home/panda/Documents/ODAP/Project/venv310/lib/python3.10/site-packages/airflow/example_dags/example_dag_decorator.py
[2025-06-24T00:11:24.495+0700] {logging_mixin.py:188} INFO - [2025-06-24T00:11:24.495+0700] {dag.py:3096} INFO - Sync 1 DAGs
[2025-06-24T00:11:24.503+0700] {logging_mixin.py:188} INFO - [2025-06-24T00:11:24.502+0700] {dag.py:3954} INFO - Setting next_dagrun for example_dag_decorator to None, run_after=None
[2025-06-24T00:11:24.528+0700] {processor.py:183} INFO - Processing /home/panda/Documents/ODAP/Project/venv310/lib/python3.10/site-packages/airflow/example_dags/example_dag_decorator.py took 0.202 seconds
[2025-06-24T00:12:22.672+0700] {processor.py:161} INFO - Started process (PID=12621) to work on /home/panda/Documents/ODAP/Project/venv310/lib/python3.10/site-packages/airflow/example_dags/example_dag_decorator.py
[2025-06-24T00:12:22.677+0700] {processor.py:830} INFO - Processing file /home/panda/Documents/ODAP/Project/venv310/lib/python3.10/site-packages/airflow/example_dags/example_dag_decorator.py for tasks to queue
[2025-06-24T00:12:22.679+0700] {logging_mixin.py:188} INFO - [2025-06-24T00:12:22.678+0700] {dagbag.py:540} INFO - Filling up the DagBag from /home/panda/Documents/ODAP/Project/venv310/lib/python3.10/site-packages/airflow/example_dags/example_dag_decorator.py
[2025-06-24T00:12:22.761+0700] {processor.py:840} INFO - DAG(s) 'example_dag_decorator' retrieved from /home/panda/Documents/ODAP/Project/venv310/lib/python3.10/site-packages/airflow/example_dags/example_dag_decorator.py
[2025-06-24T00:12:22.836+0700] {logging_mixin.py:188} INFO - [2025-06-24T00:12:22.835+0700] {dag.py:3096} INFO - Sync 1 DAGs
[2025-06-24T00:12:22.844+0700] {logging_mixin.py:188} INFO - [2025-06-24T00:12:22.843+0700] {dag.py:3954} INFO - Setting next_dagrun for example_dag_decorator to None, run_after=None
[2025-06-24T00:12:22.878+0700] {processor.py:183} INFO - Processing /home/panda/Documents/ODAP/Project/venv310/lib/python3.10/site-packages/airflow/example_dags/example_dag_decorator.py took 0.213 seconds
[2025-06-24T00:13:30.803+0700] {processor.py:161} INFO - Started process (PID=12859) to work on /home/panda/Documents/ODAP/Project/venv310/lib/python3.10/site-packages/airflow/example_dags/example_dag_decorator.py
[2025-06-24T00:13:30.809+0700] {processor.py:830} INFO - Processing file /home/panda/Documents/ODAP/Project/venv310/lib/python3.10/site-packages/airflow/example_dags/example_dag_decorator.py for tasks to queue
[2025-06-24T00:13:30.810+0700] {logging_mixin.py:188} INFO - [2025-06-24T00:13:30.809+0700] {dagbag.py:540} INFO - Filling up the DagBag from /home/panda/Documents/ODAP/Project/venv310/lib/python3.10/site-packages/airflow/example_dags/example_dag_decorator.py
[2025-06-24T00:13:30.889+0700] {processor.py:840} INFO - DAG(s) 'example_dag_decorator' retrieved from /home/panda/Documents/ODAP/Project/venv310/lib/python3.10/site-packages/airflow/example_dags/example_dag_decorator.py
[2025-06-24T00:13:30.963+0700] {logging_mixin.py:188} INFO - [2025-06-24T00:13:30.963+0700] {dag.py:3096} INFO - Sync 1 DAGs
[2025-06-24T00:13:30.970+0700] {logging_mixin.py:188} INFO - [2025-06-24T00:13:30.970+0700] {dag.py:3954} INFO - Setting next_dagrun for example_dag_decorator to None, run_after=None
[2025-06-24T00:13:30.992+0700] {processor.py:183} INFO - Processing /home/panda/Documents/ODAP/Project/venv310/lib/python3.10/site-packages/airflow/example_dags/example_dag_decorator.py took 0.196 seconds
[2025-06-24T00:14:37.251+0700] {processor.py:161} INFO - Started process (PID=13162) to work on /home/panda/Documents/ODAP/Project/venv310/lib/python3.10/site-packages/airflow/example_dags/example_dag_decorator.py
[2025-06-24T00:14:37.256+0700] {processor.py:830} INFO - Processing file /home/panda/Documents/ODAP/Project/venv310/lib/python3.10/site-packages/airflow/example_dags/example_dag_decorator.py for tasks to queue
[2025-06-24T00:14:37.258+0700] {logging_mixin.py:188} INFO - [2025-06-24T00:14:37.257+0700] {dagbag.py:540} INFO - Filling up the DagBag from /home/panda/Documents/ODAP/Project/venv310/lib/python3.10/site-packages/airflow/example_dags/example_dag_decorator.py
[2025-06-24T00:14:37.338+0700] {processor.py:840} INFO - DAG(s) 'example_dag_decorator' retrieved from /home/panda/Documents/ODAP/Project/venv310/lib/python3.10/site-packages/airflow/example_dags/example_dag_decorator.py
[2025-06-24T00:14:37.418+0700] {logging_mixin.py:188} INFO - [2025-06-24T00:14:37.418+0700] {dag.py:3096} INFO - Sync 1 DAGs
[2025-06-24T00:14:37.426+0700] {logging_mixin.py:188} INFO - [2025-06-24T00:14:37.426+0700] {dag.py:3954} INFO - Setting next_dagrun for example_dag_decorator to None, run_after=None
[2025-06-24T00:14:37.455+0700] {processor.py:183} INFO - Processing /home/panda/Documents/ODAP/Project/venv310/lib/python3.10/site-packages/airflow/example_dags/example_dag_decorator.py took 0.211 seconds
[2025-06-24T00:21:54.989+0700] {processor.py:161} INFO - Started process (PID=16659) to work on /home/panda/Documents/ODAP/Project/venv310/lib/python3.10/site-packages/airflow/example_dags/example_dag_decorator.py
[2025-06-24T00:21:54.995+0700] {processor.py:830} INFO - Processing file /home/panda/Documents/ODAP/Project/venv310/lib/python3.10/site-packages/airflow/example_dags/example_dag_decorator.py for tasks to queue
[2025-06-24T00:21:54.996+0700] {logging_mixin.py:188} INFO - [2025-06-24T00:21:54.995+0700] {dagbag.py:540} INFO - Filling up the DagBag from /home/panda/Documents/ODAP/Project/venv310/lib/python3.10/site-packages/airflow/example_dags/example_dag_decorator.py
[2025-06-24T00:21:55.084+0700] {processor.py:840} INFO - DAG(s) 'example_dag_decorator' retrieved from /home/panda/Documents/ODAP/Project/venv310/lib/python3.10/site-packages/airflow/example_dags/example_dag_decorator.py
[2025-06-24T00:21:55.164+0700] {logging_mixin.py:188} INFO - [2025-06-24T00:21:55.164+0700] {dag.py:3096} INFO - Sync 1 DAGs
[2025-06-24T00:21:55.172+0700] {logging_mixin.py:188} INFO - [2025-06-24T00:21:55.171+0700] {dag.py:3954} INFO - Setting next_dagrun for example_dag_decorator to None, run_after=None
[2025-06-24T00:21:55.196+0700] {processor.py:183} INFO - Processing /home/panda/Documents/ODAP/Project/venv310/lib/python3.10/site-packages/airflow/example_dags/example_dag_decorator.py took 0.214 seconds
[2025-06-24T00:34:07.139+0700] {processor.py:161} INFO - Started process (PID=20333) to work on /home/panda/Documents/ODAP/Project/venv310/lib/python3.10/site-packages/airflow/example_dags/example_dag_decorator.py
[2025-06-24T00:34:07.144+0700] {processor.py:830} INFO - Processing file /home/panda/Documents/ODAP/Project/venv310/lib/python3.10/site-packages/airflow/example_dags/example_dag_decorator.py for tasks to queue
[2025-06-24T00:34:07.145+0700] {logging_mixin.py:188} INFO - [2025-06-24T00:34:07.145+0700] {dagbag.py:540} INFO - Filling up the DagBag from /home/panda/Documents/ODAP/Project/venv310/lib/python3.10/site-packages/airflow/example_dags/example_dag_decorator.py
[2025-06-24T00:34:07.227+0700] {processor.py:840} INFO - DAG(s) 'example_dag_decorator' retrieved from /home/panda/Documents/ODAP/Project/venv310/lib/python3.10/site-packages/airflow/example_dags/example_dag_decorator.py
[2025-06-24T00:34:07.300+0700] {logging_mixin.py:188} INFO - [2025-06-24T00:34:07.299+0700] {dag.py:3096} INFO - Sync 1 DAGs
[2025-06-24T00:34:07.307+0700] {logging_mixin.py:188} INFO - [2025-06-24T00:34:07.307+0700] {dag.py:3954} INFO - Setting next_dagrun for example_dag_decorator to None, run_after=None
[2025-06-24T00:34:07.332+0700] {processor.py:183} INFO - Processing /home/panda/Documents/ODAP/Project/venv310/lib/python3.10/site-packages/airflow/example_dags/example_dag_decorator.py took 0.200 seconds
[2025-06-24T00:35:00.561+0700] {processor.py:161} INFO - Started process (PID=20475) to work on /home/panda/Documents/ODAP/Project/venv310/lib/python3.10/site-packages/airflow/example_dags/example_dag_decorator.py
[2025-06-24T00:35:00.566+0700] {processor.py:830} INFO - Processing file /home/panda/Documents/ODAP/Project/venv310/lib/python3.10/site-packages/airflow/example_dags/example_dag_decorator.py for tasks to queue
[2025-06-24T00:35:00.568+0700] {logging_mixin.py:188} INFO - [2025-06-24T00:35:00.567+0700] {dagbag.py:540} INFO - Filling up the DagBag from /home/panda/Documents/ODAP/Project/venv310/lib/python3.10/site-packages/airflow/example_dags/example_dag_decorator.py
[2025-06-24T00:35:00.648+0700] {processor.py:840} INFO - DAG(s) 'example_dag_decorator' retrieved from /home/panda/Documents/ODAP/Project/venv310/lib/python3.10/site-packages/airflow/example_dags/example_dag_decorator.py
[2025-06-24T00:35:00.723+0700] {logging_mixin.py:188} INFO - [2025-06-24T00:35:00.723+0700] {dag.py:3096} INFO - Sync 1 DAGs
[2025-06-24T00:35:00.730+0700] {logging_mixin.py:188} INFO - [2025-06-24T00:35:00.730+0700] {dag.py:3954} INFO - Setting next_dagrun for example_dag_decorator to None, run_after=None
[2025-06-24T00:35:00.755+0700] {processor.py:183} INFO - Processing /home/panda/Documents/ODAP/Project/venv310/lib/python3.10/site-packages/airflow/example_dags/example_dag_decorator.py took 0.200 seconds
[2025-06-24T00:36:09.791+0700] {processor.py:161} INFO - Started process (PID=20778) to work on /home/panda/Documents/ODAP/Project/venv310/lib/python3.10/site-packages/airflow/example_dags/example_dag_decorator.py
[2025-06-24T00:36:09.796+0700] {processor.py:830} INFO - Processing file /home/panda/Documents/ODAP/Project/venv310/lib/python3.10/site-packages/airflow/example_dags/example_dag_decorator.py for tasks to queue
[2025-06-24T00:36:09.797+0700] {logging_mixin.py:188} INFO - [2025-06-24T00:36:09.797+0700] {dagbag.py:540} INFO - Filling up the DagBag from /home/panda/Documents/ODAP/Project/venv310/lib/python3.10/site-packages/airflow/example_dags/example_dag_decorator.py
[2025-06-24T00:36:09.882+0700] {processor.py:840} INFO - DAG(s) 'example_dag_decorator' retrieved from /home/panda/Documents/ODAP/Project/venv310/lib/python3.10/site-packages/airflow/example_dags/example_dag_decorator.py
[2025-06-24T00:36:09.957+0700] {logging_mixin.py:188} INFO - [2025-06-24T00:36:09.956+0700] {dag.py:3096} INFO - Sync 1 DAGs
[2025-06-24T00:36:09.964+0700] {logging_mixin.py:188} INFO - [2025-06-24T00:36:09.963+0700] {dag.py:3954} INFO - Setting next_dagrun for example_dag_decorator to None, run_after=None
[2025-06-24T00:36:09.985+0700] {processor.py:183} INFO - Processing /home/panda/Documents/ODAP/Project/venv310/lib/python3.10/site-packages/airflow/example_dags/example_dag_decorator.py took 0.203 seconds
[2025-06-24T00:53:05.246+0700] {processor.py:161} INFO - Started process (PID=25202) to work on /home/panda/Documents/ODAP/Project/venv310/lib/python3.10/site-packages/airflow/example_dags/example_dag_decorator.py
[2025-06-24T00:53:05.251+0700] {processor.py:830} INFO - Processing file /home/panda/Documents/ODAP/Project/venv310/lib/python3.10/site-packages/airflow/example_dags/example_dag_decorator.py for tasks to queue
[2025-06-24T00:53:05.252+0700] {logging_mixin.py:188} INFO - [2025-06-24T00:53:05.251+0700] {dagbag.py:540} INFO - Filling up the DagBag from /home/panda/Documents/ODAP/Project/venv310/lib/python3.10/site-packages/airflow/example_dags/example_dag_decorator.py
[2025-06-24T00:53:05.334+0700] {processor.py:840} INFO - DAG(s) 'example_dag_decorator' retrieved from /home/panda/Documents/ODAP/Project/venv310/lib/python3.10/site-packages/airflow/example_dags/example_dag_decorator.py
[2025-06-24T00:53:05.417+0700] {logging_mixin.py:188} INFO - [2025-06-24T00:53:05.417+0700] {dag.py:3096} INFO - Sync 1 DAGs
[2025-06-24T00:53:05.551+0700] {logging_mixin.py:188} INFO - [2025-06-24T00:53:05.551+0700] {dag.py:3954} INFO - Setting next_dagrun for example_dag_decorator to None, run_after=None
[2025-06-24T00:53:05.584+0700] {processor.py:183} INFO - Processing /home/panda/Documents/ODAP/Project/venv310/lib/python3.10/site-packages/airflow/example_dags/example_dag_decorator.py took 0.345 seconds
[2025-06-24T00:53:59.521+0700] {processor.py:161} INFO - Started process (PID=25478) to work on /home/panda/Documents/ODAP/Project/venv310/lib/python3.10/site-packages/airflow/example_dags/example_dag_decorator.py
[2025-06-24T00:53:59.522+0700] {processor.py:830} INFO - Processing file /home/panda/Documents/ODAP/Project/venv310/lib/python3.10/site-packages/airflow/example_dags/example_dag_decorator.py for tasks to queue
[2025-06-24T00:53:59.523+0700] {logging_mixin.py:188} INFO - [2025-06-24T00:53:59.523+0700] {dagbag.py:540} INFO - Filling up the DagBag from /home/panda/Documents/ODAP/Project/venv310/lib/python3.10/site-packages/airflow/example_dags/example_dag_decorator.py
[2025-06-24T00:53:59.606+0700] {processor.py:840} INFO - DAG(s) 'example_dag_decorator' retrieved from /home/panda/Documents/ODAP/Project/venv310/lib/python3.10/site-packages/airflow/example_dags/example_dag_decorator.py
[2025-06-24T00:53:59.689+0700] {logging_mixin.py:188} INFO - [2025-06-24T00:53:59.689+0700] {dag.py:3096} INFO - Sync 1 DAGs
[2025-06-24T00:53:59.816+0700] {logging_mixin.py:188} INFO - [2025-06-24T00:53:59.815+0700] {dag.py:3954} INFO - Setting next_dagrun for example_dag_decorator to None, run_after=None
[2025-06-24T00:53:59.849+0700] {processor.py:183} INFO - Processing /home/panda/Documents/ODAP/Project/venv310/lib/python3.10/site-packages/airflow/example_dags/example_dag_decorator.py took 0.336 seconds
[2025-06-24T00:55:08.065+0700] {processor.py:161} INFO - Started process (PID=25749) to work on /home/panda/Documents/ODAP/Project/venv310/lib/python3.10/site-packages/airflow/example_dags/example_dag_decorator.py
[2025-06-24T00:55:08.067+0700] {processor.py:830} INFO - Processing file /home/panda/Documents/ODAP/Project/venv310/lib/python3.10/site-packages/airflow/example_dags/example_dag_decorator.py for tasks to queue
[2025-06-24T00:55:08.068+0700] {logging_mixin.py:188} INFO - [2025-06-24T00:55:08.068+0700] {dagbag.py:540} INFO - Filling up the DagBag from /home/panda/Documents/ODAP/Project/venv310/lib/python3.10/site-packages/airflow/example_dags/example_dag_decorator.py
[2025-06-24T00:55:08.165+0700] {processor.py:840} INFO - DAG(s) 'example_dag_decorator' retrieved from /home/panda/Documents/ODAP/Project/venv310/lib/python3.10/site-packages/airflow/example_dags/example_dag_decorator.py
[2025-06-24T00:55:08.247+0700] {logging_mixin.py:188} INFO - [2025-06-24T00:55:08.247+0700] {dag.py:3096} INFO - Sync 1 DAGs
[2025-06-24T00:55:08.383+0700] {logging_mixin.py:188} INFO - [2025-06-24T00:55:08.382+0700] {dag.py:3954} INFO - Setting next_dagrun for example_dag_decorator to None, run_after=None
[2025-06-24T00:55:08.410+0700] {processor.py:183} INFO - Processing /home/panda/Documents/ODAP/Project/venv310/lib/python3.10/site-packages/airflow/example_dags/example_dag_decorator.py took 0.353 seconds
[2025-06-24T01:03:39.758+0700] {processor.py:161} INFO - Started process (PID=28640) to work on /home/panda/Documents/ODAP/Project/venv310/lib/python3.10/site-packages/airflow/example_dags/example_dag_decorator.py
[2025-06-24T01:03:39.764+0700] {processor.py:830} INFO - Processing file /home/panda/Documents/ODAP/Project/venv310/lib/python3.10/site-packages/airflow/example_dags/example_dag_decorator.py for tasks to queue
[2025-06-24T01:03:39.765+0700] {logging_mixin.py:188} INFO - [2025-06-24T01:03:39.765+0700] {dagbag.py:540} INFO - Filling up the DagBag from /home/panda/Documents/ODAP/Project/venv310/lib/python3.10/site-packages/airflow/example_dags/example_dag_decorator.py
[2025-06-24T01:03:39.856+0700] {processor.py:840} INFO - DAG(s) 'example_dag_decorator' retrieved from /home/panda/Documents/ODAP/Project/venv310/lib/python3.10/site-packages/airflow/example_dags/example_dag_decorator.py
[2025-06-24T01:03:39.937+0700] {logging_mixin.py:188} INFO - [2025-06-24T01:03:39.937+0700] {dag.py:3096} INFO - Sync 1 DAGs
[2025-06-24T01:03:39.945+0700] {logging_mixin.py:188} INFO - [2025-06-24T01:03:39.944+0700] {dag.py:3954} INFO - Setting next_dagrun for example_dag_decorator to None, run_after=None
[2025-06-24T01:03:39.971+0700] {processor.py:183} INFO - Processing /home/panda/Documents/ODAP/Project/venv310/lib/python3.10/site-packages/airflow/example_dags/example_dag_decorator.py took 0.220 seconds
