[2025-06-24T00:02:20.941+0700] {processor.py:161} INFO - Started process (PID=5768) to work on /home/panda/Documents/ODAP/Project/venv310/lib/python3.10/site-packages/airflow/example_dags/example_subdag_operator.py
[2025-06-24T00:02:20.942+0700] {processor.py:830} INFO - Processing file /home/panda/Documents/ODAP/Project/venv310/lib/python3.10/site-packages/airflow/example_dags/example_subdag_operator.py for tasks to queue
[2025-06-24T00:02:20.944+0700] {logging_mixin.py:188} INFO - [2025-06-24T00:02:20.944+0700] {dagbag.py:540} INFO - Filling up the DagBag from /home/panda/Documents/ODAP/Project/venv310/lib/python3.10/site-packages/airflow/example_dags/example_subdag_operator.py
[2025-06-24T00:02:20.970+0700] {processor.py:840} INFO - DAG(s) 'example_subdag_operator.section-1', 'example_subdag_operator.section-2', 'example_subdag_operator' retrieved from /home/panda/Documents/ODAP/Project/venv310/lib/python3.10/site-packages/airflow/example_dags/example_subdag_operator.py
[2025-06-24T00:02:20.992+0700] {logging_mixin.py:188} INFO - [2025-06-24T00:02:20.992+0700] {dag.py:3096} INFO - Sync 3 DAGs
[2025-06-24T00:02:21.010+0700] {logging_mixin.py:188} INFO - [2025-06-24T00:02:21.009+0700] {dag.py:3954} INFO - Setting next_dagrun for example_subdag_operator to 2022-01-01 00:00:00+00:00, run_after=2022-01-01 00:00:00+00:00
[2025-06-24T00:02:21.012+0700] {logging_mixin.py:188} INFO - [2025-06-24T00:02:21.012+0700] {dag.py:3954} INFO - Setting next_dagrun for example_subdag_operator.section-1 to None, run_after=None
[2025-06-24T00:02:21.013+0700] {logging_mixin.py:188} INFO - [2025-06-24T00:02:21.013+0700] {dag.py:3954} INFO - Setting next_dagrun for example_subdag_operator.section-2 to None, run_after=None
[2025-06-24T00:02:21.018+0700] {logging_mixin.py:188} INFO - [2025-06-24T00:02:21.018+0700] {dag.py:3096} INFO - Sync 2 DAGs
[2025-06-24T00:02:21.023+0700] {logging_mixin.py:188} INFO - [2025-06-24T00:02:21.022+0700] {dag.py:3954} INFO - Setting next_dagrun for example_subdag_operator.section-1 to None, run_after=None
[2025-06-24T00:02:21.023+0700] {logging_mixin.py:188} INFO - [2025-06-24T00:02:21.023+0700] {dag.py:3954} INFO - Setting next_dagrun for example_subdag_operator.section-2 to None, run_after=None
[2025-06-24T00:02:21.049+0700] {processor.py:183} INFO - Processing /home/panda/Documents/ODAP/Project/venv310/lib/python3.10/site-packages/airflow/example_dags/example_subdag_operator.py took 0.115 seconds
[2025-06-24T00:03:14.174+0700] {processor.py:161} INFO - Started process (PID=6243) to work on /home/panda/Documents/ODAP/Project/venv310/lib/python3.10/site-packages/airflow/example_dags/example_subdag_operator.py
[2025-06-24T00:03:14.177+0700] {processor.py:830} INFO - Processing file /home/panda/Documents/ODAP/Project/venv310/lib/python3.10/site-packages/airflow/example_dags/example_subdag_operator.py for tasks to queue
[2025-06-24T00:03:14.179+0700] {logging_mixin.py:188} INFO - [2025-06-24T00:03:14.179+0700] {dagbag.py:540} INFO - Filling up the DagBag from /home/panda/Documents/ODAP/Project/venv310/lib/python3.10/site-packages/airflow/example_dags/example_subdag_operator.py
[2025-06-24T00:03:14.205+0700] {processor.py:840} INFO - DAG(s) 'example_subdag_operator.section-1', 'example_subdag_operator.section-2', 'example_subdag_operator' retrieved from /home/panda/Documents/ODAP/Project/venv310/lib/python3.10/site-packages/airflow/example_dags/example_subdag_operator.py
[2025-06-24T00:03:14.223+0700] {logging_mixin.py:188} INFO - [2025-06-24T00:03:14.223+0700] {dag.py:3096} INFO - Sync 3 DAGs
[2025-06-24T00:03:14.244+0700] {logging_mixin.py:188} INFO - [2025-06-24T00:03:14.244+0700] {dag.py:3954} INFO - Setting next_dagrun for example_subdag_operator to 2022-01-01 00:00:00+00:00, run_after=2022-01-01 00:00:00+00:00
[2025-06-24T00:03:14.248+0700] {logging_mixin.py:188} INFO - [2025-06-24T00:03:14.247+0700] {dag.py:3954} INFO - Setting next_dagrun for example_subdag_operator.section-1 to None, run_after=None
[2025-06-24T00:03:14.249+0700] {logging_mixin.py:188} INFO - [2025-06-24T00:03:14.248+0700] {dag.py:3954} INFO - Setting next_dagrun for example_subdag_operator.section-2 to None, run_after=None
[2025-06-24T00:03:14.254+0700] {logging_mixin.py:188} INFO - [2025-06-24T00:03:14.254+0700] {dag.py:3096} INFO - Sync 2 DAGs
[2025-06-24T00:03:14.258+0700] {logging_mixin.py:188} INFO - [2025-06-24T00:03:14.258+0700] {dag.py:3954} INFO - Setting next_dagrun for example_subdag_operator.section-1 to None, run_after=None
[2025-06-24T00:03:14.258+0700] {logging_mixin.py:188} INFO - [2025-06-24T00:03:14.258+0700] {dag.py:3954} INFO - Setting next_dagrun for example_subdag_operator.section-2 to None, run_after=None
[2025-06-24T00:03:14.272+0700] {processor.py:183} INFO - Processing /home/panda/Documents/ODAP/Project/venv310/lib/python3.10/site-packages/airflow/example_dags/example_subdag_operator.py took 0.105 seconds
[2025-06-24T00:04:10.404+0700] {processor.py:161} INFO - Started process (PID=6783) to work on /home/panda/Documents/ODAP/Project/venv310/lib/python3.10/site-packages/airflow/example_dags/example_subdag_operator.py
[2025-06-24T00:04:10.406+0700] {processor.py:830} INFO - Processing file /home/panda/Documents/ODAP/Project/venv310/lib/python3.10/site-packages/airflow/example_dags/example_subdag_operator.py for tasks to queue
[2025-06-24T00:04:10.408+0700] {logging_mixin.py:188} INFO - [2025-06-24T00:04:10.407+0700] {dagbag.py:540} INFO - Filling up the DagBag from /home/panda/Documents/ODAP/Project/venv310/lib/python3.10/site-packages/airflow/example_dags/example_subdag_operator.py
[2025-06-24T00:04:10.431+0700] {processor.py:840} INFO - DAG(s) 'example_subdag_operator.section-1', 'example_subdag_operator.section-2', 'example_subdag_operator' retrieved from /home/panda/Documents/ODAP/Project/venv310/lib/python3.10/site-packages/airflow/example_dags/example_subdag_operator.py
[2025-06-24T00:04:10.561+0700] {logging_mixin.py:188} INFO - [2025-06-24T00:04:10.561+0700] {dag.py:3096} INFO - Sync 3 DAGs
[2025-06-24T00:04:10.576+0700] {logging_mixin.py:188} INFO - [2025-06-24T00:04:10.575+0700] {dag.py:3954} INFO - Setting next_dagrun for example_subdag_operator to 2022-01-01 00:00:00+00:00, run_after=2022-01-01 00:00:00+00:00
[2025-06-24T00:04:10.578+0700] {logging_mixin.py:188} INFO - [2025-06-24T00:04:10.578+0700] {dag.py:3954} INFO - Setting next_dagrun for example_subdag_operator.section-1 to None, run_after=None
[2025-06-24T00:04:10.579+0700] {logging_mixin.py:188} INFO - [2025-06-24T00:04:10.579+0700] {dag.py:3954} INFO - Setting next_dagrun for example_subdag_operator.section-2 to None, run_after=None
[2025-06-24T00:04:10.583+0700] {logging_mixin.py:188} INFO - [2025-06-24T00:04:10.583+0700] {dag.py:3096} INFO - Sync 2 DAGs
[2025-06-24T00:04:10.586+0700] {logging_mixin.py:188} INFO - [2025-06-24T00:04:10.586+0700] {dag.py:3954} INFO - Setting next_dagrun for example_subdag_operator.section-1 to None, run_after=None
[2025-06-24T00:04:10.586+0700] {logging_mixin.py:188} INFO - [2025-06-24T00:04:10.586+0700] {dag.py:3954} INFO - Setting next_dagrun for example_subdag_operator.section-2 to None, run_after=None
[2025-06-24T00:04:10.605+0700] {processor.py:183} INFO - Processing /home/panda/Documents/ODAP/Project/venv310/lib/python3.10/site-packages/airflow/example_dags/example_subdag_operator.py took 0.208 seconds
[2025-06-24T00:05:00.802+0700] {processor.py:161} INFO - Started process (PID=6920) to work on /home/panda/Documents/ODAP/Project/venv310/lib/python3.10/site-packages/airflow/example_dags/example_subdag_operator.py
[2025-06-24T00:05:00.807+0700] {processor.py:830} INFO - Processing file /home/panda/Documents/ODAP/Project/venv310/lib/python3.10/site-packages/airflow/example_dags/example_subdag_operator.py for tasks to queue
[2025-06-24T00:05:00.809+0700] {logging_mixin.py:188} INFO - [2025-06-24T00:05:00.808+0700] {dagbag.py:540} INFO - Filling up the DagBag from /home/panda/Documents/ODAP/Project/venv310/lib/python3.10/site-packages/airflow/example_dags/example_subdag_operator.py
[2025-06-24T00:05:00.836+0700] {processor.py:840} INFO - DAG(s) 'example_subdag_operator.section-1', 'example_subdag_operator.section-2', 'example_subdag_operator' retrieved from /home/panda/Documents/ODAP/Project/venv310/lib/python3.10/site-packages/airflow/example_dags/example_subdag_operator.py
[2025-06-24T00:05:00.853+0700] {logging_mixin.py:188} INFO - [2025-06-24T00:05:00.853+0700] {dag.py:3096} INFO - Sync 3 DAGs
[2025-06-24T00:05:00.875+0700] {logging_mixin.py:188} INFO - [2025-06-24T00:05:00.875+0700] {dag.py:3954} INFO - Setting next_dagrun for example_subdag_operator to 2022-01-01 00:00:00+00:00, run_after=2022-01-01 00:00:00+00:00
[2025-06-24T00:05:00.878+0700] {logging_mixin.py:188} INFO - [2025-06-24T00:05:00.878+0700] {dag.py:3954} INFO - Setting next_dagrun for example_subdag_operator.section-1 to None, run_after=None
[2025-06-24T00:05:00.879+0700] {logging_mixin.py:188} INFO - [2025-06-24T00:05:00.879+0700] {dag.py:3954} INFO - Setting next_dagrun for example_subdag_operator.section-2 to None, run_after=None
[2025-06-24T00:05:00.886+0700] {logging_mixin.py:188} INFO - [2025-06-24T00:05:00.886+0700] {dag.py:3096} INFO - Sync 2 DAGs
[2025-06-24T00:05:00.890+0700] {logging_mixin.py:188} INFO - [2025-06-24T00:05:00.890+0700] {dag.py:3954} INFO - Setting next_dagrun for example_subdag_operator.section-1 to None, run_after=None
[2025-06-24T00:05:00.890+0700] {logging_mixin.py:188} INFO - [2025-06-24T00:05:00.890+0700] {dag.py:3954} INFO - Setting next_dagrun for example_subdag_operator.section-2 to None, run_after=None
[2025-06-24T00:05:00.906+0700] {processor.py:183} INFO - Processing /home/panda/Documents/ODAP/Project/venv310/lib/python3.10/site-packages/airflow/example_dags/example_subdag_operator.py took 0.112 seconds
[2025-06-24T00:07:27.181+0700] {processor.py:161} INFO - Started process (PID=8149) to work on /home/panda/Documents/ODAP/Project/venv310/lib/python3.10/site-packages/airflow/example_dags/example_subdag_operator.py
[2025-06-24T00:07:27.186+0700] {processor.py:830} INFO - Processing file /home/panda/Documents/ODAP/Project/venv310/lib/python3.10/site-packages/airflow/example_dags/example_subdag_operator.py for tasks to queue
[2025-06-24T00:07:27.187+0700] {logging_mixin.py:188} INFO - [2025-06-24T00:07:27.186+0700] {dagbag.py:540} INFO - Filling up the DagBag from /home/panda/Documents/ODAP/Project/venv310/lib/python3.10/site-packages/airflow/example_dags/example_subdag_operator.py
[2025-06-24T00:07:27.213+0700] {processor.py:840} INFO - DAG(s) 'example_subdag_operator.section-1', 'example_subdag_operator.section-2', 'example_subdag_operator' retrieved from /home/panda/Documents/ODAP/Project/venv310/lib/python3.10/site-packages/airflow/example_dags/example_subdag_operator.py
[2025-06-24T00:07:27.231+0700] {logging_mixin.py:188} INFO - [2025-06-24T00:07:27.231+0700] {dag.py:3096} INFO - Sync 3 DAGs
[2025-06-24T00:07:27.251+0700] {logging_mixin.py:188} INFO - [2025-06-24T00:07:27.251+0700] {dag.py:3954} INFO - Setting next_dagrun for example_subdag_operator to 2022-01-01 00:00:00+00:00, run_after=2022-01-01 00:00:00+00:00
[2025-06-24T00:07:27.254+0700] {logging_mixin.py:188} INFO - [2025-06-24T00:07:27.254+0700] {dag.py:3954} INFO - Setting next_dagrun for example_subdag_operator.section-1 to None, run_after=None
[2025-06-24T00:07:27.256+0700] {logging_mixin.py:188} INFO - [2025-06-24T00:07:27.255+0700] {dag.py:3954} INFO - Setting next_dagrun for example_subdag_operator.section-2 to None, run_after=None
[2025-06-24T00:07:27.261+0700] {logging_mixin.py:188} INFO - [2025-06-24T00:07:27.261+0700] {dag.py:3096} INFO - Sync 2 DAGs
[2025-06-24T00:07:27.265+0700] {logging_mixin.py:188} INFO - [2025-06-24T00:07:27.265+0700] {dag.py:3954} INFO - Setting next_dagrun for example_subdag_operator.section-1 to None, run_after=None
[2025-06-24T00:07:27.266+0700] {logging_mixin.py:188} INFO - [2025-06-24T00:07:27.266+0700] {dag.py:3954} INFO - Setting next_dagrun for example_subdag_operator.section-2 to None, run_after=None
[2025-06-24T00:07:27.282+0700] {processor.py:183} INFO - Processing /home/panda/Documents/ODAP/Project/venv310/lib/python3.10/site-packages/airflow/example_dags/example_subdag_operator.py took 0.109 seconds
[2025-06-24T00:08:53.436+0700] {processor.py:161} INFO - Started process (PID=10713) to work on /home/panda/Documents/ODAP/Project/venv310/lib/python3.10/site-packages/airflow/example_dags/example_subdag_operator.py
[2025-06-24T00:08:53.441+0700] {processor.py:830} INFO - Processing file /home/panda/Documents/ODAP/Project/venv310/lib/python3.10/site-packages/airflow/example_dags/example_subdag_operator.py for tasks to queue
[2025-06-24T00:08:53.442+0700] {logging_mixin.py:188} INFO - [2025-06-24T00:08:53.442+0700] {dagbag.py:540} INFO - Filling up the DagBag from /home/panda/Documents/ODAP/Project/venv310/lib/python3.10/site-packages/airflow/example_dags/example_subdag_operator.py
[2025-06-24T00:08:53.469+0700] {processor.py:840} INFO - DAG(s) 'example_subdag_operator.section-1', 'example_subdag_operator.section-2', 'example_subdag_operator' retrieved from /home/panda/Documents/ODAP/Project/venv310/lib/python3.10/site-packages/airflow/example_dags/example_subdag_operator.py
[2025-06-24T00:08:53.486+0700] {logging_mixin.py:188} INFO - [2025-06-24T00:08:53.486+0700] {dag.py:3096} INFO - Sync 3 DAGs
[2025-06-24T00:08:53.505+0700] {logging_mixin.py:188} INFO - [2025-06-24T00:08:53.505+0700] {dag.py:3954} INFO - Setting next_dagrun for example_subdag_operator to 2022-01-01 00:00:00+00:00, run_after=2022-01-01 00:00:00+00:00
[2025-06-24T00:08:53.509+0700] {logging_mixin.py:188} INFO - [2025-06-24T00:08:53.508+0700] {dag.py:3954} INFO - Setting next_dagrun for example_subdag_operator.section-1 to None, run_after=None
[2025-06-24T00:08:53.510+0700] {logging_mixin.py:188} INFO - [2025-06-24T00:08:53.509+0700] {dag.py:3954} INFO - Setting next_dagrun for example_subdag_operator.section-2 to None, run_after=None
[2025-06-24T00:08:53.516+0700] {logging_mixin.py:188} INFO - [2025-06-24T00:08:53.515+0700] {dag.py:3096} INFO - Sync 2 DAGs
[2025-06-24T00:08:53.520+0700] {logging_mixin.py:188} INFO - [2025-06-24T00:08:53.520+0700] {dag.py:3954} INFO - Setting next_dagrun for example_subdag_operator.section-1 to None, run_after=None
[2025-06-24T00:08:53.520+0700] {logging_mixin.py:188} INFO - [2025-06-24T00:08:53.520+0700] {dag.py:3954} INFO - Setting next_dagrun for example_subdag_operator.section-2 to None, run_after=None
[2025-06-24T00:08:53.543+0700] {processor.py:183} INFO - Processing /home/panda/Documents/ODAP/Project/venv310/lib/python3.10/site-packages/airflow/example_dags/example_subdag_operator.py took 0.115 seconds
[2025-06-24T00:09:45.197+0700] {processor.py:161} INFO - Started process (PID=10850) to work on /home/panda/Documents/ODAP/Project/venv310/lib/python3.10/site-packages/airflow/example_dags/example_subdag_operator.py
[2025-06-24T00:09:45.202+0700] {processor.py:830} INFO - Processing file /home/panda/Documents/ODAP/Project/venv310/lib/python3.10/site-packages/airflow/example_dags/example_subdag_operator.py for tasks to queue
[2025-06-24T00:09:45.203+0700] {logging_mixin.py:188} INFO - [2025-06-24T00:09:45.203+0700] {dagbag.py:540} INFO - Filling up the DagBag from /home/panda/Documents/ODAP/Project/venv310/lib/python3.10/site-packages/airflow/example_dags/example_subdag_operator.py
[2025-06-24T00:09:45.230+0700] {processor.py:840} INFO - DAG(s) 'example_subdag_operator.section-1', 'example_subdag_operator.section-2', 'example_subdag_operator' retrieved from /home/panda/Documents/ODAP/Project/venv310/lib/python3.10/site-packages/airflow/example_dags/example_subdag_operator.py
[2025-06-24T00:09:45.246+0700] {logging_mixin.py:188} INFO - [2025-06-24T00:09:45.246+0700] {dag.py:3096} INFO - Sync 3 DAGs
[2025-06-24T00:09:45.264+0700] {logging_mixin.py:188} INFO - [2025-06-24T00:09:45.263+0700] {dag.py:3954} INFO - Setting next_dagrun for example_subdag_operator to 2022-01-01 00:00:00+00:00, run_after=2022-01-01 00:00:00+00:00
[2025-06-24T00:09:45.266+0700] {logging_mixin.py:188} INFO - [2025-06-24T00:09:45.266+0700] {dag.py:3954} INFO - Setting next_dagrun for example_subdag_operator.section-1 to None, run_after=None
[2025-06-24T00:09:45.267+0700] {logging_mixin.py:188} INFO - [2025-06-24T00:09:45.267+0700] {dag.py:3954} INFO - Setting next_dagrun for example_subdag_operator.section-2 to None, run_after=None
[2025-06-24T00:09:45.272+0700] {logging_mixin.py:188} INFO - [2025-06-24T00:09:45.272+0700] {dag.py:3096} INFO - Sync 2 DAGs
[2025-06-24T00:09:45.275+0700] {logging_mixin.py:188} INFO - [2025-06-24T00:09:45.275+0700] {dag.py:3954} INFO - Setting next_dagrun for example_subdag_operator.section-1 to None, run_after=None
[2025-06-24T00:09:45.276+0700] {logging_mixin.py:188} INFO - [2025-06-24T00:09:45.275+0700] {dag.py:3954} INFO - Setting next_dagrun for example_subdag_operator.section-2 to None, run_after=None
[2025-06-24T00:09:45.292+0700] {processor.py:183} INFO - Processing /home/panda/Documents/ODAP/Project/venv310/lib/python3.10/site-packages/airflow/example_dags/example_subdag_operator.py took 0.102 seconds
[2025-06-24T00:10:38.687+0700] {processor.py:161} INFO - Started process (PID=11003) to work on /home/panda/Documents/ODAP/Project/venv310/lib/python3.10/site-packages/airflow/example_dags/example_subdag_operator.py
[2025-06-24T00:10:38.689+0700] {processor.py:830} INFO - Processing file /home/panda/Documents/ODAP/Project/venv310/lib/python3.10/site-packages/airflow/example_dags/example_subdag_operator.py for tasks to queue
[2025-06-24T00:10:38.690+0700] {logging_mixin.py:188} INFO - [2025-06-24T00:10:38.690+0700] {dagbag.py:540} INFO - Filling up the DagBag from /home/panda/Documents/ODAP/Project/venv310/lib/python3.10/site-packages/airflow/example_dags/example_subdag_operator.py
[2025-06-24T00:10:38.719+0700] {processor.py:840} INFO - DAG(s) 'example_subdag_operator.section-1', 'example_subdag_operator.section-2', 'example_subdag_operator' retrieved from /home/panda/Documents/ODAP/Project/venv310/lib/python3.10/site-packages/airflow/example_dags/example_subdag_operator.py
[2025-06-24T00:10:38.742+0700] {logging_mixin.py:188} INFO - [2025-06-24T00:10:38.742+0700] {dag.py:3096} INFO - Sync 3 DAGs
[2025-06-24T00:10:38.764+0700] {logging_mixin.py:188} INFO - [2025-06-24T00:10:38.764+0700] {dag.py:3954} INFO - Setting next_dagrun for example_subdag_operator to 2022-01-01 00:00:00+00:00, run_after=2022-01-01 00:00:00+00:00
[2025-06-24T00:10:38.768+0700] {logging_mixin.py:188} INFO - [2025-06-24T00:10:38.767+0700] {dag.py:3954} INFO - Setting next_dagrun for example_subdag_operator.section-1 to None, run_after=None
[2025-06-24T00:10:38.769+0700] {logging_mixin.py:188} INFO - [2025-06-24T00:10:38.769+0700] {dag.py:3954} INFO - Setting next_dagrun for example_subdag_operator.section-2 to None, run_after=None
[2025-06-24T00:10:38.776+0700] {logging_mixin.py:188} INFO - [2025-06-24T00:10:38.775+0700] {dag.py:3096} INFO - Sync 2 DAGs
[2025-06-24T00:10:38.781+0700] {logging_mixin.py:188} INFO - [2025-06-24T00:10:38.781+0700] {dag.py:3954} INFO - Setting next_dagrun for example_subdag_operator.section-1 to None, run_after=None
[2025-06-24T00:10:38.782+0700] {logging_mixin.py:188} INFO - [2025-06-24T00:10:38.782+0700] {dag.py:3954} INFO - Setting next_dagrun for example_subdag_operator.section-2 to None, run_after=None
[2025-06-24T00:10:38.799+0700] {processor.py:183} INFO - Processing /home/panda/Documents/ODAP/Project/venv310/lib/python3.10/site-packages/airflow/example_dags/example_subdag_operator.py took 0.120 seconds
[2025-06-24T00:11:50.346+0700] {processor.py:161} INFO - Started process (PID=12492) to work on /home/panda/Documents/ODAP/Project/venv310/lib/python3.10/site-packages/airflow/example_dags/example_subdag_operator.py
[2025-06-24T00:11:50.348+0700] {processor.py:830} INFO - Processing file /home/panda/Documents/ODAP/Project/venv310/lib/python3.10/site-packages/airflow/example_dags/example_subdag_operator.py for tasks to queue
[2025-06-24T00:11:50.350+0700] {logging_mixin.py:188} INFO - [2025-06-24T00:11:50.349+0700] {dagbag.py:540} INFO - Filling up the DagBag from /home/panda/Documents/ODAP/Project/venv310/lib/python3.10/site-packages/airflow/example_dags/example_subdag_operator.py
[2025-06-24T00:11:50.377+0700] {processor.py:840} INFO - DAG(s) 'example_subdag_operator.section-1', 'example_subdag_operator.section-2', 'example_subdag_operator' retrieved from /home/panda/Documents/ODAP/Project/venv310/lib/python3.10/site-packages/airflow/example_dags/example_subdag_operator.py
[2025-06-24T00:11:50.394+0700] {logging_mixin.py:188} INFO - [2025-06-24T00:11:50.394+0700] {dag.py:3096} INFO - Sync 3 DAGs
[2025-06-24T00:11:50.412+0700] {logging_mixin.py:188} INFO - [2025-06-24T00:11:50.412+0700] {dag.py:3954} INFO - Setting next_dagrun for example_subdag_operator to 2022-01-01 00:00:00+00:00, run_after=2022-01-01 00:00:00+00:00
[2025-06-24T00:11:50.415+0700] {logging_mixin.py:188} INFO - [2025-06-24T00:11:50.415+0700] {dag.py:3954} INFO - Setting next_dagrun for example_subdag_operator.section-1 to None, run_after=None
[2025-06-24T00:11:50.417+0700] {logging_mixin.py:188} INFO - [2025-06-24T00:11:50.416+0700] {dag.py:3954} INFO - Setting next_dagrun for example_subdag_operator.section-2 to None, run_after=None
[2025-06-24T00:11:50.422+0700] {logging_mixin.py:188} INFO - [2025-06-24T00:11:50.422+0700] {dag.py:3096} INFO - Sync 2 DAGs
[2025-06-24T00:11:50.426+0700] {logging_mixin.py:188} INFO - [2025-06-24T00:11:50.426+0700] {dag.py:3954} INFO - Setting next_dagrun for example_subdag_operator.section-1 to None, run_after=None
[2025-06-24T00:11:50.426+0700] {logging_mixin.py:188} INFO - [2025-06-24T00:11:50.426+0700] {dag.py:3954} INFO - Setting next_dagrun for example_subdag_operator.section-2 to None, run_after=None
[2025-06-24T00:11:50.443+0700] {processor.py:183} INFO - Processing /home/panda/Documents/ODAP/Project/venv310/lib/python3.10/site-packages/airflow/example_dags/example_subdag_operator.py took 0.105 seconds
[2025-06-24T00:12:42.155+0700] {processor.py:161} INFO - Started process (PID=12699) to work on /home/panda/Documents/ODAP/Project/venv310/lib/python3.10/site-packages/airflow/example_dags/example_subdag_operator.py
[2025-06-24T00:12:42.160+0700] {processor.py:830} INFO - Processing file /home/panda/Documents/ODAP/Project/venv310/lib/python3.10/site-packages/airflow/example_dags/example_subdag_operator.py for tasks to queue
[2025-06-24T00:12:42.161+0700] {logging_mixin.py:188} INFO - [2025-06-24T00:12:42.161+0700] {dagbag.py:540} INFO - Filling up the DagBag from /home/panda/Documents/ODAP/Project/venv310/lib/python3.10/site-packages/airflow/example_dags/example_subdag_operator.py
[2025-06-24T00:12:42.186+0700] {processor.py:840} INFO - DAG(s) 'example_subdag_operator.section-1', 'example_subdag_operator.section-2', 'example_subdag_operator' retrieved from /home/panda/Documents/ODAP/Project/venv310/lib/python3.10/site-packages/airflow/example_dags/example_subdag_operator.py
[2025-06-24T00:12:42.202+0700] {logging_mixin.py:188} INFO - [2025-06-24T00:12:42.202+0700] {dag.py:3096} INFO - Sync 3 DAGs
[2025-06-24T00:12:42.218+0700] {logging_mixin.py:188} INFO - [2025-06-24T00:12:42.218+0700] {dag.py:3954} INFO - Setting next_dagrun for example_subdag_operator to 2022-01-01 00:00:00+00:00, run_after=2022-01-01 00:00:00+00:00
[2025-06-24T00:12:42.221+0700] {logging_mixin.py:188} INFO - [2025-06-24T00:12:42.221+0700] {dag.py:3954} INFO - Setting next_dagrun for example_subdag_operator.section-1 to None, run_after=None
[2025-06-24T00:12:42.222+0700] {logging_mixin.py:188} INFO - [2025-06-24T00:12:42.222+0700] {dag.py:3954} INFO - Setting next_dagrun for example_subdag_operator.section-2 to None, run_after=None
[2025-06-24T00:12:42.228+0700] {logging_mixin.py:188} INFO - [2025-06-24T00:12:42.228+0700] {dag.py:3096} INFO - Sync 2 DAGs
[2025-06-24T00:12:42.232+0700] {logging_mixin.py:188} INFO - [2025-06-24T00:12:42.232+0700] {dag.py:3954} INFO - Setting next_dagrun for example_subdag_operator.section-1 to None, run_after=None
[2025-06-24T00:12:42.233+0700] {logging_mixin.py:188} INFO - [2025-06-24T00:12:42.232+0700] {dag.py:3954} INFO - Setting next_dagrun for example_subdag_operator.section-2 to None, run_after=None
[2025-06-24T00:12:42.248+0700] {processor.py:183} INFO - Processing /home/panda/Documents/ODAP/Project/venv310/lib/python3.10/site-packages/airflow/example_dags/example_subdag_operator.py took 0.100 seconds
[2025-06-24T00:13:46.400+0700] {processor.py:161} INFO - Started process (PID=12899) to work on /home/panda/Documents/ODAP/Project/venv310/lib/python3.10/site-packages/airflow/example_dags/example_subdag_operator.py
[2025-06-24T00:13:46.406+0700] {processor.py:830} INFO - Processing file /home/panda/Documents/ODAP/Project/venv310/lib/python3.10/site-packages/airflow/example_dags/example_subdag_operator.py for tasks to queue
[2025-06-24T00:13:46.407+0700] {logging_mixin.py:188} INFO - [2025-06-24T00:13:46.406+0700] {dagbag.py:540} INFO - Filling up the DagBag from /home/panda/Documents/ODAP/Project/venv310/lib/python3.10/site-packages/airflow/example_dags/example_subdag_operator.py
[2025-06-24T00:13:46.433+0700] {processor.py:840} INFO - DAG(s) 'example_subdag_operator.section-1', 'example_subdag_operator.section-2', 'example_subdag_operator' retrieved from /home/panda/Documents/ODAP/Project/venv310/lib/python3.10/site-packages/airflow/example_dags/example_subdag_operator.py
[2025-06-24T00:13:46.450+0700] {logging_mixin.py:188} INFO - [2025-06-24T00:13:46.449+0700] {dag.py:3096} INFO - Sync 3 DAGs
[2025-06-24T00:13:46.467+0700] {logging_mixin.py:188} INFO - [2025-06-24T00:13:46.467+0700] {dag.py:3954} INFO - Setting next_dagrun for example_subdag_operator to 2022-01-01 00:00:00+00:00, run_after=2022-01-01 00:00:00+00:00
[2025-06-24T00:13:46.470+0700] {logging_mixin.py:188} INFO - [2025-06-24T00:13:46.470+0700] {dag.py:3954} INFO - Setting next_dagrun for example_subdag_operator.section-1 to None, run_after=None
[2025-06-24T00:13:46.471+0700] {logging_mixin.py:188} INFO - [2025-06-24T00:13:46.471+0700] {dag.py:3954} INFO - Setting next_dagrun for example_subdag_operator.section-2 to None, run_after=None
[2025-06-24T00:13:46.477+0700] {logging_mixin.py:188} INFO - [2025-06-24T00:13:46.477+0700] {dag.py:3096} INFO - Sync 2 DAGs
[2025-06-24T00:13:46.480+0700] {logging_mixin.py:188} INFO - [2025-06-24T00:13:46.480+0700] {dag.py:3954} INFO - Setting next_dagrun for example_subdag_operator.section-1 to None, run_after=None
[2025-06-24T00:13:46.481+0700] {logging_mixin.py:188} INFO - [2025-06-24T00:13:46.481+0700] {dag.py:3954} INFO - Setting next_dagrun for example_subdag_operator.section-2 to None, run_after=None
[2025-06-24T00:13:46.504+0700] {processor.py:183} INFO - Processing /home/panda/Documents/ODAP/Project/venv310/lib/python3.10/site-packages/airflow/example_dags/example_subdag_operator.py took 0.112 seconds
[2025-06-24T00:14:30.722+0700] {processor.py:161} INFO - Started process (PID=13150) to work on /home/panda/Documents/ODAP/Project/venv310/lib/python3.10/site-packages/airflow/example_dags/example_subdag_operator.py
[2025-06-24T00:14:30.725+0700] {processor.py:830} INFO - Processing file /home/panda/Documents/ODAP/Project/venv310/lib/python3.10/site-packages/airflow/example_dags/example_subdag_operator.py for tasks to queue
[2025-06-24T00:14:30.725+0700] {logging_mixin.py:188} INFO - [2025-06-24T00:14:30.725+0700] {dagbag.py:540} INFO - Filling up the DagBag from /home/panda/Documents/ODAP/Project/venv310/lib/python3.10/site-packages/airflow/example_dags/example_subdag_operator.py
[2025-06-24T00:14:30.752+0700] {processor.py:840} INFO - DAG(s) 'example_subdag_operator.section-1', 'example_subdag_operator.section-2', 'example_subdag_operator' retrieved from /home/panda/Documents/ODAP/Project/venv310/lib/python3.10/site-packages/airflow/example_dags/example_subdag_operator.py
[2025-06-24T00:14:30.765+0700] {logging_mixin.py:188} INFO - [2025-06-24T00:14:30.765+0700] {dag.py:3096} INFO - Sync 3 DAGs
[2025-06-24T00:14:30.778+0700] {logging_mixin.py:188} INFO - [2025-06-24T00:14:30.778+0700] {dag.py:3954} INFO - Setting next_dagrun for example_subdag_operator to 2022-01-01 00:00:00+00:00, run_after=2022-01-01 00:00:00+00:00
[2025-06-24T00:14:30.780+0700] {logging_mixin.py:188} INFO - [2025-06-24T00:14:30.780+0700] {dag.py:3954} INFO - Setting next_dagrun for example_subdag_operator.section-1 to None, run_after=None
[2025-06-24T00:14:30.781+0700] {logging_mixin.py:188} INFO - [2025-06-24T00:14:30.781+0700] {dag.py:3954} INFO - Setting next_dagrun for example_subdag_operator.section-2 to None, run_after=None
[2025-06-24T00:14:30.785+0700] {logging_mixin.py:188} INFO - [2025-06-24T00:14:30.785+0700] {dag.py:3096} INFO - Sync 2 DAGs
[2025-06-24T00:14:30.788+0700] {logging_mixin.py:188} INFO - [2025-06-24T00:14:30.788+0700] {dag.py:3954} INFO - Setting next_dagrun for example_subdag_operator.section-1 to None, run_after=None
[2025-06-24T00:14:30.789+0700] {logging_mixin.py:188} INFO - [2025-06-24T00:14:30.789+0700] {dag.py:3954} INFO - Setting next_dagrun for example_subdag_operator.section-2 to None, run_after=None
[2025-06-24T00:14:30.806+0700] {processor.py:183} INFO - Processing /home/panda/Documents/ODAP/Project/venv310/lib/python3.10/site-packages/airflow/example_dags/example_subdag_operator.py took 0.091 seconds
[2025-06-24T00:15:14.382+0700] {processor.py:161} INFO - Started process (PID=13406) to work on /home/panda/Documents/ODAP/Project/venv310/lib/python3.10/site-packages/airflow/example_dags/example_subdag_operator.py
[2025-06-24T00:15:14.387+0700] {processor.py:830} INFO - Processing file /home/panda/Documents/ODAP/Project/venv310/lib/python3.10/site-packages/airflow/example_dags/example_subdag_operator.py for tasks to queue
[2025-06-24T00:15:14.388+0700] {logging_mixin.py:188} INFO - [2025-06-24T00:15:14.388+0700] {dagbag.py:540} INFO - Filling up the DagBag from /home/panda/Documents/ODAP/Project/venv310/lib/python3.10/site-packages/airflow/example_dags/example_subdag_operator.py
[2025-06-24T00:15:14.415+0700] {processor.py:840} INFO - DAG(s) 'example_subdag_operator.section-1', 'example_subdag_operator.section-2', 'example_subdag_operator' retrieved from /home/panda/Documents/ODAP/Project/venv310/lib/python3.10/site-packages/airflow/example_dags/example_subdag_operator.py
[2025-06-24T00:15:14.431+0700] {logging_mixin.py:188} INFO - [2025-06-24T00:15:14.431+0700] {dag.py:3096} INFO - Sync 3 DAGs
[2025-06-24T00:15:14.450+0700] {logging_mixin.py:188} INFO - [2025-06-24T00:15:14.449+0700] {dag.py:3954} INFO - Setting next_dagrun for example_subdag_operator to 2022-01-01 00:00:00+00:00, run_after=2022-01-01 00:00:00+00:00
[2025-06-24T00:15:14.453+0700] {logging_mixin.py:188} INFO - [2025-06-24T00:15:14.452+0700] {dag.py:3954} INFO - Setting next_dagrun for example_subdag_operator.section-1 to None, run_after=None
[2025-06-24T00:15:14.454+0700] {logging_mixin.py:188} INFO - [2025-06-24T00:15:14.454+0700] {dag.py:3954} INFO - Setting next_dagrun for example_subdag_operator.section-2 to None, run_after=None
[2025-06-24T00:15:14.460+0700] {logging_mixin.py:188} INFO - [2025-06-24T00:15:14.459+0700] {dag.py:3096} INFO - Sync 2 DAGs
[2025-06-24T00:15:14.464+0700] {logging_mixin.py:188} INFO - [2025-06-24T00:15:14.463+0700] {dag.py:3954} INFO - Setting next_dagrun for example_subdag_operator.section-1 to None, run_after=None
[2025-06-24T00:15:14.464+0700] {logging_mixin.py:188} INFO - [2025-06-24T00:15:14.464+0700] {dag.py:3954} INFO - Setting next_dagrun for example_subdag_operator.section-2 to None, run_after=None
[2025-06-24T00:15:14.492+0700] {processor.py:183} INFO - Processing /home/panda/Documents/ODAP/Project/venv310/lib/python3.10/site-packages/airflow/example_dags/example_subdag_operator.py took 0.117 seconds
[2025-06-24T00:21:37.538+0700] {processor.py:161} INFO - Started process (PID=16610) to work on /home/panda/Documents/ODAP/Project/venv310/lib/python3.10/site-packages/airflow/example_dags/example_subdag_operator.py
[2025-06-24T00:21:37.544+0700] {processor.py:830} INFO - Processing file /home/panda/Documents/ODAP/Project/venv310/lib/python3.10/site-packages/airflow/example_dags/example_subdag_operator.py for tasks to queue
[2025-06-24T00:21:37.545+0700] {logging_mixin.py:188} INFO - [2025-06-24T00:21:37.544+0700] {dagbag.py:540} INFO - Filling up the DagBag from /home/panda/Documents/ODAP/Project/venv310/lib/python3.10/site-packages/airflow/example_dags/example_subdag_operator.py
[2025-06-24T00:21:37.572+0700] {processor.py:840} INFO - DAG(s) 'example_subdag_operator.section-1', 'example_subdag_operator.section-2', 'example_subdag_operator' retrieved from /home/panda/Documents/ODAP/Project/venv310/lib/python3.10/site-packages/airflow/example_dags/example_subdag_operator.py
[2025-06-24T00:21:37.592+0700] {logging_mixin.py:188} INFO - [2025-06-24T00:21:37.591+0700] {dag.py:3096} INFO - Sync 3 DAGs
[2025-06-24T00:21:37.610+0700] {logging_mixin.py:188} INFO - [2025-06-24T00:21:37.609+0700] {dag.py:3954} INFO - Setting next_dagrun for example_subdag_operator to 2022-01-01 00:00:00+00:00, run_after=2022-01-01 00:00:00+00:00
[2025-06-24T00:21:37.612+0700] {logging_mixin.py:188} INFO - [2025-06-24T00:21:37.612+0700] {dag.py:3954} INFO - Setting next_dagrun for example_subdag_operator.section-1 to None, run_after=None
[2025-06-24T00:21:37.613+0700] {logging_mixin.py:188} INFO - [2025-06-24T00:21:37.613+0700] {dag.py:3954} INFO - Setting next_dagrun for example_subdag_operator.section-2 to None, run_after=None
[2025-06-24T00:21:37.619+0700] {logging_mixin.py:188} INFO - [2025-06-24T00:21:37.619+0700] {dag.py:3096} INFO - Sync 2 DAGs
[2025-06-24T00:21:37.623+0700] {logging_mixin.py:188} INFO - [2025-06-24T00:21:37.623+0700] {dag.py:3954} INFO - Setting next_dagrun for example_subdag_operator.section-1 to None, run_after=None
[2025-06-24T00:21:37.623+0700] {logging_mixin.py:188} INFO - [2025-06-24T00:21:37.623+0700] {dag.py:3954} INFO - Setting next_dagrun for example_subdag_operator.section-2 to None, run_after=None
[2025-06-24T00:21:37.639+0700] {processor.py:183} INFO - Processing /home/panda/Documents/ODAP/Project/venv310/lib/python3.10/site-packages/airflow/example_dags/example_subdag_operator.py took 0.108 seconds
[2025-06-24T00:22:29.145+0700] {processor.py:161} INFO - Started process (PID=16834) to work on /home/panda/Documents/ODAP/Project/venv310/lib/python3.10/site-packages/airflow/example_dags/example_subdag_operator.py
[2025-06-24T00:22:29.150+0700] {processor.py:830} INFO - Processing file /home/panda/Documents/ODAP/Project/venv310/lib/python3.10/site-packages/airflow/example_dags/example_subdag_operator.py for tasks to queue
[2025-06-24T00:22:29.152+0700] {logging_mixin.py:188} INFO - [2025-06-24T00:22:29.151+0700] {dagbag.py:540} INFO - Filling up the DagBag from /home/panda/Documents/ODAP/Project/venv310/lib/python3.10/site-packages/airflow/example_dags/example_subdag_operator.py
[2025-06-24T00:22:29.175+0700] {processor.py:840} INFO - DAG(s) 'example_subdag_operator.section-1', 'example_subdag_operator.section-2', 'example_subdag_operator' retrieved from /home/panda/Documents/ODAP/Project/venv310/lib/python3.10/site-packages/airflow/example_dags/example_subdag_operator.py
[2025-06-24T00:22:29.188+0700] {logging_mixin.py:188} INFO - [2025-06-24T00:22:29.188+0700] {dag.py:3096} INFO - Sync 3 DAGs
[2025-06-24T00:22:29.203+0700] {logging_mixin.py:188} INFO - [2025-06-24T00:22:29.202+0700] {dag.py:3954} INFO - Setting next_dagrun for example_subdag_operator to 2022-01-01 00:00:00+00:00, run_after=2022-01-01 00:00:00+00:00
[2025-06-24T00:22:29.205+0700] {logging_mixin.py:188} INFO - [2025-06-24T00:22:29.205+0700] {dag.py:3954} INFO - Setting next_dagrun for example_subdag_operator.section-1 to None, run_after=None
[2025-06-24T00:22:29.206+0700] {logging_mixin.py:188} INFO - [2025-06-24T00:22:29.206+0700] {dag.py:3954} INFO - Setting next_dagrun for example_subdag_operator.section-2 to None, run_after=None
[2025-06-24T00:22:29.211+0700] {logging_mixin.py:188} INFO - [2025-06-24T00:22:29.211+0700] {dag.py:3096} INFO - Sync 2 DAGs
[2025-06-24T00:22:29.214+0700] {logging_mixin.py:188} INFO - [2025-06-24T00:22:29.214+0700] {dag.py:3954} INFO - Setting next_dagrun for example_subdag_operator.section-1 to None, run_after=None
[2025-06-24T00:22:29.215+0700] {logging_mixin.py:188} INFO - [2025-06-24T00:22:29.214+0700] {dag.py:3954} INFO - Setting next_dagrun for example_subdag_operator.section-2 to None, run_after=None
[2025-06-24T00:22:29.241+0700] {processor.py:183} INFO - Processing /home/panda/Documents/ODAP/Project/venv310/lib/python3.10/site-packages/airflow/example_dags/example_subdag_operator.py took 0.105 seconds
[2025-06-24T00:23:31.272+0700] {processor.py:161} INFO - Started process (PID=18303) to work on /home/panda/Documents/ODAP/Project/venv310/lib/python3.10/site-packages/airflow/example_dags/example_subdag_operator.py
[2025-06-24T00:23:31.273+0700] {processor.py:830} INFO - Processing file /home/panda/Documents/ODAP/Project/venv310/lib/python3.10/site-packages/airflow/example_dags/example_subdag_operator.py for tasks to queue
[2025-06-24T00:23:31.275+0700] {logging_mixin.py:188} INFO - [2025-06-24T00:23:31.274+0700] {dagbag.py:540} INFO - Filling up the DagBag from /home/panda/Documents/ODAP/Project/venv310/lib/python3.10/site-packages/airflow/example_dags/example_subdag_operator.py
[2025-06-24T00:23:31.299+0700] {processor.py:840} INFO - DAG(s) 'example_subdag_operator.section-1', 'example_subdag_operator.section-2', 'example_subdag_operator' retrieved from /home/panda/Documents/ODAP/Project/venv310/lib/python3.10/site-packages/airflow/example_dags/example_subdag_operator.py
[2025-06-24T00:23:31.313+0700] {logging_mixin.py:188} INFO - [2025-06-24T00:23:31.313+0700] {dag.py:3096} INFO - Sync 3 DAGs
[2025-06-24T00:23:31.329+0700] {logging_mixin.py:188} INFO - [2025-06-24T00:23:31.328+0700] {dag.py:3954} INFO - Setting next_dagrun for example_subdag_operator to 2022-01-01 00:00:00+00:00, run_after=2022-01-01 00:00:00+00:00
[2025-06-24T00:23:31.331+0700] {logging_mixin.py:188} INFO - [2025-06-24T00:23:31.331+0700] {dag.py:3954} INFO - Setting next_dagrun for example_subdag_operator.section-1 to None, run_after=None
[2025-06-24T00:23:31.333+0700] {logging_mixin.py:188} INFO - [2025-06-24T00:23:31.333+0700] {dag.py:3954} INFO - Setting next_dagrun for example_subdag_operator.section-2 to None, run_after=None
[2025-06-24T00:23:31.338+0700] {logging_mixin.py:188} INFO - [2025-06-24T00:23:31.338+0700] {dag.py:3096} INFO - Sync 2 DAGs
[2025-06-24T00:23:31.342+0700] {logging_mixin.py:188} INFO - [2025-06-24T00:23:31.342+0700] {dag.py:3954} INFO - Setting next_dagrun for example_subdag_operator.section-1 to None, run_after=None
[2025-06-24T00:23:31.342+0700] {logging_mixin.py:188} INFO - [2025-06-24T00:23:31.342+0700] {dag.py:3954} INFO - Setting next_dagrun for example_subdag_operator.section-2 to None, run_after=None
[2025-06-24T00:23:31.364+0700] {processor.py:183} INFO - Processing /home/panda/Documents/ODAP/Project/venv310/lib/python3.10/site-packages/airflow/example_dags/example_subdag_operator.py took 0.101 seconds
[2025-06-24T00:33:49.554+0700] {processor.py:161} INFO - Started process (PID=20284) to work on /home/panda/Documents/ODAP/Project/venv310/lib/python3.10/site-packages/airflow/example_dags/example_subdag_operator.py
[2025-06-24T00:33:49.559+0700] {processor.py:830} INFO - Processing file /home/panda/Documents/ODAP/Project/venv310/lib/python3.10/site-packages/airflow/example_dags/example_subdag_operator.py for tasks to queue
[2025-06-24T00:33:49.561+0700] {logging_mixin.py:188} INFO - [2025-06-24T00:33:49.560+0700] {dagbag.py:540} INFO - Filling up the DagBag from /home/panda/Documents/ODAP/Project/venv310/lib/python3.10/site-packages/airflow/example_dags/example_subdag_operator.py
[2025-06-24T00:33:49.592+0700] {processor.py:840} INFO - DAG(s) 'example_subdag_operator.section-1', 'example_subdag_operator.section-2', 'example_subdag_operator' retrieved from /home/panda/Documents/ODAP/Project/venv310/lib/python3.10/site-packages/airflow/example_dags/example_subdag_operator.py
[2025-06-24T00:33:49.617+0700] {logging_mixin.py:188} INFO - [2025-06-24T00:33:49.616+0700] {dag.py:3096} INFO - Sync 3 DAGs
[2025-06-24T00:33:49.636+0700] {logging_mixin.py:188} INFO - [2025-06-24T00:33:49.636+0700] {dag.py:3954} INFO - Setting next_dagrun for example_subdag_operator to 2022-01-01 00:00:00+00:00, run_after=2022-01-01 00:00:00+00:00
[2025-06-24T00:33:49.640+0700] {logging_mixin.py:188} INFO - [2025-06-24T00:33:49.639+0700] {dag.py:3954} INFO - Setting next_dagrun for example_subdag_operator.section-1 to None, run_after=None
[2025-06-24T00:33:49.641+0700] {logging_mixin.py:188} INFO - [2025-06-24T00:33:49.640+0700] {dag.py:3954} INFO - Setting next_dagrun for example_subdag_operator.section-2 to None, run_after=None
[2025-06-24T00:33:49.647+0700] {logging_mixin.py:188} INFO - [2025-06-24T00:33:49.646+0700] {dag.py:3096} INFO - Sync 2 DAGs
[2025-06-24T00:33:49.651+0700] {logging_mixin.py:188} INFO - [2025-06-24T00:33:49.651+0700] {dag.py:3954} INFO - Setting next_dagrun for example_subdag_operator.section-1 to None, run_after=None
[2025-06-24T00:33:49.651+0700] {logging_mixin.py:188} INFO - [2025-06-24T00:33:49.651+0700] {dag.py:3954} INFO - Setting next_dagrun for example_subdag_operator.section-2 to None, run_after=None
[2025-06-24T00:33:49.675+0700] {processor.py:183} INFO - Processing /home/panda/Documents/ODAP/Project/venv310/lib/python3.10/site-packages/airflow/example_dags/example_subdag_operator.py took 0.129 seconds
[2025-06-24T00:34:43.277+0700] {processor.py:161} INFO - Started process (PID=20434) to work on /home/panda/Documents/ODAP/Project/venv310/lib/python3.10/site-packages/airflow/example_dags/example_subdag_operator.py
[2025-06-24T00:34:43.282+0700] {processor.py:830} INFO - Processing file /home/panda/Documents/ODAP/Project/venv310/lib/python3.10/site-packages/airflow/example_dags/example_subdag_operator.py for tasks to queue
[2025-06-24T00:34:43.284+0700] {logging_mixin.py:188} INFO - [2025-06-24T00:34:43.283+0700] {dagbag.py:540} INFO - Filling up the DagBag from /home/panda/Documents/ODAP/Project/venv310/lib/python3.10/site-packages/airflow/example_dags/example_subdag_operator.py
[2025-06-24T00:34:43.310+0700] {processor.py:840} INFO - DAG(s) 'example_subdag_operator.section-1', 'example_subdag_operator.section-2', 'example_subdag_operator' retrieved from /home/panda/Documents/ODAP/Project/venv310/lib/python3.10/site-packages/airflow/example_dags/example_subdag_operator.py
[2025-06-24T00:34:43.327+0700] {logging_mixin.py:188} INFO - [2025-06-24T00:34:43.327+0700] {dag.py:3096} INFO - Sync 3 DAGs
[2025-06-24T00:34:43.345+0700] {logging_mixin.py:188} INFO - [2025-06-24T00:34:43.345+0700] {dag.py:3954} INFO - Setting next_dagrun for example_subdag_operator to 2022-01-01 00:00:00+00:00, run_after=2022-01-01 00:00:00+00:00
[2025-06-24T00:34:43.348+0700] {logging_mixin.py:188} INFO - [2025-06-24T00:34:43.348+0700] {dag.py:3954} INFO - Setting next_dagrun for example_subdag_operator.section-1 to None, run_after=None
[2025-06-24T00:34:43.349+0700] {logging_mixin.py:188} INFO - [2025-06-24T00:34:43.349+0700] {dag.py:3954} INFO - Setting next_dagrun for example_subdag_operator.section-2 to None, run_after=None
[2025-06-24T00:34:43.354+0700] {logging_mixin.py:188} INFO - [2025-06-24T00:34:43.354+0700] {dag.py:3096} INFO - Sync 2 DAGs
[2025-06-24T00:34:43.358+0700] {logging_mixin.py:188} INFO - [2025-06-24T00:34:43.358+0700] {dag.py:3954} INFO - Setting next_dagrun for example_subdag_operator.section-1 to None, run_after=None
[2025-06-24T00:34:43.359+0700] {logging_mixin.py:188} INFO - [2025-06-24T00:34:43.358+0700] {dag.py:3954} INFO - Setting next_dagrun for example_subdag_operator.section-2 to None, run_after=None
[2025-06-24T00:34:43.381+0700] {processor.py:183} INFO - Processing /home/panda/Documents/ODAP/Project/venv310/lib/python3.10/site-packages/airflow/example_dags/example_subdag_operator.py took 0.111 seconds
[2025-06-24T00:35:37.081+0700] {processor.py:161} INFO - Started process (PID=20579) to work on /home/panda/Documents/ODAP/Project/venv310/lib/python3.10/site-packages/airflow/example_dags/example_subdag_operator.py
[2025-06-24T00:35:37.086+0700] {processor.py:830} INFO - Processing file /home/panda/Documents/ODAP/Project/venv310/lib/python3.10/site-packages/airflow/example_dags/example_subdag_operator.py for tasks to queue
[2025-06-24T00:35:37.087+0700] {logging_mixin.py:188} INFO - [2025-06-24T00:35:37.087+0700] {dagbag.py:540} INFO - Filling up the DagBag from /home/panda/Documents/ODAP/Project/venv310/lib/python3.10/site-packages/airflow/example_dags/example_subdag_operator.py
[2025-06-24T00:35:37.116+0700] {processor.py:840} INFO - DAG(s) 'example_subdag_operator.section-1', 'example_subdag_operator.section-2', 'example_subdag_operator' retrieved from /home/panda/Documents/ODAP/Project/venv310/lib/python3.10/site-packages/airflow/example_dags/example_subdag_operator.py
[2025-06-24T00:35:37.133+0700] {logging_mixin.py:188} INFO - [2025-06-24T00:35:37.133+0700] {dag.py:3096} INFO - Sync 3 DAGs
[2025-06-24T00:35:37.153+0700] {logging_mixin.py:188} INFO - [2025-06-24T00:35:37.153+0700] {dag.py:3954} INFO - Setting next_dagrun for example_subdag_operator to 2022-01-01 00:00:00+00:00, run_after=2022-01-01 00:00:00+00:00
[2025-06-24T00:35:37.157+0700] {logging_mixin.py:188} INFO - [2025-06-24T00:35:37.156+0700] {dag.py:3954} INFO - Setting next_dagrun for example_subdag_operator.section-1 to None, run_after=None
[2025-06-24T00:35:37.158+0700] {logging_mixin.py:188} INFO - [2025-06-24T00:35:37.158+0700] {dag.py:3954} INFO - Setting next_dagrun for example_subdag_operator.section-2 to None, run_after=None
[2025-06-24T00:35:37.164+0700] {logging_mixin.py:188} INFO - [2025-06-24T00:35:37.164+0700] {dag.py:3096} INFO - Sync 2 DAGs
[2025-06-24T00:35:37.168+0700] {logging_mixin.py:188} INFO - [2025-06-24T00:35:37.168+0700] {dag.py:3954} INFO - Setting next_dagrun for example_subdag_operator.section-1 to None, run_after=None
[2025-06-24T00:35:37.168+0700] {logging_mixin.py:188} INFO - [2025-06-24T00:35:37.168+0700] {dag.py:3954} INFO - Setting next_dagrun for example_subdag_operator.section-2 to None, run_after=None
[2025-06-24T00:35:37.196+0700] {processor.py:183} INFO - Processing /home/panda/Documents/ODAP/Project/venv310/lib/python3.10/site-packages/airflow/example_dags/example_subdag_operator.py took 0.124 seconds
[2025-06-24T00:36:23.142+0700] {processor.py:161} INFO - Started process (PID=20885) to work on /home/panda/Documents/ODAP/Project/venv310/lib/python3.10/site-packages/airflow/example_dags/example_subdag_operator.py
[2025-06-24T00:36:23.147+0700] {processor.py:830} INFO - Processing file /home/panda/Documents/ODAP/Project/venv310/lib/python3.10/site-packages/airflow/example_dags/example_subdag_operator.py for tasks to queue
[2025-06-24T00:36:23.149+0700] {logging_mixin.py:188} INFO - [2025-06-24T00:36:23.148+0700] {dagbag.py:540} INFO - Filling up the DagBag from /home/panda/Documents/ODAP/Project/venv310/lib/python3.10/site-packages/airflow/example_dags/example_subdag_operator.py
[2025-06-24T00:36:23.176+0700] {processor.py:840} INFO - DAG(s) 'example_subdag_operator.section-1', 'example_subdag_operator.section-2', 'example_subdag_operator' retrieved from /home/panda/Documents/ODAP/Project/venv310/lib/python3.10/site-packages/airflow/example_dags/example_subdag_operator.py
[2025-06-24T00:36:23.193+0700] {logging_mixin.py:188} INFO - [2025-06-24T00:36:23.193+0700] {dag.py:3096} INFO - Sync 3 DAGs
[2025-06-24T00:36:23.210+0700] {logging_mixin.py:188} INFO - [2025-06-24T00:36:23.210+0700] {dag.py:3954} INFO - Setting next_dagrun for example_subdag_operator to 2022-01-01 00:00:00+00:00, run_after=2022-01-01 00:00:00+00:00
[2025-06-24T00:36:23.213+0700] {logging_mixin.py:188} INFO - [2025-06-24T00:36:23.213+0700] {dag.py:3954} INFO - Setting next_dagrun for example_subdag_operator.section-1 to None, run_after=None
[2025-06-24T00:36:23.214+0700] {logging_mixin.py:188} INFO - [2025-06-24T00:36:23.214+0700] {dag.py:3954} INFO - Setting next_dagrun for example_subdag_operator.section-2 to None, run_after=None
[2025-06-24T00:36:23.219+0700] {logging_mixin.py:188} INFO - [2025-06-24T00:36:23.219+0700] {dag.py:3096} INFO - Sync 2 DAGs
[2025-06-24T00:36:23.222+0700] {logging_mixin.py:188} INFO - [2025-06-24T00:36:23.222+0700] {dag.py:3954} INFO - Setting next_dagrun for example_subdag_operator.section-1 to None, run_after=None
[2025-06-24T00:36:23.223+0700] {logging_mixin.py:188} INFO - [2025-06-24T00:36:23.223+0700] {dag.py:3954} INFO - Setting next_dagrun for example_subdag_operator.section-2 to None, run_after=None
[2025-06-24T00:36:23.237+0700] {processor.py:183} INFO - Processing /home/panda/Documents/ODAP/Project/venv310/lib/python3.10/site-packages/airflow/example_dags/example_subdag_operator.py took 0.102 seconds
[2025-06-24T00:52:48.010+0700] {processor.py:161} INFO - Started process (PID=25159) to work on /home/panda/Documents/ODAP/Project/venv310/lib/python3.10/site-packages/airflow/example_dags/example_subdag_operator.py
[2025-06-24T00:52:48.015+0700] {processor.py:830} INFO - Processing file /home/panda/Documents/ODAP/Project/venv310/lib/python3.10/site-packages/airflow/example_dags/example_subdag_operator.py for tasks to queue
[2025-06-24T00:52:48.016+0700] {logging_mixin.py:188} INFO - [2025-06-24T00:52:48.015+0700] {dagbag.py:540} INFO - Filling up the DagBag from /home/panda/Documents/ODAP/Project/venv310/lib/python3.10/site-packages/airflow/example_dags/example_subdag_operator.py
[2025-06-24T00:52:48.042+0700] {processor.py:840} INFO - DAG(s) 'example_subdag_operator.section-1', 'example_subdag_operator.section-2', 'example_subdag_operator' retrieved from /home/panda/Documents/ODAP/Project/venv310/lib/python3.10/site-packages/airflow/example_dags/example_subdag_operator.py
[2025-06-24T00:52:48.061+0700] {logging_mixin.py:188} INFO - [2025-06-24T00:52:48.061+0700] {dag.py:3096} INFO - Sync 3 DAGs
[2025-06-24T00:52:48.077+0700] {logging_mixin.py:188} INFO - [2025-06-24T00:52:48.077+0700] {dag.py:3954} INFO - Setting next_dagrun for example_subdag_operator to 2022-01-01 00:00:00+00:00, run_after=2022-01-01 00:00:00+00:00
[2025-06-24T00:52:48.079+0700] {logging_mixin.py:188} INFO - [2025-06-24T00:52:48.079+0700] {dag.py:3954} INFO - Setting next_dagrun for example_subdag_operator.section-1 to None, run_after=None
[2025-06-24T00:52:48.080+0700] {logging_mixin.py:188} INFO - [2025-06-24T00:52:48.080+0700] {dag.py:3954} INFO - Setting next_dagrun for example_subdag_operator.section-2 to None, run_after=None
[2025-06-24T00:52:48.084+0700] {logging_mixin.py:188} INFO - [2025-06-24T00:52:48.084+0700] {dag.py:3096} INFO - Sync 2 DAGs
[2025-06-24T00:52:48.089+0700] {logging_mixin.py:188} INFO - [2025-06-24T00:52:48.089+0700] {dag.py:3954} INFO - Setting next_dagrun for example_subdag_operator.section-1 to None, run_after=None
[2025-06-24T00:52:48.089+0700] {logging_mixin.py:188} INFO - [2025-06-24T00:52:48.089+0700] {dag.py:3954} INFO - Setting next_dagrun for example_subdag_operator.section-2 to None, run_after=None
[2025-06-24T00:52:48.110+0700] {processor.py:183} INFO - Processing /home/panda/Documents/ODAP/Project/venv310/lib/python3.10/site-packages/airflow/example_dags/example_subdag_operator.py took 0.108 seconds
[2025-06-24T00:53:41.418+0700] {processor.py:161} INFO - Started process (PID=25341) to work on /home/panda/Documents/ODAP/Project/venv310/lib/python3.10/site-packages/airflow/example_dags/example_subdag_operator.py
[2025-06-24T00:53:41.419+0700] {processor.py:830} INFO - Processing file /home/panda/Documents/ODAP/Project/venv310/lib/python3.10/site-packages/airflow/example_dags/example_subdag_operator.py for tasks to queue
[2025-06-24T00:53:41.420+0700] {logging_mixin.py:188} INFO - [2025-06-24T00:53:41.420+0700] {dagbag.py:540} INFO - Filling up the DagBag from /home/panda/Documents/ODAP/Project/venv310/lib/python3.10/site-packages/airflow/example_dags/example_subdag_operator.py
[2025-06-24T00:53:41.448+0700] {processor.py:840} INFO - DAG(s) 'example_subdag_operator.section-1', 'example_subdag_operator.section-2', 'example_subdag_operator' retrieved from /home/panda/Documents/ODAP/Project/venv310/lib/python3.10/site-packages/airflow/example_dags/example_subdag_operator.py
[2025-06-24T00:53:41.466+0700] {logging_mixin.py:188} INFO - [2025-06-24T00:53:41.466+0700] {dag.py:3096} INFO - Sync 3 DAGs
[2025-06-24T00:53:41.485+0700] {logging_mixin.py:188} INFO - [2025-06-24T00:53:41.485+0700] {dag.py:3954} INFO - Setting next_dagrun for example_subdag_operator to 2022-01-01 00:00:00+00:00, run_after=2022-01-01 00:00:00+00:00
[2025-06-24T00:53:41.488+0700] {logging_mixin.py:188} INFO - [2025-06-24T00:53:41.488+0700] {dag.py:3954} INFO - Setting next_dagrun for example_subdag_operator.section-1 to None, run_after=None
[2025-06-24T00:53:41.489+0700] {logging_mixin.py:188} INFO - [2025-06-24T00:53:41.489+0700] {dag.py:3954} INFO - Setting next_dagrun for example_subdag_operator.section-2 to None, run_after=None
[2025-06-24T00:53:41.496+0700] {logging_mixin.py:188} INFO - [2025-06-24T00:53:41.496+0700] {dag.py:3096} INFO - Sync 2 DAGs
[2025-06-24T00:53:41.500+0700] {logging_mixin.py:188} INFO - [2025-06-24T00:53:41.500+0700] {dag.py:3954} INFO - Setting next_dagrun for example_subdag_operator.section-1 to None, run_after=None
[2025-06-24T00:53:41.501+0700] {logging_mixin.py:188} INFO - [2025-06-24T00:53:41.501+0700] {dag.py:3954} INFO - Setting next_dagrun for example_subdag_operator.section-2 to None, run_after=None
[2025-06-24T00:53:41.530+0700] {processor.py:183} INFO - Processing /home/panda/Documents/ODAP/Project/venv310/lib/python3.10/site-packages/airflow/example_dags/example_subdag_operator.py took 0.120 seconds
[2025-06-24T00:54:33.848+0700] {processor.py:161} INFO - Started process (PID=25628) to work on /home/panda/Documents/ODAP/Project/venv310/lib/python3.10/site-packages/airflow/example_dags/example_subdag_operator.py
[2025-06-24T00:54:33.850+0700] {processor.py:830} INFO - Processing file /home/panda/Documents/ODAP/Project/venv310/lib/python3.10/site-packages/airflow/example_dags/example_subdag_operator.py for tasks to queue
[2025-06-24T00:54:33.851+0700] {logging_mixin.py:188} INFO - [2025-06-24T00:54:33.851+0700] {dagbag.py:540} INFO - Filling up the DagBag from /home/panda/Documents/ODAP/Project/venv310/lib/python3.10/site-packages/airflow/example_dags/example_subdag_operator.py
[2025-06-24T00:54:33.879+0700] {processor.py:840} INFO - DAG(s) 'example_subdag_operator.section-1', 'example_subdag_operator.section-2', 'example_subdag_operator' retrieved from /home/panda/Documents/ODAP/Project/venv310/lib/python3.10/site-packages/airflow/example_dags/example_subdag_operator.py
[2025-06-24T00:54:33.897+0700] {logging_mixin.py:188} INFO - [2025-06-24T00:54:33.896+0700] {dag.py:3096} INFO - Sync 3 DAGs
[2025-06-24T00:54:33.914+0700] {logging_mixin.py:188} INFO - [2025-06-24T00:54:33.914+0700] {dag.py:3954} INFO - Setting next_dagrun for example_subdag_operator to 2022-01-01 00:00:00+00:00, run_after=2022-01-01 00:00:00+00:00
[2025-06-24T00:54:33.917+0700] {logging_mixin.py:188} INFO - [2025-06-24T00:54:33.917+0700] {dag.py:3954} INFO - Setting next_dagrun for example_subdag_operator.section-1 to None, run_after=None
[2025-06-24T00:54:33.918+0700] {logging_mixin.py:188} INFO - [2025-06-24T00:54:33.918+0700] {dag.py:3954} INFO - Setting next_dagrun for example_subdag_operator.section-2 to None, run_after=None
[2025-06-24T00:54:33.923+0700] {logging_mixin.py:188} INFO - [2025-06-24T00:54:33.923+0700] {dag.py:3096} INFO - Sync 2 DAGs
[2025-06-24T00:54:33.926+0700] {logging_mixin.py:188} INFO - [2025-06-24T00:54:33.926+0700] {dag.py:3954} INFO - Setting next_dagrun for example_subdag_operator.section-1 to None, run_after=None
[2025-06-24T00:54:33.926+0700] {logging_mixin.py:188} INFO - [2025-06-24T00:54:33.926+0700] {dag.py:3954} INFO - Setting next_dagrun for example_subdag_operator.section-2 to None, run_after=None
[2025-06-24T00:54:33.955+0700] {processor.py:183} INFO - Processing /home/panda/Documents/ODAP/Project/venv310/lib/python3.10/site-packages/airflow/example_dags/example_subdag_operator.py took 0.115 seconds
[2025-06-24T01:03:22.898+0700] {processor.py:161} INFO - Started process (PID=28602) to work on /home/panda/Documents/ODAP/Project/venv310/lib/python3.10/site-packages/airflow/example_dags/example_subdag_operator.py
[2025-06-24T01:03:22.903+0700] {processor.py:830} INFO - Processing file /home/panda/Documents/ODAP/Project/venv310/lib/python3.10/site-packages/airflow/example_dags/example_subdag_operator.py for tasks to queue
[2025-06-24T01:03:22.904+0700] {logging_mixin.py:188} INFO - [2025-06-24T01:03:22.904+0700] {dagbag.py:540} INFO - Filling up the DagBag from /home/panda/Documents/ODAP/Project/venv310/lib/python3.10/site-packages/airflow/example_dags/example_subdag_operator.py
[2025-06-24T01:03:22.932+0700] {processor.py:840} INFO - DAG(s) 'example_subdag_operator.section-1', 'example_subdag_operator.section-2', 'example_subdag_operator' retrieved from /home/panda/Documents/ODAP/Project/venv310/lib/python3.10/site-packages/airflow/example_dags/example_subdag_operator.py
[2025-06-24T01:03:22.955+0700] {logging_mixin.py:188} INFO - [2025-06-24T01:03:22.955+0700] {dag.py:3096} INFO - Sync 3 DAGs
[2025-06-24T01:03:22.973+0700] {logging_mixin.py:188} INFO - [2025-06-24T01:03:22.973+0700] {dag.py:3954} INFO - Setting next_dagrun for example_subdag_operator to 2022-01-01 00:00:00+00:00, run_after=2022-01-01 00:00:00+00:00
[2025-06-24T01:03:22.977+0700] {logging_mixin.py:188} INFO - [2025-06-24T01:03:22.977+0700] {dag.py:3954} INFO - Setting next_dagrun for example_subdag_operator.section-1 to None, run_after=None
[2025-06-24T01:03:22.978+0700] {logging_mixin.py:188} INFO - [2025-06-24T01:03:22.978+0700] {dag.py:3954} INFO - Setting next_dagrun for example_subdag_operator.section-2 to None, run_after=None
[2025-06-24T01:03:22.985+0700] {logging_mixin.py:188} INFO - [2025-06-24T01:03:22.985+0700] {dag.py:3096} INFO - Sync 2 DAGs
[2025-06-24T01:03:22.989+0700] {logging_mixin.py:188} INFO - [2025-06-24T01:03:22.989+0700] {dag.py:3954} INFO - Setting next_dagrun for example_subdag_operator.section-1 to None, run_after=None
[2025-06-24T01:03:22.990+0700] {logging_mixin.py:188} INFO - [2025-06-24T01:03:22.990+0700] {dag.py:3954} INFO - Setting next_dagrun for example_subdag_operator.section-2 to None, run_after=None
[2025-06-24T01:03:23.007+0700] {processor.py:183} INFO - Processing /home/panda/Documents/ODAP/Project/venv310/lib/python3.10/site-packages/airflow/example_dags/example_subdag_operator.py took 0.117 seconds
[2025-06-24T01:04:15.958+0700] {processor.py:161} INFO - Started process (PID=28823) to work on /home/panda/Documents/ODAP/Project/venv310/lib/python3.10/site-packages/airflow/example_dags/example_subdag_operator.py
[2025-06-24T01:04:15.964+0700] {processor.py:830} INFO - Processing file /home/panda/Documents/ODAP/Project/venv310/lib/python3.10/site-packages/airflow/example_dags/example_subdag_operator.py for tasks to queue
[2025-06-24T01:04:15.965+0700] {logging_mixin.py:188} INFO - [2025-06-24T01:04:15.965+0700] {dagbag.py:540} INFO - Filling up the DagBag from /home/panda/Documents/ODAP/Project/venv310/lib/python3.10/site-packages/airflow/example_dags/example_subdag_operator.py
[2025-06-24T01:04:15.994+0700] {processor.py:840} INFO - DAG(s) 'example_subdag_operator.section-1', 'example_subdag_operator.section-2', 'example_subdag_operator' retrieved from /home/panda/Documents/ODAP/Project/venv310/lib/python3.10/site-packages/airflow/example_dags/example_subdag_operator.py
[2025-06-24T01:04:16.010+0700] {logging_mixin.py:188} INFO - [2025-06-24T01:04:16.009+0700] {dag.py:3096} INFO - Sync 3 DAGs
[2025-06-24T01:04:16.026+0700] {logging_mixin.py:188} INFO - [2025-06-24T01:04:16.026+0700] {dag.py:3954} INFO - Setting next_dagrun for example_subdag_operator to 2022-01-01 00:00:00+00:00, run_after=2022-01-01 00:00:00+00:00
[2025-06-24T01:04:16.029+0700] {logging_mixin.py:188} INFO - [2025-06-24T01:04:16.029+0700] {dag.py:3954} INFO - Setting next_dagrun for example_subdag_operator.section-1 to None, run_after=None
[2025-06-24T01:04:16.030+0700] {logging_mixin.py:188} INFO - [2025-06-24T01:04:16.030+0700] {dag.py:3954} INFO - Setting next_dagrun for example_subdag_operator.section-2 to None, run_after=None
[2025-06-24T01:04:16.036+0700] {logging_mixin.py:188} INFO - [2025-06-24T01:04:16.036+0700] {dag.py:3096} INFO - Sync 2 DAGs
[2025-06-24T01:04:16.040+0700] {logging_mixin.py:188} INFO - [2025-06-24T01:04:16.040+0700] {dag.py:3954} INFO - Setting next_dagrun for example_subdag_operator.section-1 to None, run_after=None
[2025-06-24T01:04:16.040+0700] {logging_mixin.py:188} INFO - [2025-06-24T01:04:16.040+0700] {dag.py:3954} INFO - Setting next_dagrun for example_subdag_operator.section-2 to None, run_after=None
[2025-06-24T01:04:16.058+0700] {processor.py:183} INFO - Processing /home/panda/Documents/ODAP/Project/venv310/lib/python3.10/site-packages/airflow/example_dags/example_subdag_operator.py took 0.107 seconds
