[2025-06-24T00:02:19.694+0700] {processor.py:161} INFO - Started process (PID=5744) to work on /home/panda/Documents/ODAP/Project/venv310/lib/python3.10/site-packages/airflow/example_dags/example_short_circuit_operator.py
[2025-06-24T00:02:19.695+0700] {processor.py:830} INFO - Processing file /home/panda/Documents/ODAP/Project/venv310/lib/python3.10/site-packages/airflow/example_dags/example_short_circuit_operator.py for tasks to queue
[2025-06-24T00:02:19.697+0700] {logging_mixin.py:188} INFO - [2025-06-24T00:02:19.697+0700] {dagbag.py:540} INFO - Filling up the DagBag from /home/panda/Documents/ODAP/Project/venv310/lib/python3.10/site-packages/airflow/example_dags/example_short_circuit_operator.py
[2025-06-24T00:02:19.711+0700] {processor.py:840} INFO - DAG(s) 'example_short_circuit_operator' retrieved from /home/panda/Documents/ODAP/Project/venv310/lib/python3.10/site-packages/airflow/example_dags/example_short_circuit_operator.py
[2025-06-24T00:02:19.736+0700] {logging_mixin.py:188} INFO - [2025-06-24T00:02:19.736+0700] {dag.py:3096} INFO - Sync 1 DAGs
[2025-06-24T00:02:19.758+0700] {logging_mixin.py:188} INFO - [2025-06-24T00:02:19.757+0700] {dag.py:3954} INFO - Setting next_dagrun for example_short_circuit_operator to 2025-06-22 00:00:00+00:00, run_after=2025-06-23 00:00:00+00:00
[2025-06-24T00:02:19.781+0700] {processor.py:183} INFO - Processing /home/panda/Documents/ODAP/Project/venv310/lib/python3.10/site-packages/airflow/example_dags/example_short_circuit_operator.py took 0.096 seconds
[2025-06-24T00:03:12.906+0700] {processor.py:161} INFO - Started process (PID=6241) to work on /home/panda/Documents/ODAP/Project/venv310/lib/python3.10/site-packages/airflow/example_dags/example_short_circuit_operator.py
[2025-06-24T00:03:12.911+0700] {processor.py:830} INFO - Processing file /home/panda/Documents/ODAP/Project/venv310/lib/python3.10/site-packages/airflow/example_dags/example_short_circuit_operator.py for tasks to queue
[2025-06-24T00:03:12.915+0700] {logging_mixin.py:188} INFO - [2025-06-24T00:03:12.914+0700] {dagbag.py:540} INFO - Filling up the DagBag from /home/panda/Documents/ODAP/Project/venv310/lib/python3.10/site-packages/airflow/example_dags/example_short_circuit_operator.py
[2025-06-24T00:03:12.927+0700] {processor.py:840} INFO - DAG(s) 'example_short_circuit_operator' retrieved from /home/panda/Documents/ODAP/Project/venv310/lib/python3.10/site-packages/airflow/example_dags/example_short_circuit_operator.py
[2025-06-24T00:03:12.950+0700] {logging_mixin.py:188} INFO - [2025-06-24T00:03:12.949+0700] {dag.py:3096} INFO - Sync 1 DAGs
[2025-06-24T00:03:12.969+0700] {logging_mixin.py:188} INFO - [2025-06-24T00:03:12.969+0700] {dag.py:3954} INFO - Setting next_dagrun for example_short_circuit_operator to 2025-06-22 00:00:00+00:00, run_after=2025-06-23 00:00:00+00:00
[2025-06-24T00:03:13.028+0700] {processor.py:183} INFO - Processing /home/panda/Documents/ODAP/Project/venv310/lib/python3.10/site-packages/airflow/example_dags/example_short_circuit_operator.py took 0.130 seconds
[2025-06-24T00:04:10.007+0700] {processor.py:161} INFO - Started process (PID=6781) to work on /home/panda/Documents/ODAP/Project/venv310/lib/python3.10/site-packages/airflow/example_dags/example_short_circuit_operator.py
[2025-06-24T00:04:10.012+0700] {processor.py:830} INFO - Processing file /home/panda/Documents/ODAP/Project/venv310/lib/python3.10/site-packages/airflow/example_dags/example_short_circuit_operator.py for tasks to queue
[2025-06-24T00:04:10.014+0700] {logging_mixin.py:188} INFO - [2025-06-24T00:04:10.013+0700] {dagbag.py:540} INFO - Filling up the DagBag from /home/panda/Documents/ODAP/Project/venv310/lib/python3.10/site-packages/airflow/example_dags/example_short_circuit_operator.py
[2025-06-24T00:04:10.022+0700] {processor.py:840} INFO - DAG(s) 'example_short_circuit_operator' retrieved from /home/panda/Documents/ODAP/Project/venv310/lib/python3.10/site-packages/airflow/example_dags/example_short_circuit_operator.py
[2025-06-24T00:04:10.190+0700] {logging_mixin.py:188} INFO - [2025-06-24T00:04:10.190+0700] {dag.py:3096} INFO - Sync 1 DAGs
[2025-06-24T00:04:10.210+0700] {logging_mixin.py:188} INFO - [2025-06-24T00:04:10.209+0700] {dag.py:3954} INFO - Setting next_dagrun for example_short_circuit_operator to 2025-06-22 00:00:00+00:00, run_after=2025-06-23 00:00:00+00:00
[2025-06-24T00:04:10.237+0700] {processor.py:183} INFO - Processing /home/panda/Documents/ODAP/Project/venv310/lib/python3.10/site-packages/airflow/example_dags/example_short_circuit_operator.py took 0.240 seconds
[2025-06-24T00:04:59.557+0700] {processor.py:161} INFO - Started process (PID=6918) to work on /home/panda/Documents/ODAP/Project/venv310/lib/python3.10/site-packages/airflow/example_dags/example_short_circuit_operator.py
[2025-06-24T00:04:59.562+0700] {processor.py:830} INFO - Processing file /home/panda/Documents/ODAP/Project/venv310/lib/python3.10/site-packages/airflow/example_dags/example_short_circuit_operator.py for tasks to queue
[2025-06-24T00:04:59.564+0700] {logging_mixin.py:188} INFO - [2025-06-24T00:04:59.564+0700] {dagbag.py:540} INFO - Filling up the DagBag from /home/panda/Documents/ODAP/Project/venv310/lib/python3.10/site-packages/airflow/example_dags/example_short_circuit_operator.py
[2025-06-24T00:04:59.575+0700] {processor.py:840} INFO - DAG(s) 'example_short_circuit_operator' retrieved from /home/panda/Documents/ODAP/Project/venv310/lib/python3.10/site-packages/airflow/example_dags/example_short_circuit_operator.py
[2025-06-24T00:04:59.598+0700] {logging_mixin.py:188} INFO - [2025-06-24T00:04:59.598+0700] {dag.py:3096} INFO - Sync 1 DAGs
[2025-06-24T00:04:59.623+0700] {logging_mixin.py:188} INFO - [2025-06-24T00:04:59.623+0700] {dag.py:3954} INFO - Setting next_dagrun for example_short_circuit_operator to 2025-06-22 00:00:00+00:00, run_after=2025-06-23 00:00:00+00:00
[2025-06-24T00:04:59.650+0700] {processor.py:183} INFO - Processing /home/panda/Documents/ODAP/Project/venv310/lib/python3.10/site-packages/airflow/example_dags/example_short_circuit_operator.py took 0.101 seconds
[2025-06-24T00:07:26.889+0700] {processor.py:161} INFO - Started process (PID=8148) to work on /home/panda/Documents/ODAP/Project/venv310/lib/python3.10/site-packages/airflow/example_dags/example_short_circuit_operator.py
[2025-06-24T00:07:26.895+0700] {processor.py:830} INFO - Processing file /home/panda/Documents/ODAP/Project/venv310/lib/python3.10/site-packages/airflow/example_dags/example_short_circuit_operator.py for tasks to queue
[2025-06-24T00:07:26.896+0700] {logging_mixin.py:188} INFO - [2025-06-24T00:07:26.896+0700] {dagbag.py:540} INFO - Filling up the DagBag from /home/panda/Documents/ODAP/Project/venv310/lib/python3.10/site-packages/airflow/example_dags/example_short_circuit_operator.py
[2025-06-24T00:07:26.904+0700] {processor.py:840} INFO - DAG(s) 'example_short_circuit_operator' retrieved from /home/panda/Documents/ODAP/Project/venv310/lib/python3.10/site-packages/airflow/example_dags/example_short_circuit_operator.py
[2025-06-24T00:07:26.930+0700] {logging_mixin.py:188} INFO - [2025-06-24T00:07:26.929+0700] {dag.py:3096} INFO - Sync 1 DAGs
[2025-06-24T00:07:26.948+0700] {logging_mixin.py:188} INFO - [2025-06-24T00:07:26.947+0700] {dag.py:3954} INFO - Setting next_dagrun for example_short_circuit_operator to 2025-06-22 00:00:00+00:00, run_after=2025-06-23 00:00:00+00:00
[2025-06-24T00:07:26.971+0700] {processor.py:183} INFO - Processing /home/panda/Documents/ODAP/Project/venv310/lib/python3.10/site-packages/airflow/example_dags/example_short_circuit_operator.py took 0.089 seconds
[2025-06-24T00:08:52.286+0700] {processor.py:161} INFO - Started process (PID=10706) to work on /home/panda/Documents/ODAP/Project/venv310/lib/python3.10/site-packages/airflow/example_dags/example_short_circuit_operator.py
[2025-06-24T00:08:52.290+0700] {processor.py:830} INFO - Processing file /home/panda/Documents/ODAP/Project/venv310/lib/python3.10/site-packages/airflow/example_dags/example_short_circuit_operator.py for tasks to queue
[2025-06-24T00:08:52.292+0700] {logging_mixin.py:188} INFO - [2025-06-24T00:08:52.291+0700] {dagbag.py:540} INFO - Filling up the DagBag from /home/panda/Documents/ODAP/Project/venv310/lib/python3.10/site-packages/airflow/example_dags/example_short_circuit_operator.py
[2025-06-24T00:08:52.300+0700] {processor.py:840} INFO - DAG(s) 'example_short_circuit_operator' retrieved from /home/panda/Documents/ODAP/Project/venv310/lib/python3.10/site-packages/airflow/example_dags/example_short_circuit_operator.py
[2025-06-24T00:08:52.322+0700] {logging_mixin.py:188} INFO - [2025-06-24T00:08:52.322+0700] {dag.py:3096} INFO - Sync 1 DAGs
[2025-06-24T00:08:52.340+0700] {logging_mixin.py:188} INFO - [2025-06-24T00:08:52.340+0700] {dag.py:3954} INFO - Setting next_dagrun for example_short_circuit_operator to 2025-06-22 00:00:00+00:00, run_after=2025-06-23 00:00:00+00:00
[2025-06-24T00:08:52.368+0700] {processor.py:183} INFO - Processing /home/panda/Documents/ODAP/Project/venv310/lib/python3.10/site-packages/airflow/example_dags/example_short_circuit_operator.py took 0.091 seconds
[2025-06-24T00:09:44.047+0700] {processor.py:161} INFO - Started process (PID=10848) to work on /home/panda/Documents/ODAP/Project/venv310/lib/python3.10/site-packages/airflow/example_dags/example_short_circuit_operator.py
[2025-06-24T00:09:44.052+0700] {processor.py:830} INFO - Processing file /home/panda/Documents/ODAP/Project/venv310/lib/python3.10/site-packages/airflow/example_dags/example_short_circuit_operator.py for tasks to queue
[2025-06-24T00:09:44.053+0700] {logging_mixin.py:188} INFO - [2025-06-24T00:09:44.052+0700] {dagbag.py:540} INFO - Filling up the DagBag from /home/panda/Documents/ODAP/Project/venv310/lib/python3.10/site-packages/airflow/example_dags/example_short_circuit_operator.py
[2025-06-24T00:09:44.062+0700] {processor.py:840} INFO - DAG(s) 'example_short_circuit_operator' retrieved from /home/panda/Documents/ODAP/Project/venv310/lib/python3.10/site-packages/airflow/example_dags/example_short_circuit_operator.py
[2025-06-24T00:09:44.086+0700] {logging_mixin.py:188} INFO - [2025-06-24T00:09:44.085+0700] {dag.py:3096} INFO - Sync 1 DAGs
[2025-06-24T00:09:44.104+0700] {logging_mixin.py:188} INFO - [2025-06-24T00:09:44.103+0700] {dag.py:3954} INFO - Setting next_dagrun for example_short_circuit_operator to 2025-06-22 00:00:00+00:00, run_after=2025-06-23 00:00:00+00:00
[2025-06-24T00:09:44.131+0700] {processor.py:183} INFO - Processing /home/panda/Documents/ODAP/Project/venv310/lib/python3.10/site-packages/airflow/example_dags/example_short_circuit_operator.py took 0.092 seconds
[2025-06-24T00:10:38.038+0700] {processor.py:161} INFO - Started process (PID=11000) to work on /home/panda/Documents/ODAP/Project/venv310/lib/python3.10/site-packages/airflow/example_dags/example_short_circuit_operator.py
[2025-06-24T00:10:38.044+0700] {processor.py:830} INFO - Processing file /home/panda/Documents/ODAP/Project/venv310/lib/python3.10/site-packages/airflow/example_dags/example_short_circuit_operator.py for tasks to queue
[2025-06-24T00:10:38.045+0700] {logging_mixin.py:188} INFO - [2025-06-24T00:10:38.044+0700] {dagbag.py:540} INFO - Filling up the DagBag from /home/panda/Documents/ODAP/Project/venv310/lib/python3.10/site-packages/airflow/example_dags/example_short_circuit_operator.py
[2025-06-24T00:10:38.054+0700] {processor.py:840} INFO - DAG(s) 'example_short_circuit_operator' retrieved from /home/panda/Documents/ODAP/Project/venv310/lib/python3.10/site-packages/airflow/example_dags/example_short_circuit_operator.py
[2025-06-24T00:10:38.077+0700] {logging_mixin.py:188} INFO - [2025-06-24T00:10:38.077+0700] {dag.py:3096} INFO - Sync 1 DAGs
[2025-06-24T00:10:38.097+0700] {logging_mixin.py:188} INFO - [2025-06-24T00:10:38.096+0700] {dag.py:3954} INFO - Setting next_dagrun for example_short_circuit_operator to 2025-06-22 00:00:00+00:00, run_after=2025-06-23 00:00:00+00:00
[2025-06-24T00:10:38.126+0700] {processor.py:183} INFO - Processing /home/panda/Documents/ODAP/Project/venv310/lib/python3.10/site-packages/airflow/example_dags/example_short_circuit_operator.py took 0.096 seconds
[2025-06-24T00:11:50.144+0700] {processor.py:161} INFO - Started process (PID=12490) to work on /home/panda/Documents/ODAP/Project/venv310/lib/python3.10/site-packages/airflow/example_dags/example_short_circuit_operator.py
[2025-06-24T00:11:50.148+0700] {processor.py:830} INFO - Processing file /home/panda/Documents/ODAP/Project/venv310/lib/python3.10/site-packages/airflow/example_dags/example_short_circuit_operator.py for tasks to queue
[2025-06-24T00:11:50.149+0700] {logging_mixin.py:188} INFO - [2025-06-24T00:11:50.149+0700] {dagbag.py:540} INFO - Filling up the DagBag from /home/panda/Documents/ODAP/Project/venv310/lib/python3.10/site-packages/airflow/example_dags/example_short_circuit_operator.py
[2025-06-24T00:11:50.157+0700] {processor.py:840} INFO - DAG(s) 'example_short_circuit_operator' retrieved from /home/panda/Documents/ODAP/Project/venv310/lib/python3.10/site-packages/airflow/example_dags/example_short_circuit_operator.py
[2025-06-24T00:11:50.179+0700] {logging_mixin.py:188} INFO - [2025-06-24T00:11:50.178+0700] {dag.py:3096} INFO - Sync 1 DAGs
[2025-06-24T00:11:50.196+0700] {logging_mixin.py:188} INFO - [2025-06-24T00:11:50.196+0700] {dag.py:3954} INFO - Setting next_dagrun for example_short_circuit_operator to 2025-06-22 00:00:00+00:00, run_after=2025-06-23 00:00:00+00:00
[2025-06-24T00:11:50.223+0700] {processor.py:183} INFO - Processing /home/panda/Documents/ODAP/Project/venv310/lib/python3.10/site-packages/airflow/example_dags/example_short_circuit_operator.py took 0.087 seconds
[2025-06-24T00:12:41.601+0700] {processor.py:161} INFO - Started process (PID=12697) to work on /home/panda/Documents/ODAP/Project/venv310/lib/python3.10/site-packages/airflow/example_dags/example_short_circuit_operator.py
[2025-06-24T00:12:41.606+0700] {processor.py:830} INFO - Processing file /home/panda/Documents/ODAP/Project/venv310/lib/python3.10/site-packages/airflow/example_dags/example_short_circuit_operator.py for tasks to queue
[2025-06-24T00:12:41.608+0700] {logging_mixin.py:188} INFO - [2025-06-24T00:12:41.607+0700] {dagbag.py:540} INFO - Filling up the DagBag from /home/panda/Documents/ODAP/Project/venv310/lib/python3.10/site-packages/airflow/example_dags/example_short_circuit_operator.py
[2025-06-24T00:12:41.616+0700] {processor.py:840} INFO - DAG(s) 'example_short_circuit_operator' retrieved from /home/panda/Documents/ODAP/Project/venv310/lib/python3.10/site-packages/airflow/example_dags/example_short_circuit_operator.py
[2025-06-24T00:12:41.639+0700] {logging_mixin.py:188} INFO - [2025-06-24T00:12:41.639+0700] {dag.py:3096} INFO - Sync 1 DAGs
[2025-06-24T00:12:41.657+0700] {logging_mixin.py:188} INFO - [2025-06-24T00:12:41.656+0700] {dag.py:3954} INFO - Setting next_dagrun for example_short_circuit_operator to 2025-06-22 00:00:00+00:00, run_after=2025-06-23 00:00:00+00:00
[2025-06-24T00:12:41.684+0700] {processor.py:183} INFO - Processing /home/panda/Documents/ODAP/Project/venv310/lib/python3.10/site-packages/airflow/example_dags/example_short_circuit_operator.py took 0.091 seconds
[2025-06-24T00:13:45.243+0700] {processor.py:161} INFO - Started process (PID=12897) to work on /home/panda/Documents/ODAP/Project/venv310/lib/python3.10/site-packages/airflow/example_dags/example_short_circuit_operator.py
[2025-06-24T00:13:45.248+0700] {processor.py:830} INFO - Processing file /home/panda/Documents/ODAP/Project/venv310/lib/python3.10/site-packages/airflow/example_dags/example_short_circuit_operator.py for tasks to queue
[2025-06-24T00:13:45.249+0700] {logging_mixin.py:188} INFO - [2025-06-24T00:13:45.248+0700] {dagbag.py:540} INFO - Filling up the DagBag from /home/panda/Documents/ODAP/Project/venv310/lib/python3.10/site-packages/airflow/example_dags/example_short_circuit_operator.py
[2025-06-24T00:13:45.258+0700] {processor.py:840} INFO - DAG(s) 'example_short_circuit_operator' retrieved from /home/panda/Documents/ODAP/Project/venv310/lib/python3.10/site-packages/airflow/example_dags/example_short_circuit_operator.py
[2025-06-24T00:13:45.283+0700] {logging_mixin.py:188} INFO - [2025-06-24T00:13:45.283+0700] {dag.py:3096} INFO - Sync 1 DAGs
[2025-06-24T00:13:45.303+0700] {logging_mixin.py:188} INFO - [2025-06-24T00:13:45.303+0700] {dag.py:3954} INFO - Setting next_dagrun for example_short_circuit_operator to 2025-06-22 00:00:00+00:00, run_after=2025-06-23 00:00:00+00:00
[2025-06-24T00:13:45.334+0700] {processor.py:183} INFO - Processing /home/panda/Documents/ODAP/Project/venv310/lib/python3.10/site-packages/airflow/example_dags/example_short_circuit_operator.py took 0.099 seconds
[2025-06-24T00:14:30.551+0700] {processor.py:161} INFO - Started process (PID=13148) to work on /home/panda/Documents/ODAP/Project/venv310/lib/python3.10/site-packages/airflow/example_dags/example_short_circuit_operator.py
[2025-06-24T00:14:30.553+0700] {processor.py:830} INFO - Processing file /home/panda/Documents/ODAP/Project/venv310/lib/python3.10/site-packages/airflow/example_dags/example_short_circuit_operator.py for tasks to queue
[2025-06-24T00:14:30.555+0700] {logging_mixin.py:188} INFO - [2025-06-24T00:14:30.554+0700] {dagbag.py:540} INFO - Filling up the DagBag from /home/panda/Documents/ODAP/Project/venv310/lib/python3.10/site-packages/airflow/example_dags/example_short_circuit_operator.py
[2025-06-24T00:14:30.563+0700] {processor.py:840} INFO - DAG(s) 'example_short_circuit_operator' retrieved from /home/panda/Documents/ODAP/Project/venv310/lib/python3.10/site-packages/airflow/example_dags/example_short_circuit_operator.py
[2025-06-24T00:14:30.586+0700] {logging_mixin.py:188} INFO - [2025-06-24T00:14:30.586+0700] {dag.py:3096} INFO - Sync 1 DAGs
[2025-06-24T00:14:30.604+0700] {logging_mixin.py:188} INFO - [2025-06-24T00:14:30.604+0700] {dag.py:3954} INFO - Setting next_dagrun for example_short_circuit_operator to 2025-06-22 00:00:00+00:00, run_after=2025-06-23 00:00:00+00:00
[2025-06-24T00:14:30.635+0700] {processor.py:183} INFO - Processing /home/panda/Documents/ODAP/Project/venv310/lib/python3.10/site-packages/airflow/example_dags/example_short_circuit_operator.py took 0.091 seconds
[2025-06-24T00:15:13.129+0700] {processor.py:161} INFO - Started process (PID=13388) to work on /home/panda/Documents/ODAP/Project/venv310/lib/python3.10/site-packages/airflow/example_dags/example_short_circuit_operator.py
[2025-06-24T00:15:13.133+0700] {processor.py:830} INFO - Processing file /home/panda/Documents/ODAP/Project/venv310/lib/python3.10/site-packages/airflow/example_dags/example_short_circuit_operator.py for tasks to queue
[2025-06-24T00:15:13.135+0700] {logging_mixin.py:188} INFO - [2025-06-24T00:15:13.134+0700] {dagbag.py:540} INFO - Filling up the DagBag from /home/panda/Documents/ODAP/Project/venv310/lib/python3.10/site-packages/airflow/example_dags/example_short_circuit_operator.py
[2025-06-24T00:15:13.142+0700] {processor.py:840} INFO - DAG(s) 'example_short_circuit_operator' retrieved from /home/panda/Documents/ODAP/Project/venv310/lib/python3.10/site-packages/airflow/example_dags/example_short_circuit_operator.py
[2025-06-24T00:15:13.166+0700] {logging_mixin.py:188} INFO - [2025-06-24T00:15:13.165+0700] {dag.py:3096} INFO - Sync 1 DAGs
[2025-06-24T00:15:13.187+0700] {logging_mixin.py:188} INFO - [2025-06-24T00:15:13.187+0700] {dag.py:3954} INFO - Setting next_dagrun for example_short_circuit_operator to 2025-06-22 00:00:00+00:00, run_after=2025-06-23 00:00:00+00:00
[2025-06-24T00:15:13.224+0700] {processor.py:183} INFO - Processing /home/panda/Documents/ODAP/Project/venv310/lib/python3.10/site-packages/airflow/example_dags/example_short_circuit_operator.py took 0.103 seconds
[2025-06-24T00:21:36.278+0700] {processor.py:161} INFO - Started process (PID=16608) to work on /home/panda/Documents/ODAP/Project/venv310/lib/python3.10/site-packages/airflow/example_dags/example_short_circuit_operator.py
[2025-06-24T00:21:36.284+0700] {processor.py:830} INFO - Processing file /home/panda/Documents/ODAP/Project/venv310/lib/python3.10/site-packages/airflow/example_dags/example_short_circuit_operator.py for tasks to queue
[2025-06-24T00:21:36.285+0700] {logging_mixin.py:188} INFO - [2025-06-24T00:21:36.285+0700] {dagbag.py:540} INFO - Filling up the DagBag from /home/panda/Documents/ODAP/Project/venv310/lib/python3.10/site-packages/airflow/example_dags/example_short_circuit_operator.py
[2025-06-24T00:21:36.293+0700] {processor.py:840} INFO - DAG(s) 'example_short_circuit_operator' retrieved from /home/panda/Documents/ODAP/Project/venv310/lib/python3.10/site-packages/airflow/example_dags/example_short_circuit_operator.py
[2025-06-24T00:21:36.320+0700] {logging_mixin.py:188} INFO - [2025-06-24T00:21:36.320+0700] {dag.py:3096} INFO - Sync 1 DAGs
[2025-06-24T00:21:36.340+0700] {logging_mixin.py:188} INFO - [2025-06-24T00:21:36.339+0700] {dag.py:3954} INFO - Setting next_dagrun for example_short_circuit_operator to 2025-06-22 00:00:00+00:00, run_after=2025-06-23 00:00:00+00:00
[2025-06-24T00:21:36.370+0700] {processor.py:183} INFO - Processing /home/panda/Documents/ODAP/Project/venv310/lib/python3.10/site-packages/airflow/example_dags/example_short_circuit_operator.py took 0.100 seconds
[2025-06-24T00:22:27.977+0700] {processor.py:161} INFO - Started process (PID=16833) to work on /home/panda/Documents/ODAP/Project/venv310/lib/python3.10/site-packages/airflow/example_dags/example_short_circuit_operator.py
[2025-06-24T00:22:27.982+0700] {processor.py:830} INFO - Processing file /home/panda/Documents/ODAP/Project/venv310/lib/python3.10/site-packages/airflow/example_dags/example_short_circuit_operator.py for tasks to queue
[2025-06-24T00:22:27.983+0700] {logging_mixin.py:188} INFO - [2025-06-24T00:22:27.983+0700] {dagbag.py:540} INFO - Filling up the DagBag from /home/panda/Documents/ODAP/Project/venv310/lib/python3.10/site-packages/airflow/example_dags/example_short_circuit_operator.py
[2025-06-24T00:22:27.992+0700] {processor.py:840} INFO - DAG(s) 'example_short_circuit_operator' retrieved from /home/panda/Documents/ODAP/Project/venv310/lib/python3.10/site-packages/airflow/example_dags/example_short_circuit_operator.py
[2025-06-24T00:22:28.017+0700] {logging_mixin.py:188} INFO - [2025-06-24T00:22:28.017+0700] {dag.py:3096} INFO - Sync 1 DAGs
[2025-06-24T00:22:28.036+0700] {logging_mixin.py:188} INFO - [2025-06-24T00:22:28.035+0700] {dag.py:3954} INFO - Setting next_dagrun for example_short_circuit_operator to 2025-06-22 00:00:00+00:00, run_after=2025-06-23 00:00:00+00:00
[2025-06-24T00:22:28.058+0700] {processor.py:183} INFO - Processing /home/panda/Documents/ODAP/Project/venv310/lib/python3.10/site-packages/airflow/example_dags/example_short_circuit_operator.py took 0.089 seconds
[2025-06-24T00:23:30.024+0700] {processor.py:161} INFO - Started process (PID=18274) to work on /home/panda/Documents/ODAP/Project/venv310/lib/python3.10/site-packages/airflow/example_dags/example_short_circuit_operator.py
[2025-06-24T00:23:30.029+0700] {processor.py:830} INFO - Processing file /home/panda/Documents/ODAP/Project/venv310/lib/python3.10/site-packages/airflow/example_dags/example_short_circuit_operator.py for tasks to queue
[2025-06-24T00:23:30.031+0700] {logging_mixin.py:188} INFO - [2025-06-24T00:23:30.030+0700] {dagbag.py:540} INFO - Filling up the DagBag from /home/panda/Documents/ODAP/Project/venv310/lib/python3.10/site-packages/airflow/example_dags/example_short_circuit_operator.py
[2025-06-24T00:23:30.040+0700] {processor.py:840} INFO - DAG(s) 'example_short_circuit_operator' retrieved from /home/panda/Documents/ODAP/Project/venv310/lib/python3.10/site-packages/airflow/example_dags/example_short_circuit_operator.py
[2025-06-24T00:23:30.064+0700] {logging_mixin.py:188} INFO - [2025-06-24T00:23:30.064+0700] {dag.py:3096} INFO - Sync 1 DAGs
[2025-06-24T00:23:30.086+0700] {logging_mixin.py:188} INFO - [2025-06-24T00:23:30.086+0700] {dag.py:3954} INFO - Setting next_dagrun for example_short_circuit_operator to 2025-06-22 00:00:00+00:00, run_after=2025-06-23 00:00:00+00:00
[2025-06-24T00:23:30.118+0700] {processor.py:183} INFO - Processing /home/panda/Documents/ODAP/Project/venv310/lib/python3.10/site-packages/airflow/example_dags/example_short_circuit_operator.py took 0.102 seconds
[2025-06-24T00:33:48.885+0700] {processor.py:161} INFO - Started process (PID=20282) to work on /home/panda/Documents/ODAP/Project/venv310/lib/python3.10/site-packages/airflow/example_dags/example_short_circuit_operator.py
[2025-06-24T00:33:48.891+0700] {processor.py:830} INFO - Processing file /home/panda/Documents/ODAP/Project/venv310/lib/python3.10/site-packages/airflow/example_dags/example_short_circuit_operator.py for tasks to queue
[2025-06-24T00:33:48.892+0700] {logging_mixin.py:188} INFO - [2025-06-24T00:33:48.891+0700] {dagbag.py:540} INFO - Filling up the DagBag from /home/panda/Documents/ODAP/Project/venv310/lib/python3.10/site-packages/airflow/example_dags/example_short_circuit_operator.py
[2025-06-24T00:33:48.901+0700] {processor.py:840} INFO - DAG(s) 'example_short_circuit_operator' retrieved from /home/panda/Documents/ODAP/Project/venv310/lib/python3.10/site-packages/airflow/example_dags/example_short_circuit_operator.py
[2025-06-24T00:33:48.927+0700] {logging_mixin.py:188} INFO - [2025-06-24T00:33:48.927+0700] {dag.py:3096} INFO - Sync 1 DAGs
[2025-06-24T00:33:48.945+0700] {logging_mixin.py:188} INFO - [2025-06-24T00:33:48.945+0700] {dag.py:3954} INFO - Setting next_dagrun for example_short_circuit_operator to 2025-06-22 00:00:00+00:00, run_after=2025-06-23 00:00:00+00:00
[2025-06-24T00:33:48.970+0700] {processor.py:183} INFO - Processing /home/panda/Documents/ODAP/Project/venv310/lib/python3.10/site-packages/airflow/example_dags/example_short_circuit_operator.py took 0.094 seconds
[2025-06-24T00:34:42.118+0700] {processor.py:161} INFO - Started process (PID=20432) to work on /home/panda/Documents/ODAP/Project/venv310/lib/python3.10/site-packages/airflow/example_dags/example_short_circuit_operator.py
[2025-06-24T00:34:42.123+0700] {processor.py:830} INFO - Processing file /home/panda/Documents/ODAP/Project/venv310/lib/python3.10/site-packages/airflow/example_dags/example_short_circuit_operator.py for tasks to queue
[2025-06-24T00:34:42.125+0700] {logging_mixin.py:188} INFO - [2025-06-24T00:34:42.124+0700] {dagbag.py:540} INFO - Filling up the DagBag from /home/panda/Documents/ODAP/Project/venv310/lib/python3.10/site-packages/airflow/example_dags/example_short_circuit_operator.py
[2025-06-24T00:34:42.133+0700] {processor.py:840} INFO - DAG(s) 'example_short_circuit_operator' retrieved from /home/panda/Documents/ODAP/Project/venv310/lib/python3.10/site-packages/airflow/example_dags/example_short_circuit_operator.py
[2025-06-24T00:34:42.157+0700] {logging_mixin.py:188} INFO - [2025-06-24T00:34:42.156+0700] {dag.py:3096} INFO - Sync 1 DAGs
[2025-06-24T00:34:42.175+0700] {logging_mixin.py:188} INFO - [2025-06-24T00:34:42.175+0700] {dag.py:3954} INFO - Setting next_dagrun for example_short_circuit_operator to 2025-06-22 00:00:00+00:00, run_after=2025-06-23 00:00:00+00:00
[2025-06-24T00:34:42.198+0700] {processor.py:183} INFO - Processing /home/panda/Documents/ODAP/Project/venv310/lib/python3.10/site-packages/airflow/example_dags/example_short_circuit_operator.py took 0.087 seconds
[2025-06-24T00:35:35.922+0700] {processor.py:161} INFO - Started process (PID=20577) to work on /home/panda/Documents/ODAP/Project/venv310/lib/python3.10/site-packages/airflow/example_dags/example_short_circuit_operator.py
[2025-06-24T00:35:35.927+0700] {processor.py:830} INFO - Processing file /home/panda/Documents/ODAP/Project/venv310/lib/python3.10/site-packages/airflow/example_dags/example_short_circuit_operator.py for tasks to queue
[2025-06-24T00:35:35.928+0700] {logging_mixin.py:188} INFO - [2025-06-24T00:35:35.928+0700] {dagbag.py:540} INFO - Filling up the DagBag from /home/panda/Documents/ODAP/Project/venv310/lib/python3.10/site-packages/airflow/example_dags/example_short_circuit_operator.py
[2025-06-24T00:35:35.937+0700] {processor.py:840} INFO - DAG(s) 'example_short_circuit_operator' retrieved from /home/panda/Documents/ODAP/Project/venv310/lib/python3.10/site-packages/airflow/example_dags/example_short_circuit_operator.py
[2025-06-24T00:35:35.961+0700] {logging_mixin.py:188} INFO - [2025-06-24T00:35:35.961+0700] {dag.py:3096} INFO - Sync 1 DAGs
[2025-06-24T00:35:35.983+0700] {logging_mixin.py:188} INFO - [2025-06-24T00:35:35.983+0700] {dag.py:3954} INFO - Setting next_dagrun for example_short_circuit_operator to 2025-06-22 00:00:00+00:00, run_after=2025-06-23 00:00:00+00:00
[2025-06-24T00:35:36.009+0700] {processor.py:183} INFO - Processing /home/panda/Documents/ODAP/Project/venv310/lib/python3.10/site-packages/airflow/example_dags/example_short_circuit_operator.py took 0.094 seconds
[2025-06-24T00:36:21.983+0700] {processor.py:161} INFO - Started process (PID=20883) to work on /home/panda/Documents/ODAP/Project/venv310/lib/python3.10/site-packages/airflow/example_dags/example_short_circuit_operator.py
[2025-06-24T00:36:21.989+0700] {processor.py:830} INFO - Processing file /home/panda/Documents/ODAP/Project/venv310/lib/python3.10/site-packages/airflow/example_dags/example_short_circuit_operator.py for tasks to queue
[2025-06-24T00:36:21.991+0700] {logging_mixin.py:188} INFO - [2025-06-24T00:36:21.990+0700] {dagbag.py:540} INFO - Filling up the DagBag from /home/panda/Documents/ODAP/Project/venv310/lib/python3.10/site-packages/airflow/example_dags/example_short_circuit_operator.py
[2025-06-24T00:36:22.000+0700] {processor.py:840} INFO - DAG(s) 'example_short_circuit_operator' retrieved from /home/panda/Documents/ODAP/Project/venv310/lib/python3.10/site-packages/airflow/example_dags/example_short_circuit_operator.py
[2025-06-24T00:36:22.026+0700] {logging_mixin.py:188} INFO - [2025-06-24T00:36:22.025+0700] {dag.py:3096} INFO - Sync 1 DAGs
[2025-06-24T00:36:22.043+0700] {logging_mixin.py:188} INFO - [2025-06-24T00:36:22.043+0700] {dag.py:3954} INFO - Setting next_dagrun for example_short_circuit_operator to 2025-06-22 00:00:00+00:00, run_after=2025-06-23 00:00:00+00:00
[2025-06-24T00:36:22.070+0700] {processor.py:183} INFO - Processing /home/panda/Documents/ODAP/Project/venv310/lib/python3.10/site-packages/airflow/example_dags/example_short_circuit_operator.py took 0.094 seconds
[2025-06-24T00:37:11.587+0700] {processor.py:161} INFO - Started process (PID=21216) to work on /home/panda/Documents/ODAP/Project/venv310/lib/python3.10/site-packages/airflow/example_dags/example_short_circuit_operator.py
[2025-06-24T00:37:11.589+0700] {processor.py:830} INFO - Processing file /home/panda/Documents/ODAP/Project/venv310/lib/python3.10/site-packages/airflow/example_dags/example_short_circuit_operator.py for tasks to queue
[2025-06-24T00:37:11.590+0700] {logging_mixin.py:188} INFO - [2025-06-24T00:37:11.589+0700] {dagbag.py:540} INFO - Filling up the DagBag from /home/panda/Documents/ODAP/Project/venv310/lib/python3.10/site-packages/airflow/example_dags/example_short_circuit_operator.py
[2025-06-24T00:37:11.598+0700] {processor.py:840} INFO - DAG(s) 'example_short_circuit_operator' retrieved from /home/panda/Documents/ODAP/Project/venv310/lib/python3.10/site-packages/airflow/example_dags/example_short_circuit_operator.py
[2025-06-24T00:37:11.621+0700] {logging_mixin.py:188} INFO - [2025-06-24T00:37:11.621+0700] {dag.py:3096} INFO - Sync 1 DAGs
[2025-06-24T00:37:11.642+0700] {logging_mixin.py:188} INFO - [2025-06-24T00:37:11.642+0700] {dag.py:3954} INFO - Setting next_dagrun for example_short_circuit_operator to 2025-06-22 00:00:00+00:00, run_after=2025-06-23 00:00:00+00:00
[2025-06-24T00:37:11.671+0700] {processor.py:183} INFO - Processing /home/panda/Documents/ODAP/Project/venv310/lib/python3.10/site-packages/airflow/example_dags/example_short_circuit_operator.py took 0.091 seconds
[2025-06-24T00:52:47.573+0700] {processor.py:161} INFO - Started process (PID=25157) to work on /home/panda/Documents/ODAP/Project/venv310/lib/python3.10/site-packages/airflow/example_dags/example_short_circuit_operator.py
[2025-06-24T00:52:47.578+0700] {processor.py:830} INFO - Processing file /home/panda/Documents/ODAP/Project/venv310/lib/python3.10/site-packages/airflow/example_dags/example_short_circuit_operator.py for tasks to queue
[2025-06-24T00:52:47.579+0700] {logging_mixin.py:188} INFO - [2025-06-24T00:52:47.578+0700] {dagbag.py:540} INFO - Filling up the DagBag from /home/panda/Documents/ODAP/Project/venv310/lib/python3.10/site-packages/airflow/example_dags/example_short_circuit_operator.py
[2025-06-24T00:52:47.585+0700] {processor.py:840} INFO - DAG(s) 'example_short_circuit_operator' retrieved from /home/panda/Documents/ODAP/Project/venv310/lib/python3.10/site-packages/airflow/example_dags/example_short_circuit_operator.py
[2025-06-24T00:52:47.606+0700] {logging_mixin.py:188} INFO - [2025-06-24T00:52:47.606+0700] {dag.py:3096} INFO - Sync 1 DAGs
[2025-06-24T00:52:47.622+0700] {logging_mixin.py:188} INFO - [2025-06-24T00:52:47.622+0700] {dag.py:3954} INFO - Setting next_dagrun for example_short_circuit_operator to 2025-06-22 00:00:00+00:00, run_after=2025-06-23 00:00:00+00:00
[2025-06-24T00:52:47.647+0700] {processor.py:183} INFO - Processing /home/panda/Documents/ODAP/Project/venv310/lib/python3.10/site-packages/airflow/example_dags/example_short_circuit_operator.py took 0.081 seconds
[2025-06-24T00:53:40.255+0700] {processor.py:161} INFO - Started process (PID=25327) to work on /home/panda/Documents/ODAP/Project/venv310/lib/python3.10/site-packages/airflow/example_dags/example_short_circuit_operator.py
[2025-06-24T00:53:40.261+0700] {processor.py:830} INFO - Processing file /home/panda/Documents/ODAP/Project/venv310/lib/python3.10/site-packages/airflow/example_dags/example_short_circuit_operator.py for tasks to queue
[2025-06-24T00:53:40.262+0700] {logging_mixin.py:188} INFO - [2025-06-24T00:53:40.261+0700] {dagbag.py:540} INFO - Filling up the DagBag from /home/panda/Documents/ODAP/Project/venv310/lib/python3.10/site-packages/airflow/example_dags/example_short_circuit_operator.py
[2025-06-24T00:53:40.271+0700] {processor.py:840} INFO - DAG(s) 'example_short_circuit_operator' retrieved from /home/panda/Documents/ODAP/Project/venv310/lib/python3.10/site-packages/airflow/example_dags/example_short_circuit_operator.py
[2025-06-24T00:53:40.296+0700] {logging_mixin.py:188} INFO - [2025-06-24T00:53:40.296+0700] {dag.py:3096} INFO - Sync 1 DAGs
[2025-06-24T00:53:40.316+0700] {logging_mixin.py:188} INFO - [2025-06-24T00:53:40.316+0700] {dag.py:3954} INFO - Setting next_dagrun for example_short_circuit_operator to 2025-06-22 00:00:00+00:00, run_after=2025-06-23 00:00:00+00:00
[2025-06-24T00:53:40.339+0700] {processor.py:183} INFO - Processing /home/panda/Documents/ODAP/Project/venv310/lib/python3.10/site-packages/airflow/example_dags/example_short_circuit_operator.py took 0.092 seconds
[2025-06-24T00:54:32.992+0700] {processor.py:161} INFO - Started process (PID=25626) to work on /home/panda/Documents/ODAP/Project/venv310/lib/python3.10/site-packages/airflow/example_dags/example_short_circuit_operator.py
[2025-06-24T00:54:32.994+0700] {processor.py:830} INFO - Processing file /home/panda/Documents/ODAP/Project/venv310/lib/python3.10/site-packages/airflow/example_dags/example_short_circuit_operator.py for tasks to queue
[2025-06-24T00:54:32.995+0700] {logging_mixin.py:188} INFO - [2025-06-24T00:54:32.995+0700] {dagbag.py:540} INFO - Filling up the DagBag from /home/panda/Documents/ODAP/Project/venv310/lib/python3.10/site-packages/airflow/example_dags/example_short_circuit_operator.py
[2025-06-24T00:54:33.003+0700] {processor.py:840} INFO - DAG(s) 'example_short_circuit_operator' retrieved from /home/panda/Documents/ODAP/Project/venv310/lib/python3.10/site-packages/airflow/example_dags/example_short_circuit_operator.py
[2025-06-24T00:54:33.025+0700] {logging_mixin.py:188} INFO - [2025-06-24T00:54:33.025+0700] {dag.py:3096} INFO - Sync 1 DAGs
[2025-06-24T00:54:33.046+0700] {logging_mixin.py:188} INFO - [2025-06-24T00:54:33.045+0700] {dag.py:3954} INFO - Setting next_dagrun for example_short_circuit_operator to 2025-06-22 00:00:00+00:00, run_after=2025-06-23 00:00:00+00:00
[2025-06-24T00:54:33.084+0700] {processor.py:183} INFO - Processing /home/panda/Documents/ODAP/Project/venv310/lib/python3.10/site-packages/airflow/example_dags/example_short_circuit_operator.py took 0.099 seconds
[2025-06-24T01:03:22.618+0700] {processor.py:161} INFO - Started process (PID=28595) to work on /home/panda/Documents/ODAP/Project/venv310/lib/python3.10/site-packages/airflow/example_dags/example_short_circuit_operator.py
[2025-06-24T01:03:22.623+0700] {processor.py:830} INFO - Processing file /home/panda/Documents/ODAP/Project/venv310/lib/python3.10/site-packages/airflow/example_dags/example_short_circuit_operator.py for tasks to queue
[2025-06-24T01:03:22.624+0700] {logging_mixin.py:188} INFO - [2025-06-24T01:03:22.624+0700] {dagbag.py:540} INFO - Filling up the DagBag from /home/panda/Documents/ODAP/Project/venv310/lib/python3.10/site-packages/airflow/example_dags/example_short_circuit_operator.py
[2025-06-24T01:03:22.634+0700] {processor.py:840} INFO - DAG(s) 'example_short_circuit_operator' retrieved from /home/panda/Documents/ODAP/Project/venv310/lib/python3.10/site-packages/airflow/example_dags/example_short_circuit_operator.py
[2025-06-24T01:03:22.660+0700] {logging_mixin.py:188} INFO - [2025-06-24T01:03:22.659+0700] {dag.py:3096} INFO - Sync 1 DAGs
[2025-06-24T01:03:22.681+0700] {logging_mixin.py:188} INFO - [2025-06-24T01:03:22.681+0700] {dag.py:3954} INFO - Setting next_dagrun for example_short_circuit_operator to 2025-06-22 00:00:00+00:00, run_after=2025-06-23 00:00:00+00:00
[2025-06-24T01:03:22.709+0700] {processor.py:183} INFO - Processing /home/panda/Documents/ODAP/Project/venv310/lib/python3.10/site-packages/airflow/example_dags/example_short_circuit_operator.py took 0.099 seconds
[2025-06-24T01:04:14.803+0700] {processor.py:161} INFO - Started process (PID=28786) to work on /home/panda/Documents/ODAP/Project/venv310/lib/python3.10/site-packages/airflow/example_dags/example_short_circuit_operator.py
[2025-06-24T01:04:14.808+0700] {processor.py:830} INFO - Processing file /home/panda/Documents/ODAP/Project/venv310/lib/python3.10/site-packages/airflow/example_dags/example_short_circuit_operator.py for tasks to queue
[2025-06-24T01:04:14.809+0700] {logging_mixin.py:188} INFO - [2025-06-24T01:04:14.808+0700] {dagbag.py:540} INFO - Filling up the DagBag from /home/panda/Documents/ODAP/Project/venv310/lib/python3.10/site-packages/airflow/example_dags/example_short_circuit_operator.py
[2025-06-24T01:04:14.817+0700] {processor.py:840} INFO - DAG(s) 'example_short_circuit_operator' retrieved from /home/panda/Documents/ODAP/Project/venv310/lib/python3.10/site-packages/airflow/example_dags/example_short_circuit_operator.py
[2025-06-24T01:04:14.839+0700] {logging_mixin.py:188} INFO - [2025-06-24T01:04:14.838+0700] {dag.py:3096} INFO - Sync 1 DAGs
[2025-06-24T01:04:14.859+0700] {logging_mixin.py:188} INFO - [2025-06-24T01:04:14.859+0700] {dag.py:3954} INFO - Setting next_dagrun for example_short_circuit_operator to 2025-06-22 00:00:00+00:00, run_after=2025-06-23 00:00:00+00:00
[2025-06-24T01:04:14.884+0700] {processor.py:183} INFO - Processing /home/panda/Documents/ODAP/Project/venv310/lib/python3.10/site-packages/airflow/example_dags/example_short_circuit_operator.py took 0.089 seconds
