[2025-06-24T00:02:23.696+0700] {processor.py:161} INFO - Started process (PID=5803) to work on /home/panda/Documents/ODAP/Project/venv310/lib/python3.10/site-packages/airflow/example_dags/example_dynamic_task_mapping.py
[2025-06-24T00:02:23.697+0700] {processor.py:830} INFO - Processing file /home/panda/Documents/ODAP/Project/venv310/lib/python3.10/site-packages/airflow/example_dags/example_dynamic_task_mapping.py for tasks to queue
[2025-06-24T00:02:23.700+0700] {logging_mixin.py:188} INFO - [2025-06-24T00:02:23.699+0700] {dagbag.py:540} INFO - Filling up the DagBag from /home/panda/Documents/ODAP/Project/venv310/lib/python3.10/site-packages/airflow/example_dags/example_dynamic_task_mapping.py
[2025-06-24T00:02:23.708+0700] {processor.py:840} INFO - DAG(s) 'example_dynamic_task_mapping' retrieved from /home/panda/Documents/ODAP/Project/venv310/lib/python3.10/site-packages/airflow/example_dags/example_dynamic_task_mapping.py
[2025-06-24T00:02:23.728+0700] {logging_mixin.py:188} INFO - [2025-06-24T00:02:23.728+0700] {dag.py:3096} INFO - Sync 1 DAGs
[2025-06-24T00:02:23.751+0700] {logging_mixin.py:188} INFO - [2025-06-24T00:02:23.751+0700] {dag.py:3954} INFO - Setting next_dagrun for example_dynamic_task_mapping to 2022-03-04 00:00:00+00:00, run_after=2022-03-05 00:00:00+00:00
[2025-06-24T00:02:23.781+0700] {processor.py:183} INFO - Processing /home/panda/Documents/ODAP/Project/venv310/lib/python3.10/site-packages/airflow/example_dags/example_dynamic_task_mapping.py took 0.093 seconds
[2025-06-24T00:03:17.909+0700] {processor.py:161} INFO - Started process (PID=6276) to work on /home/panda/Documents/ODAP/Project/venv310/lib/python3.10/site-packages/airflow/example_dags/example_dynamic_task_mapping.py
[2025-06-24T00:03:17.914+0700] {processor.py:830} INFO - Processing file /home/panda/Documents/ODAP/Project/venv310/lib/python3.10/site-packages/airflow/example_dags/example_dynamic_task_mapping.py for tasks to queue
[2025-06-24T00:03:17.916+0700] {logging_mixin.py:188} INFO - [2025-06-24T00:03:17.916+0700] {dagbag.py:540} INFO - Filling up the DagBag from /home/panda/Documents/ODAP/Project/venv310/lib/python3.10/site-packages/airflow/example_dags/example_dynamic_task_mapping.py
[2025-06-24T00:03:17.924+0700] {processor.py:840} INFO - DAG(s) 'example_dynamic_task_mapping' retrieved from /home/panda/Documents/ODAP/Project/venv310/lib/python3.10/site-packages/airflow/example_dags/example_dynamic_task_mapping.py
[2025-06-24T00:03:17.941+0700] {logging_mixin.py:188} INFO - [2025-06-24T00:03:17.941+0700] {dag.py:3096} INFO - Sync 1 DAGs
[2025-06-24T00:03:17.960+0700] {logging_mixin.py:188} INFO - [2025-06-24T00:03:17.960+0700] {dag.py:3954} INFO - Setting next_dagrun for example_dynamic_task_mapping to 2022-03-04 00:00:00+00:00, run_after=2022-03-05 00:00:00+00:00
[2025-06-24T00:03:17.991+0700] {processor.py:183} INFO - Processing /home/panda/Documents/ODAP/Project/venv310/lib/python3.10/site-packages/airflow/example_dags/example_dynamic_task_mapping.py took 0.088 seconds
[2025-06-24T00:04:14.400+0700] {processor.py:161} INFO - Started process (PID=6793) to work on /home/panda/Documents/ODAP/Project/venv310/lib/python3.10/site-packages/airflow/example_dags/example_dynamic_task_mapping.py
[2025-06-24T00:04:14.405+0700] {processor.py:830} INFO - Processing file /home/panda/Documents/ODAP/Project/venv310/lib/python3.10/site-packages/airflow/example_dags/example_dynamic_task_mapping.py for tasks to queue
[2025-06-24T00:04:14.407+0700] {logging_mixin.py:188} INFO - [2025-06-24T00:04:14.406+0700] {dagbag.py:540} INFO - Filling up the DagBag from /home/panda/Documents/ODAP/Project/venv310/lib/python3.10/site-packages/airflow/example_dags/example_dynamic_task_mapping.py
[2025-06-24T00:04:14.416+0700] {processor.py:840} INFO - DAG(s) 'example_dynamic_task_mapping' retrieved from /home/panda/Documents/ODAP/Project/venv310/lib/python3.10/site-packages/airflow/example_dags/example_dynamic_task_mapping.py
[2025-06-24T00:04:14.436+0700] {logging_mixin.py:188} INFO - [2025-06-24T00:04:14.436+0700] {dag.py:3096} INFO - Sync 1 DAGs
[2025-06-24T00:04:14.458+0700] {logging_mixin.py:188} INFO - [2025-06-24T00:04:14.458+0700] {dag.py:3954} INFO - Setting next_dagrun for example_dynamic_task_mapping to 2022-03-04 00:00:00+00:00, run_after=2022-03-05 00:00:00+00:00
[2025-06-24T00:04:14.486+0700] {processor.py:183} INFO - Processing /home/panda/Documents/ODAP/Project/venv310/lib/python3.10/site-packages/airflow/example_dags/example_dynamic_task_mapping.py took 0.093 seconds
[2025-06-24T00:05:03.574+0700] {processor.py:161} INFO - Started process (PID=6933) to work on /home/panda/Documents/ODAP/Project/venv310/lib/python3.10/site-packages/airflow/example_dags/example_dynamic_task_mapping.py
[2025-06-24T00:05:03.577+0700] {processor.py:830} INFO - Processing file /home/panda/Documents/ODAP/Project/venv310/lib/python3.10/site-packages/airflow/example_dags/example_dynamic_task_mapping.py for tasks to queue
[2025-06-24T00:05:03.578+0700] {logging_mixin.py:188} INFO - [2025-06-24T00:05:03.578+0700] {dagbag.py:540} INFO - Filling up the DagBag from /home/panda/Documents/ODAP/Project/venv310/lib/python3.10/site-packages/airflow/example_dags/example_dynamic_task_mapping.py
[2025-06-24T00:05:03.586+0700] {processor.py:840} INFO - DAG(s) 'example_dynamic_task_mapping' retrieved from /home/panda/Documents/ODAP/Project/venv310/lib/python3.10/site-packages/airflow/example_dags/example_dynamic_task_mapping.py
[2025-06-24T00:05:03.601+0700] {logging_mixin.py:188} INFO - [2025-06-24T00:05:03.601+0700] {dag.py:3096} INFO - Sync 1 DAGs
[2025-06-24T00:05:03.621+0700] {logging_mixin.py:188} INFO - [2025-06-24T00:05:03.621+0700] {dag.py:3954} INFO - Setting next_dagrun for example_dynamic_task_mapping to 2022-03-04 00:00:00+00:00, run_after=2022-03-05 00:00:00+00:00
[2025-06-24T00:05:03.642+0700] {processor.py:183} INFO - Processing /home/panda/Documents/ODAP/Project/venv310/lib/python3.10/site-packages/airflow/example_dags/example_dynamic_task_mapping.py took 0.075 seconds
[2025-06-24T00:07:30.852+0700] {processor.py:161} INFO - Started process (PID=8171) to work on /home/panda/Documents/ODAP/Project/venv310/lib/python3.10/site-packages/airflow/example_dags/example_dynamic_task_mapping.py
[2025-06-24T00:07:30.855+0700] {processor.py:830} INFO - Processing file /home/panda/Documents/ODAP/Project/venv310/lib/python3.10/site-packages/airflow/example_dags/example_dynamic_task_mapping.py for tasks to queue
[2025-06-24T00:07:30.856+0700] {logging_mixin.py:188} INFO - [2025-06-24T00:07:30.856+0700] {dagbag.py:540} INFO - Filling up the DagBag from /home/panda/Documents/ODAP/Project/venv310/lib/python3.10/site-packages/airflow/example_dags/example_dynamic_task_mapping.py
[2025-06-24T00:07:30.862+0700] {processor.py:840} INFO - DAG(s) 'example_dynamic_task_mapping' retrieved from /home/panda/Documents/ODAP/Project/venv310/lib/python3.10/site-packages/airflow/example_dags/example_dynamic_task_mapping.py
[2025-06-24T00:07:30.878+0700] {logging_mixin.py:188} INFO - [2025-06-24T00:07:30.878+0700] {dag.py:3096} INFO - Sync 1 DAGs
[2025-06-24T00:07:30.893+0700] {logging_mixin.py:188} INFO - [2025-06-24T00:07:30.893+0700] {dag.py:3954} INFO - Setting next_dagrun for example_dynamic_task_mapping to 2022-03-04 00:00:00+00:00, run_after=2022-03-05 00:00:00+00:00
[2025-06-24T00:07:30.918+0700] {processor.py:183} INFO - Processing /home/panda/Documents/ODAP/Project/venv310/lib/python3.10/site-packages/airflow/example_dags/example_dynamic_task_mapping.py took 0.072 seconds
[2025-06-24T00:08:56.285+0700] {processor.py:161} INFO - Started process (PID=10721) to work on /home/panda/Documents/ODAP/Project/venv310/lib/python3.10/site-packages/airflow/example_dags/example_dynamic_task_mapping.py
[2025-06-24T00:08:56.290+0700] {processor.py:830} INFO - Processing file /home/panda/Documents/ODAP/Project/venv310/lib/python3.10/site-packages/airflow/example_dags/example_dynamic_task_mapping.py for tasks to queue
[2025-06-24T00:08:56.291+0700] {logging_mixin.py:188} INFO - [2025-06-24T00:08:56.291+0700] {dagbag.py:540} INFO - Filling up the DagBag from /home/panda/Documents/ODAP/Project/venv310/lib/python3.10/site-packages/airflow/example_dags/example_dynamic_task_mapping.py
[2025-06-24T00:08:56.300+0700] {processor.py:840} INFO - DAG(s) 'example_dynamic_task_mapping' retrieved from /home/panda/Documents/ODAP/Project/venv310/lib/python3.10/site-packages/airflow/example_dags/example_dynamic_task_mapping.py
[2025-06-24T00:08:56.322+0700] {logging_mixin.py:188} INFO - [2025-06-24T00:08:56.321+0700] {dag.py:3096} INFO - Sync 1 DAGs
[2025-06-24T00:08:56.341+0700] {logging_mixin.py:188} INFO - [2025-06-24T00:08:56.341+0700] {dag.py:3954} INFO - Setting next_dagrun for example_dynamic_task_mapping to 2022-03-04 00:00:00+00:00, run_after=2022-03-05 00:00:00+00:00
[2025-06-24T00:08:56.371+0700] {processor.py:183} INFO - Processing /home/panda/Documents/ODAP/Project/venv310/lib/python3.10/site-packages/airflow/example_dags/example_dynamic_task_mapping.py took 0.094 seconds
[2025-06-24T00:09:47.876+0700] {processor.py:161} INFO - Started process (PID=10861) to work on /home/panda/Documents/ODAP/Project/venv310/lib/python3.10/site-packages/airflow/example_dags/example_dynamic_task_mapping.py
[2025-06-24T00:09:47.881+0700] {processor.py:830} INFO - Processing file /home/panda/Documents/ODAP/Project/venv310/lib/python3.10/site-packages/airflow/example_dags/example_dynamic_task_mapping.py for tasks to queue
[2025-06-24T00:09:47.882+0700] {logging_mixin.py:188} INFO - [2025-06-24T00:09:47.882+0700] {dagbag.py:540} INFO - Filling up the DagBag from /home/panda/Documents/ODAP/Project/venv310/lib/python3.10/site-packages/airflow/example_dags/example_dynamic_task_mapping.py
[2025-06-24T00:09:47.890+0700] {processor.py:840} INFO - DAG(s) 'example_dynamic_task_mapping' retrieved from /home/panda/Documents/ODAP/Project/venv310/lib/python3.10/site-packages/airflow/example_dags/example_dynamic_task_mapping.py
[2025-06-24T00:09:47.912+0700] {logging_mixin.py:188} INFO - [2025-06-24T00:09:47.912+0700] {dag.py:3096} INFO - Sync 1 DAGs
[2025-06-24T00:09:47.933+0700] {logging_mixin.py:188} INFO - [2025-06-24T00:09:47.932+0700] {dag.py:3954} INFO - Setting next_dagrun for example_dynamic_task_mapping to 2022-03-04 00:00:00+00:00, run_after=2022-03-05 00:00:00+00:00
[2025-06-24T00:09:47.962+0700] {processor.py:183} INFO - Processing /home/panda/Documents/ODAP/Project/venv310/lib/python3.10/site-packages/airflow/example_dags/example_dynamic_task_mapping.py took 0.093 seconds
[2025-06-24T00:10:42.149+0700] {processor.py:161} INFO - Started process (PID=11044) to work on /home/panda/Documents/ODAP/Project/venv310/lib/python3.10/site-packages/airflow/example_dags/example_dynamic_task_mapping.py
[2025-06-24T00:10:42.154+0700] {processor.py:830} INFO - Processing file /home/panda/Documents/ODAP/Project/venv310/lib/python3.10/site-packages/airflow/example_dags/example_dynamic_task_mapping.py for tasks to queue
[2025-06-24T00:10:42.155+0700] {logging_mixin.py:188} INFO - [2025-06-24T00:10:42.154+0700] {dagbag.py:540} INFO - Filling up the DagBag from /home/panda/Documents/ODAP/Project/venv310/lib/python3.10/site-packages/airflow/example_dags/example_dynamic_task_mapping.py
[2025-06-24T00:10:42.163+0700] {processor.py:840} INFO - DAG(s) 'example_dynamic_task_mapping' retrieved from /home/panda/Documents/ODAP/Project/venv310/lib/python3.10/site-packages/airflow/example_dags/example_dynamic_task_mapping.py
[2025-06-24T00:10:42.184+0700] {logging_mixin.py:188} INFO - [2025-06-24T00:10:42.183+0700] {dag.py:3096} INFO - Sync 1 DAGs
[2025-06-24T00:10:42.204+0700] {logging_mixin.py:188} INFO - [2025-06-24T00:10:42.203+0700] {dag.py:3954} INFO - Setting next_dagrun for example_dynamic_task_mapping to 2022-03-04 00:00:00+00:00, run_after=2022-03-05 00:00:00+00:00
[2025-06-24T00:10:42.231+0700] {processor.py:183} INFO - Processing /home/panda/Documents/ODAP/Project/venv310/lib/python3.10/site-packages/airflow/example_dags/example_dynamic_task_mapping.py took 0.090 seconds
[2025-06-24T00:11:54.010+0700] {processor.py:161} INFO - Started process (PID=12499) to work on /home/panda/Documents/ODAP/Project/venv310/lib/python3.10/site-packages/airflow/example_dags/example_dynamic_task_mapping.py
[2025-06-24T00:11:54.015+0700] {processor.py:830} INFO - Processing file /home/panda/Documents/ODAP/Project/venv310/lib/python3.10/site-packages/airflow/example_dags/example_dynamic_task_mapping.py for tasks to queue
[2025-06-24T00:11:54.017+0700] {logging_mixin.py:188} INFO - [2025-06-24T00:11:54.017+0700] {dagbag.py:540} INFO - Filling up the DagBag from /home/panda/Documents/ODAP/Project/venv310/lib/python3.10/site-packages/airflow/example_dags/example_dynamic_task_mapping.py
[2025-06-24T00:11:54.026+0700] {processor.py:840} INFO - DAG(s) 'example_dynamic_task_mapping' retrieved from /home/panda/Documents/ODAP/Project/venv310/lib/python3.10/site-packages/airflow/example_dags/example_dynamic_task_mapping.py
[2025-06-24T00:11:54.046+0700] {logging_mixin.py:188} INFO - [2025-06-24T00:11:54.046+0700] {dag.py:3096} INFO - Sync 1 DAGs
[2025-06-24T00:11:54.064+0700] {logging_mixin.py:188} INFO - [2025-06-24T00:11:54.063+0700] {dag.py:3954} INFO - Setting next_dagrun for example_dynamic_task_mapping to 2022-03-04 00:00:00+00:00, run_after=2022-03-05 00:00:00+00:00
[2025-06-24T00:11:54.087+0700] {processor.py:183} INFO - Processing /home/panda/Documents/ODAP/Project/venv310/lib/python3.10/site-packages/airflow/example_dags/example_dynamic_task_mapping.py took 0.085 seconds
[2025-06-24T00:12:45.390+0700] {processor.py:161} INFO - Started process (PID=12705) to work on /home/panda/Documents/ODAP/Project/venv310/lib/python3.10/site-packages/airflow/example_dags/example_dynamic_task_mapping.py
[2025-06-24T00:12:45.395+0700] {processor.py:830} INFO - Processing file /home/panda/Documents/ODAP/Project/venv310/lib/python3.10/site-packages/airflow/example_dags/example_dynamic_task_mapping.py for tasks to queue
[2025-06-24T00:12:45.396+0700] {logging_mixin.py:188} INFO - [2025-06-24T00:12:45.396+0700] {dagbag.py:540} INFO - Filling up the DagBag from /home/panda/Documents/ODAP/Project/venv310/lib/python3.10/site-packages/airflow/example_dags/example_dynamic_task_mapping.py
[2025-06-24T00:12:45.404+0700] {processor.py:840} INFO - DAG(s) 'example_dynamic_task_mapping' retrieved from /home/panda/Documents/ODAP/Project/venv310/lib/python3.10/site-packages/airflow/example_dags/example_dynamic_task_mapping.py
[2025-06-24T00:12:45.423+0700] {logging_mixin.py:188} INFO - [2025-06-24T00:12:45.422+0700] {dag.py:3096} INFO - Sync 1 DAGs
[2025-06-24T00:12:45.441+0700] {logging_mixin.py:188} INFO - [2025-06-24T00:12:45.440+0700] {dag.py:3954} INFO - Setting next_dagrun for example_dynamic_task_mapping to 2022-03-04 00:00:00+00:00, run_after=2022-03-05 00:00:00+00:00
[2025-06-24T00:12:45.463+0700] {processor.py:183} INFO - Processing /home/panda/Documents/ODAP/Project/venv310/lib/python3.10/site-packages/airflow/example_dags/example_dynamic_task_mapping.py took 0.080 seconds
[2025-06-24T00:13:49.242+0700] {processor.py:161} INFO - Started process (PID=12907) to work on /home/panda/Documents/ODAP/Project/venv310/lib/python3.10/site-packages/airflow/example_dags/example_dynamic_task_mapping.py
[2025-06-24T00:13:49.247+0700] {processor.py:830} INFO - Processing file /home/panda/Documents/ODAP/Project/venv310/lib/python3.10/site-packages/airflow/example_dags/example_dynamic_task_mapping.py for tasks to queue
[2025-06-24T00:13:49.248+0700] {logging_mixin.py:188} INFO - [2025-06-24T00:13:49.247+0700] {dagbag.py:540} INFO - Filling up the DagBag from /home/panda/Documents/ODAP/Project/venv310/lib/python3.10/site-packages/airflow/example_dags/example_dynamic_task_mapping.py
[2025-06-24T00:13:49.255+0700] {processor.py:840} INFO - DAG(s) 'example_dynamic_task_mapping' retrieved from /home/panda/Documents/ODAP/Project/venv310/lib/python3.10/site-packages/airflow/example_dags/example_dynamic_task_mapping.py
[2025-06-24T00:13:49.274+0700] {logging_mixin.py:188} INFO - [2025-06-24T00:13:49.274+0700] {dag.py:3096} INFO - Sync 1 DAGs
[2025-06-24T00:13:49.295+0700] {logging_mixin.py:188} INFO - [2025-06-24T00:13:49.295+0700] {dag.py:3954} INFO - Setting next_dagrun for example_dynamic_task_mapping to 2022-03-04 00:00:00+00:00, run_after=2022-03-05 00:00:00+00:00
[2025-06-24T00:13:49.323+0700] {processor.py:183} INFO - Processing /home/panda/Documents/ODAP/Project/venv310/lib/python3.10/site-packages/airflow/example_dags/example_dynamic_task_mapping.py took 0.090 seconds
[2025-06-24T00:14:56.436+0700] {processor.py:161} INFO - Started process (PID=13248) to work on /home/panda/Documents/ODAP/Project/venv310/lib/python3.10/site-packages/airflow/example_dags/example_dynamic_task_mapping.py
[2025-06-24T00:14:56.441+0700] {processor.py:830} INFO - Processing file /home/panda/Documents/ODAP/Project/venv310/lib/python3.10/site-packages/airflow/example_dags/example_dynamic_task_mapping.py for tasks to queue
[2025-06-24T00:14:56.443+0700] {logging_mixin.py:188} INFO - [2025-06-24T00:14:56.442+0700] {dagbag.py:540} INFO - Filling up the DagBag from /home/panda/Documents/ODAP/Project/venv310/lib/python3.10/site-packages/airflow/example_dags/example_dynamic_task_mapping.py
[2025-06-24T00:14:56.450+0700] {processor.py:840} INFO - DAG(s) 'example_dynamic_task_mapping' retrieved from /home/panda/Documents/ODAP/Project/venv310/lib/python3.10/site-packages/airflow/example_dags/example_dynamic_task_mapping.py
[2025-06-24T00:14:56.470+0700] {logging_mixin.py:188} INFO - [2025-06-24T00:14:56.469+0700] {dag.py:3096} INFO - Sync 1 DAGs
[2025-06-24T00:14:56.489+0700] {logging_mixin.py:188} INFO - [2025-06-24T00:14:56.489+0700] {dag.py:3954} INFO - Setting next_dagrun for example_dynamic_task_mapping to 2022-03-04 00:00:00+00:00, run_after=2022-03-05 00:00:00+00:00
[2025-06-24T00:14:56.520+0700] {processor.py:183} INFO - Processing /home/panda/Documents/ODAP/Project/venv310/lib/python3.10/site-packages/airflow/example_dags/example_dynamic_task_mapping.py took 0.092 seconds
[2025-06-24T00:21:40.761+0700] {processor.py:161} INFO - Started process (PID=16617) to work on /home/panda/Documents/ODAP/Project/venv310/lib/python3.10/site-packages/airflow/example_dags/example_dynamic_task_mapping.py
[2025-06-24T00:21:40.766+0700] {processor.py:830} INFO - Processing file /home/panda/Documents/ODAP/Project/venv310/lib/python3.10/site-packages/airflow/example_dags/example_dynamic_task_mapping.py for tasks to queue
[2025-06-24T00:21:40.768+0700] {logging_mixin.py:188} INFO - [2025-06-24T00:21:40.767+0700] {dagbag.py:540} INFO - Filling up the DagBag from /home/panda/Documents/ODAP/Project/venv310/lib/python3.10/site-packages/airflow/example_dags/example_dynamic_task_mapping.py
[2025-06-24T00:21:40.775+0700] {processor.py:840} INFO - DAG(s) 'example_dynamic_task_mapping' retrieved from /home/panda/Documents/ODAP/Project/venv310/lib/python3.10/site-packages/airflow/example_dags/example_dynamic_task_mapping.py
[2025-06-24T00:21:40.797+0700] {logging_mixin.py:188} INFO - [2025-06-24T00:21:40.797+0700] {dag.py:3096} INFO - Sync 1 DAGs
[2025-06-24T00:21:40.818+0700] {logging_mixin.py:188} INFO - [2025-06-24T00:21:40.817+0700] {dag.py:3954} INFO - Setting next_dagrun for example_dynamic_task_mapping to 2022-03-04 00:00:00+00:00, run_after=2022-03-05 00:00:00+00:00
[2025-06-24T00:21:40.849+0700] {processor.py:183} INFO - Processing /home/panda/Documents/ODAP/Project/venv310/lib/python3.10/site-packages/airflow/example_dags/example_dynamic_task_mapping.py took 0.096 seconds
[2025-06-24T00:22:32.791+0700] {processor.py:161} INFO - Started process (PID=16870) to work on /home/panda/Documents/ODAP/Project/venv310/lib/python3.10/site-packages/airflow/example_dags/example_dynamic_task_mapping.py
[2025-06-24T00:22:32.796+0700] {processor.py:830} INFO - Processing file /home/panda/Documents/ODAP/Project/venv310/lib/python3.10/site-packages/airflow/example_dags/example_dynamic_task_mapping.py for tasks to queue
[2025-06-24T00:22:32.797+0700] {logging_mixin.py:188} INFO - [2025-06-24T00:22:32.797+0700] {dagbag.py:540} INFO - Filling up the DagBag from /home/panda/Documents/ODAP/Project/venv310/lib/python3.10/site-packages/airflow/example_dags/example_dynamic_task_mapping.py
[2025-06-24T00:22:32.805+0700] {processor.py:840} INFO - DAG(s) 'example_dynamic_task_mapping' retrieved from /home/panda/Documents/ODAP/Project/venv310/lib/python3.10/site-packages/airflow/example_dags/example_dynamic_task_mapping.py
[2025-06-24T00:22:32.825+0700] {logging_mixin.py:188} INFO - [2025-06-24T00:22:32.825+0700] {dag.py:3096} INFO - Sync 1 DAGs
[2025-06-24T00:22:32.845+0700] {logging_mixin.py:188} INFO - [2025-06-24T00:22:32.845+0700] {dag.py:3954} INFO - Setting next_dagrun for example_dynamic_task_mapping to 2022-03-04 00:00:00+00:00, run_after=2022-03-05 00:00:00+00:00
[2025-06-24T00:22:32.878+0700] {processor.py:183} INFO - Processing /home/panda/Documents/ODAP/Project/venv310/lib/python3.10/site-packages/airflow/example_dags/example_dynamic_task_mapping.py took 0.094 seconds
[2025-06-24T00:33:52.810+0700] {processor.py:161} INFO - Started process (PID=20296) to work on /home/panda/Documents/ODAP/Project/venv310/lib/python3.10/site-packages/airflow/example_dags/example_dynamic_task_mapping.py
[2025-06-24T00:33:52.815+0700] {processor.py:830} INFO - Processing file /home/panda/Documents/ODAP/Project/venv310/lib/python3.10/site-packages/airflow/example_dags/example_dynamic_task_mapping.py for tasks to queue
[2025-06-24T00:33:52.817+0700] {logging_mixin.py:188} INFO - [2025-06-24T00:33:52.816+0700] {dagbag.py:540} INFO - Filling up the DagBag from /home/panda/Documents/ODAP/Project/venv310/lib/python3.10/site-packages/airflow/example_dags/example_dynamic_task_mapping.py
[2025-06-24T00:33:52.825+0700] {processor.py:840} INFO - DAG(s) 'example_dynamic_task_mapping' retrieved from /home/panda/Documents/ODAP/Project/venv310/lib/python3.10/site-packages/airflow/example_dags/example_dynamic_task_mapping.py
[2025-06-24T00:33:52.851+0700] {logging_mixin.py:188} INFO - [2025-06-24T00:33:52.851+0700] {dag.py:3096} INFO - Sync 1 DAGs
[2025-06-24T00:33:52.872+0700] {logging_mixin.py:188} INFO - [2025-06-24T00:33:52.872+0700] {dag.py:3954} INFO - Setting next_dagrun for example_dynamic_task_mapping to 2022-03-04 00:00:00+00:00, run_after=2022-03-05 00:00:00+00:00
[2025-06-24T00:33:52.900+0700] {processor.py:183} INFO - Processing /home/panda/Documents/ODAP/Project/venv310/lib/python3.10/site-packages/airflow/example_dags/example_dynamic_task_mapping.py took 0.098 seconds
[2025-06-24T00:34:46.921+0700] {processor.py:161} INFO - Started process (PID=20443) to work on /home/panda/Documents/ODAP/Project/venv310/lib/python3.10/site-packages/airflow/example_dags/example_dynamic_task_mapping.py
[2025-06-24T00:34:46.926+0700] {processor.py:830} INFO - Processing file /home/panda/Documents/ODAP/Project/venv310/lib/python3.10/site-packages/airflow/example_dags/example_dynamic_task_mapping.py for tasks to queue
[2025-06-24T00:34:46.927+0700] {logging_mixin.py:188} INFO - [2025-06-24T00:34:46.927+0700] {dagbag.py:540} INFO - Filling up the DagBag from /home/panda/Documents/ODAP/Project/venv310/lib/python3.10/site-packages/airflow/example_dags/example_dynamic_task_mapping.py
[2025-06-24T00:34:46.935+0700] {processor.py:840} INFO - DAG(s) 'example_dynamic_task_mapping' retrieved from /home/panda/Documents/ODAP/Project/venv310/lib/python3.10/site-packages/airflow/example_dags/example_dynamic_task_mapping.py
[2025-06-24T00:34:46.955+0700] {logging_mixin.py:188} INFO - [2025-06-24T00:34:46.955+0700] {dag.py:3096} INFO - Sync 1 DAGs
[2025-06-24T00:34:46.973+0700] {logging_mixin.py:188} INFO - [2025-06-24T00:34:46.973+0700] {dag.py:3954} INFO - Setting next_dagrun for example_dynamic_task_mapping to 2022-03-04 00:00:00+00:00, run_after=2022-03-05 00:00:00+00:00
[2025-06-24T00:34:47.000+0700] {processor.py:183} INFO - Processing /home/panda/Documents/ODAP/Project/venv310/lib/python3.10/site-packages/airflow/example_dags/example_dynamic_task_mapping.py took 0.086 seconds
[2025-06-24T00:35:40.041+0700] {processor.py:161} INFO - Started process (PID=20585) to work on /home/panda/Documents/ODAP/Project/venv310/lib/python3.10/site-packages/airflow/example_dags/example_dynamic_task_mapping.py
[2025-06-24T00:35:40.043+0700] {processor.py:830} INFO - Processing file /home/panda/Documents/ODAP/Project/venv310/lib/python3.10/site-packages/airflow/example_dags/example_dynamic_task_mapping.py for tasks to queue
[2025-06-24T00:35:40.045+0700] {logging_mixin.py:188} INFO - [2025-06-24T00:35:40.044+0700] {dagbag.py:540} INFO - Filling up the DagBag from /home/panda/Documents/ODAP/Project/venv310/lib/python3.10/site-packages/airflow/example_dags/example_dynamic_task_mapping.py
[2025-06-24T00:35:40.053+0700] {processor.py:840} INFO - DAG(s) 'example_dynamic_task_mapping' retrieved from /home/panda/Documents/ODAP/Project/venv310/lib/python3.10/site-packages/airflow/example_dags/example_dynamic_task_mapping.py
[2025-06-24T00:35:40.073+0700] {logging_mixin.py:188} INFO - [2025-06-24T00:35:40.072+0700] {dag.py:3096} INFO - Sync 1 DAGs
[2025-06-24T00:35:40.092+0700] {logging_mixin.py:188} INFO - [2025-06-24T00:35:40.092+0700] {dag.py:3954} INFO - Setting next_dagrun for example_dynamic_task_mapping to 2022-03-04 00:00:00+00:00, run_after=2022-03-05 00:00:00+00:00
[2025-06-24T00:35:40.125+0700] {processor.py:183} INFO - Processing /home/panda/Documents/ODAP/Project/venv310/lib/python3.10/site-packages/airflow/example_dags/example_dynamic_task_mapping.py took 0.092 seconds
[2025-06-24T00:36:26.728+0700] {processor.py:161} INFO - Started process (PID=20891) to work on /home/panda/Documents/ODAP/Project/venv310/lib/python3.10/site-packages/airflow/example_dags/example_dynamic_task_mapping.py
[2025-06-24T00:36:26.733+0700] {processor.py:830} INFO - Processing file /home/panda/Documents/ODAP/Project/venv310/lib/python3.10/site-packages/airflow/example_dags/example_dynamic_task_mapping.py for tasks to queue
[2025-06-24T00:36:26.734+0700] {logging_mixin.py:188} INFO - [2025-06-24T00:36:26.734+0700] {dagbag.py:540} INFO - Filling up the DagBag from /home/panda/Documents/ODAP/Project/venv310/lib/python3.10/site-packages/airflow/example_dags/example_dynamic_task_mapping.py
[2025-06-24T00:36:26.742+0700] {processor.py:840} INFO - DAG(s) 'example_dynamic_task_mapping' retrieved from /home/panda/Documents/ODAP/Project/venv310/lib/python3.10/site-packages/airflow/example_dags/example_dynamic_task_mapping.py
[2025-06-24T00:36:26.761+0700] {logging_mixin.py:188} INFO - [2025-06-24T00:36:26.760+0700] {dag.py:3096} INFO - Sync 1 DAGs
[2025-06-24T00:36:26.782+0700] {logging_mixin.py:188} INFO - [2025-06-24T00:36:26.781+0700] {dag.py:3954} INFO - Setting next_dagrun for example_dynamic_task_mapping to 2022-03-04 00:00:00+00:00, run_after=2022-03-05 00:00:00+00:00
[2025-06-24T00:36:26.810+0700] {processor.py:183} INFO - Processing /home/panda/Documents/ODAP/Project/venv310/lib/python3.10/site-packages/airflow/example_dags/example_dynamic_task_mapping.py took 0.090 seconds
[2025-06-24T00:52:50.790+0700] {processor.py:161} INFO - Started process (PID=25169) to work on /home/panda/Documents/ODAP/Project/venv310/lib/python3.10/site-packages/airflow/example_dags/example_dynamic_task_mapping.py
[2025-06-24T00:52:50.795+0700] {processor.py:830} INFO - Processing file /home/panda/Documents/ODAP/Project/venv310/lib/python3.10/site-packages/airflow/example_dags/example_dynamic_task_mapping.py for tasks to queue
[2025-06-24T00:52:50.796+0700] {logging_mixin.py:188} INFO - [2025-06-24T00:52:50.795+0700] {dagbag.py:540} INFO - Filling up the DagBag from /home/panda/Documents/ODAP/Project/venv310/lib/python3.10/site-packages/airflow/example_dags/example_dynamic_task_mapping.py
[2025-06-24T00:52:50.803+0700] {processor.py:840} INFO - DAG(s) 'example_dynamic_task_mapping' retrieved from /home/panda/Documents/ODAP/Project/venv310/lib/python3.10/site-packages/airflow/example_dags/example_dynamic_task_mapping.py
[2025-06-24T00:52:50.827+0700] {logging_mixin.py:188} INFO - [2025-06-24T00:52:50.826+0700] {dag.py:3096} INFO - Sync 1 DAGs
[2025-06-24T00:52:50.848+0700] {logging_mixin.py:188} INFO - [2025-06-24T00:52:50.848+0700] {dag.py:3954} INFO - Setting next_dagrun for example_dynamic_task_mapping to 2022-03-04 00:00:00+00:00, run_after=2022-03-05 00:00:00+00:00
[2025-06-24T00:52:50.872+0700] {processor.py:183} INFO - Processing /home/panda/Documents/ODAP/Project/venv310/lib/python3.10/site-packages/airflow/example_dags/example_dynamic_task_mapping.py took 0.090 seconds
[2025-06-24T00:53:45.066+0700] {processor.py:161} INFO - Started process (PID=25352) to work on /home/panda/Documents/ODAP/Project/venv310/lib/python3.10/site-packages/airflow/example_dags/example_dynamic_task_mapping.py
[2025-06-24T00:53:45.069+0700] {processor.py:830} INFO - Processing file /home/panda/Documents/ODAP/Project/venv310/lib/python3.10/site-packages/airflow/example_dags/example_dynamic_task_mapping.py for tasks to queue
[2025-06-24T00:53:45.070+0700] {logging_mixin.py:188} INFO - [2025-06-24T00:53:45.069+0700] {dagbag.py:540} INFO - Filling up the DagBag from /home/panda/Documents/ODAP/Project/venv310/lib/python3.10/site-packages/airflow/example_dags/example_dynamic_task_mapping.py
[2025-06-24T00:53:45.077+0700] {processor.py:840} INFO - DAG(s) 'example_dynamic_task_mapping' retrieved from /home/panda/Documents/ODAP/Project/venv310/lib/python3.10/site-packages/airflow/example_dags/example_dynamic_task_mapping.py
[2025-06-24T00:53:45.096+0700] {logging_mixin.py:188} INFO - [2025-06-24T00:53:45.095+0700] {dag.py:3096} INFO - Sync 1 DAGs
[2025-06-24T00:53:45.118+0700] {logging_mixin.py:188} INFO - [2025-06-24T00:53:45.117+0700] {dag.py:3954} INFO - Setting next_dagrun for example_dynamic_task_mapping to 2022-03-04 00:00:00+00:00, run_after=2022-03-05 00:00:00+00:00
[2025-06-24T00:53:45.151+0700] {processor.py:183} INFO - Processing /home/panda/Documents/ODAP/Project/venv310/lib/python3.10/site-packages/airflow/example_dags/example_dynamic_task_mapping.py took 0.092 seconds
[2025-06-24T00:54:36.993+0700] {processor.py:161} INFO - Started process (PID=25657) to work on /home/panda/Documents/ODAP/Project/venv310/lib/python3.10/site-packages/airflow/example_dags/example_dynamic_task_mapping.py
[2025-06-24T00:54:37.001+0700] {processor.py:830} INFO - Processing file /home/panda/Documents/ODAP/Project/venv310/lib/python3.10/site-packages/airflow/example_dags/example_dynamic_task_mapping.py for tasks to queue
[2025-06-24T00:54:37.002+0700] {logging_mixin.py:188} INFO - [2025-06-24T00:54:37.001+0700] {dagbag.py:540} INFO - Filling up the DagBag from /home/panda/Documents/ODAP/Project/venv310/lib/python3.10/site-packages/airflow/example_dags/example_dynamic_task_mapping.py
[2025-06-24T00:54:37.009+0700] {processor.py:840} INFO - DAG(s) 'example_dynamic_task_mapping' retrieved from /home/panda/Documents/ODAP/Project/venv310/lib/python3.10/site-packages/airflow/example_dags/example_dynamic_task_mapping.py
[2025-06-24T00:54:37.028+0700] {logging_mixin.py:188} INFO - [2025-06-24T00:54:37.027+0700] {dag.py:3096} INFO - Sync 1 DAGs
[2025-06-24T00:54:37.046+0700] {logging_mixin.py:188} INFO - [2025-06-24T00:54:37.046+0700] {dag.py:3954} INFO - Setting next_dagrun for example_dynamic_task_mapping to 2022-03-04 00:00:00+00:00, run_after=2022-03-05 00:00:00+00:00
[2025-06-24T00:54:37.072+0700] {processor.py:183} INFO - Processing /home/panda/Documents/ODAP/Project/venv310/lib/python3.10/site-packages/airflow/example_dags/example_dynamic_task_mapping.py took 0.088 seconds
[2025-06-24T01:03:26.567+0700] {processor.py:161} INFO - Started process (PID=28608) to work on /home/panda/Documents/ODAP/Project/venv310/lib/python3.10/site-packages/airflow/example_dags/example_dynamic_task_mapping.py
[2025-06-24T01:03:26.572+0700] {processor.py:830} INFO - Processing file /home/panda/Documents/ODAP/Project/venv310/lib/python3.10/site-packages/airflow/example_dags/example_dynamic_task_mapping.py for tasks to queue
[2025-06-24T01:03:26.573+0700] {logging_mixin.py:188} INFO - [2025-06-24T01:03:26.573+0700] {dagbag.py:540} INFO - Filling up the DagBag from /home/panda/Documents/ODAP/Project/venv310/lib/python3.10/site-packages/airflow/example_dags/example_dynamic_task_mapping.py
[2025-06-24T01:03:26.581+0700] {processor.py:840} INFO - DAG(s) 'example_dynamic_task_mapping' retrieved from /home/panda/Documents/ODAP/Project/venv310/lib/python3.10/site-packages/airflow/example_dags/example_dynamic_task_mapping.py
[2025-06-24T01:03:26.604+0700] {logging_mixin.py:188} INFO - [2025-06-24T01:03:26.604+0700] {dag.py:3096} INFO - Sync 1 DAGs
[2025-06-24T01:03:26.625+0700] {logging_mixin.py:188} INFO - [2025-06-24T01:03:26.625+0700] {dag.py:3954} INFO - Setting next_dagrun for example_dynamic_task_mapping to 2022-03-04 00:00:00+00:00, run_after=2022-03-05 00:00:00+00:00
[2025-06-24T01:03:26.657+0700] {processor.py:183} INFO - Processing /home/panda/Documents/ODAP/Project/venv310/lib/python3.10/site-packages/airflow/example_dags/example_dynamic_task_mapping.py took 0.097 seconds
[2025-06-24T01:04:19.605+0700] {processor.py:161} INFO - Started process (PID=28852) to work on /home/panda/Documents/ODAP/Project/venv310/lib/python3.10/site-packages/airflow/example_dags/example_dynamic_task_mapping.py
[2025-06-24T01:04:19.610+0700] {processor.py:830} INFO - Processing file /home/panda/Documents/ODAP/Project/venv310/lib/python3.10/site-packages/airflow/example_dags/example_dynamic_task_mapping.py for tasks to queue
[2025-06-24T01:04:19.611+0700] {logging_mixin.py:188} INFO - [2025-06-24T01:04:19.611+0700] {dagbag.py:540} INFO - Filling up the DagBag from /home/panda/Documents/ODAP/Project/venv310/lib/python3.10/site-packages/airflow/example_dags/example_dynamic_task_mapping.py
[2025-06-24T01:04:19.619+0700] {processor.py:840} INFO - DAG(s) 'example_dynamic_task_mapping' retrieved from /home/panda/Documents/ODAP/Project/venv310/lib/python3.10/site-packages/airflow/example_dags/example_dynamic_task_mapping.py
[2025-06-24T01:04:19.638+0700] {logging_mixin.py:188} INFO - [2025-06-24T01:04:19.638+0700] {dag.py:3096} INFO - Sync 1 DAGs
[2025-06-24T01:04:19.658+0700] {logging_mixin.py:188} INFO - [2025-06-24T01:04:19.658+0700] {dag.py:3954} INFO - Setting next_dagrun for example_dynamic_task_mapping to 2022-03-04 00:00:00+00:00, run_after=2022-03-05 00:00:00+00:00
[2025-06-24T01:04:19.686+0700] {processor.py:183} INFO - Processing /home/panda/Documents/ODAP/Project/venv310/lib/python3.10/site-packages/airflow/example_dags/example_dynamic_task_mapping.py took 0.088 seconds
