[2025-06-24T00:02:22.450+0700] {processor.py:161} INFO - Started process (PID=5786) to work on /home/panda/Documents/ODAP/Project/venv310/lib/python3.10/site-packages/airflow/example_dags/example_datasets.py
[2025-06-24T00:02:22.451+0700] {processor.py:830} INFO - Processing file /home/panda/Documents/ODAP/Project/venv310/lib/python3.10/site-packages/airflow/example_dags/example_datasets.py for tasks to queue
[2025-06-24T00:02:22.453+0700] {logging_mixin.py:188} INFO - [2025-06-24T00:02:22.453+0700] {dagbag.py:540} INFO - Filling up the DagBag from /home/panda/Documents/ODAP/Project/venv310/lib/python3.10/site-packages/airflow/example_dags/example_datasets.py
[2025-06-24T00:02:22.468+0700] {processor.py:840} INFO - DAG(s) 'dataset_consumes_1_never_scheduled', 'dataset_consumes_unknown_never_scheduled', 'dataset_consumes_1', 'dataset_produces_1', 'dataset_consumes_1_and_2', 'consume_1_and_2_with_dataset_expressions', 'consume_1_or_both_2_and_3_with_dataset_expressions', 'conditional_dataset_and_time_based_timetable', 'consume_1_or_2_with_dataset_expressions', 'dataset_produces_2' retrieved from /home/panda/Documents/ODAP/Project/venv310/lib/python3.10/site-packages/airflow/example_dags/example_datasets.py
[2025-06-24T00:02:22.511+0700] {logging_mixin.py:188} INFO - [2025-06-24T00:02:22.511+0700] {dag.py:3096} INFO - Sync 10 DAGs
[2025-06-24T00:02:22.530+0700] {logging_mixin.py:188} INFO - [2025-06-24T00:02:22.529+0700] {dag.py:3954} INFO - Setting next_dagrun for conditional_dataset_and_time_based_timetable to 2025-06-18 01:00:00+00:00, run_after=2025-06-18 01:00:00+00:00
[2025-06-24T00:02:22.532+0700] {logging_mixin.py:188} INFO - [2025-06-24T00:02:22.532+0700] {dag.py:3954} INFO - Setting next_dagrun for consume_1_and_2_with_dataset_expressions to None, run_after=None
[2025-06-24T00:02:22.533+0700] {logging_mixin.py:188} INFO - [2025-06-24T00:02:22.533+0700] {dag.py:3954} INFO - Setting next_dagrun for consume_1_or_2_with_dataset_expressions to None, run_after=None
[2025-06-24T00:02:22.534+0700] {logging_mixin.py:188} INFO - [2025-06-24T00:02:22.534+0700] {dag.py:3954} INFO - Setting next_dagrun for consume_1_or_both_2_and_3_with_dataset_expressions to None, run_after=None
[2025-06-24T00:02:22.535+0700] {logging_mixin.py:188} INFO - [2025-06-24T00:02:22.535+0700] {dag.py:3954} INFO - Setting next_dagrun for dataset_consumes_1 to None, run_after=None
[2025-06-24T00:02:22.536+0700] {logging_mixin.py:188} INFO - [2025-06-24T00:02:22.536+0700] {dag.py:3954} INFO - Setting next_dagrun for dataset_consumes_1_and_2 to None, run_after=None
[2025-06-24T00:02:22.538+0700] {logging_mixin.py:188} INFO - [2025-06-24T00:02:22.537+0700] {dag.py:3954} INFO - Setting next_dagrun for dataset_consumes_1_never_scheduled to None, run_after=None
[2025-06-24T00:02:22.538+0700] {logging_mixin.py:188} INFO - [2025-06-24T00:02:22.538+0700] {dag.py:3954} INFO - Setting next_dagrun for dataset_consumes_unknown_never_scheduled to None, run_after=None
[2025-06-24T00:02:22.540+0700] {logging_mixin.py:188} INFO - [2025-06-24T00:02:22.540+0700] {dag.py:3954} INFO - Setting next_dagrun for dataset_produces_1 to 2025-06-22 00:00:00+00:00, run_after=2025-06-23 00:00:00+00:00
[2025-06-24T00:02:22.541+0700] {logging_mixin.py:188} INFO - [2025-06-24T00:02:22.541+0700] {dag.py:3954} INFO - Setting next_dagrun for dataset_produces_2 to None, run_after=None
[2025-06-24T00:02:22.577+0700] {processor.py:183} INFO - Processing /home/panda/Documents/ODAP/Project/venv310/lib/python3.10/site-packages/airflow/example_dags/example_datasets.py took 0.134 seconds
[2025-06-24T00:03:16.562+0700] {processor.py:161} INFO - Started process (PID=6274) to work on /home/panda/Documents/ODAP/Project/venv310/lib/python3.10/site-packages/airflow/example_dags/example_datasets.py
[2025-06-24T00:03:16.567+0700] {processor.py:830} INFO - Processing file /home/panda/Documents/ODAP/Project/venv310/lib/python3.10/site-packages/airflow/example_dags/example_datasets.py for tasks to queue
[2025-06-24T00:03:16.569+0700] {logging_mixin.py:188} INFO - [2025-06-24T00:03:16.569+0700] {dagbag.py:540} INFO - Filling up the DagBag from /home/panda/Documents/ODAP/Project/venv310/lib/python3.10/site-packages/airflow/example_dags/example_datasets.py
[2025-06-24T00:03:16.584+0700] {processor.py:840} INFO - DAG(s) 'consume_1_or_both_2_and_3_with_dataset_expressions', 'dataset_consumes_unknown_never_scheduled', 'dataset_consumes_1_and_2', 'conditional_dataset_and_time_based_timetable', 'dataset_consumes_1', 'consume_1_or_2_with_dataset_expressions', 'dataset_produces_2', 'dataset_consumes_1_never_scheduled', 'consume_1_and_2_with_dataset_expressions', 'dataset_produces_1' retrieved from /home/panda/Documents/ODAP/Project/venv310/lib/python3.10/site-packages/airflow/example_dags/example_datasets.py
[2025-06-24T00:03:16.624+0700] {logging_mixin.py:188} INFO - [2025-06-24T00:03:16.624+0700] {dag.py:3096} INFO - Sync 10 DAGs
[2025-06-24T00:03:16.644+0700] {logging_mixin.py:188} INFO - [2025-06-24T00:03:16.643+0700] {dag.py:3954} INFO - Setting next_dagrun for conditional_dataset_and_time_based_timetable to 2025-06-18 01:00:00+00:00, run_after=2025-06-18 01:00:00+00:00
[2025-06-24T00:03:16.646+0700] {logging_mixin.py:188} INFO - [2025-06-24T00:03:16.646+0700] {dag.py:3954} INFO - Setting next_dagrun for consume_1_and_2_with_dataset_expressions to None, run_after=None
[2025-06-24T00:03:16.647+0700] {logging_mixin.py:188} INFO - [2025-06-24T00:03:16.647+0700] {dag.py:3954} INFO - Setting next_dagrun for consume_1_or_2_with_dataset_expressions to None, run_after=None
[2025-06-24T00:03:16.648+0700] {logging_mixin.py:188} INFO - [2025-06-24T00:03:16.648+0700] {dag.py:3954} INFO - Setting next_dagrun for consume_1_or_both_2_and_3_with_dataset_expressions to None, run_after=None
[2025-06-24T00:03:16.649+0700] {logging_mixin.py:188} INFO - [2025-06-24T00:03:16.648+0700] {dag.py:3954} INFO - Setting next_dagrun for dataset_consumes_1 to None, run_after=None
[2025-06-24T00:03:16.649+0700] {logging_mixin.py:188} INFO - [2025-06-24T00:03:16.649+0700] {dag.py:3954} INFO - Setting next_dagrun for dataset_consumes_1_and_2 to None, run_after=None
[2025-06-24T00:03:16.650+0700] {logging_mixin.py:188} INFO - [2025-06-24T00:03:16.650+0700] {dag.py:3954} INFO - Setting next_dagrun for dataset_consumes_1_never_scheduled to None, run_after=None
[2025-06-24T00:03:16.651+0700] {logging_mixin.py:188} INFO - [2025-06-24T00:03:16.651+0700] {dag.py:3954} INFO - Setting next_dagrun for dataset_consumes_unknown_never_scheduled to None, run_after=None
[2025-06-24T00:03:16.653+0700] {logging_mixin.py:188} INFO - [2025-06-24T00:03:16.653+0700] {dag.py:3954} INFO - Setting next_dagrun for dataset_produces_1 to 2025-06-22 00:00:00+00:00, run_after=2025-06-23 00:00:00+00:00
[2025-06-24T00:03:16.654+0700] {logging_mixin.py:188} INFO - [2025-06-24T00:03:16.654+0700] {dag.py:3954} INFO - Setting next_dagrun for dataset_produces_2 to None, run_after=None
[2025-06-24T00:03:16.831+0700] {processor.py:183} INFO - Processing /home/panda/Documents/ODAP/Project/venv310/lib/python3.10/site-packages/airflow/example_dags/example_datasets.py took 0.276 seconds
[2025-06-24T00:04:13.149+0700] {processor.py:161} INFO - Started process (PID=6791) to work on /home/panda/Documents/ODAP/Project/venv310/lib/python3.10/site-packages/airflow/example_dags/example_datasets.py
[2025-06-24T00:04:13.154+0700] {processor.py:830} INFO - Processing file /home/panda/Documents/ODAP/Project/venv310/lib/python3.10/site-packages/airflow/example_dags/example_datasets.py for tasks to queue
[2025-06-24T00:04:13.156+0700] {logging_mixin.py:188} INFO - [2025-06-24T00:04:13.156+0700] {dagbag.py:540} INFO - Filling up the DagBag from /home/panda/Documents/ODAP/Project/venv310/lib/python3.10/site-packages/airflow/example_dags/example_datasets.py
[2025-06-24T00:04:13.171+0700] {processor.py:840} INFO - DAG(s) 'dataset_produces_2', 'consume_1_or_2_with_dataset_expressions', 'conditional_dataset_and_time_based_timetable', 'dataset_consumes_unknown_never_scheduled', 'dataset_consumes_1_never_scheduled', 'dataset_produces_1', 'dataset_consumes_1', 'consume_1_and_2_with_dataset_expressions', 'dataset_consumes_1_and_2', 'consume_1_or_both_2_and_3_with_dataset_expressions' retrieved from /home/panda/Documents/ODAP/Project/venv310/lib/python3.10/site-packages/airflow/example_dags/example_datasets.py
[2025-06-24T00:04:13.212+0700] {logging_mixin.py:188} INFO - [2025-06-24T00:04:13.212+0700] {dag.py:3096} INFO - Sync 10 DAGs
[2025-06-24T00:04:13.232+0700] {logging_mixin.py:188} INFO - [2025-06-24T00:04:13.232+0700] {dag.py:3954} INFO - Setting next_dagrun for conditional_dataset_and_time_based_timetable to 2025-06-18 01:00:00+00:00, run_after=2025-06-18 01:00:00+00:00
[2025-06-24T00:04:13.235+0700] {logging_mixin.py:188} INFO - [2025-06-24T00:04:13.235+0700] {dag.py:3954} INFO - Setting next_dagrun for consume_1_and_2_with_dataset_expressions to None, run_after=None
[2025-06-24T00:04:13.236+0700] {logging_mixin.py:188} INFO - [2025-06-24T00:04:13.236+0700] {dag.py:3954} INFO - Setting next_dagrun for consume_1_or_2_with_dataset_expressions to None, run_after=None
[2025-06-24T00:04:13.237+0700] {logging_mixin.py:188} INFO - [2025-06-24T00:04:13.237+0700] {dag.py:3954} INFO - Setting next_dagrun for consume_1_or_both_2_and_3_with_dataset_expressions to None, run_after=None
[2025-06-24T00:04:13.237+0700] {logging_mixin.py:188} INFO - [2025-06-24T00:04:13.237+0700] {dag.py:3954} INFO - Setting next_dagrun for dataset_consumes_1 to None, run_after=None
[2025-06-24T00:04:13.238+0700] {logging_mixin.py:188} INFO - [2025-06-24T00:04:13.238+0700] {dag.py:3954} INFO - Setting next_dagrun for dataset_consumes_1_and_2 to None, run_after=None
[2025-06-24T00:04:13.239+0700] {logging_mixin.py:188} INFO - [2025-06-24T00:04:13.239+0700] {dag.py:3954} INFO - Setting next_dagrun for dataset_consumes_1_never_scheduled to None, run_after=None
[2025-06-24T00:04:13.240+0700] {logging_mixin.py:188} INFO - [2025-06-24T00:04:13.240+0700] {dag.py:3954} INFO - Setting next_dagrun for dataset_consumes_unknown_never_scheduled to None, run_after=None
[2025-06-24T00:04:13.242+0700] {logging_mixin.py:188} INFO - [2025-06-24T00:04:13.241+0700] {dag.py:3954} INFO - Setting next_dagrun for dataset_produces_1 to 2025-06-22 00:00:00+00:00, run_after=2025-06-23 00:00:00+00:00
[2025-06-24T00:04:13.243+0700] {logging_mixin.py:188} INFO - [2025-06-24T00:04:13.243+0700] {dag.py:3954} INFO - Setting next_dagrun for dataset_produces_2 to None, run_after=None
[2025-06-24T00:04:13.277+0700] {processor.py:183} INFO - Processing /home/panda/Documents/ODAP/Project/venv310/lib/python3.10/site-packages/airflow/example_dags/example_datasets.py took 0.134 seconds
[2025-06-24T00:05:02.310+0700] {processor.py:161} INFO - Started process (PID=6929) to work on /home/panda/Documents/ODAP/Project/venv310/lib/python3.10/site-packages/airflow/example_dags/example_datasets.py
[2025-06-24T00:05:02.315+0700] {processor.py:830} INFO - Processing file /home/panda/Documents/ODAP/Project/venv310/lib/python3.10/site-packages/airflow/example_dags/example_datasets.py for tasks to queue
[2025-06-24T00:05:02.318+0700] {logging_mixin.py:188} INFO - [2025-06-24T00:05:02.317+0700] {dagbag.py:540} INFO - Filling up the DagBag from /home/panda/Documents/ODAP/Project/venv310/lib/python3.10/site-packages/airflow/example_dags/example_datasets.py
[2025-06-24T00:05:02.337+0700] {processor.py:840} INFO - DAG(s) 'consume_1_or_2_with_dataset_expressions', 'dataset_produces_1', 'dataset_consumes_1', 'consume_1_or_both_2_and_3_with_dataset_expressions', 'conditional_dataset_and_time_based_timetable', 'dataset_consumes_1_never_scheduled', 'consume_1_and_2_with_dataset_expressions', 'dataset_consumes_unknown_never_scheduled', 'dataset_consumes_1_and_2', 'dataset_produces_2' retrieved from /home/panda/Documents/ODAP/Project/venv310/lib/python3.10/site-packages/airflow/example_dags/example_datasets.py
[2025-06-24T00:05:02.381+0700] {logging_mixin.py:188} INFO - [2025-06-24T00:05:02.381+0700] {dag.py:3096} INFO - Sync 10 DAGs
[2025-06-24T00:05:02.407+0700] {logging_mixin.py:188} INFO - [2025-06-24T00:05:02.407+0700] {dag.py:3954} INFO - Setting next_dagrun for conditional_dataset_and_time_based_timetable to 2025-06-18 01:00:00+00:00, run_after=2025-06-18 01:00:00+00:00
[2025-06-24T00:05:02.411+0700] {logging_mixin.py:188} INFO - [2025-06-24T00:05:02.411+0700] {dag.py:3954} INFO - Setting next_dagrun for consume_1_and_2_with_dataset_expressions to None, run_after=None
[2025-06-24T00:05:02.412+0700] {logging_mixin.py:188} INFO - [2025-06-24T00:05:02.412+0700] {dag.py:3954} INFO - Setting next_dagrun for consume_1_or_2_with_dataset_expressions to None, run_after=None
[2025-06-24T00:05:02.413+0700] {logging_mixin.py:188} INFO - [2025-06-24T00:05:02.413+0700] {dag.py:3954} INFO - Setting next_dagrun for consume_1_or_both_2_and_3_with_dataset_expressions to None, run_after=None
[2025-06-24T00:05:02.414+0700] {logging_mixin.py:188} INFO - [2025-06-24T00:05:02.414+0700] {dag.py:3954} INFO - Setting next_dagrun for dataset_consumes_1 to None, run_after=None
[2025-06-24T00:05:02.415+0700] {logging_mixin.py:188} INFO - [2025-06-24T00:05:02.415+0700] {dag.py:3954} INFO - Setting next_dagrun for dataset_consumes_1_and_2 to None, run_after=None
[2025-06-24T00:05:02.416+0700] {logging_mixin.py:188} INFO - [2025-06-24T00:05:02.416+0700] {dag.py:3954} INFO - Setting next_dagrun for dataset_consumes_1_never_scheduled to None, run_after=None
[2025-06-24T00:05:02.417+0700] {logging_mixin.py:188} INFO - [2025-06-24T00:05:02.417+0700] {dag.py:3954} INFO - Setting next_dagrun for dataset_consumes_unknown_never_scheduled to None, run_after=None
[2025-06-24T00:05:02.419+0700] {logging_mixin.py:188} INFO - [2025-06-24T00:05:02.419+0700] {dag.py:3954} INFO - Setting next_dagrun for dataset_produces_1 to 2025-06-22 00:00:00+00:00, run_after=2025-06-23 00:00:00+00:00
[2025-06-24T00:05:02.420+0700] {logging_mixin.py:188} INFO - [2025-06-24T00:05:02.420+0700] {dag.py:3954} INFO - Setting next_dagrun for dataset_produces_2 to None, run_after=None
[2025-06-24T00:05:02.464+0700] {processor.py:183} INFO - Processing /home/panda/Documents/ODAP/Project/venv310/lib/python3.10/site-packages/airflow/example_dags/example_datasets.py took 0.162 seconds
[2025-06-24T00:07:29.604+0700] {processor.py:161} INFO - Started process (PID=8152) to work on /home/panda/Documents/ODAP/Project/venv310/lib/python3.10/site-packages/airflow/example_dags/example_datasets.py
[2025-06-24T00:07:29.610+0700] {processor.py:830} INFO - Processing file /home/panda/Documents/ODAP/Project/venv310/lib/python3.10/site-packages/airflow/example_dags/example_datasets.py for tasks to queue
[2025-06-24T00:07:29.611+0700] {logging_mixin.py:188} INFO - [2025-06-24T00:07:29.610+0700] {dagbag.py:540} INFO - Filling up the DagBag from /home/panda/Documents/ODAP/Project/venv310/lib/python3.10/site-packages/airflow/example_dags/example_datasets.py
[2025-06-24T00:07:29.628+0700] {processor.py:840} INFO - DAG(s) 'consume_1_or_2_with_dataset_expressions', 'consume_1_and_2_with_dataset_expressions', 'dataset_consumes_1', 'dataset_produces_1', 'dataset_consumes_1_never_scheduled', 'dataset_produces_2', 'consume_1_or_both_2_and_3_with_dataset_expressions', 'dataset_consumes_unknown_never_scheduled', 'conditional_dataset_and_time_based_timetable', 'dataset_consumes_1_and_2' retrieved from /home/panda/Documents/ODAP/Project/venv310/lib/python3.10/site-packages/airflow/example_dags/example_datasets.py
[2025-06-24T00:07:29.675+0700] {logging_mixin.py:188} INFO - [2025-06-24T00:07:29.675+0700] {dag.py:3096} INFO - Sync 10 DAGs
[2025-06-24T00:07:29.692+0700] {logging_mixin.py:188} INFO - [2025-06-24T00:07:29.692+0700] {dag.py:3954} INFO - Setting next_dagrun for conditional_dataset_and_time_based_timetable to 2025-06-18 01:00:00+00:00, run_after=2025-06-18 01:00:00+00:00
[2025-06-24T00:07:29.696+0700] {logging_mixin.py:188} INFO - [2025-06-24T00:07:29.696+0700] {dag.py:3954} INFO - Setting next_dagrun for consume_1_and_2_with_dataset_expressions to None, run_after=None
[2025-06-24T00:07:29.697+0700] {logging_mixin.py:188} INFO - [2025-06-24T00:07:29.696+0700] {dag.py:3954} INFO - Setting next_dagrun for consume_1_or_2_with_dataset_expressions to None, run_after=None
[2025-06-24T00:07:29.697+0700] {logging_mixin.py:188} INFO - [2025-06-24T00:07:29.697+0700] {dag.py:3954} INFO - Setting next_dagrun for consume_1_or_both_2_and_3_with_dataset_expressions to None, run_after=None
[2025-06-24T00:07:29.698+0700] {logging_mixin.py:188} INFO - [2025-06-24T00:07:29.698+0700] {dag.py:3954} INFO - Setting next_dagrun for dataset_consumes_1 to None, run_after=None
[2025-06-24T00:07:29.699+0700] {logging_mixin.py:188} INFO - [2025-06-24T00:07:29.699+0700] {dag.py:3954} INFO - Setting next_dagrun for dataset_consumes_1_and_2 to None, run_after=None
[2025-06-24T00:07:29.700+0700] {logging_mixin.py:188} INFO - [2025-06-24T00:07:29.700+0700] {dag.py:3954} INFO - Setting next_dagrun for dataset_consumes_1_never_scheduled to None, run_after=None
[2025-06-24T00:07:29.700+0700] {logging_mixin.py:188} INFO - [2025-06-24T00:07:29.700+0700] {dag.py:3954} INFO - Setting next_dagrun for dataset_consumes_unknown_never_scheduled to None, run_after=None
[2025-06-24T00:07:29.702+0700] {logging_mixin.py:188} INFO - [2025-06-24T00:07:29.702+0700] {dag.py:3954} INFO - Setting next_dagrun for dataset_produces_1 to 2025-06-22 00:00:00+00:00, run_after=2025-06-23 00:00:00+00:00
[2025-06-24T00:07:29.703+0700] {logging_mixin.py:188} INFO - [2025-06-24T00:07:29.703+0700] {dag.py:3954} INFO - Setting next_dagrun for dataset_produces_2 to None, run_after=None
[2025-06-24T00:07:29.734+0700] {processor.py:183} INFO - Processing /home/panda/Documents/ODAP/Project/venv310/lib/python3.10/site-packages/airflow/example_dags/example_datasets.py took 0.137 seconds
[2025-06-24T00:08:55.828+0700] {processor.py:161} INFO - Started process (PID=10719) to work on /home/panda/Documents/ODAP/Project/venv310/lib/python3.10/site-packages/airflow/example_dags/example_datasets.py
[2025-06-24T00:08:55.832+0700] {processor.py:830} INFO - Processing file /home/panda/Documents/ODAP/Project/venv310/lib/python3.10/site-packages/airflow/example_dags/example_datasets.py for tasks to queue
[2025-06-24T00:08:55.834+0700] {logging_mixin.py:188} INFO - [2025-06-24T00:08:55.833+0700] {dagbag.py:540} INFO - Filling up the DagBag from /home/panda/Documents/ODAP/Project/venv310/lib/python3.10/site-packages/airflow/example_dags/example_datasets.py
[2025-06-24T00:08:55.851+0700] {processor.py:840} INFO - DAG(s) 'conditional_dataset_and_time_based_timetable', 'dataset_produces_1', 'consume_1_or_both_2_and_3_with_dataset_expressions', 'dataset_produces_2', 'dataset_consumes_1', 'consume_1_or_2_with_dataset_expressions', 'dataset_consumes_1_never_scheduled', 'dataset_consumes_1_and_2', 'dataset_consumes_unknown_never_scheduled', 'consume_1_and_2_with_dataset_expressions' retrieved from /home/panda/Documents/ODAP/Project/venv310/lib/python3.10/site-packages/airflow/example_dags/example_datasets.py
[2025-06-24T00:08:55.896+0700] {logging_mixin.py:188} INFO - [2025-06-24T00:08:55.896+0700] {dag.py:3096} INFO - Sync 10 DAGs
[2025-06-24T00:08:55.921+0700] {logging_mixin.py:188} INFO - [2025-06-24T00:08:55.921+0700] {dag.py:3954} INFO - Setting next_dagrun for conditional_dataset_and_time_based_timetable to 2025-06-18 01:00:00+00:00, run_after=2025-06-18 01:00:00+00:00
[2025-06-24T00:08:55.925+0700] {logging_mixin.py:188} INFO - [2025-06-24T00:08:55.924+0700] {dag.py:3954} INFO - Setting next_dagrun for consume_1_and_2_with_dataset_expressions to None, run_after=None
[2025-06-24T00:08:55.926+0700] {logging_mixin.py:188} INFO - [2025-06-24T00:08:55.926+0700] {dag.py:3954} INFO - Setting next_dagrun for consume_1_or_2_with_dataset_expressions to None, run_after=None
[2025-06-24T00:08:55.927+0700] {logging_mixin.py:188} INFO - [2025-06-24T00:08:55.927+0700] {dag.py:3954} INFO - Setting next_dagrun for consume_1_or_both_2_and_3_with_dataset_expressions to None, run_after=None
[2025-06-24T00:08:55.929+0700] {logging_mixin.py:188} INFO - [2025-06-24T00:08:55.928+0700] {dag.py:3954} INFO - Setting next_dagrun for dataset_consumes_1 to None, run_after=None
[2025-06-24T00:08:55.930+0700] {logging_mixin.py:188} INFO - [2025-06-24T00:08:55.930+0700] {dag.py:3954} INFO - Setting next_dagrun for dataset_consumes_1_and_2 to None, run_after=None
[2025-06-24T00:08:55.931+0700] {logging_mixin.py:188} INFO - [2025-06-24T00:08:55.931+0700] {dag.py:3954} INFO - Setting next_dagrun for dataset_consumes_1_never_scheduled to None, run_after=None
[2025-06-24T00:08:55.933+0700] {logging_mixin.py:188} INFO - [2025-06-24T00:08:55.933+0700] {dag.py:3954} INFO - Setting next_dagrun for dataset_consumes_unknown_never_scheduled to None, run_after=None
[2025-06-24T00:08:55.935+0700] {logging_mixin.py:188} INFO - [2025-06-24T00:08:55.935+0700] {dag.py:3954} INFO - Setting next_dagrun for dataset_produces_1 to 2025-06-22 00:00:00+00:00, run_after=2025-06-23 00:00:00+00:00
[2025-06-24T00:08:55.936+0700] {logging_mixin.py:188} INFO - [2025-06-24T00:08:55.936+0700] {dag.py:3954} INFO - Setting next_dagrun for dataset_produces_2 to None, run_after=None
[2025-06-24T00:08:55.980+0700] {processor.py:183} INFO - Processing /home/panda/Documents/ODAP/Project/venv310/lib/python3.10/site-packages/airflow/example_dags/example_datasets.py took 0.160 seconds
[2025-06-24T00:09:47.319+0700] {processor.py:161} INFO - Started process (PID=10854) to work on /home/panda/Documents/ODAP/Project/venv310/lib/python3.10/site-packages/airflow/example_dags/example_datasets.py
[2025-06-24T00:09:47.324+0700] {processor.py:830} INFO - Processing file /home/panda/Documents/ODAP/Project/venv310/lib/python3.10/site-packages/airflow/example_dags/example_datasets.py for tasks to queue
[2025-06-24T00:09:47.325+0700] {logging_mixin.py:188} INFO - [2025-06-24T00:09:47.325+0700] {dagbag.py:540} INFO - Filling up the DagBag from /home/panda/Documents/ODAP/Project/venv310/lib/python3.10/site-packages/airflow/example_dags/example_datasets.py
[2025-06-24T00:09:47.341+0700] {processor.py:840} INFO - DAG(s) 'dataset_consumes_unknown_never_scheduled', 'consume_1_and_2_with_dataset_expressions', 'conditional_dataset_and_time_based_timetable', 'dataset_produces_2', 'dataset_consumes_1_never_scheduled', 'dataset_produces_1', 'consume_1_or_both_2_and_3_with_dataset_expressions', 'dataset_consumes_1', 'consume_1_or_2_with_dataset_expressions', 'dataset_consumes_1_and_2' retrieved from /home/panda/Documents/ODAP/Project/venv310/lib/python3.10/site-packages/airflow/example_dags/example_datasets.py
[2025-06-24T00:09:47.381+0700] {logging_mixin.py:188} INFO - [2025-06-24T00:09:47.381+0700] {dag.py:3096} INFO - Sync 10 DAGs
[2025-06-24T00:09:47.399+0700] {logging_mixin.py:188} INFO - [2025-06-24T00:09:47.399+0700] {dag.py:3954} INFO - Setting next_dagrun for conditional_dataset_and_time_based_timetable to 2025-06-18 01:00:00+00:00, run_after=2025-06-18 01:00:00+00:00
[2025-06-24T00:09:47.401+0700] {logging_mixin.py:188} INFO - [2025-06-24T00:09:47.401+0700] {dag.py:3954} INFO - Setting next_dagrun for consume_1_and_2_with_dataset_expressions to None, run_after=None
[2025-06-24T00:09:47.402+0700] {logging_mixin.py:188} INFO - [2025-06-24T00:09:47.402+0700] {dag.py:3954} INFO - Setting next_dagrun for consume_1_or_2_with_dataset_expressions to None, run_after=None
[2025-06-24T00:09:47.403+0700] {logging_mixin.py:188} INFO - [2025-06-24T00:09:47.403+0700] {dag.py:3954} INFO - Setting next_dagrun for consume_1_or_both_2_and_3_with_dataset_expressions to None, run_after=None
[2025-06-24T00:09:47.404+0700] {logging_mixin.py:188} INFO - [2025-06-24T00:09:47.404+0700] {dag.py:3954} INFO - Setting next_dagrun for dataset_consumes_1 to None, run_after=None
[2025-06-24T00:09:47.405+0700] {logging_mixin.py:188} INFO - [2025-06-24T00:09:47.404+0700] {dag.py:3954} INFO - Setting next_dagrun for dataset_consumes_1_and_2 to None, run_after=None
[2025-06-24T00:09:47.405+0700] {logging_mixin.py:188} INFO - [2025-06-24T00:09:47.405+0700] {dag.py:3954} INFO - Setting next_dagrun for dataset_consumes_1_never_scheduled to None, run_after=None
[2025-06-24T00:09:47.406+0700] {logging_mixin.py:188} INFO - [2025-06-24T00:09:47.406+0700] {dag.py:3954} INFO - Setting next_dagrun for dataset_consumes_unknown_never_scheduled to None, run_after=None
[2025-06-24T00:09:47.408+0700] {logging_mixin.py:188} INFO - [2025-06-24T00:09:47.408+0700] {dag.py:3954} INFO - Setting next_dagrun for dataset_produces_1 to 2025-06-22 00:00:00+00:00, run_after=2025-06-23 00:00:00+00:00
[2025-06-24T00:09:47.408+0700] {logging_mixin.py:188} INFO - [2025-06-24T00:09:47.408+0700] {dag.py:3954} INFO - Setting next_dagrun for dataset_produces_2 to None, run_after=None
[2025-06-24T00:09:47.439+0700] {processor.py:183} INFO - Processing /home/panda/Documents/ODAP/Project/venv310/lib/python3.10/site-packages/airflow/example_dags/example_datasets.py took 0.127 seconds
[2025-06-24T00:10:40.897+0700] {processor.py:161} INFO - Started process (PID=11037) to work on /home/panda/Documents/ODAP/Project/venv310/lib/python3.10/site-packages/airflow/example_dags/example_datasets.py
[2025-06-24T00:10:40.902+0700] {processor.py:830} INFO - Processing file /home/panda/Documents/ODAP/Project/venv310/lib/python3.10/site-packages/airflow/example_dags/example_datasets.py for tasks to queue
[2025-06-24T00:10:40.903+0700] {logging_mixin.py:188} INFO - [2025-06-24T00:10:40.903+0700] {dagbag.py:540} INFO - Filling up the DagBag from /home/panda/Documents/ODAP/Project/venv310/lib/python3.10/site-packages/airflow/example_dags/example_datasets.py
[2025-06-24T00:10:40.918+0700] {processor.py:840} INFO - DAG(s) 'dataset_consumes_1_and_2', 'consume_1_or_both_2_and_3_with_dataset_expressions', 'dataset_consumes_1', 'dataset_consumes_unknown_never_scheduled', 'consume_1_or_2_with_dataset_expressions', 'dataset_consumes_1_never_scheduled', 'dataset_produces_1', 'consume_1_and_2_with_dataset_expressions', 'conditional_dataset_and_time_based_timetable', 'dataset_produces_2' retrieved from /home/panda/Documents/ODAP/Project/venv310/lib/python3.10/site-packages/airflow/example_dags/example_datasets.py
[2025-06-24T00:10:40.959+0700] {logging_mixin.py:188} INFO - [2025-06-24T00:10:40.958+0700] {dag.py:3096} INFO - Sync 10 DAGs
[2025-06-24T00:10:40.978+0700] {logging_mixin.py:188} INFO - [2025-06-24T00:10:40.978+0700] {dag.py:3954} INFO - Setting next_dagrun for conditional_dataset_and_time_based_timetable to 2025-06-18 01:00:00+00:00, run_after=2025-06-18 01:00:00+00:00
[2025-06-24T00:10:40.980+0700] {logging_mixin.py:188} INFO - [2025-06-24T00:10:40.980+0700] {dag.py:3954} INFO - Setting next_dagrun for consume_1_and_2_with_dataset_expressions to None, run_after=None
[2025-06-24T00:10:40.981+0700] {logging_mixin.py:188} INFO - [2025-06-24T00:10:40.981+0700] {dag.py:3954} INFO - Setting next_dagrun for consume_1_or_2_with_dataset_expressions to None, run_after=None
[2025-06-24T00:10:40.981+0700] {logging_mixin.py:188} INFO - [2025-06-24T00:10:40.981+0700] {dag.py:3954} INFO - Setting next_dagrun for consume_1_or_both_2_and_3_with_dataset_expressions to None, run_after=None
[2025-06-24T00:10:40.982+0700] {logging_mixin.py:188} INFO - [2025-06-24T00:10:40.982+0700] {dag.py:3954} INFO - Setting next_dagrun for dataset_consumes_1 to None, run_after=None
[2025-06-24T00:10:40.983+0700] {logging_mixin.py:188} INFO - [2025-06-24T00:10:40.983+0700] {dag.py:3954} INFO - Setting next_dagrun for dataset_consumes_1_and_2 to None, run_after=None
[2025-06-24T00:10:40.984+0700] {logging_mixin.py:188} INFO - [2025-06-24T00:10:40.984+0700] {dag.py:3954} INFO - Setting next_dagrun for dataset_consumes_1_never_scheduled to None, run_after=None
[2025-06-24T00:10:40.984+0700] {logging_mixin.py:188} INFO - [2025-06-24T00:10:40.984+0700] {dag.py:3954} INFO - Setting next_dagrun for dataset_consumes_unknown_never_scheduled to None, run_after=None
[2025-06-24T00:10:40.986+0700] {logging_mixin.py:188} INFO - [2025-06-24T00:10:40.986+0700] {dag.py:3954} INFO - Setting next_dagrun for dataset_produces_1 to 2025-06-22 00:00:00+00:00, run_after=2025-06-23 00:00:00+00:00
[2025-06-24T00:10:40.987+0700] {logging_mixin.py:188} INFO - [2025-06-24T00:10:40.987+0700] {dag.py:3954} INFO - Setting next_dagrun for dataset_produces_2 to None, run_after=None
[2025-06-24T00:10:41.016+0700] {processor.py:183} INFO - Processing /home/panda/Documents/ODAP/Project/venv310/lib/python3.10/site-packages/airflow/example_dags/example_datasets.py took 0.127 seconds
[2025-06-24T00:11:52.761+0700] {processor.py:161} INFO - Started process (PID=12497) to work on /home/panda/Documents/ODAP/Project/venv310/lib/python3.10/site-packages/airflow/example_dags/example_datasets.py
[2025-06-24T00:11:52.766+0700] {processor.py:830} INFO - Processing file /home/panda/Documents/ODAP/Project/venv310/lib/python3.10/site-packages/airflow/example_dags/example_datasets.py for tasks to queue
[2025-06-24T00:11:52.767+0700] {logging_mixin.py:188} INFO - [2025-06-24T00:11:52.766+0700] {dagbag.py:540} INFO - Filling up the DagBag from /home/panda/Documents/ODAP/Project/venv310/lib/python3.10/site-packages/airflow/example_dags/example_datasets.py
[2025-06-24T00:11:52.782+0700] {processor.py:840} INFO - DAG(s) 'consume_1_or_both_2_and_3_with_dataset_expressions', 'dataset_consumes_1_and_2', 'consume_1_or_2_with_dataset_expressions', 'consume_1_and_2_with_dataset_expressions', 'conditional_dataset_and_time_based_timetable', 'dataset_consumes_unknown_never_scheduled', 'dataset_consumes_1_never_scheduled', 'dataset_consumes_1', 'dataset_produces_1', 'dataset_produces_2' retrieved from /home/panda/Documents/ODAP/Project/venv310/lib/python3.10/site-packages/airflow/example_dags/example_datasets.py
[2025-06-24T00:11:52.822+0700] {logging_mixin.py:188} INFO - [2025-06-24T00:11:52.822+0700] {dag.py:3096} INFO - Sync 10 DAGs
[2025-06-24T00:11:52.839+0700] {logging_mixin.py:188} INFO - [2025-06-24T00:11:52.839+0700] {dag.py:3954} INFO - Setting next_dagrun for conditional_dataset_and_time_based_timetable to 2025-06-18 01:00:00+00:00, run_after=2025-06-18 01:00:00+00:00
[2025-06-24T00:11:52.841+0700] {logging_mixin.py:188} INFO - [2025-06-24T00:11:52.841+0700] {dag.py:3954} INFO - Setting next_dagrun for consume_1_and_2_with_dataset_expressions to None, run_after=None
[2025-06-24T00:11:52.842+0700] {logging_mixin.py:188} INFO - [2025-06-24T00:11:52.842+0700] {dag.py:3954} INFO - Setting next_dagrun for consume_1_or_2_with_dataset_expressions to None, run_after=None
[2025-06-24T00:11:52.843+0700] {logging_mixin.py:188} INFO - [2025-06-24T00:11:52.843+0700] {dag.py:3954} INFO - Setting next_dagrun for consume_1_or_both_2_and_3_with_dataset_expressions to None, run_after=None
[2025-06-24T00:11:52.844+0700] {logging_mixin.py:188} INFO - [2025-06-24T00:11:52.844+0700] {dag.py:3954} INFO - Setting next_dagrun for dataset_consumes_1 to None, run_after=None
[2025-06-24T00:11:52.845+0700] {logging_mixin.py:188} INFO - [2025-06-24T00:11:52.844+0700] {dag.py:3954} INFO - Setting next_dagrun for dataset_consumes_1_and_2 to None, run_after=None
[2025-06-24T00:11:52.845+0700] {logging_mixin.py:188} INFO - [2025-06-24T00:11:52.845+0700] {dag.py:3954} INFO - Setting next_dagrun for dataset_consumes_1_never_scheduled to None, run_after=None
[2025-06-24T00:11:52.846+0700] {logging_mixin.py:188} INFO - [2025-06-24T00:11:52.846+0700] {dag.py:3954} INFO - Setting next_dagrun for dataset_consumes_unknown_never_scheduled to None, run_after=None
[2025-06-24T00:11:52.848+0700] {logging_mixin.py:188} INFO - [2025-06-24T00:11:52.848+0700] {dag.py:3954} INFO - Setting next_dagrun for dataset_produces_1 to 2025-06-22 00:00:00+00:00, run_after=2025-06-23 00:00:00+00:00
[2025-06-24T00:11:52.848+0700] {logging_mixin.py:188} INFO - [2025-06-24T00:11:52.848+0700] {dag.py:3954} INFO - Setting next_dagrun for dataset_produces_2 to None, run_after=None
[2025-06-24T00:11:52.878+0700] {processor.py:183} INFO - Processing /home/panda/Documents/ODAP/Project/venv310/lib/python3.10/site-packages/airflow/example_dags/example_datasets.py took 0.124 seconds
[2025-06-24T00:12:44.572+0700] {processor.py:161} INFO - Started process (PID=12703) to work on /home/panda/Documents/ODAP/Project/venv310/lib/python3.10/site-packages/airflow/example_dags/example_datasets.py
[2025-06-24T00:12:44.577+0700] {processor.py:830} INFO - Processing file /home/panda/Documents/ODAP/Project/venv310/lib/python3.10/site-packages/airflow/example_dags/example_datasets.py for tasks to queue
[2025-06-24T00:12:44.578+0700] {logging_mixin.py:188} INFO - [2025-06-24T00:12:44.578+0700] {dagbag.py:540} INFO - Filling up the DagBag from /home/panda/Documents/ODAP/Project/venv310/lib/python3.10/site-packages/airflow/example_dags/example_datasets.py
[2025-06-24T00:12:44.593+0700] {processor.py:840} INFO - DAG(s) 'dataset_produces_2', 'consume_1_or_2_with_dataset_expressions', 'dataset_consumes_unknown_never_scheduled', 'consume_1_or_both_2_and_3_with_dataset_expressions', 'dataset_consumes_1_and_2', 'dataset_consumes_1', 'dataset_consumes_1_never_scheduled', 'consume_1_and_2_with_dataset_expressions', 'dataset_produces_1', 'conditional_dataset_and_time_based_timetable' retrieved from /home/panda/Documents/ODAP/Project/venv310/lib/python3.10/site-packages/airflow/example_dags/example_datasets.py
[2025-06-24T00:12:44.633+0700] {logging_mixin.py:188} INFO - [2025-06-24T00:12:44.633+0700] {dag.py:3096} INFO - Sync 10 DAGs
[2025-06-24T00:12:44.652+0700] {logging_mixin.py:188} INFO - [2025-06-24T00:12:44.652+0700] {dag.py:3954} INFO - Setting next_dagrun for conditional_dataset_and_time_based_timetable to 2025-06-18 01:00:00+00:00, run_after=2025-06-18 01:00:00+00:00
[2025-06-24T00:12:44.654+0700] {logging_mixin.py:188} INFO - [2025-06-24T00:12:44.654+0700] {dag.py:3954} INFO - Setting next_dagrun for consume_1_and_2_with_dataset_expressions to None, run_after=None
[2025-06-24T00:12:44.655+0700] {logging_mixin.py:188} INFO - [2025-06-24T00:12:44.655+0700] {dag.py:3954} INFO - Setting next_dagrun for consume_1_or_2_with_dataset_expressions to None, run_after=None
[2025-06-24T00:12:44.656+0700] {logging_mixin.py:188} INFO - [2025-06-24T00:12:44.656+0700] {dag.py:3954} INFO - Setting next_dagrun for consume_1_or_both_2_and_3_with_dataset_expressions to None, run_after=None
[2025-06-24T00:12:44.657+0700] {logging_mixin.py:188} INFO - [2025-06-24T00:12:44.656+0700] {dag.py:3954} INFO - Setting next_dagrun for dataset_consumes_1 to None, run_after=None
[2025-06-24T00:12:44.657+0700] {logging_mixin.py:188} INFO - [2025-06-24T00:12:44.657+0700] {dag.py:3954} INFO - Setting next_dagrun for dataset_consumes_1_and_2 to None, run_after=None
[2025-06-24T00:12:44.658+0700] {logging_mixin.py:188} INFO - [2025-06-24T00:12:44.658+0700] {dag.py:3954} INFO - Setting next_dagrun for dataset_consumes_1_never_scheduled to None, run_after=None
[2025-06-24T00:12:44.659+0700] {logging_mixin.py:188} INFO - [2025-06-24T00:12:44.659+0700] {dag.py:3954} INFO - Setting next_dagrun for dataset_consumes_unknown_never_scheduled to None, run_after=None
[2025-06-24T00:12:44.660+0700] {logging_mixin.py:188} INFO - [2025-06-24T00:12:44.660+0700] {dag.py:3954} INFO - Setting next_dagrun for dataset_produces_1 to 2025-06-22 00:00:00+00:00, run_after=2025-06-23 00:00:00+00:00
[2025-06-24T00:12:44.661+0700] {logging_mixin.py:188} INFO - [2025-06-24T00:12:44.661+0700] {dag.py:3954} INFO - Setting next_dagrun for dataset_produces_2 to None, run_after=None
[2025-06-24T00:12:44.690+0700] {processor.py:183} INFO - Processing /home/panda/Documents/ODAP/Project/venv310/lib/python3.10/site-packages/airflow/example_dags/example_datasets.py took 0.125 seconds
[2025-06-24T00:13:48.803+0700] {processor.py:161} INFO - Started process (PID=12905) to work on /home/panda/Documents/ODAP/Project/venv310/lib/python3.10/site-packages/airflow/example_dags/example_datasets.py
[2025-06-24T00:13:48.808+0700] {processor.py:830} INFO - Processing file /home/panda/Documents/ODAP/Project/venv310/lib/python3.10/site-packages/airflow/example_dags/example_datasets.py for tasks to queue
[2025-06-24T00:13:48.809+0700] {logging_mixin.py:188} INFO - [2025-06-24T00:13:48.809+0700] {dagbag.py:540} INFO - Filling up the DagBag from /home/panda/Documents/ODAP/Project/venv310/lib/python3.10/site-packages/airflow/example_dags/example_datasets.py
[2025-06-24T00:13:48.826+0700] {processor.py:840} INFO - DAG(s) 'dataset_produces_1', 'dataset_consumes_1_never_scheduled', 'consume_1_and_2_with_dataset_expressions', 'conditional_dataset_and_time_based_timetable', 'dataset_produces_2', 'dataset_consumes_1', 'consume_1_or_both_2_and_3_with_dataset_expressions', 'consume_1_or_2_with_dataset_expressions', 'dataset_consumes_unknown_never_scheduled', 'dataset_consumes_1_and_2' retrieved from /home/panda/Documents/ODAP/Project/venv310/lib/python3.10/site-packages/airflow/example_dags/example_datasets.py
[2025-06-24T00:13:48.871+0700] {logging_mixin.py:188} INFO - [2025-06-24T00:13:48.871+0700] {dag.py:3096} INFO - Sync 10 DAGs
[2025-06-24T00:13:48.890+0700] {logging_mixin.py:188} INFO - [2025-06-24T00:13:48.889+0700] {dag.py:3954} INFO - Setting next_dagrun for conditional_dataset_and_time_based_timetable to 2025-06-18 01:00:00+00:00, run_after=2025-06-18 01:00:00+00:00
[2025-06-24T00:13:48.892+0700] {logging_mixin.py:188} INFO - [2025-06-24T00:13:48.892+0700] {dag.py:3954} INFO - Setting next_dagrun for consume_1_and_2_with_dataset_expressions to None, run_after=None
[2025-06-24T00:13:48.893+0700] {logging_mixin.py:188} INFO - [2025-06-24T00:13:48.893+0700] {dag.py:3954} INFO - Setting next_dagrun for consume_1_or_2_with_dataset_expressions to None, run_after=None
[2025-06-24T00:13:48.894+0700] {logging_mixin.py:188} INFO - [2025-06-24T00:13:48.894+0700] {dag.py:3954} INFO - Setting next_dagrun for consume_1_or_both_2_and_3_with_dataset_expressions to None, run_after=None
[2025-06-24T00:13:48.895+0700] {logging_mixin.py:188} INFO - [2025-06-24T00:13:48.895+0700] {dag.py:3954} INFO - Setting next_dagrun for dataset_consumes_1 to None, run_after=None
[2025-06-24T00:13:48.896+0700] {logging_mixin.py:188} INFO - [2025-06-24T00:13:48.896+0700] {dag.py:3954} INFO - Setting next_dagrun for dataset_consumes_1_and_2 to None, run_after=None
[2025-06-24T00:13:48.897+0700] {logging_mixin.py:188} INFO - [2025-06-24T00:13:48.897+0700] {dag.py:3954} INFO - Setting next_dagrun for dataset_consumes_1_never_scheduled to None, run_after=None
[2025-06-24T00:13:48.897+0700] {logging_mixin.py:188} INFO - [2025-06-24T00:13:48.897+0700] {dag.py:3954} INFO - Setting next_dagrun for dataset_consumes_unknown_never_scheduled to None, run_after=None
[2025-06-24T00:13:48.899+0700] {logging_mixin.py:188} INFO - [2025-06-24T00:13:48.899+0700] {dag.py:3954} INFO - Setting next_dagrun for dataset_produces_1 to 2025-06-22 00:00:00+00:00, run_after=2025-06-23 00:00:00+00:00
[2025-06-24T00:13:48.900+0700] {logging_mixin.py:188} INFO - [2025-06-24T00:13:48.900+0700] {dag.py:3954} INFO - Setting next_dagrun for dataset_produces_2 to None, run_after=None
[2025-06-24T00:13:48.936+0700] {processor.py:183} INFO - Processing /home/panda/Documents/ODAP/Project/venv310/lib/python3.10/site-packages/airflow/example_dags/example_datasets.py took 0.141 seconds
[2025-06-24T00:14:33.029+0700] {processor.py:161} INFO - Started process (PID=13153) to work on /home/panda/Documents/ODAP/Project/venv310/lib/python3.10/site-packages/airflow/example_dags/example_datasets.py
[2025-06-24T00:14:33.034+0700] {processor.py:830} INFO - Processing file /home/panda/Documents/ODAP/Project/venv310/lib/python3.10/site-packages/airflow/example_dags/example_datasets.py for tasks to queue
[2025-06-24T00:14:33.035+0700] {logging_mixin.py:188} INFO - [2025-06-24T00:14:33.035+0700] {dagbag.py:540} INFO - Filling up the DagBag from /home/panda/Documents/ODAP/Project/venv310/lib/python3.10/site-packages/airflow/example_dags/example_datasets.py
[2025-06-24T00:14:33.050+0700] {processor.py:840} INFO - DAG(s) 'dataset_consumes_1', 'consume_1_or_2_with_dataset_expressions', 'dataset_consumes_unknown_never_scheduled', 'dataset_produces_2', 'consume_1_and_2_with_dataset_expressions', 'conditional_dataset_and_time_based_timetable', 'dataset_consumes_1_and_2', 'dataset_consumes_1_never_scheduled', 'dataset_produces_1', 'consume_1_or_both_2_and_3_with_dataset_expressions' retrieved from /home/panda/Documents/ODAP/Project/venv310/lib/python3.10/site-packages/airflow/example_dags/example_datasets.py
[2025-06-24T00:14:33.091+0700] {logging_mixin.py:188} INFO - [2025-06-24T00:14:33.091+0700] {dag.py:3096} INFO - Sync 10 DAGs
[2025-06-24T00:14:33.107+0700] {logging_mixin.py:188} INFO - [2025-06-24T00:14:33.107+0700] {dag.py:3954} INFO - Setting next_dagrun for conditional_dataset_and_time_based_timetable to 2025-06-18 01:00:00+00:00, run_after=2025-06-18 01:00:00+00:00
[2025-06-24T00:14:33.109+0700] {logging_mixin.py:188} INFO - [2025-06-24T00:14:33.109+0700] {dag.py:3954} INFO - Setting next_dagrun for consume_1_and_2_with_dataset_expressions to None, run_after=None
[2025-06-24T00:14:33.110+0700] {logging_mixin.py:188} INFO - [2025-06-24T00:14:33.110+0700] {dag.py:3954} INFO - Setting next_dagrun for consume_1_or_2_with_dataset_expressions to None, run_after=None
[2025-06-24T00:14:33.111+0700] {logging_mixin.py:188} INFO - [2025-06-24T00:14:33.111+0700] {dag.py:3954} INFO - Setting next_dagrun for consume_1_or_both_2_and_3_with_dataset_expressions to None, run_after=None
[2025-06-24T00:14:33.112+0700] {logging_mixin.py:188} INFO - [2025-06-24T00:14:33.112+0700] {dag.py:3954} INFO - Setting next_dagrun for dataset_consumes_1 to None, run_after=None
[2025-06-24T00:14:33.113+0700] {logging_mixin.py:188} INFO - [2025-06-24T00:14:33.112+0700] {dag.py:3954} INFO - Setting next_dagrun for dataset_consumes_1_and_2 to None, run_after=None
[2025-06-24T00:14:33.113+0700] {logging_mixin.py:188} INFO - [2025-06-24T00:14:33.113+0700] {dag.py:3954} INFO - Setting next_dagrun for dataset_consumes_1_never_scheduled to None, run_after=None
[2025-06-24T00:14:33.114+0700] {logging_mixin.py:188} INFO - [2025-06-24T00:14:33.114+0700] {dag.py:3954} INFO - Setting next_dagrun for dataset_consumes_unknown_never_scheduled to None, run_after=None
[2025-06-24T00:14:33.116+0700] {logging_mixin.py:188} INFO - [2025-06-24T00:14:33.116+0700] {dag.py:3954} INFO - Setting next_dagrun for dataset_produces_1 to 2025-06-22 00:00:00+00:00, run_after=2025-06-23 00:00:00+00:00
[2025-06-24T00:14:33.117+0700] {logging_mixin.py:188} INFO - [2025-06-24T00:14:33.116+0700] {dag.py:3954} INFO - Setting next_dagrun for dataset_produces_2 to None, run_after=None
[2025-06-24T00:14:33.144+0700] {processor.py:183} INFO - Processing /home/panda/Documents/ODAP/Project/venv310/lib/python3.10/site-packages/airflow/example_dags/example_datasets.py took 0.122 seconds
[2025-06-24T00:21:39.935+0700] {processor.py:161} INFO - Started process (PID=16615) to work on /home/panda/Documents/ODAP/Project/venv310/lib/python3.10/site-packages/airflow/example_dags/example_datasets.py
[2025-06-24T00:21:39.940+0700] {processor.py:830} INFO - Processing file /home/panda/Documents/ODAP/Project/venv310/lib/python3.10/site-packages/airflow/example_dags/example_datasets.py for tasks to queue
[2025-06-24T00:21:39.941+0700] {logging_mixin.py:188} INFO - [2025-06-24T00:21:39.940+0700] {dagbag.py:540} INFO - Filling up the DagBag from /home/panda/Documents/ODAP/Project/venv310/lib/python3.10/site-packages/airflow/example_dags/example_datasets.py
[2025-06-24T00:21:39.957+0700] {processor.py:840} INFO - DAG(s) 'consume_1_and_2_with_dataset_expressions', 'dataset_consumes_1_never_scheduled', 'dataset_produces_2', 'dataset_consumes_1', 'consume_1_or_both_2_and_3_with_dataset_expressions', 'conditional_dataset_and_time_based_timetable', 'dataset_consumes_1_and_2', 'dataset_consumes_unknown_never_scheduled', 'consume_1_or_2_with_dataset_expressions', 'dataset_produces_1' retrieved from /home/panda/Documents/ODAP/Project/venv310/lib/python3.10/site-packages/airflow/example_dags/example_datasets.py
[2025-06-24T00:21:40.004+0700] {logging_mixin.py:188} INFO - [2025-06-24T00:21:40.004+0700] {dag.py:3096} INFO - Sync 10 DAGs
[2025-06-24T00:21:40.021+0700] {logging_mixin.py:188} INFO - [2025-06-24T00:21:40.021+0700] {dag.py:3954} INFO - Setting next_dagrun for conditional_dataset_and_time_based_timetable to 2025-06-18 01:00:00+00:00, run_after=2025-06-18 01:00:00+00:00
[2025-06-24T00:21:40.024+0700] {logging_mixin.py:188} INFO - [2025-06-24T00:21:40.023+0700] {dag.py:3954} INFO - Setting next_dagrun for consume_1_and_2_with_dataset_expressions to None, run_after=None
[2025-06-24T00:21:40.025+0700] {logging_mixin.py:188} INFO - [2025-06-24T00:21:40.025+0700] {dag.py:3954} INFO - Setting next_dagrun for consume_1_or_2_with_dataset_expressions to None, run_after=None
[2025-06-24T00:21:40.026+0700] {logging_mixin.py:188} INFO - [2025-06-24T00:21:40.025+0700] {dag.py:3954} INFO - Setting next_dagrun for consume_1_or_both_2_and_3_with_dataset_expressions to None, run_after=None
[2025-06-24T00:21:40.026+0700] {logging_mixin.py:188} INFO - [2025-06-24T00:21:40.026+0700] {dag.py:3954} INFO - Setting next_dagrun for dataset_consumes_1 to None, run_after=None
[2025-06-24T00:21:40.027+0700] {logging_mixin.py:188} INFO - [2025-06-24T00:21:40.027+0700] {dag.py:3954} INFO - Setting next_dagrun for dataset_consumes_1_and_2 to None, run_after=None
[2025-06-24T00:21:40.028+0700] {logging_mixin.py:188} INFO - [2025-06-24T00:21:40.028+0700] {dag.py:3954} INFO - Setting next_dagrun for dataset_consumes_1_never_scheduled to None, run_after=None
[2025-06-24T00:21:40.029+0700] {logging_mixin.py:188} INFO - [2025-06-24T00:21:40.028+0700] {dag.py:3954} INFO - Setting next_dagrun for dataset_consumes_unknown_never_scheduled to None, run_after=None
[2025-06-24T00:21:40.030+0700] {logging_mixin.py:188} INFO - [2025-06-24T00:21:40.030+0700] {dag.py:3954} INFO - Setting next_dagrun for dataset_produces_1 to 2025-06-22 00:00:00+00:00, run_after=2025-06-23 00:00:00+00:00
[2025-06-24T00:21:40.032+0700] {logging_mixin.py:188} INFO - [2025-06-24T00:21:40.032+0700] {dag.py:3954} INFO - Setting next_dagrun for dataset_produces_2 to None, run_after=None
[2025-06-24T00:21:40.070+0700] {processor.py:183} INFO - Processing /home/panda/Documents/ODAP/Project/venv310/lib/python3.10/site-packages/airflow/example_dags/example_datasets.py took 0.143 seconds
[2025-06-24T00:22:31.544+0700] {processor.py:161} INFO - Started process (PID=16853) to work on /home/panda/Documents/ODAP/Project/venv310/lib/python3.10/site-packages/airflow/example_dags/example_datasets.py
[2025-06-24T00:22:31.549+0700] {processor.py:830} INFO - Processing file /home/panda/Documents/ODAP/Project/venv310/lib/python3.10/site-packages/airflow/example_dags/example_datasets.py for tasks to queue
[2025-06-24T00:22:31.550+0700] {logging_mixin.py:188} INFO - [2025-06-24T00:22:31.550+0700] {dagbag.py:540} INFO - Filling up the DagBag from /home/panda/Documents/ODAP/Project/venv310/lib/python3.10/site-packages/airflow/example_dags/example_datasets.py
[2025-06-24T00:22:31.566+0700] {processor.py:840} INFO - DAG(s) 'dataset_produces_2', 'dataset_consumes_unknown_never_scheduled', 'consume_1_or_2_with_dataset_expressions', 'consume_1_or_both_2_and_3_with_dataset_expressions', 'dataset_consumes_1_never_scheduled', 'dataset_consumes_1_and_2', 'dataset_consumes_1', 'conditional_dataset_and_time_based_timetable', 'dataset_produces_1', 'consume_1_and_2_with_dataset_expressions' retrieved from /home/panda/Documents/ODAP/Project/venv310/lib/python3.10/site-packages/airflow/example_dags/example_datasets.py
[2025-06-24T00:22:31.608+0700] {logging_mixin.py:188} INFO - [2025-06-24T00:22:31.608+0700] {dag.py:3096} INFO - Sync 10 DAGs
[2025-06-24T00:22:31.624+0700] {logging_mixin.py:188} INFO - [2025-06-24T00:22:31.624+0700] {dag.py:3954} INFO - Setting next_dagrun for conditional_dataset_and_time_based_timetable to 2025-06-18 01:00:00+00:00, run_after=2025-06-18 01:00:00+00:00
[2025-06-24T00:22:31.626+0700] {logging_mixin.py:188} INFO - [2025-06-24T00:22:31.626+0700] {dag.py:3954} INFO - Setting next_dagrun for consume_1_and_2_with_dataset_expressions to None, run_after=None
[2025-06-24T00:22:31.627+0700] {logging_mixin.py:188} INFO - [2025-06-24T00:22:31.627+0700] {dag.py:3954} INFO - Setting next_dagrun for consume_1_or_2_with_dataset_expressions to None, run_after=None
[2025-06-24T00:22:31.628+0700] {logging_mixin.py:188} INFO - [2025-06-24T00:22:31.627+0700] {dag.py:3954} INFO - Setting next_dagrun for consume_1_or_both_2_and_3_with_dataset_expressions to None, run_after=None
[2025-06-24T00:22:31.628+0700] {logging_mixin.py:188} INFO - [2025-06-24T00:22:31.628+0700] {dag.py:3954} INFO - Setting next_dagrun for dataset_consumes_1 to None, run_after=None
[2025-06-24T00:22:31.629+0700] {logging_mixin.py:188} INFO - [2025-06-24T00:22:31.629+0700] {dag.py:3954} INFO - Setting next_dagrun for dataset_consumes_1_and_2 to None, run_after=None
[2025-06-24T00:22:31.630+0700] {logging_mixin.py:188} INFO - [2025-06-24T00:22:31.630+0700] {dag.py:3954} INFO - Setting next_dagrun for dataset_consumes_1_never_scheduled to None, run_after=None
[2025-06-24T00:22:31.631+0700] {logging_mixin.py:188} INFO - [2025-06-24T00:22:31.630+0700] {dag.py:3954} INFO - Setting next_dagrun for dataset_consumes_unknown_never_scheduled to None, run_after=None
[2025-06-24T00:22:31.632+0700] {logging_mixin.py:188} INFO - [2025-06-24T00:22:31.632+0700] {dag.py:3954} INFO - Setting next_dagrun for dataset_produces_1 to 2025-06-22 00:00:00+00:00, run_after=2025-06-23 00:00:00+00:00
[2025-06-24T00:22:31.633+0700] {logging_mixin.py:188} INFO - [2025-06-24T00:22:31.633+0700] {dag.py:3954} INFO - Setting next_dagrun for dataset_produces_2 to None, run_after=None
[2025-06-24T00:22:31.666+0700] {processor.py:183} INFO - Processing /home/panda/Documents/ODAP/Project/venv310/lib/python3.10/site-packages/airflow/example_dags/example_datasets.py took 0.130 seconds
[2025-06-24T00:33:51.557+0700] {processor.py:161} INFO - Started process (PID=20293) to work on /home/panda/Documents/ODAP/Project/venv310/lib/python3.10/site-packages/airflow/example_dags/example_datasets.py
[2025-06-24T00:33:51.563+0700] {processor.py:830} INFO - Processing file /home/panda/Documents/ODAP/Project/venv310/lib/python3.10/site-packages/airflow/example_dags/example_datasets.py for tasks to queue
[2025-06-24T00:33:51.564+0700] {logging_mixin.py:188} INFO - [2025-06-24T00:33:51.563+0700] {dagbag.py:540} INFO - Filling up the DagBag from /home/panda/Documents/ODAP/Project/venv310/lib/python3.10/site-packages/airflow/example_dags/example_datasets.py
[2025-06-24T00:33:51.583+0700] {processor.py:840} INFO - DAG(s) 'conditional_dataset_and_time_based_timetable', 'consume_1_or_both_2_and_3_with_dataset_expressions', 'dataset_produces_1', 'dataset_produces_2', 'dataset_consumes_1_never_scheduled', 'consume_1_and_2_with_dataset_expressions', 'dataset_consumes_1_and_2', 'dataset_consumes_unknown_never_scheduled', 'consume_1_or_2_with_dataset_expressions', 'dataset_consumes_1' retrieved from /home/panda/Documents/ODAP/Project/venv310/lib/python3.10/site-packages/airflow/example_dags/example_datasets.py
[2025-06-24T00:33:51.633+0700] {logging_mixin.py:188} INFO - [2025-06-24T00:33:51.633+0700] {dag.py:3096} INFO - Sync 10 DAGs
[2025-06-24T00:33:51.654+0700] {logging_mixin.py:188} INFO - [2025-06-24T00:33:51.654+0700] {dag.py:3954} INFO - Setting next_dagrun for conditional_dataset_and_time_based_timetable to 2025-06-18 01:00:00+00:00, run_after=2025-06-18 01:00:00+00:00
[2025-06-24T00:33:51.657+0700] {logging_mixin.py:188} INFO - [2025-06-24T00:33:51.656+0700] {dag.py:3954} INFO - Setting next_dagrun for consume_1_and_2_with_dataset_expressions to None, run_after=None
[2025-06-24T00:33:51.657+0700] {logging_mixin.py:188} INFO - [2025-06-24T00:33:51.657+0700] {dag.py:3954} INFO - Setting next_dagrun for consume_1_or_2_with_dataset_expressions to None, run_after=None
[2025-06-24T00:33:51.658+0700] {logging_mixin.py:188} INFO - [2025-06-24T00:33:51.658+0700] {dag.py:3954} INFO - Setting next_dagrun for consume_1_or_both_2_and_3_with_dataset_expressions to None, run_after=None
[2025-06-24T00:33:51.659+0700] {logging_mixin.py:188} INFO - [2025-06-24T00:33:51.659+0700] {dag.py:3954} INFO - Setting next_dagrun for dataset_consumes_1 to None, run_after=None
[2025-06-24T00:33:51.660+0700] {logging_mixin.py:188} INFO - [2025-06-24T00:33:51.660+0700] {dag.py:3954} INFO - Setting next_dagrun for dataset_consumes_1_and_2 to None, run_after=None
[2025-06-24T00:33:51.661+0700] {logging_mixin.py:188} INFO - [2025-06-24T00:33:51.661+0700] {dag.py:3954} INFO - Setting next_dagrun for dataset_consumes_1_never_scheduled to None, run_after=None
[2025-06-24T00:33:51.662+0700] {logging_mixin.py:188} INFO - [2025-06-24T00:33:51.661+0700] {dag.py:3954} INFO - Setting next_dagrun for dataset_consumes_unknown_never_scheduled to None, run_after=None
[2025-06-24T00:33:51.663+0700] {logging_mixin.py:188} INFO - [2025-06-24T00:33:51.663+0700] {dag.py:3954} INFO - Setting next_dagrun for dataset_produces_1 to 2025-06-22 00:00:00+00:00, run_after=2025-06-23 00:00:00+00:00
[2025-06-24T00:33:51.664+0700] {logging_mixin.py:188} INFO - [2025-06-24T00:33:51.664+0700] {dag.py:3954} INFO - Setting next_dagrun for dataset_produces_2 to None, run_after=None
[2025-06-24T00:33:51.697+0700] {processor.py:183} INFO - Processing /home/panda/Documents/ODAP/Project/venv310/lib/python3.10/site-packages/airflow/example_dags/example_datasets.py took 0.148 seconds
[2025-06-24T00:34:45.672+0700] {processor.py:161} INFO - Started process (PID=20441) to work on /home/panda/Documents/ODAP/Project/venv310/lib/python3.10/site-packages/airflow/example_dags/example_datasets.py
[2025-06-24T00:34:45.677+0700] {processor.py:830} INFO - Processing file /home/panda/Documents/ODAP/Project/venv310/lib/python3.10/site-packages/airflow/example_dags/example_datasets.py for tasks to queue
[2025-06-24T00:34:45.678+0700] {logging_mixin.py:188} INFO - [2025-06-24T00:34:45.678+0700] {dagbag.py:540} INFO - Filling up the DagBag from /home/panda/Documents/ODAP/Project/venv310/lib/python3.10/site-packages/airflow/example_dags/example_datasets.py
[2025-06-24T00:34:45.693+0700] {processor.py:840} INFO - DAG(s) 'dataset_consumes_1_never_scheduled', 'dataset_consumes_unknown_never_scheduled', 'dataset_consumes_1_and_2', 'dataset_consumes_1', 'dataset_produces_2', 'conditional_dataset_and_time_based_timetable', 'consume_1_or_both_2_and_3_with_dataset_expressions', 'consume_1_or_2_with_dataset_expressions', 'dataset_produces_1', 'consume_1_and_2_with_dataset_expressions' retrieved from /home/panda/Documents/ODAP/Project/venv310/lib/python3.10/site-packages/airflow/example_dags/example_datasets.py
[2025-06-24T00:34:45.734+0700] {logging_mixin.py:188} INFO - [2025-06-24T00:34:45.734+0700] {dag.py:3096} INFO - Sync 10 DAGs
[2025-06-24T00:34:45.750+0700] {logging_mixin.py:188} INFO - [2025-06-24T00:34:45.750+0700] {dag.py:3954} INFO - Setting next_dagrun for conditional_dataset_and_time_based_timetable to 2025-06-18 01:00:00+00:00, run_after=2025-06-18 01:00:00+00:00
[2025-06-24T00:34:45.753+0700] {logging_mixin.py:188} INFO - [2025-06-24T00:34:45.752+0700] {dag.py:3954} INFO - Setting next_dagrun for consume_1_and_2_with_dataset_expressions to None, run_after=None
[2025-06-24T00:34:45.753+0700] {logging_mixin.py:188} INFO - [2025-06-24T00:34:45.753+0700] {dag.py:3954} INFO - Setting next_dagrun for consume_1_or_2_with_dataset_expressions to None, run_after=None
[2025-06-24T00:34:45.754+0700] {logging_mixin.py:188} INFO - [2025-06-24T00:34:45.754+0700] {dag.py:3954} INFO - Setting next_dagrun for consume_1_or_both_2_and_3_with_dataset_expressions to None, run_after=None
[2025-06-24T00:34:45.755+0700] {logging_mixin.py:188} INFO - [2025-06-24T00:34:45.755+0700] {dag.py:3954} INFO - Setting next_dagrun for dataset_consumes_1 to None, run_after=None
[2025-06-24T00:34:45.756+0700] {logging_mixin.py:188} INFO - [2025-06-24T00:34:45.755+0700] {dag.py:3954} INFO - Setting next_dagrun for dataset_consumes_1_and_2 to None, run_after=None
[2025-06-24T00:34:45.756+0700] {logging_mixin.py:188} INFO - [2025-06-24T00:34:45.756+0700] {dag.py:3954} INFO - Setting next_dagrun for dataset_consumes_1_never_scheduled to None, run_after=None
[2025-06-24T00:34:45.757+0700] {logging_mixin.py:188} INFO - [2025-06-24T00:34:45.757+0700] {dag.py:3954} INFO - Setting next_dagrun for dataset_consumes_unknown_never_scheduled to None, run_after=None
[2025-06-24T00:34:45.759+0700] {logging_mixin.py:188} INFO - [2025-06-24T00:34:45.759+0700] {dag.py:3954} INFO - Setting next_dagrun for dataset_produces_1 to 2025-06-22 00:00:00+00:00, run_after=2025-06-23 00:00:00+00:00
[2025-06-24T00:34:45.760+0700] {logging_mixin.py:188} INFO - [2025-06-24T00:34:45.759+0700] {dag.py:3954} INFO - Setting next_dagrun for dataset_produces_2 to None, run_after=None
[2025-06-24T00:34:45.787+0700] {processor.py:183} INFO - Processing /home/panda/Documents/ODAP/Project/venv310/lib/python3.10/site-packages/airflow/example_dags/example_datasets.py took 0.123 seconds
[2025-06-24T00:35:38.780+0700] {processor.py:161} INFO - Started process (PID=20583) to work on /home/panda/Documents/ODAP/Project/venv310/lib/python3.10/site-packages/airflow/example_dags/example_datasets.py
[2025-06-24T00:35:38.783+0700] {processor.py:830} INFO - Processing file /home/panda/Documents/ODAP/Project/venv310/lib/python3.10/site-packages/airflow/example_dags/example_datasets.py for tasks to queue
[2025-06-24T00:35:38.784+0700] {logging_mixin.py:188} INFO - [2025-06-24T00:35:38.783+0700] {dagbag.py:540} INFO - Filling up the DagBag from /home/panda/Documents/ODAP/Project/venv310/lib/python3.10/site-packages/airflow/example_dags/example_datasets.py
[2025-06-24T00:35:38.801+0700] {processor.py:840} INFO - DAG(s) 'dataset_consumes_1_never_scheduled', 'conditional_dataset_and_time_based_timetable', 'dataset_produces_1', 'dataset_consumes_1_and_2', 'consume_1_or_both_2_and_3_with_dataset_expressions', 'consume_1_and_2_with_dataset_expressions', 'dataset_produces_2', 'dataset_consumes_unknown_never_scheduled', 'dataset_consumes_1', 'consume_1_or_2_with_dataset_expressions' retrieved from /home/panda/Documents/ODAP/Project/venv310/lib/python3.10/site-packages/airflow/example_dags/example_datasets.py
[2025-06-24T00:35:38.845+0700] {logging_mixin.py:188} INFO - [2025-06-24T00:35:38.844+0700] {dag.py:3096} INFO - Sync 10 DAGs
[2025-06-24T00:35:38.862+0700] {logging_mixin.py:188} INFO - [2025-06-24T00:35:38.862+0700] {dag.py:3954} INFO - Setting next_dagrun for conditional_dataset_and_time_based_timetable to 2025-06-18 01:00:00+00:00, run_after=2025-06-18 01:00:00+00:00
[2025-06-24T00:35:38.864+0700] {logging_mixin.py:188} INFO - [2025-06-24T00:35:38.864+0700] {dag.py:3954} INFO - Setting next_dagrun for consume_1_and_2_with_dataset_expressions to None, run_after=None
[2025-06-24T00:35:38.865+0700] {logging_mixin.py:188} INFO - [2025-06-24T00:35:38.865+0700] {dag.py:3954} INFO - Setting next_dagrun for consume_1_or_2_with_dataset_expressions to None, run_after=None
[2025-06-24T00:35:38.866+0700] {logging_mixin.py:188} INFO - [2025-06-24T00:35:38.866+0700] {dag.py:3954} INFO - Setting next_dagrun for consume_1_or_both_2_and_3_with_dataset_expressions to None, run_after=None
[2025-06-24T00:35:38.867+0700] {logging_mixin.py:188} INFO - [2025-06-24T00:35:38.866+0700] {dag.py:3954} INFO - Setting next_dagrun for dataset_consumes_1 to None, run_after=None
[2025-06-24T00:35:38.867+0700] {logging_mixin.py:188} INFO - [2025-06-24T00:35:38.867+0700] {dag.py:3954} INFO - Setting next_dagrun for dataset_consumes_1_and_2 to None, run_after=None
[2025-06-24T00:35:38.868+0700] {logging_mixin.py:188} INFO - [2025-06-24T00:35:38.868+0700] {dag.py:3954} INFO - Setting next_dagrun for dataset_consumes_1_never_scheduled to None, run_after=None
[2025-06-24T00:35:38.869+0700] {logging_mixin.py:188} INFO - [2025-06-24T00:35:38.869+0700] {dag.py:3954} INFO - Setting next_dagrun for dataset_consumes_unknown_never_scheduled to None, run_after=None
[2025-06-24T00:35:38.870+0700] {logging_mixin.py:188} INFO - [2025-06-24T00:35:38.870+0700] {dag.py:3954} INFO - Setting next_dagrun for dataset_produces_1 to 2025-06-22 00:00:00+00:00, run_after=2025-06-23 00:00:00+00:00
[2025-06-24T00:35:38.871+0700] {logging_mixin.py:188} INFO - [2025-06-24T00:35:38.871+0700] {dag.py:3954} INFO - Setting next_dagrun for dataset_produces_2 to None, run_after=None
[2025-06-24T00:35:38.910+0700] {processor.py:183} INFO - Processing /home/panda/Documents/ODAP/Project/venv310/lib/python3.10/site-packages/airflow/example_dags/example_datasets.py took 0.137 seconds
[2025-06-24T00:36:25.467+0700] {processor.py:161} INFO - Started process (PID=20889) to work on /home/panda/Documents/ODAP/Project/venv310/lib/python3.10/site-packages/airflow/example_dags/example_datasets.py
[2025-06-24T00:36:25.472+0700] {processor.py:830} INFO - Processing file /home/panda/Documents/ODAP/Project/venv310/lib/python3.10/site-packages/airflow/example_dags/example_datasets.py for tasks to queue
[2025-06-24T00:36:25.474+0700] {logging_mixin.py:188} INFO - [2025-06-24T00:36:25.473+0700] {dagbag.py:540} INFO - Filling up the DagBag from /home/panda/Documents/ODAP/Project/venv310/lib/python3.10/site-packages/airflow/example_dags/example_datasets.py
[2025-06-24T00:36:25.490+0700] {processor.py:840} INFO - DAG(s) 'dataset_produces_1', 'dataset_consumes_1_never_scheduled', 'dataset_consumes_1', 'consume_1_and_2_with_dataset_expressions', 'consume_1_or_2_with_dataset_expressions', 'consume_1_or_both_2_and_3_with_dataset_expressions', 'conditional_dataset_and_time_based_timetable', 'dataset_produces_2', 'dataset_consumes_1_and_2', 'dataset_consumes_unknown_never_scheduled' retrieved from /home/panda/Documents/ODAP/Project/venv310/lib/python3.10/site-packages/airflow/example_dags/example_datasets.py
[2025-06-24T00:36:25.534+0700] {logging_mixin.py:188} INFO - [2025-06-24T00:36:25.534+0700] {dag.py:3096} INFO - Sync 10 DAGs
[2025-06-24T00:36:25.552+0700] {logging_mixin.py:188} INFO - [2025-06-24T00:36:25.552+0700] {dag.py:3954} INFO - Setting next_dagrun for conditional_dataset_and_time_based_timetable to 2025-06-18 01:00:00+00:00, run_after=2025-06-18 01:00:00+00:00
[2025-06-24T00:36:25.554+0700] {logging_mixin.py:188} INFO - [2025-06-24T00:36:25.554+0700] {dag.py:3954} INFO - Setting next_dagrun for consume_1_and_2_with_dataset_expressions to None, run_after=None
[2025-06-24T00:36:25.555+0700] {logging_mixin.py:188} INFO - [2025-06-24T00:36:25.555+0700] {dag.py:3954} INFO - Setting next_dagrun for consume_1_or_2_with_dataset_expressions to None, run_after=None
[2025-06-24T00:36:25.556+0700] {logging_mixin.py:188} INFO - [2025-06-24T00:36:25.556+0700] {dag.py:3954} INFO - Setting next_dagrun for consume_1_or_both_2_and_3_with_dataset_expressions to None, run_after=None
[2025-06-24T00:36:25.557+0700] {logging_mixin.py:188} INFO - [2025-06-24T00:36:25.556+0700] {dag.py:3954} INFO - Setting next_dagrun for dataset_consumes_1 to None, run_after=None
[2025-06-24T00:36:25.558+0700] {logging_mixin.py:188} INFO - [2025-06-24T00:36:25.557+0700] {dag.py:3954} INFO - Setting next_dagrun for dataset_consumes_1_and_2 to None, run_after=None
[2025-06-24T00:36:25.558+0700] {logging_mixin.py:188} INFO - [2025-06-24T00:36:25.558+0700] {dag.py:3954} INFO - Setting next_dagrun for dataset_consumes_1_never_scheduled to None, run_after=None
[2025-06-24T00:36:25.559+0700] {logging_mixin.py:188} INFO - [2025-06-24T00:36:25.559+0700] {dag.py:3954} INFO - Setting next_dagrun for dataset_consumes_unknown_never_scheduled to None, run_after=None
[2025-06-24T00:36:25.561+0700] {logging_mixin.py:188} INFO - [2025-06-24T00:36:25.561+0700] {dag.py:3954} INFO - Setting next_dagrun for dataset_produces_1 to 2025-06-22 00:00:00+00:00, run_after=2025-06-23 00:00:00+00:00
[2025-06-24T00:36:25.562+0700] {logging_mixin.py:188} INFO - [2025-06-24T00:36:25.562+0700] {dag.py:3954} INFO - Setting next_dagrun for dataset_produces_2 to None, run_after=None
[2025-06-24T00:36:25.592+0700] {processor.py:183} INFO - Processing /home/panda/Documents/ODAP/Project/venv310/lib/python3.10/site-packages/airflow/example_dags/example_datasets.py took 0.133 seconds
[2025-06-24T00:52:49.541+0700] {processor.py:161} INFO - Started process (PID=25162) to work on /home/panda/Documents/ODAP/Project/venv310/lib/python3.10/site-packages/airflow/example_dags/example_datasets.py
[2025-06-24T00:52:49.547+0700] {processor.py:830} INFO - Processing file /home/panda/Documents/ODAP/Project/venv310/lib/python3.10/site-packages/airflow/example_dags/example_datasets.py for tasks to queue
[2025-06-24T00:52:49.548+0700] {logging_mixin.py:188} INFO - [2025-06-24T00:52:49.547+0700] {dagbag.py:540} INFO - Filling up the DagBag from /home/panda/Documents/ODAP/Project/venv310/lib/python3.10/site-packages/airflow/example_dags/example_datasets.py
[2025-06-24T00:52:49.565+0700] {processor.py:840} INFO - DAG(s) 'conditional_dataset_and_time_based_timetable', 'dataset_consumes_1_never_scheduled', 'dataset_consumes_unknown_never_scheduled', 'consume_1_and_2_with_dataset_expressions', 'dataset_consumes_1_and_2', 'dataset_produces_2', 'dataset_produces_1', 'consume_1_or_both_2_and_3_with_dataset_expressions', 'consume_1_or_2_with_dataset_expressions', 'dataset_consumes_1' retrieved from /home/panda/Documents/ODAP/Project/venv310/lib/python3.10/site-packages/airflow/example_dags/example_datasets.py
[2025-06-24T00:52:49.614+0700] {logging_mixin.py:188} INFO - [2025-06-24T00:52:49.614+0700] {dag.py:3096} INFO - Sync 10 DAGs
[2025-06-24T00:52:49.633+0700] {logging_mixin.py:188} INFO - [2025-06-24T00:52:49.633+0700] {dag.py:3954} INFO - Setting next_dagrun for conditional_dataset_and_time_based_timetable to 2025-06-18 01:00:00+00:00, run_after=2025-06-18 01:00:00+00:00
[2025-06-24T00:52:49.635+0700] {logging_mixin.py:188} INFO - [2025-06-24T00:52:49.635+0700] {dag.py:3954} INFO - Setting next_dagrun for consume_1_and_2_with_dataset_expressions to None, run_after=None
[2025-06-24T00:52:49.636+0700] {logging_mixin.py:188} INFO - [2025-06-24T00:52:49.636+0700] {dag.py:3954} INFO - Setting next_dagrun for consume_1_or_2_with_dataset_expressions to None, run_after=None
[2025-06-24T00:52:49.637+0700] {logging_mixin.py:188} INFO - [2025-06-24T00:52:49.637+0700] {dag.py:3954} INFO - Setting next_dagrun for consume_1_or_both_2_and_3_with_dataset_expressions to None, run_after=None
[2025-06-24T00:52:49.638+0700] {logging_mixin.py:188} INFO - [2025-06-24T00:52:49.638+0700] {dag.py:3954} INFO - Setting next_dagrun for dataset_consumes_1 to None, run_after=None
[2025-06-24T00:52:49.639+0700] {logging_mixin.py:188} INFO - [2025-06-24T00:52:49.638+0700] {dag.py:3954} INFO - Setting next_dagrun for dataset_consumes_1_and_2 to None, run_after=None
[2025-06-24T00:52:49.639+0700] {logging_mixin.py:188} INFO - [2025-06-24T00:52:49.639+0700] {dag.py:3954} INFO - Setting next_dagrun for dataset_consumes_1_never_scheduled to None, run_after=None
[2025-06-24T00:52:49.640+0700] {logging_mixin.py:188} INFO - [2025-06-24T00:52:49.640+0700] {dag.py:3954} INFO - Setting next_dagrun for dataset_consumes_unknown_never_scheduled to None, run_after=None
[2025-06-24T00:52:49.642+0700] {logging_mixin.py:188} INFO - [2025-06-24T00:52:49.642+0700] {dag.py:3954} INFO - Setting next_dagrun for dataset_produces_1 to 2025-06-22 00:00:00+00:00, run_after=2025-06-23 00:00:00+00:00
[2025-06-24T00:52:49.643+0700] {logging_mixin.py:188} INFO - [2025-06-24T00:52:49.642+0700] {dag.py:3954} INFO - Setting next_dagrun for dataset_produces_2 to None, run_after=None
[2025-06-24T00:52:49.680+0700] {processor.py:183} INFO - Processing /home/panda/Documents/ODAP/Project/venv310/lib/python3.10/site-packages/airflow/example_dags/example_datasets.py took 0.147 seconds
[2025-06-24T00:53:43.817+0700] {processor.py:161} INFO - Started process (PID=25345) to work on /home/panda/Documents/ODAP/Project/venv310/lib/python3.10/site-packages/airflow/example_dags/example_datasets.py
[2025-06-24T00:53:43.818+0700] {processor.py:830} INFO - Processing file /home/panda/Documents/ODAP/Project/venv310/lib/python3.10/site-packages/airflow/example_dags/example_datasets.py for tasks to queue
[2025-06-24T00:53:43.819+0700] {logging_mixin.py:188} INFO - [2025-06-24T00:53:43.819+0700] {dagbag.py:540} INFO - Filling up the DagBag from /home/panda/Documents/ODAP/Project/venv310/lib/python3.10/site-packages/airflow/example_dags/example_datasets.py
[2025-06-24T00:53:43.835+0700] {processor.py:840} INFO - DAG(s) 'dataset_consumes_unknown_never_scheduled', 'conditional_dataset_and_time_based_timetable', 'dataset_produces_1', 'dataset_consumes_1_never_scheduled', 'dataset_produces_2', 'consume_1_or_both_2_and_3_with_dataset_expressions', 'consume_1_and_2_with_dataset_expressions', 'dataset_consumes_1_and_2', 'consume_1_or_2_with_dataset_expressions', 'dataset_consumes_1' retrieved from /home/panda/Documents/ODAP/Project/venv310/lib/python3.10/site-packages/airflow/example_dags/example_datasets.py
[2025-06-24T00:53:43.879+0700] {logging_mixin.py:188} INFO - [2025-06-24T00:53:43.879+0700] {dag.py:3096} INFO - Sync 10 DAGs
[2025-06-24T00:53:43.897+0700] {logging_mixin.py:188} INFO - [2025-06-24T00:53:43.897+0700] {dag.py:3954} INFO - Setting next_dagrun for conditional_dataset_and_time_based_timetable to 2025-06-18 01:00:00+00:00, run_after=2025-06-18 01:00:00+00:00
[2025-06-24T00:53:43.900+0700] {logging_mixin.py:188} INFO - [2025-06-24T00:53:43.900+0700] {dag.py:3954} INFO - Setting next_dagrun for consume_1_and_2_with_dataset_expressions to None, run_after=None
[2025-06-24T00:53:43.901+0700] {logging_mixin.py:188} INFO - [2025-06-24T00:53:43.901+0700] {dag.py:3954} INFO - Setting next_dagrun for consume_1_or_2_with_dataset_expressions to None, run_after=None
[2025-06-24T00:53:43.902+0700] {logging_mixin.py:188} INFO - [2025-06-24T00:53:43.901+0700] {dag.py:3954} INFO - Setting next_dagrun for consume_1_or_both_2_and_3_with_dataset_expressions to None, run_after=None
[2025-06-24T00:53:43.902+0700] {logging_mixin.py:188} INFO - [2025-06-24T00:53:43.902+0700] {dag.py:3954} INFO - Setting next_dagrun for dataset_consumes_1 to None, run_after=None
[2025-06-24T00:53:43.903+0700] {logging_mixin.py:188} INFO - [2025-06-24T00:53:43.903+0700] {dag.py:3954} INFO - Setting next_dagrun for dataset_consumes_1_and_2 to None, run_after=None
[2025-06-24T00:53:43.904+0700] {logging_mixin.py:188} INFO - [2025-06-24T00:53:43.904+0700] {dag.py:3954} INFO - Setting next_dagrun for dataset_consumes_1_never_scheduled to None, run_after=None
[2025-06-24T00:53:43.905+0700] {logging_mixin.py:188} INFO - [2025-06-24T00:53:43.904+0700] {dag.py:3954} INFO - Setting next_dagrun for dataset_consumes_unknown_never_scheduled to None, run_after=None
[2025-06-24T00:53:43.907+0700] {logging_mixin.py:188} INFO - [2025-06-24T00:53:43.906+0700] {dag.py:3954} INFO - Setting next_dagrun for dataset_produces_1 to 2025-06-22 00:00:00+00:00, run_after=2025-06-23 00:00:00+00:00
[2025-06-24T00:53:43.907+0700] {logging_mixin.py:188} INFO - [2025-06-24T00:53:43.907+0700] {dag.py:3954} INFO - Setting next_dagrun for dataset_produces_2 to None, run_after=None
[2025-06-24T00:53:43.943+0700] {processor.py:183} INFO - Processing /home/panda/Documents/ODAP/Project/venv310/lib/python3.10/site-packages/airflow/example_dags/example_datasets.py took 0.133 seconds
[2025-06-24T00:54:36.254+0700] {processor.py:161} INFO - Started process (PID=25655) to work on /home/panda/Documents/ODAP/Project/venv310/lib/python3.10/site-packages/airflow/example_dags/example_datasets.py
[2025-06-24T00:54:36.261+0700] {processor.py:830} INFO - Processing file /home/panda/Documents/ODAP/Project/venv310/lib/python3.10/site-packages/airflow/example_dags/example_datasets.py for tasks to queue
[2025-06-24T00:54:36.263+0700] {logging_mixin.py:188} INFO - [2025-06-24T00:54:36.262+0700] {dagbag.py:540} INFO - Filling up the DagBag from /home/panda/Documents/ODAP/Project/venv310/lib/python3.10/site-packages/airflow/example_dags/example_datasets.py
[2025-06-24T00:54:36.282+0700] {processor.py:840} INFO - DAG(s) 'consume_1_and_2_with_dataset_expressions', 'dataset_produces_1', 'dataset_consumes_1_never_scheduled', 'dataset_produces_2', 'dataset_consumes_1_and_2', 'conditional_dataset_and_time_based_timetable', 'dataset_consumes_unknown_never_scheduled', 'dataset_consumes_1', 'consume_1_or_both_2_and_3_with_dataset_expressions', 'consume_1_or_2_with_dataset_expressions' retrieved from /home/panda/Documents/ODAP/Project/venv310/lib/python3.10/site-packages/airflow/example_dags/example_datasets.py
[2025-06-24T00:54:36.332+0700] {logging_mixin.py:188} INFO - [2025-06-24T00:54:36.332+0700] {dag.py:3096} INFO - Sync 10 DAGs
[2025-06-24T00:54:36.350+0700] {logging_mixin.py:188} INFO - [2025-06-24T00:54:36.350+0700] {dag.py:3954} INFO - Setting next_dagrun for conditional_dataset_and_time_based_timetable to 2025-06-18 01:00:00+00:00, run_after=2025-06-18 01:00:00+00:00
[2025-06-24T00:54:36.352+0700] {logging_mixin.py:188} INFO - [2025-06-24T00:54:36.352+0700] {dag.py:3954} INFO - Setting next_dagrun for consume_1_and_2_with_dataset_expressions to None, run_after=None
[2025-06-24T00:54:36.353+0700] {logging_mixin.py:188} INFO - [2025-06-24T00:54:36.353+0700] {dag.py:3954} INFO - Setting next_dagrun for consume_1_or_2_with_dataset_expressions to None, run_after=None
[2025-06-24T00:54:36.354+0700] {logging_mixin.py:188} INFO - [2025-06-24T00:54:36.354+0700] {dag.py:3954} INFO - Setting next_dagrun for consume_1_or_both_2_and_3_with_dataset_expressions to None, run_after=None
[2025-06-24T00:54:36.355+0700] {logging_mixin.py:188} INFO - [2025-06-24T00:54:36.355+0700] {dag.py:3954} INFO - Setting next_dagrun for dataset_consumes_1 to None, run_after=None
[2025-06-24T00:54:36.356+0700] {logging_mixin.py:188} INFO - [2025-06-24T00:54:36.355+0700] {dag.py:3954} INFO - Setting next_dagrun for dataset_consumes_1_and_2 to None, run_after=None
[2025-06-24T00:54:36.356+0700] {logging_mixin.py:188} INFO - [2025-06-24T00:54:36.356+0700] {dag.py:3954} INFO - Setting next_dagrun for dataset_consumes_1_never_scheduled to None, run_after=None
[2025-06-24T00:54:36.357+0700] {logging_mixin.py:188} INFO - [2025-06-24T00:54:36.357+0700] {dag.py:3954} INFO - Setting next_dagrun for dataset_consumes_unknown_never_scheduled to None, run_after=None
[2025-06-24T00:54:36.359+0700] {logging_mixin.py:188} INFO - [2025-06-24T00:54:36.359+0700] {dag.py:3954} INFO - Setting next_dagrun for dataset_produces_1 to 2025-06-22 00:00:00+00:00, run_after=2025-06-23 00:00:00+00:00
[2025-06-24T00:54:36.360+0700] {logging_mixin.py:188} INFO - [2025-06-24T00:54:36.359+0700] {dag.py:3954} INFO - Setting next_dagrun for dataset_produces_2 to None, run_after=None
[2025-06-24T00:54:36.393+0700] {processor.py:183} INFO - Processing /home/panda/Documents/ODAP/Project/venv310/lib/python3.10/site-packages/airflow/example_dags/example_datasets.py took 0.147 seconds
[2025-06-24T01:03:25.318+0700] {processor.py:161} INFO - Started process (PID=28606) to work on /home/panda/Documents/ODAP/Project/venv310/lib/python3.10/site-packages/airflow/example_dags/example_datasets.py
[2025-06-24T01:03:25.323+0700] {processor.py:830} INFO - Processing file /home/panda/Documents/ODAP/Project/venv310/lib/python3.10/site-packages/airflow/example_dags/example_datasets.py for tasks to queue
[2025-06-24T01:03:25.324+0700] {logging_mixin.py:188} INFO - [2025-06-24T01:03:25.324+0700] {dagbag.py:540} INFO - Filling up the DagBag from /home/panda/Documents/ODAP/Project/venv310/lib/python3.10/site-packages/airflow/example_dags/example_datasets.py
[2025-06-24T01:03:25.342+0700] {processor.py:840} INFO - DAG(s) 'conditional_dataset_and_time_based_timetable', 'dataset_produces_1', 'dataset_consumes_unknown_never_scheduled', 'dataset_consumes_1', 'consume_1_and_2_with_dataset_expressions', 'dataset_produces_2', 'consume_1_or_both_2_and_3_with_dataset_expressions', 'dataset_consumes_1_never_scheduled', 'consume_1_or_2_with_dataset_expressions', 'dataset_consumes_1_and_2' retrieved from /home/panda/Documents/ODAP/Project/venv310/lib/python3.10/site-packages/airflow/example_dags/example_datasets.py
[2025-06-24T01:03:25.389+0700] {logging_mixin.py:188} INFO - [2025-06-24T01:03:25.389+0700] {dag.py:3096} INFO - Sync 10 DAGs
[2025-06-24T01:03:25.407+0700] {logging_mixin.py:188} INFO - [2025-06-24T01:03:25.406+0700] {dag.py:3954} INFO - Setting next_dagrun for conditional_dataset_and_time_based_timetable to 2025-06-18 01:00:00+00:00, run_after=2025-06-18 01:00:00+00:00
[2025-06-24T01:03:25.409+0700] {logging_mixin.py:188} INFO - [2025-06-24T01:03:25.409+0700] {dag.py:3954} INFO - Setting next_dagrun for consume_1_and_2_with_dataset_expressions to None, run_after=None
[2025-06-24T01:03:25.410+0700] {logging_mixin.py:188} INFO - [2025-06-24T01:03:25.410+0700] {dag.py:3954} INFO - Setting next_dagrun for consume_1_or_2_with_dataset_expressions to None, run_after=None
[2025-06-24T01:03:25.411+0700] {logging_mixin.py:188} INFO - [2025-06-24T01:03:25.411+0700] {dag.py:3954} INFO - Setting next_dagrun for consume_1_or_both_2_and_3_with_dataset_expressions to None, run_after=None
[2025-06-24T01:03:25.412+0700] {logging_mixin.py:188} INFO - [2025-06-24T01:03:25.411+0700] {dag.py:3954} INFO - Setting next_dagrun for dataset_consumes_1 to None, run_after=None
[2025-06-24T01:03:25.412+0700] {logging_mixin.py:188} INFO - [2025-06-24T01:03:25.412+0700] {dag.py:3954} INFO - Setting next_dagrun for dataset_consumes_1_and_2 to None, run_after=None
[2025-06-24T01:03:25.413+0700] {logging_mixin.py:188} INFO - [2025-06-24T01:03:25.413+0700] {dag.py:3954} INFO - Setting next_dagrun for dataset_consumes_1_never_scheduled to None, run_after=None
[2025-06-24T01:03:25.414+0700] {logging_mixin.py:188} INFO - [2025-06-24T01:03:25.414+0700] {dag.py:3954} INFO - Setting next_dagrun for dataset_consumes_unknown_never_scheduled to None, run_after=None
[2025-06-24T01:03:25.416+0700] {logging_mixin.py:188} INFO - [2025-06-24T01:03:25.415+0700] {dag.py:3954} INFO - Setting next_dagrun for dataset_produces_1 to 2025-06-22 00:00:00+00:00, run_after=2025-06-23 00:00:00+00:00
[2025-06-24T01:03:25.418+0700] {logging_mixin.py:188} INFO - [2025-06-24T01:03:25.417+0700] {dag.py:3954} INFO - Setting next_dagrun for dataset_produces_2 to None, run_after=None
[2025-06-24T01:03:25.454+0700] {processor.py:183} INFO - Processing /home/panda/Documents/ODAP/Project/venv310/lib/python3.10/site-packages/airflow/example_dags/example_datasets.py took 0.144 seconds
[2025-06-24T01:04:18.357+0700] {processor.py:161} INFO - Started process (PID=28849) to work on /home/panda/Documents/ODAP/Project/venv310/lib/python3.10/site-packages/airflow/example_dags/example_datasets.py
[2025-06-24T01:04:18.362+0700] {processor.py:830} INFO - Processing file /home/panda/Documents/ODAP/Project/venv310/lib/python3.10/site-packages/airflow/example_dags/example_datasets.py for tasks to queue
[2025-06-24T01:04:18.363+0700] {logging_mixin.py:188} INFO - [2025-06-24T01:04:18.363+0700] {dagbag.py:540} INFO - Filling up the DagBag from /home/panda/Documents/ODAP/Project/venv310/lib/python3.10/site-packages/airflow/example_dags/example_datasets.py
[2025-06-24T01:04:18.379+0700] {processor.py:840} INFO - DAG(s) 'dataset_consumes_unknown_never_scheduled', 'consume_1_and_2_with_dataset_expressions', 'dataset_produces_2', 'dataset_produces_1', 'conditional_dataset_and_time_based_timetable', 'consume_1_or_both_2_and_3_with_dataset_expressions', 'dataset_consumes_1_never_scheduled', 'dataset_consumes_1', 'consume_1_or_2_with_dataset_expressions', 'dataset_consumes_1_and_2' retrieved from /home/panda/Documents/ODAP/Project/venv310/lib/python3.10/site-packages/airflow/example_dags/example_datasets.py
[2025-06-24T01:04:18.424+0700] {logging_mixin.py:188} INFO - [2025-06-24T01:04:18.424+0700] {dag.py:3096} INFO - Sync 10 DAGs
[2025-06-24T01:04:18.442+0700] {logging_mixin.py:188} INFO - [2025-06-24T01:04:18.442+0700] {dag.py:3954} INFO - Setting next_dagrun for conditional_dataset_and_time_based_timetable to 2025-06-18 01:00:00+00:00, run_after=2025-06-18 01:00:00+00:00
[2025-06-24T01:04:18.445+0700] {logging_mixin.py:188} INFO - [2025-06-24T01:04:18.444+0700] {dag.py:3954} INFO - Setting next_dagrun for consume_1_and_2_with_dataset_expressions to None, run_after=None
[2025-06-24T01:04:18.445+0700] {logging_mixin.py:188} INFO - [2025-06-24T01:04:18.445+0700] {dag.py:3954} INFO - Setting next_dagrun for consume_1_or_2_with_dataset_expressions to None, run_after=None
[2025-06-24T01:04:18.446+0700] {logging_mixin.py:188} INFO - [2025-06-24T01:04:18.446+0700] {dag.py:3954} INFO - Setting next_dagrun for consume_1_or_both_2_and_3_with_dataset_expressions to None, run_after=None
[2025-06-24T01:04:18.447+0700] {logging_mixin.py:188} INFO - [2025-06-24T01:04:18.447+0700] {dag.py:3954} INFO - Setting next_dagrun for dataset_consumes_1 to None, run_after=None
[2025-06-24T01:04:18.448+0700] {logging_mixin.py:188} INFO - [2025-06-24T01:04:18.448+0700] {dag.py:3954} INFO - Setting next_dagrun for dataset_consumes_1_and_2 to None, run_after=None
[2025-06-24T01:04:18.448+0700] {logging_mixin.py:188} INFO - [2025-06-24T01:04:18.448+0700] {dag.py:3954} INFO - Setting next_dagrun for dataset_consumes_1_never_scheduled to None, run_after=None
[2025-06-24T01:04:18.449+0700] {logging_mixin.py:188} INFO - [2025-06-24T01:04:18.449+0700] {dag.py:3954} INFO - Setting next_dagrun for dataset_consumes_unknown_never_scheduled to None, run_after=None
[2025-06-24T01:04:18.451+0700] {logging_mixin.py:188} INFO - [2025-06-24T01:04:18.451+0700] {dag.py:3954} INFO - Setting next_dagrun for dataset_produces_1 to 2025-06-22 00:00:00+00:00, run_after=2025-06-23 00:00:00+00:00
[2025-06-24T01:04:18.453+0700] {logging_mixin.py:188} INFO - [2025-06-24T01:04:18.452+0700] {dag.py:3954} INFO - Setting next_dagrun for dataset_produces_2 to None, run_after=None
[2025-06-24T01:04:18.481+0700] {processor.py:183} INFO - Processing /home/panda/Documents/ODAP/Project/venv310/lib/python3.10/site-packages/airflow/example_dags/example_datasets.py took 0.131 seconds
