[2025-06-24T00:02:10.520+0700] {processor.py:161} INFO - Started process (PID=5396) to work on /home/panda/Documents/ODAP/Project/venv310/lib/python3.10/site-packages/airflow/example_dags/example_task_group_decorator.py
[2025-06-24T00:02:10.521+0700] {processor.py:830} INFO - Processing file /home/panda/Documents/ODAP/Project/venv310/lib/python3.10/site-packages/airflow/example_dags/example_task_group_decorator.py for tasks to queue
[2025-06-24T00:02:10.524+0700] {logging_mixin.py:188} INFO - [2025-06-24T00:02:10.523+0700] {dagbag.py:540} INFO - Filling up the DagBag from /home/panda/Documents/ODAP/Project/venv310/lib/python3.10/site-packages/airflow/example_dags/example_task_group_decorator.py
[2025-06-24T00:02:10.545+0700] {processor.py:840} INFO - DAG(s) 'example_task_group_decorator' retrieved from /home/panda/Documents/ODAP/Project/venv310/lib/python3.10/site-packages/airflow/example_dags/example_task_group_decorator.py
[2025-06-24T00:02:10.573+0700] {logging_mixin.py:188} INFO - [2025-06-24T00:02:10.573+0700] {dag.py:3096} INFO - Sync 1 DAGs
[2025-06-24T00:02:10.593+0700] {logging_mixin.py:188} INFO - [2025-06-24T00:02:10.592+0700] {dag.py:3954} INFO - Setting next_dagrun for example_task_group_decorator to 2025-06-22 00:00:00+00:00, run_after=2025-06-23 00:00:00+00:00
[2025-06-24T00:02:10.619+0700] {processor.py:183} INFO - Processing /home/panda/Documents/ODAP/Project/venv310/lib/python3.10/site-packages/airflow/example_dags/example_task_group_decorator.py took 0.105 seconds
[2025-06-24T00:03:05.091+0700] {processor.py:161} INFO - Started process (PID=6212) to work on /home/panda/Documents/ODAP/Project/venv310/lib/python3.10/site-packages/airflow/example_dags/example_task_group_decorator.py
[2025-06-24T00:03:05.096+0700] {processor.py:830} INFO - Processing file /home/panda/Documents/ODAP/Project/venv310/lib/python3.10/site-packages/airflow/example_dags/example_task_group_decorator.py for tasks to queue
[2025-06-24T00:03:05.098+0700] {logging_mixin.py:188} INFO - [2025-06-24T00:03:05.098+0700] {dagbag.py:540} INFO - Filling up the DagBag from /home/panda/Documents/ODAP/Project/venv310/lib/python3.10/site-packages/airflow/example_dags/example_task_group_decorator.py
[2025-06-24T00:03:05.114+0700] {processor.py:840} INFO - DAG(s) 'example_task_group_decorator' retrieved from /home/panda/Documents/ODAP/Project/venv310/lib/python3.10/site-packages/airflow/example_dags/example_task_group_decorator.py
[2025-06-24T00:03:05.136+0700] {logging_mixin.py:188} INFO - [2025-06-24T00:03:05.136+0700] {dag.py:3096} INFO - Sync 1 DAGs
[2025-06-24T00:03:05.154+0700] {logging_mixin.py:188} INFO - [2025-06-24T00:03:05.154+0700] {dag.py:3954} INFO - Setting next_dagrun for example_task_group_decorator to 2025-06-22 00:00:00+00:00, run_after=2025-06-23 00:00:00+00:00
[2025-06-24T00:03:05.180+0700] {processor.py:183} INFO - Processing /home/panda/Documents/ODAP/Project/venv310/lib/python3.10/site-packages/airflow/example_dags/example_task_group_decorator.py took 0.096 seconds
[2025-06-24T00:03:59.682+0700] {processor.py:161} INFO - Started process (PID=6539) to work on /home/panda/Documents/ODAP/Project/venv310/lib/python3.10/site-packages/airflow/example_dags/example_task_group_decorator.py
[2025-06-24T00:03:59.687+0700] {processor.py:830} INFO - Processing file /home/panda/Documents/ODAP/Project/venv310/lib/python3.10/site-packages/airflow/example_dags/example_task_group_decorator.py for tasks to queue
[2025-06-24T00:03:59.689+0700] {logging_mixin.py:188} INFO - [2025-06-24T00:03:59.688+0700] {dagbag.py:540} INFO - Filling up the DagBag from /home/panda/Documents/ODAP/Project/venv310/lib/python3.10/site-packages/airflow/example_dags/example_task_group_decorator.py
[2025-06-24T00:03:59.705+0700] {processor.py:840} INFO - DAG(s) 'example_task_group_decorator' retrieved from /home/panda/Documents/ODAP/Project/venv310/lib/python3.10/site-packages/airflow/example_dags/example_task_group_decorator.py
[2025-06-24T00:03:59.873+0700] {logging_mixin.py:188} INFO - [2025-06-24T00:03:59.872+0700] {dag.py:3096} INFO - Sync 1 DAGs
[2025-06-24T00:03:59.895+0700] {logging_mixin.py:188} INFO - [2025-06-24T00:03:59.895+0700] {dag.py:3954} INFO - Setting next_dagrun for example_task_group_decorator to 2025-06-22 00:00:00+00:00, run_after=2025-06-23 00:00:00+00:00
[2025-06-24T00:03:59.927+0700] {processor.py:183} INFO - Processing /home/panda/Documents/ODAP/Project/venv310/lib/python3.10/site-packages/airflow/example_dags/example_task_group_decorator.py took 0.251 seconds
[2025-06-24T00:04:50.192+0700] {processor.py:161} INFO - Started process (PID=6888) to work on /home/panda/Documents/ODAP/Project/venv310/lib/python3.10/site-packages/airflow/example_dags/example_task_group_decorator.py
[2025-06-24T00:04:50.197+0700] {processor.py:830} INFO - Processing file /home/panda/Documents/ODAP/Project/venv310/lib/python3.10/site-packages/airflow/example_dags/example_task_group_decorator.py for tasks to queue
[2025-06-24T00:04:50.199+0700] {logging_mixin.py:188} INFO - [2025-06-24T00:04:50.198+0700] {dagbag.py:540} INFO - Filling up the DagBag from /home/panda/Documents/ODAP/Project/venv310/lib/python3.10/site-packages/airflow/example_dags/example_task_group_decorator.py
[2025-06-24T00:04:50.220+0700] {processor.py:840} INFO - DAG(s) 'example_task_group_decorator' retrieved from /home/panda/Documents/ODAP/Project/venv310/lib/python3.10/site-packages/airflow/example_dags/example_task_group_decorator.py
[2025-06-24T00:04:50.245+0700] {logging_mixin.py:188} INFO - [2025-06-24T00:04:50.244+0700] {dag.py:3096} INFO - Sync 1 DAGs
[2025-06-24T00:04:50.268+0700] {logging_mixin.py:188} INFO - [2025-06-24T00:04:50.268+0700] {dag.py:3954} INFO - Setting next_dagrun for example_task_group_decorator to 2025-06-22 00:00:00+00:00, run_after=2025-06-23 00:00:00+00:00
[2025-06-24T00:04:50.295+0700] {processor.py:183} INFO - Processing /home/panda/Documents/ODAP/Project/venv310/lib/python3.10/site-packages/airflow/example_dags/example_task_group_decorator.py took 0.111 seconds
[2025-06-24T00:07:16.911+0700] {processor.py:161} INFO - Started process (PID=8112) to work on /home/panda/Documents/ODAP/Project/venv310/lib/python3.10/site-packages/airflow/example_dags/example_task_group_decorator.py
[2025-06-24T00:07:16.916+0700] {processor.py:830} INFO - Processing file /home/panda/Documents/ODAP/Project/venv310/lib/python3.10/site-packages/airflow/example_dags/example_task_group_decorator.py for tasks to queue
[2025-06-24T00:07:16.918+0700] {logging_mixin.py:188} INFO - [2025-06-24T00:07:16.917+0700] {dagbag.py:540} INFO - Filling up the DagBag from /home/panda/Documents/ODAP/Project/venv310/lib/python3.10/site-packages/airflow/example_dags/example_task_group_decorator.py
[2025-06-24T00:07:16.934+0700] {processor.py:840} INFO - DAG(s) 'example_task_group_decorator' retrieved from /home/panda/Documents/ODAP/Project/venv310/lib/python3.10/site-packages/airflow/example_dags/example_task_group_decorator.py
[2025-06-24T00:07:16.959+0700] {logging_mixin.py:188} INFO - [2025-06-24T00:07:16.959+0700] {dag.py:3096} INFO - Sync 1 DAGs
[2025-06-24T00:07:16.978+0700] {logging_mixin.py:188} INFO - [2025-06-24T00:07:16.977+0700] {dag.py:3954} INFO - Setting next_dagrun for example_task_group_decorator to 2025-06-22 00:00:00+00:00, run_after=2025-06-23 00:00:00+00:00
[2025-06-24T00:07:17.002+0700] {processor.py:183} INFO - Processing /home/panda/Documents/ODAP/Project/venv310/lib/python3.10/site-packages/airflow/example_dags/example_task_group_decorator.py took 0.098 seconds
[2025-06-24T00:08:31.645+0700] {processor.py:161} INFO - Started process (PID=10607) to work on /home/panda/Documents/ODAP/Project/venv310/lib/python3.10/site-packages/airflow/example_dags/example_task_group_decorator.py
[2025-06-24T00:08:31.647+0700] {processor.py:830} INFO - Processing file /home/panda/Documents/ODAP/Project/venv310/lib/python3.10/site-packages/airflow/example_dags/example_task_group_decorator.py for tasks to queue
[2025-06-24T00:08:31.648+0700] {logging_mixin.py:188} INFO - [2025-06-24T00:08:31.648+0700] {dagbag.py:540} INFO - Filling up the DagBag from /home/panda/Documents/ODAP/Project/venv310/lib/python3.10/site-packages/airflow/example_dags/example_task_group_decorator.py
[2025-06-24T00:08:31.663+0700] {processor.py:840} INFO - DAG(s) 'example_task_group_decorator' retrieved from /home/panda/Documents/ODAP/Project/venv310/lib/python3.10/site-packages/airflow/example_dags/example_task_group_decorator.py
[2025-06-24T00:08:31.681+0700] {logging_mixin.py:188} INFO - [2025-06-24T00:08:31.680+0700] {dag.py:3096} INFO - Sync 1 DAGs
[2025-06-24T00:08:31.694+0700] {logging_mixin.py:188} INFO - [2025-06-24T00:08:31.694+0700] {dag.py:3954} INFO - Setting next_dagrun for example_task_group_decorator to 2025-06-22 00:00:00+00:00, run_after=2025-06-23 00:00:00+00:00
[2025-06-24T00:08:31.719+0700] {processor.py:183} INFO - Processing /home/panda/Documents/ODAP/Project/venv310/lib/python3.10/site-packages/airflow/example_dags/example_task_group_decorator.py took 0.081 seconds
[2025-06-24T00:09:32.499+0700] {processor.py:161} INFO - Started process (PID=10819) to work on /home/panda/Documents/ODAP/Project/venv310/lib/python3.10/site-packages/airflow/example_dags/example_task_group_decorator.py
[2025-06-24T00:09:32.504+0700] {processor.py:830} INFO - Processing file /home/panda/Documents/ODAP/Project/venv310/lib/python3.10/site-packages/airflow/example_dags/example_task_group_decorator.py for tasks to queue
[2025-06-24T00:09:32.505+0700] {logging_mixin.py:188} INFO - [2025-06-24T00:09:32.505+0700] {dagbag.py:540} INFO - Filling up the DagBag from /home/panda/Documents/ODAP/Project/venv310/lib/python3.10/site-packages/airflow/example_dags/example_task_group_decorator.py
[2025-06-24T00:09:32.523+0700] {processor.py:840} INFO - DAG(s) 'example_task_group_decorator' retrieved from /home/panda/Documents/ODAP/Project/venv310/lib/python3.10/site-packages/airflow/example_dags/example_task_group_decorator.py
[2025-06-24T00:09:32.547+0700] {logging_mixin.py:188} INFO - [2025-06-24T00:09:32.547+0700] {dag.py:3096} INFO - Sync 1 DAGs
[2025-06-24T00:09:32.564+0700] {logging_mixin.py:188} INFO - [2025-06-24T00:09:32.563+0700] {dag.py:3954} INFO - Setting next_dagrun for example_task_group_decorator to 2025-06-22 00:00:00+00:00, run_after=2025-06-23 00:00:00+00:00
[2025-06-24T00:09:32.589+0700] {processor.py:183} INFO - Processing /home/panda/Documents/ODAP/Project/venv310/lib/python3.10/site-packages/airflow/example_dags/example_task_group_decorator.py took 0.098 seconds
[2025-06-24T00:10:28.426+0700] {processor.py:161} INFO - Started process (PID=10970) to work on /home/panda/Documents/ODAP/Project/venv310/lib/python3.10/site-packages/airflow/example_dags/example_task_group_decorator.py
[2025-06-24T00:10:28.431+0700] {processor.py:830} INFO - Processing file /home/panda/Documents/ODAP/Project/venv310/lib/python3.10/site-packages/airflow/example_dags/example_task_group_decorator.py for tasks to queue
[2025-06-24T00:10:28.432+0700] {logging_mixin.py:188} INFO - [2025-06-24T00:10:28.432+0700] {dagbag.py:540} INFO - Filling up the DagBag from /home/panda/Documents/ODAP/Project/venv310/lib/python3.10/site-packages/airflow/example_dags/example_task_group_decorator.py
[2025-06-24T00:10:28.450+0700] {processor.py:840} INFO - DAG(s) 'example_task_group_decorator' retrieved from /home/panda/Documents/ODAP/Project/venv310/lib/python3.10/site-packages/airflow/example_dags/example_task_group_decorator.py
[2025-06-24T00:10:28.475+0700] {logging_mixin.py:188} INFO - [2025-06-24T00:10:28.474+0700] {dag.py:3096} INFO - Sync 1 DAGs
[2025-06-24T00:10:28.494+0700] {logging_mixin.py:188} INFO - [2025-06-24T00:10:28.494+0700] {dag.py:3954} INFO - Setting next_dagrun for example_task_group_decorator to 2025-06-22 00:00:00+00:00, run_after=2025-06-23 00:00:00+00:00
[2025-06-24T00:10:28.518+0700] {processor.py:183} INFO - Processing /home/panda/Documents/ODAP/Project/venv310/lib/python3.10/site-packages/airflow/example_dags/example_task_group_decorator.py took 0.099 seconds
[2025-06-24T00:11:41.180+0700] {processor.py:161} INFO - Started process (PID=12465) to work on /home/panda/Documents/ODAP/Project/venv310/lib/python3.10/site-packages/airflow/example_dags/example_task_group_decorator.py
[2025-06-24T00:11:41.185+0700] {processor.py:830} INFO - Processing file /home/panda/Documents/ODAP/Project/venv310/lib/python3.10/site-packages/airflow/example_dags/example_task_group_decorator.py for tasks to queue
[2025-06-24T00:11:41.186+0700] {logging_mixin.py:188} INFO - [2025-06-24T00:11:41.185+0700] {dagbag.py:540} INFO - Filling up the DagBag from /home/panda/Documents/ODAP/Project/venv310/lib/python3.10/site-packages/airflow/example_dags/example_task_group_decorator.py
[2025-06-24T00:11:41.202+0700] {processor.py:840} INFO - DAG(s) 'example_task_group_decorator' retrieved from /home/panda/Documents/ODAP/Project/venv310/lib/python3.10/site-packages/airflow/example_dags/example_task_group_decorator.py
[2025-06-24T00:11:41.225+0700] {logging_mixin.py:188} INFO - [2025-06-24T00:11:41.225+0700] {dag.py:3096} INFO - Sync 1 DAGs
[2025-06-24T00:11:41.243+0700] {logging_mixin.py:188} INFO - [2025-06-24T00:11:41.243+0700] {dag.py:3954} INFO - Setting next_dagrun for example_task_group_decorator to 2025-06-22 00:00:00+00:00, run_after=2025-06-23 00:00:00+00:00
[2025-06-24T00:11:41.273+0700] {processor.py:183} INFO - Processing /home/panda/Documents/ODAP/Project/venv310/lib/python3.10/site-packages/airflow/example_dags/example_task_group_decorator.py took 0.101 seconds
[2025-06-24T00:12:32.990+0700] {processor.py:161} INFO - Started process (PID=12673) to work on /home/panda/Documents/ODAP/Project/venv310/lib/python3.10/site-packages/airflow/example_dags/example_task_group_decorator.py
[2025-06-24T00:12:32.995+0700] {processor.py:830} INFO - Processing file /home/panda/Documents/ODAP/Project/venv310/lib/python3.10/site-packages/airflow/example_dags/example_task_group_decorator.py for tasks to queue
[2025-06-24T00:12:32.997+0700] {logging_mixin.py:188} INFO - [2025-06-24T00:12:32.996+0700] {dagbag.py:540} INFO - Filling up the DagBag from /home/panda/Documents/ODAP/Project/venv310/lib/python3.10/site-packages/airflow/example_dags/example_task_group_decorator.py
[2025-06-24T00:12:33.012+0700] {processor.py:840} INFO - DAG(s) 'example_task_group_decorator' retrieved from /home/panda/Documents/ODAP/Project/venv310/lib/python3.10/site-packages/airflow/example_dags/example_task_group_decorator.py
[2025-06-24T00:12:33.034+0700] {logging_mixin.py:188} INFO - [2025-06-24T00:12:33.034+0700] {dag.py:3096} INFO - Sync 1 DAGs
[2025-06-24T00:12:33.052+0700] {logging_mixin.py:188} INFO - [2025-06-24T00:12:33.052+0700] {dag.py:3954} INFO - Setting next_dagrun for example_task_group_decorator to 2025-06-22 00:00:00+00:00, run_after=2025-06-23 00:00:00+00:00
[2025-06-24T00:12:33.074+0700] {processor.py:183} INFO - Processing /home/panda/Documents/ODAP/Project/venv310/lib/python3.10/site-packages/airflow/example_dags/example_task_group_decorator.py took 0.091 seconds
[2025-06-24T00:13:18.147+0700] {processor.py:161} INFO - Started process (PID=12822) to work on /home/panda/Documents/ODAP/Project/venv310/lib/python3.10/site-packages/airflow/example_dags/example_task_group_decorator.py
[2025-06-24T00:13:18.152+0700] {processor.py:830} INFO - Processing file /home/panda/Documents/ODAP/Project/venv310/lib/python3.10/site-packages/airflow/example_dags/example_task_group_decorator.py for tasks to queue
[2025-06-24T00:13:18.153+0700] {logging_mixin.py:188} INFO - [2025-06-24T00:13:18.152+0700] {dagbag.py:540} INFO - Filling up the DagBag from /home/panda/Documents/ODAP/Project/venv310/lib/python3.10/site-packages/airflow/example_dags/example_task_group_decorator.py
[2025-06-24T00:13:18.170+0700] {processor.py:840} INFO - DAG(s) 'example_task_group_decorator' retrieved from /home/panda/Documents/ODAP/Project/venv310/lib/python3.10/site-packages/airflow/example_dags/example_task_group_decorator.py
[2025-06-24T00:13:18.194+0700] {logging_mixin.py:188} INFO - [2025-06-24T00:13:18.194+0700] {dag.py:3096} INFO - Sync 1 DAGs
[2025-06-24T00:13:18.216+0700] {logging_mixin.py:188} INFO - [2025-06-24T00:13:18.215+0700] {dag.py:3954} INFO - Setting next_dagrun for example_task_group_decorator to 2025-06-22 00:00:00+00:00, run_after=2025-06-23 00:00:00+00:00
[2025-06-24T00:13:18.245+0700] {processor.py:183} INFO - Processing /home/panda/Documents/ODAP/Project/venv310/lib/python3.10/site-packages/airflow/example_dags/example_task_group_decorator.py took 0.105 seconds
[2025-06-24T00:14:04.071+0700] {processor.py:161} INFO - Started process (PID=13060) to work on /home/panda/Documents/ODAP/Project/venv310/lib/python3.10/site-packages/airflow/example_dags/example_task_group_decorator.py
[2025-06-24T00:14:04.075+0700] {processor.py:830} INFO - Processing file /home/panda/Documents/ODAP/Project/venv310/lib/python3.10/site-packages/airflow/example_dags/example_task_group_decorator.py for tasks to queue
[2025-06-24T00:14:04.077+0700] {logging_mixin.py:188} INFO - [2025-06-24T00:14:04.076+0700] {dagbag.py:540} INFO - Filling up the DagBag from /home/panda/Documents/ODAP/Project/venv310/lib/python3.10/site-packages/airflow/example_dags/example_task_group_decorator.py
[2025-06-24T00:14:04.094+0700] {processor.py:840} INFO - DAG(s) 'example_task_group_decorator' retrieved from /home/panda/Documents/ODAP/Project/venv310/lib/python3.10/site-packages/airflow/example_dags/example_task_group_decorator.py
[2025-06-24T00:14:04.119+0700] {logging_mixin.py:188} INFO - [2025-06-24T00:14:04.119+0700] {dag.py:3096} INFO - Sync 1 DAGs
[2025-06-24T00:14:04.137+0700] {logging_mixin.py:188} INFO - [2025-06-24T00:14:04.136+0700] {dag.py:3954} INFO - Setting next_dagrun for example_task_group_decorator to 2025-06-22 00:00:00+00:00, run_after=2025-06-23 00:00:00+00:00
[2025-06-24T00:14:04.161+0700] {processor.py:183} INFO - Processing /home/panda/Documents/ODAP/Project/venv310/lib/python3.10/site-packages/airflow/example_dags/example_task_group_decorator.py took 0.098 seconds
[2025-06-24T00:14:48.757+0700] {processor.py:161} INFO - Started process (PID=13192) to work on /home/panda/Documents/ODAP/Project/venv310/lib/python3.10/site-packages/airflow/example_dags/example_task_group_decorator.py
[2025-06-24T00:14:48.763+0700] {processor.py:830} INFO - Processing file /home/panda/Documents/ODAP/Project/venv310/lib/python3.10/site-packages/airflow/example_dags/example_task_group_decorator.py for tasks to queue
[2025-06-24T00:14:48.764+0700] {logging_mixin.py:188} INFO - [2025-06-24T00:14:48.764+0700] {dagbag.py:540} INFO - Filling up the DagBag from /home/panda/Documents/ODAP/Project/venv310/lib/python3.10/site-packages/airflow/example_dags/example_task_group_decorator.py
[2025-06-24T00:14:48.781+0700] {processor.py:840} INFO - DAG(s) 'example_task_group_decorator' retrieved from /home/panda/Documents/ODAP/Project/venv310/lib/python3.10/site-packages/airflow/example_dags/example_task_group_decorator.py
[2025-06-24T00:14:48.805+0700] {logging_mixin.py:188} INFO - [2025-06-24T00:14:48.805+0700] {dag.py:3096} INFO - Sync 1 DAGs
[2025-06-24T00:14:48.823+0700] {logging_mixin.py:188} INFO - [2025-06-24T00:14:48.823+0700] {dag.py:3954} INFO - Setting next_dagrun for example_task_group_decorator to 2025-06-22 00:00:00+00:00, run_after=2025-06-23 00:00:00+00:00
[2025-06-24T00:14:48.851+0700] {processor.py:183} INFO - Processing /home/panda/Documents/ODAP/Project/venv310/lib/python3.10/site-packages/airflow/example_dags/example_task_group_decorator.py took 0.102 seconds
[2025-06-24T00:21:27.016+0700] {processor.py:161} INFO - Started process (PID=16585) to work on /home/panda/Documents/ODAP/Project/venv310/lib/python3.10/site-packages/airflow/example_dags/example_task_group_decorator.py
[2025-06-24T00:21:27.021+0700] {processor.py:830} INFO - Processing file /home/panda/Documents/ODAP/Project/venv310/lib/python3.10/site-packages/airflow/example_dags/example_task_group_decorator.py for tasks to queue
[2025-06-24T00:21:27.022+0700] {logging_mixin.py:188} INFO - [2025-06-24T00:21:27.022+0700] {dagbag.py:540} INFO - Filling up the DagBag from /home/panda/Documents/ODAP/Project/venv310/lib/python3.10/site-packages/airflow/example_dags/example_task_group_decorator.py
[2025-06-24T00:21:27.043+0700] {processor.py:840} INFO - DAG(s) 'example_task_group_decorator' retrieved from /home/panda/Documents/ODAP/Project/venv310/lib/python3.10/site-packages/airflow/example_dags/example_task_group_decorator.py
[2025-06-24T00:21:27.073+0700] {logging_mixin.py:188} INFO - [2025-06-24T00:21:27.073+0700] {dag.py:3096} INFO - Sync 1 DAGs
[2025-06-24T00:21:27.094+0700] {logging_mixin.py:188} INFO - [2025-06-24T00:21:27.093+0700] {dag.py:3954} INFO - Setting next_dagrun for example_task_group_decorator to 2025-06-22 00:00:00+00:00, run_after=2025-06-23 00:00:00+00:00
[2025-06-24T00:21:27.125+0700] {processor.py:183} INFO - Processing /home/panda/Documents/ODAP/Project/venv310/lib/python3.10/site-packages/airflow/example_dags/example_task_group_decorator.py took 0.118 seconds
[2025-06-24T00:22:19.953+0700] {processor.py:161} INFO - Started process (PID=16780) to work on /home/panda/Documents/ODAP/Project/venv310/lib/python3.10/site-packages/airflow/example_dags/example_task_group_decorator.py
[2025-06-24T00:22:19.958+0700] {processor.py:830} INFO - Processing file /home/panda/Documents/ODAP/Project/venv310/lib/python3.10/site-packages/airflow/example_dags/example_task_group_decorator.py for tasks to queue
[2025-06-24T00:22:19.959+0700] {logging_mixin.py:188} INFO - [2025-06-24T00:22:19.959+0700] {dagbag.py:540} INFO - Filling up the DagBag from /home/panda/Documents/ODAP/Project/venv310/lib/python3.10/site-packages/airflow/example_dags/example_task_group_decorator.py
[2025-06-24T00:22:19.975+0700] {processor.py:840} INFO - DAG(s) 'example_task_group_decorator' retrieved from /home/panda/Documents/ODAP/Project/venv310/lib/python3.10/site-packages/airflow/example_dags/example_task_group_decorator.py
[2025-06-24T00:22:19.998+0700] {logging_mixin.py:188} INFO - [2025-06-24T00:22:19.998+0700] {dag.py:3096} INFO - Sync 1 DAGs
[2025-06-24T00:22:20.015+0700] {logging_mixin.py:188} INFO - [2025-06-24T00:22:20.015+0700] {dag.py:3954} INFO - Setting next_dagrun for example_task_group_decorator to 2025-06-22 00:00:00+00:00, run_after=2025-06-23 00:00:00+00:00
[2025-06-24T00:22:20.041+0700] {processor.py:183} INFO - Processing /home/panda/Documents/ODAP/Project/venv310/lib/python3.10/site-packages/airflow/example_dags/example_task_group_decorator.py took 0.096 seconds
[2025-06-24T00:23:20.840+0700] {processor.py:161} INFO - Started process (PID=18245) to work on /home/panda/Documents/ODAP/Project/venv310/lib/python3.10/site-packages/airflow/example_dags/example_task_group_decorator.py
[2025-06-24T00:23:20.845+0700] {processor.py:830} INFO - Processing file /home/panda/Documents/ODAP/Project/venv310/lib/python3.10/site-packages/airflow/example_dags/example_task_group_decorator.py for tasks to queue
[2025-06-24T00:23:20.846+0700] {logging_mixin.py:188} INFO - [2025-06-24T00:23:20.846+0700] {dagbag.py:540} INFO - Filling up the DagBag from /home/panda/Documents/ODAP/Project/venv310/lib/python3.10/site-packages/airflow/example_dags/example_task_group_decorator.py
[2025-06-24T00:23:20.863+0700] {processor.py:840} INFO - DAG(s) 'example_task_group_decorator' retrieved from /home/panda/Documents/ODAP/Project/venv310/lib/python3.10/site-packages/airflow/example_dags/example_task_group_decorator.py
[2025-06-24T00:23:20.887+0700] {logging_mixin.py:188} INFO - [2025-06-24T00:23:20.887+0700] {dag.py:3096} INFO - Sync 1 DAGs
[2025-06-24T00:23:20.907+0700] {logging_mixin.py:188} INFO - [2025-06-24T00:23:20.907+0700] {dag.py:3954} INFO - Setting next_dagrun for example_task_group_decorator to 2025-06-22 00:00:00+00:00, run_after=2025-06-23 00:00:00+00:00
[2025-06-24T00:23:20.939+0700] {processor.py:183} INFO - Processing /home/panda/Documents/ODAP/Project/venv310/lib/python3.10/site-packages/airflow/example_dags/example_task_group_decorator.py took 0.106 seconds
[2025-06-24T00:33:39.559+0700] {processor.py:161} INFO - Started process (PID=20211) to work on /home/panda/Documents/ODAP/Project/venv310/lib/python3.10/site-packages/airflow/example_dags/example_task_group_decorator.py
[2025-06-24T00:33:39.564+0700] {processor.py:830} INFO - Processing file /home/panda/Documents/ODAP/Project/venv310/lib/python3.10/site-packages/airflow/example_dags/example_task_group_decorator.py for tasks to queue
[2025-06-24T00:33:39.565+0700] {logging_mixin.py:188} INFO - [2025-06-24T00:33:39.565+0700] {dagbag.py:540} INFO - Filling up the DagBag from /home/panda/Documents/ODAP/Project/venv310/lib/python3.10/site-packages/airflow/example_dags/example_task_group_decorator.py
[2025-06-24T00:33:39.583+0700] {processor.py:840} INFO - DAG(s) 'example_task_group_decorator' retrieved from /home/panda/Documents/ODAP/Project/venv310/lib/python3.10/site-packages/airflow/example_dags/example_task_group_decorator.py
[2025-06-24T00:33:39.611+0700] {logging_mixin.py:188} INFO - [2025-06-24T00:33:39.611+0700] {dag.py:3096} INFO - Sync 1 DAGs
[2025-06-24T00:33:39.634+0700] {logging_mixin.py:188} INFO - [2025-06-24T00:33:39.633+0700] {dag.py:3954} INFO - Setting next_dagrun for example_task_group_decorator to 2025-06-22 00:00:00+00:00, run_after=2025-06-23 00:00:00+00:00
[2025-06-24T00:33:39.662+0700] {processor.py:183} INFO - Processing /home/panda/Documents/ODAP/Project/venv310/lib/python3.10/site-packages/airflow/example_dags/example_task_group_decorator.py took 0.110 seconds
[2025-06-24T00:34:32.952+0700] {processor.py:161} INFO - Started process (PID=20397) to work on /home/panda/Documents/ODAP/Project/venv310/lib/python3.10/site-packages/airflow/example_dags/example_task_group_decorator.py
[2025-06-24T00:34:32.958+0700] {processor.py:830} INFO - Processing file /home/panda/Documents/ODAP/Project/venv310/lib/python3.10/site-packages/airflow/example_dags/example_task_group_decorator.py for tasks to queue
[2025-06-24T00:34:32.959+0700] {logging_mixin.py:188} INFO - [2025-06-24T00:34:32.958+0700] {dagbag.py:540} INFO - Filling up the DagBag from /home/panda/Documents/ODAP/Project/venv310/lib/python3.10/site-packages/airflow/example_dags/example_task_group_decorator.py
[2025-06-24T00:34:32.978+0700] {processor.py:840} INFO - DAG(s) 'example_task_group_decorator' retrieved from /home/panda/Documents/ODAP/Project/venv310/lib/python3.10/site-packages/airflow/example_dags/example_task_group_decorator.py
[2025-06-24T00:34:33.005+0700] {logging_mixin.py:188} INFO - [2025-06-24T00:34:33.005+0700] {dag.py:3096} INFO - Sync 1 DAGs
[2025-06-24T00:34:33.024+0700] {logging_mixin.py:188} INFO - [2025-06-24T00:34:33.023+0700] {dag.py:3954} INFO - Setting next_dagrun for example_task_group_decorator to 2025-06-22 00:00:00+00:00, run_after=2025-06-23 00:00:00+00:00
[2025-06-24T00:34:33.049+0700] {processor.py:183} INFO - Processing /home/panda/Documents/ODAP/Project/venv310/lib/python3.10/site-packages/airflow/example_dags/example_task_group_decorator.py took 0.105 seconds
[2025-06-24T00:35:27.006+0700] {processor.py:161} INFO - Started process (PID=20556) to work on /home/panda/Documents/ODAP/Project/venv310/lib/python3.10/site-packages/airflow/example_dags/example_task_group_decorator.py
[2025-06-24T00:35:27.011+0700] {processor.py:830} INFO - Processing file /home/panda/Documents/ODAP/Project/venv310/lib/python3.10/site-packages/airflow/example_dags/example_task_group_decorator.py for tasks to queue
[2025-06-24T00:35:27.013+0700] {logging_mixin.py:188} INFO - [2025-06-24T00:35:27.012+0700] {dagbag.py:540} INFO - Filling up the DagBag from /home/panda/Documents/ODAP/Project/venv310/lib/python3.10/site-packages/airflow/example_dags/example_task_group_decorator.py
[2025-06-24T00:35:27.030+0700] {processor.py:840} INFO - DAG(s) 'example_task_group_decorator' retrieved from /home/panda/Documents/ODAP/Project/venv310/lib/python3.10/site-packages/airflow/example_dags/example_task_group_decorator.py
[2025-06-24T00:35:27.053+0700] {logging_mixin.py:188} INFO - [2025-06-24T00:35:27.053+0700] {dag.py:3096} INFO - Sync 1 DAGs
[2025-06-24T00:35:27.072+0700] {logging_mixin.py:188} INFO - [2025-06-24T00:35:27.071+0700] {dag.py:3954} INFO - Setting next_dagrun for example_task_group_decorator to 2025-06-22 00:00:00+00:00, run_after=2025-06-23 00:00:00+00:00
[2025-06-24T00:35:27.102+0700] {processor.py:183} INFO - Processing /home/panda/Documents/ODAP/Project/venv310/lib/python3.10/site-packages/airflow/example_dags/example_task_group_decorator.py took 0.104 seconds
[2025-06-24T00:36:12.984+0700] {processor.py:161} INFO - Started process (PID=20800) to work on /home/panda/Documents/ODAP/Project/venv310/lib/python3.10/site-packages/airflow/example_dags/example_task_group_decorator.py
[2025-06-24T00:36:12.988+0700] {processor.py:830} INFO - Processing file /home/panda/Documents/ODAP/Project/venv310/lib/python3.10/site-packages/airflow/example_dags/example_task_group_decorator.py for tasks to queue
[2025-06-24T00:36:12.990+0700] {logging_mixin.py:188} INFO - [2025-06-24T00:36:12.989+0700] {dagbag.py:540} INFO - Filling up the DagBag from /home/panda/Documents/ODAP/Project/venv310/lib/python3.10/site-packages/airflow/example_dags/example_task_group_decorator.py
[2025-06-24T00:36:13.006+0700] {processor.py:840} INFO - DAG(s) 'example_task_group_decorator' retrieved from /home/panda/Documents/ODAP/Project/venv310/lib/python3.10/site-packages/airflow/example_dags/example_task_group_decorator.py
[2025-06-24T00:36:13.029+0700] {logging_mixin.py:188} INFO - [2025-06-24T00:36:13.028+0700] {dag.py:3096} INFO - Sync 1 DAGs
[2025-06-24T00:36:13.047+0700] {logging_mixin.py:188} INFO - [2025-06-24T00:36:13.046+0700] {dag.py:3954} INFO - Setting next_dagrun for example_task_group_decorator to 2025-06-22 00:00:00+00:00, run_after=2025-06-23 00:00:00+00:00
[2025-06-24T00:36:13.072+0700] {processor.py:183} INFO - Processing /home/panda/Documents/ODAP/Project/venv310/lib/python3.10/site-packages/airflow/example_dags/example_task_group_decorator.py took 0.096 seconds
[2025-06-24T00:37:01.609+0700] {processor.py:161} INFO - Started process (PID=21138) to work on /home/panda/Documents/ODAP/Project/venv310/lib/python3.10/site-packages/airflow/example_dags/example_task_group_decorator.py
[2025-06-24T00:37:01.614+0700] {processor.py:830} INFO - Processing file /home/panda/Documents/ODAP/Project/venv310/lib/python3.10/site-packages/airflow/example_dags/example_task_group_decorator.py for tasks to queue
[2025-06-24T00:37:01.615+0700] {logging_mixin.py:188} INFO - [2025-06-24T00:37:01.614+0700] {dagbag.py:540} INFO - Filling up the DagBag from /home/panda/Documents/ODAP/Project/venv310/lib/python3.10/site-packages/airflow/example_dags/example_task_group_decorator.py
[2025-06-24T00:37:01.632+0700] {processor.py:840} INFO - DAG(s) 'example_task_group_decorator' retrieved from /home/panda/Documents/ODAP/Project/venv310/lib/python3.10/site-packages/airflow/example_dags/example_task_group_decorator.py
[2025-06-24T00:37:01.658+0700] {logging_mixin.py:188} INFO - [2025-06-24T00:37:01.657+0700] {dag.py:3096} INFO - Sync 1 DAGs
[2025-06-24T00:37:01.678+0700] {logging_mixin.py:188} INFO - [2025-06-24T00:37:01.678+0700] {dag.py:3954} INFO - Setting next_dagrun for example_task_group_decorator to 2025-06-22 00:00:00+00:00, run_after=2025-06-23 00:00:00+00:00
[2025-06-24T00:37:01.706+0700] {processor.py:183} INFO - Processing /home/panda/Documents/ODAP/Project/venv310/lib/python3.10/site-packages/airflow/example_dags/example_task_group_decorator.py took 0.107 seconds
[2025-06-24T00:52:37.755+0700] {processor.py:161} INFO - Started process (PID=25119) to work on /home/panda/Documents/ODAP/Project/venv310/lib/python3.10/site-packages/airflow/example_dags/example_task_group_decorator.py
[2025-06-24T00:52:37.757+0700] {processor.py:830} INFO - Processing file /home/panda/Documents/ODAP/Project/venv310/lib/python3.10/site-packages/airflow/example_dags/example_task_group_decorator.py for tasks to queue
[2025-06-24T00:52:37.758+0700] {logging_mixin.py:188} INFO - [2025-06-24T00:52:37.757+0700] {dagbag.py:540} INFO - Filling up the DagBag from /home/panda/Documents/ODAP/Project/venv310/lib/python3.10/site-packages/airflow/example_dags/example_task_group_decorator.py
[2025-06-24T00:52:37.778+0700] {processor.py:840} INFO - DAG(s) 'example_task_group_decorator' retrieved from /home/panda/Documents/ODAP/Project/venv310/lib/python3.10/site-packages/airflow/example_dags/example_task_group_decorator.py
[2025-06-24T00:52:37.806+0700] {logging_mixin.py:188} INFO - [2025-06-24T00:52:37.806+0700] {dag.py:3096} INFO - Sync 1 DAGs
[2025-06-24T00:52:37.827+0700] {logging_mixin.py:188} INFO - [2025-06-24T00:52:37.827+0700] {dag.py:3954} INFO - Setting next_dagrun for example_task_group_decorator to 2025-06-22 00:00:00+00:00, run_after=2025-06-23 00:00:00+00:00
[2025-06-24T00:52:37.855+0700] {processor.py:183} INFO - Processing /home/panda/Documents/ODAP/Project/venv310/lib/python3.10/site-packages/airflow/example_dags/example_task_group_decorator.py took 0.109 seconds
[2025-06-24T00:53:31.176+0700] {processor.py:161} INFO - Started process (PID=25298) to work on /home/panda/Documents/ODAP/Project/venv310/lib/python3.10/site-packages/airflow/example_dags/example_task_group_decorator.py
[2025-06-24T00:53:31.181+0700] {processor.py:830} INFO - Processing file /home/panda/Documents/ODAP/Project/venv310/lib/python3.10/site-packages/airflow/example_dags/example_task_group_decorator.py for tasks to queue
[2025-06-24T00:53:31.182+0700] {logging_mixin.py:188} INFO - [2025-06-24T00:53:31.182+0700] {dagbag.py:540} INFO - Filling up the DagBag from /home/panda/Documents/ODAP/Project/venv310/lib/python3.10/site-packages/airflow/example_dags/example_task_group_decorator.py
[2025-06-24T00:53:31.200+0700] {processor.py:840} INFO - DAG(s) 'example_task_group_decorator' retrieved from /home/panda/Documents/ODAP/Project/venv310/lib/python3.10/site-packages/airflow/example_dags/example_task_group_decorator.py
[2025-06-24T00:53:31.227+0700] {logging_mixin.py:188} INFO - [2025-06-24T00:53:31.226+0700] {dag.py:3096} INFO - Sync 1 DAGs
[2025-06-24T00:53:31.247+0700] {logging_mixin.py:188} INFO - [2025-06-24T00:53:31.246+0700] {dag.py:3954} INFO - Setting next_dagrun for example_task_group_decorator to 2025-06-22 00:00:00+00:00, run_after=2025-06-23 00:00:00+00:00
[2025-06-24T00:53:31.272+0700] {processor.py:183} INFO - Processing /home/panda/Documents/ODAP/Project/venv310/lib/python3.10/site-packages/airflow/example_dags/example_task_group_decorator.py took 0.104 seconds
[2025-06-24T00:54:25.056+0700] {processor.py:161} INFO - Started process (PID=25598) to work on /home/panda/Documents/ODAP/Project/venv310/lib/python3.10/site-packages/airflow/example_dags/example_task_group_decorator.py
[2025-06-24T00:54:25.059+0700] {processor.py:830} INFO - Processing file /home/panda/Documents/ODAP/Project/venv310/lib/python3.10/site-packages/airflow/example_dags/example_task_group_decorator.py for tasks to queue
[2025-06-24T00:54:25.060+0700] {logging_mixin.py:188} INFO - [2025-06-24T00:54:25.059+0700] {dagbag.py:540} INFO - Filling up the DagBag from /home/panda/Documents/ODAP/Project/venv310/lib/python3.10/site-packages/airflow/example_dags/example_task_group_decorator.py
[2025-06-24T00:54:25.077+0700] {processor.py:840} INFO - DAG(s) 'example_task_group_decorator' retrieved from /home/panda/Documents/ODAP/Project/venv310/lib/python3.10/site-packages/airflow/example_dags/example_task_group_decorator.py
[2025-06-24T00:54:25.102+0700] {logging_mixin.py:188} INFO - [2025-06-24T00:54:25.101+0700] {dag.py:3096} INFO - Sync 1 DAGs
[2025-06-24T00:54:25.122+0700] {logging_mixin.py:188} INFO - [2025-06-24T00:54:25.122+0700] {dag.py:3954} INFO - Setting next_dagrun for example_task_group_decorator to 2025-06-22 00:00:00+00:00, run_after=2025-06-23 00:00:00+00:00
[2025-06-24T00:54:25.157+0700] {processor.py:183} INFO - Processing /home/panda/Documents/ODAP/Project/venv310/lib/python3.10/site-packages/airflow/example_dags/example_task_group_decorator.py took 0.108 seconds
[2025-06-24T01:03:12.633+0700] {processor.py:161} INFO - Started process (PID=28558) to work on /home/panda/Documents/ODAP/Project/venv310/lib/python3.10/site-packages/airflow/example_dags/example_task_group_decorator.py
[2025-06-24T01:03:12.639+0700] {processor.py:830} INFO - Processing file /home/panda/Documents/ODAP/Project/venv310/lib/python3.10/site-packages/airflow/example_dags/example_task_group_decorator.py for tasks to queue
[2025-06-24T01:03:12.640+0700] {logging_mixin.py:188} INFO - [2025-06-24T01:03:12.639+0700] {dagbag.py:540} INFO - Filling up the DagBag from /home/panda/Documents/ODAP/Project/venv310/lib/python3.10/site-packages/airflow/example_dags/example_task_group_decorator.py
[2025-06-24T01:03:12.658+0700] {processor.py:840} INFO - DAG(s) 'example_task_group_decorator' retrieved from /home/panda/Documents/ODAP/Project/venv310/lib/python3.10/site-packages/airflow/example_dags/example_task_group_decorator.py
[2025-06-24T01:03:12.688+0700] {logging_mixin.py:188} INFO - [2025-06-24T01:03:12.687+0700] {dag.py:3096} INFO - Sync 1 DAGs
[2025-06-24T01:03:12.709+0700] {logging_mixin.py:188} INFO - [2025-06-24T01:03:12.709+0700] {dag.py:3954} INFO - Setting next_dagrun for example_task_group_decorator to 2025-06-22 00:00:00+00:00, run_after=2025-06-23 00:00:00+00:00
[2025-06-24T01:03:12.737+0700] {processor.py:183} INFO - Processing /home/panda/Documents/ODAP/Project/venv310/lib/python3.10/site-packages/airflow/example_dags/example_task_group_decorator.py took 0.111 seconds
[2025-06-24T01:04:05.689+0700] {processor.py:161} INFO - Started process (PID=28718) to work on /home/panda/Documents/ODAP/Project/venv310/lib/python3.10/site-packages/airflow/example_dags/example_task_group_decorator.py
[2025-06-24T01:04:05.691+0700] {processor.py:830} INFO - Processing file /home/panda/Documents/ODAP/Project/venv310/lib/python3.10/site-packages/airflow/example_dags/example_task_group_decorator.py for tasks to queue
[2025-06-24T01:04:05.692+0700] {logging_mixin.py:188} INFO - [2025-06-24T01:04:05.691+0700] {dagbag.py:540} INFO - Filling up the DagBag from /home/panda/Documents/ODAP/Project/venv310/lib/python3.10/site-packages/airflow/example_dags/example_task_group_decorator.py
[2025-06-24T01:04:05.709+0700] {processor.py:840} INFO - DAG(s) 'example_task_group_decorator' retrieved from /home/panda/Documents/ODAP/Project/venv310/lib/python3.10/site-packages/airflow/example_dags/example_task_group_decorator.py
[2025-06-24T01:04:05.733+0700] {logging_mixin.py:188} INFO - [2025-06-24T01:04:05.732+0700] {dag.py:3096} INFO - Sync 1 DAGs
[2025-06-24T01:04:05.752+0700] {logging_mixin.py:188} INFO - [2025-06-24T01:04:05.752+0700] {dag.py:3954} INFO - Setting next_dagrun for example_task_group_decorator to 2025-06-22 00:00:00+00:00, run_after=2025-06-23 00:00:00+00:00
[2025-06-24T01:04:05.777+0700] {processor.py:183} INFO - Processing /home/panda/Documents/ODAP/Project/venv310/lib/python3.10/site-packages/airflow/example_dags/example_task_group_decorator.py took 0.096 seconds
[2025-06-24T01:09:16.936+0700] {processor.py:161} INFO - Started process (PID=5646) to work on /home/panda/Documents/ODAP/Project/venv310/lib/python3.10/site-packages/airflow/example_dags/example_task_group_decorator.py
[2025-06-24T01:09:16.938+0700] {processor.py:830} INFO - Processing file /home/panda/Documents/ODAP/Project/venv310/lib/python3.10/site-packages/airflow/example_dags/example_task_group_decorator.py for tasks to queue
[2025-06-24T01:09:16.940+0700] {logging_mixin.py:188} INFO - [2025-06-24T01:09:16.939+0700] {dagbag.py:540} INFO - Filling up the DagBag from /home/panda/Documents/ODAP/Project/venv310/lib/python3.10/site-packages/airflow/example_dags/example_task_group_decorator.py
[2025-06-24T01:09:16.958+0700] {processor.py:840} INFO - DAG(s) 'example_task_group_decorator' retrieved from /home/panda/Documents/ODAP/Project/venv310/lib/python3.10/site-packages/airflow/example_dags/example_task_group_decorator.py
[2025-06-24T01:09:16.984+0700] {logging_mixin.py:188} INFO - [2025-06-24T01:09:16.984+0700] {dag.py:3096} INFO - Sync 1 DAGs
[2025-06-24T01:09:17.001+0700] {logging_mixin.py:188} INFO - [2025-06-24T01:09:17.001+0700] {dag.py:3954} INFO - Setting next_dagrun for example_task_group_decorator to 2025-06-22 00:00:00+00:00, run_after=2025-06-23 00:00:00+00:00
[2025-06-24T01:09:17.028+0700] {processor.py:183} INFO - Processing /home/panda/Documents/ODAP/Project/venv310/lib/python3.10/site-packages/airflow/example_dags/example_task_group_decorator.py took 0.100 seconds
