[2025-06-24T00:02:39.568+0700] {processor.py:161} INFO - Started process (PID=5931) to work on /home/panda/Documents/ODAP/Project/venv310/lib/python3.10/site-packages/airflow/example_dags/example_branch_datetime_operator.py
[2025-06-24T00:02:39.569+0700] {processor.py:830} INFO - Processing file /home/panda/Documents/ODAP/Project/venv310/lib/python3.10/site-packages/airflow/example_dags/example_branch_datetime_operator.py for tasks to queue
[2025-06-24T00:02:39.571+0700] {logging_mixin.py:188} INFO - [2025-06-24T00:02:39.571+0700] {dagbag.py:540} INFO - Filling up the DagBag from /home/panda/Documents/ODAP/Project/venv310/lib/python3.10/site-packages/airflow/example_dags/example_branch_datetime_operator.py
[2025-06-24T00:02:39.585+0700] {processor.py:840} INFO - DAG(s) 'example_branch_datetime_operator_3', 'example_branch_datetime_operator_2', 'example_branch_datetime_operator' retrieved from /home/panda/Documents/ODAP/Project/venv310/lib/python3.10/site-packages/airflow/example_dags/example_branch_datetime_operator.py
[2025-06-24T00:02:39.611+0700] {logging_mixin.py:188} INFO - [2025-06-24T00:02:39.611+0700] {dag.py:3096} INFO - Sync 3 DAGs
[2025-06-24T00:02:39.632+0700] {logging_mixin.py:188} INFO - [2025-06-24T00:02:39.631+0700] {dag.py:3954} INFO - Setting next_dagrun for example_branch_datetime_operator to 2025-06-22 00:00:00+00:00, run_after=2025-06-23 00:00:00+00:00
[2025-06-24T00:02:39.637+0700] {logging_mixin.py:188} INFO - [2025-06-24T00:02:39.636+0700] {dag.py:3954} INFO - Setting next_dagrun for example_branch_datetime_operator_2 to 2025-06-22 00:00:00+00:00, run_after=2025-06-23 00:00:00+00:00
[2025-06-24T00:02:39.639+0700] {logging_mixin.py:188} INFO - [2025-06-24T00:02:39.638+0700] {dag.py:3954} INFO - Setting next_dagrun for example_branch_datetime_operator_3 to 2025-06-22 00:00:00+00:00, run_after=2025-06-23 00:00:00+00:00
[2025-06-24T00:02:39.662+0700] {processor.py:183} INFO - Processing /home/panda/Documents/ODAP/Project/venv310/lib/python3.10/site-packages/airflow/example_dags/example_branch_datetime_operator.py took 0.102 seconds
[2025-06-24T00:03:51.942+0700] {processor.py:161} INFO - Started process (PID=6413) to work on /home/panda/Documents/ODAP/Project/venv310/lib/python3.10/site-packages/airflow/example_dags/example_branch_datetime_operator.py
[2025-06-24T00:03:51.947+0700] {processor.py:830} INFO - Processing file /home/panda/Documents/ODAP/Project/venv310/lib/python3.10/site-packages/airflow/example_dags/example_branch_datetime_operator.py for tasks to queue
[2025-06-24T00:03:51.949+0700] {logging_mixin.py:188} INFO - [2025-06-24T00:03:51.949+0700] {dagbag.py:540} INFO - Filling up the DagBag from /home/panda/Documents/ODAP/Project/venv310/lib/python3.10/site-packages/airflow/example_dags/example_branch_datetime_operator.py
[2025-06-24T00:03:51.963+0700] {processor.py:840} INFO - DAG(s) 'example_branch_datetime_operator_2', 'example_branch_datetime_operator', 'example_branch_datetime_operator_3' retrieved from /home/panda/Documents/ODAP/Project/venv310/lib/python3.10/site-packages/airflow/example_dags/example_branch_datetime_operator.py
[2025-06-24T00:03:51.987+0700] {logging_mixin.py:188} INFO - [2025-06-24T00:03:51.987+0700] {dag.py:3096} INFO - Sync 3 DAGs
[2025-06-24T00:03:52.120+0700] {logging_mixin.py:188} INFO - [2025-06-24T00:03:52.120+0700] {dag.py:3954} INFO - Setting next_dagrun for example_branch_datetime_operator to 2025-06-22 00:00:00+00:00, run_after=2025-06-23 00:00:00+00:00
[2025-06-24T00:03:52.125+0700] {logging_mixin.py:188} INFO - [2025-06-24T00:03:52.125+0700] {dag.py:3954} INFO - Setting next_dagrun for example_branch_datetime_operator_2 to 2025-06-22 00:00:00+00:00, run_after=2025-06-23 00:00:00+00:00
[2025-06-24T00:03:52.128+0700] {logging_mixin.py:188} INFO - [2025-06-24T00:03:52.128+0700] {dag.py:3954} INFO - Setting next_dagrun for example_branch_datetime_operator_3 to 2025-06-22 00:00:00+00:00, run_after=2025-06-23 00:00:00+00:00
[2025-06-24T00:03:52.153+0700] {processor.py:183} INFO - Processing /home/panda/Documents/ODAP/Project/venv310/lib/python3.10/site-packages/airflow/example_dags/example_branch_datetime_operator.py took 0.218 seconds
[2025-06-24T00:04:46.299+0700] {processor.py:161} INFO - Started process (PID=6877) to work on /home/panda/Documents/ODAP/Project/venv310/lib/python3.10/site-packages/airflow/example_dags/example_branch_datetime_operator.py
[2025-06-24T00:04:46.304+0700] {processor.py:830} INFO - Processing file /home/panda/Documents/ODAP/Project/venv310/lib/python3.10/site-packages/airflow/example_dags/example_branch_datetime_operator.py for tasks to queue
[2025-06-24T00:04:46.305+0700] {logging_mixin.py:188} INFO - [2025-06-24T00:04:46.305+0700] {dagbag.py:540} INFO - Filling up the DagBag from /home/panda/Documents/ODAP/Project/venv310/lib/python3.10/site-packages/airflow/example_dags/example_branch_datetime_operator.py
[2025-06-24T00:04:46.318+0700] {processor.py:840} INFO - DAG(s) 'example_branch_datetime_operator_3', 'example_branch_datetime_operator_2', 'example_branch_datetime_operator' retrieved from /home/panda/Documents/ODAP/Project/venv310/lib/python3.10/site-packages/airflow/example_dags/example_branch_datetime_operator.py
[2025-06-24T00:04:46.342+0700] {logging_mixin.py:188} INFO - [2025-06-24T00:04:46.341+0700] {dag.py:3096} INFO - Sync 3 DAGs
[2025-06-24T00:04:46.364+0700] {logging_mixin.py:188} INFO - [2025-06-24T00:04:46.364+0700] {dag.py:3954} INFO - Setting next_dagrun for example_branch_datetime_operator to 2025-06-22 00:00:00+00:00, run_after=2025-06-23 00:00:00+00:00
[2025-06-24T00:04:46.369+0700] {logging_mixin.py:188} INFO - [2025-06-24T00:04:46.368+0700] {dag.py:3954} INFO - Setting next_dagrun for example_branch_datetime_operator_2 to 2025-06-22 00:00:00+00:00, run_after=2025-06-23 00:00:00+00:00
[2025-06-24T00:04:46.370+0700] {logging_mixin.py:188} INFO - [2025-06-24T00:04:46.370+0700] {dag.py:3954} INFO - Setting next_dagrun for example_branch_datetime_operator_3 to 2025-06-22 00:00:00+00:00, run_after=2025-06-23 00:00:00+00:00
[2025-06-24T00:04:46.393+0700] {processor.py:183} INFO - Processing /home/panda/Documents/ODAP/Project/venv310/lib/python3.10/site-packages/airflow/example_dags/example_branch_datetime_operator.py took 0.100 seconds
[2025-06-24T00:07:46.408+0700] {processor.py:161} INFO - Started process (PID=8318) to work on /home/panda/Documents/ODAP/Project/venv310/lib/python3.10/site-packages/airflow/example_dags/example_branch_datetime_operator.py
[2025-06-24T00:07:46.413+0700] {processor.py:830} INFO - Processing file /home/panda/Documents/ODAP/Project/venv310/lib/python3.10/site-packages/airflow/example_dags/example_branch_datetime_operator.py for tasks to queue
[2025-06-24T00:07:46.415+0700] {logging_mixin.py:188} INFO - [2025-06-24T00:07:46.414+0700] {dagbag.py:540} INFO - Filling up the DagBag from /home/panda/Documents/ODAP/Project/venv310/lib/python3.10/site-packages/airflow/example_dags/example_branch_datetime_operator.py
[2025-06-24T00:07:46.432+0700] {processor.py:840} INFO - DAG(s) 'example_branch_datetime_operator_3', 'example_branch_datetime_operator', 'example_branch_datetime_operator_2' retrieved from /home/panda/Documents/ODAP/Project/venv310/lib/python3.10/site-packages/airflow/example_dags/example_branch_datetime_operator.py
[2025-06-24T00:07:46.459+0700] {logging_mixin.py:188} INFO - [2025-06-24T00:07:46.458+0700] {dag.py:3096} INFO - Sync 3 DAGs
[2025-06-24T00:07:46.479+0700] {logging_mixin.py:188} INFO - [2025-06-24T00:07:46.479+0700] {dag.py:3954} INFO - Setting next_dagrun for example_branch_datetime_operator to 2025-06-22 00:00:00+00:00, run_after=2025-06-23 00:00:00+00:00
[2025-06-24T00:07:46.483+0700] {logging_mixin.py:188} INFO - [2025-06-24T00:07:46.483+0700] {dag.py:3954} INFO - Setting next_dagrun for example_branch_datetime_operator_2 to 2025-06-22 00:00:00+00:00, run_after=2025-06-23 00:00:00+00:00
[2025-06-24T00:07:46.485+0700] {logging_mixin.py:188} INFO - [2025-06-24T00:07:46.485+0700] {dag.py:3954} INFO - Setting next_dagrun for example_branch_datetime_operator_3 to 2025-06-22 00:00:00+00:00, run_after=2025-06-23 00:00:00+00:00
[2025-06-24T00:07:46.507+0700] {processor.py:183} INFO - Processing /home/panda/Documents/ODAP/Project/venv310/lib/python3.10/site-packages/airflow/example_dags/example_branch_datetime_operator.py took 0.107 seconds
[2025-06-24T00:09:10.907+0700] {processor.py:161} INFO - Started process (PID=10757) to work on /home/panda/Documents/ODAP/Project/venv310/lib/python3.10/site-packages/airflow/example_dags/example_branch_datetime_operator.py
[2025-06-24T00:09:10.912+0700] {processor.py:830} INFO - Processing file /home/panda/Documents/ODAP/Project/venv310/lib/python3.10/site-packages/airflow/example_dags/example_branch_datetime_operator.py for tasks to queue
[2025-06-24T00:09:10.914+0700] {logging_mixin.py:188} INFO - [2025-06-24T00:09:10.913+0700] {dagbag.py:540} INFO - Filling up the DagBag from /home/panda/Documents/ODAP/Project/venv310/lib/python3.10/site-packages/airflow/example_dags/example_branch_datetime_operator.py
[2025-06-24T00:09:10.928+0700] {processor.py:840} INFO - DAG(s) 'example_branch_datetime_operator', 'example_branch_datetime_operator_3', 'example_branch_datetime_operator_2' retrieved from /home/panda/Documents/ODAP/Project/venv310/lib/python3.10/site-packages/airflow/example_dags/example_branch_datetime_operator.py
[2025-06-24T00:09:10.954+0700] {logging_mixin.py:188} INFO - [2025-06-24T00:09:10.954+0700] {dag.py:3096} INFO - Sync 3 DAGs
[2025-06-24T00:09:10.976+0700] {logging_mixin.py:188} INFO - [2025-06-24T00:09:10.976+0700] {dag.py:3954} INFO - Setting next_dagrun for example_branch_datetime_operator to 2025-06-22 00:00:00+00:00, run_after=2025-06-23 00:00:00+00:00
[2025-06-24T00:09:10.981+0700] {logging_mixin.py:188} INFO - [2025-06-24T00:09:10.981+0700] {dag.py:3954} INFO - Setting next_dagrun for example_branch_datetime_operator_2 to 2025-06-22 00:00:00+00:00, run_after=2025-06-23 00:00:00+00:00
[2025-06-24T00:09:10.983+0700] {logging_mixin.py:188} INFO - [2025-06-24T00:09:10.983+0700] {dag.py:3954} INFO - Setting next_dagrun for example_branch_datetime_operator_3 to 2025-06-22 00:00:00+00:00, run_after=2025-06-23 00:00:00+00:00
[2025-06-24T00:09:11.011+0700] {processor.py:183} INFO - Processing /home/panda/Documents/ODAP/Project/venv310/lib/python3.10/site-packages/airflow/example_dags/example_branch_datetime_operator.py took 0.112 seconds
[2025-06-24T00:10:17.596+0700] {processor.py:161} INFO - Started process (PID=10943) to work on /home/panda/Documents/ODAP/Project/venv310/lib/python3.10/site-packages/airflow/example_dags/example_branch_datetime_operator.py
[2025-06-24T00:10:17.599+0700] {processor.py:830} INFO - Processing file /home/panda/Documents/ODAP/Project/venv310/lib/python3.10/site-packages/airflow/example_dags/example_branch_datetime_operator.py for tasks to queue
[2025-06-24T00:10:17.600+0700] {logging_mixin.py:188} INFO - [2025-06-24T00:10:17.600+0700] {dagbag.py:540} INFO - Filling up the DagBag from /home/panda/Documents/ODAP/Project/venv310/lib/python3.10/site-packages/airflow/example_dags/example_branch_datetime_operator.py
[2025-06-24T00:10:17.613+0700] {processor.py:840} INFO - DAG(s) 'example_branch_datetime_operator_3', 'example_branch_datetime_operator_2', 'example_branch_datetime_operator' retrieved from /home/panda/Documents/ODAP/Project/venv310/lib/python3.10/site-packages/airflow/example_dags/example_branch_datetime_operator.py
[2025-06-24T00:10:17.639+0700] {logging_mixin.py:188} INFO - [2025-06-24T00:10:17.639+0700] {dag.py:3096} INFO - Sync 3 DAGs
[2025-06-24T00:10:17.661+0700] {logging_mixin.py:188} INFO - [2025-06-24T00:10:17.660+0700] {dag.py:3954} INFO - Setting next_dagrun for example_branch_datetime_operator to 2025-06-22 00:00:00+00:00, run_after=2025-06-23 00:00:00+00:00
[2025-06-24T00:10:17.665+0700] {logging_mixin.py:188} INFO - [2025-06-24T00:10:17.665+0700] {dag.py:3954} INFO - Setting next_dagrun for example_branch_datetime_operator_2 to 2025-06-22 00:00:00+00:00, run_after=2025-06-23 00:00:00+00:00
[2025-06-24T00:10:17.668+0700] {logging_mixin.py:188} INFO - [2025-06-24T00:10:17.667+0700] {dag.py:3954} INFO - Setting next_dagrun for example_branch_datetime_operator_3 to 2025-06-22 00:00:00+00:00, run_after=2025-06-23 00:00:00+00:00
[2025-06-24T00:10:17.691+0700] {processor.py:183} INFO - Processing /home/panda/Documents/ODAP/Project/venv310/lib/python3.10/site-packages/airflow/example_dags/example_branch_datetime_operator.py took 0.102 seconds
[2025-06-24T00:11:25.700+0700] {processor.py:161} INFO - Started process (PID=12423) to work on /home/panda/Documents/ODAP/Project/venv310/lib/python3.10/site-packages/airflow/example_dags/example_branch_datetime_operator.py
[2025-06-24T00:11:25.705+0700] {processor.py:830} INFO - Processing file /home/panda/Documents/ODAP/Project/venv310/lib/python3.10/site-packages/airflow/example_dags/example_branch_datetime_operator.py for tasks to queue
[2025-06-24T00:11:25.706+0700] {logging_mixin.py:188} INFO - [2025-06-24T00:11:25.706+0700] {dagbag.py:540} INFO - Filling up the DagBag from /home/panda/Documents/ODAP/Project/venv310/lib/python3.10/site-packages/airflow/example_dags/example_branch_datetime_operator.py
[2025-06-24T00:11:25.718+0700] {processor.py:840} INFO - DAG(s) 'example_branch_datetime_operator', 'example_branch_datetime_operator_2', 'example_branch_datetime_operator_3' retrieved from /home/panda/Documents/ODAP/Project/venv310/lib/python3.10/site-packages/airflow/example_dags/example_branch_datetime_operator.py
[2025-06-24T00:11:25.742+0700] {logging_mixin.py:188} INFO - [2025-06-24T00:11:25.741+0700] {dag.py:3096} INFO - Sync 3 DAGs
[2025-06-24T00:11:25.761+0700] {logging_mixin.py:188} INFO - [2025-06-24T00:11:25.760+0700] {dag.py:3954} INFO - Setting next_dagrun for example_branch_datetime_operator to 2025-06-22 00:00:00+00:00, run_after=2025-06-23 00:00:00+00:00
[2025-06-24T00:11:25.765+0700] {logging_mixin.py:188} INFO - [2025-06-24T00:11:25.764+0700] {dag.py:3954} INFO - Setting next_dagrun for example_branch_datetime_operator_2 to 2025-06-22 00:00:00+00:00, run_after=2025-06-23 00:00:00+00:00
[2025-06-24T00:11:25.767+0700] {logging_mixin.py:188} INFO - [2025-06-24T00:11:25.767+0700] {dag.py:3954} INFO - Setting next_dagrun for example_branch_datetime_operator_3 to 2025-06-22 00:00:00+00:00, run_after=2025-06-23 00:00:00+00:00
[2025-06-24T00:11:25.787+0700] {processor.py:183} INFO - Processing /home/panda/Documents/ODAP/Project/venv310/lib/python3.10/site-packages/airflow/example_dags/example_branch_datetime_operator.py took 0.094 seconds
[2025-06-24T00:12:24.020+0700] {processor.py:161} INFO - Started process (PID=12625) to work on /home/panda/Documents/ODAP/Project/venv310/lib/python3.10/site-packages/airflow/example_dags/example_branch_datetime_operator.py
[2025-06-24T00:12:24.026+0700] {processor.py:830} INFO - Processing file /home/panda/Documents/ODAP/Project/venv310/lib/python3.10/site-packages/airflow/example_dags/example_branch_datetime_operator.py for tasks to queue
[2025-06-24T00:12:24.027+0700] {logging_mixin.py:188} INFO - [2025-06-24T00:12:24.026+0700] {dagbag.py:540} INFO - Filling up the DagBag from /home/panda/Documents/ODAP/Project/venv310/lib/python3.10/site-packages/airflow/example_dags/example_branch_datetime_operator.py
[2025-06-24T00:12:24.039+0700] {processor.py:840} INFO - DAG(s) 'example_branch_datetime_operator_2', 'example_branch_datetime_operator', 'example_branch_datetime_operator_3' retrieved from /home/panda/Documents/ODAP/Project/venv310/lib/python3.10/site-packages/airflow/example_dags/example_branch_datetime_operator.py
[2025-06-24T00:12:24.063+0700] {logging_mixin.py:188} INFO - [2025-06-24T00:12:24.063+0700] {dag.py:3096} INFO - Sync 3 DAGs
[2025-06-24T00:12:24.083+0700] {logging_mixin.py:188} INFO - [2025-06-24T00:12:24.083+0700] {dag.py:3954} INFO - Setting next_dagrun for example_branch_datetime_operator to 2025-06-22 00:00:00+00:00, run_after=2025-06-23 00:00:00+00:00
[2025-06-24T00:12:24.087+0700] {logging_mixin.py:188} INFO - [2025-06-24T00:12:24.087+0700] {dag.py:3954} INFO - Setting next_dagrun for example_branch_datetime_operator_2 to 2025-06-22 00:00:00+00:00, run_after=2025-06-23 00:00:00+00:00
[2025-06-24T00:12:24.089+0700] {logging_mixin.py:188} INFO - [2025-06-24T00:12:24.089+0700] {dag.py:3954} INFO - Setting next_dagrun for example_branch_datetime_operator_3 to 2025-06-22 00:00:00+00:00, run_after=2025-06-23 00:00:00+00:00
[2025-06-24T00:12:24.111+0700] {processor.py:183} INFO - Processing /home/panda/Documents/ODAP/Project/venv310/lib/python3.10/site-packages/airflow/example_dags/example_branch_datetime_operator.py took 0.097 seconds
[2025-06-24T00:13:32.061+0700] {processor.py:161} INFO - Started process (PID=12861) to work on /home/panda/Documents/ODAP/Project/venv310/lib/python3.10/site-packages/airflow/example_dags/example_branch_datetime_operator.py
[2025-06-24T00:13:32.066+0700] {processor.py:830} INFO - Processing file /home/panda/Documents/ODAP/Project/venv310/lib/python3.10/site-packages/airflow/example_dags/example_branch_datetime_operator.py for tasks to queue
[2025-06-24T00:13:32.067+0700] {logging_mixin.py:188} INFO - [2025-06-24T00:13:32.067+0700] {dagbag.py:540} INFO - Filling up the DagBag from /home/panda/Documents/ODAP/Project/venv310/lib/python3.10/site-packages/airflow/example_dags/example_branch_datetime_operator.py
[2025-06-24T00:13:32.079+0700] {processor.py:840} INFO - DAG(s) 'example_branch_datetime_operator_3', 'example_branch_datetime_operator', 'example_branch_datetime_operator_2' retrieved from /home/panda/Documents/ODAP/Project/venv310/lib/python3.10/site-packages/airflow/example_dags/example_branch_datetime_operator.py
[2025-06-24T00:13:32.103+0700] {logging_mixin.py:188} INFO - [2025-06-24T00:13:32.103+0700] {dag.py:3096} INFO - Sync 3 DAGs
[2025-06-24T00:13:32.124+0700] {logging_mixin.py:188} INFO - [2025-06-24T00:13:32.124+0700] {dag.py:3954} INFO - Setting next_dagrun for example_branch_datetime_operator to 2025-06-22 00:00:00+00:00, run_after=2025-06-23 00:00:00+00:00
[2025-06-24T00:13:32.128+0700] {logging_mixin.py:188} INFO - [2025-06-24T00:13:32.128+0700] {dag.py:3954} INFO - Setting next_dagrun for example_branch_datetime_operator_2 to 2025-06-22 00:00:00+00:00, run_after=2025-06-23 00:00:00+00:00
[2025-06-24T00:13:32.130+0700] {logging_mixin.py:188} INFO - [2025-06-24T00:13:32.130+0700] {dag.py:3954} INFO - Setting next_dagrun for example_branch_datetime_operator_3 to 2025-06-22 00:00:00+00:00, run_after=2025-06-23 00:00:00+00:00
[2025-06-24T00:13:32.152+0700] {processor.py:183} INFO - Processing /home/panda/Documents/ODAP/Project/venv310/lib/python3.10/site-packages/airflow/example_dags/example_branch_datetime_operator.py took 0.098 seconds
[2025-06-24T00:14:38.605+0700] {processor.py:161} INFO - Started process (PID=13165) to work on /home/panda/Documents/ODAP/Project/venv310/lib/python3.10/site-packages/airflow/example_dags/example_branch_datetime_operator.py
[2025-06-24T00:14:38.610+0700] {processor.py:830} INFO - Processing file /home/panda/Documents/ODAP/Project/venv310/lib/python3.10/site-packages/airflow/example_dags/example_branch_datetime_operator.py for tasks to queue
[2025-06-24T00:14:38.611+0700] {logging_mixin.py:188} INFO - [2025-06-24T00:14:38.611+0700] {dagbag.py:540} INFO - Filling up the DagBag from /home/panda/Documents/ODAP/Project/venv310/lib/python3.10/site-packages/airflow/example_dags/example_branch_datetime_operator.py
[2025-06-24T00:14:38.624+0700] {processor.py:840} INFO - DAG(s) 'example_branch_datetime_operator_3', 'example_branch_datetime_operator_2', 'example_branch_datetime_operator' retrieved from /home/panda/Documents/ODAP/Project/venv310/lib/python3.10/site-packages/airflow/example_dags/example_branch_datetime_operator.py
[2025-06-24T00:14:38.650+0700] {logging_mixin.py:188} INFO - [2025-06-24T00:14:38.650+0700] {dag.py:3096} INFO - Sync 3 DAGs
[2025-06-24T00:14:38.669+0700] {logging_mixin.py:188} INFO - [2025-06-24T00:14:38.669+0700] {dag.py:3954} INFO - Setting next_dagrun for example_branch_datetime_operator to 2025-06-22 00:00:00+00:00, run_after=2025-06-23 00:00:00+00:00
[2025-06-24T00:14:38.673+0700] {logging_mixin.py:188} INFO - [2025-06-24T00:14:38.673+0700] {dag.py:3954} INFO - Setting next_dagrun for example_branch_datetime_operator_2 to 2025-06-22 00:00:00+00:00, run_after=2025-06-23 00:00:00+00:00
[2025-06-24T00:14:38.675+0700] {logging_mixin.py:188} INFO - [2025-06-24T00:14:38.675+0700] {dag.py:3954} INFO - Setting next_dagrun for example_branch_datetime_operator_3 to 2025-06-22 00:00:00+00:00, run_after=2025-06-23 00:00:00+00:00
[2025-06-24T00:14:38.701+0700] {processor.py:183} INFO - Processing /home/panda/Documents/ODAP/Project/venv310/lib/python3.10/site-packages/airflow/example_dags/example_branch_datetime_operator.py took 0.102 seconds
[2025-06-24T00:21:55.925+0700] {processor.py:161} INFO - Started process (PID=16662) to work on /home/panda/Documents/ODAP/Project/venv310/lib/python3.10/site-packages/airflow/example_dags/example_branch_datetime_operator.py
[2025-06-24T00:21:55.930+0700] {processor.py:830} INFO - Processing file /home/panda/Documents/ODAP/Project/venv310/lib/python3.10/site-packages/airflow/example_dags/example_branch_datetime_operator.py for tasks to queue
[2025-06-24T00:21:55.931+0700] {logging_mixin.py:188} INFO - [2025-06-24T00:21:55.930+0700] {dagbag.py:540} INFO - Filling up the DagBag from /home/panda/Documents/ODAP/Project/venv310/lib/python3.10/site-packages/airflow/example_dags/example_branch_datetime_operator.py
[2025-06-24T00:21:55.945+0700] {processor.py:840} INFO - DAG(s) 'example_branch_datetime_operator', 'example_branch_datetime_operator_2', 'example_branch_datetime_operator_3' retrieved from /home/panda/Documents/ODAP/Project/venv310/lib/python3.10/site-packages/airflow/example_dags/example_branch_datetime_operator.py
[2025-06-24T00:21:55.969+0700] {logging_mixin.py:188} INFO - [2025-06-24T00:21:55.968+0700] {dag.py:3096} INFO - Sync 3 DAGs
[2025-06-24T00:21:55.988+0700] {logging_mixin.py:188} INFO - [2025-06-24T00:21:55.988+0700] {dag.py:3954} INFO - Setting next_dagrun for example_branch_datetime_operator to 2025-06-22 00:00:00+00:00, run_after=2025-06-23 00:00:00+00:00
[2025-06-24T00:21:55.992+0700] {logging_mixin.py:188} INFO - [2025-06-24T00:21:55.992+0700] {dag.py:3954} INFO - Setting next_dagrun for example_branch_datetime_operator_2 to 2025-06-22 00:00:00+00:00, run_after=2025-06-23 00:00:00+00:00
[2025-06-24T00:21:55.995+0700] {logging_mixin.py:188} INFO - [2025-06-24T00:21:55.995+0700] {dag.py:3954} INFO - Setting next_dagrun for example_branch_datetime_operator_3 to 2025-06-22 00:00:00+00:00, run_after=2025-06-23 00:00:00+00:00
[2025-06-24T00:21:56.016+0700] {processor.py:183} INFO - Processing /home/panda/Documents/ODAP/Project/venv310/lib/python3.10/site-packages/airflow/example_dags/example_branch_datetime_operator.py took 0.098 seconds
[2025-06-24T00:34:08.491+0700] {processor.py:161} INFO - Started process (PID=20340) to work on /home/panda/Documents/ODAP/Project/venv310/lib/python3.10/site-packages/airflow/example_dags/example_branch_datetime_operator.py
[2025-06-24T00:34:08.497+0700] {processor.py:830} INFO - Processing file /home/panda/Documents/ODAP/Project/venv310/lib/python3.10/site-packages/airflow/example_dags/example_branch_datetime_operator.py for tasks to queue
[2025-06-24T00:34:08.498+0700] {logging_mixin.py:188} INFO - [2025-06-24T00:34:08.497+0700] {dagbag.py:540} INFO - Filling up the DagBag from /home/panda/Documents/ODAP/Project/venv310/lib/python3.10/site-packages/airflow/example_dags/example_branch_datetime_operator.py
[2025-06-24T00:34:08.512+0700] {processor.py:840} INFO - DAG(s) 'example_branch_datetime_operator_2', 'example_branch_datetime_operator', 'example_branch_datetime_operator_3' retrieved from /home/panda/Documents/ODAP/Project/venv310/lib/python3.10/site-packages/airflow/example_dags/example_branch_datetime_operator.py
[2025-06-24T00:34:08.537+0700] {logging_mixin.py:188} INFO - [2025-06-24T00:34:08.536+0700] {dag.py:3096} INFO - Sync 3 DAGs
[2025-06-24T00:34:08.557+0700] {logging_mixin.py:188} INFO - [2025-06-24T00:34:08.557+0700] {dag.py:3954} INFO - Setting next_dagrun for example_branch_datetime_operator to 2025-06-22 00:00:00+00:00, run_after=2025-06-23 00:00:00+00:00
[2025-06-24T00:34:08.561+0700] {logging_mixin.py:188} INFO - [2025-06-24T00:34:08.561+0700] {dag.py:3954} INFO - Setting next_dagrun for example_branch_datetime_operator_2 to 2025-06-22 00:00:00+00:00, run_after=2025-06-23 00:00:00+00:00
[2025-06-24T00:34:08.563+0700] {logging_mixin.py:188} INFO - [2025-06-24T00:34:08.563+0700] {dag.py:3954} INFO - Setting next_dagrun for example_branch_datetime_operator_3 to 2025-06-22 00:00:00+00:00, run_after=2025-06-23 00:00:00+00:00
[2025-06-24T00:34:08.588+0700] {processor.py:183} INFO - Processing /home/panda/Documents/ODAP/Project/venv310/lib/python3.10/site-packages/airflow/example_dags/example_branch_datetime_operator.py took 0.104 seconds
[2025-06-24T00:35:20.660+0700] {processor.py:161} INFO - Started process (PID=20537) to work on /home/panda/Documents/ODAP/Project/venv310/lib/python3.10/site-packages/airflow/example_dags/example_branch_datetime_operator.py
[2025-06-24T00:35:20.665+0700] {processor.py:830} INFO - Processing file /home/panda/Documents/ODAP/Project/venv310/lib/python3.10/site-packages/airflow/example_dags/example_branch_datetime_operator.py for tasks to queue
[2025-06-24T00:35:20.666+0700] {logging_mixin.py:188} INFO - [2025-06-24T00:35:20.665+0700] {dagbag.py:540} INFO - Filling up the DagBag from /home/panda/Documents/ODAP/Project/venv310/lib/python3.10/site-packages/airflow/example_dags/example_branch_datetime_operator.py
[2025-06-24T00:35:20.678+0700] {processor.py:840} INFO - DAG(s) 'example_branch_datetime_operator_3', 'example_branch_datetime_operator_2', 'example_branch_datetime_operator' retrieved from /home/panda/Documents/ODAP/Project/venv310/lib/python3.10/site-packages/airflow/example_dags/example_branch_datetime_operator.py
[2025-06-24T00:35:20.705+0700] {logging_mixin.py:188} INFO - [2025-06-24T00:35:20.705+0700] {dag.py:3096} INFO - Sync 3 DAGs
[2025-06-24T00:35:20.730+0700] {logging_mixin.py:188} INFO - [2025-06-24T00:35:20.729+0700] {dag.py:3954} INFO - Setting next_dagrun for example_branch_datetime_operator to 2025-06-22 00:00:00+00:00, run_after=2025-06-23 00:00:00+00:00
[2025-06-24T00:35:20.735+0700] {logging_mixin.py:188} INFO - [2025-06-24T00:35:20.734+0700] {dag.py:3954} INFO - Setting next_dagrun for example_branch_datetime_operator_2 to 2025-06-22 00:00:00+00:00, run_after=2025-06-23 00:00:00+00:00
[2025-06-24T00:35:20.737+0700] {logging_mixin.py:188} INFO - [2025-06-24T00:35:20.737+0700] {dag.py:3954} INFO - Setting next_dagrun for example_branch_datetime_operator_3 to 2025-06-22 00:00:00+00:00, run_after=2025-06-23 00:00:00+00:00
[2025-06-24T00:35:20.765+0700] {processor.py:183} INFO - Processing /home/panda/Documents/ODAP/Project/venv310/lib/python3.10/site-packages/airflow/example_dags/example_branch_datetime_operator.py took 0.113 seconds
[2025-06-24T00:36:27.892+0700] {processor.py:161} INFO - Started process (PID=20893) to work on /home/panda/Documents/ODAP/Project/venv310/lib/python3.10/site-packages/airflow/example_dags/example_branch_datetime_operator.py
[2025-06-24T00:36:27.894+0700] {processor.py:830} INFO - Processing file /home/panda/Documents/ODAP/Project/venv310/lib/python3.10/site-packages/airflow/example_dags/example_branch_datetime_operator.py for tasks to queue
[2025-06-24T00:36:27.895+0700] {logging_mixin.py:188} INFO - [2025-06-24T00:36:27.894+0700] {dagbag.py:540} INFO - Filling up the DagBag from /home/panda/Documents/ODAP/Project/venv310/lib/python3.10/site-packages/airflow/example_dags/example_branch_datetime_operator.py
[2025-06-24T00:36:27.909+0700] {processor.py:840} INFO - DAG(s) 'example_branch_datetime_operator_3', 'example_branch_datetime_operator_2', 'example_branch_datetime_operator' retrieved from /home/panda/Documents/ODAP/Project/venv310/lib/python3.10/site-packages/airflow/example_dags/example_branch_datetime_operator.py
[2025-06-24T00:36:27.963+0700] {logging_mixin.py:188} INFO - [2025-06-24T00:36:27.963+0700] {dag.py:3096} INFO - Sync 3 DAGs
[2025-06-24T00:36:27.999+0700] {logging_mixin.py:188} INFO - [2025-06-24T00:36:27.998+0700] {dag.py:3954} INFO - Setting next_dagrun for example_branch_datetime_operator to 2025-06-22 00:00:00+00:00, run_after=2025-06-23 00:00:00+00:00
[2025-06-24T00:36:28.005+0700] {logging_mixin.py:188} INFO - [2025-06-24T00:36:28.005+0700] {dag.py:3954} INFO - Setting next_dagrun for example_branch_datetime_operator_2 to 2025-06-22 00:00:00+00:00, run_after=2025-06-23 00:00:00+00:00
[2025-06-24T00:36:28.013+0700] {logging_mixin.py:188} INFO - [2025-06-24T00:36:28.013+0700] {dag.py:3954} INFO - Setting next_dagrun for example_branch_datetime_operator_3 to 2025-06-22 00:00:00+00:00, run_after=2025-06-23 00:00:00+00:00
[2025-06-24T00:36:28.056+0700] {processor.py:183} INFO - Processing /home/panda/Documents/ODAP/Project/venv310/lib/python3.10/site-packages/airflow/example_dags/example_branch_datetime_operator.py took 0.173 seconds
[2025-06-24T00:53:06.699+0700] {processor.py:161} INFO - Started process (PID=25204) to work on /home/panda/Documents/ODAP/Project/venv310/lib/python3.10/site-packages/airflow/example_dags/example_branch_datetime_operator.py
[2025-06-24T00:53:06.704+0700] {processor.py:830} INFO - Processing file /home/panda/Documents/ODAP/Project/venv310/lib/python3.10/site-packages/airflow/example_dags/example_branch_datetime_operator.py for tasks to queue
[2025-06-24T00:53:06.705+0700] {logging_mixin.py:188} INFO - [2025-06-24T00:53:06.705+0700] {dagbag.py:540} INFO - Filling up the DagBag from /home/panda/Documents/ODAP/Project/venv310/lib/python3.10/site-packages/airflow/example_dags/example_branch_datetime_operator.py
[2025-06-24T00:53:06.719+0700] {processor.py:840} INFO - DAG(s) 'example_branch_datetime_operator_2', 'example_branch_datetime_operator', 'example_branch_datetime_operator_3' retrieved from /home/panda/Documents/ODAP/Project/venv310/lib/python3.10/site-packages/airflow/example_dags/example_branch_datetime_operator.py
[2025-06-24T00:53:06.747+0700] {logging_mixin.py:188} INFO - [2025-06-24T00:53:06.747+0700] {dag.py:3096} INFO - Sync 3 DAGs
[2025-06-24T00:53:06.769+0700] {logging_mixin.py:188} INFO - [2025-06-24T00:53:06.769+0700] {dag.py:3954} INFO - Setting next_dagrun for example_branch_datetime_operator to 2025-06-22 00:00:00+00:00, run_after=2025-06-23 00:00:00+00:00
[2025-06-24T00:53:06.774+0700] {logging_mixin.py:188} INFO - [2025-06-24T00:53:06.773+0700] {dag.py:3954} INFO - Setting next_dagrun for example_branch_datetime_operator_2 to 2025-06-22 00:00:00+00:00, run_after=2025-06-23 00:00:00+00:00
[2025-06-24T00:53:06.776+0700] {logging_mixin.py:188} INFO - [2025-06-24T00:53:06.776+0700] {dag.py:3954} INFO - Setting next_dagrun for example_branch_datetime_operator_3 to 2025-06-22 00:00:00+00:00, run_after=2025-06-23 00:00:00+00:00
[2025-06-24T00:53:06.798+0700] {processor.py:183} INFO - Processing /home/panda/Documents/ODAP/Project/venv310/lib/python3.10/site-packages/airflow/example_dags/example_branch_datetime_operator.py took 0.107 seconds
[2025-06-24T00:54:18.599+0700] {processor.py:161} INFO - Started process (PID=25583) to work on /home/panda/Documents/ODAP/Project/venv310/lib/python3.10/site-packages/airflow/example_dags/example_branch_datetime_operator.py
[2025-06-24T00:54:18.601+0700] {processor.py:830} INFO - Processing file /home/panda/Documents/ODAP/Project/venv310/lib/python3.10/site-packages/airflow/example_dags/example_branch_datetime_operator.py for tasks to queue
[2025-06-24T00:54:18.602+0700] {logging_mixin.py:188} INFO - [2025-06-24T00:54:18.602+0700] {dagbag.py:540} INFO - Filling up the DagBag from /home/panda/Documents/ODAP/Project/venv310/lib/python3.10/site-packages/airflow/example_dags/example_branch_datetime_operator.py
[2025-06-24T00:54:18.615+0700] {processor.py:840} INFO - DAG(s) 'example_branch_datetime_operator_3', 'example_branch_datetime_operator_2', 'example_branch_datetime_operator' retrieved from /home/panda/Documents/ODAP/Project/venv310/lib/python3.10/site-packages/airflow/example_dags/example_branch_datetime_operator.py
[2025-06-24T00:54:18.641+0700] {logging_mixin.py:188} INFO - [2025-06-24T00:54:18.640+0700] {dag.py:3096} INFO - Sync 3 DAGs
[2025-06-24T00:54:18.663+0700] {logging_mixin.py:188} INFO - [2025-06-24T00:54:18.663+0700] {dag.py:3954} INFO - Setting next_dagrun for example_branch_datetime_operator to 2025-06-22 00:00:00+00:00, run_after=2025-06-23 00:00:00+00:00
[2025-06-24T00:54:18.668+0700] {logging_mixin.py:188} INFO - [2025-06-24T00:54:18.667+0700] {dag.py:3954} INFO - Setting next_dagrun for example_branch_datetime_operator_2 to 2025-06-22 00:00:00+00:00, run_after=2025-06-23 00:00:00+00:00
[2025-06-24T00:54:18.670+0700] {logging_mixin.py:188} INFO - [2025-06-24T00:54:18.670+0700] {dag.py:3954} INFO - Setting next_dagrun for example_branch_datetime_operator_3 to 2025-06-22 00:00:00+00:00, run_after=2025-06-23 00:00:00+00:00
[2025-06-24T00:54:18.702+0700] {processor.py:183} INFO - Processing /home/panda/Documents/ODAP/Project/venv310/lib/python3.10/site-packages/airflow/example_dags/example_branch_datetime_operator.py took 0.110 seconds
[2025-06-24T01:03:41.112+0700] {processor.py:161} INFO - Started process (PID=28642) to work on /home/panda/Documents/ODAP/Project/venv310/lib/python3.10/site-packages/airflow/example_dags/example_branch_datetime_operator.py
[2025-06-24T01:03:41.118+0700] {processor.py:830} INFO - Processing file /home/panda/Documents/ODAP/Project/venv310/lib/python3.10/site-packages/airflow/example_dags/example_branch_datetime_operator.py for tasks to queue
[2025-06-24T01:03:41.119+0700] {logging_mixin.py:188} INFO - [2025-06-24T01:03:41.118+0700] {dagbag.py:540} INFO - Filling up the DagBag from /home/panda/Documents/ODAP/Project/venv310/lib/python3.10/site-packages/airflow/example_dags/example_branch_datetime_operator.py
[2025-06-24T01:03:41.133+0700] {processor.py:840} INFO - DAG(s) 'example_branch_datetime_operator_2', 'example_branch_datetime_operator_3', 'example_branch_datetime_operator' retrieved from /home/panda/Documents/ODAP/Project/venv310/lib/python3.10/site-packages/airflow/example_dags/example_branch_datetime_operator.py
[2025-06-24T01:03:41.160+0700] {logging_mixin.py:188} INFO - [2025-06-24T01:03:41.159+0700] {dag.py:3096} INFO - Sync 3 DAGs
[2025-06-24T01:03:41.182+0700] {logging_mixin.py:188} INFO - [2025-06-24T01:03:41.182+0700] {dag.py:3954} INFO - Setting next_dagrun for example_branch_datetime_operator to 2025-06-22 00:00:00+00:00, run_after=2025-06-23 00:00:00+00:00
[2025-06-24T01:03:41.186+0700] {logging_mixin.py:188} INFO - [2025-06-24T01:03:41.186+0700] {dag.py:3954} INFO - Setting next_dagrun for example_branch_datetime_operator_2 to 2025-06-22 00:00:00+00:00, run_after=2025-06-23 00:00:00+00:00
[2025-06-24T01:03:41.188+0700] {logging_mixin.py:188} INFO - [2025-06-24T01:03:41.188+0700] {dag.py:3954} INFO - Setting next_dagrun for example_branch_datetime_operator_3 to 2025-06-22 00:00:00+00:00, run_after=2025-06-23 00:00:00+00:00
[2025-06-24T01:03:41.209+0700] {processor.py:183} INFO - Processing /home/panda/Documents/ODAP/Project/venv310/lib/python3.10/site-packages/airflow/example_dags/example_branch_datetime_operator.py took 0.105 seconds
