[2025-06-24T00:02:25.994+0700] {processor.py:161} INFO - Started process (PID=5812) to work on /home/panda/Documents/ODAP/Project/venv310/lib/python3.10/site-packages/airflow/example_dags/example_external_task_marker_dag.py
[2025-06-24T00:02:25.995+0700] {processor.py:830} INFO - Processing file /home/panda/Documents/ODAP/Project/venv310/lib/python3.10/site-packages/airflow/example_dags/example_external_task_marker_dag.py for tasks to queue
[2025-06-24T00:02:25.998+0700] {logging_mixin.py:188} INFO - [2025-06-24T00:02:25.997+0700] {dagbag.py:540} INFO - Filling up the DagBag from /home/panda/Documents/ODAP/Project/venv310/lib/python3.10/site-packages/airflow/example_dags/example_external_task_marker_dag.py
[2025-06-24T00:02:26.006+0700] {processor.py:840} INFO - DAG(s) 'example_external_task_marker_child', 'example_external_task_marker_parent' retrieved from /home/panda/Documents/ODAP/Project/venv310/lib/python3.10/site-packages/airflow/example_dags/example_external_task_marker_dag.py
[2025-06-24T00:02:26.028+0700] {logging_mixin.py:188} INFO - [2025-06-24T00:02:26.028+0700] {dag.py:3096} INFO - Sync 2 DAGs
[2025-06-24T00:02:26.041+0700] {logging_mixin.py:188} INFO - [2025-06-24T00:02:26.041+0700] {dag.py:3954} INFO - Setting next_dagrun for example_external_task_marker_child to None, run_after=None
[2025-06-24T00:02:26.045+0700] {logging_mixin.py:188} INFO - [2025-06-24T00:02:26.045+0700] {dag.py:3954} INFO - Setting next_dagrun for example_external_task_marker_parent to None, run_after=None
[2025-06-24T00:02:26.070+0700] {processor.py:183} INFO - Processing /home/panda/Documents/ODAP/Project/venv310/lib/python3.10/site-packages/airflow/example_dags/example_external_task_marker_dag.py took 0.083 seconds
[2025-06-24T00:03:19.332+0700] {processor.py:161} INFO - Started process (PID=6285) to work on /home/panda/Documents/ODAP/Project/venv310/lib/python3.10/site-packages/airflow/example_dags/example_external_task_marker_dag.py
[2025-06-24T00:03:19.334+0700] {processor.py:830} INFO - Processing file /home/panda/Documents/ODAP/Project/venv310/lib/python3.10/site-packages/airflow/example_dags/example_external_task_marker_dag.py for tasks to queue
[2025-06-24T00:03:19.336+0700] {logging_mixin.py:188} INFO - [2025-06-24T00:03:19.336+0700] {dagbag.py:540} INFO - Filling up the DagBag from /home/panda/Documents/ODAP/Project/venv310/lib/python3.10/site-packages/airflow/example_dags/example_external_task_marker_dag.py
[2025-06-24T00:03:19.344+0700] {processor.py:840} INFO - DAG(s) 'example_external_task_marker_parent', 'example_external_task_marker_child' retrieved from /home/panda/Documents/ODAP/Project/venv310/lib/python3.10/site-packages/airflow/example_dags/example_external_task_marker_dag.py
[2025-06-24T00:03:19.365+0700] {logging_mixin.py:188} INFO - [2025-06-24T00:03:19.364+0700] {dag.py:3096} INFO - Sync 2 DAGs
[2025-06-24T00:03:19.376+0700] {logging_mixin.py:188} INFO - [2025-06-24T00:03:19.376+0700] {dag.py:3954} INFO - Setting next_dagrun for example_external_task_marker_child to None, run_after=None
[2025-06-24T00:03:19.380+0700] {logging_mixin.py:188} INFO - [2025-06-24T00:03:19.380+0700] {dag.py:3954} INFO - Setting next_dagrun for example_external_task_marker_parent to None, run_after=None
[2025-06-24T00:03:19.404+0700] {processor.py:183} INFO - Processing /home/panda/Documents/ODAP/Project/venv310/lib/python3.10/site-packages/airflow/example_dags/example_external_task_marker_dag.py took 0.079 seconds
[2025-06-24T00:04:15.765+0700] {processor.py:161} INFO - Started process (PID=6797) to work on /home/panda/Documents/ODAP/Project/venv310/lib/python3.10/site-packages/airflow/example_dags/example_external_task_marker_dag.py
[2025-06-24T00:04:15.768+0700] {processor.py:830} INFO - Processing file /home/panda/Documents/ODAP/Project/venv310/lib/python3.10/site-packages/airflow/example_dags/example_external_task_marker_dag.py for tasks to queue
[2025-06-24T00:04:15.770+0700] {logging_mixin.py:188} INFO - [2025-06-24T00:04:15.769+0700] {dagbag.py:540} INFO - Filling up the DagBag from /home/panda/Documents/ODAP/Project/venv310/lib/python3.10/site-packages/airflow/example_dags/example_external_task_marker_dag.py
[2025-06-24T00:04:15.778+0700] {processor.py:840} INFO - DAG(s) 'example_external_task_marker_parent', 'example_external_task_marker_child' retrieved from /home/panda/Documents/ODAP/Project/venv310/lib/python3.10/site-packages/airflow/example_dags/example_external_task_marker_dag.py
[2025-06-24T00:04:15.799+0700] {logging_mixin.py:188} INFO - [2025-06-24T00:04:15.799+0700] {dag.py:3096} INFO - Sync 2 DAGs
[2025-06-24T00:04:15.812+0700] {logging_mixin.py:188} INFO - [2025-06-24T00:04:15.811+0700] {dag.py:3954} INFO - Setting next_dagrun for example_external_task_marker_child to None, run_after=None
[2025-06-24T00:04:15.815+0700] {logging_mixin.py:188} INFO - [2025-06-24T00:04:15.815+0700] {dag.py:3954} INFO - Setting next_dagrun for example_external_task_marker_parent to None, run_after=None
[2025-06-24T00:04:15.839+0700] {processor.py:183} INFO - Processing /home/panda/Documents/ODAP/Project/venv310/lib/python3.10/site-packages/airflow/example_dags/example_external_task_marker_dag.py took 0.081 seconds
[2025-06-24T00:05:05.251+0700] {processor.py:161} INFO - Started process (PID=6962) to work on /home/panda/Documents/ODAP/Project/venv310/lib/python3.10/site-packages/airflow/example_dags/example_external_task_marker_dag.py
[2025-06-24T00:05:05.252+0700] {processor.py:830} INFO - Processing file /home/panda/Documents/ODAP/Project/venv310/lib/python3.10/site-packages/airflow/example_dags/example_external_task_marker_dag.py for tasks to queue
[2025-06-24T00:05:05.254+0700] {logging_mixin.py:188} INFO - [2025-06-24T00:05:05.254+0700] {dagbag.py:540} INFO - Filling up the DagBag from /home/panda/Documents/ODAP/Project/venv310/lib/python3.10/site-packages/airflow/example_dags/example_external_task_marker_dag.py
[2025-06-24T00:05:05.263+0700] {processor.py:840} INFO - DAG(s) 'example_external_task_marker_parent', 'example_external_task_marker_child' retrieved from /home/panda/Documents/ODAP/Project/venv310/lib/python3.10/site-packages/airflow/example_dags/example_external_task_marker_dag.py
[2025-06-24T00:05:05.286+0700] {logging_mixin.py:188} INFO - [2025-06-24T00:05:05.285+0700] {dag.py:3096} INFO - Sync 2 DAGs
[2025-06-24T00:05:05.300+0700] {logging_mixin.py:188} INFO - [2025-06-24T00:05:05.300+0700] {dag.py:3954} INFO - Setting next_dagrun for example_external_task_marker_child to None, run_after=None
[2025-06-24T00:05:05.304+0700] {logging_mixin.py:188} INFO - [2025-06-24T00:05:05.304+0700] {dag.py:3954} INFO - Setting next_dagrun for example_external_task_marker_parent to None, run_after=None
[2025-06-24T00:05:05.330+0700] {processor.py:183} INFO - Processing /home/panda/Documents/ODAP/Project/venv310/lib/python3.10/site-packages/airflow/example_dags/example_external_task_marker_dag.py took 0.088 seconds
[2025-06-24T00:07:32.456+0700] {processor.py:161} INFO - Started process (PID=8192) to work on /home/panda/Documents/ODAP/Project/venv310/lib/python3.10/site-packages/airflow/example_dags/example_external_task_marker_dag.py
[2025-06-24T00:07:32.461+0700] {processor.py:830} INFO - Processing file /home/panda/Documents/ODAP/Project/venv310/lib/python3.10/site-packages/airflow/example_dags/example_external_task_marker_dag.py for tasks to queue
[2025-06-24T00:07:32.462+0700] {logging_mixin.py:188} INFO - [2025-06-24T00:07:32.461+0700] {dagbag.py:540} INFO - Filling up the DagBag from /home/panda/Documents/ODAP/Project/venv310/lib/python3.10/site-packages/airflow/example_dags/example_external_task_marker_dag.py
[2025-06-24T00:07:32.470+0700] {processor.py:840} INFO - DAG(s) 'example_external_task_marker_parent', 'example_external_task_marker_child' retrieved from /home/panda/Documents/ODAP/Project/venv310/lib/python3.10/site-packages/airflow/example_dags/example_external_task_marker_dag.py
[2025-06-24T00:07:32.494+0700] {logging_mixin.py:188} INFO - [2025-06-24T00:07:32.493+0700] {dag.py:3096} INFO - Sync 2 DAGs
[2025-06-24T00:07:32.508+0700] {logging_mixin.py:188} INFO - [2025-06-24T00:07:32.507+0700] {dag.py:3954} INFO - Setting next_dagrun for example_external_task_marker_child to None, run_after=None
[2025-06-24T00:07:32.511+0700] {logging_mixin.py:188} INFO - [2025-06-24T00:07:32.511+0700] {dag.py:3954} INFO - Setting next_dagrun for example_external_task_marker_parent to None, run_after=None
[2025-06-24T00:07:32.534+0700] {processor.py:183} INFO - Processing /home/panda/Documents/ODAP/Project/venv310/lib/python3.10/site-packages/airflow/example_dags/example_external_task_marker_dag.py took 0.085 seconds
[2025-06-24T00:08:57.106+0700] {processor.py:161} INFO - Started process (PID=10723) to work on /home/panda/Documents/ODAP/Project/venv310/lib/python3.10/site-packages/airflow/example_dags/example_external_task_marker_dag.py
[2025-06-24T00:08:57.111+0700] {processor.py:830} INFO - Processing file /home/panda/Documents/ODAP/Project/venv310/lib/python3.10/site-packages/airflow/example_dags/example_external_task_marker_dag.py for tasks to queue
[2025-06-24T00:08:57.113+0700] {logging_mixin.py:188} INFO - [2025-06-24T00:08:57.112+0700] {dagbag.py:540} INFO - Filling up the DagBag from /home/panda/Documents/ODAP/Project/venv310/lib/python3.10/site-packages/airflow/example_dags/example_external_task_marker_dag.py
[2025-06-24T00:08:57.120+0700] {processor.py:840} INFO - DAG(s) 'example_external_task_marker_parent', 'example_external_task_marker_child' retrieved from /home/panda/Documents/ODAP/Project/venv310/lib/python3.10/site-packages/airflow/example_dags/example_external_task_marker_dag.py
[2025-06-24T00:08:57.143+0700] {logging_mixin.py:188} INFO - [2025-06-24T00:08:57.143+0700] {dag.py:3096} INFO - Sync 2 DAGs
[2025-06-24T00:08:57.156+0700] {logging_mixin.py:188} INFO - [2025-06-24T00:08:57.156+0700] {dag.py:3954} INFO - Setting next_dagrun for example_external_task_marker_child to None, run_after=None
[2025-06-24T00:08:57.159+0700] {logging_mixin.py:188} INFO - [2025-06-24T00:08:57.159+0700] {dag.py:3954} INFO - Setting next_dagrun for example_external_task_marker_parent to None, run_after=None
[2025-06-24T00:08:57.183+0700] {processor.py:183} INFO - Processing /home/panda/Documents/ODAP/Project/venv310/lib/python3.10/site-packages/airflow/example_dags/example_external_task_marker_dag.py took 0.084 seconds
[2025-06-24T00:09:49.201+0700] {processor.py:161} INFO - Started process (PID=10863) to work on /home/panda/Documents/ODAP/Project/venv310/lib/python3.10/site-packages/airflow/example_dags/example_external_task_marker_dag.py
[2025-06-24T00:09:49.206+0700] {processor.py:830} INFO - Processing file /home/panda/Documents/ODAP/Project/venv310/lib/python3.10/site-packages/airflow/example_dags/example_external_task_marker_dag.py for tasks to queue
[2025-06-24T00:09:49.207+0700] {logging_mixin.py:188} INFO - [2025-06-24T00:09:49.206+0700] {dagbag.py:540} INFO - Filling up the DagBag from /home/panda/Documents/ODAP/Project/venv310/lib/python3.10/site-packages/airflow/example_dags/example_external_task_marker_dag.py
[2025-06-24T00:09:49.214+0700] {processor.py:840} INFO - DAG(s) 'example_external_task_marker_child', 'example_external_task_marker_parent' retrieved from /home/panda/Documents/ODAP/Project/venv310/lib/python3.10/site-packages/airflow/example_dags/example_external_task_marker_dag.py
[2025-06-24T00:09:49.237+0700] {logging_mixin.py:188} INFO - [2025-06-24T00:09:49.237+0700] {dag.py:3096} INFO - Sync 2 DAGs
[2025-06-24T00:09:49.250+0700] {logging_mixin.py:188} INFO - [2025-06-24T00:09:49.250+0700] {dag.py:3954} INFO - Setting next_dagrun for example_external_task_marker_child to None, run_after=None
[2025-06-24T00:09:49.253+0700] {logging_mixin.py:188} INFO - [2025-06-24T00:09:49.253+0700] {dag.py:3954} INFO - Setting next_dagrun for example_external_task_marker_parent to None, run_after=None
[2025-06-24T00:09:49.278+0700] {processor.py:183} INFO - Processing /home/panda/Documents/ODAP/Project/venv310/lib/python3.10/site-packages/airflow/example_dags/example_external_task_marker_dag.py took 0.084 seconds
[2025-06-24T00:10:44.451+0700] {processor.py:161} INFO - Started process (PID=11049) to work on /home/panda/Documents/ODAP/Project/venv310/lib/python3.10/site-packages/airflow/example_dags/example_external_task_marker_dag.py
[2025-06-24T00:10:44.454+0700] {processor.py:830} INFO - Processing file /home/panda/Documents/ODAP/Project/venv310/lib/python3.10/site-packages/airflow/example_dags/example_external_task_marker_dag.py for tasks to queue
[2025-06-24T00:10:44.455+0700] {logging_mixin.py:188} INFO - [2025-06-24T00:10:44.455+0700] {dagbag.py:540} INFO - Filling up the DagBag from /home/panda/Documents/ODAP/Project/venv310/lib/python3.10/site-packages/airflow/example_dags/example_external_task_marker_dag.py
[2025-06-24T00:10:44.463+0700] {processor.py:840} INFO - DAG(s) 'example_external_task_marker_parent', 'example_external_task_marker_child' retrieved from /home/panda/Documents/ODAP/Project/venv310/lib/python3.10/site-packages/airflow/example_dags/example_external_task_marker_dag.py
[2025-06-24T00:10:44.486+0700] {logging_mixin.py:188} INFO - [2025-06-24T00:10:44.485+0700] {dag.py:3096} INFO - Sync 2 DAGs
[2025-06-24T00:10:44.496+0700] {logging_mixin.py:188} INFO - [2025-06-24T00:10:44.496+0700] {dag.py:3954} INFO - Setting next_dagrun for example_external_task_marker_child to None, run_after=None
[2025-06-24T00:10:44.499+0700] {logging_mixin.py:188} INFO - [2025-06-24T00:10:44.498+0700] {dag.py:3954} INFO - Setting next_dagrun for example_external_task_marker_parent to None, run_after=None
[2025-06-24T00:10:44.525+0700] {processor.py:183} INFO - Processing /home/panda/Documents/ODAP/Project/venv310/lib/python3.10/site-packages/airflow/example_dags/example_external_task_marker_dag.py took 0.083 seconds
[2025-06-24T00:11:55.609+0700] {processor.py:161} INFO - Started process (PID=12505) to work on /home/panda/Documents/ODAP/Project/venv310/lib/python3.10/site-packages/airflow/example_dags/example_external_task_marker_dag.py
[2025-06-24T00:11:55.614+0700] {processor.py:830} INFO - Processing file /home/panda/Documents/ODAP/Project/venv310/lib/python3.10/site-packages/airflow/example_dags/example_external_task_marker_dag.py for tasks to queue
[2025-06-24T00:11:55.616+0700] {logging_mixin.py:188} INFO - [2025-06-24T00:11:55.615+0700] {dagbag.py:540} INFO - Filling up the DagBag from /home/panda/Documents/ODAP/Project/venv310/lib/python3.10/site-packages/airflow/example_dags/example_external_task_marker_dag.py
[2025-06-24T00:11:55.624+0700] {processor.py:840} INFO - DAG(s) 'example_external_task_marker_child', 'example_external_task_marker_parent' retrieved from /home/panda/Documents/ODAP/Project/venv310/lib/python3.10/site-packages/airflow/example_dags/example_external_task_marker_dag.py
[2025-06-24T00:11:55.646+0700] {logging_mixin.py:188} INFO - [2025-06-24T00:11:55.646+0700] {dag.py:3096} INFO - Sync 2 DAGs
[2025-06-24T00:11:55.657+0700] {logging_mixin.py:188} INFO - [2025-06-24T00:11:55.657+0700] {dag.py:3954} INFO - Setting next_dagrun for example_external_task_marker_child to None, run_after=None
[2025-06-24T00:11:55.660+0700] {logging_mixin.py:188} INFO - [2025-06-24T00:11:55.660+0700] {dag.py:3954} INFO - Setting next_dagrun for example_external_task_marker_parent to None, run_after=None
[2025-06-24T00:11:55.681+0700] {processor.py:183} INFO - Processing /home/panda/Documents/ODAP/Project/venv310/lib/python3.10/site-packages/airflow/example_dags/example_external_task_marker_dag.py took 0.079 seconds
[2025-06-24T00:12:47.423+0700] {processor.py:161} INFO - Started process (PID=12711) to work on /home/panda/Documents/ODAP/Project/venv310/lib/python3.10/site-packages/airflow/example_dags/example_external_task_marker_dag.py
[2025-06-24T00:12:47.429+0700] {processor.py:830} INFO - Processing file /home/panda/Documents/ODAP/Project/venv310/lib/python3.10/site-packages/airflow/example_dags/example_external_task_marker_dag.py for tasks to queue
[2025-06-24T00:12:47.430+0700] {logging_mixin.py:188} INFO - [2025-06-24T00:12:47.429+0700] {dagbag.py:540} INFO - Filling up the DagBag from /home/panda/Documents/ODAP/Project/venv310/lib/python3.10/site-packages/airflow/example_dags/example_external_task_marker_dag.py
[2025-06-24T00:12:47.437+0700] {processor.py:840} INFO - DAG(s) 'example_external_task_marker_child', 'example_external_task_marker_parent' retrieved from /home/panda/Documents/ODAP/Project/venv310/lib/python3.10/site-packages/airflow/example_dags/example_external_task_marker_dag.py
[2025-06-24T00:12:47.458+0700] {logging_mixin.py:188} INFO - [2025-06-24T00:12:47.458+0700] {dag.py:3096} INFO - Sync 2 DAGs
[2025-06-24T00:12:47.470+0700] {logging_mixin.py:188} INFO - [2025-06-24T00:12:47.469+0700] {dag.py:3954} INFO - Setting next_dagrun for example_external_task_marker_child to None, run_after=None
[2025-06-24T00:12:47.472+0700] {logging_mixin.py:188} INFO - [2025-06-24T00:12:47.472+0700] {dag.py:3954} INFO - Setting next_dagrun for example_external_task_marker_parent to None, run_after=None
[2025-06-24T00:12:47.493+0700] {processor.py:183} INFO - Processing /home/panda/Documents/ODAP/Project/venv310/lib/python3.10/site-packages/airflow/example_dags/example_external_task_marker_dag.py took 0.078 seconds
[2025-06-24T00:13:51.486+0700] {processor.py:161} INFO - Started process (PID=12910) to work on /home/panda/Documents/ODAP/Project/venv310/lib/python3.10/site-packages/airflow/example_dags/example_external_task_marker_dag.py
[2025-06-24T00:13:51.491+0700] {processor.py:830} INFO - Processing file /home/panda/Documents/ODAP/Project/venv310/lib/python3.10/site-packages/airflow/example_dags/example_external_task_marker_dag.py for tasks to queue
[2025-06-24T00:13:51.493+0700] {logging_mixin.py:188} INFO - [2025-06-24T00:13:51.492+0700] {dagbag.py:540} INFO - Filling up the DagBag from /home/panda/Documents/ODAP/Project/venv310/lib/python3.10/site-packages/airflow/example_dags/example_external_task_marker_dag.py
[2025-06-24T00:13:51.502+0700] {processor.py:840} INFO - DAG(s) 'example_external_task_marker_parent', 'example_external_task_marker_child' retrieved from /home/panda/Documents/ODAP/Project/venv310/lib/python3.10/site-packages/airflow/example_dags/example_external_task_marker_dag.py
[2025-06-24T00:13:51.530+0700] {logging_mixin.py:188} INFO - [2025-06-24T00:13:51.530+0700] {dag.py:3096} INFO - Sync 2 DAGs
[2025-06-24T00:13:51.546+0700] {logging_mixin.py:188} INFO - [2025-06-24T00:13:51.545+0700] {dag.py:3954} INFO - Setting next_dagrun for example_external_task_marker_child to None, run_after=None
[2025-06-24T00:13:51.550+0700] {logging_mixin.py:188} INFO - [2025-06-24T00:13:51.549+0700] {dag.py:3954} INFO - Setting next_dagrun for example_external_task_marker_parent to None, run_after=None
[2025-06-24T00:13:51.579+0700] {processor.py:183} INFO - Processing /home/panda/Documents/ODAP/Project/venv310/lib/python3.10/site-packages/airflow/example_dags/example_external_task_marker_dag.py took 0.102 seconds
[2025-06-24T00:14:57.753+0700] {processor.py:161} INFO - Started process (PID=13253) to work on /home/panda/Documents/ODAP/Project/venv310/lib/python3.10/site-packages/airflow/example_dags/example_external_task_marker_dag.py
[2025-06-24T00:14:57.756+0700] {processor.py:830} INFO - Processing file /home/panda/Documents/ODAP/Project/venv310/lib/python3.10/site-packages/airflow/example_dags/example_external_task_marker_dag.py for tasks to queue
[2025-06-24T00:14:57.757+0700] {logging_mixin.py:188} INFO - [2025-06-24T00:14:57.756+0700] {dagbag.py:540} INFO - Filling up the DagBag from /home/panda/Documents/ODAP/Project/venv310/lib/python3.10/site-packages/airflow/example_dags/example_external_task_marker_dag.py
[2025-06-24T00:14:57.764+0700] {processor.py:840} INFO - DAG(s) 'example_external_task_marker_parent', 'example_external_task_marker_child' retrieved from /home/panda/Documents/ODAP/Project/venv310/lib/python3.10/site-packages/airflow/example_dags/example_external_task_marker_dag.py
[2025-06-24T00:14:57.787+0700] {logging_mixin.py:188} INFO - [2025-06-24T00:14:57.787+0700] {dag.py:3096} INFO - Sync 2 DAGs
[2025-06-24T00:14:57.800+0700] {logging_mixin.py:188} INFO - [2025-06-24T00:14:57.800+0700] {dag.py:3954} INFO - Setting next_dagrun for example_external_task_marker_child to None, run_after=None
[2025-06-24T00:14:57.803+0700] {logging_mixin.py:188} INFO - [2025-06-24T00:14:57.803+0700] {dag.py:3954} INFO - Setting next_dagrun for example_external_task_marker_parent to None, run_after=None
[2025-06-24T00:14:57.826+0700] {processor.py:183} INFO - Processing /home/panda/Documents/ODAP/Project/venv310/lib/python3.10/site-packages/airflow/example_dags/example_external_task_marker_dag.py took 0.081 seconds
[2025-06-24T00:21:42.432+0700] {processor.py:161} INFO - Started process (PID=16621) to work on /home/panda/Documents/ODAP/Project/venv310/lib/python3.10/site-packages/airflow/example_dags/example_external_task_marker_dag.py
[2025-06-24T00:21:42.436+0700] {processor.py:830} INFO - Processing file /home/panda/Documents/ODAP/Project/venv310/lib/python3.10/site-packages/airflow/example_dags/example_external_task_marker_dag.py for tasks to queue
[2025-06-24T00:21:42.438+0700] {logging_mixin.py:188} INFO - [2025-06-24T00:21:42.437+0700] {dagbag.py:540} INFO - Filling up the DagBag from /home/panda/Documents/ODAP/Project/venv310/lib/python3.10/site-packages/airflow/example_dags/example_external_task_marker_dag.py
[2025-06-24T00:21:42.446+0700] {processor.py:840} INFO - DAG(s) 'example_external_task_marker_child', 'example_external_task_marker_parent' retrieved from /home/panda/Documents/ODAP/Project/venv310/lib/python3.10/site-packages/airflow/example_dags/example_external_task_marker_dag.py
[2025-06-24T00:21:42.467+0700] {logging_mixin.py:188} INFO - [2025-06-24T00:21:42.467+0700] {dag.py:3096} INFO - Sync 2 DAGs
[2025-06-24T00:21:42.477+0700] {logging_mixin.py:188} INFO - [2025-06-24T00:21:42.477+0700] {dag.py:3954} INFO - Setting next_dagrun for example_external_task_marker_child to None, run_after=None
[2025-06-24T00:21:42.480+0700] {logging_mixin.py:188} INFO - [2025-06-24T00:21:42.480+0700] {dag.py:3954} INFO - Setting next_dagrun for example_external_task_marker_parent to None, run_after=None
[2025-06-24T00:21:42.498+0700] {processor.py:183} INFO - Processing /home/panda/Documents/ODAP/Project/venv310/lib/python3.10/site-packages/airflow/example_dags/example_external_task_marker_dag.py took 0.074 seconds
[2025-06-24T00:22:34.346+0700] {processor.py:161} INFO - Started process (PID=16876) to work on /home/panda/Documents/ODAP/Project/venv310/lib/python3.10/site-packages/airflow/example_dags/example_external_task_marker_dag.py
[2025-06-24T00:22:34.348+0700] {processor.py:830} INFO - Processing file /home/panda/Documents/ODAP/Project/venv310/lib/python3.10/site-packages/airflow/example_dags/example_external_task_marker_dag.py for tasks to queue
[2025-06-24T00:22:34.349+0700] {logging_mixin.py:188} INFO - [2025-06-24T00:22:34.348+0700] {dagbag.py:540} INFO - Filling up the DagBag from /home/panda/Documents/ODAP/Project/venv310/lib/python3.10/site-packages/airflow/example_dags/example_external_task_marker_dag.py
[2025-06-24T00:22:34.356+0700] {processor.py:840} INFO - DAG(s) 'example_external_task_marker_child', 'example_external_task_marker_parent' retrieved from /home/panda/Documents/ODAP/Project/venv310/lib/python3.10/site-packages/airflow/example_dags/example_external_task_marker_dag.py
[2025-06-24T00:22:34.380+0700] {logging_mixin.py:188} INFO - [2025-06-24T00:22:34.379+0700] {dag.py:3096} INFO - Sync 2 DAGs
[2025-06-24T00:22:34.392+0700] {logging_mixin.py:188} INFO - [2025-06-24T00:22:34.392+0700] {dag.py:3954} INFO - Setting next_dagrun for example_external_task_marker_child to None, run_after=None
[2025-06-24T00:22:34.395+0700] {logging_mixin.py:188} INFO - [2025-06-24T00:22:34.395+0700] {dag.py:3954} INFO - Setting next_dagrun for example_external_task_marker_parent to None, run_after=None
[2025-06-24T00:22:34.422+0700] {processor.py:183} INFO - Processing /home/panda/Documents/ODAP/Project/venv310/lib/python3.10/site-packages/airflow/example_dags/example_external_task_marker_dag.py took 0.083 seconds
[2025-06-24T00:33:55.214+0700] {processor.py:161} INFO - Started process (PID=20301) to work on /home/panda/Documents/ODAP/Project/venv310/lib/python3.10/site-packages/airflow/example_dags/example_external_task_marker_dag.py
[2025-06-24T00:33:55.219+0700] {processor.py:830} INFO - Processing file /home/panda/Documents/ODAP/Project/venv310/lib/python3.10/site-packages/airflow/example_dags/example_external_task_marker_dag.py for tasks to queue
[2025-06-24T00:33:55.220+0700] {logging_mixin.py:188} INFO - [2025-06-24T00:33:55.219+0700] {dagbag.py:540} INFO - Filling up the DagBag from /home/panda/Documents/ODAP/Project/venv310/lib/python3.10/site-packages/airflow/example_dags/example_external_task_marker_dag.py
[2025-06-24T00:33:55.230+0700] {processor.py:840} INFO - DAG(s) 'example_external_task_marker_parent', 'example_external_task_marker_child' retrieved from /home/panda/Documents/ODAP/Project/venv310/lib/python3.10/site-packages/airflow/example_dags/example_external_task_marker_dag.py
[2025-06-24T00:33:55.253+0700] {logging_mixin.py:188} INFO - [2025-06-24T00:33:55.253+0700] {dag.py:3096} INFO - Sync 2 DAGs
[2025-06-24T00:33:55.267+0700] {logging_mixin.py:188} INFO - [2025-06-24T00:33:55.267+0700] {dag.py:3954} INFO - Setting next_dagrun for example_external_task_marker_child to None, run_after=None
[2025-06-24T00:33:55.271+0700] {logging_mixin.py:188} INFO - [2025-06-24T00:33:55.270+0700] {dag.py:3954} INFO - Setting next_dagrun for example_external_task_marker_parent to None, run_after=None
[2025-06-24T00:33:55.296+0700] {processor.py:183} INFO - Processing /home/panda/Documents/ODAP/Project/venv310/lib/python3.10/site-packages/airflow/example_dags/example_external_task_marker_dag.py took 0.090 seconds
[2025-06-24T00:34:48.437+0700] {processor.py:161} INFO - Started process (PID=20446) to work on /home/panda/Documents/ODAP/Project/venv310/lib/python3.10/site-packages/airflow/example_dags/example_external_task_marker_dag.py
[2025-06-24T00:34:48.442+0700] {processor.py:830} INFO - Processing file /home/panda/Documents/ODAP/Project/venv310/lib/python3.10/site-packages/airflow/example_dags/example_external_task_marker_dag.py for tasks to queue
[2025-06-24T00:34:48.444+0700] {logging_mixin.py:188} INFO - [2025-06-24T00:34:48.443+0700] {dagbag.py:540} INFO - Filling up the DagBag from /home/panda/Documents/ODAP/Project/venv310/lib/python3.10/site-packages/airflow/example_dags/example_external_task_marker_dag.py
[2025-06-24T00:34:48.452+0700] {processor.py:840} INFO - DAG(s) 'example_external_task_marker_parent', 'example_external_task_marker_child' retrieved from /home/panda/Documents/ODAP/Project/venv310/lib/python3.10/site-packages/airflow/example_dags/example_external_task_marker_dag.py
[2025-06-24T00:34:48.477+0700] {logging_mixin.py:188} INFO - [2025-06-24T00:34:48.477+0700] {dag.py:3096} INFO - Sync 2 DAGs
[2025-06-24T00:34:48.490+0700] {logging_mixin.py:188} INFO - [2025-06-24T00:34:48.490+0700] {dag.py:3954} INFO - Setting next_dagrun for example_external_task_marker_child to None, run_after=None
[2025-06-24T00:34:48.494+0700] {logging_mixin.py:188} INFO - [2025-06-24T00:34:48.493+0700] {dag.py:3954} INFO - Setting next_dagrun for example_external_task_marker_parent to None, run_after=None
[2025-06-24T00:34:48.518+0700] {processor.py:183} INFO - Processing /home/panda/Documents/ODAP/Project/venv310/lib/python3.10/site-packages/airflow/example_dags/example_external_task_marker_dag.py took 0.088 seconds
[2025-06-24T00:35:41.374+0700] {processor.py:161} INFO - Started process (PID=20589) to work on /home/panda/Documents/ODAP/Project/venv310/lib/python3.10/site-packages/airflow/example_dags/example_external_task_marker_dag.py
[2025-06-24T00:35:41.377+0700] {processor.py:830} INFO - Processing file /home/panda/Documents/ODAP/Project/venv310/lib/python3.10/site-packages/airflow/example_dags/example_external_task_marker_dag.py for tasks to queue
[2025-06-24T00:35:41.379+0700] {logging_mixin.py:188} INFO - [2025-06-24T00:35:41.378+0700] {dagbag.py:540} INFO - Filling up the DagBag from /home/panda/Documents/ODAP/Project/venv310/lib/python3.10/site-packages/airflow/example_dags/example_external_task_marker_dag.py
[2025-06-24T00:35:41.386+0700] {processor.py:840} INFO - DAG(s) 'example_external_task_marker_child', 'example_external_task_marker_parent' retrieved from /home/panda/Documents/ODAP/Project/venv310/lib/python3.10/site-packages/airflow/example_dags/example_external_task_marker_dag.py
[2025-06-24T00:35:41.406+0700] {logging_mixin.py:188} INFO - [2025-06-24T00:35:41.406+0700] {dag.py:3096} INFO - Sync 2 DAGs
[2025-06-24T00:35:41.416+0700] {logging_mixin.py:188} INFO - [2025-06-24T00:35:41.416+0700] {dag.py:3954} INFO - Setting next_dagrun for example_external_task_marker_child to None, run_after=None
[2025-06-24T00:35:41.418+0700] {logging_mixin.py:188} INFO - [2025-06-24T00:35:41.418+0700] {dag.py:3954} INFO - Setting next_dagrun for example_external_task_marker_parent to None, run_after=None
[2025-06-24T00:35:41.448+0700] {processor.py:183} INFO - Processing /home/panda/Documents/ODAP/Project/venv310/lib/python3.10/site-packages/airflow/example_dags/example_external_task_marker_dag.py took 0.082 seconds
[2025-06-24T00:36:51.183+0700] {processor.py:161} INFO - Started process (PID=21050) to work on /home/panda/Documents/ODAP/Project/venv310/lib/python3.10/site-packages/airflow/example_dags/example_external_task_marker_dag.py
[2025-06-24T00:36:51.188+0700] {processor.py:830} INFO - Processing file /home/panda/Documents/ODAP/Project/venv310/lib/python3.10/site-packages/airflow/example_dags/example_external_task_marker_dag.py for tasks to queue
[2025-06-24T00:36:51.190+0700] {logging_mixin.py:188} INFO - [2025-06-24T00:36:51.189+0700] {dagbag.py:540} INFO - Filling up the DagBag from /home/panda/Documents/ODAP/Project/venv310/lib/python3.10/site-packages/airflow/example_dags/example_external_task_marker_dag.py
[2025-06-24T00:36:51.198+0700] {processor.py:840} INFO - DAG(s) 'example_external_task_marker_parent', 'example_external_task_marker_child' retrieved from /home/panda/Documents/ODAP/Project/venv310/lib/python3.10/site-packages/airflow/example_dags/example_external_task_marker_dag.py
[2025-06-24T00:36:51.222+0700] {logging_mixin.py:188} INFO - [2025-06-24T00:36:51.222+0700] {dag.py:3096} INFO - Sync 2 DAGs
[2025-06-24T00:36:51.234+0700] {logging_mixin.py:188} INFO - [2025-06-24T00:36:51.233+0700] {dag.py:3954} INFO - Setting next_dagrun for example_external_task_marker_child to None, run_after=None
[2025-06-24T00:36:51.236+0700] {logging_mixin.py:188} INFO - [2025-06-24T00:36:51.236+0700] {dag.py:3954} INFO - Setting next_dagrun for example_external_task_marker_parent to None, run_after=None
[2025-06-24T00:36:51.260+0700] {processor.py:183} INFO - Processing /home/panda/Documents/ODAP/Project/venv310/lib/python3.10/site-packages/airflow/example_dags/example_external_task_marker_dag.py took 0.084 seconds
[2025-06-24T00:52:53.193+0700] {processor.py:161} INFO - Started process (PID=25173) to work on /home/panda/Documents/ODAP/Project/venv310/lib/python3.10/site-packages/airflow/example_dags/example_external_task_marker_dag.py
[2025-06-24T00:52:53.198+0700] {processor.py:830} INFO - Processing file /home/panda/Documents/ODAP/Project/venv310/lib/python3.10/site-packages/airflow/example_dags/example_external_task_marker_dag.py for tasks to queue
[2025-06-24T00:52:53.199+0700] {logging_mixin.py:188} INFO - [2025-06-24T00:52:53.198+0700] {dagbag.py:540} INFO - Filling up the DagBag from /home/panda/Documents/ODAP/Project/venv310/lib/python3.10/site-packages/airflow/example_dags/example_external_task_marker_dag.py
[2025-06-24T00:52:53.207+0700] {processor.py:840} INFO - DAG(s) 'example_external_task_marker_child', 'example_external_task_marker_parent' retrieved from /home/panda/Documents/ODAP/Project/venv310/lib/python3.10/site-packages/airflow/example_dags/example_external_task_marker_dag.py
[2025-06-24T00:52:53.231+0700] {logging_mixin.py:188} INFO - [2025-06-24T00:52:53.230+0700] {dag.py:3096} INFO - Sync 2 DAGs
[2025-06-24T00:52:53.244+0700] {logging_mixin.py:188} INFO - [2025-06-24T00:52:53.244+0700] {dag.py:3954} INFO - Setting next_dagrun for example_external_task_marker_child to None, run_after=None
[2025-06-24T00:52:53.247+0700] {logging_mixin.py:188} INFO - [2025-06-24T00:52:53.247+0700] {dag.py:3954} INFO - Setting next_dagrun for example_external_task_marker_parent to None, run_after=None
[2025-06-24T00:52:53.283+0700] {processor.py:183} INFO - Processing /home/panda/Documents/ODAP/Project/venv310/lib/python3.10/site-packages/airflow/example_dags/example_external_task_marker_dag.py took 0.098 seconds
[2025-06-24T00:53:46.601+0700] {processor.py:161} INFO - Started process (PID=25357) to work on /home/panda/Documents/ODAP/Project/venv310/lib/python3.10/site-packages/airflow/example_dags/example_external_task_marker_dag.py
[2025-06-24T00:53:46.603+0700] {processor.py:830} INFO - Processing file /home/panda/Documents/ODAP/Project/venv310/lib/python3.10/site-packages/airflow/example_dags/example_external_task_marker_dag.py for tasks to queue
[2025-06-24T00:53:46.604+0700] {logging_mixin.py:188} INFO - [2025-06-24T00:53:46.603+0700] {dagbag.py:540} INFO - Filling up the DagBag from /home/panda/Documents/ODAP/Project/venv310/lib/python3.10/site-packages/airflow/example_dags/example_external_task_marker_dag.py
[2025-06-24T00:53:46.612+0700] {processor.py:840} INFO - DAG(s) 'example_external_task_marker_parent', 'example_external_task_marker_child' retrieved from /home/panda/Documents/ODAP/Project/venv310/lib/python3.10/site-packages/airflow/example_dags/example_external_task_marker_dag.py
[2025-06-24T00:53:46.636+0700] {logging_mixin.py:188} INFO - [2025-06-24T00:53:46.636+0700] {dag.py:3096} INFO - Sync 2 DAGs
[2025-06-24T00:53:46.649+0700] {logging_mixin.py:188} INFO - [2025-06-24T00:53:46.649+0700] {dag.py:3954} INFO - Setting next_dagrun for example_external_task_marker_child to None, run_after=None
[2025-06-24T00:53:46.652+0700] {logging_mixin.py:188} INFO - [2025-06-24T00:53:46.652+0700] {dag.py:3954} INFO - Setting next_dagrun for example_external_task_marker_parent to None, run_after=None
[2025-06-24T00:53:46.686+0700] {processor.py:183} INFO - Processing /home/panda/Documents/ODAP/Project/venv310/lib/python3.10/site-packages/airflow/example_dags/example_external_task_marker_dag.py took 0.093 seconds
[2025-06-24T00:54:39.299+0700] {processor.py:161} INFO - Started process (PID=25662) to work on /home/panda/Documents/ODAP/Project/venv310/lib/python3.10/site-packages/airflow/example_dags/example_external_task_marker_dag.py
[2025-06-24T00:54:39.305+0700] {processor.py:830} INFO - Processing file /home/panda/Documents/ODAP/Project/venv310/lib/python3.10/site-packages/airflow/example_dags/example_external_task_marker_dag.py for tasks to queue
[2025-06-24T00:54:39.306+0700] {logging_mixin.py:188} INFO - [2025-06-24T00:54:39.305+0700] {dagbag.py:540} INFO - Filling up the DagBag from /home/panda/Documents/ODAP/Project/venv310/lib/python3.10/site-packages/airflow/example_dags/example_external_task_marker_dag.py
[2025-06-24T00:54:39.314+0700] {processor.py:840} INFO - DAG(s) 'example_external_task_marker_child', 'example_external_task_marker_parent' retrieved from /home/panda/Documents/ODAP/Project/venv310/lib/python3.10/site-packages/airflow/example_dags/example_external_task_marker_dag.py
[2025-06-24T00:54:39.337+0700] {logging_mixin.py:188} INFO - [2025-06-24T00:54:39.337+0700] {dag.py:3096} INFO - Sync 2 DAGs
[2025-06-24T00:54:39.351+0700] {logging_mixin.py:188} INFO - [2025-06-24T00:54:39.351+0700] {dag.py:3954} INFO - Setting next_dagrun for example_external_task_marker_child to None, run_after=None
[2025-06-24T00:54:39.354+0700] {logging_mixin.py:188} INFO - [2025-06-24T00:54:39.354+0700] {dag.py:3954} INFO - Setting next_dagrun for example_external_task_marker_parent to None, run_after=None
[2025-06-24T00:54:39.377+0700] {processor.py:183} INFO - Processing /home/panda/Documents/ODAP/Project/venv310/lib/python3.10/site-packages/airflow/example_dags/example_external_task_marker_dag.py took 0.085 seconds
[2025-06-24T01:03:28.167+0700] {processor.py:161} INFO - Started process (PID=28612) to work on /home/panda/Documents/ODAP/Project/venv310/lib/python3.10/site-packages/airflow/example_dags/example_external_task_marker_dag.py
[2025-06-24T01:03:28.172+0700] {processor.py:830} INFO - Processing file /home/panda/Documents/ODAP/Project/venv310/lib/python3.10/site-packages/airflow/example_dags/example_external_task_marker_dag.py for tasks to queue
[2025-06-24T01:03:28.173+0700] {logging_mixin.py:188} INFO - [2025-06-24T01:03:28.173+0700] {dagbag.py:540} INFO - Filling up the DagBag from /home/panda/Documents/ODAP/Project/venv310/lib/python3.10/site-packages/airflow/example_dags/example_external_task_marker_dag.py
[2025-06-24T01:03:28.182+0700] {processor.py:840} INFO - DAG(s) 'example_external_task_marker_child', 'example_external_task_marker_parent' retrieved from /home/panda/Documents/ODAP/Project/venv310/lib/python3.10/site-packages/airflow/example_dags/example_external_task_marker_dag.py
[2025-06-24T01:03:28.207+0700] {logging_mixin.py:188} INFO - [2025-06-24T01:03:28.206+0700] {dag.py:3096} INFO - Sync 2 DAGs
[2025-06-24T01:03:28.219+0700] {logging_mixin.py:188} INFO - [2025-06-24T01:03:28.219+0700] {dag.py:3954} INFO - Setting next_dagrun for example_external_task_marker_child to None, run_after=None
[2025-06-24T01:03:28.222+0700] {logging_mixin.py:188} INFO - [2025-06-24T01:03:28.222+0700] {dag.py:3954} INFO - Setting next_dagrun for example_external_task_marker_parent to None, run_after=None
[2025-06-24T01:03:28.245+0700] {processor.py:183} INFO - Processing /home/panda/Documents/ODAP/Project/venv310/lib/python3.10/site-packages/airflow/example_dags/example_external_task_marker_dag.py took 0.086 seconds
[2025-06-24T01:04:21.118+0700] {processor.py:161} INFO - Started process (PID=28856) to work on /home/panda/Documents/ODAP/Project/venv310/lib/python3.10/site-packages/airflow/example_dags/example_external_task_marker_dag.py
[2025-06-24T01:04:21.124+0700] {processor.py:830} INFO - Processing file /home/panda/Documents/ODAP/Project/venv310/lib/python3.10/site-packages/airflow/example_dags/example_external_task_marker_dag.py for tasks to queue
[2025-06-24T01:04:21.125+0700] {logging_mixin.py:188} INFO - [2025-06-24T01:04:21.124+0700] {dagbag.py:540} INFO - Filling up the DagBag from /home/panda/Documents/ODAP/Project/venv310/lib/python3.10/site-packages/airflow/example_dags/example_external_task_marker_dag.py
[2025-06-24T01:04:21.132+0700] {processor.py:840} INFO - DAG(s) 'example_external_task_marker_parent', 'example_external_task_marker_child' retrieved from /home/panda/Documents/ODAP/Project/venv310/lib/python3.10/site-packages/airflow/example_dags/example_external_task_marker_dag.py
[2025-06-24T01:04:21.154+0700] {logging_mixin.py:188} INFO - [2025-06-24T01:04:21.154+0700] {dag.py:3096} INFO - Sync 2 DAGs
[2025-06-24T01:04:21.167+0700] {logging_mixin.py:188} INFO - [2025-06-24T01:04:21.166+0700] {dag.py:3954} INFO - Setting next_dagrun for example_external_task_marker_child to None, run_after=None
[2025-06-24T01:04:21.170+0700] {logging_mixin.py:188} INFO - [2025-06-24T01:04:21.169+0700] {dag.py:3954} INFO - Setting next_dagrun for example_external_task_marker_parent to None, run_after=None
[2025-06-24T01:04:21.194+0700] {processor.py:183} INFO - Processing /home/panda/Documents/ODAP/Project/venv310/lib/python3.10/site-packages/airflow/example_dags/example_external_task_marker_dag.py took 0.083 seconds
