[2025-06-24T00:02:35.254+0700] {processor.py:161} INFO - Started process (PID=5893) to work on /home/panda/Documents/ODAP/Project/venv310/lib/python3.10/site-packages/airflow/example_dags/example_branch_operator.py
[2025-06-24T00:02:35.255+0700] {processor.py:830} INFO - Processing file /home/panda/Documents/ODAP/Project/venv310/lib/python3.10/site-packages/airflow/example_dags/example_branch_operator.py for tasks to queue
[2025-06-24T00:02:35.257+0700] {logging_mixin.py:188} INFO - [2025-06-24T00:02:35.256+0700] {dagbag.py:540} INFO - Filling up the DagBag from /home/panda/Documents/ODAP/Project/venv310/lib/python3.10/site-packages/airflow/example_dags/example_branch_operator.py
[2025-06-24T00:02:35.260+0700] {processor.py:842} WARNING - No viable dags retrieved from /home/panda/Documents/ODAP/Project/venv310/lib/python3.10/site-packages/airflow/example_dags/example_branch_operator.py
[2025-06-24T00:02:35.274+0700] {processor.py:183} INFO - Processing /home/panda/Documents/ODAP/Project/venv310/lib/python3.10/site-packages/airflow/example_dags/example_branch_operator.py took 0.028 seconds
[2025-06-24T00:03:28.410+0700] {processor.py:161} INFO - Started process (PID=6339) to work on /home/panda/Documents/ODAP/Project/venv310/lib/python3.10/site-packages/airflow/example_dags/example_branch_operator.py
[2025-06-24T00:03:28.415+0700] {processor.py:830} INFO - Processing file /home/panda/Documents/ODAP/Project/venv310/lib/python3.10/site-packages/airflow/example_dags/example_branch_operator.py for tasks to queue
[2025-06-24T00:03:28.418+0700] {logging_mixin.py:188} INFO - [2025-06-24T00:03:28.417+0700] {dagbag.py:540} INFO - Filling up the DagBag from /home/panda/Documents/ODAP/Project/venv310/lib/python3.10/site-packages/airflow/example_dags/example_branch_operator.py
[2025-06-24T00:03:28.422+0700] {processor.py:842} WARNING - No viable dags retrieved from /home/panda/Documents/ODAP/Project/venv310/lib/python3.10/site-packages/airflow/example_dags/example_branch_operator.py
[2025-06-24T00:03:28.435+0700] {processor.py:183} INFO - Processing /home/panda/Documents/ODAP/Project/venv310/lib/python3.10/site-packages/airflow/example_dags/example_branch_operator.py took 0.032 seconds
[2025-06-24T00:04:41.559+0700] {processor.py:161} INFO - Started process (PID=6859) to work on /home/panda/Documents/ODAP/Project/venv310/lib/python3.10/site-packages/airflow/example_dags/example_branch_operator.py
[2025-06-24T00:04:41.563+0700] {processor.py:830} INFO - Processing file /home/panda/Documents/ODAP/Project/venv310/lib/python3.10/site-packages/airflow/example_dags/example_branch_operator.py for tasks to queue
[2025-06-24T00:04:41.565+0700] {logging_mixin.py:188} INFO - [2025-06-24T00:04:41.565+0700] {dagbag.py:540} INFO - Filling up the DagBag from /home/panda/Documents/ODAP/Project/venv310/lib/python3.10/site-packages/airflow/example_dags/example_branch_operator.py
[2025-06-24T00:04:41.569+0700] {processor.py:842} WARNING - No viable dags retrieved from /home/panda/Documents/ODAP/Project/venv310/lib/python3.10/site-packages/airflow/example_dags/example_branch_operator.py
[2025-06-24T00:04:41.581+0700] {processor.py:183} INFO - Processing /home/panda/Documents/ODAP/Project/venv310/lib/python3.10/site-packages/airflow/example_dags/example_branch_operator.py took 0.029 seconds
[2025-06-24T00:07:42.041+0700] {processor.py:161} INFO - Started process (PID=8274) to work on /home/panda/Documents/ODAP/Project/venv310/lib/python3.10/site-packages/airflow/example_dags/example_branch_operator.py
[2025-06-24T00:07:42.044+0700] {processor.py:830} INFO - Processing file /home/panda/Documents/ODAP/Project/venv310/lib/python3.10/site-packages/airflow/example_dags/example_branch_operator.py for tasks to queue
[2025-06-24T00:07:42.045+0700] {logging_mixin.py:188} INFO - [2025-06-24T00:07:42.045+0700] {dagbag.py:540} INFO - Filling up the DagBag from /home/panda/Documents/ODAP/Project/venv310/lib/python3.10/site-packages/airflow/example_dags/example_branch_operator.py
[2025-06-24T00:07:42.048+0700] {processor.py:842} WARNING - No viable dags retrieved from /home/panda/Documents/ODAP/Project/venv310/lib/python3.10/site-packages/airflow/example_dags/example_branch_operator.py
[2025-06-24T00:07:42.061+0700] {processor.py:183} INFO - Processing /home/panda/Documents/ODAP/Project/venv310/lib/python3.10/site-packages/airflow/example_dags/example_branch_operator.py took 0.027 seconds
[2025-06-24T00:09:06.600+0700] {processor.py:161} INFO - Started process (PID=10750) to work on /home/panda/Documents/ODAP/Project/venv310/lib/python3.10/site-packages/airflow/example_dags/example_branch_operator.py
[2025-06-24T00:09:06.605+0700] {processor.py:830} INFO - Processing file /home/panda/Documents/ODAP/Project/venv310/lib/python3.10/site-packages/airflow/example_dags/example_branch_operator.py for tasks to queue
[2025-06-24T00:09:06.607+0700] {logging_mixin.py:188} INFO - [2025-06-24T00:09:06.606+0700] {dagbag.py:540} INFO - Filling up the DagBag from /home/panda/Documents/ODAP/Project/venv310/lib/python3.10/site-packages/airflow/example_dags/example_branch_operator.py
[2025-06-24T00:09:06.610+0700] {processor.py:842} WARNING - No viable dags retrieved from /home/panda/Documents/ODAP/Project/venv310/lib/python3.10/site-packages/airflow/example_dags/example_branch_operator.py
[2025-06-24T00:09:06.625+0700] {processor.py:183} INFO - Processing /home/panda/Documents/ODAP/Project/venv310/lib/python3.10/site-packages/airflow/example_dags/example_branch_operator.py took 0.033 seconds
[2025-06-24T00:09:58.031+0700] {processor.py:161} INFO - Started process (PID=10890) to work on /home/panda/Documents/ODAP/Project/venv310/lib/python3.10/site-packages/airflow/example_dags/example_branch_operator.py
[2025-06-24T00:09:58.036+0700] {processor.py:830} INFO - Processing file /home/panda/Documents/ODAP/Project/venv310/lib/python3.10/site-packages/airflow/example_dags/example_branch_operator.py for tasks to queue
[2025-06-24T00:09:58.037+0700] {logging_mixin.py:188} INFO - [2025-06-24T00:09:58.036+0700] {dagbag.py:540} INFO - Filling up the DagBag from /home/panda/Documents/ODAP/Project/venv310/lib/python3.10/site-packages/airflow/example_dags/example_branch_operator.py
[2025-06-24T00:09:58.040+0700] {processor.py:842} WARNING - No viable dags retrieved from /home/panda/Documents/ODAP/Project/venv310/lib/python3.10/site-packages/airflow/example_dags/example_branch_operator.py
[2025-06-24T00:09:58.054+0700] {processor.py:183} INFO - Processing /home/panda/Documents/ODAP/Project/venv310/lib/python3.10/site-packages/airflow/example_dags/example_branch_operator.py took 0.030 seconds
[2025-06-24T00:11:22.740+0700] {processor.py:161} INFO - Started process (PID=12410) to work on /home/panda/Documents/ODAP/Project/venv310/lib/python3.10/site-packages/airflow/example_dags/example_branch_operator.py
[2025-06-24T00:11:22.745+0700] {processor.py:830} INFO - Processing file /home/panda/Documents/ODAP/Project/venv310/lib/python3.10/site-packages/airflow/example_dags/example_branch_operator.py for tasks to queue
[2025-06-24T00:11:22.746+0700] {logging_mixin.py:188} INFO - [2025-06-24T00:11:22.745+0700] {dagbag.py:540} INFO - Filling up the DagBag from /home/panda/Documents/ODAP/Project/venv310/lib/python3.10/site-packages/airflow/example_dags/example_branch_operator.py
[2025-06-24T00:11:22.750+0700] {processor.py:842} WARNING - No viable dags retrieved from /home/panda/Documents/ODAP/Project/venv310/lib/python3.10/site-packages/airflow/example_dags/example_branch_operator.py
[2025-06-24T00:11:22.765+0700] {processor.py:183} INFO - Processing /home/panda/Documents/ODAP/Project/venv310/lib/python3.10/site-packages/airflow/example_dags/example_branch_operator.py took 0.032 seconds
[2025-06-24T00:12:19.309+0700] {processor.py:161} INFO - Started process (PID=12615) to work on /home/panda/Documents/ODAP/Project/venv310/lib/python3.10/site-packages/airflow/example_dags/example_branch_operator.py
[2025-06-24T00:12:19.314+0700] {processor.py:830} INFO - Processing file /home/panda/Documents/ODAP/Project/venv310/lib/python3.10/site-packages/airflow/example_dags/example_branch_operator.py for tasks to queue
[2025-06-24T00:12:19.314+0700] {logging_mixin.py:188} INFO - [2025-06-24T00:12:19.314+0700] {dagbag.py:540} INFO - Filling up the DagBag from /home/panda/Documents/ODAP/Project/venv310/lib/python3.10/site-packages/airflow/example_dags/example_branch_operator.py
[2025-06-24T00:12:19.318+0700] {processor.py:842} WARNING - No viable dags retrieved from /home/panda/Documents/ODAP/Project/venv310/lib/python3.10/site-packages/airflow/example_dags/example_branch_operator.py
[2025-06-24T00:12:19.333+0700] {processor.py:183} INFO - Processing /home/panda/Documents/ODAP/Project/venv310/lib/python3.10/site-packages/airflow/example_dags/example_branch_operator.py took 0.031 seconds
[2025-06-24T00:13:27.249+0700] {processor.py:161} INFO - Started process (PID=12849) to work on /home/panda/Documents/ODAP/Project/venv310/lib/python3.10/site-packages/airflow/example_dags/example_branch_operator.py
[2025-06-24T00:13:27.253+0700] {processor.py:830} INFO - Processing file /home/panda/Documents/ODAP/Project/venv310/lib/python3.10/site-packages/airflow/example_dags/example_branch_operator.py for tasks to queue
[2025-06-24T00:13:27.254+0700] {logging_mixin.py:188} INFO - [2025-06-24T00:13:27.254+0700] {dagbag.py:540} INFO - Filling up the DagBag from /home/panda/Documents/ODAP/Project/venv310/lib/python3.10/site-packages/airflow/example_dags/example_branch_operator.py
[2025-06-24T00:13:27.258+0700] {processor.py:842} WARNING - No viable dags retrieved from /home/panda/Documents/ODAP/Project/venv310/lib/python3.10/site-packages/airflow/example_dags/example_branch_operator.py
[2025-06-24T00:13:27.271+0700] {processor.py:183} INFO - Processing /home/panda/Documents/ODAP/Project/venv310/lib/python3.10/site-packages/airflow/example_dags/example_branch_operator.py took 0.029 seconds
[2025-06-24T00:14:35.527+0700] {processor.py:161} INFO - Started process (PID=13157) to work on /home/panda/Documents/ODAP/Project/venv310/lib/python3.10/site-packages/airflow/example_dags/example_branch_operator.py
[2025-06-24T00:14:35.532+0700] {processor.py:830} INFO - Processing file /home/panda/Documents/ODAP/Project/venv310/lib/python3.10/site-packages/airflow/example_dags/example_branch_operator.py for tasks to queue
[2025-06-24T00:14:35.533+0700] {logging_mixin.py:188} INFO - [2025-06-24T00:14:35.532+0700] {dagbag.py:540} INFO - Filling up the DagBag from /home/panda/Documents/ODAP/Project/venv310/lib/python3.10/site-packages/airflow/example_dags/example_branch_operator.py
[2025-06-24T00:14:35.536+0700] {processor.py:842} WARNING - No viable dags retrieved from /home/panda/Documents/ODAP/Project/venv310/lib/python3.10/site-packages/airflow/example_dags/example_branch_operator.py
[2025-06-24T00:14:35.549+0700] {processor.py:183} INFO - Processing /home/panda/Documents/ODAP/Project/venv310/lib/python3.10/site-packages/airflow/example_dags/example_branch_operator.py took 0.029 seconds
[2025-06-24T00:21:51.857+0700] {processor.py:161} INFO - Started process (PID=16651) to work on /home/panda/Documents/ODAP/Project/venv310/lib/python3.10/site-packages/airflow/example_dags/example_branch_operator.py
[2025-06-24T00:21:51.867+0700] {processor.py:830} INFO - Processing file /home/panda/Documents/ODAP/Project/venv310/lib/python3.10/site-packages/airflow/example_dags/example_branch_operator.py for tasks to queue
[2025-06-24T00:21:51.868+0700] {logging_mixin.py:188} INFO - [2025-06-24T00:21:51.868+0700] {dagbag.py:540} INFO - Filling up the DagBag from /home/panda/Documents/ODAP/Project/venv310/lib/python3.10/site-packages/airflow/example_dags/example_branch_operator.py
[2025-06-24T00:21:51.872+0700] {processor.py:842} WARNING - No viable dags retrieved from /home/panda/Documents/ODAP/Project/venv310/lib/python3.10/site-packages/airflow/example_dags/example_branch_operator.py
[2025-06-24T00:21:51.886+0700] {processor.py:183} INFO - Processing /home/panda/Documents/ODAP/Project/venv310/lib/python3.10/site-packages/airflow/example_dags/example_branch_operator.py took 0.036 seconds
[2025-06-24T00:22:59.136+0700] {processor.py:161} INFO - Started process (PID=18052) to work on /home/panda/Documents/ODAP/Project/venv310/lib/python3.10/site-packages/airflow/example_dags/example_branch_operator.py
[2025-06-24T00:22:59.141+0700] {processor.py:830} INFO - Processing file /home/panda/Documents/ODAP/Project/venv310/lib/python3.10/site-packages/airflow/example_dags/example_branch_operator.py for tasks to queue
[2025-06-24T00:22:59.143+0700] {logging_mixin.py:188} INFO - [2025-06-24T00:22:59.142+0700] {dagbag.py:540} INFO - Filling up the DagBag from /home/panda/Documents/ODAP/Project/venv310/lib/python3.10/site-packages/airflow/example_dags/example_branch_operator.py
[2025-06-24T00:22:59.146+0700] {processor.py:842} WARNING - No viable dags retrieved from /home/panda/Documents/ODAP/Project/venv310/lib/python3.10/site-packages/airflow/example_dags/example_branch_operator.py
[2025-06-24T00:22:59.161+0700] {processor.py:183} INFO - Processing /home/panda/Documents/ODAP/Project/venv310/lib/python3.10/site-packages/airflow/example_dags/example_branch_operator.py took 0.033 seconds
[2025-06-24T00:34:04.284+0700] {processor.py:161} INFO - Started process (PID=20325) to work on /home/panda/Documents/ODAP/Project/venv310/lib/python3.10/site-packages/airflow/example_dags/example_branch_operator.py
[2025-06-24T00:34:04.288+0700] {processor.py:830} INFO - Processing file /home/panda/Documents/ODAP/Project/venv310/lib/python3.10/site-packages/airflow/example_dags/example_branch_operator.py for tasks to queue
[2025-06-24T00:34:04.289+0700] {logging_mixin.py:188} INFO - [2025-06-24T00:34:04.289+0700] {dagbag.py:540} INFO - Filling up the DagBag from /home/panda/Documents/ODAP/Project/venv310/lib/python3.10/site-packages/airflow/example_dags/example_branch_operator.py
[2025-06-24T00:34:04.293+0700] {processor.py:842} WARNING - No viable dags retrieved from /home/panda/Documents/ODAP/Project/venv310/lib/python3.10/site-packages/airflow/example_dags/example_branch_operator.py
[2025-06-24T00:34:04.306+0700] {processor.py:183} INFO - Processing /home/panda/Documents/ODAP/Project/venv310/lib/python3.10/site-packages/airflow/example_dags/example_branch_operator.py took 0.029 seconds
[2025-06-24T00:34:57.604+0700] {processor.py:161} INFO - Started process (PID=20470) to work on /home/panda/Documents/ODAP/Project/venv310/lib/python3.10/site-packages/airflow/example_dags/example_branch_operator.py
[2025-06-24T00:34:57.609+0700] {processor.py:830} INFO - Processing file /home/panda/Documents/ODAP/Project/venv310/lib/python3.10/site-packages/airflow/example_dags/example_branch_operator.py for tasks to queue
[2025-06-24T00:34:57.611+0700] {logging_mixin.py:188} INFO - [2025-06-24T00:34:57.610+0700] {dagbag.py:540} INFO - Filling up the DagBag from /home/panda/Documents/ODAP/Project/venv310/lib/python3.10/site-packages/airflow/example_dags/example_branch_operator.py
[2025-06-24T00:34:57.614+0700] {processor.py:842} WARNING - No viable dags retrieved from /home/panda/Documents/ODAP/Project/venv310/lib/python3.10/site-packages/airflow/example_dags/example_branch_operator.py
[2025-06-24T00:34:57.628+0700] {processor.py:183} INFO - Processing /home/panda/Documents/ODAP/Project/venv310/lib/python3.10/site-packages/airflow/example_dags/example_branch_operator.py took 0.032 seconds
[2025-06-24T00:36:06.238+0700] {processor.py:161} INFO - Started process (PID=20753) to work on /home/panda/Documents/ODAP/Project/venv310/lib/python3.10/site-packages/airflow/example_dags/example_branch_operator.py
[2025-06-24T00:36:06.243+0700] {processor.py:830} INFO - Processing file /home/panda/Documents/ODAP/Project/venv310/lib/python3.10/site-packages/airflow/example_dags/example_branch_operator.py for tasks to queue
[2025-06-24T00:36:06.244+0700] {logging_mixin.py:188} INFO - [2025-06-24T00:36:06.244+0700] {dagbag.py:540} INFO - Filling up the DagBag from /home/panda/Documents/ODAP/Project/venv310/lib/python3.10/site-packages/airflow/example_dags/example_branch_operator.py
[2025-06-24T00:36:06.248+0700] {processor.py:842} WARNING - No viable dags retrieved from /home/panda/Documents/ODAP/Project/venv310/lib/python3.10/site-packages/airflow/example_dags/example_branch_operator.py
[2025-06-24T00:36:06.263+0700] {processor.py:183} INFO - Processing /home/panda/Documents/ODAP/Project/venv310/lib/python3.10/site-packages/airflow/example_dags/example_branch_operator.py took 0.033 seconds
[2025-06-24T00:53:02.487+0700] {processor.py:161} INFO - Started process (PID=25196) to work on /home/panda/Documents/ODAP/Project/venv310/lib/python3.10/site-packages/airflow/example_dags/example_branch_operator.py
[2025-06-24T00:53:02.492+0700] {processor.py:830} INFO - Processing file /home/panda/Documents/ODAP/Project/venv310/lib/python3.10/site-packages/airflow/example_dags/example_branch_operator.py for tasks to queue
[2025-06-24T00:53:02.494+0700] {logging_mixin.py:188} INFO - [2025-06-24T00:53:02.493+0700] {dagbag.py:540} INFO - Filling up the DagBag from /home/panda/Documents/ODAP/Project/venv310/lib/python3.10/site-packages/airflow/example_dags/example_branch_operator.py
[2025-06-24T00:53:02.497+0700] {processor.py:842} WARNING - No viable dags retrieved from /home/panda/Documents/ODAP/Project/venv310/lib/python3.10/site-packages/airflow/example_dags/example_branch_operator.py
[2025-06-24T00:53:02.510+0700] {processor.py:183} INFO - Processing /home/panda/Documents/ODAP/Project/venv310/lib/python3.10/site-packages/airflow/example_dags/example_branch_operator.py took 0.030 seconds
[2025-06-24T00:53:56.824+0700] {processor.py:161} INFO - Started process (PID=25439) to work on /home/panda/Documents/ODAP/Project/venv310/lib/python3.10/site-packages/airflow/example_dags/example_branch_operator.py
[2025-06-24T00:53:56.826+0700] {processor.py:830} INFO - Processing file /home/panda/Documents/ODAP/Project/venv310/lib/python3.10/site-packages/airflow/example_dags/example_branch_operator.py for tasks to queue
[2025-06-24T00:53:56.827+0700] {logging_mixin.py:188} INFO - [2025-06-24T00:53:56.827+0700] {dagbag.py:540} INFO - Filling up the DagBag from /home/panda/Documents/ODAP/Project/venv310/lib/python3.10/site-packages/airflow/example_dags/example_branch_operator.py
[2025-06-24T00:53:56.831+0700] {processor.py:842} WARNING - No viable dags retrieved from /home/panda/Documents/ODAP/Project/venv310/lib/python3.10/site-packages/airflow/example_dags/example_branch_operator.py
[2025-06-24T00:53:56.846+0700] {processor.py:183} INFO - Processing /home/panda/Documents/ODAP/Project/venv310/lib/python3.10/site-packages/airflow/example_dags/example_branch_operator.py took 0.030 seconds
[2025-06-24T00:55:05.319+0700] {processor.py:161} INFO - Started process (PID=25743) to work on /home/panda/Documents/ODAP/Project/venv310/lib/python3.10/site-packages/airflow/example_dags/example_branch_operator.py
[2025-06-24T00:55:05.324+0700] {processor.py:830} INFO - Processing file /home/panda/Documents/ODAP/Project/venv310/lib/python3.10/site-packages/airflow/example_dags/example_branch_operator.py for tasks to queue
[2025-06-24T00:55:05.325+0700] {logging_mixin.py:188} INFO - [2025-06-24T00:55:05.325+0700] {dagbag.py:540} INFO - Filling up the DagBag from /home/panda/Documents/ODAP/Project/venv310/lib/python3.10/site-packages/airflow/example_dags/example_branch_operator.py
[2025-06-24T00:55:05.329+0700] {processor.py:842} WARNING - No viable dags retrieved from /home/panda/Documents/ODAP/Project/venv310/lib/python3.10/site-packages/airflow/example_dags/example_branch_operator.py
[2025-06-24T00:55:05.343+0700] {processor.py:183} INFO - Processing /home/panda/Documents/ODAP/Project/venv310/lib/python3.10/site-packages/airflow/example_dags/example_branch_operator.py took 0.032 seconds
[2025-06-24T01:03:37.007+0700] {processor.py:161} INFO - Started process (PID=28634) to work on /home/panda/Documents/ODAP/Project/venv310/lib/python3.10/site-packages/airflow/example_dags/example_branch_operator.py
[2025-06-24T01:03:37.012+0700] {processor.py:830} INFO - Processing file /home/panda/Documents/ODAP/Project/venv310/lib/python3.10/site-packages/airflow/example_dags/example_branch_operator.py for tasks to queue
[2025-06-24T01:03:37.013+0700] {logging_mixin.py:188} INFO - [2025-06-24T01:03:37.012+0700] {dagbag.py:540} INFO - Filling up the DagBag from /home/panda/Documents/ODAP/Project/venv310/lib/python3.10/site-packages/airflow/example_dags/example_branch_operator.py
[2025-06-24T01:03:37.016+0700] {processor.py:842} WARNING - No viable dags retrieved from /home/panda/Documents/ODAP/Project/venv310/lib/python3.10/site-packages/airflow/example_dags/example_branch_operator.py
[2025-06-24T01:03:37.029+0700] {processor.py:183} INFO - Processing /home/panda/Documents/ODAP/Project/venv310/lib/python3.10/site-packages/airflow/example_dags/example_branch_operator.py took 0.030 seconds
[2025-06-24T01:04:30.285+0700] {processor.py:161} INFO - Started process (PID=28911) to work on /home/panda/Documents/ODAP/Project/venv310/lib/python3.10/site-packages/airflow/example_dags/example_branch_operator.py
[2025-06-24T01:04:30.288+0700] {processor.py:830} INFO - Processing file /home/panda/Documents/ODAP/Project/venv310/lib/python3.10/site-packages/airflow/example_dags/example_branch_operator.py for tasks to queue
[2025-06-24T01:04:30.289+0700] {logging_mixin.py:188} INFO - [2025-06-24T01:04:30.288+0700] {dagbag.py:540} INFO - Filling up the DagBag from /home/panda/Documents/ODAP/Project/venv310/lib/python3.10/site-packages/airflow/example_dags/example_branch_operator.py
[2025-06-24T01:04:30.293+0700] {processor.py:842} WARNING - No viable dags retrieved from /home/panda/Documents/ODAP/Project/venv310/lib/python3.10/site-packages/airflow/example_dags/example_branch_operator.py
[2025-06-24T01:04:30.309+0700] {processor.py:183} INFO - Processing /home/panda/Documents/ODAP/Project/venv310/lib/python3.10/site-packages/airflow/example_dags/example_branch_operator.py took 0.032 seconds
