[2025-06-24T00:02:09.378+0700] {processor.py:161} INFO - Started process (PID=5392) to work on /home/panda/Documents/ODAP/Project/venv310/lib/python3.10/site-packages/airflow/example_dags/example_python_decorator.py
[2025-06-24T00:02:09.379+0700] {processor.py:830} INFO - Processing file /home/panda/Documents/ODAP/Project/venv310/lib/python3.10/site-packages/airflow/example_dags/example_python_decorator.py for tasks to queue
[2025-06-24T00:02:09.381+0700] {logging_mixin.py:188} INFO - [2025-06-24T00:02:09.381+0700] {dagbag.py:540} INFO - Filling up the DagBag from /home/panda/Documents/ODAP/Project/venv310/lib/python3.10/site-packages/airflow/example_dags/example_python_decorator.py
[2025-06-24T00:02:09.392+0700] {logging_mixin.py:188} INFO - [2025-06-24T00:02:09.392+0700] {example_python_decorator.py:80} WARNING - The virtalenv_python example task requires virtualenv, please install it.
[2025-06-24T00:02:09.395+0700] {processor.py:840} INFO - DAG(s) 'example_python_decorator' retrieved from /home/panda/Documents/ODAP/Project/venv310/lib/python3.10/site-packages/airflow/example_dags/example_python_decorator.py
[2025-06-24T00:02:09.415+0700] {logging_mixin.py:188} INFO - [2025-06-24T00:02:09.415+0700] {dag.py:3096} INFO - Sync 1 DAGs
[2025-06-24T00:02:09.429+0700] {logging_mixin.py:188} INFO - [2025-06-24T00:02:09.428+0700] {dag.py:3954} INFO - Setting next_dagrun for example_python_decorator to None, run_after=None
[2025-06-24T00:02:09.460+0700] {processor.py:183} INFO - Processing /home/panda/Documents/ODAP/Project/venv310/lib/python3.10/site-packages/airflow/example_dags/example_python_decorator.py took 0.089 seconds
[2025-06-24T00:03:03.945+0700] {processor.py:161} INFO - Started process (PID=6210) to work on /home/panda/Documents/ODAP/Project/venv310/lib/python3.10/site-packages/airflow/example_dags/example_python_decorator.py
[2025-06-24T00:03:03.948+0700] {processor.py:830} INFO - Processing file /home/panda/Documents/ODAP/Project/venv310/lib/python3.10/site-packages/airflow/example_dags/example_python_decorator.py for tasks to queue
[2025-06-24T00:03:03.950+0700] {logging_mixin.py:188} INFO - [2025-06-24T00:03:03.949+0700] {dagbag.py:540} INFO - Filling up the DagBag from /home/panda/Documents/ODAP/Project/venv310/lib/python3.10/site-packages/airflow/example_dags/example_python_decorator.py
[2025-06-24T00:03:03.961+0700] {logging_mixin.py:188} INFO - [2025-06-24T00:03:03.960+0700] {example_python_decorator.py:80} WARNING - The virtalenv_python example task requires virtualenv, please install it.
[2025-06-24T00:03:03.961+0700] {processor.py:840} INFO - DAG(s) 'example_python_decorator' retrieved from /home/panda/Documents/ODAP/Project/venv310/lib/python3.10/site-packages/airflow/example_dags/example_python_decorator.py
[2025-06-24T00:03:03.981+0700] {logging_mixin.py:188} INFO - [2025-06-24T00:03:03.981+0700] {dag.py:3096} INFO - Sync 1 DAGs
[2025-06-24T00:03:03.994+0700] {logging_mixin.py:188} INFO - [2025-06-24T00:03:03.994+0700] {dag.py:3954} INFO - Setting next_dagrun for example_python_decorator to None, run_after=None
[2025-06-24T00:03:04.022+0700] {processor.py:183} INFO - Processing /home/panda/Documents/ODAP/Project/venv310/lib/python3.10/site-packages/airflow/example_dags/example_python_decorator.py took 0.084 seconds
[2025-06-24T00:03:58.336+0700] {processor.py:161} INFO - Started process (PID=6426) to work on /home/panda/Documents/ODAP/Project/venv310/lib/python3.10/site-packages/airflow/example_dags/example_python_decorator.py
[2025-06-24T00:03:58.341+0700] {processor.py:830} INFO - Processing file /home/panda/Documents/ODAP/Project/venv310/lib/python3.10/site-packages/airflow/example_dags/example_python_decorator.py for tasks to queue
[2025-06-24T00:03:58.343+0700] {logging_mixin.py:188} INFO - [2025-06-24T00:03:58.342+0700] {dagbag.py:540} INFO - Filling up the DagBag from /home/panda/Documents/ODAP/Project/venv310/lib/python3.10/site-packages/airflow/example_dags/example_python_decorator.py
[2025-06-24T00:03:58.353+0700] {logging_mixin.py:188} INFO - [2025-06-24T00:03:58.353+0700] {example_python_decorator.py:80} WARNING - The virtalenv_python example task requires virtualenv, please install it.
[2025-06-24T00:03:58.353+0700] {processor.py:840} INFO - DAG(s) 'example_python_decorator' retrieved from /home/panda/Documents/ODAP/Project/venv310/lib/python3.10/site-packages/airflow/example_dags/example_python_decorator.py
[2025-06-24T00:03:58.372+0700] {logging_mixin.py:188} INFO - [2025-06-24T00:03:58.371+0700] {dag.py:3096} INFO - Sync 1 DAGs
[2025-06-24T00:03:58.510+0700] {logging_mixin.py:188} INFO - [2025-06-24T00:03:58.509+0700] {dag.py:3954} INFO - Setting next_dagrun for example_python_decorator to None, run_after=None
[2025-06-24T00:03:58.536+0700] {processor.py:183} INFO - Processing /home/panda/Documents/ODAP/Project/venv310/lib/python3.10/site-packages/airflow/example_dags/example_python_decorator.py took 0.206 seconds
[2025-06-24T00:04:49.040+0700] {processor.py:161} INFO - Started process (PID=6886) to work on /home/panda/Documents/ODAP/Project/venv310/lib/python3.10/site-packages/airflow/example_dags/example_python_decorator.py
[2025-06-24T00:04:49.046+0700] {processor.py:830} INFO - Processing file /home/panda/Documents/ODAP/Project/venv310/lib/python3.10/site-packages/airflow/example_dags/example_python_decorator.py for tasks to queue
[2025-06-24T00:04:49.048+0700] {logging_mixin.py:188} INFO - [2025-06-24T00:04:49.048+0700] {dagbag.py:540} INFO - Filling up the DagBag from /home/panda/Documents/ODAP/Project/venv310/lib/python3.10/site-packages/airflow/example_dags/example_python_decorator.py
[2025-06-24T00:04:49.060+0700] {logging_mixin.py:188} INFO - [2025-06-24T00:04:49.060+0700] {example_python_decorator.py:80} WARNING - The virtalenv_python example task requires virtualenv, please install it.
[2025-06-24T00:04:49.061+0700] {processor.py:840} INFO - DAG(s) 'example_python_decorator' retrieved from /home/panda/Documents/ODAP/Project/venv310/lib/python3.10/site-packages/airflow/example_dags/example_python_decorator.py
[2025-06-24T00:04:49.080+0700] {logging_mixin.py:188} INFO - [2025-06-24T00:04:49.080+0700] {dag.py:3096} INFO - Sync 1 DAGs
[2025-06-24T00:04:49.094+0700] {logging_mixin.py:188} INFO - [2025-06-24T00:04:49.093+0700] {dag.py:3954} INFO - Setting next_dagrun for example_python_decorator to None, run_after=None
[2025-06-24T00:04:49.126+0700] {processor.py:183} INFO - Processing /home/panda/Documents/ODAP/Project/venv310/lib/python3.10/site-packages/airflow/example_dags/example_python_decorator.py took 0.093 seconds
[2025-06-24T00:07:16.507+0700] {processor.py:161} INFO - Started process (PID=8110) to work on /home/panda/Documents/ODAP/Project/venv310/lib/python3.10/site-packages/airflow/example_dags/example_python_decorator.py
[2025-06-24T00:07:16.512+0700] {processor.py:830} INFO - Processing file /home/panda/Documents/ODAP/Project/venv310/lib/python3.10/site-packages/airflow/example_dags/example_python_decorator.py for tasks to queue
[2025-06-24T00:07:16.513+0700] {logging_mixin.py:188} INFO - [2025-06-24T00:07:16.513+0700] {dagbag.py:540} INFO - Filling up the DagBag from /home/panda/Documents/ODAP/Project/venv310/lib/python3.10/site-packages/airflow/example_dags/example_python_decorator.py
[2025-06-24T00:07:16.524+0700] {logging_mixin.py:188} INFO - [2025-06-24T00:07:16.523+0700] {example_python_decorator.py:80} WARNING - The virtalenv_python example task requires virtualenv, please install it.
[2025-06-24T00:07:16.524+0700] {processor.py:840} INFO - DAG(s) 'example_python_decorator' retrieved from /home/panda/Documents/ODAP/Project/venv310/lib/python3.10/site-packages/airflow/example_dags/example_python_decorator.py
[2025-06-24T00:07:16.542+0700] {logging_mixin.py:188} INFO - [2025-06-24T00:07:16.542+0700] {dag.py:3096} INFO - Sync 1 DAGs
[2025-06-24T00:07:16.552+0700] {logging_mixin.py:188} INFO - [2025-06-24T00:07:16.551+0700] {dag.py:3954} INFO - Setting next_dagrun for example_python_decorator to None, run_after=None
[2025-06-24T00:07:16.575+0700] {processor.py:183} INFO - Processing /home/panda/Documents/ODAP/Project/venv310/lib/python3.10/site-packages/airflow/example_dags/example_python_decorator.py took 0.075 seconds
[2025-06-24T00:08:30.485+0700] {processor.py:161} INFO - Started process (PID=10575) to work on /home/panda/Documents/ODAP/Project/venv310/lib/python3.10/site-packages/airflow/example_dags/example_python_decorator.py
[2025-06-24T00:08:30.487+0700] {processor.py:830} INFO - Processing file /home/panda/Documents/ODAP/Project/venv310/lib/python3.10/site-packages/airflow/example_dags/example_python_decorator.py for tasks to queue
[2025-06-24T00:08:30.489+0700] {logging_mixin.py:188} INFO - [2025-06-24T00:08:30.488+0700] {dagbag.py:540} INFO - Filling up the DagBag from /home/panda/Documents/ODAP/Project/venv310/lib/python3.10/site-packages/airflow/example_dags/example_python_decorator.py
[2025-06-24T00:08:30.501+0700] {logging_mixin.py:188} INFO - [2025-06-24T00:08:30.501+0700] {example_python_decorator.py:80} WARNING - The virtalenv_python example task requires virtualenv, please install it.
[2025-06-24T00:08:30.501+0700] {processor.py:840} INFO - DAG(s) 'example_python_decorator' retrieved from /home/panda/Documents/ODAP/Project/venv310/lib/python3.10/site-packages/airflow/example_dags/example_python_decorator.py
[2025-06-24T00:08:30.522+0700] {logging_mixin.py:188} INFO - [2025-06-24T00:08:30.522+0700] {dag.py:3096} INFO - Sync 1 DAGs
[2025-06-24T00:08:30.536+0700] {logging_mixin.py:188} INFO - [2025-06-24T00:08:30.535+0700] {dag.py:3954} INFO - Setting next_dagrun for example_python_decorator to None, run_after=None
[2025-06-24T00:08:30.563+0700] {processor.py:183} INFO - Processing /home/panda/Documents/ODAP/Project/venv310/lib/python3.10/site-packages/airflow/example_dags/example_python_decorator.py took 0.086 seconds
[2025-06-24T00:09:32.168+0700] {processor.py:161} INFO - Started process (PID=10817) to work on /home/panda/Documents/ODAP/Project/venv310/lib/python3.10/site-packages/airflow/example_dags/example_python_decorator.py
[2025-06-24T00:09:32.173+0700] {processor.py:830} INFO - Processing file /home/panda/Documents/ODAP/Project/venv310/lib/python3.10/site-packages/airflow/example_dags/example_python_decorator.py for tasks to queue
[2025-06-24T00:09:32.174+0700] {logging_mixin.py:188} INFO - [2025-06-24T00:09:32.174+0700] {dagbag.py:540} INFO - Filling up the DagBag from /home/panda/Documents/ODAP/Project/venv310/lib/python3.10/site-packages/airflow/example_dags/example_python_decorator.py
[2025-06-24T00:09:32.185+0700] {logging_mixin.py:188} INFO - [2025-06-24T00:09:32.185+0700] {example_python_decorator.py:80} WARNING - The virtalenv_python example task requires virtualenv, please install it.
[2025-06-24T00:09:32.186+0700] {processor.py:840} INFO - DAG(s) 'example_python_decorator' retrieved from /home/panda/Documents/ODAP/Project/venv310/lib/python3.10/site-packages/airflow/example_dags/example_python_decorator.py
[2025-06-24T00:09:32.207+0700] {logging_mixin.py:188} INFO - [2025-06-24T00:09:32.207+0700] {dag.py:3096} INFO - Sync 1 DAGs
[2025-06-24T00:09:32.222+0700] {logging_mixin.py:188} INFO - [2025-06-24T00:09:32.222+0700] {dag.py:3954} INFO - Setting next_dagrun for example_python_decorator to None, run_after=None
[2025-06-24T00:09:32.248+0700] {processor.py:183} INFO - Processing /home/panda/Documents/ODAP/Project/venv310/lib/python3.10/site-packages/airflow/example_dags/example_python_decorator.py took 0.088 seconds
[2025-06-24T00:10:27.712+0700] {processor.py:161} INFO - Started process (PID=10968) to work on /home/panda/Documents/ODAP/Project/venv310/lib/python3.10/site-packages/airflow/example_dags/example_python_decorator.py
[2025-06-24T00:10:27.717+0700] {processor.py:830} INFO - Processing file /home/panda/Documents/ODAP/Project/venv310/lib/python3.10/site-packages/airflow/example_dags/example_python_decorator.py for tasks to queue
[2025-06-24T00:10:27.718+0700] {logging_mixin.py:188} INFO - [2025-06-24T00:10:27.718+0700] {dagbag.py:540} INFO - Filling up the DagBag from /home/panda/Documents/ODAP/Project/venv310/lib/python3.10/site-packages/airflow/example_dags/example_python_decorator.py
[2025-06-24T00:10:27.731+0700] {logging_mixin.py:188} INFO - [2025-06-24T00:10:27.731+0700] {example_python_decorator.py:80} WARNING - The virtalenv_python example task requires virtualenv, please install it.
[2025-06-24T00:10:27.731+0700] {processor.py:840} INFO - DAG(s) 'example_python_decorator' retrieved from /home/panda/Documents/ODAP/Project/venv310/lib/python3.10/site-packages/airflow/example_dags/example_python_decorator.py
[2025-06-24T00:10:27.751+0700] {logging_mixin.py:188} INFO - [2025-06-24T00:10:27.751+0700] {dag.py:3096} INFO - Sync 1 DAGs
[2025-06-24T00:10:27.764+0700] {logging_mixin.py:188} INFO - [2025-06-24T00:10:27.763+0700] {dag.py:3954} INFO - Setting next_dagrun for example_python_decorator to None, run_after=None
[2025-06-24T00:10:27.795+0700] {processor.py:183} INFO - Processing /home/panda/Documents/ODAP/Project/venv310/lib/python3.10/site-packages/airflow/example_dags/example_python_decorator.py took 0.090 seconds
[2025-06-24T00:11:40.020+0700] {processor.py:161} INFO - Started process (PID=12463) to work on /home/panda/Documents/ODAP/Project/venv310/lib/python3.10/site-packages/airflow/example_dags/example_python_decorator.py
[2025-06-24T00:11:40.025+0700] {processor.py:830} INFO - Processing file /home/panda/Documents/ODAP/Project/venv310/lib/python3.10/site-packages/airflow/example_dags/example_python_decorator.py for tasks to queue
[2025-06-24T00:11:40.026+0700] {logging_mixin.py:188} INFO - [2025-06-24T00:11:40.026+0700] {dagbag.py:540} INFO - Filling up the DagBag from /home/panda/Documents/ODAP/Project/venv310/lib/python3.10/site-packages/airflow/example_dags/example_python_decorator.py
[2025-06-24T00:11:40.037+0700] {logging_mixin.py:188} INFO - [2025-06-24T00:11:40.036+0700] {example_python_decorator.py:80} WARNING - The virtalenv_python example task requires virtualenv, please install it.
[2025-06-24T00:11:40.037+0700] {processor.py:840} INFO - DAG(s) 'example_python_decorator' retrieved from /home/panda/Documents/ODAP/Project/venv310/lib/python3.10/site-packages/airflow/example_dags/example_python_decorator.py
[2025-06-24T00:11:40.057+0700] {logging_mixin.py:188} INFO - [2025-06-24T00:11:40.057+0700] {dag.py:3096} INFO - Sync 1 DAGs
[2025-06-24T00:11:40.070+0700] {logging_mixin.py:188} INFO - [2025-06-24T00:11:40.069+0700] {dag.py:3954} INFO - Setting next_dagrun for example_python_decorator to None, run_after=None
[2025-06-24T00:11:40.093+0700] {processor.py:183} INFO - Processing /home/panda/Documents/ODAP/Project/venv310/lib/python3.10/site-packages/airflow/example_dags/example_python_decorator.py took 0.080 seconds
[2025-06-24T00:12:31.834+0700] {processor.py:161} INFO - Started process (PID=12671) to work on /home/panda/Documents/ODAP/Project/venv310/lib/python3.10/site-packages/airflow/example_dags/example_python_decorator.py
[2025-06-24T00:12:31.839+0700] {processor.py:830} INFO - Processing file /home/panda/Documents/ODAP/Project/venv310/lib/python3.10/site-packages/airflow/example_dags/example_python_decorator.py for tasks to queue
[2025-06-24T00:12:31.840+0700] {logging_mixin.py:188} INFO - [2025-06-24T00:12:31.839+0700] {dagbag.py:540} INFO - Filling up the DagBag from /home/panda/Documents/ODAP/Project/venv310/lib/python3.10/site-packages/airflow/example_dags/example_python_decorator.py
[2025-06-24T00:12:31.852+0700] {logging_mixin.py:188} INFO - [2025-06-24T00:12:31.851+0700] {example_python_decorator.py:80} WARNING - The virtalenv_python example task requires virtualenv, please install it.
[2025-06-24T00:12:31.852+0700] {processor.py:840} INFO - DAG(s) 'example_python_decorator' retrieved from /home/panda/Documents/ODAP/Project/venv310/lib/python3.10/site-packages/airflow/example_dags/example_python_decorator.py
[2025-06-24T00:12:31.872+0700] {logging_mixin.py:188} INFO - [2025-06-24T00:12:31.872+0700] {dag.py:3096} INFO - Sync 1 DAGs
[2025-06-24T00:12:31.883+0700] {logging_mixin.py:188} INFO - [2025-06-24T00:12:31.883+0700] {dag.py:3954} INFO - Setting next_dagrun for example_python_decorator to None, run_after=None
[2025-06-24T00:12:31.906+0700] {processor.py:183} INFO - Processing /home/panda/Documents/ODAP/Project/venv310/lib/python3.10/site-packages/airflow/example_dags/example_python_decorator.py took 0.080 seconds
[2025-06-24T00:13:16.998+0700] {processor.py:161} INFO - Started process (PID=12820) to work on /home/panda/Documents/ODAP/Project/venv310/lib/python3.10/site-packages/airflow/example_dags/example_python_decorator.py
[2025-06-24T00:13:17.003+0700] {processor.py:830} INFO - Processing file /home/panda/Documents/ODAP/Project/venv310/lib/python3.10/site-packages/airflow/example_dags/example_python_decorator.py for tasks to queue
[2025-06-24T00:13:17.004+0700] {logging_mixin.py:188} INFO - [2025-06-24T00:13:17.004+0700] {dagbag.py:540} INFO - Filling up the DagBag from /home/panda/Documents/ODAP/Project/venv310/lib/python3.10/site-packages/airflow/example_dags/example_python_decorator.py
[2025-06-24T00:13:17.015+0700] {logging_mixin.py:188} INFO - [2025-06-24T00:13:17.015+0700] {example_python_decorator.py:80} WARNING - The virtalenv_python example task requires virtualenv, please install it.
[2025-06-24T00:13:17.016+0700] {processor.py:840} INFO - DAG(s) 'example_python_decorator' retrieved from /home/panda/Documents/ODAP/Project/venv310/lib/python3.10/site-packages/airflow/example_dags/example_python_decorator.py
[2025-06-24T00:13:17.035+0700] {logging_mixin.py:188} INFO - [2025-06-24T00:13:17.034+0700] {dag.py:3096} INFO - Sync 1 DAGs
[2025-06-24T00:13:17.046+0700] {logging_mixin.py:188} INFO - [2025-06-24T00:13:17.046+0700] {dag.py:3954} INFO - Setting next_dagrun for example_python_decorator to None, run_after=None
[2025-06-24T00:13:17.075+0700] {processor.py:183} INFO - Processing /home/panda/Documents/ODAP/Project/venv310/lib/python3.10/site-packages/airflow/example_dags/example_python_decorator.py took 0.085 seconds
[2025-06-24T00:14:03.119+0700] {processor.py:161} INFO - Started process (PID=13058) to work on /home/panda/Documents/ODAP/Project/venv310/lib/python3.10/site-packages/airflow/example_dags/example_python_decorator.py
[2025-06-24T00:14:03.124+0700] {processor.py:830} INFO - Processing file /home/panda/Documents/ODAP/Project/venv310/lib/python3.10/site-packages/airflow/example_dags/example_python_decorator.py for tasks to queue
[2025-06-24T00:14:03.126+0700] {logging_mixin.py:188} INFO - [2025-06-24T00:14:03.125+0700] {dagbag.py:540} INFO - Filling up the DagBag from /home/panda/Documents/ODAP/Project/venv310/lib/python3.10/site-packages/airflow/example_dags/example_python_decorator.py
[2025-06-24T00:14:03.137+0700] {logging_mixin.py:188} INFO - [2025-06-24T00:14:03.137+0700] {example_python_decorator.py:80} WARNING - The virtalenv_python example task requires virtualenv, please install it.
[2025-06-24T00:14:03.138+0700] {processor.py:840} INFO - DAG(s) 'example_python_decorator' retrieved from /home/panda/Documents/ODAP/Project/venv310/lib/python3.10/site-packages/airflow/example_dags/example_python_decorator.py
[2025-06-24T00:14:03.160+0700] {logging_mixin.py:188} INFO - [2025-06-24T00:14:03.160+0700] {dag.py:3096} INFO - Sync 1 DAGs
[2025-06-24T00:14:03.173+0700] {logging_mixin.py:188} INFO - [2025-06-24T00:14:03.173+0700] {dag.py:3954} INFO - Setting next_dagrun for example_python_decorator to None, run_after=None
[2025-06-24T00:14:03.198+0700] {processor.py:183} INFO - Processing /home/panda/Documents/ODAP/Project/venv310/lib/python3.10/site-packages/airflow/example_dags/example_python_decorator.py took 0.086 seconds
[2025-06-24T00:14:47.605+0700] {processor.py:161} INFO - Started process (PID=13191) to work on /home/panda/Documents/ODAP/Project/venv310/lib/python3.10/site-packages/airflow/example_dags/example_python_decorator.py
[2025-06-24T00:14:47.610+0700] {processor.py:830} INFO - Processing file /home/panda/Documents/ODAP/Project/venv310/lib/python3.10/site-packages/airflow/example_dags/example_python_decorator.py for tasks to queue
[2025-06-24T00:14:47.612+0700] {logging_mixin.py:188} INFO - [2025-06-24T00:14:47.611+0700] {dagbag.py:540} INFO - Filling up the DagBag from /home/panda/Documents/ODAP/Project/venv310/lib/python3.10/site-packages/airflow/example_dags/example_python_decorator.py
[2025-06-24T00:14:47.624+0700] {logging_mixin.py:188} INFO - [2025-06-24T00:14:47.624+0700] {example_python_decorator.py:80} WARNING - The virtalenv_python example task requires virtualenv, please install it.
[2025-06-24T00:14:47.624+0700] {processor.py:840} INFO - DAG(s) 'example_python_decorator' retrieved from /home/panda/Documents/ODAP/Project/venv310/lib/python3.10/site-packages/airflow/example_dags/example_python_decorator.py
[2025-06-24T00:14:47.646+0700] {logging_mixin.py:188} INFO - [2025-06-24T00:14:47.645+0700] {dag.py:3096} INFO - Sync 1 DAGs
[2025-06-24T00:14:47.658+0700] {logging_mixin.py:188} INFO - [2025-06-24T00:14:47.658+0700] {dag.py:3954} INFO - Setting next_dagrun for example_python_decorator to None, run_after=None
[2025-06-24T00:14:47.684+0700] {processor.py:183} INFO - Processing /home/panda/Documents/ODAP/Project/venv310/lib/python3.10/site-packages/airflow/example_dags/example_python_decorator.py took 0.087 seconds
[2025-06-24T00:21:25.852+0700] {processor.py:161} INFO - Started process (PID=16583) to work on /home/panda/Documents/ODAP/Project/venv310/lib/python3.10/site-packages/airflow/example_dags/example_python_decorator.py
[2025-06-24T00:21:25.853+0700] {processor.py:830} INFO - Processing file /home/panda/Documents/ODAP/Project/venv310/lib/python3.10/site-packages/airflow/example_dags/example_python_decorator.py for tasks to queue
[2025-06-24T00:21:25.854+0700] {logging_mixin.py:188} INFO - [2025-06-24T00:21:25.853+0700] {dagbag.py:540} INFO - Filling up the DagBag from /home/panda/Documents/ODAP/Project/venv310/lib/python3.10/site-packages/airflow/example_dags/example_python_decorator.py
[2025-06-24T00:21:25.864+0700] {logging_mixin.py:188} INFO - [2025-06-24T00:21:25.863+0700] {example_python_decorator.py:80} WARNING - The virtalenv_python example task requires virtualenv, please install it.
[2025-06-24T00:21:25.864+0700] {processor.py:840} INFO - DAG(s) 'example_python_decorator' retrieved from /home/panda/Documents/ODAP/Project/venv310/lib/python3.10/site-packages/airflow/example_dags/example_python_decorator.py
[2025-06-24T00:21:25.882+0700] {logging_mixin.py:188} INFO - [2025-06-24T00:21:25.882+0700] {dag.py:3096} INFO - Sync 1 DAGs
[2025-06-24T00:21:25.891+0700] {logging_mixin.py:188} INFO - [2025-06-24T00:21:25.891+0700] {dag.py:3954} INFO - Setting next_dagrun for example_python_decorator to None, run_after=None
[2025-06-24T00:21:25.911+0700] {processor.py:183} INFO - Processing /home/panda/Documents/ODAP/Project/venv310/lib/python3.10/site-packages/airflow/example_dags/example_python_decorator.py took 0.067 seconds
[2025-06-24T00:22:18.804+0700] {processor.py:161} INFO - Started process (PID=16777) to work on /home/panda/Documents/ODAP/Project/venv310/lib/python3.10/site-packages/airflow/example_dags/example_python_decorator.py
[2025-06-24T00:22:18.809+0700] {processor.py:830} INFO - Processing file /home/panda/Documents/ODAP/Project/venv310/lib/python3.10/site-packages/airflow/example_dags/example_python_decorator.py for tasks to queue
[2025-06-24T00:22:18.811+0700] {logging_mixin.py:188} INFO - [2025-06-24T00:22:18.810+0700] {dagbag.py:540} INFO - Filling up the DagBag from /home/panda/Documents/ODAP/Project/venv310/lib/python3.10/site-packages/airflow/example_dags/example_python_decorator.py
[2025-06-24T00:22:18.823+0700] {logging_mixin.py:188} INFO - [2025-06-24T00:22:18.823+0700] {example_python_decorator.py:80} WARNING - The virtalenv_python example task requires virtualenv, please install it.
[2025-06-24T00:22:18.824+0700] {processor.py:840} INFO - DAG(s) 'example_python_decorator' retrieved from /home/panda/Documents/ODAP/Project/venv310/lib/python3.10/site-packages/airflow/example_dags/example_python_decorator.py
[2025-06-24T00:22:18.845+0700] {logging_mixin.py:188} INFO - [2025-06-24T00:22:18.845+0700] {dag.py:3096} INFO - Sync 1 DAGs
[2025-06-24T00:22:18.858+0700] {logging_mixin.py:188} INFO - [2025-06-24T00:22:18.858+0700] {dag.py:3954} INFO - Setting next_dagrun for example_python_decorator to None, run_after=None
[2025-06-24T00:22:18.885+0700] {processor.py:183} INFO - Processing /home/panda/Documents/ODAP/Project/venv310/lib/python3.10/site-packages/airflow/example_dags/example_python_decorator.py took 0.088 seconds
[2025-06-24T00:23:19.689+0700] {processor.py:161} INFO - Started process (PID=18228) to work on /home/panda/Documents/ODAP/Project/venv310/lib/python3.10/site-packages/airflow/example_dags/example_python_decorator.py
[2025-06-24T00:23:19.694+0700] {processor.py:830} INFO - Processing file /home/panda/Documents/ODAP/Project/venv310/lib/python3.10/site-packages/airflow/example_dags/example_python_decorator.py for tasks to queue
[2025-06-24T00:23:19.695+0700] {logging_mixin.py:188} INFO - [2025-06-24T00:23:19.695+0700] {dagbag.py:540} INFO - Filling up the DagBag from /home/panda/Documents/ODAP/Project/venv310/lib/python3.10/site-packages/airflow/example_dags/example_python_decorator.py
[2025-06-24T00:23:19.707+0700] {logging_mixin.py:188} INFO - [2025-06-24T00:23:19.707+0700] {example_python_decorator.py:80} WARNING - The virtalenv_python example task requires virtualenv, please install it.
[2025-06-24T00:23:19.708+0700] {processor.py:840} INFO - DAG(s) 'example_python_decorator' retrieved from /home/panda/Documents/ODAP/Project/venv310/lib/python3.10/site-packages/airflow/example_dags/example_python_decorator.py
[2025-06-24T00:23:19.729+0700] {logging_mixin.py:188} INFO - [2025-06-24T00:23:19.728+0700] {dag.py:3096} INFO - Sync 1 DAGs
[2025-06-24T00:23:19.742+0700] {logging_mixin.py:188} INFO - [2025-06-24T00:23:19.741+0700] {dag.py:3954} INFO - Setting next_dagrun for example_python_decorator to None, run_after=None
[2025-06-24T00:23:19.768+0700] {processor.py:183} INFO - Processing /home/panda/Documents/ODAP/Project/venv310/lib/python3.10/site-packages/airflow/example_dags/example_python_decorator.py took 0.086 seconds
[2025-06-24T00:33:38.581+0700] {processor.py:161} INFO - Started process (PID=20209) to work on /home/panda/Documents/ODAP/Project/venv310/lib/python3.10/site-packages/airflow/example_dags/example_python_decorator.py
[2025-06-24T00:33:38.586+0700] {processor.py:830} INFO - Processing file /home/panda/Documents/ODAP/Project/venv310/lib/python3.10/site-packages/airflow/example_dags/example_python_decorator.py for tasks to queue
[2025-06-24T00:33:38.587+0700] {logging_mixin.py:188} INFO - [2025-06-24T00:33:38.587+0700] {dagbag.py:540} INFO - Filling up the DagBag from /home/panda/Documents/ODAP/Project/venv310/lib/python3.10/site-packages/airflow/example_dags/example_python_decorator.py
[2025-06-24T00:33:38.598+0700] {logging_mixin.py:188} INFO - [2025-06-24T00:33:38.598+0700] {example_python_decorator.py:80} WARNING - The virtalenv_python example task requires virtualenv, please install it.
[2025-06-24T00:33:38.599+0700] {processor.py:840} INFO - DAG(s) 'example_python_decorator' retrieved from /home/panda/Documents/ODAP/Project/venv310/lib/python3.10/site-packages/airflow/example_dags/example_python_decorator.py
[2025-06-24T00:33:38.623+0700] {logging_mixin.py:188} INFO - [2025-06-24T00:33:38.623+0700] {dag.py:3096} INFO - Sync 1 DAGs
[2025-06-24T00:33:38.636+0700] {logging_mixin.py:188} INFO - [2025-06-24T00:33:38.636+0700] {dag.py:3954} INFO - Setting next_dagrun for example_python_decorator to None, run_after=None
[2025-06-24T00:33:38.663+0700] {processor.py:183} INFO - Processing /home/panda/Documents/ODAP/Project/venv310/lib/python3.10/site-packages/airflow/example_dags/example_python_decorator.py took 0.090 seconds
[2025-06-24T00:34:31.792+0700] {processor.py:161} INFO - Started process (PID=20396) to work on /home/panda/Documents/ODAP/Project/venv310/lib/python3.10/site-packages/airflow/example_dags/example_python_decorator.py
[2025-06-24T00:34:31.797+0700] {processor.py:830} INFO - Processing file /home/panda/Documents/ODAP/Project/venv310/lib/python3.10/site-packages/airflow/example_dags/example_python_decorator.py for tasks to queue
[2025-06-24T00:34:31.799+0700] {logging_mixin.py:188} INFO - [2025-06-24T00:34:31.798+0700] {dagbag.py:540} INFO - Filling up the DagBag from /home/panda/Documents/ODAP/Project/venv310/lib/python3.10/site-packages/airflow/example_dags/example_python_decorator.py
[2025-06-24T00:34:31.810+0700] {logging_mixin.py:188} INFO - [2025-06-24T00:34:31.810+0700] {example_python_decorator.py:80} WARNING - The virtalenv_python example task requires virtualenv, please install it.
[2025-06-24T00:34:31.811+0700] {processor.py:840} INFO - DAG(s) 'example_python_decorator' retrieved from /home/panda/Documents/ODAP/Project/venv310/lib/python3.10/site-packages/airflow/example_dags/example_python_decorator.py
[2025-06-24T00:34:31.831+0700] {logging_mixin.py:188} INFO - [2025-06-24T00:34:31.830+0700] {dag.py:3096} INFO - Sync 1 DAGs
[2025-06-24T00:34:31.843+0700] {logging_mixin.py:188} INFO - [2025-06-24T00:34:31.843+0700] {dag.py:3954} INFO - Setting next_dagrun for example_python_decorator to None, run_after=None
[2025-06-24T00:34:31.871+0700] {processor.py:183} INFO - Processing /home/panda/Documents/ODAP/Project/venv310/lib/python3.10/site-packages/airflow/example_dags/example_python_decorator.py took 0.086 seconds
[2025-06-24T00:35:19.501+0700] {processor.py:161} INFO - Started process (PID=20536) to work on /home/panda/Documents/ODAP/Project/venv310/lib/python3.10/site-packages/airflow/example_dags/example_python_decorator.py
[2025-06-24T00:35:19.503+0700] {processor.py:830} INFO - Processing file /home/panda/Documents/ODAP/Project/venv310/lib/python3.10/site-packages/airflow/example_dags/example_python_decorator.py for tasks to queue
[2025-06-24T00:35:19.505+0700] {logging_mixin.py:188} INFO - [2025-06-24T00:35:19.504+0700] {dagbag.py:540} INFO - Filling up the DagBag from /home/panda/Documents/ODAP/Project/venv310/lib/python3.10/site-packages/airflow/example_dags/example_python_decorator.py
[2025-06-24T00:35:19.517+0700] {logging_mixin.py:188} INFO - [2025-06-24T00:35:19.516+0700] {example_python_decorator.py:80} WARNING - The virtalenv_python example task requires virtualenv, please install it.
[2025-06-24T00:35:19.517+0700] {processor.py:840} INFO - DAG(s) 'example_python_decorator' retrieved from /home/panda/Documents/ODAP/Project/venv310/lib/python3.10/site-packages/airflow/example_dags/example_python_decorator.py
[2025-06-24T00:35:19.538+0700] {logging_mixin.py:188} INFO - [2025-06-24T00:35:19.537+0700] {dag.py:3096} INFO - Sync 1 DAGs
[2025-06-24T00:35:19.551+0700] {logging_mixin.py:188} INFO - [2025-06-24T00:35:19.550+0700] {dag.py:3954} INFO - Setting next_dagrun for example_python_decorator to None, run_after=None
[2025-06-24T00:35:19.579+0700] {processor.py:183} INFO - Processing /home/panda/Documents/ODAP/Project/venv310/lib/python3.10/site-packages/airflow/example_dags/example_python_decorator.py took 0.086 seconds
[2025-06-24T00:36:11.830+0700] {processor.py:161} INFO - Started process (PID=20798) to work on /home/panda/Documents/ODAP/Project/venv310/lib/python3.10/site-packages/airflow/example_dags/example_python_decorator.py
[2025-06-24T00:36:11.835+0700] {processor.py:830} INFO - Processing file /home/panda/Documents/ODAP/Project/venv310/lib/python3.10/site-packages/airflow/example_dags/example_python_decorator.py for tasks to queue
[2025-06-24T00:36:11.837+0700] {logging_mixin.py:188} INFO - [2025-06-24T00:36:11.836+0700] {dagbag.py:540} INFO - Filling up the DagBag from /home/panda/Documents/ODAP/Project/venv310/lib/python3.10/site-packages/airflow/example_dags/example_python_decorator.py
[2025-06-24T00:36:11.848+0700] {logging_mixin.py:188} INFO - [2025-06-24T00:36:11.847+0700] {example_python_decorator.py:80} WARNING - The virtalenv_python example task requires virtualenv, please install it.
[2025-06-24T00:36:11.848+0700] {processor.py:840} INFO - DAG(s) 'example_python_decorator' retrieved from /home/panda/Documents/ODAP/Project/venv310/lib/python3.10/site-packages/airflow/example_dags/example_python_decorator.py
[2025-06-24T00:36:11.868+0700] {logging_mixin.py:188} INFO - [2025-06-24T00:36:11.868+0700] {dag.py:3096} INFO - Sync 1 DAGs
[2025-06-24T00:36:11.881+0700] {logging_mixin.py:188} INFO - [2025-06-24T00:36:11.881+0700] {dag.py:3954} INFO - Setting next_dagrun for example_python_decorator to None, run_after=None
[2025-06-24T00:36:11.910+0700] {processor.py:183} INFO - Processing /home/panda/Documents/ODAP/Project/venv310/lib/python3.10/site-packages/airflow/example_dags/example_python_decorator.py took 0.087 seconds
[2025-06-24T00:37:01.059+0700] {processor.py:161} INFO - Started process (PID=21131) to work on /home/panda/Documents/ODAP/Project/venv310/lib/python3.10/site-packages/airflow/example_dags/example_python_decorator.py
[2025-06-24T00:37:01.064+0700] {processor.py:830} INFO - Processing file /home/panda/Documents/ODAP/Project/venv310/lib/python3.10/site-packages/airflow/example_dags/example_python_decorator.py for tasks to queue
[2025-06-24T00:37:01.065+0700] {logging_mixin.py:188} INFO - [2025-06-24T00:37:01.064+0700] {dagbag.py:540} INFO - Filling up the DagBag from /home/panda/Documents/ODAP/Project/venv310/lib/python3.10/site-packages/airflow/example_dags/example_python_decorator.py
[2025-06-24T00:37:01.077+0700] {logging_mixin.py:188} INFO - [2025-06-24T00:37:01.076+0700] {example_python_decorator.py:80} WARNING - The virtalenv_python example task requires virtualenv, please install it.
[2025-06-24T00:37:01.077+0700] {processor.py:840} INFO - DAG(s) 'example_python_decorator' retrieved from /home/panda/Documents/ODAP/Project/venv310/lib/python3.10/site-packages/airflow/example_dags/example_python_decorator.py
[2025-06-24T00:37:01.097+0700] {logging_mixin.py:188} INFO - [2025-06-24T00:37:01.097+0700] {dag.py:3096} INFO - Sync 1 DAGs
[2025-06-24T00:37:01.110+0700] {logging_mixin.py:188} INFO - [2025-06-24T00:37:01.109+0700] {dag.py:3954} INFO - Setting next_dagrun for example_python_decorator to None, run_after=None
[2025-06-24T00:37:01.137+0700] {processor.py:183} INFO - Processing /home/panda/Documents/ODAP/Project/venv310/lib/python3.10/site-packages/airflow/example_dags/example_python_decorator.py took 0.085 seconds
[2025-06-24T00:52:36.503+0700] {processor.py:161} INFO - Started process (PID=25109) to work on /home/panda/Documents/ODAP/Project/venv310/lib/python3.10/site-packages/airflow/example_dags/example_python_decorator.py
[2025-06-24T00:52:36.509+0700] {processor.py:830} INFO - Processing file /home/panda/Documents/ODAP/Project/venv310/lib/python3.10/site-packages/airflow/example_dags/example_python_decorator.py for tasks to queue
[2025-06-24T00:52:36.510+0700] {logging_mixin.py:188} INFO - [2025-06-24T00:52:36.510+0700] {dagbag.py:540} INFO - Filling up the DagBag from /home/panda/Documents/ODAP/Project/venv310/lib/python3.10/site-packages/airflow/example_dags/example_python_decorator.py
[2025-06-24T00:52:36.523+0700] {logging_mixin.py:188} INFO - [2025-06-24T00:52:36.522+0700] {example_python_decorator.py:80} WARNING - The virtalenv_python example task requires virtualenv, please install it.
[2025-06-24T00:52:36.523+0700] {processor.py:840} INFO - DAG(s) 'example_python_decorator' retrieved from /home/panda/Documents/ODAP/Project/venv310/lib/python3.10/site-packages/airflow/example_dags/example_python_decorator.py
[2025-06-24T00:52:36.547+0700] {logging_mixin.py:188} INFO - [2025-06-24T00:52:36.547+0700] {dag.py:3096} INFO - Sync 1 DAGs
[2025-06-24T00:52:36.562+0700] {logging_mixin.py:188} INFO - [2025-06-24T00:52:36.562+0700] {dag.py:3954} INFO - Setting next_dagrun for example_python_decorator to None, run_after=None
[2025-06-24T00:52:36.594+0700] {processor.py:183} INFO - Processing /home/panda/Documents/ODAP/Project/venv310/lib/python3.10/site-packages/airflow/example_dags/example_python_decorator.py took 0.099 seconds
[2025-06-24T00:53:30.011+0700] {processor.py:161} INFO - Started process (PID=25295) to work on /home/panda/Documents/ODAP/Project/venv310/lib/python3.10/site-packages/airflow/example_dags/example_python_decorator.py
[2025-06-24T00:53:30.016+0700] {processor.py:830} INFO - Processing file /home/panda/Documents/ODAP/Project/venv310/lib/python3.10/site-packages/airflow/example_dags/example_python_decorator.py for tasks to queue
[2025-06-24T00:53:30.017+0700] {logging_mixin.py:188} INFO - [2025-06-24T00:53:30.016+0700] {dagbag.py:540} INFO - Filling up the DagBag from /home/panda/Documents/ODAP/Project/venv310/lib/python3.10/site-packages/airflow/example_dags/example_python_decorator.py
[2025-06-24T00:53:30.028+0700] {logging_mixin.py:188} INFO - [2025-06-24T00:53:30.028+0700] {example_python_decorator.py:80} WARNING - The virtalenv_python example task requires virtualenv, please install it.
[2025-06-24T00:53:30.029+0700] {processor.py:840} INFO - DAG(s) 'example_python_decorator' retrieved from /home/panda/Documents/ODAP/Project/venv310/lib/python3.10/site-packages/airflow/example_dags/example_python_decorator.py
[2025-06-24T00:53:30.050+0700] {logging_mixin.py:188} INFO - [2025-06-24T00:53:30.050+0700] {dag.py:3096} INFO - Sync 1 DAGs
[2025-06-24T00:53:30.063+0700] {logging_mixin.py:188} INFO - [2025-06-24T00:53:30.063+0700] {dag.py:3954} INFO - Setting next_dagrun for example_python_decorator to None, run_after=None
[2025-06-24T00:53:30.090+0700] {processor.py:183} INFO - Processing /home/panda/Documents/ODAP/Project/venv310/lib/python3.10/site-packages/airflow/example_dags/example_python_decorator.py took 0.088 seconds
[2025-06-24T00:54:17.708+0700] {processor.py:161} INFO - Started process (PID=25582) to work on /home/panda/Documents/ODAP/Project/venv310/lib/python3.10/site-packages/airflow/example_dags/example_python_decorator.py
[2025-06-24T00:54:17.710+0700] {processor.py:830} INFO - Processing file /home/panda/Documents/ODAP/Project/venv310/lib/python3.10/site-packages/airflow/example_dags/example_python_decorator.py for tasks to queue
[2025-06-24T00:54:17.711+0700] {logging_mixin.py:188} INFO - [2025-06-24T00:54:17.711+0700] {dagbag.py:540} INFO - Filling up the DagBag from /home/panda/Documents/ODAP/Project/venv310/lib/python3.10/site-packages/airflow/example_dags/example_python_decorator.py
[2025-06-24T00:54:17.723+0700] {logging_mixin.py:188} INFO - [2025-06-24T00:54:17.723+0700] {example_python_decorator.py:80} WARNING - The virtalenv_python example task requires virtualenv, please install it.
[2025-06-24T00:54:17.724+0700] {processor.py:840} INFO - DAG(s) 'example_python_decorator' retrieved from /home/panda/Documents/ODAP/Project/venv310/lib/python3.10/site-packages/airflow/example_dags/example_python_decorator.py
[2025-06-24T00:54:17.745+0700] {logging_mixin.py:188} INFO - [2025-06-24T00:54:17.745+0700] {dag.py:3096} INFO - Sync 1 DAGs
[2025-06-24T00:54:17.757+0700] {logging_mixin.py:188} INFO - [2025-06-24T00:54:17.757+0700] {dag.py:3954} INFO - Setting next_dagrun for example_python_decorator to None, run_after=None
[2025-06-24T00:54:17.787+0700] {processor.py:183} INFO - Processing /home/panda/Documents/ODAP/Project/venv310/lib/python3.10/site-packages/airflow/example_dags/example_python_decorator.py took 0.087 seconds
[2025-06-24T00:55:10.867+0700] {processor.py:161} INFO - Started process (PID=25783) to work on /home/panda/Documents/ODAP/Project/venv310/lib/python3.10/site-packages/airflow/example_dags/example_python_decorator.py
[2025-06-24T00:55:10.872+0700] {processor.py:830} INFO - Processing file /home/panda/Documents/ODAP/Project/venv310/lib/python3.10/site-packages/airflow/example_dags/example_python_decorator.py for tasks to queue
[2025-06-24T00:55:10.873+0700] {logging_mixin.py:188} INFO - [2025-06-24T00:55:10.872+0700] {dagbag.py:540} INFO - Filling up the DagBag from /home/panda/Documents/ODAP/Project/venv310/lib/python3.10/site-packages/airflow/example_dags/example_python_decorator.py
[2025-06-24T00:55:10.884+0700] {logging_mixin.py:188} INFO - [2025-06-24T00:55:10.884+0700] {example_python_decorator.py:80} WARNING - The virtalenv_python example task requires virtualenv, please install it.
[2025-06-24T00:55:10.885+0700] {processor.py:840} INFO - DAG(s) 'example_python_decorator' retrieved from /home/panda/Documents/ODAP/Project/venv310/lib/python3.10/site-packages/airflow/example_dags/example_python_decorator.py
[2025-06-24T00:55:10.906+0700] {logging_mixin.py:188} INFO - [2025-06-24T00:55:10.905+0700] {dag.py:3096} INFO - Sync 1 DAGs
[2025-06-24T00:55:10.918+0700] {logging_mixin.py:188} INFO - [2025-06-24T00:55:10.918+0700] {dag.py:3954} INFO - Setting next_dagrun for example_python_decorator to None, run_after=None
[2025-06-24T00:55:10.945+0700] {processor.py:183} INFO - Processing /home/panda/Documents/ODAP/Project/venv310/lib/python3.10/site-packages/airflow/example_dags/example_python_decorator.py took 0.086 seconds
[2025-06-24T01:03:12.217+0700] {processor.py:161} INFO - Started process (PID=28556) to work on /home/panda/Documents/ODAP/Project/venv310/lib/python3.10/site-packages/airflow/example_dags/example_python_decorator.py
[2025-06-24T01:03:12.222+0700] {processor.py:830} INFO - Processing file /home/panda/Documents/ODAP/Project/venv310/lib/python3.10/site-packages/airflow/example_dags/example_python_decorator.py for tasks to queue
[2025-06-24T01:03:12.224+0700] {logging_mixin.py:188} INFO - [2025-06-24T01:03:12.223+0700] {dagbag.py:540} INFO - Filling up the DagBag from /home/panda/Documents/ODAP/Project/venv310/lib/python3.10/site-packages/airflow/example_dags/example_python_decorator.py
[2025-06-24T01:03:12.236+0700] {logging_mixin.py:188} INFO - [2025-06-24T01:03:12.235+0700] {example_python_decorator.py:80} WARNING - The virtalenv_python example task requires virtualenv, please install it.
[2025-06-24T01:03:12.236+0700] {processor.py:840} INFO - DAG(s) 'example_python_decorator' retrieved from /home/panda/Documents/ODAP/Project/venv310/lib/python3.10/site-packages/airflow/example_dags/example_python_decorator.py
[2025-06-24T01:03:12.261+0700] {logging_mixin.py:188} INFO - [2025-06-24T01:03:12.261+0700] {dag.py:3096} INFO - Sync 1 DAGs
[2025-06-24T01:03:12.276+0700] {logging_mixin.py:188} INFO - [2025-06-24T01:03:12.275+0700] {dag.py:3954} INFO - Setting next_dagrun for example_python_decorator to None, run_after=None
[2025-06-24T01:03:12.302+0700] {processor.py:183} INFO - Processing /home/panda/Documents/ODAP/Project/venv310/lib/python3.10/site-packages/airflow/example_dags/example_python_decorator.py took 0.092 seconds
[2025-06-24T01:04:04.518+0700] {processor.py:161} INFO - Started process (PID=28716) to work on /home/panda/Documents/ODAP/Project/venv310/lib/python3.10/site-packages/airflow/example_dags/example_python_decorator.py
[2025-06-24T01:04:04.523+0700] {processor.py:830} INFO - Processing file /home/panda/Documents/ODAP/Project/venv310/lib/python3.10/site-packages/airflow/example_dags/example_python_decorator.py for tasks to queue
[2025-06-24T01:04:04.525+0700] {logging_mixin.py:188} INFO - [2025-06-24T01:04:04.524+0700] {dagbag.py:540} INFO - Filling up the DagBag from /home/panda/Documents/ODAP/Project/venv310/lib/python3.10/site-packages/airflow/example_dags/example_python_decorator.py
[2025-06-24T01:04:04.537+0700] {logging_mixin.py:188} INFO - [2025-06-24T01:04:04.536+0700] {example_python_decorator.py:80} WARNING - The virtalenv_python example task requires virtualenv, please install it.
[2025-06-24T01:04:04.537+0700] {processor.py:840} INFO - DAG(s) 'example_python_decorator' retrieved from /home/panda/Documents/ODAP/Project/venv310/lib/python3.10/site-packages/airflow/example_dags/example_python_decorator.py
[2025-06-24T01:04:04.562+0700] {logging_mixin.py:188} INFO - [2025-06-24T01:04:04.561+0700] {dag.py:3096} INFO - Sync 1 DAGs
[2025-06-24T01:04:04.575+0700] {logging_mixin.py:188} INFO - [2025-06-24T01:04:04.574+0700] {dag.py:3954} INFO - Setting next_dagrun for example_python_decorator to None, run_after=None
[2025-06-24T01:04:04.607+0700] {processor.py:183} INFO - Processing /home/panda/Documents/ODAP/Project/venv310/lib/python3.10/site-packages/airflow/example_dags/example_python_decorator.py took 0.096 seconds
[2025-06-24T01:09:15.788+0700] {processor.py:161} INFO - Started process (PID=5643) to work on /home/panda/Documents/ODAP/Project/venv310/lib/python3.10/site-packages/airflow/example_dags/example_python_decorator.py
[2025-06-24T01:09:15.793+0700] {processor.py:830} INFO - Processing file /home/panda/Documents/ODAP/Project/venv310/lib/python3.10/site-packages/airflow/example_dags/example_python_decorator.py for tasks to queue
[2025-06-24T01:09:15.795+0700] {logging_mixin.py:188} INFO - [2025-06-24T01:09:15.794+0700] {dagbag.py:540} INFO - Filling up the DagBag from /home/panda/Documents/ODAP/Project/venv310/lib/python3.10/site-packages/airflow/example_dags/example_python_decorator.py
[2025-06-24T01:09:15.806+0700] {logging_mixin.py:188} INFO - [2025-06-24T01:09:15.806+0700] {example_python_decorator.py:80} WARNING - The virtalenv_python example task requires virtualenv, please install it.
[2025-06-24T01:09:15.807+0700] {processor.py:840} INFO - DAG(s) 'example_python_decorator' retrieved from /home/panda/Documents/ODAP/Project/venv310/lib/python3.10/site-packages/airflow/example_dags/example_python_decorator.py
[2025-06-24T01:09:15.827+0700] {logging_mixin.py:188} INFO - [2025-06-24T01:09:15.827+0700] {dag.py:3096} INFO - Sync 1 DAGs
[2025-06-24T01:09:15.839+0700] {logging_mixin.py:188} INFO - [2025-06-24T01:09:15.838+0700] {dag.py:3954} INFO - Setting next_dagrun for example_python_decorator to None, run_after=None
[2025-06-24T01:09:15.865+0700] {processor.py:183} INFO - Processing /home/panda/Documents/ODAP/Project/venv310/lib/python3.10/site-packages/airflow/example_dags/example_python_decorator.py took 0.084 seconds
