[2025-06-24T00:02:10.973+0700] {processor.py:161} INFO - Started process (PID=5412) to work on /home/panda/Documents/ODAP/Project/venv310/lib/python3.10/site-packages/airflow/example_dags/example_setup_teardown.py
[2025-06-24T00:02:10.974+0700] {processor.py:830} INFO - Processing file /home/panda/Documents/ODAP/Project/venv310/lib/python3.10/site-packages/airflow/example_dags/example_setup_teardown.py for tasks to queue
[2025-06-24T00:02:10.975+0700] {logging_mixin.py:188} INFO - [2025-06-24T00:02:10.975+0700] {dagbag.py:540} INFO - Filling up the DagBag from /home/panda/Documents/ODAP/Project/venv310/lib/python3.10/site-packages/airflow/example_dags/example_setup_teardown.py
[2025-06-24T00:02:10.986+0700] {processor.py:840} INFO - DAG(s) 'example_setup_teardown' retrieved from /home/panda/Documents/ODAP/Project/venv310/lib/python3.10/site-packages/airflow/example_dags/example_setup_teardown.py
[2025-06-24T00:02:11.007+0700] {logging_mixin.py:188} INFO - [2025-06-24T00:02:11.006+0700] {dag.py:3096} INFO - Sync 1 DAGs
[2025-06-24T00:02:11.026+0700] {logging_mixin.py:188} INFO - [2025-06-24T00:02:11.025+0700] {dag.py:3954} INFO - Setting next_dagrun for example_setup_teardown to 2025-06-22 00:00:00+00:00, run_after=2025-06-23 00:00:00+00:00
[2025-06-24T00:02:11.046+0700] {processor.py:183} INFO - Processing /home/panda/Documents/ODAP/Project/venv310/lib/python3.10/site-packages/airflow/example_dags/example_setup_teardown.py took 0.081 seconds
[2025-06-24T00:03:06.248+0700] {processor.py:161} INFO - Started process (PID=6218) to work on /home/panda/Documents/ODAP/Project/venv310/lib/python3.10/site-packages/airflow/example_dags/example_setup_teardown.py
[2025-06-24T00:03:06.253+0700] {processor.py:830} INFO - Processing file /home/panda/Documents/ODAP/Project/venv310/lib/python3.10/site-packages/airflow/example_dags/example_setup_teardown.py for tasks to queue
[2025-06-24T00:03:06.257+0700] {logging_mixin.py:188} INFO - [2025-06-24T00:03:06.256+0700] {dagbag.py:540} INFO - Filling up the DagBag from /home/panda/Documents/ODAP/Project/venv310/lib/python3.10/site-packages/airflow/example_dags/example_setup_teardown.py
[2025-06-24T00:03:06.265+0700] {processor.py:840} INFO - DAG(s) 'example_setup_teardown' retrieved from /home/panda/Documents/ODAP/Project/venv310/lib/python3.10/site-packages/airflow/example_dags/example_setup_teardown.py
[2025-06-24T00:03:06.284+0700] {logging_mixin.py:188} INFO - [2025-06-24T00:03:06.283+0700] {dag.py:3096} INFO - Sync 1 DAGs
[2025-06-24T00:03:06.304+0700] {logging_mixin.py:188} INFO - [2025-06-24T00:03:06.303+0700] {dag.py:3954} INFO - Setting next_dagrun for example_setup_teardown to 2025-06-22 00:00:00+00:00, run_after=2025-06-23 00:00:00+00:00
[2025-06-24T00:03:06.327+0700] {processor.py:183} INFO - Processing /home/panda/Documents/ODAP/Project/venv310/lib/python3.10/site-packages/airflow/example_dags/example_setup_teardown.py took 0.086 seconds
[2025-06-24T00:04:01.041+0700] {processor.py:161} INFO - Started process (PID=6755) to work on /home/panda/Documents/ODAP/Project/venv310/lib/python3.10/site-packages/airflow/example_dags/example_setup_teardown.py
[2025-06-24T00:04:01.046+0700] {processor.py:830} INFO - Processing file /home/panda/Documents/ODAP/Project/venv310/lib/python3.10/site-packages/airflow/example_dags/example_setup_teardown.py for tasks to queue
[2025-06-24T00:04:01.048+0700] {logging_mixin.py:188} INFO - [2025-06-24T00:04:01.048+0700] {dagbag.py:540} INFO - Filling up the DagBag from /home/panda/Documents/ODAP/Project/venv310/lib/python3.10/site-packages/airflow/example_dags/example_setup_teardown.py
[2025-06-24T00:04:01.057+0700] {processor.py:840} INFO - DAG(s) 'example_setup_teardown' retrieved from /home/panda/Documents/ODAP/Project/venv310/lib/python3.10/site-packages/airflow/example_dags/example_setup_teardown.py
[2025-06-24T00:04:01.076+0700] {logging_mixin.py:188} INFO - [2025-06-24T00:04:01.075+0700] {dag.py:3096} INFO - Sync 1 DAGs
[2025-06-24T00:04:01.263+0700] {logging_mixin.py:188} INFO - [2025-06-24T00:04:01.263+0700] {dag.py:3954} INFO - Setting next_dagrun for example_setup_teardown to 2025-06-22 00:00:00+00:00, run_after=2025-06-23 00:00:00+00:00
[2025-06-24T00:04:01.297+0700] {processor.py:183} INFO - Processing /home/panda/Documents/ODAP/Project/venv310/lib/python3.10/site-packages/airflow/example_dags/example_setup_teardown.py took 0.263 seconds
[2025-06-24T00:04:51.221+0700] {processor.py:161} INFO - Started process (PID=6891) to work on /home/panda/Documents/ODAP/Project/venv310/lib/python3.10/site-packages/airflow/example_dags/example_setup_teardown.py
[2025-06-24T00:04:51.226+0700] {processor.py:830} INFO - Processing file /home/panda/Documents/ODAP/Project/venv310/lib/python3.10/site-packages/airflow/example_dags/example_setup_teardown.py for tasks to queue
[2025-06-24T00:04:51.228+0700] {logging_mixin.py:188} INFO - [2025-06-24T00:04:51.228+0700] {dagbag.py:540} INFO - Filling up the DagBag from /home/panda/Documents/ODAP/Project/venv310/lib/python3.10/site-packages/airflow/example_dags/example_setup_teardown.py
[2025-06-24T00:04:51.237+0700] {processor.py:840} INFO - DAG(s) 'example_setup_teardown' retrieved from /home/panda/Documents/ODAP/Project/venv310/lib/python3.10/site-packages/airflow/example_dags/example_setup_teardown.py
[2025-06-24T00:04:51.257+0700] {logging_mixin.py:188} INFO - [2025-06-24T00:04:51.257+0700] {dag.py:3096} INFO - Sync 1 DAGs
[2025-06-24T00:04:51.281+0700] {logging_mixin.py:188} INFO - [2025-06-24T00:04:51.281+0700] {dag.py:3954} INFO - Setting next_dagrun for example_setup_teardown to 2025-06-22 00:00:00+00:00, run_after=2025-06-23 00:00:00+00:00
[2025-06-24T00:04:51.306+0700] {processor.py:183} INFO - Processing /home/panda/Documents/ODAP/Project/venv310/lib/python3.10/site-packages/airflow/example_dags/example_setup_teardown.py took 0.091 seconds
[2025-06-24T00:07:18.184+0700] {processor.py:161} INFO - Started process (PID=8113) to work on /home/panda/Documents/ODAP/Project/venv310/lib/python3.10/site-packages/airflow/example_dags/example_setup_teardown.py
[2025-06-24T00:07:18.189+0700] {processor.py:830} INFO - Processing file /home/panda/Documents/ODAP/Project/venv310/lib/python3.10/site-packages/airflow/example_dags/example_setup_teardown.py for tasks to queue
[2025-06-24T00:07:18.190+0700] {logging_mixin.py:188} INFO - [2025-06-24T00:07:18.190+0700] {dagbag.py:540} INFO - Filling up the DagBag from /home/panda/Documents/ODAP/Project/venv310/lib/python3.10/site-packages/airflow/example_dags/example_setup_teardown.py
[2025-06-24T00:07:18.198+0700] {processor.py:840} INFO - DAG(s) 'example_setup_teardown' retrieved from /home/panda/Documents/ODAP/Project/venv310/lib/python3.10/site-packages/airflow/example_dags/example_setup_teardown.py
[2025-06-24T00:07:18.223+0700] {logging_mixin.py:188} INFO - [2025-06-24T00:07:18.222+0700] {dag.py:3096} INFO - Sync 1 DAGs
[2025-06-24T00:07:18.243+0700] {logging_mixin.py:188} INFO - [2025-06-24T00:07:18.243+0700] {dag.py:3954} INFO - Setting next_dagrun for example_setup_teardown to 2025-06-22 00:00:00+00:00, run_after=2025-06-23 00:00:00+00:00
[2025-06-24T00:07:18.270+0700] {processor.py:183} INFO - Processing /home/panda/Documents/ODAP/Project/venv310/lib/python3.10/site-packages/airflow/example_dags/example_setup_teardown.py took 0.093 seconds
[2025-06-24T00:08:32.793+0700] {processor.py:161} INFO - Started process (PID=10634) to work on /home/panda/Documents/ODAP/Project/venv310/lib/python3.10/site-packages/airflow/example_dags/example_setup_teardown.py
[2025-06-24T00:08:32.798+0700] {processor.py:830} INFO - Processing file /home/panda/Documents/ODAP/Project/venv310/lib/python3.10/site-packages/airflow/example_dags/example_setup_teardown.py for tasks to queue
[2025-06-24T00:08:32.799+0700] {logging_mixin.py:188} INFO - [2025-06-24T00:08:32.799+0700] {dagbag.py:540} INFO - Filling up the DagBag from /home/panda/Documents/ODAP/Project/venv310/lib/python3.10/site-packages/airflow/example_dags/example_setup_teardown.py
[2025-06-24T00:08:32.807+0700] {processor.py:840} INFO - DAG(s) 'example_setup_teardown' retrieved from /home/panda/Documents/ODAP/Project/venv310/lib/python3.10/site-packages/airflow/example_dags/example_setup_teardown.py
[2025-06-24T00:08:32.828+0700] {logging_mixin.py:188} INFO - [2025-06-24T00:08:32.828+0700] {dag.py:3096} INFO - Sync 1 DAGs
[2025-06-24T00:08:32.847+0700] {logging_mixin.py:188} INFO - [2025-06-24T00:08:32.846+0700] {dag.py:3954} INFO - Setting next_dagrun for example_setup_teardown to 2025-06-22 00:00:00+00:00, run_after=2025-06-23 00:00:00+00:00
[2025-06-24T00:08:32.871+0700] {processor.py:183} INFO - Processing /home/panda/Documents/ODAP/Project/venv310/lib/python3.10/site-packages/airflow/example_dags/example_setup_teardown.py took 0.085 seconds
[2025-06-24T00:09:33.762+0700] {processor.py:161} INFO - Started process (PID=10823) to work on /home/panda/Documents/ODAP/Project/venv310/lib/python3.10/site-packages/airflow/example_dags/example_setup_teardown.py
[2025-06-24T00:09:33.767+0700] {processor.py:830} INFO - Processing file /home/panda/Documents/ODAP/Project/venv310/lib/python3.10/site-packages/airflow/example_dags/example_setup_teardown.py for tasks to queue
[2025-06-24T00:09:33.768+0700] {logging_mixin.py:188} INFO - [2025-06-24T00:09:33.767+0700] {dagbag.py:540} INFO - Filling up the DagBag from /home/panda/Documents/ODAP/Project/venv310/lib/python3.10/site-packages/airflow/example_dags/example_setup_teardown.py
[2025-06-24T00:09:33.777+0700] {processor.py:840} INFO - DAG(s) 'example_setup_teardown' retrieved from /home/panda/Documents/ODAP/Project/venv310/lib/python3.10/site-packages/airflow/example_dags/example_setup_teardown.py
[2025-06-24T00:09:33.797+0700] {logging_mixin.py:188} INFO - [2025-06-24T00:09:33.797+0700] {dag.py:3096} INFO - Sync 1 DAGs
[2025-06-24T00:09:33.817+0700] {logging_mixin.py:188} INFO - [2025-06-24T00:09:33.816+0700] {dag.py:3954} INFO - Setting next_dagrun for example_setup_teardown to 2025-06-22 00:00:00+00:00, run_after=2025-06-23 00:00:00+00:00
[2025-06-24T00:09:33.840+0700] {processor.py:183} INFO - Processing /home/panda/Documents/ODAP/Project/venv310/lib/python3.10/site-packages/airflow/example_dags/example_setup_teardown.py took 0.086 seconds
[2025-06-24T00:10:29.414+0700] {processor.py:161} INFO - Started process (PID=10972) to work on /home/panda/Documents/ODAP/Project/venv310/lib/python3.10/site-packages/airflow/example_dags/example_setup_teardown.py
[2025-06-24T00:10:29.417+0700] {processor.py:830} INFO - Processing file /home/panda/Documents/ODAP/Project/venv310/lib/python3.10/site-packages/airflow/example_dags/example_setup_teardown.py for tasks to queue
[2025-06-24T00:10:29.418+0700] {logging_mixin.py:188} INFO - [2025-06-24T00:10:29.418+0700] {dagbag.py:540} INFO - Filling up the DagBag from /home/panda/Documents/ODAP/Project/venv310/lib/python3.10/site-packages/airflow/example_dags/example_setup_teardown.py
[2025-06-24T00:10:29.426+0700] {processor.py:840} INFO - DAG(s) 'example_setup_teardown' retrieved from /home/panda/Documents/ODAP/Project/venv310/lib/python3.10/site-packages/airflow/example_dags/example_setup_teardown.py
[2025-06-24T00:10:29.446+0700] {logging_mixin.py:188} INFO - [2025-06-24T00:10:29.445+0700] {dag.py:3096} INFO - Sync 1 DAGs
[2025-06-24T00:10:29.463+0700] {logging_mixin.py:188} INFO - [2025-06-24T00:10:29.463+0700] {dag.py:3954} INFO - Setting next_dagrun for example_setup_teardown to 2025-06-22 00:00:00+00:00, run_after=2025-06-23 00:00:00+00:00
[2025-06-24T00:10:29.489+0700] {processor.py:183} INFO - Processing /home/panda/Documents/ODAP/Project/venv310/lib/python3.10/site-packages/airflow/example_dags/example_setup_teardown.py took 0.082 seconds
[2025-06-24T00:11:42.428+0700] {processor.py:161} INFO - Started process (PID=12467) to work on /home/panda/Documents/ODAP/Project/venv310/lib/python3.10/site-packages/airflow/example_dags/example_setup_teardown.py
[2025-06-24T00:11:42.433+0700] {processor.py:830} INFO - Processing file /home/panda/Documents/ODAP/Project/venv310/lib/python3.10/site-packages/airflow/example_dags/example_setup_teardown.py for tasks to queue
[2025-06-24T00:11:42.434+0700] {logging_mixin.py:188} INFO - [2025-06-24T00:11:42.433+0700] {dagbag.py:540} INFO - Filling up the DagBag from /home/panda/Documents/ODAP/Project/venv310/lib/python3.10/site-packages/airflow/example_dags/example_setup_teardown.py
[2025-06-24T00:11:42.442+0700] {processor.py:840} INFO - DAG(s) 'example_setup_teardown' retrieved from /home/panda/Documents/ODAP/Project/venv310/lib/python3.10/site-packages/airflow/example_dags/example_setup_teardown.py
[2025-06-24T00:11:42.460+0700] {logging_mixin.py:188} INFO - [2025-06-24T00:11:42.460+0700] {dag.py:3096} INFO - Sync 1 DAGs
[2025-06-24T00:11:42.478+0700] {logging_mixin.py:188} INFO - [2025-06-24T00:11:42.478+0700] {dag.py:3954} INFO - Setting next_dagrun for example_setup_teardown to 2025-06-22 00:00:00+00:00, run_after=2025-06-23 00:00:00+00:00
[2025-06-24T00:11:42.503+0700] {processor.py:183} INFO - Processing /home/panda/Documents/ODAP/Project/venv310/lib/python3.10/site-packages/airflow/example_dags/example_setup_teardown.py took 0.082 seconds
[2025-06-24T00:12:34.134+0700] {processor.py:161} INFO - Started process (PID=12675) to work on /home/panda/Documents/ODAP/Project/venv310/lib/python3.10/site-packages/airflow/example_dags/example_setup_teardown.py
[2025-06-24T00:12:34.139+0700] {processor.py:830} INFO - Processing file /home/panda/Documents/ODAP/Project/venv310/lib/python3.10/site-packages/airflow/example_dags/example_setup_teardown.py for tasks to queue
[2025-06-24T00:12:34.141+0700] {logging_mixin.py:188} INFO - [2025-06-24T00:12:34.140+0700] {dagbag.py:540} INFO - Filling up the DagBag from /home/panda/Documents/ODAP/Project/venv310/lib/python3.10/site-packages/airflow/example_dags/example_setup_teardown.py
[2025-06-24T00:12:34.150+0700] {processor.py:840} INFO - DAG(s) 'example_setup_teardown' retrieved from /home/panda/Documents/ODAP/Project/venv310/lib/python3.10/site-packages/airflow/example_dags/example_setup_teardown.py
[2025-06-24T00:12:34.169+0700] {logging_mixin.py:188} INFO - [2025-06-24T00:12:34.169+0700] {dag.py:3096} INFO - Sync 1 DAGs
[2025-06-24T00:12:34.187+0700] {logging_mixin.py:188} INFO - [2025-06-24T00:12:34.187+0700] {dag.py:3954} INFO - Setting next_dagrun for example_setup_teardown to 2025-06-22 00:00:00+00:00, run_after=2025-06-23 00:00:00+00:00
[2025-06-24T00:12:34.214+0700] {processor.py:183} INFO - Processing /home/panda/Documents/ODAP/Project/venv310/lib/python3.10/site-packages/airflow/example_dags/example_setup_teardown.py took 0.087 seconds
[2025-06-24T00:13:18.423+0700] {processor.py:161} INFO - Started process (PID=12826) to work on /home/panda/Documents/ODAP/Project/venv310/lib/python3.10/site-packages/airflow/example_dags/example_setup_teardown.py
[2025-06-24T00:13:18.428+0700] {processor.py:830} INFO - Processing file /home/panda/Documents/ODAP/Project/venv310/lib/python3.10/site-packages/airflow/example_dags/example_setup_teardown.py for tasks to queue
[2025-06-24T00:13:18.429+0700] {logging_mixin.py:188} INFO - [2025-06-24T00:13:18.428+0700] {dagbag.py:540} INFO - Filling up the DagBag from /home/panda/Documents/ODAP/Project/venv310/lib/python3.10/site-packages/airflow/example_dags/example_setup_teardown.py
[2025-06-24T00:13:18.438+0700] {processor.py:840} INFO - DAG(s) 'example_setup_teardown' retrieved from /home/panda/Documents/ODAP/Project/venv310/lib/python3.10/site-packages/airflow/example_dags/example_setup_teardown.py
[2025-06-24T00:13:18.459+0700] {logging_mixin.py:188} INFO - [2025-06-24T00:13:18.459+0700] {dag.py:3096} INFO - Sync 1 DAGs
[2025-06-24T00:13:18.479+0700] {logging_mixin.py:188} INFO - [2025-06-24T00:13:18.478+0700] {dag.py:3954} INFO - Setting next_dagrun for example_setup_teardown to 2025-06-22 00:00:00+00:00, run_after=2025-06-23 00:00:00+00:00
[2025-06-24T00:13:18.509+0700] {processor.py:183} INFO - Processing /home/panda/Documents/ODAP/Project/venv310/lib/python3.10/site-packages/airflow/example_dags/example_setup_teardown.py took 0.094 seconds
[2025-06-24T00:14:04.830+0700] {processor.py:161} INFO - Started process (PID=13062) to work on /home/panda/Documents/ODAP/Project/venv310/lib/python3.10/site-packages/airflow/example_dags/example_setup_teardown.py
[2025-06-24T00:14:04.835+0700] {processor.py:830} INFO - Processing file /home/panda/Documents/ODAP/Project/venv310/lib/python3.10/site-packages/airflow/example_dags/example_setup_teardown.py for tasks to queue
[2025-06-24T00:14:04.836+0700] {logging_mixin.py:188} INFO - [2025-06-24T00:14:04.835+0700] {dagbag.py:540} INFO - Filling up the DagBag from /home/panda/Documents/ODAP/Project/venv310/lib/python3.10/site-packages/airflow/example_dags/example_setup_teardown.py
[2025-06-24T00:14:04.843+0700] {processor.py:840} INFO - DAG(s) 'example_setup_teardown' retrieved from /home/panda/Documents/ODAP/Project/venv310/lib/python3.10/site-packages/airflow/example_dags/example_setup_teardown.py
[2025-06-24T00:14:04.863+0700] {logging_mixin.py:188} INFO - [2025-06-24T00:14:04.863+0700] {dag.py:3096} INFO - Sync 1 DAGs
[2025-06-24T00:14:04.882+0700] {logging_mixin.py:188} INFO - [2025-06-24T00:14:04.881+0700] {dag.py:3954} INFO - Setting next_dagrun for example_setup_teardown to 2025-06-22 00:00:00+00:00, run_after=2025-06-23 00:00:00+00:00
[2025-06-24T00:14:04.909+0700] {processor.py:183} INFO - Processing /home/panda/Documents/ODAP/Project/venv310/lib/python3.10/site-packages/airflow/example_dags/example_setup_teardown.py took 0.087 seconds
[2025-06-24T00:14:50.002+0700] {processor.py:161} INFO - Started process (PID=13199) to work on /home/panda/Documents/ODAP/Project/venv310/lib/python3.10/site-packages/airflow/example_dags/example_setup_teardown.py
[2025-06-24T00:14:50.004+0700] {processor.py:830} INFO - Processing file /home/panda/Documents/ODAP/Project/venv310/lib/python3.10/site-packages/airflow/example_dags/example_setup_teardown.py for tasks to queue
[2025-06-24T00:14:50.005+0700] {logging_mixin.py:188} INFO - [2025-06-24T00:14:50.005+0700] {dagbag.py:540} INFO - Filling up the DagBag from /home/panda/Documents/ODAP/Project/venv310/lib/python3.10/site-packages/airflow/example_dags/example_setup_teardown.py
[2025-06-24T00:14:50.014+0700] {processor.py:840} INFO - DAG(s) 'example_setup_teardown' retrieved from /home/panda/Documents/ODAP/Project/venv310/lib/python3.10/site-packages/airflow/example_dags/example_setup_teardown.py
[2025-06-24T00:14:50.032+0700] {logging_mixin.py:188} INFO - [2025-06-24T00:14:50.032+0700] {dag.py:3096} INFO - Sync 1 DAGs
[2025-06-24T00:14:50.049+0700] {logging_mixin.py:188} INFO - [2025-06-24T00:14:50.049+0700] {dag.py:3954} INFO - Setting next_dagrun for example_setup_teardown to 2025-06-22 00:00:00+00:00, run_after=2025-06-23 00:00:00+00:00
[2025-06-24T00:14:50.082+0700] {processor.py:183} INFO - Processing /home/panda/Documents/ODAP/Project/venv310/lib/python3.10/site-packages/airflow/example_dags/example_setup_teardown.py took 0.087 seconds
[2025-06-24T00:21:28.263+0700] {processor.py:161} INFO - Started process (PID=16587) to work on /home/panda/Documents/ODAP/Project/venv310/lib/python3.10/site-packages/airflow/example_dags/example_setup_teardown.py
[2025-06-24T00:21:28.269+0700] {processor.py:830} INFO - Processing file /home/panda/Documents/ODAP/Project/venv310/lib/python3.10/site-packages/airflow/example_dags/example_setup_teardown.py for tasks to queue
[2025-06-24T00:21:28.270+0700] {logging_mixin.py:188} INFO - [2025-06-24T00:21:28.269+0700] {dagbag.py:540} INFO - Filling up the DagBag from /home/panda/Documents/ODAP/Project/venv310/lib/python3.10/site-packages/airflow/example_dags/example_setup_teardown.py
[2025-06-24T00:21:28.277+0700] {processor.py:840} INFO - DAG(s) 'example_setup_teardown' retrieved from /home/panda/Documents/ODAP/Project/venv310/lib/python3.10/site-packages/airflow/example_dags/example_setup_teardown.py
[2025-06-24T00:21:28.299+0700] {logging_mixin.py:188} INFO - [2025-06-24T00:21:28.299+0700] {dag.py:3096} INFO - Sync 1 DAGs
[2025-06-24T00:21:28.317+0700] {logging_mixin.py:188} INFO - [2025-06-24T00:21:28.317+0700] {dag.py:3954} INFO - Setting next_dagrun for example_setup_teardown to 2025-06-22 00:00:00+00:00, run_after=2025-06-23 00:00:00+00:00
[2025-06-24T00:21:28.341+0700] {processor.py:183} INFO - Processing /home/panda/Documents/ODAP/Project/venv310/lib/python3.10/site-packages/airflow/example_dags/example_setup_teardown.py took 0.084 seconds
[2025-06-24T00:22:21.110+0700] {processor.py:161} INFO - Started process (PID=16782) to work on /home/panda/Documents/ODAP/Project/venv310/lib/python3.10/site-packages/airflow/example_dags/example_setup_teardown.py
[2025-06-24T00:22:21.115+0700] {processor.py:830} INFO - Processing file /home/panda/Documents/ODAP/Project/venv310/lib/python3.10/site-packages/airflow/example_dags/example_setup_teardown.py for tasks to queue
[2025-06-24T00:22:21.117+0700] {logging_mixin.py:188} INFO - [2025-06-24T00:22:21.116+0700] {dagbag.py:540} INFO - Filling up the DagBag from /home/panda/Documents/ODAP/Project/venv310/lib/python3.10/site-packages/airflow/example_dags/example_setup_teardown.py
[2025-06-24T00:22:21.124+0700] {processor.py:840} INFO - DAG(s) 'example_setup_teardown' retrieved from /home/panda/Documents/ODAP/Project/venv310/lib/python3.10/site-packages/airflow/example_dags/example_setup_teardown.py
[2025-06-24T00:22:21.144+0700] {logging_mixin.py:188} INFO - [2025-06-24T00:22:21.143+0700] {dag.py:3096} INFO - Sync 1 DAGs
[2025-06-24T00:22:21.164+0700] {logging_mixin.py:188} INFO - [2025-06-24T00:22:21.164+0700] {dag.py:3954} INFO - Setting next_dagrun for example_setup_teardown to 2025-06-22 00:00:00+00:00, run_after=2025-06-23 00:00:00+00:00
[2025-06-24T00:22:21.191+0700] {processor.py:183} INFO - Processing /home/panda/Documents/ODAP/Project/venv310/lib/python3.10/site-packages/airflow/example_dags/example_setup_teardown.py took 0.090 seconds
[2025-06-24T00:23:22.089+0700] {processor.py:161} INFO - Started process (PID=18252) to work on /home/panda/Documents/ODAP/Project/venv310/lib/python3.10/site-packages/airflow/example_dags/example_setup_teardown.py
[2025-06-24T00:23:22.095+0700] {processor.py:830} INFO - Processing file /home/panda/Documents/ODAP/Project/venv310/lib/python3.10/site-packages/airflow/example_dags/example_setup_teardown.py for tasks to queue
[2025-06-24T00:23:22.097+0700] {logging_mixin.py:188} INFO - [2025-06-24T00:23:22.096+0700] {dagbag.py:540} INFO - Filling up the DagBag from /home/panda/Documents/ODAP/Project/venv310/lib/python3.10/site-packages/airflow/example_dags/example_setup_teardown.py
[2025-06-24T00:23:22.105+0700] {processor.py:840} INFO - DAG(s) 'example_setup_teardown' retrieved from /home/panda/Documents/ODAP/Project/venv310/lib/python3.10/site-packages/airflow/example_dags/example_setup_teardown.py
[2025-06-24T00:23:22.125+0700] {logging_mixin.py:188} INFO - [2025-06-24T00:23:22.125+0700] {dag.py:3096} INFO - Sync 1 DAGs
[2025-06-24T00:23:22.144+0700] {logging_mixin.py:188} INFO - [2025-06-24T00:23:22.144+0700] {dag.py:3954} INFO - Setting next_dagrun for example_setup_teardown to 2025-06-22 00:00:00+00:00, run_after=2025-06-23 00:00:00+00:00
[2025-06-24T00:23:22.172+0700] {processor.py:183} INFO - Processing /home/panda/Documents/ODAP/Project/venv310/lib/python3.10/site-packages/airflow/example_dags/example_setup_teardown.py took 0.090 seconds
[2025-06-24T00:33:40.075+0700] {processor.py:161} INFO - Started process (PID=20214) to work on /home/panda/Documents/ODAP/Project/venv310/lib/python3.10/site-packages/airflow/example_dags/example_setup_teardown.py
[2025-06-24T00:33:40.080+0700] {processor.py:830} INFO - Processing file /home/panda/Documents/ODAP/Project/venv310/lib/python3.10/site-packages/airflow/example_dags/example_setup_teardown.py for tasks to queue
[2025-06-24T00:33:40.081+0700] {logging_mixin.py:188} INFO - [2025-06-24T00:33:40.081+0700] {dagbag.py:540} INFO - Filling up the DagBag from /home/panda/Documents/ODAP/Project/venv310/lib/python3.10/site-packages/airflow/example_dags/example_setup_teardown.py
[2025-06-24T00:33:40.089+0700] {processor.py:840} INFO - DAG(s) 'example_setup_teardown' retrieved from /home/panda/Documents/ODAP/Project/venv310/lib/python3.10/site-packages/airflow/example_dags/example_setup_teardown.py
[2025-06-24T00:33:40.112+0700] {logging_mixin.py:188} INFO - [2025-06-24T00:33:40.111+0700] {dag.py:3096} INFO - Sync 1 DAGs
[2025-06-24T00:33:40.133+0700] {logging_mixin.py:188} INFO - [2025-06-24T00:33:40.133+0700] {dag.py:3954} INFO - Setting next_dagrun for example_setup_teardown to 2025-06-22 00:00:00+00:00, run_after=2025-06-23 00:00:00+00:00
[2025-06-24T00:33:40.154+0700] {processor.py:183} INFO - Processing /home/panda/Documents/ODAP/Project/venv310/lib/python3.10/site-packages/airflow/example_dags/example_setup_teardown.py took 0.087 seconds
[2025-06-24T00:34:34.199+0700] {processor.py:161} INFO - Started process (PID=20403) to work on /home/panda/Documents/ODAP/Project/venv310/lib/python3.10/site-packages/airflow/example_dags/example_setup_teardown.py
[2025-06-24T00:34:34.205+0700] {processor.py:830} INFO - Processing file /home/panda/Documents/ODAP/Project/venv310/lib/python3.10/site-packages/airflow/example_dags/example_setup_teardown.py for tasks to queue
[2025-06-24T00:34:34.206+0700] {logging_mixin.py:188} INFO - [2025-06-24T00:34:34.206+0700] {dagbag.py:540} INFO - Filling up the DagBag from /home/panda/Documents/ODAP/Project/venv310/lib/python3.10/site-packages/airflow/example_dags/example_setup_teardown.py
[2025-06-24T00:34:34.216+0700] {processor.py:840} INFO - DAG(s) 'example_setup_teardown' retrieved from /home/panda/Documents/ODAP/Project/venv310/lib/python3.10/site-packages/airflow/example_dags/example_setup_teardown.py
[2025-06-24T00:34:34.240+0700] {logging_mixin.py:188} INFO - [2025-06-24T00:34:34.239+0700] {dag.py:3096} INFO - Sync 1 DAGs
[2025-06-24T00:34:34.262+0700] {logging_mixin.py:188} INFO - [2025-06-24T00:34:34.262+0700] {dag.py:3954} INFO - Setting next_dagrun for example_setup_teardown to 2025-06-22 00:00:00+00:00, run_after=2025-06-23 00:00:00+00:00
[2025-06-24T00:34:34.295+0700] {processor.py:183} INFO - Processing /home/panda/Documents/ODAP/Project/venv310/lib/python3.10/site-packages/airflow/example_dags/example_setup_teardown.py took 0.103 seconds
[2025-06-24T00:35:28.254+0700] {processor.py:161} INFO - Started process (PID=20558) to work on /home/panda/Documents/ODAP/Project/venv310/lib/python3.10/site-packages/airflow/example_dags/example_setup_teardown.py
[2025-06-24T00:35:28.259+0700] {processor.py:830} INFO - Processing file /home/panda/Documents/ODAP/Project/venv310/lib/python3.10/site-packages/airflow/example_dags/example_setup_teardown.py for tasks to queue
[2025-06-24T00:35:28.261+0700] {logging_mixin.py:188} INFO - [2025-06-24T00:35:28.260+0700] {dagbag.py:540} INFO - Filling up the DagBag from /home/panda/Documents/ODAP/Project/venv310/lib/python3.10/site-packages/airflow/example_dags/example_setup_teardown.py
[2025-06-24T00:35:28.270+0700] {processor.py:840} INFO - DAG(s) 'example_setup_teardown' retrieved from /home/panda/Documents/ODAP/Project/venv310/lib/python3.10/site-packages/airflow/example_dags/example_setup_teardown.py
[2025-06-24T00:35:28.289+0700] {logging_mixin.py:188} INFO - [2025-06-24T00:35:28.289+0700] {dag.py:3096} INFO - Sync 1 DAGs
[2025-06-24T00:35:28.308+0700] {logging_mixin.py:188} INFO - [2025-06-24T00:35:28.308+0700] {dag.py:3954} INFO - Setting next_dagrun for example_setup_teardown to 2025-06-22 00:00:00+00:00, run_after=2025-06-23 00:00:00+00:00
[2025-06-24T00:35:28.340+0700] {processor.py:183} INFO - Processing /home/panda/Documents/ODAP/Project/venv310/lib/python3.10/site-packages/airflow/example_dags/example_setup_teardown.py took 0.093 seconds
[2025-06-24T00:36:14.143+0700] {processor.py:161} INFO - Started process (PID=20824) to work on /home/panda/Documents/ODAP/Project/venv310/lib/python3.10/site-packages/airflow/example_dags/example_setup_teardown.py
[2025-06-24T00:36:14.146+0700] {processor.py:830} INFO - Processing file /home/panda/Documents/ODAP/Project/venv310/lib/python3.10/site-packages/airflow/example_dags/example_setup_teardown.py for tasks to queue
[2025-06-24T00:36:14.147+0700] {logging_mixin.py:188} INFO - [2025-06-24T00:36:14.146+0700] {dagbag.py:540} INFO - Filling up the DagBag from /home/panda/Documents/ODAP/Project/venv310/lib/python3.10/site-packages/airflow/example_dags/example_setup_teardown.py
[2025-06-24T00:36:14.155+0700] {processor.py:840} INFO - DAG(s) 'example_setup_teardown' retrieved from /home/panda/Documents/ODAP/Project/venv310/lib/python3.10/site-packages/airflow/example_dags/example_setup_teardown.py
[2025-06-24T00:36:14.175+0700] {logging_mixin.py:188} INFO - [2025-06-24T00:36:14.175+0700] {dag.py:3096} INFO - Sync 1 DAGs
[2025-06-24T00:36:14.195+0700] {logging_mixin.py:188} INFO - [2025-06-24T00:36:14.195+0700] {dag.py:3954} INFO - Setting next_dagrun for example_setup_teardown to 2025-06-22 00:00:00+00:00, run_after=2025-06-23 00:00:00+00:00
[2025-06-24T00:36:14.223+0700] {processor.py:183} INFO - Processing /home/panda/Documents/ODAP/Project/venv310/lib/python3.10/site-packages/airflow/example_dags/example_setup_teardown.py took 0.088 seconds
[2025-06-24T00:37:02.598+0700] {processor.py:161} INFO - Started process (PID=21139) to work on /home/panda/Documents/ODAP/Project/venv310/lib/python3.10/site-packages/airflow/example_dags/example_setup_teardown.py
[2025-06-24T00:37:02.603+0700] {processor.py:830} INFO - Processing file /home/panda/Documents/ODAP/Project/venv310/lib/python3.10/site-packages/airflow/example_dags/example_setup_teardown.py for tasks to queue
[2025-06-24T00:37:02.604+0700] {logging_mixin.py:188} INFO - [2025-06-24T00:37:02.603+0700] {dagbag.py:540} INFO - Filling up the DagBag from /home/panda/Documents/ODAP/Project/venv310/lib/python3.10/site-packages/airflow/example_dags/example_setup_teardown.py
[2025-06-24T00:37:02.613+0700] {processor.py:840} INFO - DAG(s) 'example_setup_teardown' retrieved from /home/panda/Documents/ODAP/Project/venv310/lib/python3.10/site-packages/airflow/example_dags/example_setup_teardown.py
[2025-06-24T00:37:02.633+0700] {logging_mixin.py:188} INFO - [2025-06-24T00:37:02.632+0700] {dag.py:3096} INFO - Sync 1 DAGs
[2025-06-24T00:37:02.652+0700] {logging_mixin.py:188} INFO - [2025-06-24T00:37:02.652+0700] {dag.py:3954} INFO - Setting next_dagrun for example_setup_teardown to 2025-06-22 00:00:00+00:00, run_after=2025-06-23 00:00:00+00:00
[2025-06-24T00:37:02.679+0700] {processor.py:183} INFO - Processing /home/panda/Documents/ODAP/Project/venv310/lib/python3.10/site-packages/airflow/example_dags/example_setup_teardown.py took 0.089 seconds
[2025-06-24T00:52:38.088+0700] {processor.py:161} INFO - Started process (PID=25132) to work on /home/panda/Documents/ODAP/Project/venv310/lib/python3.10/site-packages/airflow/example_dags/example_setup_teardown.py
[2025-06-24T00:52:38.093+0700] {processor.py:830} INFO - Processing file /home/panda/Documents/ODAP/Project/venv310/lib/python3.10/site-packages/airflow/example_dags/example_setup_teardown.py for tasks to queue
[2025-06-24T00:52:38.095+0700] {logging_mixin.py:188} INFO - [2025-06-24T00:52:38.094+0700] {dagbag.py:540} INFO - Filling up the DagBag from /home/panda/Documents/ODAP/Project/venv310/lib/python3.10/site-packages/airflow/example_dags/example_setup_teardown.py
[2025-06-24T00:52:38.106+0700] {processor.py:840} INFO - DAG(s) 'example_setup_teardown' retrieved from /home/panda/Documents/ODAP/Project/venv310/lib/python3.10/site-packages/airflow/example_dags/example_setup_teardown.py
[2025-06-24T00:52:38.137+0700] {logging_mixin.py:188} INFO - [2025-06-24T00:52:38.136+0700] {dag.py:3096} INFO - Sync 1 DAGs
[2025-06-24T00:52:38.162+0700] {logging_mixin.py:188} INFO - [2025-06-24T00:52:38.161+0700] {dag.py:3954} INFO - Setting next_dagrun for example_setup_teardown to 2025-06-22 00:00:00+00:00, run_after=2025-06-23 00:00:00+00:00
[2025-06-24T00:52:38.196+0700] {processor.py:183} INFO - Processing /home/panda/Documents/ODAP/Project/venv310/lib/python3.10/site-packages/airflow/example_dags/example_setup_teardown.py took 0.115 seconds
[2025-06-24T00:53:32.426+0700] {processor.py:161} INFO - Started process (PID=25301) to work on /home/panda/Documents/ODAP/Project/venv310/lib/python3.10/site-packages/airflow/example_dags/example_setup_teardown.py
[2025-06-24T00:53:32.431+0700] {processor.py:830} INFO - Processing file /home/panda/Documents/ODAP/Project/venv310/lib/python3.10/site-packages/airflow/example_dags/example_setup_teardown.py for tasks to queue
[2025-06-24T00:53:32.432+0700] {logging_mixin.py:188} INFO - [2025-06-24T00:53:32.431+0700] {dagbag.py:540} INFO - Filling up the DagBag from /home/panda/Documents/ODAP/Project/venv310/lib/python3.10/site-packages/airflow/example_dags/example_setup_teardown.py
[2025-06-24T00:53:32.440+0700] {processor.py:840} INFO - DAG(s) 'example_setup_teardown' retrieved from /home/panda/Documents/ODAP/Project/venv310/lib/python3.10/site-packages/airflow/example_dags/example_setup_teardown.py
[2025-06-24T00:53:32.461+0700] {logging_mixin.py:188} INFO - [2025-06-24T00:53:32.461+0700] {dag.py:3096} INFO - Sync 1 DAGs
[2025-06-24T00:53:32.482+0700] {logging_mixin.py:188} INFO - [2025-06-24T00:53:32.482+0700] {dag.py:3954} INFO - Setting next_dagrun for example_setup_teardown to 2025-06-22 00:00:00+00:00, run_after=2025-06-23 00:00:00+00:00
[2025-06-24T00:53:32.512+0700] {processor.py:183} INFO - Processing /home/panda/Documents/ODAP/Project/venv310/lib/python3.10/site-packages/airflow/example_dags/example_setup_teardown.py took 0.095 seconds
[2025-06-24T00:54:26.305+0700] {processor.py:161} INFO - Started process (PID=25603) to work on /home/panda/Documents/ODAP/Project/venv310/lib/python3.10/site-packages/airflow/example_dags/example_setup_teardown.py
[2025-06-24T00:54:26.306+0700] {processor.py:830} INFO - Processing file /home/panda/Documents/ODAP/Project/venv310/lib/python3.10/site-packages/airflow/example_dags/example_setup_teardown.py for tasks to queue
[2025-06-24T00:54:26.307+0700] {logging_mixin.py:188} INFO - [2025-06-24T00:54:26.307+0700] {dagbag.py:540} INFO - Filling up the DagBag from /home/panda/Documents/ODAP/Project/venv310/lib/python3.10/site-packages/airflow/example_dags/example_setup_teardown.py
[2025-06-24T00:54:26.317+0700] {processor.py:840} INFO - DAG(s) 'example_setup_teardown' retrieved from /home/panda/Documents/ODAP/Project/venv310/lib/python3.10/site-packages/airflow/example_dags/example_setup_teardown.py
[2025-06-24T00:54:26.338+0700] {logging_mixin.py:188} INFO - [2025-06-24T00:54:26.338+0700] {dag.py:3096} INFO - Sync 1 DAGs
[2025-06-24T00:54:26.360+0700] {logging_mixin.py:188} INFO - [2025-06-24T00:54:26.359+0700] {dag.py:3954} INFO - Setting next_dagrun for example_setup_teardown to 2025-06-22 00:00:00+00:00, run_after=2025-06-23 00:00:00+00:00
[2025-06-24T00:54:26.391+0700] {processor.py:183} INFO - Processing /home/panda/Documents/ODAP/Project/venv310/lib/python3.10/site-packages/airflow/example_dags/example_setup_teardown.py took 0.093 seconds
[2025-06-24T01:03:13.903+0700] {processor.py:161} INFO - Started process (PID=28564) to work on /home/panda/Documents/ODAP/Project/venv310/lib/python3.10/site-packages/airflow/example_dags/example_setup_teardown.py
[2025-06-24T01:03:13.909+0700] {processor.py:830} INFO - Processing file /home/panda/Documents/ODAP/Project/venv310/lib/python3.10/site-packages/airflow/example_dags/example_setup_teardown.py for tasks to queue
[2025-06-24T01:03:13.910+0700] {logging_mixin.py:188} INFO - [2025-06-24T01:03:13.910+0700] {dagbag.py:540} INFO - Filling up the DagBag from /home/panda/Documents/ODAP/Project/venv310/lib/python3.10/site-packages/airflow/example_dags/example_setup_teardown.py
[2025-06-24T01:03:13.919+0700] {processor.py:840} INFO - DAG(s) 'example_setup_teardown' retrieved from /home/panda/Documents/ODAP/Project/venv310/lib/python3.10/site-packages/airflow/example_dags/example_setup_teardown.py
[2025-06-24T01:03:13.945+0700] {logging_mixin.py:188} INFO - [2025-06-24T01:03:13.945+0700] {dag.py:3096} INFO - Sync 1 DAGs
[2025-06-24T01:03:13.967+0700] {logging_mixin.py:188} INFO - [2025-06-24T01:03:13.967+0700] {dag.py:3954} INFO - Setting next_dagrun for example_setup_teardown to 2025-06-22 00:00:00+00:00, run_after=2025-06-23 00:00:00+00:00
[2025-06-24T01:03:13.995+0700] {processor.py:183} INFO - Processing /home/panda/Documents/ODAP/Project/venv310/lib/python3.10/site-packages/airflow/example_dags/example_setup_teardown.py took 0.100 seconds
[2025-06-24T01:04:06.839+0700] {processor.py:161} INFO - Started process (PID=28725) to work on /home/panda/Documents/ODAP/Project/venv310/lib/python3.10/site-packages/airflow/example_dags/example_setup_teardown.py
[2025-06-24T01:04:06.842+0700] {processor.py:830} INFO - Processing file /home/panda/Documents/ODAP/Project/venv310/lib/python3.10/site-packages/airflow/example_dags/example_setup_teardown.py for tasks to queue
[2025-06-24T01:04:06.843+0700] {logging_mixin.py:188} INFO - [2025-06-24T01:04:06.842+0700] {dagbag.py:540} INFO - Filling up the DagBag from /home/panda/Documents/ODAP/Project/venv310/lib/python3.10/site-packages/airflow/example_dags/example_setup_teardown.py
[2025-06-24T01:04:06.851+0700] {processor.py:840} INFO - DAG(s) 'example_setup_teardown' retrieved from /home/panda/Documents/ODAP/Project/venv310/lib/python3.10/site-packages/airflow/example_dags/example_setup_teardown.py
[2025-06-24T01:04:06.872+0700] {logging_mixin.py:188} INFO - [2025-06-24T01:04:06.871+0700] {dag.py:3096} INFO - Sync 1 DAGs
[2025-06-24T01:04:06.892+0700] {logging_mixin.py:188} INFO - [2025-06-24T01:04:06.892+0700] {dag.py:3954} INFO - Setting next_dagrun for example_setup_teardown to 2025-06-22 00:00:00+00:00, run_after=2025-06-23 00:00:00+00:00
[2025-06-24T01:04:06.926+0700] {processor.py:183} INFO - Processing /home/panda/Documents/ODAP/Project/venv310/lib/python3.10/site-packages/airflow/example_dags/example_setup_teardown.py took 0.095 seconds
