[2025-06-24T00:02:36.857+0700] {processor.py:161} INFO - Started process (PID=5926) to work on /home/panda/Documents/ODAP/Project/venv310/lib/python3.10/site-packages/airflow/example_dags/example_branch_labels.py
[2025-06-24T00:02:36.858+0700] {processor.py:830} INFO - Processing file /home/panda/Documents/ODAP/Project/venv310/lib/python3.10/site-packages/airflow/example_dags/example_branch_labels.py for tasks to queue
[2025-06-24T00:02:36.859+0700] {logging_mixin.py:188} INFO - [2025-06-24T00:02:36.859+0700] {dagbag.py:540} INFO - Filling up the DagBag from /home/panda/Documents/ODAP/Project/venv310/lib/python3.10/site-packages/airflow/example_dags/example_branch_labels.py
[2025-06-24T00:02:36.868+0700] {processor.py:840} INFO - DAG(s) 'example_branch_labels' retrieved from /home/panda/Documents/ODAP/Project/venv310/lib/python3.10/site-packages/airflow/example_dags/example_branch_labels.py
[2025-06-24T00:02:36.883+0700] {logging_mixin.py:188} INFO - [2025-06-24T00:02:36.883+0700] {dag.py:3096} INFO - Sync 1 DAGs
[2025-06-24T00:02:36.901+0700] {logging_mixin.py:188} INFO - [2025-06-24T00:02:36.900+0700] {dag.py:3954} INFO - Setting next_dagrun for example_branch_labels to 2025-06-22 00:00:00+00:00, run_after=2025-06-23 00:00:00+00:00
[2025-06-24T00:02:36.926+0700] {processor.py:183} INFO - Processing /home/panda/Documents/ODAP/Project/venv310/lib/python3.10/site-packages/airflow/example_dags/example_branch_labels.py took 0.076 seconds
[2025-06-24T00:03:30.923+0700] {processor.py:161} INFO - Started process (PID=6347) to work on /home/panda/Documents/ODAP/Project/venv310/lib/python3.10/site-packages/airflow/example_dags/example_branch_labels.py
[2025-06-24T00:03:30.928+0700] {processor.py:830} INFO - Processing file /home/panda/Documents/ODAP/Project/venv310/lib/python3.10/site-packages/airflow/example_dags/example_branch_labels.py for tasks to queue
[2025-06-24T00:03:30.930+0700] {logging_mixin.py:188} INFO - [2025-06-24T00:03:30.929+0700] {dagbag.py:540} INFO - Filling up the DagBag from /home/panda/Documents/ODAP/Project/venv310/lib/python3.10/site-packages/airflow/example_dags/example_branch_labels.py
[2025-06-24T00:03:30.940+0700] {processor.py:840} INFO - DAG(s) 'example_branch_labels' retrieved from /home/panda/Documents/ODAP/Project/venv310/lib/python3.10/site-packages/airflow/example_dags/example_branch_labels.py
[2025-06-24T00:03:30.958+0700] {logging_mixin.py:188} INFO - [2025-06-24T00:03:30.958+0700] {dag.py:3096} INFO - Sync 1 DAGs
[2025-06-24T00:03:30.978+0700] {logging_mixin.py:188} INFO - [2025-06-24T00:03:30.978+0700] {dag.py:3954} INFO - Setting next_dagrun for example_branch_labels to 2025-06-22 00:00:00+00:00, run_after=2025-06-23 00:00:00+00:00
[2025-06-24T00:03:31.133+0700] {processor.py:183} INFO - Processing /home/panda/Documents/ODAP/Project/venv310/lib/python3.10/site-packages/airflow/example_dags/example_branch_labels.py took 0.217 seconds
[2025-06-24T00:04:43.801+0700] {processor.py:161} INFO - Started process (PID=6864) to work on /home/panda/Documents/ODAP/Project/venv310/lib/python3.10/site-packages/airflow/example_dags/example_branch_labels.py
[2025-06-24T00:04:43.806+0700] {processor.py:830} INFO - Processing file /home/panda/Documents/ODAP/Project/venv310/lib/python3.10/site-packages/airflow/example_dags/example_branch_labels.py for tasks to queue
[2025-06-24T00:04:43.808+0700] {logging_mixin.py:188} INFO - [2025-06-24T00:04:43.807+0700] {dagbag.py:540} INFO - Filling up the DagBag from /home/panda/Documents/ODAP/Project/venv310/lib/python3.10/site-packages/airflow/example_dags/example_branch_labels.py
[2025-06-24T00:04:43.818+0700] {processor.py:840} INFO - DAG(s) 'example_branch_labels' retrieved from /home/panda/Documents/ODAP/Project/venv310/lib/python3.10/site-packages/airflow/example_dags/example_branch_labels.py
[2025-06-24T00:04:43.836+0700] {logging_mixin.py:188} INFO - [2025-06-24T00:04:43.836+0700] {dag.py:3096} INFO - Sync 1 DAGs
[2025-06-24T00:04:43.858+0700] {logging_mixin.py:188} INFO - [2025-06-24T00:04:43.858+0700] {dag.py:3954} INFO - Setting next_dagrun for example_branch_labels to 2025-06-22 00:00:00+00:00, run_after=2025-06-23 00:00:00+00:00
[2025-06-24T00:04:43.881+0700] {processor.py:183} INFO - Processing /home/panda/Documents/ODAP/Project/venv310/lib/python3.10/site-packages/airflow/example_dags/example_branch_labels.py took 0.087 seconds
[2025-06-24T00:07:43.906+0700] {processor.py:161} INFO - Started process (PID=8279) to work on /home/panda/Documents/ODAP/Project/venv310/lib/python3.10/site-packages/airflow/example_dags/example_branch_labels.py
[2025-06-24T00:07:43.911+0700] {processor.py:830} INFO - Processing file /home/panda/Documents/ODAP/Project/venv310/lib/python3.10/site-packages/airflow/example_dags/example_branch_labels.py for tasks to queue
[2025-06-24T00:07:43.912+0700] {logging_mixin.py:188} INFO - [2025-06-24T00:07:43.911+0700] {dagbag.py:540} INFO - Filling up the DagBag from /home/panda/Documents/ODAP/Project/venv310/lib/python3.10/site-packages/airflow/example_dags/example_branch_labels.py
[2025-06-24T00:07:43.922+0700] {processor.py:840} INFO - DAG(s) 'example_branch_labels' retrieved from /home/panda/Documents/ODAP/Project/venv310/lib/python3.10/site-packages/airflow/example_dags/example_branch_labels.py
[2025-06-24T00:07:43.945+0700] {logging_mixin.py:188} INFO - [2025-06-24T00:07:43.944+0700] {dag.py:3096} INFO - Sync 1 DAGs
[2025-06-24T00:07:43.967+0700] {logging_mixin.py:188} INFO - [2025-06-24T00:07:43.966+0700] {dag.py:3954} INFO - Setting next_dagrun for example_branch_labels to 2025-06-22 00:00:00+00:00, run_after=2025-06-23 00:00:00+00:00
[2025-06-24T00:07:43.992+0700] {processor.py:183} INFO - Processing /home/panda/Documents/ODAP/Project/venv310/lib/python3.10/site-packages/airflow/example_dags/example_branch_labels.py took 0.094 seconds
[2025-06-24T00:09:08.414+0700] {processor.py:161} INFO - Started process (PID=10753) to work on /home/panda/Documents/ODAP/Project/venv310/lib/python3.10/site-packages/airflow/example_dags/example_branch_labels.py
[2025-06-24T00:09:08.419+0700] {processor.py:830} INFO - Processing file /home/panda/Documents/ODAP/Project/venv310/lib/python3.10/site-packages/airflow/example_dags/example_branch_labels.py for tasks to queue
[2025-06-24T00:09:08.420+0700] {logging_mixin.py:188} INFO - [2025-06-24T00:09:08.419+0700] {dagbag.py:540} INFO - Filling up the DagBag from /home/panda/Documents/ODAP/Project/venv310/lib/python3.10/site-packages/airflow/example_dags/example_branch_labels.py
[2025-06-24T00:09:08.429+0700] {processor.py:840} INFO - DAG(s) 'example_branch_labels' retrieved from /home/panda/Documents/ODAP/Project/venv310/lib/python3.10/site-packages/airflow/example_dags/example_branch_labels.py
[2025-06-24T00:09:08.449+0700] {logging_mixin.py:188} INFO - [2025-06-24T00:09:08.448+0700] {dag.py:3096} INFO - Sync 1 DAGs
[2025-06-24T00:09:08.468+0700] {logging_mixin.py:188} INFO - [2025-06-24T00:09:08.468+0700] {dag.py:3954} INFO - Setting next_dagrun for example_branch_labels to 2025-06-22 00:00:00+00:00, run_after=2025-06-23 00:00:00+00:00
[2025-06-24T00:09:08.492+0700] {processor.py:183} INFO - Processing /home/panda/Documents/ODAP/Project/venv310/lib/python3.10/site-packages/airflow/example_dags/example_branch_labels.py took 0.086 seconds
[2025-06-24T00:09:59.517+0700] {processor.py:161} INFO - Started process (PID=10899) to work on /home/panda/Documents/ODAP/Project/venv310/lib/python3.10/site-packages/airflow/example_dags/example_branch_labels.py
[2025-06-24T00:09:59.522+0700] {processor.py:830} INFO - Processing file /home/panda/Documents/ODAP/Project/venv310/lib/python3.10/site-packages/airflow/example_dags/example_branch_labels.py for tasks to queue
[2025-06-24T00:09:59.524+0700] {logging_mixin.py:188} INFO - [2025-06-24T00:09:59.523+0700] {dagbag.py:540} INFO - Filling up the DagBag from /home/panda/Documents/ODAP/Project/venv310/lib/python3.10/site-packages/airflow/example_dags/example_branch_labels.py
[2025-06-24T00:09:59.536+0700] {processor.py:840} INFO - DAG(s) 'example_branch_labels' retrieved from /home/panda/Documents/ODAP/Project/venv310/lib/python3.10/site-packages/airflow/example_dags/example_branch_labels.py
[2025-06-24T00:09:59.556+0700] {logging_mixin.py:188} INFO - [2025-06-24T00:09:59.556+0700] {dag.py:3096} INFO - Sync 1 DAGs
[2025-06-24T00:09:59.577+0700] {logging_mixin.py:188} INFO - [2025-06-24T00:09:59.577+0700] {dag.py:3954} INFO - Setting next_dagrun for example_branch_labels to 2025-06-22 00:00:00+00:00, run_after=2025-06-23 00:00:00+00:00
[2025-06-24T00:09:59.605+0700] {processor.py:183} INFO - Processing /home/panda/Documents/ODAP/Project/venv310/lib/python3.10/site-packages/airflow/example_dags/example_branch_labels.py took 0.096 seconds
[2025-06-24T00:11:24.068+0700] {processor.py:161} INFO - Started process (PID=12414) to work on /home/panda/Documents/ODAP/Project/venv310/lib/python3.10/site-packages/airflow/example_dags/example_branch_labels.py
[2025-06-24T00:11:24.071+0700] {processor.py:830} INFO - Processing file /home/panda/Documents/ODAP/Project/venv310/lib/python3.10/site-packages/airflow/example_dags/example_branch_labels.py for tasks to queue
[2025-06-24T00:11:24.073+0700] {logging_mixin.py:188} INFO - [2025-06-24T00:11:24.072+0700] {dagbag.py:540} INFO - Filling up the DagBag from /home/panda/Documents/ODAP/Project/venv310/lib/python3.10/site-packages/airflow/example_dags/example_branch_labels.py
[2025-06-24T00:11:24.082+0700] {processor.py:840} INFO - DAG(s) 'example_branch_labels' retrieved from /home/panda/Documents/ODAP/Project/venv310/lib/python3.10/site-packages/airflow/example_dags/example_branch_labels.py
[2025-06-24T00:11:24.098+0700] {logging_mixin.py:188} INFO - [2025-06-24T00:11:24.097+0700] {dag.py:3096} INFO - Sync 1 DAGs
[2025-06-24T00:11:24.111+0700] {logging_mixin.py:188} INFO - [2025-06-24T00:11:24.111+0700] {dag.py:3954} INFO - Setting next_dagrun for example_branch_labels to 2025-06-22 00:00:00+00:00, run_after=2025-06-23 00:00:00+00:00
[2025-06-24T00:11:24.136+0700] {processor.py:183} INFO - Processing /home/panda/Documents/ODAP/Project/venv310/lib/python3.10/site-packages/airflow/example_dags/example_branch_labels.py took 0.075 seconds
[2025-06-24T00:12:21.510+0700] {processor.py:161} INFO - Started process (PID=12619) to work on /home/panda/Documents/ODAP/Project/venv310/lib/python3.10/site-packages/airflow/example_dags/example_branch_labels.py
[2025-06-24T00:12:21.515+0700] {processor.py:830} INFO - Processing file /home/panda/Documents/ODAP/Project/venv310/lib/python3.10/site-packages/airflow/example_dags/example_branch_labels.py for tasks to queue
[2025-06-24T00:12:21.516+0700] {logging_mixin.py:188} INFO - [2025-06-24T00:12:21.516+0700] {dagbag.py:540} INFO - Filling up the DagBag from /home/panda/Documents/ODAP/Project/venv310/lib/python3.10/site-packages/airflow/example_dags/example_branch_labels.py
[2025-06-24T00:12:21.526+0700] {processor.py:840} INFO - DAG(s) 'example_branch_labels' retrieved from /home/panda/Documents/ODAP/Project/venv310/lib/python3.10/site-packages/airflow/example_dags/example_branch_labels.py
[2025-06-24T00:12:21.545+0700] {logging_mixin.py:188} INFO - [2025-06-24T00:12:21.545+0700] {dag.py:3096} INFO - Sync 1 DAGs
[2025-06-24T00:12:21.564+0700] {logging_mixin.py:188} INFO - [2025-06-24T00:12:21.564+0700] {dag.py:3954} INFO - Setting next_dagrun for example_branch_labels to 2025-06-22 00:00:00+00:00, run_after=2025-06-23 00:00:00+00:00
[2025-06-24T00:12:21.592+0700] {processor.py:183} INFO - Processing /home/panda/Documents/ODAP/Project/venv310/lib/python3.10/site-packages/airflow/example_dags/example_branch_labels.py took 0.089 seconds
[2025-06-24T00:13:29.661+0700] {processor.py:161} INFO - Started process (PID=12857) to work on /home/panda/Documents/ODAP/Project/venv310/lib/python3.10/site-packages/airflow/example_dags/example_branch_labels.py
[2025-06-24T00:13:29.665+0700] {processor.py:830} INFO - Processing file /home/panda/Documents/ODAP/Project/venv310/lib/python3.10/site-packages/airflow/example_dags/example_branch_labels.py for tasks to queue
[2025-06-24T00:13:29.667+0700] {logging_mixin.py:188} INFO - [2025-06-24T00:13:29.666+0700] {dagbag.py:540} INFO - Filling up the DagBag from /home/panda/Documents/ODAP/Project/venv310/lib/python3.10/site-packages/airflow/example_dags/example_branch_labels.py
[2025-06-24T00:13:29.677+0700] {processor.py:840} INFO - DAG(s) 'example_branch_labels' retrieved from /home/panda/Documents/ODAP/Project/venv310/lib/python3.10/site-packages/airflow/example_dags/example_branch_labels.py
[2025-06-24T00:13:29.696+0700] {logging_mixin.py:188} INFO - [2025-06-24T00:13:29.695+0700] {dag.py:3096} INFO - Sync 1 DAGs
[2025-06-24T00:13:29.715+0700] {logging_mixin.py:188} INFO - [2025-06-24T00:13:29.715+0700] {dag.py:3954} INFO - Setting next_dagrun for example_branch_labels to 2025-06-22 00:00:00+00:00, run_after=2025-06-23 00:00:00+00:00
[2025-06-24T00:13:29.736+0700] {processor.py:183} INFO - Processing /home/panda/Documents/ODAP/Project/venv310/lib/python3.10/site-packages/airflow/example_dags/example_branch_labels.py took 0.083 seconds
[2025-06-24T00:14:36.956+0700] {processor.py:161} INFO - Started process (PID=13160) to work on /home/panda/Documents/ODAP/Project/venv310/lib/python3.10/site-packages/airflow/example_dags/example_branch_labels.py
[2025-06-24T00:14:36.961+0700] {processor.py:830} INFO - Processing file /home/panda/Documents/ODAP/Project/venv310/lib/python3.10/site-packages/airflow/example_dags/example_branch_labels.py for tasks to queue
[2025-06-24T00:14:36.962+0700] {logging_mixin.py:188} INFO - [2025-06-24T00:14:36.962+0700] {dagbag.py:540} INFO - Filling up the DagBag from /home/panda/Documents/ODAP/Project/venv310/lib/python3.10/site-packages/airflow/example_dags/example_branch_labels.py
[2025-06-24T00:14:36.971+0700] {processor.py:840} INFO - DAG(s) 'example_branch_labels' retrieved from /home/panda/Documents/ODAP/Project/venv310/lib/python3.10/site-packages/airflow/example_dags/example_branch_labels.py
[2025-06-24T00:14:36.990+0700] {logging_mixin.py:188} INFO - [2025-06-24T00:14:36.990+0700] {dag.py:3096} INFO - Sync 1 DAGs
[2025-06-24T00:14:37.010+0700] {logging_mixin.py:188} INFO - [2025-06-24T00:14:37.009+0700] {dag.py:3954} INFO - Setting next_dagrun for example_branch_labels to 2025-06-22 00:00:00+00:00, run_after=2025-06-23 00:00:00+00:00
[2025-06-24T00:14:37.039+0700] {processor.py:183} INFO - Processing /home/panda/Documents/ODAP/Project/venv310/lib/python3.10/site-packages/airflow/example_dags/example_branch_labels.py took 0.090 seconds
[2025-06-24T00:21:53.735+0700] {processor.py:161} INFO - Started process (PID=16655) to work on /home/panda/Documents/ODAP/Project/venv310/lib/python3.10/site-packages/airflow/example_dags/example_branch_labels.py
[2025-06-24T00:21:53.741+0700] {processor.py:830} INFO - Processing file /home/panda/Documents/ODAP/Project/venv310/lib/python3.10/site-packages/airflow/example_dags/example_branch_labels.py for tasks to queue
[2025-06-24T00:21:53.743+0700] {logging_mixin.py:188} INFO - [2025-06-24T00:21:53.742+0700] {dagbag.py:540} INFO - Filling up the DagBag from /home/panda/Documents/ODAP/Project/venv310/lib/python3.10/site-packages/airflow/example_dags/example_branch_labels.py
[2025-06-24T00:21:53.754+0700] {processor.py:840} INFO - DAG(s) 'example_branch_labels' retrieved from /home/panda/Documents/ODAP/Project/venv310/lib/python3.10/site-packages/airflow/example_dags/example_branch_labels.py
[2025-06-24T00:21:53.775+0700] {logging_mixin.py:188} INFO - [2025-06-24T00:21:53.775+0700] {dag.py:3096} INFO - Sync 1 DAGs
[2025-06-24T00:21:53.795+0700] {logging_mixin.py:188} INFO - [2025-06-24T00:21:53.795+0700] {dag.py:3954} INFO - Setting next_dagrun for example_branch_labels to 2025-06-22 00:00:00+00:00, run_after=2025-06-23 00:00:00+00:00
[2025-06-24T00:21:53.825+0700] {processor.py:183} INFO - Processing /home/panda/Documents/ODAP/Project/venv310/lib/python3.10/site-packages/airflow/example_dags/example_branch_labels.py took 0.097 seconds
[2025-06-24T00:23:01.385+0700] {processor.py:161} INFO - Started process (PID=18070) to work on /home/panda/Documents/ODAP/Project/venv310/lib/python3.10/site-packages/airflow/example_dags/example_branch_labels.py
[2025-06-24T00:23:01.390+0700] {processor.py:830} INFO - Processing file /home/panda/Documents/ODAP/Project/venv310/lib/python3.10/site-packages/airflow/example_dags/example_branch_labels.py for tasks to queue
[2025-06-24T00:23:01.392+0700] {logging_mixin.py:188} INFO - [2025-06-24T00:23:01.391+0700] {dagbag.py:540} INFO - Filling up the DagBag from /home/panda/Documents/ODAP/Project/venv310/lib/python3.10/site-packages/airflow/example_dags/example_branch_labels.py
[2025-06-24T00:23:01.401+0700] {processor.py:840} INFO - DAG(s) 'example_branch_labels' retrieved from /home/panda/Documents/ODAP/Project/venv310/lib/python3.10/site-packages/airflow/example_dags/example_branch_labels.py
[2025-06-24T00:23:01.422+0700] {logging_mixin.py:188} INFO - [2025-06-24T00:23:01.422+0700] {dag.py:3096} INFO - Sync 1 DAGs
[2025-06-24T00:23:01.442+0700] {logging_mixin.py:188} INFO - [2025-06-24T00:23:01.442+0700] {dag.py:3954} INFO - Setting next_dagrun for example_branch_labels to 2025-06-22 00:00:00+00:00, run_after=2025-06-23 00:00:00+00:00
[2025-06-24T00:23:01.470+0700] {processor.py:183} INFO - Processing /home/panda/Documents/ODAP/Project/venv310/lib/python3.10/site-packages/airflow/example_dags/example_branch_labels.py took 0.092 seconds
[2025-06-24T00:34:05.973+0700] {processor.py:161} INFO - Started process (PID=20329) to work on /home/panda/Documents/ODAP/Project/venv310/lib/python3.10/site-packages/airflow/example_dags/example_branch_labels.py
[2025-06-24T00:34:05.978+0700] {processor.py:830} INFO - Processing file /home/panda/Documents/ODAP/Project/venv310/lib/python3.10/site-packages/airflow/example_dags/example_branch_labels.py for tasks to queue
[2025-06-24T00:34:05.979+0700] {logging_mixin.py:188} INFO - [2025-06-24T00:34:05.979+0700] {dagbag.py:540} INFO - Filling up the DagBag from /home/panda/Documents/ODAP/Project/venv310/lib/python3.10/site-packages/airflow/example_dags/example_branch_labels.py
[2025-06-24T00:34:05.990+0700] {processor.py:840} INFO - DAG(s) 'example_branch_labels' retrieved from /home/panda/Documents/ODAP/Project/venv310/lib/python3.10/site-packages/airflow/example_dags/example_branch_labels.py
[2025-06-24T00:34:06.011+0700] {logging_mixin.py:188} INFO - [2025-06-24T00:34:06.010+0700] {dag.py:3096} INFO - Sync 1 DAGs
[2025-06-24T00:34:06.030+0700] {logging_mixin.py:188} INFO - [2025-06-24T00:34:06.030+0700] {dag.py:3954} INFO - Setting next_dagrun for example_branch_labels to 2025-06-22 00:00:00+00:00, run_after=2025-06-23 00:00:00+00:00
[2025-06-24T00:34:06.053+0700] {processor.py:183} INFO - Processing /home/panda/Documents/ODAP/Project/venv310/lib/python3.10/site-packages/airflow/example_dags/example_branch_labels.py took 0.087 seconds
[2025-06-24T00:34:59.913+0700] {processor.py:161} INFO - Started process (PID=20473) to work on /home/panda/Documents/ODAP/Project/venv310/lib/python3.10/site-packages/airflow/example_dags/example_branch_labels.py
[2025-06-24T00:34:59.918+0700] {processor.py:830} INFO - Processing file /home/panda/Documents/ODAP/Project/venv310/lib/python3.10/site-packages/airflow/example_dags/example_branch_labels.py for tasks to queue
[2025-06-24T00:34:59.919+0700] {logging_mixin.py:188} INFO - [2025-06-24T00:34:59.919+0700] {dagbag.py:540} INFO - Filling up the DagBag from /home/panda/Documents/ODAP/Project/venv310/lib/python3.10/site-packages/airflow/example_dags/example_branch_labels.py
[2025-06-24T00:34:59.929+0700] {processor.py:840} INFO - DAG(s) 'example_branch_labels' retrieved from /home/panda/Documents/ODAP/Project/venv310/lib/python3.10/site-packages/airflow/example_dags/example_branch_labels.py
[2025-06-24T00:34:59.949+0700] {logging_mixin.py:188} INFO - [2025-06-24T00:34:59.949+0700] {dag.py:3096} INFO - Sync 1 DAGs
[2025-06-24T00:34:59.970+0700] {logging_mixin.py:188} INFO - [2025-06-24T00:34:59.969+0700] {dag.py:3954} INFO - Setting next_dagrun for example_branch_labels to 2025-06-22 00:00:00+00:00, run_after=2025-06-23 00:00:00+00:00
[2025-06-24T00:35:00.000+0700] {processor.py:183} INFO - Processing /home/panda/Documents/ODAP/Project/venv310/lib/python3.10/site-packages/airflow/example_dags/example_branch_labels.py took 0.093 seconds
[2025-06-24T00:36:08.540+0700] {processor.py:161} INFO - Started process (PID=20756) to work on /home/panda/Documents/ODAP/Project/venv310/lib/python3.10/site-packages/airflow/example_dags/example_branch_labels.py
[2025-06-24T00:36:08.546+0700] {processor.py:830} INFO - Processing file /home/panda/Documents/ODAP/Project/venv310/lib/python3.10/site-packages/airflow/example_dags/example_branch_labels.py for tasks to queue
[2025-06-24T00:36:08.547+0700] {logging_mixin.py:188} INFO - [2025-06-24T00:36:08.547+0700] {dagbag.py:540} INFO - Filling up the DagBag from /home/panda/Documents/ODAP/Project/venv310/lib/python3.10/site-packages/airflow/example_dags/example_branch_labels.py
[2025-06-24T00:36:08.558+0700] {processor.py:840} INFO - DAG(s) 'example_branch_labels' retrieved from /home/panda/Documents/ODAP/Project/venv310/lib/python3.10/site-packages/airflow/example_dags/example_branch_labels.py
[2025-06-24T00:36:08.580+0700] {logging_mixin.py:188} INFO - [2025-06-24T00:36:08.579+0700] {dag.py:3096} INFO - Sync 1 DAGs
[2025-06-24T00:36:08.600+0700] {logging_mixin.py:188} INFO - [2025-06-24T00:36:08.600+0700] {dag.py:3954} INFO - Setting next_dagrun for example_branch_labels to 2025-06-22 00:00:00+00:00, run_after=2025-06-23 00:00:00+00:00
[2025-06-24T00:36:08.631+0700] {processor.py:183} INFO - Processing /home/panda/Documents/ODAP/Project/venv310/lib/python3.10/site-packages/airflow/example_dags/example_branch_labels.py took 0.098 seconds
[2025-06-24T00:53:03.980+0700] {processor.py:161} INFO - Started process (PID=25199) to work on /home/panda/Documents/ODAP/Project/venv310/lib/python3.10/site-packages/airflow/example_dags/example_branch_labels.py
[2025-06-24T00:53:03.985+0700] {processor.py:830} INFO - Processing file /home/panda/Documents/ODAP/Project/venv310/lib/python3.10/site-packages/airflow/example_dags/example_branch_labels.py for tasks to queue
[2025-06-24T00:53:03.987+0700] {logging_mixin.py:188} INFO - [2025-06-24T00:53:03.986+0700] {dagbag.py:540} INFO - Filling up the DagBag from /home/panda/Documents/ODAP/Project/venv310/lib/python3.10/site-packages/airflow/example_dags/example_branch_labels.py
[2025-06-24T00:53:03.997+0700] {processor.py:840} INFO - DAG(s) 'example_branch_labels' retrieved from /home/panda/Documents/ODAP/Project/venv310/lib/python3.10/site-packages/airflow/example_dags/example_branch_labels.py
[2025-06-24T00:53:04.024+0700] {logging_mixin.py:188} INFO - [2025-06-24T00:53:04.024+0700] {dag.py:3096} INFO - Sync 1 DAGs
[2025-06-24T00:53:04.045+0700] {logging_mixin.py:188} INFO - [2025-06-24T00:53:04.045+0700] {dag.py:3954} INFO - Setting next_dagrun for example_branch_labels to 2025-06-22 00:00:00+00:00, run_after=2025-06-23 00:00:00+00:00
[2025-06-24T00:53:04.073+0700] {processor.py:183} INFO - Processing /home/panda/Documents/ODAP/Project/venv310/lib/python3.10/site-packages/airflow/example_dags/example_branch_labels.py took 0.101 seconds
[2025-06-24T00:53:59.219+0700] {processor.py:161} INFO - Started process (PID=25462) to work on /home/panda/Documents/ODAP/Project/venv310/lib/python3.10/site-packages/airflow/example_dags/example_branch_labels.py
[2025-06-24T00:53:59.221+0700] {processor.py:830} INFO - Processing file /home/panda/Documents/ODAP/Project/venv310/lib/python3.10/site-packages/airflow/example_dags/example_branch_labels.py for tasks to queue
[2025-06-24T00:53:59.222+0700] {logging_mixin.py:188} INFO - [2025-06-24T00:53:59.222+0700] {dagbag.py:540} INFO - Filling up the DagBag from /home/panda/Documents/ODAP/Project/venv310/lib/python3.10/site-packages/airflow/example_dags/example_branch_labels.py
[2025-06-24T00:53:59.232+0700] {processor.py:840} INFO - DAG(s) 'example_branch_labels' retrieved from /home/panda/Documents/ODAP/Project/venv310/lib/python3.10/site-packages/airflow/example_dags/example_branch_labels.py
[2025-06-24T00:53:59.254+0700] {logging_mixin.py:188} INFO - [2025-06-24T00:53:59.254+0700] {dag.py:3096} INFO - Sync 1 DAGs
[2025-06-24T00:53:59.275+0700] {logging_mixin.py:188} INFO - [2025-06-24T00:53:59.275+0700] {dag.py:3954} INFO - Setting next_dagrun for example_branch_labels to 2025-06-22 00:00:00+00:00, run_after=2025-06-23 00:00:00+00:00
[2025-06-24T00:53:59.305+0700] {processor.py:183} INFO - Processing /home/panda/Documents/ODAP/Project/venv310/lib/python3.10/site-packages/airflow/example_dags/example_branch_labels.py took 0.094 seconds
[2025-06-24T00:55:07.611+0700] {processor.py:161} INFO - Started process (PID=25747) to work on /home/panda/Documents/ODAP/Project/venv310/lib/python3.10/site-packages/airflow/example_dags/example_branch_labels.py
[2025-06-24T00:55:07.614+0700] {processor.py:830} INFO - Processing file /home/panda/Documents/ODAP/Project/venv310/lib/python3.10/site-packages/airflow/example_dags/example_branch_labels.py for tasks to queue
[2025-06-24T00:55:07.615+0700] {logging_mixin.py:188} INFO - [2025-06-24T00:55:07.615+0700] {dagbag.py:540} INFO - Filling up the DagBag from /home/panda/Documents/ODAP/Project/venv310/lib/python3.10/site-packages/airflow/example_dags/example_branch_labels.py
[2025-06-24T00:55:07.626+0700] {processor.py:840} INFO - DAG(s) 'example_branch_labels' retrieved from /home/panda/Documents/ODAP/Project/venv310/lib/python3.10/site-packages/airflow/example_dags/example_branch_labels.py
[2025-06-24T00:55:07.647+0700] {logging_mixin.py:188} INFO - [2025-06-24T00:55:07.646+0700] {dag.py:3096} INFO - Sync 1 DAGs
[2025-06-24T00:55:07.667+0700] {logging_mixin.py:188} INFO - [2025-06-24T00:55:07.666+0700] {dag.py:3954} INFO - Setting next_dagrun for example_branch_labels to 2025-06-22 00:00:00+00:00, run_after=2025-06-23 00:00:00+00:00
[2025-06-24T00:55:07.696+0700] {processor.py:183} INFO - Processing /home/panda/Documents/ODAP/Project/venv310/lib/python3.10/site-packages/airflow/example_dags/example_branch_labels.py took 0.093 seconds
[2025-06-24T01:03:38.598+0700] {processor.py:161} INFO - Started process (PID=28638) to work on /home/panda/Documents/ODAP/Project/venv310/lib/python3.10/site-packages/airflow/example_dags/example_branch_labels.py
[2025-06-24T01:03:38.600+0700] {processor.py:830} INFO - Processing file /home/panda/Documents/ODAP/Project/venv310/lib/python3.10/site-packages/airflow/example_dags/example_branch_labels.py for tasks to queue
[2025-06-24T01:03:38.601+0700] {logging_mixin.py:188} INFO - [2025-06-24T01:03:38.600+0700] {dagbag.py:540} INFO - Filling up the DagBag from /home/panda/Documents/ODAP/Project/venv310/lib/python3.10/site-packages/airflow/example_dags/example_branch_labels.py
[2025-06-24T01:03:38.611+0700] {processor.py:840} INFO - DAG(s) 'example_branch_labels' retrieved from /home/panda/Documents/ODAP/Project/venv310/lib/python3.10/site-packages/airflow/example_dags/example_branch_labels.py
[2025-06-24T01:03:38.630+0700] {logging_mixin.py:188} INFO - [2025-06-24T01:03:38.630+0700] {dag.py:3096} INFO - Sync 1 DAGs
[2025-06-24T01:03:38.653+0700] {logging_mixin.py:188} INFO - [2025-06-24T01:03:38.652+0700] {dag.py:3954} INFO - Setting next_dagrun for example_branch_labels to 2025-06-22 00:00:00+00:00, run_after=2025-06-23 00:00:00+00:00
[2025-06-24T01:03:38.680+0700] {processor.py:183} INFO - Processing /home/panda/Documents/ODAP/Project/venv310/lib/python3.10/site-packages/airflow/example_dags/example_branch_labels.py took 0.090 seconds
[2025-06-24T01:04:32.596+0700] {processor.py:161} INFO - Started process (PID=28945) to work on /home/panda/Documents/ODAP/Project/venv310/lib/python3.10/site-packages/airflow/example_dags/example_branch_labels.py
[2025-06-24T01:04:32.601+0700] {processor.py:830} INFO - Processing file /home/panda/Documents/ODAP/Project/venv310/lib/python3.10/site-packages/airflow/example_dags/example_branch_labels.py for tasks to queue
[2025-06-24T01:04:32.602+0700] {logging_mixin.py:188} INFO - [2025-06-24T01:04:32.601+0700] {dagbag.py:540} INFO - Filling up the DagBag from /home/panda/Documents/ODAP/Project/venv310/lib/python3.10/site-packages/airflow/example_dags/example_branch_labels.py
[2025-06-24T01:04:32.612+0700] {processor.py:840} INFO - DAG(s) 'example_branch_labels' retrieved from /home/panda/Documents/ODAP/Project/venv310/lib/python3.10/site-packages/airflow/example_dags/example_branch_labels.py
[2025-06-24T01:04:32.631+0700] {logging_mixin.py:188} INFO - [2025-06-24T01:04:32.631+0700] {dag.py:3096} INFO - Sync 1 DAGs
[2025-06-24T01:04:32.653+0700] {logging_mixin.py:188} INFO - [2025-06-24T01:04:32.653+0700] {dag.py:3954} INFO - Setting next_dagrun for example_branch_labels to 2025-06-22 00:00:00+00:00, run_after=2025-06-23 00:00:00+00:00
[2025-06-24T01:04:32.677+0700] {processor.py:183} INFO - Processing /home/panda/Documents/ODAP/Project/venv310/lib/python3.10/site-packages/airflow/example_dags/example_branch_labels.py took 0.089 seconds
