[2025-06-24T00:02:16.125+0700] {processor.py:161} INFO - Started process (PID=5664) to work on /home/panda/Documents/ODAP/Project/venv310/lib/python3.10/site-packages/airflow/example_dags/example_python_operator.py
[2025-06-24T00:02:16.126+0700] {processor.py:830} INFO - Processing file /home/panda/Documents/ODAP/Project/venv310/lib/python3.10/site-packages/airflow/example_dags/example_python_operator.py for tasks to queue
[2025-06-24T00:02:16.129+0700] {logging_mixin.py:188} INFO - [2025-06-24T00:02:16.128+0700] {dagbag.py:540} INFO - Filling up the DagBag from /home/panda/Documents/ODAP/Project/venv310/lib/python3.10/site-packages/airflow/example_dags/example_python_operator.py
[2025-06-24T00:02:16.138+0700] {logging_mixin.py:188} INFO - [2025-06-24T00:02:16.137+0700] {example_python_operator.py:93} WARNING - The virtalenv_python example task requires virtualenv, please install it.
[2025-06-24T00:02:16.140+0700] {processor.py:840} INFO - DAG(s) 'example_python_operator' retrieved from /home/panda/Documents/ODAP/Project/venv310/lib/python3.10/site-packages/airflow/example_dags/example_python_operator.py
[2025-06-24T00:02:16.164+0700] {logging_mixin.py:188} INFO - [2025-06-24T00:02:16.163+0700] {dag.py:3096} INFO - Sync 1 DAGs
[2025-06-24T00:02:16.174+0700] {logging_mixin.py:188} INFO - [2025-06-24T00:02:16.174+0700] {dag.py:3954} INFO - Setting next_dagrun for example_python_operator to None, run_after=None
[2025-06-24T00:02:16.204+0700] {processor.py:183} INFO - Processing /home/panda/Documents/ODAP/Project/venv310/lib/python3.10/site-packages/airflow/example_dags/example_python_operator.py took 0.086 seconds
[2025-06-24T00:03:10.353+0700] {processor.py:161} INFO - Started process (PID=6234) to work on /home/panda/Documents/ODAP/Project/venv310/lib/python3.10/site-packages/airflow/example_dags/example_python_operator.py
[2025-06-24T00:03:10.359+0700] {processor.py:830} INFO - Processing file /home/panda/Documents/ODAP/Project/venv310/lib/python3.10/site-packages/airflow/example_dags/example_python_operator.py for tasks to queue
[2025-06-24T00:03:10.361+0700] {logging_mixin.py:188} INFO - [2025-06-24T00:03:10.360+0700] {dagbag.py:540} INFO - Filling up the DagBag from /home/panda/Documents/ODAP/Project/venv310/lib/python3.10/site-packages/airflow/example_dags/example_python_operator.py
[2025-06-24T00:03:10.370+0700] {logging_mixin.py:188} INFO - [2025-06-24T00:03:10.370+0700] {example_python_operator.py:93} WARNING - The virtalenv_python example task requires virtualenv, please install it.
[2025-06-24T00:03:10.370+0700] {processor.py:840} INFO - DAG(s) 'example_python_operator' retrieved from /home/panda/Documents/ODAP/Project/venv310/lib/python3.10/site-packages/airflow/example_dags/example_python_operator.py
[2025-06-24T00:03:10.390+0700] {logging_mixin.py:188} INFO - [2025-06-24T00:03:10.389+0700] {dag.py:3096} INFO - Sync 1 DAGs
[2025-06-24T00:03:10.401+0700] {logging_mixin.py:188} INFO - [2025-06-24T00:03:10.401+0700] {dag.py:3954} INFO - Setting next_dagrun for example_python_operator to None, run_after=None
[2025-06-24T00:03:10.427+0700] {processor.py:183} INFO - Processing /home/panda/Documents/ODAP/Project/venv310/lib/python3.10/site-packages/airflow/example_dags/example_python_operator.py took 0.081 seconds
[2025-06-24T00:04:06.405+0700] {processor.py:161} INFO - Started process (PID=6775) to work on /home/panda/Documents/ODAP/Project/venv310/lib/python3.10/site-packages/airflow/example_dags/example_python_operator.py
[2025-06-24T00:04:06.407+0700] {processor.py:830} INFO - Processing file /home/panda/Documents/ODAP/Project/venv310/lib/python3.10/site-packages/airflow/example_dags/example_python_operator.py for tasks to queue
[2025-06-24T00:04:06.409+0700] {logging_mixin.py:188} INFO - [2025-06-24T00:04:06.409+0700] {dagbag.py:540} INFO - Filling up the DagBag from /home/panda/Documents/ODAP/Project/venv310/lib/python3.10/site-packages/airflow/example_dags/example_python_operator.py
[2025-06-24T00:04:06.418+0700] {logging_mixin.py:188} INFO - [2025-06-24T00:04:06.418+0700] {example_python_operator.py:93} WARNING - The virtalenv_python example task requires virtualenv, please install it.
[2025-06-24T00:04:06.418+0700] {processor.py:840} INFO - DAG(s) 'example_python_operator' retrieved from /home/panda/Documents/ODAP/Project/venv310/lib/python3.10/site-packages/airflow/example_dags/example_python_operator.py
[2025-06-24T00:04:06.566+0700] {logging_mixin.py:188} INFO - [2025-06-24T00:04:06.565+0700] {dag.py:3096} INFO - Sync 1 DAGs
[2025-06-24T00:04:06.576+0700] {logging_mixin.py:188} INFO - [2025-06-24T00:04:06.576+0700] {dag.py:3954} INFO - Setting next_dagrun for example_python_operator to None, run_after=None
[2025-06-24T00:04:06.603+0700] {processor.py:183} INFO - Processing /home/panda/Documents/ODAP/Project/venv310/lib/python3.10/site-packages/airflow/example_dags/example_python_operator.py took 0.205 seconds
[2025-06-24T00:04:56.254+0700] {processor.py:161} INFO - Started process (PID=6907) to work on /home/panda/Documents/ODAP/Project/venv310/lib/python3.10/site-packages/airflow/example_dags/example_python_operator.py
[2025-06-24T00:04:56.259+0700] {processor.py:830} INFO - Processing file /home/panda/Documents/ODAP/Project/venv310/lib/python3.10/site-packages/airflow/example_dags/example_python_operator.py for tasks to queue
[2025-06-24T00:04:56.261+0700] {logging_mixin.py:188} INFO - [2025-06-24T00:04:56.260+0700] {dagbag.py:540} INFO - Filling up the DagBag from /home/panda/Documents/ODAP/Project/venv310/lib/python3.10/site-packages/airflow/example_dags/example_python_operator.py
[2025-06-24T00:04:56.269+0700] {logging_mixin.py:188} INFO - [2025-06-24T00:04:56.268+0700] {example_python_operator.py:93} WARNING - The virtalenv_python example task requires virtualenv, please install it.
[2025-06-24T00:04:56.269+0700] {processor.py:840} INFO - DAG(s) 'example_python_operator' retrieved from /home/panda/Documents/ODAP/Project/venv310/lib/python3.10/site-packages/airflow/example_dags/example_python_operator.py
[2025-06-24T00:04:56.286+0700] {logging_mixin.py:188} INFO - [2025-06-24T00:04:56.286+0700] {dag.py:3096} INFO - Sync 1 DAGs
[2025-06-24T00:04:56.297+0700] {logging_mixin.py:188} INFO - [2025-06-24T00:04:56.297+0700] {dag.py:3954} INFO - Setting next_dagrun for example_python_operator to None, run_after=None
[2025-06-24T00:04:56.331+0700] {processor.py:183} INFO - Processing /home/panda/Documents/ODAP/Project/venv310/lib/python3.10/site-packages/airflow/example_dags/example_python_operator.py took 0.084 seconds
[2025-06-24T00:07:23.445+0700] {processor.py:161} INFO - Started process (PID=8133) to work on /home/panda/Documents/ODAP/Project/venv310/lib/python3.10/site-packages/airflow/example_dags/example_python_operator.py
[2025-06-24T00:07:23.450+0700] {processor.py:830} INFO - Processing file /home/panda/Documents/ODAP/Project/venv310/lib/python3.10/site-packages/airflow/example_dags/example_python_operator.py for tasks to queue
[2025-06-24T00:07:23.451+0700] {logging_mixin.py:188} INFO - [2025-06-24T00:07:23.450+0700] {dagbag.py:540} INFO - Filling up the DagBag from /home/panda/Documents/ODAP/Project/venv310/lib/python3.10/site-packages/airflow/example_dags/example_python_operator.py
[2025-06-24T00:07:23.459+0700] {logging_mixin.py:188} INFO - [2025-06-24T00:07:23.458+0700] {example_python_operator.py:93} WARNING - The virtalenv_python example task requires virtualenv, please install it.
[2025-06-24T00:07:23.459+0700] {processor.py:840} INFO - DAG(s) 'example_python_operator' retrieved from /home/panda/Documents/ODAP/Project/venv310/lib/python3.10/site-packages/airflow/example_dags/example_python_operator.py
[2025-06-24T00:07:23.478+0700] {logging_mixin.py:188} INFO - [2025-06-24T00:07:23.477+0700] {dag.py:3096} INFO - Sync 1 DAGs
[2025-06-24T00:07:23.487+0700] {logging_mixin.py:188} INFO - [2025-06-24T00:07:23.487+0700] {dag.py:3954} INFO - Setting next_dagrun for example_python_operator to None, run_after=None
[2025-06-24T00:07:23.508+0700] {processor.py:183} INFO - Processing /home/panda/Documents/ODAP/Project/venv310/lib/python3.10/site-packages/airflow/example_dags/example_python_operator.py took 0.071 seconds
[2025-06-24T00:08:49.257+0700] {processor.py:161} INFO - Started process (PID=10700) to work on /home/panda/Documents/ODAP/Project/venv310/lib/python3.10/site-packages/airflow/example_dags/example_python_operator.py
[2025-06-24T00:08:49.263+0700] {processor.py:830} INFO - Processing file /home/panda/Documents/ODAP/Project/venv310/lib/python3.10/site-packages/airflow/example_dags/example_python_operator.py for tasks to queue
[2025-06-24T00:08:49.264+0700] {logging_mixin.py:188} INFO - [2025-06-24T00:08:49.263+0700] {dagbag.py:540} INFO - Filling up the DagBag from /home/panda/Documents/ODAP/Project/venv310/lib/python3.10/site-packages/airflow/example_dags/example_python_operator.py
[2025-06-24T00:08:49.272+0700] {logging_mixin.py:188} INFO - [2025-06-24T00:08:49.272+0700] {example_python_operator.py:93} WARNING - The virtalenv_python example task requires virtualenv, please install it.
[2025-06-24T00:08:49.273+0700] {processor.py:840} INFO - DAG(s) 'example_python_operator' retrieved from /home/panda/Documents/ODAP/Project/venv310/lib/python3.10/site-packages/airflow/example_dags/example_python_operator.py
[2025-06-24T00:08:49.292+0700] {logging_mixin.py:188} INFO - [2025-06-24T00:08:49.292+0700] {dag.py:3096} INFO - Sync 1 DAGs
[2025-06-24T00:08:49.304+0700] {logging_mixin.py:188} INFO - [2025-06-24T00:08:49.304+0700] {dag.py:3954} INFO - Setting next_dagrun for example_python_operator to None, run_after=None
[2025-06-24T00:08:49.332+0700] {processor.py:183} INFO - Processing /home/panda/Documents/ODAP/Project/venv310/lib/python3.10/site-packages/airflow/example_dags/example_python_operator.py took 0.081 seconds
[2025-06-24T00:09:41.181+0700] {processor.py:161} INFO - Started process (PID=10842) to work on /home/panda/Documents/ODAP/Project/venv310/lib/python3.10/site-packages/airflow/example_dags/example_python_operator.py
[2025-06-24T00:09:41.185+0700] {processor.py:830} INFO - Processing file /home/panda/Documents/ODAP/Project/venv310/lib/python3.10/site-packages/airflow/example_dags/example_python_operator.py for tasks to queue
[2025-06-24T00:09:41.186+0700] {logging_mixin.py:188} INFO - [2025-06-24T00:09:41.185+0700] {dagbag.py:540} INFO - Filling up the DagBag from /home/panda/Documents/ODAP/Project/venv310/lib/python3.10/site-packages/airflow/example_dags/example_python_operator.py
[2025-06-24T00:09:41.196+0700] {logging_mixin.py:188} INFO - [2025-06-24T00:09:41.195+0700] {example_python_operator.py:93} WARNING - The virtalenv_python example task requires virtualenv, please install it.
[2025-06-24T00:09:41.196+0700] {processor.py:840} INFO - DAG(s) 'example_python_operator' retrieved from /home/panda/Documents/ODAP/Project/venv310/lib/python3.10/site-packages/airflow/example_dags/example_python_operator.py
[2025-06-24T00:09:41.218+0700] {logging_mixin.py:188} INFO - [2025-06-24T00:09:41.218+0700] {dag.py:3096} INFO - Sync 1 DAGs
[2025-06-24T00:09:41.230+0700] {logging_mixin.py:188} INFO - [2025-06-24T00:09:41.230+0700] {dag.py:3954} INFO - Setting next_dagrun for example_python_operator to None, run_after=None
[2025-06-24T00:09:41.257+0700] {processor.py:183} INFO - Processing /home/panda/Documents/ODAP/Project/venv310/lib/python3.10/site-packages/airflow/example_dags/example_python_operator.py took 0.083 seconds
[2025-06-24T00:10:34.573+0700] {processor.py:161} INFO - Started process (PID=10994) to work on /home/panda/Documents/ODAP/Project/venv310/lib/python3.10/site-packages/airflow/example_dags/example_python_operator.py
[2025-06-24T00:10:34.578+0700] {processor.py:830} INFO - Processing file /home/panda/Documents/ODAP/Project/venv310/lib/python3.10/site-packages/airflow/example_dags/example_python_operator.py for tasks to queue
[2025-06-24T00:10:34.579+0700] {logging_mixin.py:188} INFO - [2025-06-24T00:10:34.578+0700] {dagbag.py:540} INFO - Filling up the DagBag from /home/panda/Documents/ODAP/Project/venv310/lib/python3.10/site-packages/airflow/example_dags/example_python_operator.py
[2025-06-24T00:10:34.587+0700] {logging_mixin.py:188} INFO - [2025-06-24T00:10:34.587+0700] {example_python_operator.py:93} WARNING - The virtalenv_python example task requires virtualenv, please install it.
[2025-06-24T00:10:34.588+0700] {processor.py:840} INFO - DAG(s) 'example_python_operator' retrieved from /home/panda/Documents/ODAP/Project/venv310/lib/python3.10/site-packages/airflow/example_dags/example_python_operator.py
[2025-06-24T00:10:34.608+0700] {logging_mixin.py:188} INFO - [2025-06-24T00:10:34.608+0700] {dag.py:3096} INFO - Sync 1 DAGs
[2025-06-24T00:10:34.620+0700] {logging_mixin.py:188} INFO - [2025-06-24T00:10:34.620+0700] {dag.py:3954} INFO - Setting next_dagrun for example_python_operator to None, run_after=None
[2025-06-24T00:10:34.647+0700] {processor.py:183} INFO - Processing /home/panda/Documents/ODAP/Project/venv310/lib/python3.10/site-packages/airflow/example_dags/example_python_operator.py took 0.081 seconds
[2025-06-24T00:11:47.497+0700] {processor.py:161} INFO - Started process (PID=12483) to work on /home/panda/Documents/ODAP/Project/venv310/lib/python3.10/site-packages/airflow/example_dags/example_python_operator.py
[2025-06-24T00:11:47.502+0700] {processor.py:830} INFO - Processing file /home/panda/Documents/ODAP/Project/venv310/lib/python3.10/site-packages/airflow/example_dags/example_python_operator.py for tasks to queue
[2025-06-24T00:11:47.503+0700] {logging_mixin.py:188} INFO - [2025-06-24T00:11:47.503+0700] {dagbag.py:540} INFO - Filling up the DagBag from /home/panda/Documents/ODAP/Project/venv310/lib/python3.10/site-packages/airflow/example_dags/example_python_operator.py
[2025-06-24T00:11:47.511+0700] {logging_mixin.py:188} INFO - [2025-06-24T00:11:47.511+0700] {example_python_operator.py:93} WARNING - The virtalenv_python example task requires virtualenv, please install it.
[2025-06-24T00:11:47.512+0700] {processor.py:840} INFO - DAG(s) 'example_python_operator' retrieved from /home/panda/Documents/ODAP/Project/venv310/lib/python3.10/site-packages/airflow/example_dags/example_python_operator.py
[2025-06-24T00:11:47.533+0700] {logging_mixin.py:188} INFO - [2025-06-24T00:11:47.533+0700] {dag.py:3096} INFO - Sync 1 DAGs
[2025-06-24T00:11:47.545+0700] {logging_mixin.py:188} INFO - [2025-06-24T00:11:47.545+0700] {dag.py:3954} INFO - Setting next_dagrun for example_python_operator to None, run_after=None
[2025-06-24T00:11:47.570+0700] {processor.py:183} INFO - Processing /home/panda/Documents/ODAP/Project/venv310/lib/python3.10/site-packages/airflow/example_dags/example_python_operator.py took 0.080 seconds
[2025-06-24T00:12:38.157+0700] {processor.py:161} INFO - Started process (PID=12685) to work on /home/panda/Documents/ODAP/Project/venv310/lib/python3.10/site-packages/airflow/example_dags/example_python_operator.py
[2025-06-24T00:12:38.162+0700] {processor.py:830} INFO - Processing file /home/panda/Documents/ODAP/Project/venv310/lib/python3.10/site-packages/airflow/example_dags/example_python_operator.py for tasks to queue
[2025-06-24T00:12:38.163+0700] {logging_mixin.py:188} INFO - [2025-06-24T00:12:38.162+0700] {dagbag.py:540} INFO - Filling up the DagBag from /home/panda/Documents/ODAP/Project/venv310/lib/python3.10/site-packages/airflow/example_dags/example_python_operator.py
[2025-06-24T00:12:38.171+0700] {logging_mixin.py:188} INFO - [2025-06-24T00:12:38.171+0700] {example_python_operator.py:93} WARNING - The virtalenv_python example task requires virtualenv, please install it.
[2025-06-24T00:12:38.171+0700] {processor.py:840} INFO - DAG(s) 'example_python_operator' retrieved from /home/panda/Documents/ODAP/Project/venv310/lib/python3.10/site-packages/airflow/example_dags/example_python_operator.py
[2025-06-24T00:12:38.191+0700] {logging_mixin.py:188} INFO - [2025-06-24T00:12:38.190+0700] {dag.py:3096} INFO - Sync 1 DAGs
[2025-06-24T00:12:38.202+0700] {logging_mixin.py:188} INFO - [2025-06-24T00:12:38.202+0700] {dag.py:3954} INFO - Setting next_dagrun for example_python_operator to None, run_after=None
[2025-06-24T00:12:38.231+0700] {processor.py:183} INFO - Processing /home/panda/Documents/ODAP/Project/venv310/lib/python3.10/site-packages/airflow/example_dags/example_python_operator.py took 0.081 seconds
[2025-06-24T00:13:23.489+0700] {processor.py:161} INFO - Started process (PID=12837) to work on /home/panda/Documents/ODAP/Project/venv310/lib/python3.10/site-packages/airflow/example_dags/example_python_operator.py
[2025-06-24T00:13:23.493+0700] {processor.py:830} INFO - Processing file /home/panda/Documents/ODAP/Project/venv310/lib/python3.10/site-packages/airflow/example_dags/example_python_operator.py for tasks to queue
[2025-06-24T00:13:23.494+0700] {logging_mixin.py:188} INFO - [2025-06-24T00:13:23.494+0700] {dagbag.py:540} INFO - Filling up the DagBag from /home/panda/Documents/ODAP/Project/venv310/lib/python3.10/site-packages/airflow/example_dags/example_python_operator.py
[2025-06-24T00:13:23.503+0700] {logging_mixin.py:188} INFO - [2025-06-24T00:13:23.503+0700] {example_python_operator.py:93} WARNING - The virtalenv_python example task requires virtualenv, please install it.
[2025-06-24T00:13:23.504+0700] {processor.py:840} INFO - DAG(s) 'example_python_operator' retrieved from /home/panda/Documents/ODAP/Project/venv310/lib/python3.10/site-packages/airflow/example_dags/example_python_operator.py
[2025-06-24T00:13:23.525+0700] {logging_mixin.py:188} INFO - [2025-06-24T00:13:23.524+0700] {dag.py:3096} INFO - Sync 1 DAGs
[2025-06-24T00:13:23.536+0700] {logging_mixin.py:188} INFO - [2025-06-24T00:13:23.536+0700] {dag.py:3954} INFO - Setting next_dagrun for example_python_operator to None, run_after=None
[2025-06-24T00:13:23.567+0700] {processor.py:183} INFO - Processing /home/panda/Documents/ODAP/Project/venv310/lib/python3.10/site-packages/airflow/example_dags/example_python_operator.py took 0.086 seconds
[2025-06-24T00:14:09.096+0700] {processor.py:161} INFO - Started process (PID=13076) to work on /home/panda/Documents/ODAP/Project/venv310/lib/python3.10/site-packages/airflow/example_dags/example_python_operator.py
[2025-06-24T00:14:09.101+0700] {processor.py:830} INFO - Processing file /home/panda/Documents/ODAP/Project/venv310/lib/python3.10/site-packages/airflow/example_dags/example_python_operator.py for tasks to queue
[2025-06-24T00:14:09.102+0700] {logging_mixin.py:188} INFO - [2025-06-24T00:14:09.101+0700] {dagbag.py:540} INFO - Filling up the DagBag from /home/panda/Documents/ODAP/Project/venv310/lib/python3.10/site-packages/airflow/example_dags/example_python_operator.py
[2025-06-24T00:14:09.110+0700] {logging_mixin.py:188} INFO - [2025-06-24T00:14:09.110+0700] {example_python_operator.py:93} WARNING - The virtalenv_python example task requires virtualenv, please install it.
[2025-06-24T00:14:09.111+0700] {processor.py:840} INFO - DAG(s) 'example_python_operator' retrieved from /home/panda/Documents/ODAP/Project/venv310/lib/python3.10/site-packages/airflow/example_dags/example_python_operator.py
[2025-06-24T00:14:09.131+0700] {logging_mixin.py:188} INFO - [2025-06-24T00:14:09.130+0700] {dag.py:3096} INFO - Sync 1 DAGs
[2025-06-24T00:14:09.142+0700] {logging_mixin.py:188} INFO - [2025-06-24T00:14:09.142+0700] {dag.py:3954} INFO - Setting next_dagrun for example_python_operator to None, run_after=None
[2025-06-24T00:14:09.172+0700] {processor.py:183} INFO - Processing /home/panda/Documents/ODAP/Project/venv310/lib/python3.10/site-packages/airflow/example_dags/example_python_operator.py took 0.083 seconds
[2025-06-24T00:14:54.840+0700] {processor.py:161} INFO - Started process (PID=13231) to work on /home/panda/Documents/ODAP/Project/venv310/lib/python3.10/site-packages/airflow/example_dags/example_python_operator.py
[2025-06-24T00:14:54.843+0700] {processor.py:830} INFO - Processing file /home/panda/Documents/ODAP/Project/venv310/lib/python3.10/site-packages/airflow/example_dags/example_python_operator.py for tasks to queue
[2025-06-24T00:14:54.844+0700] {logging_mixin.py:188} INFO - [2025-06-24T00:14:54.843+0700] {dagbag.py:540} INFO - Filling up the DagBag from /home/panda/Documents/ODAP/Project/venv310/lib/python3.10/site-packages/airflow/example_dags/example_python_operator.py
[2025-06-24T00:14:54.851+0700] {logging_mixin.py:188} INFO - [2025-06-24T00:14:54.850+0700] {example_python_operator.py:93} WARNING - The virtalenv_python example task requires virtualenv, please install it.
[2025-06-24T00:14:54.851+0700] {processor.py:840} INFO - DAG(s) 'example_python_operator' retrieved from /home/panda/Documents/ODAP/Project/venv310/lib/python3.10/site-packages/airflow/example_dags/example_python_operator.py
[2025-06-24T00:14:54.867+0700] {logging_mixin.py:188} INFO - [2025-06-24T00:14:54.867+0700] {dag.py:3096} INFO - Sync 1 DAGs
[2025-06-24T00:14:54.877+0700] {logging_mixin.py:188} INFO - [2025-06-24T00:14:54.877+0700] {dag.py:3954} INFO - Setting next_dagrun for example_python_operator to None, run_after=None
[2025-06-24T00:14:54.911+0700] {processor.py:183} INFO - Processing /home/panda/Documents/ODAP/Project/venv310/lib/python3.10/site-packages/airflow/example_dags/example_python_operator.py took 0.077 seconds
[2025-06-24T00:21:33.432+0700] {processor.py:161} INFO - Started process (PID=16597) to work on /home/panda/Documents/ODAP/Project/venv310/lib/python3.10/site-packages/airflow/example_dags/example_python_operator.py
[2025-06-24T00:21:33.437+0700] {processor.py:830} INFO - Processing file /home/panda/Documents/ODAP/Project/venv310/lib/python3.10/site-packages/airflow/example_dags/example_python_operator.py for tasks to queue
[2025-06-24T00:21:33.438+0700] {logging_mixin.py:188} INFO - [2025-06-24T00:21:33.437+0700] {dagbag.py:540} INFO - Filling up the DagBag from /home/panda/Documents/ODAP/Project/venv310/lib/python3.10/site-packages/airflow/example_dags/example_python_operator.py
[2025-06-24T00:21:33.447+0700] {logging_mixin.py:188} INFO - [2025-06-24T00:21:33.446+0700] {example_python_operator.py:93} WARNING - The virtalenv_python example task requires virtualenv, please install it.
[2025-06-24T00:21:33.448+0700] {processor.py:840} INFO - DAG(s) 'example_python_operator' retrieved from /home/panda/Documents/ODAP/Project/venv310/lib/python3.10/site-packages/airflow/example_dags/example_python_operator.py
[2025-06-24T00:21:33.473+0700] {logging_mixin.py:188} INFO - [2025-06-24T00:21:33.472+0700] {dag.py:3096} INFO - Sync 1 DAGs
[2025-06-24T00:21:33.487+0700] {logging_mixin.py:188} INFO - [2025-06-24T00:21:33.486+0700] {dag.py:3954} INFO - Setting next_dagrun for example_python_operator to None, run_after=None
[2025-06-24T00:21:33.514+0700] {processor.py:183} INFO - Processing /home/panda/Documents/ODAP/Project/venv310/lib/python3.10/site-packages/airflow/example_dags/example_python_operator.py took 0.090 seconds
[2025-06-24T00:22:25.338+0700] {processor.py:161} INFO - Started process (PID=16792) to work on /home/panda/Documents/ODAP/Project/venv310/lib/python3.10/site-packages/airflow/example_dags/example_python_operator.py
[2025-06-24T00:22:25.343+0700] {processor.py:830} INFO - Processing file /home/panda/Documents/ODAP/Project/venv310/lib/python3.10/site-packages/airflow/example_dags/example_python_operator.py for tasks to queue
[2025-06-24T00:22:25.344+0700] {logging_mixin.py:188} INFO - [2025-06-24T00:22:25.344+0700] {dagbag.py:540} INFO - Filling up the DagBag from /home/panda/Documents/ODAP/Project/venv310/lib/python3.10/site-packages/airflow/example_dags/example_python_operator.py
[2025-06-24T00:22:25.353+0700] {logging_mixin.py:188} INFO - [2025-06-24T00:22:25.353+0700] {example_python_operator.py:93} WARNING - The virtalenv_python example task requires virtualenv, please install it.
[2025-06-24T00:22:25.353+0700] {processor.py:840} INFO - DAG(s) 'example_python_operator' retrieved from /home/panda/Documents/ODAP/Project/venv310/lib/python3.10/site-packages/airflow/example_dags/example_python_operator.py
[2025-06-24T00:22:25.374+0700] {logging_mixin.py:188} INFO - [2025-06-24T00:22:25.374+0700] {dag.py:3096} INFO - Sync 1 DAGs
[2025-06-24T00:22:25.387+0700] {logging_mixin.py:188} INFO - [2025-06-24T00:22:25.386+0700] {dag.py:3954} INFO - Setting next_dagrun for example_python_operator to None, run_after=None
[2025-06-24T00:22:25.413+0700] {processor.py:183} INFO - Processing /home/panda/Documents/ODAP/Project/venv310/lib/python3.10/site-packages/airflow/example_dags/example_python_operator.py took 0.083 seconds
[2025-06-24T00:23:27.135+0700] {processor.py:161} INFO - Started process (PID=18261) to work on /home/panda/Documents/ODAP/Project/venv310/lib/python3.10/site-packages/airflow/example_dags/example_python_operator.py
[2025-06-24T00:23:27.140+0700] {processor.py:830} INFO - Processing file /home/panda/Documents/ODAP/Project/venv310/lib/python3.10/site-packages/airflow/example_dags/example_python_operator.py for tasks to queue
[2025-06-24T00:23:27.141+0700] {logging_mixin.py:188} INFO - [2025-06-24T00:23:27.141+0700] {dagbag.py:540} INFO - Filling up the DagBag from /home/panda/Documents/ODAP/Project/venv310/lib/python3.10/site-packages/airflow/example_dags/example_python_operator.py
[2025-06-24T00:23:27.150+0700] {logging_mixin.py:188} INFO - [2025-06-24T00:23:27.150+0700] {example_python_operator.py:93} WARNING - The virtalenv_python example task requires virtualenv, please install it.
[2025-06-24T00:23:27.151+0700] {processor.py:840} INFO - DAG(s) 'example_python_operator' retrieved from /home/panda/Documents/ODAP/Project/venv310/lib/python3.10/site-packages/airflow/example_dags/example_python_operator.py
[2025-06-24T00:23:27.171+0700] {logging_mixin.py:188} INFO - [2025-06-24T00:23:27.171+0700] {dag.py:3096} INFO - Sync 1 DAGs
[2025-06-24T00:23:27.184+0700] {logging_mixin.py:188} INFO - [2025-06-24T00:23:27.184+0700] {dag.py:3954} INFO - Setting next_dagrun for example_python_operator to None, run_after=None
[2025-06-24T00:23:27.214+0700] {processor.py:183} INFO - Processing /home/panda/Documents/ODAP/Project/venv310/lib/python3.10/site-packages/airflow/example_dags/example_python_operator.py took 0.087 seconds
[2025-06-24T00:33:45.235+0700] {processor.py:161} INFO - Started process (PID=20257) to work on /home/panda/Documents/ODAP/Project/venv310/lib/python3.10/site-packages/airflow/example_dags/example_python_operator.py
[2025-06-24T00:33:45.240+0700] {processor.py:830} INFO - Processing file /home/panda/Documents/ODAP/Project/venv310/lib/python3.10/site-packages/airflow/example_dags/example_python_operator.py for tasks to queue
[2025-06-24T00:33:45.242+0700] {logging_mixin.py:188} INFO - [2025-06-24T00:33:45.241+0700] {dagbag.py:540} INFO - Filling up the DagBag from /home/panda/Documents/ODAP/Project/venv310/lib/python3.10/site-packages/airflow/example_dags/example_python_operator.py
[2025-06-24T00:33:45.250+0700] {logging_mixin.py:188} INFO - [2025-06-24T00:33:45.250+0700] {example_python_operator.py:93} WARNING - The virtalenv_python example task requires virtualenv, please install it.
[2025-06-24T00:33:45.251+0700] {processor.py:840} INFO - DAG(s) 'example_python_operator' retrieved from /home/panda/Documents/ODAP/Project/venv310/lib/python3.10/site-packages/airflow/example_dags/example_python_operator.py
[2025-06-24T00:33:45.274+0700] {logging_mixin.py:188} INFO - [2025-06-24T00:33:45.273+0700] {dag.py:3096} INFO - Sync 1 DAGs
[2025-06-24T00:33:45.288+0700] {logging_mixin.py:188} INFO - [2025-06-24T00:33:45.288+0700] {dag.py:3954} INFO - Setting next_dagrun for example_python_operator to None, run_after=None
[2025-06-24T00:33:45.311+0700] {processor.py:183} INFO - Processing /home/panda/Documents/ODAP/Project/venv310/lib/python3.10/site-packages/airflow/example_dags/example_python_operator.py took 0.083 seconds
[2025-06-24T00:34:39.272+0700] {processor.py:161} INFO - Started process (PID=20420) to work on /home/panda/Documents/ODAP/Project/venv310/lib/python3.10/site-packages/airflow/example_dags/example_python_operator.py
[2025-06-24T00:34:39.278+0700] {processor.py:830} INFO - Processing file /home/panda/Documents/ODAP/Project/venv310/lib/python3.10/site-packages/airflow/example_dags/example_python_operator.py for tasks to queue
[2025-06-24T00:34:39.279+0700] {logging_mixin.py:188} INFO - [2025-06-24T00:34:39.279+0700] {dagbag.py:540} INFO - Filling up the DagBag from /home/panda/Documents/ODAP/Project/venv310/lib/python3.10/site-packages/airflow/example_dags/example_python_operator.py
[2025-06-24T00:34:39.289+0700] {logging_mixin.py:188} INFO - [2025-06-24T00:34:39.289+0700] {example_python_operator.py:93} WARNING - The virtalenv_python example task requires virtualenv, please install it.
[2025-06-24T00:34:39.289+0700] {processor.py:840} INFO - DAG(s) 'example_python_operator' retrieved from /home/panda/Documents/ODAP/Project/venv310/lib/python3.10/site-packages/airflow/example_dags/example_python_operator.py
[2025-06-24T00:34:39.311+0700] {logging_mixin.py:188} INFO - [2025-06-24T00:34:39.311+0700] {dag.py:3096} INFO - Sync 1 DAGs
[2025-06-24T00:34:39.323+0700] {logging_mixin.py:188} INFO - [2025-06-24T00:34:39.323+0700] {dag.py:3954} INFO - Setting next_dagrun for example_python_operator to None, run_after=None
[2025-06-24T00:34:39.347+0700] {processor.py:183} INFO - Processing /home/panda/Documents/ODAP/Project/venv310/lib/python3.10/site-packages/airflow/example_dags/example_python_operator.py took 0.082 seconds
[2025-06-24T00:35:32.374+0700] {processor.py:161} INFO - Started process (PID=20566) to work on /home/panda/Documents/ODAP/Project/venv310/lib/python3.10/site-packages/airflow/example_dags/example_python_operator.py
[2025-06-24T00:35:32.379+0700] {processor.py:830} INFO - Processing file /home/panda/Documents/ODAP/Project/venv310/lib/python3.10/site-packages/airflow/example_dags/example_python_operator.py for tasks to queue
[2025-06-24T00:35:32.380+0700] {logging_mixin.py:188} INFO - [2025-06-24T00:35:32.380+0700] {dagbag.py:540} INFO - Filling up the DagBag from /home/panda/Documents/ODAP/Project/venv310/lib/python3.10/site-packages/airflow/example_dags/example_python_operator.py
[2025-06-24T00:35:32.390+0700] {logging_mixin.py:188} INFO - [2025-06-24T00:35:32.389+0700] {example_python_operator.py:93} WARNING - The virtalenv_python example task requires virtualenv, please install it.
[2025-06-24T00:35:32.390+0700] {processor.py:840} INFO - DAG(s) 'example_python_operator' retrieved from /home/panda/Documents/ODAP/Project/venv310/lib/python3.10/site-packages/airflow/example_dags/example_python_operator.py
[2025-06-24T00:35:32.412+0700] {logging_mixin.py:188} INFO - [2025-06-24T00:35:32.411+0700] {dag.py:3096} INFO - Sync 1 DAGs
[2025-06-24T00:35:32.426+0700] {logging_mixin.py:188} INFO - [2025-06-24T00:35:32.426+0700] {dag.py:3954} INFO - Setting next_dagrun for example_python_operator to None, run_after=None
[2025-06-24T00:35:32.465+0700] {processor.py:183} INFO - Processing /home/panda/Documents/ODAP/Project/venv310/lib/python3.10/site-packages/airflow/example_dags/example_python_operator.py took 0.099 seconds
[2025-06-24T00:36:19.654+0700] {processor.py:161} INFO - Started process (PID=20875) to work on /home/panda/Documents/ODAP/Project/venv310/lib/python3.10/site-packages/airflow/example_dags/example_python_operator.py
[2025-06-24T00:36:19.659+0700] {processor.py:830} INFO - Processing file /home/panda/Documents/ODAP/Project/venv310/lib/python3.10/site-packages/airflow/example_dags/example_python_operator.py for tasks to queue
[2025-06-24T00:36:19.660+0700] {logging_mixin.py:188} INFO - [2025-06-24T00:36:19.660+0700] {dagbag.py:540} INFO - Filling up the DagBag from /home/panda/Documents/ODAP/Project/venv310/lib/python3.10/site-packages/airflow/example_dags/example_python_operator.py
[2025-06-24T00:36:19.668+0700] {logging_mixin.py:188} INFO - [2025-06-24T00:36:19.668+0700] {example_python_operator.py:93} WARNING - The virtalenv_python example task requires virtualenv, please install it.
[2025-06-24T00:36:19.669+0700] {processor.py:840} INFO - DAG(s) 'example_python_operator' retrieved from /home/panda/Documents/ODAP/Project/venv310/lib/python3.10/site-packages/airflow/example_dags/example_python_operator.py
[2025-06-24T00:36:19.689+0700] {logging_mixin.py:188} INFO - [2025-06-24T00:36:19.689+0700] {dag.py:3096} INFO - Sync 1 DAGs
[2025-06-24T00:36:19.701+0700] {logging_mixin.py:188} INFO - [2025-06-24T00:36:19.700+0700] {dag.py:3954} INFO - Setting next_dagrun for example_python_operator to None, run_after=None
[2025-06-24T00:36:19.732+0700] {processor.py:183} INFO - Processing /home/panda/Documents/ODAP/Project/venv310/lib/python3.10/site-packages/airflow/example_dags/example_python_operator.py took 0.084 seconds
[2025-06-24T00:37:08.035+0700] {processor.py:161} INFO - Started process (PID=21179) to work on /home/panda/Documents/ODAP/Project/venv310/lib/python3.10/site-packages/airflow/example_dags/example_python_operator.py
[2025-06-24T00:37:08.038+0700] {processor.py:830} INFO - Processing file /home/panda/Documents/ODAP/Project/venv310/lib/python3.10/site-packages/airflow/example_dags/example_python_operator.py for tasks to queue
[2025-06-24T00:37:08.039+0700] {logging_mixin.py:188} INFO - [2025-06-24T00:37:08.038+0700] {dagbag.py:540} INFO - Filling up the DagBag from /home/panda/Documents/ODAP/Project/venv310/lib/python3.10/site-packages/airflow/example_dags/example_python_operator.py
[2025-06-24T00:37:08.048+0700] {logging_mixin.py:188} INFO - [2025-06-24T00:37:08.048+0700] {example_python_operator.py:93} WARNING - The virtalenv_python example task requires virtualenv, please install it.
[2025-06-24T00:37:08.049+0700] {processor.py:840} INFO - DAG(s) 'example_python_operator' retrieved from /home/panda/Documents/ODAP/Project/venv310/lib/python3.10/site-packages/airflow/example_dags/example_python_operator.py
[2025-06-24T00:37:08.069+0700] {logging_mixin.py:188} INFO - [2025-06-24T00:37:08.069+0700] {dag.py:3096} INFO - Sync 1 DAGs
[2025-06-24T00:37:08.082+0700] {logging_mixin.py:188} INFO - [2025-06-24T00:37:08.082+0700] {dag.py:3954} INFO - Setting next_dagrun for example_python_operator to None, run_after=None
[2025-06-24T00:37:08.112+0700] {processor.py:183} INFO - Processing /home/panda/Documents/ODAP/Project/venv310/lib/python3.10/site-packages/airflow/example_dags/example_python_operator.py took 0.084 seconds
[2025-06-24T00:52:44.376+0700] {processor.py:161} INFO - Started process (PID=25144) to work on /home/panda/Documents/ODAP/Project/venv310/lib/python3.10/site-packages/airflow/example_dags/example_python_operator.py
[2025-06-24T00:52:44.381+0700] {processor.py:830} INFO - Processing file /home/panda/Documents/ODAP/Project/venv310/lib/python3.10/site-packages/airflow/example_dags/example_python_operator.py for tasks to queue
[2025-06-24T00:52:44.383+0700] {logging_mixin.py:188} INFO - [2025-06-24T00:52:44.382+0700] {dagbag.py:540} INFO - Filling up the DagBag from /home/panda/Documents/ODAP/Project/venv310/lib/python3.10/site-packages/airflow/example_dags/example_python_operator.py
[2025-06-24T00:52:44.391+0700] {logging_mixin.py:188} INFO - [2025-06-24T00:52:44.391+0700] {example_python_operator.py:93} WARNING - The virtalenv_python example task requires virtualenv, please install it.
[2025-06-24T00:52:44.392+0700] {processor.py:840} INFO - DAG(s) 'example_python_operator' retrieved from /home/panda/Documents/ODAP/Project/venv310/lib/python3.10/site-packages/airflow/example_dags/example_python_operator.py
[2025-06-24T00:52:44.416+0700] {logging_mixin.py:188} INFO - [2025-06-24T00:52:44.416+0700] {dag.py:3096} INFO - Sync 1 DAGs
[2025-06-24T00:52:44.429+0700] {logging_mixin.py:188} INFO - [2025-06-24T00:52:44.429+0700] {dag.py:3954} INFO - Setting next_dagrun for example_python_operator to None, run_after=None
[2025-06-24T00:52:44.458+0700] {processor.py:183} INFO - Processing /home/panda/Documents/ODAP/Project/venv310/lib/python3.10/site-packages/airflow/example_dags/example_python_operator.py took 0.089 seconds
[2025-06-24T00:53:37.497+0700] {processor.py:161} INFO - Started process (PID=25318) to work on /home/panda/Documents/ODAP/Project/venv310/lib/python3.10/site-packages/airflow/example_dags/example_python_operator.py
[2025-06-24T00:53:37.502+0700] {processor.py:830} INFO - Processing file /home/panda/Documents/ODAP/Project/venv310/lib/python3.10/site-packages/airflow/example_dags/example_python_operator.py for tasks to queue
[2025-06-24T00:53:37.503+0700] {logging_mixin.py:188} INFO - [2025-06-24T00:53:37.503+0700] {dagbag.py:540} INFO - Filling up the DagBag from /home/panda/Documents/ODAP/Project/venv310/lib/python3.10/site-packages/airflow/example_dags/example_python_operator.py
[2025-06-24T00:53:37.511+0700] {logging_mixin.py:188} INFO - [2025-06-24T00:53:37.511+0700] {example_python_operator.py:93} WARNING - The virtalenv_python example task requires virtualenv, please install it.
[2025-06-24T00:53:37.512+0700] {processor.py:840} INFO - DAG(s) 'example_python_operator' retrieved from /home/panda/Documents/ODAP/Project/venv310/lib/python3.10/site-packages/airflow/example_dags/example_python_operator.py
[2025-06-24T00:53:37.532+0700] {logging_mixin.py:188} INFO - [2025-06-24T00:53:37.532+0700] {dag.py:3096} INFO - Sync 1 DAGs
[2025-06-24T00:53:37.545+0700] {logging_mixin.py:188} INFO - [2025-06-24T00:53:37.545+0700] {dag.py:3954} INFO - Setting next_dagrun for example_python_operator to None, run_after=None
[2025-06-24T00:53:37.574+0700] {processor.py:183} INFO - Processing /home/panda/Documents/ODAP/Project/venv310/lib/python3.10/site-packages/airflow/example_dags/example_python_operator.py took 0.085 seconds
[2025-06-24T00:54:30.379+0700] {processor.py:161} INFO - Started process (PID=25622) to work on /home/panda/Documents/ODAP/Project/venv310/lib/python3.10/site-packages/airflow/example_dags/example_python_operator.py
[2025-06-24T00:54:30.380+0700] {processor.py:830} INFO - Processing file /home/panda/Documents/ODAP/Project/venv310/lib/python3.10/site-packages/airflow/example_dags/example_python_operator.py for tasks to queue
[2025-06-24T00:54:30.382+0700] {logging_mixin.py:188} INFO - [2025-06-24T00:54:30.381+0700] {dagbag.py:540} INFO - Filling up the DagBag from /home/panda/Documents/ODAP/Project/venv310/lib/python3.10/site-packages/airflow/example_dags/example_python_operator.py
[2025-06-24T00:54:30.390+0700] {logging_mixin.py:188} INFO - [2025-06-24T00:54:30.390+0700] {example_python_operator.py:93} WARNING - The virtalenv_python example task requires virtualenv, please install it.
[2025-06-24T00:54:30.391+0700] {processor.py:840} INFO - DAG(s) 'example_python_operator' retrieved from /home/panda/Documents/ODAP/Project/venv310/lib/python3.10/site-packages/airflow/example_dags/example_python_operator.py
[2025-06-24T00:54:30.411+0700] {logging_mixin.py:188} INFO - [2025-06-24T00:54:30.411+0700] {dag.py:3096} INFO - Sync 1 DAGs
[2025-06-24T00:54:30.424+0700] {logging_mixin.py:188} INFO - [2025-06-24T00:54:30.423+0700] {dag.py:3954} INFO - Setting next_dagrun for example_python_operator to None, run_after=None
[2025-06-24T00:54:30.455+0700] {processor.py:183} INFO - Processing /home/panda/Documents/ODAP/Project/venv310/lib/python3.10/site-packages/airflow/example_dags/example_python_operator.py took 0.084 seconds
[2025-06-24T01:03:19.073+0700] {processor.py:161} INFO - Started process (PID=28589) to work on /home/panda/Documents/ODAP/Project/venv310/lib/python3.10/site-packages/airflow/example_dags/example_python_operator.py
[2025-06-24T01:03:19.078+0700] {processor.py:830} INFO - Processing file /home/panda/Documents/ODAP/Project/venv310/lib/python3.10/site-packages/airflow/example_dags/example_python_operator.py for tasks to queue
[2025-06-24T01:03:19.079+0700] {logging_mixin.py:188} INFO - [2025-06-24T01:03:19.079+0700] {dagbag.py:540} INFO - Filling up the DagBag from /home/panda/Documents/ODAP/Project/venv310/lib/python3.10/site-packages/airflow/example_dags/example_python_operator.py
[2025-06-24T01:03:19.088+0700] {logging_mixin.py:188} INFO - [2025-06-24T01:03:19.088+0700] {example_python_operator.py:93} WARNING - The virtalenv_python example task requires virtualenv, please install it.
[2025-06-24T01:03:19.089+0700] {processor.py:840} INFO - DAG(s) 'example_python_operator' retrieved from /home/panda/Documents/ODAP/Project/venv310/lib/python3.10/site-packages/airflow/example_dags/example_python_operator.py
[2025-06-24T01:03:19.113+0700] {logging_mixin.py:188} INFO - [2025-06-24T01:03:19.113+0700] {dag.py:3096} INFO - Sync 1 DAGs
[2025-06-24T01:03:19.126+0700] {logging_mixin.py:188} INFO - [2025-06-24T01:03:19.126+0700] {dag.py:3954} INFO - Setting next_dagrun for example_python_operator to None, run_after=None
[2025-06-24T01:03:19.152+0700] {processor.py:183} INFO - Processing /home/panda/Documents/ODAP/Project/venv310/lib/python3.10/site-packages/airflow/example_dags/example_python_operator.py took 0.087 seconds
[2025-06-24T01:04:11.967+0700] {processor.py:161} INFO - Started process (PID=28768) to work on /home/panda/Documents/ODAP/Project/venv310/lib/python3.10/site-packages/airflow/example_dags/example_python_operator.py
[2025-06-24T01:04:11.970+0700] {processor.py:830} INFO - Processing file /home/panda/Documents/ODAP/Project/venv310/lib/python3.10/site-packages/airflow/example_dags/example_python_operator.py for tasks to queue
[2025-06-24T01:04:11.971+0700] {logging_mixin.py:188} INFO - [2025-06-24T01:04:11.971+0700] {dagbag.py:540} INFO - Filling up the DagBag from /home/panda/Documents/ODAP/Project/venv310/lib/python3.10/site-packages/airflow/example_dags/example_python_operator.py
[2025-06-24T01:04:11.979+0700] {logging_mixin.py:188} INFO - [2025-06-24T01:04:11.978+0700] {example_python_operator.py:93} WARNING - The virtalenv_python example task requires virtualenv, please install it.
[2025-06-24T01:04:11.979+0700] {processor.py:840} INFO - DAG(s) 'example_python_operator' retrieved from /home/panda/Documents/ODAP/Project/venv310/lib/python3.10/site-packages/airflow/example_dags/example_python_operator.py
[2025-06-24T01:04:11.997+0700] {logging_mixin.py:188} INFO - [2025-06-24T01:04:11.997+0700] {dag.py:3096} INFO - Sync 1 DAGs
[2025-06-24T01:04:12.007+0700] {logging_mixin.py:188} INFO - [2025-06-24T01:04:12.006+0700] {dag.py:3954} INFO - Setting next_dagrun for example_python_operator to None, run_after=None
[2025-06-24T01:04:12.029+0700] {processor.py:183} INFO - Processing /home/panda/Documents/ODAP/Project/venv310/lib/python3.10/site-packages/airflow/example_dags/example_python_operator.py took 0.069 seconds
