[2025-06-24T00:01:58.133+0700] {processor.py:161} INFO - Started process (PID=5230) to work on /home/panda/Documents/ODAP/Project/venv310/lib/python3.10/site-packages/airflow/example_dags/tutorial_taskflow_api_virtualenv.py
[2025-06-24T00:01:58.134+0700] {processor.py:830} INFO - Processing file /home/panda/Documents/ODAP/Project/venv310/lib/python3.10/site-packages/airflow/example_dags/tutorial_taskflow_api_virtualenv.py for tasks to queue
[2025-06-24T00:01:58.136+0700] {logging_mixin.py:188} INFO - [2025-06-24T00:01:58.135+0700] {dagbag.py:540} INFO - Filling up the DagBag from /home/panda/Documents/ODAP/Project/venv310/lib/python3.10/site-packages/airflow/example_dags/tutorial_taskflow_api_virtualenv.py
[2025-06-24T00:01:58.139+0700] {logging_mixin.py:188} INFO - [2025-06-24T00:01:58.139+0700] {tutorial_taskflow_api_virtualenv.py:29} WARNING - The tutorial_taskflow_api_virtualenv example DAG requires virtualenv, please install it.
[2025-06-24T00:01:58.140+0700] {processor.py:842} WARNING - No viable dags retrieved from /home/panda/Documents/ODAP/Project/venv310/lib/python3.10/site-packages/airflow/example_dags/tutorial_taskflow_api_virtualenv.py
[2025-06-24T00:01:58.157+0700] {processor.py:183} INFO - Processing /home/panda/Documents/ODAP/Project/venv310/lib/python3.10/site-packages/airflow/example_dags/tutorial_taskflow_api_virtualenv.py took 0.031 seconds
[2025-06-24T00:02:52.436+0700] {processor.py:161} INFO - Started process (PID=6184) to work on /home/panda/Documents/ODAP/Project/venv310/lib/python3.10/site-packages/airflow/example_dags/tutorial_taskflow_api_virtualenv.py
[2025-06-24T00:02:52.440+0700] {processor.py:830} INFO - Processing file /home/panda/Documents/ODAP/Project/venv310/lib/python3.10/site-packages/airflow/example_dags/tutorial_taskflow_api_virtualenv.py for tasks to queue
[2025-06-24T00:02:52.443+0700] {logging_mixin.py:188} INFO - [2025-06-24T00:02:52.442+0700] {dagbag.py:540} INFO - Filling up the DagBag from /home/panda/Documents/ODAP/Project/venv310/lib/python3.10/site-packages/airflow/example_dags/tutorial_taskflow_api_virtualenv.py
[2025-06-24T00:02:52.446+0700] {logging_mixin.py:188} INFO - [2025-06-24T00:02:52.446+0700] {tutorial_taskflow_api_virtualenv.py:29} WARNING - The tutorial_taskflow_api_virtualenv example DAG requires virtualenv, please install it.
[2025-06-24T00:02:52.447+0700] {processor.py:842} WARNING - No viable dags retrieved from /home/panda/Documents/ODAP/Project/venv310/lib/python3.10/site-packages/airflow/example_dags/tutorial_taskflow_api_virtualenv.py
[2025-06-24T00:02:52.460+0700] {processor.py:183} INFO - Processing /home/panda/Documents/ODAP/Project/venv310/lib/python3.10/site-packages/airflow/example_dags/tutorial_taskflow_api_virtualenv.py took 0.031 seconds
[2025-06-24T00:03:41.231+0700] {processor.py:161} INFO - Started process (PID=6374) to work on /home/panda/Documents/ODAP/Project/venv310/lib/python3.10/site-packages/airflow/example_dags/tutorial_taskflow_api_virtualenv.py
[2025-06-24T00:03:41.236+0700] {processor.py:830} INFO - Processing file /home/panda/Documents/ODAP/Project/venv310/lib/python3.10/site-packages/airflow/example_dags/tutorial_taskflow_api_virtualenv.py for tasks to queue
[2025-06-24T00:03:41.238+0700] {logging_mixin.py:188} INFO - [2025-06-24T00:03:41.238+0700] {dagbag.py:540} INFO - Filling up the DagBag from /home/panda/Documents/ODAP/Project/venv310/lib/python3.10/site-packages/airflow/example_dags/tutorial_taskflow_api_virtualenv.py
[2025-06-24T00:03:41.242+0700] {logging_mixin.py:188} INFO - [2025-06-24T00:03:41.242+0700] {tutorial_taskflow_api_virtualenv.py:29} WARNING - The tutorial_taskflow_api_virtualenv example DAG requires virtualenv, please install it.
[2025-06-24T00:03:41.242+0700] {processor.py:842} WARNING - No viable dags retrieved from /home/panda/Documents/ODAP/Project/venv310/lib/python3.10/site-packages/airflow/example_dags/tutorial_taskflow_api_virtualenv.py
[2025-06-24T00:03:41.256+0700] {processor.py:183} INFO - Processing /home/panda/Documents/ODAP/Project/venv310/lib/python3.10/site-packages/airflow/example_dags/tutorial_taskflow_api_virtualenv.py took 0.032 seconds
[2025-06-24T00:04:31.244+0700] {processor.py:161} INFO - Started process (PID=6832) to work on /home/panda/Documents/ODAP/Project/venv310/lib/python3.10/site-packages/airflow/example_dags/tutorial_taskflow_api_virtualenv.py
[2025-06-24T00:04:31.249+0700] {processor.py:830} INFO - Processing file /home/panda/Documents/ODAP/Project/venv310/lib/python3.10/site-packages/airflow/example_dags/tutorial_taskflow_api_virtualenv.py for tasks to queue
[2025-06-24T00:04:31.252+0700] {logging_mixin.py:188} INFO - [2025-06-24T00:04:31.251+0700] {dagbag.py:540} INFO - Filling up the DagBag from /home/panda/Documents/ODAP/Project/venv310/lib/python3.10/site-packages/airflow/example_dags/tutorial_taskflow_api_virtualenv.py
[2025-06-24T00:04:31.256+0700] {logging_mixin.py:188} INFO - [2025-06-24T00:04:31.255+0700] {tutorial_taskflow_api_virtualenv.py:29} WARNING - The tutorial_taskflow_api_virtualenv example DAG requires virtualenv, please install it.
[2025-06-24T00:04:31.256+0700] {processor.py:842} WARNING - No viable dags retrieved from /home/panda/Documents/ODAP/Project/venv310/lib/python3.10/site-packages/airflow/example_dags/tutorial_taskflow_api_virtualenv.py
[2025-06-24T00:04:31.270+0700] {processor.py:183} INFO - Processing /home/panda/Documents/ODAP/Project/venv310/lib/python3.10/site-packages/airflow/example_dags/tutorial_taskflow_api_virtualenv.py took 0.034 seconds
[2025-06-24T00:05:17.871+0700] {processor.py:161} INFO - Started process (PID=7039) to work on /home/panda/Documents/ODAP/Project/venv310/lib/python3.10/site-packages/airflow/example_dags/tutorial_taskflow_api_virtualenv.py
[2025-06-24T00:05:17.874+0700] {processor.py:830} INFO - Processing file /home/panda/Documents/ODAP/Project/venv310/lib/python3.10/site-packages/airflow/example_dags/tutorial_taskflow_api_virtualenv.py for tasks to queue
[2025-06-24T00:05:17.877+0700] {logging_mixin.py:188} INFO - [2025-06-24T00:05:17.876+0700] {dagbag.py:540} INFO - Filling up the DagBag from /home/panda/Documents/ODAP/Project/venv310/lib/python3.10/site-packages/airflow/example_dags/tutorial_taskflow_api_virtualenv.py
[2025-06-24T00:05:17.879+0700] {logging_mixin.py:188} INFO - [2025-06-24T00:05:17.879+0700] {tutorial_taskflow_api_virtualenv.py:29} WARNING - The tutorial_taskflow_api_virtualenv example DAG requires virtualenv, please install it.
[2025-06-24T00:05:17.880+0700] {processor.py:842} WARNING - No viable dags retrieved from /home/panda/Documents/ODAP/Project/venv310/lib/python3.10/site-packages/airflow/example_dags/tutorial_taskflow_api_virtualenv.py
[2025-06-24T00:05:17.893+0700] {processor.py:183} INFO - Processing /home/panda/Documents/ODAP/Project/venv310/lib/python3.10/site-packages/airflow/example_dags/tutorial_taskflow_api_virtualenv.py took 0.029 seconds
[2025-06-24T00:07:05.097+0700] {processor.py:161} INFO - Started process (PID=8083) to work on /home/panda/Documents/ODAP/Project/venv310/lib/python3.10/site-packages/airflow/example_dags/tutorial_taskflow_api_virtualenv.py
[2025-06-24T00:07:05.102+0700] {processor.py:830} INFO - Processing file /home/panda/Documents/ODAP/Project/venv310/lib/python3.10/site-packages/airflow/example_dags/tutorial_taskflow_api_virtualenv.py for tasks to queue
[2025-06-24T00:07:05.103+0700] {logging_mixin.py:188} INFO - [2025-06-24T00:07:05.103+0700] {dagbag.py:540} INFO - Filling up the DagBag from /home/panda/Documents/ODAP/Project/venv310/lib/python3.10/site-packages/airflow/example_dags/tutorial_taskflow_api_virtualenv.py
[2025-06-24T00:07:05.106+0700] {logging_mixin.py:188} INFO - [2025-06-24T00:07:05.106+0700] {tutorial_taskflow_api_virtualenv.py:29} WARNING - The tutorial_taskflow_api_virtualenv example DAG requires virtualenv, please install it.
[2025-06-24T00:07:05.107+0700] {processor.py:842} WARNING - No viable dags retrieved from /home/panda/Documents/ODAP/Project/venv310/lib/python3.10/site-packages/airflow/example_dags/tutorial_taskflow_api_virtualenv.py
[2025-06-24T00:07:05.120+0700] {processor.py:183} INFO - Processing /home/panda/Documents/ODAP/Project/venv310/lib/python3.10/site-packages/airflow/example_dags/tutorial_taskflow_api_virtualenv.py took 0.031 seconds
[2025-06-24T00:07:58.392+0700] {processor.py:161} INFO - Started process (PID=8411) to work on /home/panda/Documents/ODAP/Project/venv310/lib/python3.10/site-packages/airflow/example_dags/tutorial_taskflow_api_virtualenv.py
[2025-06-24T00:07:58.397+0700] {processor.py:830} INFO - Processing file /home/panda/Documents/ODAP/Project/venv310/lib/python3.10/site-packages/airflow/example_dags/tutorial_taskflow_api_virtualenv.py for tasks to queue
[2025-06-24T00:07:58.398+0700] {logging_mixin.py:188} INFO - [2025-06-24T00:07:58.398+0700] {dagbag.py:540} INFO - Filling up the DagBag from /home/panda/Documents/ODAP/Project/venv310/lib/python3.10/site-packages/airflow/example_dags/tutorial_taskflow_api_virtualenv.py
[2025-06-24T00:07:58.402+0700] {logging_mixin.py:188} INFO - [2025-06-24T00:07:58.401+0700] {tutorial_taskflow_api_virtualenv.py:29} WARNING - The tutorial_taskflow_api_virtualenv example DAG requires virtualenv, please install it.
[2025-06-24T00:07:58.402+0700] {processor.py:842} WARNING - No viable dags retrieved from /home/panda/Documents/ODAP/Project/venv310/lib/python3.10/site-packages/airflow/example_dags/tutorial_taskflow_api_virtualenv.py
[2025-06-24T00:07:58.416+0700] {processor.py:183} INFO - Processing /home/panda/Documents/ODAP/Project/venv310/lib/python3.10/site-packages/airflow/example_dags/tutorial_taskflow_api_virtualenv.py took 0.031 seconds
[2025-06-24T00:08:45.411+0700] {processor.py:161} INFO - Started process (PID=10691) to work on /home/panda/Documents/ODAP/Project/venv310/lib/python3.10/site-packages/airflow/example_dags/tutorial_taskflow_api_virtualenv.py
[2025-06-24T00:08:45.412+0700] {processor.py:830} INFO - Processing file /home/panda/Documents/ODAP/Project/venv310/lib/python3.10/site-packages/airflow/example_dags/tutorial_taskflow_api_virtualenv.py for tasks to queue
[2025-06-24T00:08:45.413+0700] {logging_mixin.py:188} INFO - [2025-06-24T00:08:45.413+0700] {dagbag.py:540} INFO - Filling up the DagBag from /home/panda/Documents/ODAP/Project/venv310/lib/python3.10/site-packages/airflow/example_dags/tutorial_taskflow_api_virtualenv.py
[2025-06-24T00:08:45.417+0700] {logging_mixin.py:188} INFO - [2025-06-24T00:08:45.416+0700] {tutorial_taskflow_api_virtualenv.py:29} WARNING - The tutorial_taskflow_api_virtualenv example DAG requires virtualenv, please install it.
[2025-06-24T00:08:45.417+0700] {processor.py:842} WARNING - No viable dags retrieved from /home/panda/Documents/ODAP/Project/venv310/lib/python3.10/site-packages/airflow/example_dags/tutorial_taskflow_api_virtualenv.py
[2025-06-24T00:08:45.430+0700] {processor.py:183} INFO - Processing /home/panda/Documents/ODAP/Project/venv310/lib/python3.10/site-packages/airflow/example_dags/tutorial_taskflow_api_virtualenv.py took 0.026 seconds
[2025-06-24T00:09:23.339+0700] {processor.py:161} INFO - Started process (PID=10792) to work on /home/panda/Documents/ODAP/Project/venv310/lib/python3.10/site-packages/airflow/example_dags/tutorial_taskflow_api_virtualenv.py
[2025-06-24T00:09:23.342+0700] {processor.py:830} INFO - Processing file /home/panda/Documents/ODAP/Project/venv310/lib/python3.10/site-packages/airflow/example_dags/tutorial_taskflow_api_virtualenv.py for tasks to queue
[2025-06-24T00:09:23.343+0700] {logging_mixin.py:188} INFO - [2025-06-24T00:09:23.343+0700] {dagbag.py:540} INFO - Filling up the DagBag from /home/panda/Documents/ODAP/Project/venv310/lib/python3.10/site-packages/airflow/example_dags/tutorial_taskflow_api_virtualenv.py
[2025-06-24T00:09:23.346+0700] {logging_mixin.py:188} INFO - [2025-06-24T00:09:23.346+0700] {tutorial_taskflow_api_virtualenv.py:29} WARNING - The tutorial_taskflow_api_virtualenv example DAG requires virtualenv, please install it.
[2025-06-24T00:09:23.347+0700] {processor.py:842} WARNING - No viable dags retrieved from /home/panda/Documents/ODAP/Project/venv310/lib/python3.10/site-packages/airflow/example_dags/tutorial_taskflow_api_virtualenv.py
[2025-06-24T00:09:23.360+0700] {processor.py:183} INFO - Processing /home/panda/Documents/ODAP/Project/venv310/lib/python3.10/site-packages/airflow/example_dags/tutorial_taskflow_api_virtualenv.py took 0.027 seconds
[2025-06-24T00:10:08.125+0700] {processor.py:161} INFO - Started process (PID=10918) to work on /home/panda/Documents/ODAP/Project/venv310/lib/python3.10/site-packages/airflow/example_dags/tutorial_taskflow_api_virtualenv.py
[2025-06-24T00:10:08.131+0700] {processor.py:830} INFO - Processing file /home/panda/Documents/ODAP/Project/venv310/lib/python3.10/site-packages/airflow/example_dags/tutorial_taskflow_api_virtualenv.py for tasks to queue
[2025-06-24T00:10:08.133+0700] {logging_mixin.py:188} INFO - [2025-06-24T00:10:08.132+0700] {dagbag.py:540} INFO - Filling up the DagBag from /home/panda/Documents/ODAP/Project/venv310/lib/python3.10/site-packages/airflow/example_dags/tutorial_taskflow_api_virtualenv.py
[2025-06-24T00:10:08.138+0700] {logging_mixin.py:188} INFO - [2025-06-24T00:10:08.138+0700] {tutorial_taskflow_api_virtualenv.py:29} WARNING - The tutorial_taskflow_api_virtualenv example DAG requires virtualenv, please install it.
[2025-06-24T00:10:08.139+0700] {processor.py:842} WARNING - No viable dags retrieved from /home/panda/Documents/ODAP/Project/venv310/lib/python3.10/site-packages/airflow/example_dags/tutorial_taskflow_api_virtualenv.py
[2025-06-24T00:10:08.157+0700] {processor.py:183} INFO - Processing /home/panda/Documents/ODAP/Project/venv310/lib/python3.10/site-packages/airflow/example_dags/tutorial_taskflow_api_virtualenv.py took 0.040 seconds
[2025-06-24T00:10:55.210+0700] {processor.py:161} INFO - Started process (PID=11135) to work on /home/panda/Documents/ODAP/Project/venv310/lib/python3.10/site-packages/airflow/example_dags/tutorial_taskflow_api_virtualenv.py
[2025-06-24T00:10:55.215+0700] {processor.py:830} INFO - Processing file /home/panda/Documents/ODAP/Project/venv310/lib/python3.10/site-packages/airflow/example_dags/tutorial_taskflow_api_virtualenv.py for tasks to queue
[2025-06-24T00:10:55.216+0700] {logging_mixin.py:188} INFO - [2025-06-24T00:10:55.215+0700] {dagbag.py:540} INFO - Filling up the DagBag from /home/panda/Documents/ODAP/Project/venv310/lib/python3.10/site-packages/airflow/example_dags/tutorial_taskflow_api_virtualenv.py
[2025-06-24T00:10:55.219+0700] {logging_mixin.py:188} INFO - [2025-06-24T00:10:55.219+0700] {tutorial_taskflow_api_virtualenv.py:29} WARNING - The tutorial_taskflow_api_virtualenv example DAG requires virtualenv, please install it.
[2025-06-24T00:10:55.220+0700] {processor.py:842} WARNING - No viable dags retrieved from /home/panda/Documents/ODAP/Project/venv310/lib/python3.10/site-packages/airflow/example_dags/tutorial_taskflow_api_virtualenv.py
[2025-06-24T00:10:55.234+0700] {processor.py:183} INFO - Processing /home/panda/Documents/ODAP/Project/venv310/lib/python3.10/site-packages/airflow/example_dags/tutorial_taskflow_api_virtualenv.py took 0.032 seconds
[2025-06-24T00:11:34.214+0700] {processor.py:161} INFO - Started process (PID=12442) to work on /home/panda/Documents/ODAP/Project/venv310/lib/python3.10/site-packages/airflow/example_dags/tutorial_taskflow_api_virtualenv.py
[2025-06-24T00:11:34.219+0700] {processor.py:830} INFO - Processing file /home/panda/Documents/ODAP/Project/venv310/lib/python3.10/site-packages/airflow/example_dags/tutorial_taskflow_api_virtualenv.py for tasks to queue
[2025-06-24T00:11:34.221+0700] {logging_mixin.py:188} INFO - [2025-06-24T00:11:34.220+0700] {dagbag.py:540} INFO - Filling up the DagBag from /home/panda/Documents/ODAP/Project/venv310/lib/python3.10/site-packages/airflow/example_dags/tutorial_taskflow_api_virtualenv.py
[2025-06-24T00:11:34.224+0700] {logging_mixin.py:188} INFO - [2025-06-24T00:11:34.224+0700] {tutorial_taskflow_api_virtualenv.py:29} WARNING - The tutorial_taskflow_api_virtualenv example DAG requires virtualenv, please install it.
[2025-06-24T00:11:34.224+0700] {processor.py:842} WARNING - No viable dags retrieved from /home/panda/Documents/ODAP/Project/venv310/lib/python3.10/site-packages/airflow/example_dags/tutorial_taskflow_api_virtualenv.py
[2025-06-24T00:11:34.238+0700] {processor.py:183} INFO - Processing /home/panda/Documents/ODAP/Project/venv310/lib/python3.10/site-packages/airflow/example_dags/tutorial_taskflow_api_virtualenv.py took 0.031 seconds
[2025-06-24T00:12:26.230+0700] {processor.py:161} INFO - Started process (PID=12629) to work on /home/panda/Documents/ODAP/Project/venv310/lib/python3.10/site-packages/airflow/example_dags/tutorial_taskflow_api_virtualenv.py
[2025-06-24T00:12:26.236+0700] {processor.py:830} INFO - Processing file /home/panda/Documents/ODAP/Project/venv310/lib/python3.10/site-packages/airflow/example_dags/tutorial_taskflow_api_virtualenv.py for tasks to queue
[2025-06-24T00:12:26.237+0700] {logging_mixin.py:188} INFO - [2025-06-24T00:12:26.236+0700] {dagbag.py:540} INFO - Filling up the DagBag from /home/panda/Documents/ODAP/Project/venv310/lib/python3.10/site-packages/airflow/example_dags/tutorial_taskflow_api_virtualenv.py
[2025-06-24T00:12:26.241+0700] {logging_mixin.py:188} INFO - [2025-06-24T00:12:26.241+0700] {tutorial_taskflow_api_virtualenv.py:29} WARNING - The tutorial_taskflow_api_virtualenv example DAG requires virtualenv, please install it.
[2025-06-24T00:12:26.242+0700] {processor.py:842} WARNING - No viable dags retrieved from /home/panda/Documents/ODAP/Project/venv310/lib/python3.10/site-packages/airflow/example_dags/tutorial_taskflow_api_virtualenv.py
[2025-06-24T00:12:26.256+0700] {processor.py:183} INFO - Processing /home/panda/Documents/ODAP/Project/venv310/lib/python3.10/site-packages/airflow/example_dags/tutorial_taskflow_api_virtualenv.py took 0.032 seconds
[2025-06-24T00:13:11.659+0700] {processor.py:161} INFO - Started process (PID=12805) to work on /home/panda/Documents/ODAP/Project/venv310/lib/python3.10/site-packages/airflow/example_dags/tutorial_taskflow_api_virtualenv.py
[2025-06-24T00:13:11.660+0700] {processor.py:830} INFO - Processing file /home/panda/Documents/ODAP/Project/venv310/lib/python3.10/site-packages/airflow/example_dags/tutorial_taskflow_api_virtualenv.py for tasks to queue
[2025-06-24T00:13:11.662+0700] {logging_mixin.py:188} INFO - [2025-06-24T00:13:11.661+0700] {dagbag.py:540} INFO - Filling up the DagBag from /home/panda/Documents/ODAP/Project/venv310/lib/python3.10/site-packages/airflow/example_dags/tutorial_taskflow_api_virtualenv.py
[2025-06-24T00:13:11.666+0700] {logging_mixin.py:188} INFO - [2025-06-24T00:13:11.666+0700] {tutorial_taskflow_api_virtualenv.py:29} WARNING - The tutorial_taskflow_api_virtualenv example DAG requires virtualenv, please install it.
[2025-06-24T00:13:11.666+0700] {processor.py:842} WARNING - No viable dags retrieved from /home/panda/Documents/ODAP/Project/venv310/lib/python3.10/site-packages/airflow/example_dags/tutorial_taskflow_api_virtualenv.py
[2025-06-24T00:13:11.680+0700] {processor.py:183} INFO - Processing /home/panda/Documents/ODAP/Project/venv310/lib/python3.10/site-packages/airflow/example_dags/tutorial_taskflow_api_virtualenv.py took 0.029 seconds
[2025-06-24T00:13:56.650+0700] {processor.py:161} INFO - Started process (PID=13018) to work on /home/panda/Documents/ODAP/Project/venv310/lib/python3.10/site-packages/airflow/example_dags/tutorial_taskflow_api_virtualenv.py
[2025-06-24T00:13:56.655+0700] {processor.py:830} INFO - Processing file /home/panda/Documents/ODAP/Project/venv310/lib/python3.10/site-packages/airflow/example_dags/tutorial_taskflow_api_virtualenv.py for tasks to queue
[2025-06-24T00:13:56.657+0700] {logging_mixin.py:188} INFO - [2025-06-24T00:13:56.656+0700] {dagbag.py:540} INFO - Filling up the DagBag from /home/panda/Documents/ODAP/Project/venv310/lib/python3.10/site-packages/airflow/example_dags/tutorial_taskflow_api_virtualenv.py
[2025-06-24T00:13:56.660+0700] {logging_mixin.py:188} INFO - [2025-06-24T00:13:56.660+0700] {tutorial_taskflow_api_virtualenv.py:29} WARNING - The tutorial_taskflow_api_virtualenv example DAG requires virtualenv, please install it.
[2025-06-24T00:13:56.660+0700] {processor.py:842} WARNING - No viable dags retrieved from /home/panda/Documents/ODAP/Project/venv310/lib/python3.10/site-packages/airflow/example_dags/tutorial_taskflow_api_virtualenv.py
[2025-06-24T00:13:56.674+0700] {processor.py:183} INFO - Processing /home/panda/Documents/ODAP/Project/venv310/lib/python3.10/site-packages/airflow/example_dags/tutorial_taskflow_api_virtualenv.py took 0.031 seconds
[2025-06-24T00:14:42.115+0700] {processor.py:161} INFO - Started process (PID=13176) to work on /home/panda/Documents/ODAP/Project/venv310/lib/python3.10/site-packages/airflow/example_dags/tutorial_taskflow_api_virtualenv.py
[2025-06-24T00:14:42.120+0700] {processor.py:830} INFO - Processing file /home/panda/Documents/ODAP/Project/venv310/lib/python3.10/site-packages/airflow/example_dags/tutorial_taskflow_api_virtualenv.py for tasks to queue
[2025-06-24T00:14:42.121+0700] {logging_mixin.py:188} INFO - [2025-06-24T00:14:42.121+0700] {dagbag.py:540} INFO - Filling up the DagBag from /home/panda/Documents/ODAP/Project/venv310/lib/python3.10/site-packages/airflow/example_dags/tutorial_taskflow_api_virtualenv.py
[2025-06-24T00:14:42.125+0700] {logging_mixin.py:188} INFO - [2025-06-24T00:14:42.124+0700] {tutorial_taskflow_api_virtualenv.py:29} WARNING - The tutorial_taskflow_api_virtualenv example DAG requires virtualenv, please install it.
[2025-06-24T00:14:42.125+0700] {processor.py:842} WARNING - No viable dags retrieved from /home/panda/Documents/ODAP/Project/venv310/lib/python3.10/site-packages/airflow/example_dags/tutorial_taskflow_api_virtualenv.py
[2025-06-24T00:14:42.138+0700] {processor.py:183} INFO - Processing /home/panda/Documents/ODAP/Project/venv310/lib/python3.10/site-packages/airflow/example_dags/tutorial_taskflow_api_virtualenv.py took 0.030 seconds
[2025-06-24T00:21:15.533+0700] {processor.py:161} INFO - Started process (PID=16556) to work on /home/panda/Documents/ODAP/Project/venv310/lib/python3.10/site-packages/airflow/example_dags/tutorial_taskflow_api_virtualenv.py
[2025-06-24T00:21:15.538+0700] {processor.py:830} INFO - Processing file /home/panda/Documents/ODAP/Project/venv310/lib/python3.10/site-packages/airflow/example_dags/tutorial_taskflow_api_virtualenv.py for tasks to queue
[2025-06-24T00:21:15.539+0700] {logging_mixin.py:188} INFO - [2025-06-24T00:21:15.539+0700] {dagbag.py:540} INFO - Filling up the DagBag from /home/panda/Documents/ODAP/Project/venv310/lib/python3.10/site-packages/airflow/example_dags/tutorial_taskflow_api_virtualenv.py
[2025-06-24T00:21:15.543+0700] {logging_mixin.py:188} INFO - [2025-06-24T00:21:15.542+0700] {tutorial_taskflow_api_virtualenv.py:29} WARNING - The tutorial_taskflow_api_virtualenv example DAG requires virtualenv, please install it.
[2025-06-24T00:21:15.543+0700] {processor.py:842} WARNING - No viable dags retrieved from /home/panda/Documents/ODAP/Project/venv310/lib/python3.10/site-packages/airflow/example_dags/tutorial_taskflow_api_virtualenv.py
[2025-06-24T00:21:15.556+0700] {processor.py:183} INFO - Processing /home/panda/Documents/ODAP/Project/venv310/lib/python3.10/site-packages/airflow/example_dags/tutorial_taskflow_api_virtualenv.py took 0.030 seconds
[2025-06-24T00:22:09.638+0700] {processor.py:161} INFO - Started process (PID=16731) to work on /home/panda/Documents/ODAP/Project/venv310/lib/python3.10/site-packages/airflow/example_dags/tutorial_taskflow_api_virtualenv.py
[2025-06-24T00:22:09.643+0700] {processor.py:830} INFO - Processing file /home/panda/Documents/ODAP/Project/venv310/lib/python3.10/site-packages/airflow/example_dags/tutorial_taskflow_api_virtualenv.py for tasks to queue
[2025-06-24T00:22:09.644+0700] {logging_mixin.py:188} INFO - [2025-06-24T00:22:09.644+0700] {dagbag.py:540} INFO - Filling up the DagBag from /home/panda/Documents/ODAP/Project/venv310/lib/python3.10/site-packages/airflow/example_dags/tutorial_taskflow_api_virtualenv.py
[2025-06-24T00:22:09.647+0700] {logging_mixin.py:188} INFO - [2025-06-24T00:22:09.647+0700] {tutorial_taskflow_api_virtualenv.py:29} WARNING - The tutorial_taskflow_api_virtualenv example DAG requires virtualenv, please install it.
[2025-06-24T00:22:09.648+0700] {processor.py:842} WARNING - No viable dags retrieved from /home/panda/Documents/ODAP/Project/venv310/lib/python3.10/site-packages/airflow/example_dags/tutorial_taskflow_api_virtualenv.py
[2025-06-24T00:22:09.662+0700] {processor.py:183} INFO - Processing /home/panda/Documents/ODAP/Project/venv310/lib/python3.10/site-packages/airflow/example_dags/tutorial_taskflow_api_virtualenv.py took 0.033 seconds
[2025-06-24T00:23:09.123+0700] {processor.py:161} INFO - Started process (PID=18126) to work on /home/panda/Documents/ODAP/Project/venv310/lib/python3.10/site-packages/airflow/example_dags/tutorial_taskflow_api_virtualenv.py
[2025-06-24T00:23:09.124+0700] {processor.py:830} INFO - Processing file /home/panda/Documents/ODAP/Project/venv310/lib/python3.10/site-packages/airflow/example_dags/tutorial_taskflow_api_virtualenv.py for tasks to queue
[2025-06-24T00:23:09.125+0700] {logging_mixin.py:188} INFO - [2025-06-24T00:23:09.124+0700] {dagbag.py:540} INFO - Filling up the DagBag from /home/panda/Documents/ODAP/Project/venv310/lib/python3.10/site-packages/airflow/example_dags/tutorial_taskflow_api_virtualenv.py
[2025-06-24T00:23:09.129+0700] {logging_mixin.py:188} INFO - [2025-06-24T00:23:09.128+0700] {tutorial_taskflow_api_virtualenv.py:29} WARNING - The tutorial_taskflow_api_virtualenv example DAG requires virtualenv, please install it.
[2025-06-24T00:23:09.130+0700] {processor.py:842} WARNING - No viable dags retrieved from /home/panda/Documents/ODAP/Project/venv310/lib/python3.10/site-packages/airflow/example_dags/tutorial_taskflow_api_virtualenv.py
[2025-06-24T00:23:09.157+0700] {processor.py:183} INFO - Processing /home/panda/Documents/ODAP/Project/venv310/lib/python3.10/site-packages/airflow/example_dags/tutorial_taskflow_api_virtualenv.py took 0.041 seconds
[2025-06-24T00:33:26.909+0700] {processor.py:161} INFO - Started process (PID=20180) to work on /home/panda/Documents/ODAP/Project/venv310/lib/python3.10/site-packages/airflow/example_dags/tutorial_taskflow_api_virtualenv.py
[2025-06-24T00:33:26.914+0700] {processor.py:830} INFO - Processing file /home/panda/Documents/ODAP/Project/venv310/lib/python3.10/site-packages/airflow/example_dags/tutorial_taskflow_api_virtualenv.py for tasks to queue
[2025-06-24T00:33:26.916+0700] {logging_mixin.py:188} INFO - [2025-06-24T00:33:26.915+0700] {dagbag.py:540} INFO - Filling up the DagBag from /home/panda/Documents/ODAP/Project/venv310/lib/python3.10/site-packages/airflow/example_dags/tutorial_taskflow_api_virtualenv.py
[2025-06-24T00:33:26.920+0700] {logging_mixin.py:188} INFO - [2025-06-24T00:33:26.919+0700] {tutorial_taskflow_api_virtualenv.py:29} WARNING - The tutorial_taskflow_api_virtualenv example DAG requires virtualenv, please install it.
[2025-06-24T00:33:26.920+0700] {processor.py:842} WARNING - No viable dags retrieved from /home/panda/Documents/ODAP/Project/venv310/lib/python3.10/site-packages/airflow/example_dags/tutorial_taskflow_api_virtualenv.py
[2025-06-24T00:33:26.933+0700] {processor.py:183} INFO - Processing /home/panda/Documents/ODAP/Project/venv310/lib/python3.10/site-packages/airflow/example_dags/tutorial_taskflow_api_virtualenv.py took 0.031 seconds
[2025-06-24T00:34:21.147+0700] {processor.py:161} INFO - Started process (PID=20369) to work on /home/panda/Documents/ODAP/Project/venv310/lib/python3.10/site-packages/airflow/example_dags/tutorial_taskflow_api_virtualenv.py
[2025-06-24T00:34:21.152+0700] {processor.py:830} INFO - Processing file /home/panda/Documents/ODAP/Project/venv310/lib/python3.10/site-packages/airflow/example_dags/tutorial_taskflow_api_virtualenv.py for tasks to queue
[2025-06-24T00:34:21.154+0700] {logging_mixin.py:188} INFO - [2025-06-24T00:34:21.153+0700] {dagbag.py:540} INFO - Filling up the DagBag from /home/panda/Documents/ODAP/Project/venv310/lib/python3.10/site-packages/airflow/example_dags/tutorial_taskflow_api_virtualenv.py
[2025-06-24T00:34:21.158+0700] {logging_mixin.py:188} INFO - [2025-06-24T00:34:21.158+0700] {tutorial_taskflow_api_virtualenv.py:29} WARNING - The tutorial_taskflow_api_virtualenv example DAG requires virtualenv, please install it.
[2025-06-24T00:34:21.158+0700] {processor.py:842} WARNING - No viable dags retrieved from /home/panda/Documents/ODAP/Project/venv310/lib/python3.10/site-packages/airflow/example_dags/tutorial_taskflow_api_virtualenv.py
[2025-06-24T00:34:21.173+0700] {processor.py:183} INFO - Processing /home/panda/Documents/ODAP/Project/venv310/lib/python3.10/site-packages/airflow/example_dags/tutorial_taskflow_api_virtualenv.py took 0.035 seconds
[2025-06-24T00:35:09.019+0700] {processor.py:161} INFO - Started process (PID=20498) to work on /home/panda/Documents/ODAP/Project/venv310/lib/python3.10/site-packages/airflow/example_dags/tutorial_taskflow_api_virtualenv.py
[2025-06-24T00:35:09.024+0700] {processor.py:830} INFO - Processing file /home/panda/Documents/ODAP/Project/venv310/lib/python3.10/site-packages/airflow/example_dags/tutorial_taskflow_api_virtualenv.py for tasks to queue
[2025-06-24T00:35:09.025+0700] {logging_mixin.py:188} INFO - [2025-06-24T00:35:09.025+0700] {dagbag.py:540} INFO - Filling up the DagBag from /home/panda/Documents/ODAP/Project/venv310/lib/python3.10/site-packages/airflow/example_dags/tutorial_taskflow_api_virtualenv.py
[2025-06-24T00:35:09.028+0700] {logging_mixin.py:188} INFO - [2025-06-24T00:35:09.028+0700] {tutorial_taskflow_api_virtualenv.py:29} WARNING - The tutorial_taskflow_api_virtualenv example DAG requires virtualenv, please install it.
[2025-06-24T00:35:09.029+0700] {processor.py:842} WARNING - No viable dags retrieved from /home/panda/Documents/ODAP/Project/venv310/lib/python3.10/site-packages/airflow/example_dags/tutorial_taskflow_api_virtualenv.py
[2025-06-24T00:35:09.042+0700] {processor.py:183} INFO - Processing /home/panda/Documents/ODAP/Project/venv310/lib/python3.10/site-packages/airflow/example_dags/tutorial_taskflow_api_virtualenv.py took 0.030 seconds
[2025-06-24T00:35:55.630+0700] {processor.py:161} INFO - Started process (PID=20690) to work on /home/panda/Documents/ODAP/Project/venv310/lib/python3.10/site-packages/airflow/example_dags/tutorial_taskflow_api_virtualenv.py
[2025-06-24T00:35:55.635+0700] {processor.py:830} INFO - Processing file /home/panda/Documents/ODAP/Project/venv310/lib/python3.10/site-packages/airflow/example_dags/tutorial_taskflow_api_virtualenv.py for tasks to queue
[2025-06-24T00:35:55.636+0700] {logging_mixin.py:188} INFO - [2025-06-24T00:35:55.636+0700] {dagbag.py:540} INFO - Filling up the DagBag from /home/panda/Documents/ODAP/Project/venv310/lib/python3.10/site-packages/airflow/example_dags/tutorial_taskflow_api_virtualenv.py
[2025-06-24T00:35:55.639+0700] {logging_mixin.py:188} INFO - [2025-06-24T00:35:55.639+0700] {tutorial_taskflow_api_virtualenv.py:29} WARNING - The tutorial_taskflow_api_virtualenv example DAG requires virtualenv, please install it.
[2025-06-24T00:35:55.640+0700] {processor.py:842} WARNING - No viable dags retrieved from /home/panda/Documents/ODAP/Project/venv310/lib/python3.10/site-packages/airflow/example_dags/tutorial_taskflow_api_virtualenv.py
[2025-06-24T00:35:55.653+0700] {processor.py:183} INFO - Processing /home/panda/Documents/ODAP/Project/venv310/lib/python3.10/site-packages/airflow/example_dags/tutorial_taskflow_api_virtualenv.py took 0.032 seconds
[2025-06-24T00:36:42.020+0700] {processor.py:161} INFO - Started process (PID=20995) to work on /home/panda/Documents/ODAP/Project/venv310/lib/python3.10/site-packages/airflow/example_dags/tutorial_taskflow_api_virtualenv.py
[2025-06-24T00:36:42.025+0700] {processor.py:830} INFO - Processing file /home/panda/Documents/ODAP/Project/venv310/lib/python3.10/site-packages/airflow/example_dags/tutorial_taskflow_api_virtualenv.py for tasks to queue
[2025-06-24T00:36:42.027+0700] {logging_mixin.py:188} INFO - [2025-06-24T00:36:42.026+0700] {dagbag.py:540} INFO - Filling up the DagBag from /home/panda/Documents/ODAP/Project/venv310/lib/python3.10/site-packages/airflow/example_dags/tutorial_taskflow_api_virtualenv.py
[2025-06-24T00:36:42.030+0700] {logging_mixin.py:188} INFO - [2025-06-24T00:36:42.030+0700] {tutorial_taskflow_api_virtualenv.py:29} WARNING - The tutorial_taskflow_api_virtualenv example DAG requires virtualenv, please install it.
[2025-06-24T00:36:42.030+0700] {processor.py:842} WARNING - No viable dags retrieved from /home/panda/Documents/ODAP/Project/venv310/lib/python3.10/site-packages/airflow/example_dags/tutorial_taskflow_api_virtualenv.py
[2025-06-24T00:36:42.045+0700] {processor.py:183} INFO - Processing /home/panda/Documents/ODAP/Project/venv310/lib/python3.10/site-packages/airflow/example_dags/tutorial_taskflow_api_virtualenv.py took 0.032 seconds
[2025-06-24T00:52:24.884+0700] {processor.py:161} INFO - Started process (PID=25082) to work on /home/panda/Documents/ODAP/Project/venv310/lib/python3.10/site-packages/airflow/example_dags/tutorial_taskflow_api_virtualenv.py
[2025-06-24T00:52:24.889+0700] {processor.py:830} INFO - Processing file /home/panda/Documents/ODAP/Project/venv310/lib/python3.10/site-packages/airflow/example_dags/tutorial_taskflow_api_virtualenv.py for tasks to queue
[2025-06-24T00:52:24.891+0700] {logging_mixin.py:188} INFO - [2025-06-24T00:52:24.890+0700] {dagbag.py:540} INFO - Filling up the DagBag from /home/panda/Documents/ODAP/Project/venv310/lib/python3.10/site-packages/airflow/example_dags/tutorial_taskflow_api_virtualenv.py
[2025-06-24T00:52:24.894+0700] {logging_mixin.py:188} INFO - [2025-06-24T00:52:24.894+0700] {tutorial_taskflow_api_virtualenv.py:29} WARNING - The tutorial_taskflow_api_virtualenv example DAG requires virtualenv, please install it.
[2025-06-24T00:52:24.895+0700] {processor.py:842} WARNING - No viable dags retrieved from /home/panda/Documents/ODAP/Project/venv310/lib/python3.10/site-packages/airflow/example_dags/tutorial_taskflow_api_virtualenv.py
[2025-06-24T00:52:24.910+0700] {processor.py:183} INFO - Processing /home/panda/Documents/ODAP/Project/venv310/lib/python3.10/site-packages/airflow/example_dags/tutorial_taskflow_api_virtualenv.py took 0.033 seconds
[2025-06-24T00:53:18.783+0700] {processor.py:161} INFO - Started process (PID=25265) to work on /home/panda/Documents/ODAP/Project/venv310/lib/python3.10/site-packages/airflow/example_dags/tutorial_taskflow_api_virtualenv.py
[2025-06-24T00:53:18.786+0700] {processor.py:830} INFO - Processing file /home/panda/Documents/ODAP/Project/venv310/lib/python3.10/site-packages/airflow/example_dags/tutorial_taskflow_api_virtualenv.py for tasks to queue
[2025-06-24T00:53:18.787+0700] {logging_mixin.py:188} INFO - [2025-06-24T00:53:18.787+0700] {dagbag.py:540} INFO - Filling up the DagBag from /home/panda/Documents/ODAP/Project/venv310/lib/python3.10/site-packages/airflow/example_dags/tutorial_taskflow_api_virtualenv.py
[2025-06-24T00:53:18.791+0700] {logging_mixin.py:188} INFO - [2025-06-24T00:53:18.791+0700] {tutorial_taskflow_api_virtualenv.py:29} WARNING - The tutorial_taskflow_api_virtualenv example DAG requires virtualenv, please install it.
[2025-06-24T00:53:18.792+0700] {processor.py:842} WARNING - No viable dags retrieved from /home/panda/Documents/ODAP/Project/venv310/lib/python3.10/site-packages/airflow/example_dags/tutorial_taskflow_api_virtualenv.py
[2025-06-24T00:53:18.807+0700] {processor.py:183} INFO - Processing /home/panda/Documents/ODAP/Project/venv310/lib/python3.10/site-packages/airflow/example_dags/tutorial_taskflow_api_virtualenv.py took 0.032 seconds
[2025-06-24T00:54:07.169+0700] {processor.py:161} INFO - Started process (PID=25555) to work on /home/panda/Documents/ODAP/Project/venv310/lib/python3.10/site-packages/airflow/example_dags/tutorial_taskflow_api_virtualenv.py
[2025-06-24T00:54:07.171+0700] {processor.py:830} INFO - Processing file /home/panda/Documents/ODAP/Project/venv310/lib/python3.10/site-packages/airflow/example_dags/tutorial_taskflow_api_virtualenv.py for tasks to queue
[2025-06-24T00:54:07.172+0700] {logging_mixin.py:188} INFO - [2025-06-24T00:54:07.171+0700] {dagbag.py:540} INFO - Filling up the DagBag from /home/panda/Documents/ODAP/Project/venv310/lib/python3.10/site-packages/airflow/example_dags/tutorial_taskflow_api_virtualenv.py
[2025-06-24T00:54:07.175+0700] {logging_mixin.py:188} INFO - [2025-06-24T00:54:07.175+0700] {tutorial_taskflow_api_virtualenv.py:29} WARNING - The tutorial_taskflow_api_virtualenv example DAG requires virtualenv, please install it.
[2025-06-24T00:54:07.176+0700] {processor.py:842} WARNING - No viable dags retrieved from /home/panda/Documents/ODAP/Project/venv310/lib/python3.10/site-packages/airflow/example_dags/tutorial_taskflow_api_virtualenv.py
[2025-06-24T00:54:07.191+0700] {processor.py:183} INFO - Processing /home/panda/Documents/ODAP/Project/venv310/lib/python3.10/site-packages/airflow/example_dags/tutorial_taskflow_api_virtualenv.py took 0.029 seconds
[2025-06-24T00:54:53.744+0700] {processor.py:161} INFO - Started process (PID=25703) to work on /home/panda/Documents/ODAP/Project/venv310/lib/python3.10/site-packages/airflow/example_dags/tutorial_taskflow_api_virtualenv.py
[2025-06-24T00:54:53.749+0700] {processor.py:830} INFO - Processing file /home/panda/Documents/ODAP/Project/venv310/lib/python3.10/site-packages/airflow/example_dags/tutorial_taskflow_api_virtualenv.py for tasks to queue
[2025-06-24T00:54:53.750+0700] {logging_mixin.py:188} INFO - [2025-06-24T00:54:53.750+0700] {dagbag.py:540} INFO - Filling up the DagBag from /home/panda/Documents/ODAP/Project/venv310/lib/python3.10/site-packages/airflow/example_dags/tutorial_taskflow_api_virtualenv.py
[2025-06-24T00:54:53.754+0700] {logging_mixin.py:188} INFO - [2025-06-24T00:54:53.754+0700] {tutorial_taskflow_api_virtualenv.py:29} WARNING - The tutorial_taskflow_api_virtualenv example DAG requires virtualenv, please install it.
[2025-06-24T00:54:53.755+0700] {processor.py:842} WARNING - No viable dags retrieved from /home/panda/Documents/ODAP/Project/venv310/lib/python3.10/site-packages/airflow/example_dags/tutorial_taskflow_api_virtualenv.py
[2025-06-24T00:54:53.768+0700] {processor.py:183} INFO - Processing /home/panda/Documents/ODAP/Project/venv310/lib/python3.10/site-packages/airflow/example_dags/tutorial_taskflow_api_virtualenv.py took 0.033 seconds
[2025-06-24T01:03:00.845+0700] {processor.py:161} INFO - Started process (PID=28529) to work on /home/panda/Documents/ODAP/Project/venv310/lib/python3.10/site-packages/airflow/example_dags/tutorial_taskflow_api_virtualenv.py
[2025-06-24T01:03:00.850+0700] {processor.py:830} INFO - Processing file /home/panda/Documents/ODAP/Project/venv310/lib/python3.10/site-packages/airflow/example_dags/tutorial_taskflow_api_virtualenv.py for tasks to queue
[2025-06-24T01:03:00.851+0700] {logging_mixin.py:188} INFO - [2025-06-24T01:03:00.850+0700] {dagbag.py:540} INFO - Filling up the DagBag from /home/panda/Documents/ODAP/Project/venv310/lib/python3.10/site-packages/airflow/example_dags/tutorial_taskflow_api_virtualenv.py
[2025-06-24T01:03:00.854+0700] {logging_mixin.py:188} INFO - [2025-06-24T01:03:00.854+0700] {tutorial_taskflow_api_virtualenv.py:29} WARNING - The tutorial_taskflow_api_virtualenv example DAG requires virtualenv, please install it.
[2025-06-24T01:03:00.855+0700] {processor.py:842} WARNING - No viable dags retrieved from /home/panda/Documents/ODAP/Project/venv310/lib/python3.10/site-packages/airflow/example_dags/tutorial_taskflow_api_virtualenv.py
[2025-06-24T01:03:00.868+0700] {processor.py:183} INFO - Processing /home/panda/Documents/ODAP/Project/venv310/lib/python3.10/site-packages/airflow/example_dags/tutorial_taskflow_api_virtualenv.py took 0.031 seconds
[2025-06-24T01:03:53.467+0700] {processor.py:161} INFO - Started process (PID=28685) to work on /home/panda/Documents/ODAP/Project/venv310/lib/python3.10/site-packages/airflow/example_dags/tutorial_taskflow_api_virtualenv.py
[2025-06-24T01:03:53.470+0700] {processor.py:830} INFO - Processing file /home/panda/Documents/ODAP/Project/venv310/lib/python3.10/site-packages/airflow/example_dags/tutorial_taskflow_api_virtualenv.py for tasks to queue
[2025-06-24T01:03:53.472+0700] {logging_mixin.py:188} INFO - [2025-06-24T01:03:53.471+0700] {dagbag.py:540} INFO - Filling up the DagBag from /home/panda/Documents/ODAP/Project/venv310/lib/python3.10/site-packages/airflow/example_dags/tutorial_taskflow_api_virtualenv.py
[2025-06-24T01:03:53.475+0700] {logging_mixin.py:188} INFO - [2025-06-24T01:03:53.475+0700] {tutorial_taskflow_api_virtualenv.py:29} WARNING - The tutorial_taskflow_api_virtualenv example DAG requires virtualenv, please install it.
[2025-06-24T01:03:53.476+0700] {processor.py:842} WARNING - No viable dags retrieved from /home/panda/Documents/ODAP/Project/venv310/lib/python3.10/site-packages/airflow/example_dags/tutorial_taskflow_api_virtualenv.py
[2025-06-24T01:03:53.491+0700] {processor.py:183} INFO - Processing /home/panda/Documents/ODAP/Project/venv310/lib/python3.10/site-packages/airflow/example_dags/tutorial_taskflow_api_virtualenv.py took 0.031 seconds
[2025-06-24T01:09:04.631+0700] {processor.py:161} INFO - Started process (PID=5616) to work on /home/panda/Documents/ODAP/Project/venv310/lib/python3.10/site-packages/airflow/example_dags/tutorial_taskflow_api_virtualenv.py
[2025-06-24T01:09:04.636+0700] {processor.py:830} INFO - Processing file /home/panda/Documents/ODAP/Project/venv310/lib/python3.10/site-packages/airflow/example_dags/tutorial_taskflow_api_virtualenv.py for tasks to queue
[2025-06-24T01:09:04.637+0700] {logging_mixin.py:188} INFO - [2025-06-24T01:09:04.637+0700] {dagbag.py:540} INFO - Filling up the DagBag from /home/panda/Documents/ODAP/Project/venv310/lib/python3.10/site-packages/airflow/example_dags/tutorial_taskflow_api_virtualenv.py
[2025-06-24T01:09:04.640+0700] {logging_mixin.py:188} INFO - [2025-06-24T01:09:04.640+0700] {tutorial_taskflow_api_virtualenv.py:29} WARNING - The tutorial_taskflow_api_virtualenv example DAG requires virtualenv, please install it.
[2025-06-24T01:09:04.641+0700] {processor.py:842} WARNING - No viable dags retrieved from /home/panda/Documents/ODAP/Project/venv310/lib/python3.10/site-packages/airflow/example_dags/tutorial_taskflow_api_virtualenv.py
[2025-06-24T01:09:04.653+0700] {processor.py:183} INFO - Processing /home/panda/Documents/ODAP/Project/venv310/lib/python3.10/site-packages/airflow/example_dags/tutorial_taskflow_api_virtualenv.py took 0.029 seconds
