[2025-06-24T00:01:59.280+0700] {processor.py:161} INFO - Started process (PID=5232) to work on /home/panda/Documents/ODAP/Project/venv310/lib/python3.10/site-packages/airflow/example_dags/tutorial.py
[2025-06-24T00:01:59.281+0700] {processor.py:830} INFO - Processing file /home/panda/Documents/ODAP/Project/venv310/lib/python3.10/site-packages/airflow/example_dags/tutorial.py for tasks to queue
[2025-06-24T00:01:59.283+0700] {logging_mixin.py:188} INFO - [2025-06-24T00:01:59.282+0700] {dagbag.py:540} INFO - Filling up the DagBag from /home/panda/Documents/ODAP/Project/venv310/lib/python3.10/site-packages/airflow/example_dags/tutorial.py
[2025-06-24T00:01:59.296+0700] {processor.py:840} INFO - DAG(s) 'tutorial' retrieved from /home/panda/Documents/ODAP/Project/venv310/lib/python3.10/site-packages/airflow/example_dags/tutorial.py
[2025-06-24T00:01:59.320+0700] {logging_mixin.py:188} INFO - [2025-06-24T00:01:59.319+0700] {dag.py:3096} INFO - Sync 1 DAGs
[2025-06-24T00:01:59.342+0700] {logging_mixin.py:188} INFO - [2025-06-24T00:01:59.342+0700] {dag.py:3954} INFO - Setting next_dagrun for tutorial to 2025-06-22 00:00:00+00:00, run_after=2025-06-23 00:00:00+00:00
[2025-06-24T00:01:59.368+0700] {processor.py:183} INFO - Processing /home/panda/Documents/ODAP/Project/venv310/lib/python3.10/site-packages/airflow/example_dags/tutorial.py took 0.095 seconds
[2025-06-24T00:02:53.595+0700] {processor.py:161} INFO - Started process (PID=6187) to work on /home/panda/Documents/ODAP/Project/venv310/lib/python3.10/site-packages/airflow/example_dags/tutorial.py
[2025-06-24T00:02:53.597+0700] {processor.py:830} INFO - Processing file /home/panda/Documents/ODAP/Project/venv310/lib/python3.10/site-packages/airflow/example_dags/tutorial.py for tasks to queue
[2025-06-24T00:02:53.600+0700] {logging_mixin.py:188} INFO - [2025-06-24T00:02:53.599+0700] {dagbag.py:540} INFO - Filling up the DagBag from /home/panda/Documents/ODAP/Project/venv310/lib/python3.10/site-packages/airflow/example_dags/tutorial.py
[2025-06-24T00:02:53.608+0700] {processor.py:840} INFO - DAG(s) 'tutorial' retrieved from /home/panda/Documents/ODAP/Project/venv310/lib/python3.10/site-packages/airflow/example_dags/tutorial.py
[2025-06-24T00:02:53.627+0700] {logging_mixin.py:188} INFO - [2025-06-24T00:02:53.627+0700] {dag.py:3096} INFO - Sync 1 DAGs
[2025-06-24T00:02:53.647+0700] {logging_mixin.py:188} INFO - [2025-06-24T00:02:53.647+0700] {dag.py:3954} INFO - Setting next_dagrun for tutorial to 2025-06-22 00:00:00+00:00, run_after=2025-06-23 00:00:00+00:00
[2025-06-24T00:02:53.671+0700] {processor.py:183} INFO - Processing /home/panda/Documents/ODAP/Project/venv310/lib/python3.10/site-packages/airflow/example_dags/tutorial.py took 0.084 seconds
[2025-06-24T00:03:42.376+0700] {processor.py:161} INFO - Started process (PID=6376) to work on /home/panda/Documents/ODAP/Project/venv310/lib/python3.10/site-packages/airflow/example_dags/tutorial.py
[2025-06-24T00:03:42.381+0700] {processor.py:830} INFO - Processing file /home/panda/Documents/ODAP/Project/venv310/lib/python3.10/site-packages/airflow/example_dags/tutorial.py for tasks to queue
[2025-06-24T00:03:42.383+0700] {logging_mixin.py:188} INFO - [2025-06-24T00:03:42.383+0700] {dagbag.py:540} INFO - Filling up the DagBag from /home/panda/Documents/ODAP/Project/venv310/lib/python3.10/site-packages/airflow/example_dags/tutorial.py
[2025-06-24T00:03:42.391+0700] {processor.py:840} INFO - DAG(s) 'tutorial' retrieved from /home/panda/Documents/ODAP/Project/venv310/lib/python3.10/site-packages/airflow/example_dags/tutorial.py
[2025-06-24T00:03:42.409+0700] {logging_mixin.py:188} INFO - [2025-06-24T00:03:42.409+0700] {dag.py:3096} INFO - Sync 1 DAGs
[2025-06-24T00:03:42.432+0700] {logging_mixin.py:188} INFO - [2025-06-24T00:03:42.431+0700] {dag.py:3954} INFO - Setting next_dagrun for tutorial to 2025-06-22 00:00:00+00:00, run_after=2025-06-23 00:00:00+00:00
[2025-06-24T00:03:42.572+0700] {processor.py:183} INFO - Processing /home/panda/Documents/ODAP/Project/venv310/lib/python3.10/site-packages/airflow/example_dags/tutorial.py took 0.203 seconds
[2025-06-24T00:04:32.405+0700] {processor.py:161} INFO - Started process (PID=6834) to work on /home/panda/Documents/ODAP/Project/venv310/lib/python3.10/site-packages/airflow/example_dags/tutorial.py
[2025-06-24T00:04:32.410+0700] {processor.py:830} INFO - Processing file /home/panda/Documents/ODAP/Project/venv310/lib/python3.10/site-packages/airflow/example_dags/tutorial.py for tasks to queue
[2025-06-24T00:04:32.412+0700] {logging_mixin.py:188} INFO - [2025-06-24T00:04:32.412+0700] {dagbag.py:540} INFO - Filling up the DagBag from /home/panda/Documents/ODAP/Project/venv310/lib/python3.10/site-packages/airflow/example_dags/tutorial.py
[2025-06-24T00:04:32.421+0700] {processor.py:840} INFO - DAG(s) 'tutorial' retrieved from /home/panda/Documents/ODAP/Project/venv310/lib/python3.10/site-packages/airflow/example_dags/tutorial.py
[2025-06-24T00:04:32.443+0700] {logging_mixin.py:188} INFO - [2025-06-24T00:04:32.442+0700] {dag.py:3096} INFO - Sync 1 DAGs
[2025-06-24T00:04:32.468+0700] {logging_mixin.py:188} INFO - [2025-06-24T00:04:32.468+0700] {dag.py:3954} INFO - Setting next_dagrun for tutorial to 2025-06-22 00:00:00+00:00, run_after=2025-06-23 00:00:00+00:00
[2025-06-24T00:04:32.500+0700] {processor.py:183} INFO - Processing /home/panda/Documents/ODAP/Project/venv310/lib/python3.10/site-packages/airflow/example_dags/tutorial.py took 0.104 seconds
[2025-06-24T00:05:19.029+0700] {processor.py:161} INFO - Started process (PID=7042) to work on /home/panda/Documents/ODAP/Project/venv310/lib/python3.10/site-packages/airflow/example_dags/tutorial.py
[2025-06-24T00:05:19.034+0700] {processor.py:830} INFO - Processing file /home/panda/Documents/ODAP/Project/venv310/lib/python3.10/site-packages/airflow/example_dags/tutorial.py for tasks to queue
[2025-06-24T00:05:19.037+0700] {logging_mixin.py:188} INFO - [2025-06-24T00:05:19.036+0700] {dagbag.py:540} INFO - Filling up the DagBag from /home/panda/Documents/ODAP/Project/venv310/lib/python3.10/site-packages/airflow/example_dags/tutorial.py
[2025-06-24T00:05:19.044+0700] {processor.py:840} INFO - DAG(s) 'tutorial' retrieved from /home/panda/Documents/ODAP/Project/venv310/lib/python3.10/site-packages/airflow/example_dags/tutorial.py
[2025-06-24T00:05:19.062+0700] {logging_mixin.py:188} INFO - [2025-06-24T00:05:19.061+0700] {dag.py:3096} INFO - Sync 1 DAGs
[2025-06-24T00:05:19.082+0700] {logging_mixin.py:188} INFO - [2025-06-24T00:05:19.082+0700] {dag.py:3954} INFO - Setting next_dagrun for tutorial to 2025-06-22 00:00:00+00:00, run_after=2025-06-23 00:00:00+00:00
[2025-06-24T00:05:19.116+0700] {processor.py:183} INFO - Processing /home/panda/Documents/ODAP/Project/venv310/lib/python3.10/site-packages/airflow/example_dags/tutorial.py took 0.094 seconds
[2025-06-24T00:07:06.245+0700] {processor.py:161} INFO - Started process (PID=8085) to work on /home/panda/Documents/ODAP/Project/venv310/lib/python3.10/site-packages/airflow/example_dags/tutorial.py
[2025-06-24T00:07:06.250+0700] {processor.py:830} INFO - Processing file /home/panda/Documents/ODAP/Project/venv310/lib/python3.10/site-packages/airflow/example_dags/tutorial.py for tasks to queue
[2025-06-24T00:07:06.251+0700] {logging_mixin.py:188} INFO - [2025-06-24T00:07:06.251+0700] {dagbag.py:540} INFO - Filling up the DagBag from /home/panda/Documents/ODAP/Project/venv310/lib/python3.10/site-packages/airflow/example_dags/tutorial.py
[2025-06-24T00:07:06.259+0700] {processor.py:840} INFO - DAG(s) 'tutorial' retrieved from /home/panda/Documents/ODAP/Project/venv310/lib/python3.10/site-packages/airflow/example_dags/tutorial.py
[2025-06-24T00:07:06.286+0700] {logging_mixin.py:188} INFO - [2025-06-24T00:07:06.286+0700] {dag.py:3096} INFO - Sync 1 DAGs
[2025-06-24T00:07:06.305+0700] {logging_mixin.py:188} INFO - [2025-06-24T00:07:06.304+0700] {dag.py:3954} INFO - Setting next_dagrun for tutorial to 2025-06-22 00:00:00+00:00, run_after=2025-06-23 00:00:00+00:00
[2025-06-24T00:07:06.330+0700] {processor.py:183} INFO - Processing /home/panda/Documents/ODAP/Project/venv310/lib/python3.10/site-packages/airflow/example_dags/tutorial.py took 0.092 seconds
[2025-06-24T00:07:59.550+0700] {processor.py:161} INFO - Started process (PID=8413) to work on /home/panda/Documents/ODAP/Project/venv310/lib/python3.10/site-packages/airflow/example_dags/tutorial.py
[2025-06-24T00:07:59.555+0700] {processor.py:830} INFO - Processing file /home/panda/Documents/ODAP/Project/venv310/lib/python3.10/site-packages/airflow/example_dags/tutorial.py for tasks to queue
[2025-06-24T00:07:59.556+0700] {logging_mixin.py:188} INFO - [2025-06-24T00:07:59.555+0700] {dagbag.py:540} INFO - Filling up the DagBag from /home/panda/Documents/ODAP/Project/venv310/lib/python3.10/site-packages/airflow/example_dags/tutorial.py
[2025-06-24T00:07:59.565+0700] {processor.py:840} INFO - DAG(s) 'tutorial' retrieved from /home/panda/Documents/ODAP/Project/venv310/lib/python3.10/site-packages/airflow/example_dags/tutorial.py
[2025-06-24T00:07:59.584+0700] {logging_mixin.py:188} INFO - [2025-06-24T00:07:59.584+0700] {dag.py:3096} INFO - Sync 1 DAGs
[2025-06-24T00:07:59.604+0700] {logging_mixin.py:188} INFO - [2025-06-24T00:07:59.603+0700] {dag.py:3954} INFO - Setting next_dagrun for tutorial to 2025-06-22 00:00:00+00:00, run_after=2025-06-23 00:00:00+00:00
[2025-06-24T00:07:59.629+0700] {processor.py:183} INFO - Processing /home/panda/Documents/ODAP/Project/venv310/lib/python3.10/site-packages/airflow/example_dags/tutorial.py took 0.087 seconds
[2025-06-24T00:08:45.965+0700] {processor.py:161} INFO - Started process (PID=10693) to work on /home/panda/Documents/ODAP/Project/venv310/lib/python3.10/site-packages/airflow/example_dags/tutorial.py
[2025-06-24T00:08:45.970+0700] {processor.py:830} INFO - Processing file /home/panda/Documents/ODAP/Project/venv310/lib/python3.10/site-packages/airflow/example_dags/tutorial.py for tasks to queue
[2025-06-24T00:08:45.971+0700] {logging_mixin.py:188} INFO - [2025-06-24T00:08:45.971+0700] {dagbag.py:540} INFO - Filling up the DagBag from /home/panda/Documents/ODAP/Project/venv310/lib/python3.10/site-packages/airflow/example_dags/tutorial.py
[2025-06-24T00:08:45.979+0700] {processor.py:840} INFO - DAG(s) 'tutorial' retrieved from /home/panda/Documents/ODAP/Project/venv310/lib/python3.10/site-packages/airflow/example_dags/tutorial.py
[2025-06-24T00:08:45.997+0700] {logging_mixin.py:188} INFO - [2025-06-24T00:08:45.997+0700] {dag.py:3096} INFO - Sync 1 DAGs
[2025-06-24T00:08:46.015+0700] {logging_mixin.py:188} INFO - [2025-06-24T00:08:46.015+0700] {dag.py:3954} INFO - Setting next_dagrun for tutorial to 2025-06-22 00:00:00+00:00, run_after=2025-06-23 00:00:00+00:00
[2025-06-24T00:08:46.043+0700] {processor.py:183} INFO - Processing /home/panda/Documents/ODAP/Project/venv310/lib/python3.10/site-packages/airflow/example_dags/tutorial.py took 0.085 seconds
[2025-06-24T00:09:24.488+0700] {processor.py:161} INFO - Started process (PID=10794) to work on /home/panda/Documents/ODAP/Project/venv310/lib/python3.10/site-packages/airflow/example_dags/tutorial.py
[2025-06-24T00:09:24.493+0700] {processor.py:830} INFO - Processing file /home/panda/Documents/ODAP/Project/venv310/lib/python3.10/site-packages/airflow/example_dags/tutorial.py for tasks to queue
[2025-06-24T00:09:24.495+0700] {logging_mixin.py:188} INFO - [2025-06-24T00:09:24.494+0700] {dagbag.py:540} INFO - Filling up the DagBag from /home/panda/Documents/ODAP/Project/venv310/lib/python3.10/site-packages/airflow/example_dags/tutorial.py
[2025-06-24T00:09:24.504+0700] {processor.py:840} INFO - DAG(s) 'tutorial' retrieved from /home/panda/Documents/ODAP/Project/venv310/lib/python3.10/site-packages/airflow/example_dags/tutorial.py
[2025-06-24T00:09:24.525+0700] {logging_mixin.py:188} INFO - [2025-06-24T00:09:24.525+0700] {dag.py:3096} INFO - Sync 1 DAGs
[2025-06-24T00:09:24.543+0700] {logging_mixin.py:188} INFO - [2025-06-24T00:09:24.542+0700] {dag.py:3954} INFO - Setting next_dagrun for tutorial to 2025-06-22 00:00:00+00:00, run_after=2025-06-23 00:00:00+00:00
[2025-06-24T00:09:24.567+0700] {processor.py:183} INFO - Processing /home/panda/Documents/ODAP/Project/venv310/lib/python3.10/site-packages/airflow/example_dags/tutorial.py took 0.086 seconds
[2025-06-24T00:10:08.677+0700] {processor.py:161} INFO - Started process (PID=10920) to work on /home/panda/Documents/ODAP/Project/venv310/lib/python3.10/site-packages/airflow/example_dags/tutorial.py
[2025-06-24T00:10:08.682+0700] {processor.py:830} INFO - Processing file /home/panda/Documents/ODAP/Project/venv310/lib/python3.10/site-packages/airflow/example_dags/tutorial.py for tasks to queue
[2025-06-24T00:10:08.684+0700] {logging_mixin.py:188} INFO - [2025-06-24T00:10:08.683+0700] {dagbag.py:540} INFO - Filling up the DagBag from /home/panda/Documents/ODAP/Project/venv310/lib/python3.10/site-packages/airflow/example_dags/tutorial.py
[2025-06-24T00:10:08.692+0700] {processor.py:840} INFO - DAG(s) 'tutorial' retrieved from /home/panda/Documents/ODAP/Project/venv310/lib/python3.10/site-packages/airflow/example_dags/tutorial.py
[2025-06-24T00:10:08.712+0700] {logging_mixin.py:188} INFO - [2025-06-24T00:10:08.712+0700] {dag.py:3096} INFO - Sync 1 DAGs
[2025-06-24T00:10:08.732+0700] {logging_mixin.py:188} INFO - [2025-06-24T00:10:08.732+0700] {dag.py:3954} INFO - Setting next_dagrun for tutorial to 2025-06-22 00:00:00+00:00, run_after=2025-06-23 00:00:00+00:00
[2025-06-24T00:10:08.761+0700] {processor.py:183} INFO - Processing /home/panda/Documents/ODAP/Project/venv310/lib/python3.10/site-packages/airflow/example_dags/tutorial.py took 0.091 seconds
[2025-06-24T00:10:56.369+0700] {processor.py:161} INFO - Started process (PID=11151) to work on /home/panda/Documents/ODAP/Project/venv310/lib/python3.10/site-packages/airflow/example_dags/tutorial.py
[2025-06-24T00:10:56.374+0700] {processor.py:830} INFO - Processing file /home/panda/Documents/ODAP/Project/venv310/lib/python3.10/site-packages/airflow/example_dags/tutorial.py for tasks to queue
[2025-06-24T00:10:56.375+0700] {logging_mixin.py:188} INFO - [2025-06-24T00:10:56.375+0700] {dagbag.py:540} INFO - Filling up the DagBag from /home/panda/Documents/ODAP/Project/venv310/lib/python3.10/site-packages/airflow/example_dags/tutorial.py
[2025-06-24T00:10:56.384+0700] {processor.py:840} INFO - DAG(s) 'tutorial' retrieved from /home/panda/Documents/ODAP/Project/venv310/lib/python3.10/site-packages/airflow/example_dags/tutorial.py
[2025-06-24T00:10:56.406+0700] {logging_mixin.py:188} INFO - [2025-06-24T00:10:56.405+0700] {dag.py:3096} INFO - Sync 1 DAGs
[2025-06-24T00:10:56.426+0700] {logging_mixin.py:188} INFO - [2025-06-24T00:10:56.425+0700] {dag.py:3954} INFO - Setting next_dagrun for tutorial to 2025-06-22 00:00:00+00:00, run_after=2025-06-23 00:00:00+00:00
[2025-06-24T00:10:56.451+0700] {processor.py:183} INFO - Processing /home/panda/Documents/ODAP/Project/venv310/lib/python3.10/site-packages/airflow/example_dags/tutorial.py took 0.090 seconds
[2025-06-24T00:11:34.861+0700] {processor.py:161} INFO - Started process (PID=12443) to work on /home/panda/Documents/ODAP/Project/venv310/lib/python3.10/site-packages/airflow/example_dags/tutorial.py
[2025-06-24T00:11:34.867+0700] {processor.py:830} INFO - Processing file /home/panda/Documents/ODAP/Project/venv310/lib/python3.10/site-packages/airflow/example_dags/tutorial.py for tasks to queue
[2025-06-24T00:11:34.868+0700] {logging_mixin.py:188} INFO - [2025-06-24T00:11:34.867+0700] {dagbag.py:540} INFO - Filling up the DagBag from /home/panda/Documents/ODAP/Project/venv310/lib/python3.10/site-packages/airflow/example_dags/tutorial.py
[2025-06-24T00:11:34.875+0700] {processor.py:840} INFO - DAG(s) 'tutorial' retrieved from /home/panda/Documents/ODAP/Project/venv310/lib/python3.10/site-packages/airflow/example_dags/tutorial.py
[2025-06-24T00:11:34.893+0700] {logging_mixin.py:188} INFO - [2025-06-24T00:11:34.893+0700] {dag.py:3096} INFO - Sync 1 DAGs
[2025-06-24T00:11:34.911+0700] {logging_mixin.py:188} INFO - [2025-06-24T00:11:34.911+0700] {dag.py:3954} INFO - Setting next_dagrun for tutorial to 2025-06-22 00:00:00+00:00, run_after=2025-06-23 00:00:00+00:00
[2025-06-24T00:11:34.939+0700] {processor.py:183} INFO - Processing /home/panda/Documents/ODAP/Project/venv310/lib/python3.10/site-packages/airflow/example_dags/tutorial.py took 0.085 seconds
[2025-06-24T00:12:26.670+0700] {processor.py:161} INFO - Started process (PID=12631) to work on /home/panda/Documents/ODAP/Project/venv310/lib/python3.10/site-packages/airflow/example_dags/tutorial.py
[2025-06-24T00:12:26.672+0700] {processor.py:830} INFO - Processing file /home/panda/Documents/ODAP/Project/venv310/lib/python3.10/site-packages/airflow/example_dags/tutorial.py for tasks to queue
[2025-06-24T00:12:26.674+0700] {logging_mixin.py:188} INFO - [2025-06-24T00:12:26.673+0700] {dagbag.py:540} INFO - Filling up the DagBag from /home/panda/Documents/ODAP/Project/venv310/lib/python3.10/site-packages/airflow/example_dags/tutorial.py
[2025-06-24T00:12:26.682+0700] {processor.py:840} INFO - DAG(s) 'tutorial' retrieved from /home/panda/Documents/ODAP/Project/venv310/lib/python3.10/site-packages/airflow/example_dags/tutorial.py
[2025-06-24T00:12:26.701+0700] {logging_mixin.py:188} INFO - [2025-06-24T00:12:26.700+0700] {dag.py:3096} INFO - Sync 1 DAGs
[2025-06-24T00:12:26.718+0700] {logging_mixin.py:188} INFO - [2025-06-24T00:12:26.718+0700] {dag.py:3954} INFO - Setting next_dagrun for tutorial to 2025-06-22 00:00:00+00:00, run_after=2025-06-23 00:00:00+00:00
[2025-06-24T00:12:26.746+0700] {processor.py:183} INFO - Processing /home/panda/Documents/ODAP/Project/venv310/lib/python3.10/site-packages/airflow/example_dags/tutorial.py took 0.082 seconds
[2025-06-24T00:13:12.809+0700] {processor.py:161} INFO - Started process (PID=12807) to work on /home/panda/Documents/ODAP/Project/venv310/lib/python3.10/site-packages/airflow/example_dags/tutorial.py
[2025-06-24T00:13:12.812+0700] {processor.py:830} INFO - Processing file /home/panda/Documents/ODAP/Project/venv310/lib/python3.10/site-packages/airflow/example_dags/tutorial.py for tasks to queue
[2025-06-24T00:13:12.813+0700] {logging_mixin.py:188} INFO - [2025-06-24T00:13:12.813+0700] {dagbag.py:540} INFO - Filling up the DagBag from /home/panda/Documents/ODAP/Project/venv310/lib/python3.10/site-packages/airflow/example_dags/tutorial.py
[2025-06-24T00:13:12.820+0700] {processor.py:840} INFO - DAG(s) 'tutorial' retrieved from /home/panda/Documents/ODAP/Project/venv310/lib/python3.10/site-packages/airflow/example_dags/tutorial.py
[2025-06-24T00:13:12.839+0700] {logging_mixin.py:188} INFO - [2025-06-24T00:13:12.839+0700] {dag.py:3096} INFO - Sync 1 DAGs
[2025-06-24T00:13:12.858+0700] {logging_mixin.py:188} INFO - [2025-06-24T00:13:12.858+0700] {dag.py:3954} INFO - Setting next_dagrun for tutorial to 2025-06-22 00:00:00+00:00, run_after=2025-06-23 00:00:00+00:00
[2025-06-24T00:13:12.888+0700] {processor.py:183} INFO - Processing /home/panda/Documents/ODAP/Project/venv310/lib/python3.10/site-packages/airflow/example_dags/tutorial.py took 0.086 seconds
[2025-06-24T00:13:57.800+0700] {processor.py:161} INFO - Started process (PID=13023) to work on /home/panda/Documents/ODAP/Project/venv310/lib/python3.10/site-packages/airflow/example_dags/tutorial.py
[2025-06-24T00:13:57.803+0700] {processor.py:830} INFO - Processing file /home/panda/Documents/ODAP/Project/venv310/lib/python3.10/site-packages/airflow/example_dags/tutorial.py for tasks to queue
[2025-06-24T00:13:57.804+0700] {logging_mixin.py:188} INFO - [2025-06-24T00:13:57.803+0700] {dagbag.py:540} INFO - Filling up the DagBag from /home/panda/Documents/ODAP/Project/venv310/lib/python3.10/site-packages/airflow/example_dags/tutorial.py
[2025-06-24T00:13:57.811+0700] {processor.py:840} INFO - DAG(s) 'tutorial' retrieved from /home/panda/Documents/ODAP/Project/venv310/lib/python3.10/site-packages/airflow/example_dags/tutorial.py
[2025-06-24T00:13:57.829+0700] {logging_mixin.py:188} INFO - [2025-06-24T00:13:57.829+0700] {dag.py:3096} INFO - Sync 1 DAGs
[2025-06-24T00:13:57.849+0700] {logging_mixin.py:188} INFO - [2025-06-24T00:13:57.848+0700] {dag.py:3954} INFO - Setting next_dagrun for tutorial to 2025-06-22 00:00:00+00:00, run_after=2025-06-23 00:00:00+00:00
[2025-06-24T00:13:57.874+0700] {processor.py:183} INFO - Processing /home/panda/Documents/ODAP/Project/venv310/lib/python3.10/site-packages/airflow/example_dags/tutorial.py took 0.081 seconds
[2025-06-24T00:14:43.262+0700] {processor.py:161} INFO - Started process (PID=13178) to work on /home/panda/Documents/ODAP/Project/venv310/lib/python3.10/site-packages/airflow/example_dags/tutorial.py
[2025-06-24T00:14:43.267+0700] {processor.py:830} INFO - Processing file /home/panda/Documents/ODAP/Project/venv310/lib/python3.10/site-packages/airflow/example_dags/tutorial.py for tasks to queue
[2025-06-24T00:14:43.268+0700] {logging_mixin.py:188} INFO - [2025-06-24T00:14:43.268+0700] {dagbag.py:540} INFO - Filling up the DagBag from /home/panda/Documents/ODAP/Project/venv310/lib/python3.10/site-packages/airflow/example_dags/tutorial.py
[2025-06-24T00:14:43.276+0700] {processor.py:840} INFO - DAG(s) 'tutorial' retrieved from /home/panda/Documents/ODAP/Project/venv310/lib/python3.10/site-packages/airflow/example_dags/tutorial.py
[2025-06-24T00:14:43.297+0700] {logging_mixin.py:188} INFO - [2025-06-24T00:14:43.297+0700] {dag.py:3096} INFO - Sync 1 DAGs
[2025-06-24T00:14:43.317+0700] {logging_mixin.py:188} INFO - [2025-06-24T00:14:43.317+0700] {dag.py:3954} INFO - Setting next_dagrun for tutorial to 2025-06-22 00:00:00+00:00, run_after=2025-06-23 00:00:00+00:00
[2025-06-24T00:14:43.348+0700] {processor.py:183} INFO - Processing /home/panda/Documents/ODAP/Project/venv310/lib/python3.10/site-packages/airflow/example_dags/tutorial.py took 0.093 seconds
[2025-06-24T00:21:16.692+0700] {processor.py:161} INFO - Started process (PID=16558) to work on /home/panda/Documents/ODAP/Project/venv310/lib/python3.10/site-packages/airflow/example_dags/tutorial.py
[2025-06-24T00:21:16.697+0700] {processor.py:830} INFO - Processing file /home/panda/Documents/ODAP/Project/venv310/lib/python3.10/site-packages/airflow/example_dags/tutorial.py for tasks to queue
[2025-06-24T00:21:16.698+0700] {logging_mixin.py:188} INFO - [2025-06-24T00:21:16.698+0700] {dagbag.py:540} INFO - Filling up the DagBag from /home/panda/Documents/ODAP/Project/venv310/lib/python3.10/site-packages/airflow/example_dags/tutorial.py
[2025-06-24T00:21:16.705+0700] {processor.py:840} INFO - DAG(s) 'tutorial' retrieved from /home/panda/Documents/ODAP/Project/venv310/lib/python3.10/site-packages/airflow/example_dags/tutorial.py
[2025-06-24T00:21:16.733+0700] {logging_mixin.py:188} INFO - [2025-06-24T00:21:16.733+0700] {dag.py:3096} INFO - Sync 1 DAGs
[2025-06-24T00:21:16.751+0700] {logging_mixin.py:188} INFO - [2025-06-24T00:21:16.751+0700] {dag.py:3954} INFO - Setting next_dagrun for tutorial to 2025-06-22 00:00:00+00:00, run_after=2025-06-23 00:00:00+00:00
[2025-06-24T00:21:16.777+0700] {processor.py:183} INFO - Processing /home/panda/Documents/ODAP/Project/venv310/lib/python3.10/site-packages/airflow/example_dags/tutorial.py took 0.092 seconds
[2025-06-24T00:22:10.789+0700] {processor.py:161} INFO - Started process (PID=16733) to work on /home/panda/Documents/ODAP/Project/venv310/lib/python3.10/site-packages/airflow/example_dags/tutorial.py
[2025-06-24T00:22:10.794+0700] {processor.py:830} INFO - Processing file /home/panda/Documents/ODAP/Project/venv310/lib/python3.10/site-packages/airflow/example_dags/tutorial.py for tasks to queue
[2025-06-24T00:22:10.795+0700] {logging_mixin.py:188} INFO - [2025-06-24T00:22:10.795+0700] {dagbag.py:540} INFO - Filling up the DagBag from /home/panda/Documents/ODAP/Project/venv310/lib/python3.10/site-packages/airflow/example_dags/tutorial.py
[2025-06-24T00:22:10.805+0700] {processor.py:840} INFO - DAG(s) 'tutorial' retrieved from /home/panda/Documents/ODAP/Project/venv310/lib/python3.10/site-packages/airflow/example_dags/tutorial.py
[2025-06-24T00:22:10.825+0700] {logging_mixin.py:188} INFO - [2025-06-24T00:22:10.825+0700] {dag.py:3096} INFO - Sync 1 DAGs
[2025-06-24T00:22:10.845+0700] {logging_mixin.py:188} INFO - [2025-06-24T00:22:10.845+0700] {dag.py:3954} INFO - Setting next_dagrun for tutorial to 2025-06-22 00:00:00+00:00, run_after=2025-06-23 00:00:00+00:00
[2025-06-24T00:22:10.875+0700] {processor.py:183} INFO - Processing /home/panda/Documents/ODAP/Project/venv310/lib/python3.10/site-packages/airflow/example_dags/tutorial.py took 0.094 seconds
[2025-06-24T00:23:10.269+0700] {processor.py:161} INFO - Started process (PID=18144) to work on /home/panda/Documents/ODAP/Project/venv310/lib/python3.10/site-packages/airflow/example_dags/tutorial.py
[2025-06-24T00:23:10.274+0700] {processor.py:830} INFO - Processing file /home/panda/Documents/ODAP/Project/venv310/lib/python3.10/site-packages/airflow/example_dags/tutorial.py for tasks to queue
[2025-06-24T00:23:10.275+0700] {logging_mixin.py:188} INFO - [2025-06-24T00:23:10.275+0700] {dagbag.py:540} INFO - Filling up the DagBag from /home/panda/Documents/ODAP/Project/venv310/lib/python3.10/site-packages/airflow/example_dags/tutorial.py
[2025-06-24T00:23:10.284+0700] {processor.py:840} INFO - DAG(s) 'tutorial' retrieved from /home/panda/Documents/ODAP/Project/venv310/lib/python3.10/site-packages/airflow/example_dags/tutorial.py
[2025-06-24T00:23:10.305+0700] {logging_mixin.py:188} INFO - [2025-06-24T00:23:10.305+0700] {dag.py:3096} INFO - Sync 1 DAGs
[2025-06-24T00:23:10.328+0700] {logging_mixin.py:188} INFO - [2025-06-24T00:23:10.328+0700] {dag.py:3954} INFO - Setting next_dagrun for tutorial to 2025-06-22 00:00:00+00:00, run_after=2025-06-23 00:00:00+00:00
[2025-06-24T00:23:10.355+0700] {processor.py:183} INFO - Processing /home/panda/Documents/ODAP/Project/venv310/lib/python3.10/site-packages/airflow/example_dags/tutorial.py took 0.094 seconds
[2025-06-24T00:33:28.058+0700] {processor.py:161} INFO - Started process (PID=20182) to work on /home/panda/Documents/ODAP/Project/venv310/lib/python3.10/site-packages/airflow/example_dags/tutorial.py
[2025-06-24T00:33:28.063+0700] {processor.py:830} INFO - Processing file /home/panda/Documents/ODAP/Project/venv310/lib/python3.10/site-packages/airflow/example_dags/tutorial.py for tasks to queue
[2025-06-24T00:33:28.064+0700] {logging_mixin.py:188} INFO - [2025-06-24T00:33:28.064+0700] {dagbag.py:540} INFO - Filling up the DagBag from /home/panda/Documents/ODAP/Project/venv310/lib/python3.10/site-packages/airflow/example_dags/tutorial.py
[2025-06-24T00:33:28.072+0700] {processor.py:840} INFO - DAG(s) 'tutorial' retrieved from /home/panda/Documents/ODAP/Project/venv310/lib/python3.10/site-packages/airflow/example_dags/tutorial.py
[2025-06-24T00:33:28.106+0700] {logging_mixin.py:188} INFO - [2025-06-24T00:33:28.106+0700] {dag.py:3096} INFO - Sync 1 DAGs
[2025-06-24T00:33:28.125+0700] {logging_mixin.py:188} INFO - [2025-06-24T00:33:28.125+0700] {dag.py:3954} INFO - Setting next_dagrun for tutorial to 2025-06-22 00:00:00+00:00, run_after=2025-06-23 00:00:00+00:00
[2025-06-24T00:33:28.151+0700] {processor.py:183} INFO - Processing /home/panda/Documents/ODAP/Project/venv310/lib/python3.10/site-packages/airflow/example_dags/tutorial.py took 0.101 seconds
[2025-06-24T00:34:21.466+0700] {processor.py:161} INFO - Started process (PID=20371) to work on /home/panda/Documents/ODAP/Project/venv310/lib/python3.10/site-packages/airflow/example_dags/tutorial.py
[2025-06-24T00:34:21.469+0700] {processor.py:830} INFO - Processing file /home/panda/Documents/ODAP/Project/venv310/lib/python3.10/site-packages/airflow/example_dags/tutorial.py for tasks to queue
[2025-06-24T00:34:21.470+0700] {logging_mixin.py:188} INFO - [2025-06-24T00:34:21.470+0700] {dagbag.py:540} INFO - Filling up the DagBag from /home/panda/Documents/ODAP/Project/venv310/lib/python3.10/site-packages/airflow/example_dags/tutorial.py
[2025-06-24T00:34:21.479+0700] {processor.py:840} INFO - DAG(s) 'tutorial' retrieved from /home/panda/Documents/ODAP/Project/venv310/lib/python3.10/site-packages/airflow/example_dags/tutorial.py
[2025-06-24T00:34:21.497+0700] {logging_mixin.py:188} INFO - [2025-06-24T00:34:21.497+0700] {dag.py:3096} INFO - Sync 1 DAGs
[2025-06-24T00:34:21.515+0700] {logging_mixin.py:188} INFO - [2025-06-24T00:34:21.514+0700] {dag.py:3954} INFO - Setting next_dagrun for tutorial to 2025-06-22 00:00:00+00:00, run_after=2025-06-23 00:00:00+00:00
[2025-06-24T00:34:21.541+0700] {processor.py:183} INFO - Processing /home/panda/Documents/ODAP/Project/venv310/lib/python3.10/site-packages/airflow/example_dags/tutorial.py took 0.083 seconds
[2025-06-24T00:35:10.168+0700] {processor.py:161} INFO - Started process (PID=20500) to work on /home/panda/Documents/ODAP/Project/venv310/lib/python3.10/site-packages/airflow/example_dags/tutorial.py
[2025-06-24T00:35:10.174+0700] {processor.py:830} INFO - Processing file /home/panda/Documents/ODAP/Project/venv310/lib/python3.10/site-packages/airflow/example_dags/tutorial.py for tasks to queue
[2025-06-24T00:35:10.175+0700] {logging_mixin.py:188} INFO - [2025-06-24T00:35:10.174+0700] {dagbag.py:540} INFO - Filling up the DagBag from /home/panda/Documents/ODAP/Project/venv310/lib/python3.10/site-packages/airflow/example_dags/tutorial.py
[2025-06-24T00:35:10.183+0700] {processor.py:840} INFO - DAG(s) 'tutorial' retrieved from /home/panda/Documents/ODAP/Project/venv310/lib/python3.10/site-packages/airflow/example_dags/tutorial.py
[2025-06-24T00:35:10.201+0700] {logging_mixin.py:188} INFO - [2025-06-24T00:35:10.201+0700] {dag.py:3096} INFO - Sync 1 DAGs
[2025-06-24T00:35:10.220+0700] {logging_mixin.py:188} INFO - [2025-06-24T00:35:10.219+0700] {dag.py:3954} INFO - Setting next_dagrun for tutorial to 2025-06-22 00:00:00+00:00, run_after=2025-06-23 00:00:00+00:00
[2025-06-24T00:35:10.246+0700] {processor.py:183} INFO - Processing /home/panda/Documents/ODAP/Project/venv310/lib/python3.10/site-packages/airflow/example_dags/tutorial.py took 0.085 seconds
[2025-06-24T00:35:56.777+0700] {processor.py:161} INFO - Started process (PID=20695) to work on /home/panda/Documents/ODAP/Project/venv310/lib/python3.10/site-packages/airflow/example_dags/tutorial.py
[2025-06-24T00:35:56.782+0700] {processor.py:830} INFO - Processing file /home/panda/Documents/ODAP/Project/venv310/lib/python3.10/site-packages/airflow/example_dags/tutorial.py for tasks to queue
[2025-06-24T00:35:56.783+0700] {logging_mixin.py:188} INFO - [2025-06-24T00:35:56.783+0700] {dagbag.py:540} INFO - Filling up the DagBag from /home/panda/Documents/ODAP/Project/venv310/lib/python3.10/site-packages/airflow/example_dags/tutorial.py
[2025-06-24T00:35:56.791+0700] {processor.py:840} INFO - DAG(s) 'tutorial' retrieved from /home/panda/Documents/ODAP/Project/venv310/lib/python3.10/site-packages/airflow/example_dags/tutorial.py
[2025-06-24T00:35:56.810+0700] {logging_mixin.py:188} INFO - [2025-06-24T00:35:56.810+0700] {dag.py:3096} INFO - Sync 1 DAGs
[2025-06-24T00:35:56.829+0700] {logging_mixin.py:188} INFO - [2025-06-24T00:35:56.829+0700] {dag.py:3954} INFO - Setting next_dagrun for tutorial to 2025-06-22 00:00:00+00:00, run_after=2025-06-23 00:00:00+00:00
[2025-06-24T00:35:56.860+0700] {processor.py:183} INFO - Processing /home/panda/Documents/ODAP/Project/venv310/lib/python3.10/site-packages/airflow/example_dags/tutorial.py took 0.090 seconds
[2025-06-24T00:36:42.293+0700] {processor.py:161} INFO - Started process (PID=20997) to work on /home/panda/Documents/ODAP/Project/venv310/lib/python3.10/site-packages/airflow/example_dags/tutorial.py
[2025-06-24T00:36:42.296+0700] {processor.py:830} INFO - Processing file /home/panda/Documents/ODAP/Project/venv310/lib/python3.10/site-packages/airflow/example_dags/tutorial.py for tasks to queue
[2025-06-24T00:36:42.297+0700] {logging_mixin.py:188} INFO - [2025-06-24T00:36:42.296+0700] {dagbag.py:540} INFO - Filling up the DagBag from /home/panda/Documents/ODAP/Project/venv310/lib/python3.10/site-packages/airflow/example_dags/tutorial.py
[2025-06-24T00:36:42.305+0700] {processor.py:840} INFO - DAG(s) 'tutorial' retrieved from /home/panda/Documents/ODAP/Project/venv310/lib/python3.10/site-packages/airflow/example_dags/tutorial.py
[2025-06-24T00:36:42.324+0700] {logging_mixin.py:188} INFO - [2025-06-24T00:36:42.323+0700] {dag.py:3096} INFO - Sync 1 DAGs
[2025-06-24T00:36:42.344+0700] {logging_mixin.py:188} INFO - [2025-06-24T00:36:42.344+0700] {dag.py:3954} INFO - Setting next_dagrun for tutorial to 2025-06-22 00:00:00+00:00, run_after=2025-06-23 00:00:00+00:00
[2025-06-24T00:36:42.368+0700] {processor.py:183} INFO - Processing /home/panda/Documents/ODAP/Project/venv310/lib/python3.10/site-packages/airflow/example_dags/tutorial.py took 0.081 seconds
[2025-06-24T00:52:26.030+0700] {processor.py:161} INFO - Started process (PID=25084) to work on /home/panda/Documents/ODAP/Project/venv310/lib/python3.10/site-packages/airflow/example_dags/tutorial.py
[2025-06-24T00:52:26.035+0700] {processor.py:830} INFO - Processing file /home/panda/Documents/ODAP/Project/venv310/lib/python3.10/site-packages/airflow/example_dags/tutorial.py for tasks to queue
[2025-06-24T00:52:26.036+0700] {logging_mixin.py:188} INFO - [2025-06-24T00:52:26.035+0700] {dagbag.py:540} INFO - Filling up the DagBag from /home/panda/Documents/ODAP/Project/venv310/lib/python3.10/site-packages/airflow/example_dags/tutorial.py
[2025-06-24T00:52:26.043+0700] {processor.py:840} INFO - DAG(s) 'tutorial' retrieved from /home/panda/Documents/ODAP/Project/venv310/lib/python3.10/site-packages/airflow/example_dags/tutorial.py
[2025-06-24T00:52:26.074+0700] {logging_mixin.py:188} INFO - [2025-06-24T00:52:26.073+0700] {dag.py:3096} INFO - Sync 1 DAGs
[2025-06-24T00:52:26.096+0700] {logging_mixin.py:188} INFO - [2025-06-24T00:52:26.096+0700] {dag.py:3954} INFO - Setting next_dagrun for tutorial to 2025-06-22 00:00:00+00:00, run_after=2025-06-23 00:00:00+00:00
[2025-06-24T00:52:26.128+0700] {processor.py:183} INFO - Processing /home/panda/Documents/ODAP/Project/venv310/lib/python3.10/site-packages/airflow/example_dags/tutorial.py took 0.106 seconds
[2025-06-24T00:53:19.677+0700] {processor.py:161} INFO - Started process (PID=25267) to work on /home/panda/Documents/ODAP/Project/venv310/lib/python3.10/site-packages/airflow/example_dags/tutorial.py
[2025-06-24T00:53:19.682+0700] {processor.py:830} INFO - Processing file /home/panda/Documents/ODAP/Project/venv310/lib/python3.10/site-packages/airflow/example_dags/tutorial.py for tasks to queue
[2025-06-24T00:53:19.683+0700] {logging_mixin.py:188} INFO - [2025-06-24T00:53:19.682+0700] {dagbag.py:540} INFO - Filling up the DagBag from /home/panda/Documents/ODAP/Project/venv310/lib/python3.10/site-packages/airflow/example_dags/tutorial.py
[2025-06-24T00:53:19.691+0700] {processor.py:840} INFO - DAG(s) 'tutorial' retrieved from /home/panda/Documents/ODAP/Project/venv310/lib/python3.10/site-packages/airflow/example_dags/tutorial.py
[2025-06-24T00:53:19.712+0700] {logging_mixin.py:188} INFO - [2025-06-24T00:53:19.711+0700] {dag.py:3096} INFO - Sync 1 DAGs
[2025-06-24T00:53:19.734+0700] {logging_mixin.py:188} INFO - [2025-06-24T00:53:19.734+0700] {dag.py:3954} INFO - Setting next_dagrun for tutorial to 2025-06-22 00:00:00+00:00, run_after=2025-06-23 00:00:00+00:00
[2025-06-24T00:53:19.764+0700] {processor.py:183} INFO - Processing /home/panda/Documents/ODAP/Project/venv310/lib/python3.10/site-packages/airflow/example_dags/tutorial.py took 0.094 seconds
[2025-06-24T00:54:08.321+0700] {processor.py:161} INFO - Started process (PID=25557) to work on /home/panda/Documents/ODAP/Project/venv310/lib/python3.10/site-packages/airflow/example_dags/tutorial.py
[2025-06-24T00:54:08.323+0700] {processor.py:830} INFO - Processing file /home/panda/Documents/ODAP/Project/venv310/lib/python3.10/site-packages/airflow/example_dags/tutorial.py for tasks to queue
[2025-06-24T00:54:08.324+0700] {logging_mixin.py:188} INFO - [2025-06-24T00:54:08.323+0700] {dagbag.py:540} INFO - Filling up the DagBag from /home/panda/Documents/ODAP/Project/venv310/lib/python3.10/site-packages/airflow/example_dags/tutorial.py
[2025-06-24T00:54:08.333+0700] {processor.py:840} INFO - DAG(s) 'tutorial' retrieved from /home/panda/Documents/ODAP/Project/venv310/lib/python3.10/site-packages/airflow/example_dags/tutorial.py
[2025-06-24T00:54:08.354+0700] {logging_mixin.py:188} INFO - [2025-06-24T00:54:08.353+0700] {dag.py:3096} INFO - Sync 1 DAGs
[2025-06-24T00:54:08.373+0700] {logging_mixin.py:188} INFO - [2025-06-24T00:54:08.373+0700] {dag.py:3954} INFO - Setting next_dagrun for tutorial to 2025-06-22 00:00:00+00:00, run_after=2025-06-23 00:00:00+00:00
[2025-06-24T00:54:08.404+0700] {processor.py:183} INFO - Processing /home/panda/Documents/ODAP/Project/venv310/lib/python3.10/site-packages/airflow/example_dags/tutorial.py took 0.091 seconds
[2025-06-24T00:54:54.892+0700] {processor.py:161} INFO - Started process (PID=25707) to work on /home/panda/Documents/ODAP/Project/venv310/lib/python3.10/site-packages/airflow/example_dags/tutorial.py
[2025-06-24T00:54:54.897+0700] {processor.py:830} INFO - Processing file /home/panda/Documents/ODAP/Project/venv310/lib/python3.10/site-packages/airflow/example_dags/tutorial.py for tasks to queue
[2025-06-24T00:54:54.899+0700] {logging_mixin.py:188} INFO - [2025-06-24T00:54:54.898+0700] {dagbag.py:540} INFO - Filling up the DagBag from /home/panda/Documents/ODAP/Project/venv310/lib/python3.10/site-packages/airflow/example_dags/tutorial.py
[2025-06-24T00:54:54.907+0700] {processor.py:840} INFO - DAG(s) 'tutorial' retrieved from /home/panda/Documents/ODAP/Project/venv310/lib/python3.10/site-packages/airflow/example_dags/tutorial.py
[2025-06-24T00:54:54.927+0700] {logging_mixin.py:188} INFO - [2025-06-24T00:54:54.926+0700] {dag.py:3096} INFO - Sync 1 DAGs
[2025-06-24T00:54:54.947+0700] {logging_mixin.py:188} INFO - [2025-06-24T00:54:54.946+0700] {dag.py:3954} INFO - Setting next_dagrun for tutorial to 2025-06-22 00:00:00+00:00, run_after=2025-06-23 00:00:00+00:00
[2025-06-24T00:54:54.975+0700] {processor.py:183} INFO - Processing /home/panda/Documents/ODAP/Project/venv310/lib/python3.10/site-packages/airflow/example_dags/tutorial.py took 0.091 seconds
[2025-06-24T01:03:01.992+0700] {processor.py:161} INFO - Started process (PID=28531) to work on /home/panda/Documents/ODAP/Project/venv310/lib/python3.10/site-packages/airflow/example_dags/tutorial.py
[2025-06-24T01:03:01.998+0700] {processor.py:830} INFO - Processing file /home/panda/Documents/ODAP/Project/venv310/lib/python3.10/site-packages/airflow/example_dags/tutorial.py for tasks to queue
[2025-06-24T01:03:01.999+0700] {logging_mixin.py:188} INFO - [2025-06-24T01:03:01.998+0700] {dagbag.py:540} INFO - Filling up the DagBag from /home/panda/Documents/ODAP/Project/venv310/lib/python3.10/site-packages/airflow/example_dags/tutorial.py
[2025-06-24T01:03:02.007+0700] {processor.py:840} INFO - DAG(s) 'tutorial' retrieved from /home/panda/Documents/ODAP/Project/venv310/lib/python3.10/site-packages/airflow/example_dags/tutorial.py
[2025-06-24T01:03:02.037+0700] {logging_mixin.py:188} INFO - [2025-06-24T01:03:02.037+0700] {dag.py:3096} INFO - Sync 1 DAGs
[2025-06-24T01:03:02.057+0700] {logging_mixin.py:188} INFO - [2025-06-24T01:03:02.057+0700] {dag.py:3954} INFO - Setting next_dagrun for tutorial to 2025-06-22 00:00:00+00:00, run_after=2025-06-23 00:00:00+00:00
[2025-06-24T01:03:02.083+0700] {processor.py:183} INFO - Processing /home/panda/Documents/ODAP/Project/venv310/lib/python3.10/site-packages/airflow/example_dags/tutorial.py took 0.098 seconds
[2025-06-24T01:03:54.191+0700] {processor.py:161} INFO - Started process (PID=28686) to work on /home/panda/Documents/ODAP/Project/venv310/lib/python3.10/site-packages/airflow/example_dags/tutorial.py
[2025-06-24T01:03:54.196+0700] {processor.py:830} INFO - Processing file /home/panda/Documents/ODAP/Project/venv310/lib/python3.10/site-packages/airflow/example_dags/tutorial.py for tasks to queue
[2025-06-24T01:03:54.197+0700] {logging_mixin.py:188} INFO - [2025-06-24T01:03:54.197+0700] {dagbag.py:540} INFO - Filling up the DagBag from /home/panda/Documents/ODAP/Project/venv310/lib/python3.10/site-packages/airflow/example_dags/tutorial.py
[2025-06-24T01:03:54.206+0700] {processor.py:840} INFO - DAG(s) 'tutorial' retrieved from /home/panda/Documents/ODAP/Project/venv310/lib/python3.10/site-packages/airflow/example_dags/tutorial.py
[2025-06-24T01:03:54.225+0700] {logging_mixin.py:188} INFO - [2025-06-24T01:03:54.225+0700] {dag.py:3096} INFO - Sync 1 DAGs
[2025-06-24T01:03:54.244+0700] {logging_mixin.py:188} INFO - [2025-06-24T01:03:54.244+0700] {dag.py:3954} INFO - Setting next_dagrun for tutorial to 2025-06-22 00:00:00+00:00, run_after=2025-06-23 00:00:00+00:00
[2025-06-24T01:03:54.275+0700] {processor.py:183} INFO - Processing /home/panda/Documents/ODAP/Project/venv310/lib/python3.10/site-packages/airflow/example_dags/tutorial.py took 0.092 seconds
[2025-06-24T01:09:05.779+0700] {processor.py:161} INFO - Started process (PID=5618) to work on /home/panda/Documents/ODAP/Project/venv310/lib/python3.10/site-packages/airflow/example_dags/tutorial.py
[2025-06-24T01:09:05.785+0700] {processor.py:830} INFO - Processing file /home/panda/Documents/ODAP/Project/venv310/lib/python3.10/site-packages/airflow/example_dags/tutorial.py for tasks to queue
[2025-06-24T01:09:05.786+0700] {logging_mixin.py:188} INFO - [2025-06-24T01:09:05.785+0700] {dagbag.py:540} INFO - Filling up the DagBag from /home/panda/Documents/ODAP/Project/venv310/lib/python3.10/site-packages/airflow/example_dags/tutorial.py
[2025-06-24T01:09:05.793+0700] {processor.py:840} INFO - DAG(s) 'tutorial' retrieved from /home/panda/Documents/ODAP/Project/venv310/lib/python3.10/site-packages/airflow/example_dags/tutorial.py
[2025-06-24T01:09:05.822+0700] {logging_mixin.py:188} INFO - [2025-06-24T01:09:05.821+0700] {dag.py:3096} INFO - Sync 1 DAGs
[2025-06-24T01:09:05.846+0700] {logging_mixin.py:188} INFO - [2025-06-24T01:09:05.845+0700] {dag.py:3954} INFO - Setting next_dagrun for tutorial to 2025-06-22 00:00:00+00:00, run_after=2025-06-23 00:00:00+00:00
[2025-06-24T01:09:05.874+0700] {processor.py:183} INFO - Processing /home/panda/Documents/ODAP/Project/venv310/lib/python3.10/site-packages/airflow/example_dags/tutorial.py took 0.102 seconds
