[2025-06-24T00:02:02.032+0700] {processor.py:161} INFO - Started process (PID=5319) to work on /home/panda/Documents/ODAP/Project/venv310/lib/python3.10/site-packages/airflow/example_dags/tutorial_objectstorage.py
[2025-06-24T00:02:02.033+0700] {processor.py:830} INFO - Processing file /home/panda/Documents/ODAP/Project/venv310/lib/python3.10/site-packages/airflow/example_dags/tutorial_objectstorage.py for tasks to queue
[2025-06-24T00:02:02.035+0700] {logging_mixin.py:188} INFO - [2025-06-24T00:02:02.034+0700] {dagbag.py:540} INFO - Filling up the DagBag from /home/panda/Documents/ODAP/Project/venv310/lib/python3.10/site-packages/airflow/example_dags/tutorial_objectstorage.py
[2025-06-24T00:02:02.047+0700] {processor.py:840} INFO - DAG(s) 'tutorial_objectstorage' retrieved from /home/panda/Documents/ODAP/Project/venv310/lib/python3.10/site-packages/airflow/example_dags/tutorial_objectstorage.py
[2025-06-24T00:02:02.071+0700] {logging_mixin.py:188} INFO - [2025-06-24T00:02:02.070+0700] {dag.py:3096} INFO - Sync 1 DAGs
[2025-06-24T00:02:02.085+0700] {logging_mixin.py:188} INFO - [2025-06-24T00:02:02.085+0700] {dag.py:3954} INFO - Setting next_dagrun for tutorial_objectstorage to None, run_after=None
[2025-06-24T00:02:02.111+0700] {processor.py:183} INFO - Processing /home/panda/Documents/ODAP/Project/venv310/lib/python3.10/site-packages/airflow/example_dags/tutorial_objectstorage.py took 0.086 seconds
[2025-06-24T00:02:57.131+0700] {processor.py:161} INFO - Started process (PID=6197) to work on /home/panda/Documents/ODAP/Project/venv310/lib/python3.10/site-packages/airflow/example_dags/tutorial_objectstorage.py
[2025-06-24T00:02:57.135+0700] {processor.py:830} INFO - Processing file /home/panda/Documents/ODAP/Project/venv310/lib/python3.10/site-packages/airflow/example_dags/tutorial_objectstorage.py for tasks to queue
[2025-06-24T00:02:57.137+0700] {logging_mixin.py:188} INFO - [2025-06-24T00:02:57.137+0700] {dagbag.py:540} INFO - Filling up the DagBag from /home/panda/Documents/ODAP/Project/venv310/lib/python3.10/site-packages/airflow/example_dags/tutorial_objectstorage.py
[2025-06-24T00:02:57.146+0700] {processor.py:840} INFO - DAG(s) 'tutorial_objectstorage' retrieved from /home/panda/Documents/ODAP/Project/venv310/lib/python3.10/site-packages/airflow/example_dags/tutorial_objectstorage.py
[2025-06-24T00:02:57.164+0700] {logging_mixin.py:188} INFO - [2025-06-24T00:02:57.164+0700] {dag.py:3096} INFO - Sync 1 DAGs
[2025-06-24T00:02:57.178+0700] {logging_mixin.py:188} INFO - [2025-06-24T00:02:57.177+0700] {dag.py:3954} INFO - Setting next_dagrun for tutorial_objectstorage to None, run_after=None
[2025-06-24T00:02:57.203+0700] {processor.py:183} INFO - Processing /home/panda/Documents/ODAP/Project/venv310/lib/python3.10/site-packages/airflow/example_dags/tutorial_objectstorage.py took 0.079 seconds
[2025-06-24T00:03:45.146+0700] {processor.py:161} INFO - Started process (PID=6381) to work on /home/panda/Documents/ODAP/Project/venv310/lib/python3.10/site-packages/airflow/example_dags/tutorial_objectstorage.py
[2025-06-24T00:03:45.152+0700] {processor.py:830} INFO - Processing file /home/panda/Documents/ODAP/Project/venv310/lib/python3.10/site-packages/airflow/example_dags/tutorial_objectstorage.py for tasks to queue
[2025-06-24T00:03:45.154+0700] {logging_mixin.py:188} INFO - [2025-06-24T00:03:45.153+0700] {dagbag.py:540} INFO - Filling up the DagBag from /home/panda/Documents/ODAP/Project/venv310/lib/python3.10/site-packages/airflow/example_dags/tutorial_objectstorage.py
[2025-06-24T00:03:45.164+0700] {processor.py:840} INFO - DAG(s) 'tutorial_objectstorage' retrieved from /home/panda/Documents/ODAP/Project/venv310/lib/python3.10/site-packages/airflow/example_dags/tutorial_objectstorage.py
[2025-06-24T00:03:45.182+0700] {logging_mixin.py:188} INFO - [2025-06-24T00:03:45.181+0700] {dag.py:3096} INFO - Sync 1 DAGs
[2025-06-24T00:03:45.195+0700] {logging_mixin.py:188} INFO - [2025-06-24T00:03:45.194+0700] {dag.py:3954} INFO - Setting next_dagrun for tutorial_objectstorage to None, run_after=None
[2025-06-24T00:03:45.363+0700] {processor.py:183} INFO - Processing /home/panda/Documents/ODAP/Project/venv310/lib/python3.10/site-packages/airflow/example_dags/tutorial_objectstorage.py took 0.223 seconds
[2025-06-24T00:04:35.948+0700] {processor.py:161} INFO - Started process (PID=6846) to work on /home/panda/Documents/ODAP/Project/venv310/lib/python3.10/site-packages/airflow/example_dags/tutorial_objectstorage.py
[2025-06-24T00:04:35.954+0700] {processor.py:830} INFO - Processing file /home/panda/Documents/ODAP/Project/venv310/lib/python3.10/site-packages/airflow/example_dags/tutorial_objectstorage.py for tasks to queue
[2025-06-24T00:04:35.956+0700] {logging_mixin.py:188} INFO - [2025-06-24T00:04:35.955+0700] {dagbag.py:540} INFO - Filling up the DagBag from /home/panda/Documents/ODAP/Project/venv310/lib/python3.10/site-packages/airflow/example_dags/tutorial_objectstorage.py
[2025-06-24T00:04:35.965+0700] {processor.py:840} INFO - DAG(s) 'tutorial_objectstorage' retrieved from /home/panda/Documents/ODAP/Project/venv310/lib/python3.10/site-packages/airflow/example_dags/tutorial_objectstorage.py
[2025-06-24T00:04:35.983+0700] {logging_mixin.py:188} INFO - [2025-06-24T00:04:35.983+0700] {dag.py:3096} INFO - Sync 1 DAGs
[2025-06-24T00:04:35.999+0700] {logging_mixin.py:188} INFO - [2025-06-24T00:04:35.998+0700] {dag.py:3954} INFO - Setting next_dagrun for tutorial_objectstorage to None, run_after=None
[2025-06-24T00:04:36.030+0700] {processor.py:183} INFO - Processing /home/panda/Documents/ODAP/Project/venv310/lib/python3.10/site-packages/airflow/example_dags/tutorial_objectstorage.py took 0.089 seconds
[2025-06-24T00:05:22.481+0700] {processor.py:161} INFO - Started process (PID=7051) to work on /home/panda/Documents/ODAP/Project/venv310/lib/python3.10/site-packages/airflow/example_dags/tutorial_objectstorage.py
[2025-06-24T00:05:22.485+0700] {processor.py:830} INFO - Processing file /home/panda/Documents/ODAP/Project/venv310/lib/python3.10/site-packages/airflow/example_dags/tutorial_objectstorage.py for tasks to queue
[2025-06-24T00:05:22.488+0700] {logging_mixin.py:188} INFO - [2025-06-24T00:05:22.487+0700] {dagbag.py:540} INFO - Filling up the DagBag from /home/panda/Documents/ODAP/Project/venv310/lib/python3.10/site-packages/airflow/example_dags/tutorial_objectstorage.py
[2025-06-24T00:05:22.498+0700] {processor.py:840} INFO - DAG(s) 'tutorial_objectstorage' retrieved from /home/panda/Documents/ODAP/Project/venv310/lib/python3.10/site-packages/airflow/example_dags/tutorial_objectstorage.py
[2025-06-24T00:05:22.518+0700] {logging_mixin.py:188} INFO - [2025-06-24T00:05:22.518+0700] {dag.py:3096} INFO - Sync 1 DAGs
[2025-06-24T00:05:22.532+0700] {logging_mixin.py:188} INFO - [2025-06-24T00:05:22.532+0700] {dag.py:3954} INFO - Setting next_dagrun for tutorial_objectstorage to None, run_after=None
[2025-06-24T00:05:22.562+0700] {processor.py:183} INFO - Processing /home/panda/Documents/ODAP/Project/venv310/lib/python3.10/site-packages/airflow/example_dags/tutorial_objectstorage.py took 0.089 seconds
[2025-06-24T00:07:09.107+0700] {processor.py:161} INFO - Started process (PID=8092) to work on /home/panda/Documents/ODAP/Project/venv310/lib/python3.10/site-packages/airflow/example_dags/tutorial_objectstorage.py
[2025-06-24T00:07:09.112+0700] {processor.py:830} INFO - Processing file /home/panda/Documents/ODAP/Project/venv310/lib/python3.10/site-packages/airflow/example_dags/tutorial_objectstorage.py for tasks to queue
[2025-06-24T00:07:09.114+0700] {logging_mixin.py:188} INFO - [2025-06-24T00:07:09.113+0700] {dagbag.py:540} INFO - Filling up the DagBag from /home/panda/Documents/ODAP/Project/venv310/lib/python3.10/site-packages/airflow/example_dags/tutorial_objectstorage.py
[2025-06-24T00:07:09.124+0700] {processor.py:840} INFO - DAG(s) 'tutorial_objectstorage' retrieved from /home/panda/Documents/ODAP/Project/venv310/lib/python3.10/site-packages/airflow/example_dags/tutorial_objectstorage.py
[2025-06-24T00:07:09.149+0700] {logging_mixin.py:188} INFO - [2025-06-24T00:07:09.149+0700] {dag.py:3096} INFO - Sync 1 DAGs
[2025-06-24T00:07:09.158+0700] {logging_mixin.py:188} INFO - [2025-06-24T00:07:09.158+0700] {dag.py:3954} INFO - Setting next_dagrun for tutorial_objectstorage to None, run_after=None
[2025-06-24T00:07:09.178+0700] {processor.py:183} INFO - Processing /home/panda/Documents/ODAP/Project/venv310/lib/python3.10/site-packages/airflow/example_dags/tutorial_objectstorage.py took 0.078 seconds
[2025-06-24T00:08:02.996+0700] {processor.py:161} INFO - Started process (PID=8451) to work on /home/panda/Documents/ODAP/Project/venv310/lib/python3.10/site-packages/airflow/example_dags/tutorial_objectstorage.py
[2025-06-24T00:08:02.999+0700] {processor.py:830} INFO - Processing file /home/panda/Documents/ODAP/Project/venv310/lib/python3.10/site-packages/airflow/example_dags/tutorial_objectstorage.py for tasks to queue
[2025-06-24T00:08:03.000+0700] {logging_mixin.py:188} INFO - [2025-06-24T00:08:03.000+0700] {dagbag.py:540} INFO - Filling up the DagBag from /home/panda/Documents/ODAP/Project/venv310/lib/python3.10/site-packages/airflow/example_dags/tutorial_objectstorage.py
[2025-06-24T00:08:03.007+0700] {processor.py:840} INFO - DAG(s) 'tutorial_objectstorage' retrieved from /home/panda/Documents/ODAP/Project/venv310/lib/python3.10/site-packages/airflow/example_dags/tutorial_objectstorage.py
[2025-06-24T00:08:03.022+0700] {logging_mixin.py:188} INFO - [2025-06-24T00:08:03.022+0700] {dag.py:3096} INFO - Sync 1 DAGs
[2025-06-24T00:08:03.032+0700] {logging_mixin.py:188} INFO - [2025-06-24T00:08:03.032+0700] {dag.py:3954} INFO - Setting next_dagrun for tutorial_objectstorage to None, run_after=None
[2025-06-24T00:08:03.055+0700] {processor.py:183} INFO - Processing /home/panda/Documents/ODAP/Project/venv310/lib/python3.10/site-packages/airflow/example_dags/tutorial_objectstorage.py took 0.066 seconds
[2025-06-24T00:08:48.108+0700] {processor.py:161} INFO - Started process (PID=10698) to work on /home/panda/Documents/ODAP/Project/venv310/lib/python3.10/site-packages/airflow/example_dags/tutorial_objectstorage.py
[2025-06-24T00:08:48.113+0700] {processor.py:830} INFO - Processing file /home/panda/Documents/ODAP/Project/venv310/lib/python3.10/site-packages/airflow/example_dags/tutorial_objectstorage.py for tasks to queue
[2025-06-24T00:08:48.114+0700] {logging_mixin.py:188} INFO - [2025-06-24T00:08:48.113+0700] {dagbag.py:540} INFO - Filling up the DagBag from /home/panda/Documents/ODAP/Project/venv310/lib/python3.10/site-packages/airflow/example_dags/tutorial_objectstorage.py
[2025-06-24T00:08:48.124+0700] {processor.py:840} INFO - DAG(s) 'tutorial_objectstorage' retrieved from /home/panda/Documents/ODAP/Project/venv310/lib/python3.10/site-packages/airflow/example_dags/tutorial_objectstorage.py
[2025-06-24T00:08:48.141+0700] {logging_mixin.py:188} INFO - [2025-06-24T00:08:48.140+0700] {dag.py:3096} INFO - Sync 1 DAGs
[2025-06-24T00:08:48.152+0700] {logging_mixin.py:188} INFO - [2025-06-24T00:08:48.152+0700] {dag.py:3954} INFO - Setting next_dagrun for tutorial_objectstorage to None, run_after=None
[2025-06-24T00:08:48.179+0700] {processor.py:183} INFO - Processing /home/panda/Documents/ODAP/Project/venv310/lib/python3.10/site-packages/airflow/example_dags/tutorial_objectstorage.py took 0.079 seconds
[2025-06-24T00:09:40.029+0700] {processor.py:161} INFO - Started process (PID=10840) to work on /home/panda/Documents/ODAP/Project/venv310/lib/python3.10/site-packages/airflow/example_dags/tutorial_objectstorage.py
[2025-06-24T00:09:40.035+0700] {processor.py:830} INFO - Processing file /home/panda/Documents/ODAP/Project/venv310/lib/python3.10/site-packages/airflow/example_dags/tutorial_objectstorage.py for tasks to queue
[2025-06-24T00:09:40.036+0700] {logging_mixin.py:188} INFO - [2025-06-24T00:09:40.035+0700] {dagbag.py:540} INFO - Filling up the DagBag from /home/panda/Documents/ODAP/Project/venv310/lib/python3.10/site-packages/airflow/example_dags/tutorial_objectstorage.py
[2025-06-24T00:09:40.045+0700] {processor.py:840} INFO - DAG(s) 'tutorial_objectstorage' retrieved from /home/panda/Documents/ODAP/Project/venv310/lib/python3.10/site-packages/airflow/example_dags/tutorial_objectstorage.py
[2025-06-24T00:09:40.064+0700] {logging_mixin.py:188} INFO - [2025-06-24T00:09:40.063+0700] {dag.py:3096} INFO - Sync 1 DAGs
[2025-06-24T00:09:40.075+0700] {logging_mixin.py:188} INFO - [2025-06-24T00:09:40.075+0700] {dag.py:3954} INFO - Setting next_dagrun for tutorial_objectstorage to None, run_after=None
[2025-06-24T00:09:40.099+0700] {processor.py:183} INFO - Processing /home/panda/Documents/ODAP/Project/venv310/lib/python3.10/site-packages/airflow/example_dags/tutorial_objectstorage.py took 0.077 seconds
[2025-06-24T00:10:25.416+0700] {processor.py:161} INFO - Started process (PID=10964) to work on /home/panda/Documents/ODAP/Project/venv310/lib/python3.10/site-packages/airflow/example_dags/tutorial_objectstorage.py
[2025-06-24T00:10:25.420+0700] {processor.py:830} INFO - Processing file /home/panda/Documents/ODAP/Project/venv310/lib/python3.10/site-packages/airflow/example_dags/tutorial_objectstorage.py for tasks to queue
[2025-06-24T00:10:25.421+0700] {logging_mixin.py:188} INFO - [2025-06-24T00:10:25.421+0700] {dagbag.py:540} INFO - Filling up the DagBag from /home/panda/Documents/ODAP/Project/venv310/lib/python3.10/site-packages/airflow/example_dags/tutorial_objectstorage.py
[2025-06-24T00:10:25.432+0700] {processor.py:840} INFO - DAG(s) 'tutorial_objectstorage' retrieved from /home/panda/Documents/ODAP/Project/venv310/lib/python3.10/site-packages/airflow/example_dags/tutorial_objectstorage.py
[2025-06-24T00:10:25.451+0700] {logging_mixin.py:188} INFO - [2025-06-24T00:10:25.450+0700] {dag.py:3096} INFO - Sync 1 DAGs
[2025-06-24T00:10:25.463+0700] {logging_mixin.py:188} INFO - [2025-06-24T00:10:25.463+0700] {dag.py:3954} INFO - Setting next_dagrun for tutorial_objectstorage to None, run_after=None
[2025-06-24T00:10:25.497+0700] {processor.py:183} INFO - Processing /home/panda/Documents/ODAP/Project/venv310/lib/python3.10/site-packages/airflow/example_dags/tutorial_objectstorage.py took 0.089 seconds
[2025-06-24T00:11:38.321+0700] {processor.py:161} INFO - Started process (PID=12456) to work on /home/panda/Documents/ODAP/Project/venv310/lib/python3.10/site-packages/airflow/example_dags/tutorial_objectstorage.py
[2025-06-24T00:11:38.326+0700] {processor.py:830} INFO - Processing file /home/panda/Documents/ODAP/Project/venv310/lib/python3.10/site-packages/airflow/example_dags/tutorial_objectstorage.py for tasks to queue
[2025-06-24T00:11:38.327+0700] {logging_mixin.py:188} INFO - [2025-06-24T00:11:38.327+0700] {dagbag.py:540} INFO - Filling up the DagBag from /home/panda/Documents/ODAP/Project/venv310/lib/python3.10/site-packages/airflow/example_dags/tutorial_objectstorage.py
[2025-06-24T00:11:38.338+0700] {processor.py:840} INFO - DAG(s) 'tutorial_objectstorage' retrieved from /home/panda/Documents/ODAP/Project/venv310/lib/python3.10/site-packages/airflow/example_dags/tutorial_objectstorage.py
[2025-06-24T00:11:38.355+0700] {logging_mixin.py:188} INFO - [2025-06-24T00:11:38.355+0700] {dag.py:3096} INFO - Sync 1 DAGs
[2025-06-24T00:11:38.366+0700] {logging_mixin.py:188} INFO - [2025-06-24T00:11:38.366+0700] {dag.py:3954} INFO - Setting next_dagrun for tutorial_objectstorage to None, run_after=None
[2025-06-24T00:11:38.395+0700] {processor.py:183} INFO - Processing /home/panda/Documents/ODAP/Project/venv310/lib/python3.10/site-packages/airflow/example_dags/tutorial_objectstorage.py took 0.082 seconds
[2025-06-24T00:12:30.130+0700] {processor.py:161} INFO - Started process (PID=12665) to work on /home/panda/Documents/ODAP/Project/venv310/lib/python3.10/site-packages/airflow/example_dags/tutorial_objectstorage.py
[2025-06-24T00:12:30.133+0700] {processor.py:830} INFO - Processing file /home/panda/Documents/ODAP/Project/venv310/lib/python3.10/site-packages/airflow/example_dags/tutorial_objectstorage.py for tasks to queue
[2025-06-24T00:12:30.134+0700] {logging_mixin.py:188} INFO - [2025-06-24T00:12:30.134+0700] {dagbag.py:540} INFO - Filling up the DagBag from /home/panda/Documents/ODAP/Project/venv310/lib/python3.10/site-packages/airflow/example_dags/tutorial_objectstorage.py
[2025-06-24T00:12:30.144+0700] {processor.py:840} INFO - DAG(s) 'tutorial_objectstorage' retrieved from /home/panda/Documents/ODAP/Project/venv310/lib/python3.10/site-packages/airflow/example_dags/tutorial_objectstorage.py
[2025-06-24T00:12:30.162+0700] {logging_mixin.py:188} INFO - [2025-06-24T00:12:30.162+0700] {dag.py:3096} INFO - Sync 1 DAGs
[2025-06-24T00:12:30.175+0700] {logging_mixin.py:188} INFO - [2025-06-24T00:12:30.175+0700] {dag.py:3954} INFO - Setting next_dagrun for tutorial_objectstorage to None, run_after=None
[2025-06-24T00:12:30.198+0700] {processor.py:183} INFO - Processing /home/panda/Documents/ODAP/Project/venv310/lib/python3.10/site-packages/airflow/example_dags/tutorial_objectstorage.py took 0.075 seconds
[2025-06-24T00:13:15.573+0700] {processor.py:161} INFO - Started process (PID=12817) to work on /home/panda/Documents/ODAP/Project/venv310/lib/python3.10/site-packages/airflow/example_dags/tutorial_objectstorage.py
[2025-06-24T00:13:15.578+0700] {processor.py:830} INFO - Processing file /home/panda/Documents/ODAP/Project/venv310/lib/python3.10/site-packages/airflow/example_dags/tutorial_objectstorage.py for tasks to queue
[2025-06-24T00:13:15.579+0700] {logging_mixin.py:188} INFO - [2025-06-24T00:13:15.579+0700] {dagbag.py:540} INFO - Filling up the DagBag from /home/panda/Documents/ODAP/Project/venv310/lib/python3.10/site-packages/airflow/example_dags/tutorial_objectstorage.py
[2025-06-24T00:13:15.589+0700] {processor.py:840} INFO - DAG(s) 'tutorial_objectstorage' retrieved from /home/panda/Documents/ODAP/Project/venv310/lib/python3.10/site-packages/airflow/example_dags/tutorial_objectstorage.py
[2025-06-24T00:13:15.607+0700] {logging_mixin.py:188} INFO - [2025-06-24T00:13:15.607+0700] {dag.py:3096} INFO - Sync 1 DAGs
[2025-06-24T00:13:15.619+0700] {logging_mixin.py:188} INFO - [2025-06-24T00:13:15.618+0700] {dag.py:3954} INFO - Setting next_dagrun for tutorial_objectstorage to None, run_after=None
[2025-06-24T00:13:15.643+0700] {processor.py:183} INFO - Processing /home/panda/Documents/ODAP/Project/venv310/lib/python3.10/site-packages/airflow/example_dags/tutorial_objectstorage.py took 0.077 seconds
[2025-06-24T00:14:00.827+0700] {processor.py:161} INFO - Started process (PID=13032) to work on /home/panda/Documents/ODAP/Project/venv310/lib/python3.10/site-packages/airflow/example_dags/tutorial_objectstorage.py
[2025-06-24T00:14:00.832+0700] {processor.py:830} INFO - Processing file /home/panda/Documents/ODAP/Project/venv310/lib/python3.10/site-packages/airflow/example_dags/tutorial_objectstorage.py for tasks to queue
[2025-06-24T00:14:00.833+0700] {logging_mixin.py:188} INFO - [2025-06-24T00:14:00.833+0700] {dagbag.py:540} INFO - Filling up the DagBag from /home/panda/Documents/ODAP/Project/venv310/lib/python3.10/site-packages/airflow/example_dags/tutorial_objectstorage.py
[2025-06-24T00:14:00.843+0700] {processor.py:840} INFO - DAG(s) 'tutorial_objectstorage' retrieved from /home/panda/Documents/ODAP/Project/venv310/lib/python3.10/site-packages/airflow/example_dags/tutorial_objectstorage.py
[2025-06-24T00:14:00.862+0700] {logging_mixin.py:188} INFO - [2025-06-24T00:14:00.861+0700] {dag.py:3096} INFO - Sync 1 DAGs
[2025-06-24T00:14:00.873+0700] {logging_mixin.py:188} INFO - [2025-06-24T00:14:00.873+0700] {dag.py:3954} INFO - Setting next_dagrun for tutorial_objectstorage to None, run_after=None
[2025-06-24T00:14:00.903+0700] {processor.py:183} INFO - Processing /home/panda/Documents/ODAP/Project/venv310/lib/python3.10/site-packages/airflow/example_dags/tutorial_objectstorage.py took 0.083 seconds
[2025-06-24T00:14:46.116+0700] {processor.py:161} INFO - Started process (PID=13186) to work on /home/panda/Documents/ODAP/Project/venv310/lib/python3.10/site-packages/airflow/example_dags/tutorial_objectstorage.py
[2025-06-24T00:14:46.121+0700] {processor.py:830} INFO - Processing file /home/panda/Documents/ODAP/Project/venv310/lib/python3.10/site-packages/airflow/example_dags/tutorial_objectstorage.py for tasks to queue
[2025-06-24T00:14:46.122+0700] {logging_mixin.py:188} INFO - [2025-06-24T00:14:46.122+0700] {dagbag.py:540} INFO - Filling up the DagBag from /home/panda/Documents/ODAP/Project/venv310/lib/python3.10/site-packages/airflow/example_dags/tutorial_objectstorage.py
[2025-06-24T00:14:46.132+0700] {processor.py:840} INFO - DAG(s) 'tutorial_objectstorage' retrieved from /home/panda/Documents/ODAP/Project/venv310/lib/python3.10/site-packages/airflow/example_dags/tutorial_objectstorage.py
[2025-06-24T00:14:46.151+0700] {logging_mixin.py:188} INFO - [2025-06-24T00:14:46.151+0700] {dag.py:3096} INFO - Sync 1 DAGs
[2025-06-24T00:14:46.163+0700] {logging_mixin.py:188} INFO - [2025-06-24T00:14:46.163+0700] {dag.py:3954} INFO - Setting next_dagrun for tutorial_objectstorage to None, run_after=None
[2025-06-24T00:14:46.191+0700] {processor.py:183} INFO - Processing /home/panda/Documents/ODAP/Project/venv310/lib/python3.10/site-packages/airflow/example_dags/tutorial_objectstorage.py took 0.083 seconds
[2025-06-24T00:21:20.200+0700] {processor.py:161} INFO - Started process (PID=16564) to work on /home/panda/Documents/ODAP/Project/venv310/lib/python3.10/site-packages/airflow/example_dags/tutorial_objectstorage.py
[2025-06-24T00:21:20.203+0700] {processor.py:830} INFO - Processing file /home/panda/Documents/ODAP/Project/venv310/lib/python3.10/site-packages/airflow/example_dags/tutorial_objectstorage.py for tasks to queue
[2025-06-24T00:21:20.204+0700] {logging_mixin.py:188} INFO - [2025-06-24T00:21:20.204+0700] {dagbag.py:540} INFO - Filling up the DagBag from /home/panda/Documents/ODAP/Project/venv310/lib/python3.10/site-packages/airflow/example_dags/tutorial_objectstorage.py
[2025-06-24T00:21:20.214+0700] {processor.py:840} INFO - DAG(s) 'tutorial_objectstorage' retrieved from /home/panda/Documents/ODAP/Project/venv310/lib/python3.10/site-packages/airflow/example_dags/tutorial_objectstorage.py
[2025-06-24T00:21:20.243+0700] {logging_mixin.py:188} INFO - [2025-06-24T00:21:20.242+0700] {dag.py:3096} INFO - Sync 1 DAGs
[2025-06-24T00:21:20.255+0700] {logging_mixin.py:188} INFO - [2025-06-24T00:21:20.255+0700] {dag.py:3954} INFO - Setting next_dagrun for tutorial_objectstorage to None, run_after=None
[2025-06-24T00:21:20.289+0700] {processor.py:183} INFO - Processing /home/panda/Documents/ODAP/Project/venv310/lib/python3.10/site-packages/airflow/example_dags/tutorial_objectstorage.py took 0.097 seconds
[2025-06-24T00:22:12.489+0700] {processor.py:161} INFO - Started process (PID=16738) to work on /home/panda/Documents/ODAP/Project/venv310/lib/python3.10/site-packages/airflow/example_dags/tutorial_objectstorage.py
[2025-06-24T00:22:12.491+0700] {processor.py:830} INFO - Processing file /home/panda/Documents/ODAP/Project/venv310/lib/python3.10/site-packages/airflow/example_dags/tutorial_objectstorage.py for tasks to queue
[2025-06-24T00:22:12.492+0700] {logging_mixin.py:188} INFO - [2025-06-24T00:22:12.492+0700] {dagbag.py:540} INFO - Filling up the DagBag from /home/panda/Documents/ODAP/Project/venv310/lib/python3.10/site-packages/airflow/example_dags/tutorial_objectstorage.py
[2025-06-24T00:22:12.502+0700] {processor.py:840} INFO - DAG(s) 'tutorial_objectstorage' retrieved from /home/panda/Documents/ODAP/Project/venv310/lib/python3.10/site-packages/airflow/example_dags/tutorial_objectstorage.py
[2025-06-24T00:22:12.521+0700] {logging_mixin.py:188} INFO - [2025-06-24T00:22:12.520+0700] {dag.py:3096} INFO - Sync 1 DAGs
[2025-06-24T00:22:12.532+0700] {logging_mixin.py:188} INFO - [2025-06-24T00:22:12.532+0700] {dag.py:3954} INFO - Setting next_dagrun for tutorial_objectstorage to None, run_after=None
[2025-06-24T00:22:12.555+0700] {processor.py:183} INFO - Processing /home/panda/Documents/ODAP/Project/venv310/lib/python3.10/site-packages/airflow/example_dags/tutorial_objectstorage.py took 0.073 seconds
[2025-06-24T00:23:13.281+0700] {processor.py:161} INFO - Started process (PID=18171) to work on /home/panda/Documents/ODAP/Project/venv310/lib/python3.10/site-packages/airflow/example_dags/tutorial_objectstorage.py
[2025-06-24T00:23:13.287+0700] {processor.py:830} INFO - Processing file /home/panda/Documents/ODAP/Project/venv310/lib/python3.10/site-packages/airflow/example_dags/tutorial_objectstorage.py for tasks to queue
[2025-06-24T00:23:13.288+0700] {logging_mixin.py:188} INFO - [2025-06-24T00:23:13.287+0700] {dagbag.py:540} INFO - Filling up the DagBag from /home/panda/Documents/ODAP/Project/venv310/lib/python3.10/site-packages/airflow/example_dags/tutorial_objectstorage.py
[2025-06-24T00:23:13.298+0700] {processor.py:840} INFO - DAG(s) 'tutorial_objectstorage' retrieved from /home/panda/Documents/ODAP/Project/venv310/lib/python3.10/site-packages/airflow/example_dags/tutorial_objectstorage.py
[2025-06-24T00:23:13.318+0700] {logging_mixin.py:188} INFO - [2025-06-24T00:23:13.318+0700] {dag.py:3096} INFO - Sync 1 DAGs
[2025-06-24T00:23:13.332+0700] {logging_mixin.py:188} INFO - [2025-06-24T00:23:13.331+0700] {dag.py:3954} INFO - Setting next_dagrun for tutorial_objectstorage to None, run_after=None
[2025-06-24T00:23:13.359+0700] {processor.py:183} INFO - Processing /home/panda/Documents/ODAP/Project/venv310/lib/python3.10/site-packages/airflow/example_dags/tutorial_objectstorage.py took 0.085 seconds
[2025-06-24T00:33:30.855+0700] {processor.py:161} INFO - Started process (PID=20188) to work on /home/panda/Documents/ODAP/Project/venv310/lib/python3.10/site-packages/airflow/example_dags/tutorial_objectstorage.py
[2025-06-24T00:33:30.861+0700] {processor.py:830} INFO - Processing file /home/panda/Documents/ODAP/Project/venv310/lib/python3.10/site-packages/airflow/example_dags/tutorial_objectstorage.py for tasks to queue
[2025-06-24T00:33:30.862+0700] {logging_mixin.py:188} INFO - [2025-06-24T00:33:30.861+0700] {dagbag.py:540} INFO - Filling up the DagBag from /home/panda/Documents/ODAP/Project/venv310/lib/python3.10/site-packages/airflow/example_dags/tutorial_objectstorage.py
[2025-06-24T00:33:30.873+0700] {processor.py:840} INFO - DAG(s) 'tutorial_objectstorage' retrieved from /home/panda/Documents/ODAP/Project/venv310/lib/python3.10/site-packages/airflow/example_dags/tutorial_objectstorage.py
[2025-06-24T00:33:30.900+0700] {logging_mixin.py:188} INFO - [2025-06-24T00:33:30.900+0700] {dag.py:3096} INFO - Sync 1 DAGs
[2025-06-24T00:33:30.913+0700] {logging_mixin.py:188} INFO - [2025-06-24T00:33:30.913+0700] {dag.py:3954} INFO - Setting next_dagrun for tutorial_objectstorage to None, run_after=None
[2025-06-24T00:33:30.944+0700] {processor.py:183} INFO - Processing /home/panda/Documents/ODAP/Project/venv310/lib/python3.10/site-packages/airflow/example_dags/tutorial_objectstorage.py took 0.097 seconds
[2025-06-24T00:34:24.923+0700] {processor.py:161} INFO - Started process (PID=20377) to work on /home/panda/Documents/ODAP/Project/venv310/lib/python3.10/site-packages/airflow/example_dags/tutorial_objectstorage.py
[2025-06-24T00:34:24.928+0700] {processor.py:830} INFO - Processing file /home/panda/Documents/ODAP/Project/venv310/lib/python3.10/site-packages/airflow/example_dags/tutorial_objectstorage.py for tasks to queue
[2025-06-24T00:34:24.929+0700] {logging_mixin.py:188} INFO - [2025-06-24T00:34:24.929+0700] {dagbag.py:540} INFO - Filling up the DagBag from /home/panda/Documents/ODAP/Project/venv310/lib/python3.10/site-packages/airflow/example_dags/tutorial_objectstorage.py
[2025-06-24T00:34:24.940+0700] {processor.py:840} INFO - DAG(s) 'tutorial_objectstorage' retrieved from /home/panda/Documents/ODAP/Project/venv310/lib/python3.10/site-packages/airflow/example_dags/tutorial_objectstorage.py
[2025-06-24T00:34:24.959+0700] {logging_mixin.py:188} INFO - [2025-06-24T00:34:24.959+0700] {dag.py:3096} INFO - Sync 1 DAGs
[2025-06-24T00:34:24.972+0700] {logging_mixin.py:188} INFO - [2025-06-24T00:34:24.972+0700] {dag.py:3954} INFO - Setting next_dagrun for tutorial_objectstorage to None, run_after=None
[2025-06-24T00:34:24.997+0700] {processor.py:183} INFO - Processing /home/panda/Documents/ODAP/Project/venv310/lib/python3.10/site-packages/airflow/example_dags/tutorial_objectstorage.py took 0.081 seconds
[2025-06-24T00:35:13.019+0700] {processor.py:161} INFO - Started process (PID=20506) to work on /home/panda/Documents/ODAP/Project/venv310/lib/python3.10/site-packages/airflow/example_dags/tutorial_objectstorage.py
[2025-06-24T00:35:13.022+0700] {processor.py:830} INFO - Processing file /home/panda/Documents/ODAP/Project/venv310/lib/python3.10/site-packages/airflow/example_dags/tutorial_objectstorage.py for tasks to queue
[2025-06-24T00:35:13.023+0700] {logging_mixin.py:188} INFO - [2025-06-24T00:35:13.023+0700] {dagbag.py:540} INFO - Filling up the DagBag from /home/panda/Documents/ODAP/Project/venv310/lib/python3.10/site-packages/airflow/example_dags/tutorial_objectstorage.py
[2025-06-24T00:35:13.034+0700] {processor.py:840} INFO - DAG(s) 'tutorial_objectstorage' retrieved from /home/panda/Documents/ODAP/Project/venv310/lib/python3.10/site-packages/airflow/example_dags/tutorial_objectstorage.py
[2025-06-24T00:35:13.054+0700] {logging_mixin.py:188} INFO - [2025-06-24T00:35:13.053+0700] {dag.py:3096} INFO - Sync 1 DAGs
[2025-06-24T00:35:13.066+0700] {logging_mixin.py:188} INFO - [2025-06-24T00:35:13.066+0700] {dag.py:3954} INFO - Setting next_dagrun for tutorial_objectstorage to None, run_after=None
[2025-06-24T00:35:13.090+0700] {processor.py:183} INFO - Processing /home/panda/Documents/ODAP/Project/venv310/lib/python3.10/site-packages/airflow/example_dags/tutorial_objectstorage.py took 0.079 seconds
[2025-06-24T00:35:59.628+0700] {processor.py:161} INFO - Started process (PID=20708) to work on /home/panda/Documents/ODAP/Project/venv310/lib/python3.10/site-packages/airflow/example_dags/tutorial_objectstorage.py
[2025-06-24T00:35:59.633+0700] {processor.py:830} INFO - Processing file /home/panda/Documents/ODAP/Project/venv310/lib/python3.10/site-packages/airflow/example_dags/tutorial_objectstorage.py for tasks to queue
[2025-06-24T00:35:59.634+0700] {logging_mixin.py:188} INFO - [2025-06-24T00:35:59.634+0700] {dagbag.py:540} INFO - Filling up the DagBag from /home/panda/Documents/ODAP/Project/venv310/lib/python3.10/site-packages/airflow/example_dags/tutorial_objectstorage.py
[2025-06-24T00:35:59.644+0700] {processor.py:840} INFO - DAG(s) 'tutorial_objectstorage' retrieved from /home/panda/Documents/ODAP/Project/venv310/lib/python3.10/site-packages/airflow/example_dags/tutorial_objectstorage.py
[2025-06-24T00:35:59.661+0700] {logging_mixin.py:188} INFO - [2025-06-24T00:35:59.661+0700] {dag.py:3096} INFO - Sync 1 DAGs
[2025-06-24T00:35:59.673+0700] {logging_mixin.py:188} INFO - [2025-06-24T00:35:59.673+0700] {dag.py:3954} INFO - Setting next_dagrun for tutorial_objectstorage to None, run_after=None
[2025-06-24T00:35:59.709+0700] {processor.py:183} INFO - Processing /home/panda/Documents/ODAP/Project/venv310/lib/python3.10/site-packages/airflow/example_dags/tutorial_objectstorage.py took 0.088 seconds
[2025-06-24T00:36:45.745+0700] {processor.py:161} INFO - Started process (PID=21002) to work on /home/panda/Documents/ODAP/Project/venv310/lib/python3.10/site-packages/airflow/example_dags/tutorial_objectstorage.py
[2025-06-24T00:36:45.750+0700] {processor.py:830} INFO - Processing file /home/panda/Documents/ODAP/Project/venv310/lib/python3.10/site-packages/airflow/example_dags/tutorial_objectstorage.py for tasks to queue
[2025-06-24T00:36:45.751+0700] {logging_mixin.py:188} INFO - [2025-06-24T00:36:45.751+0700] {dagbag.py:540} INFO - Filling up the DagBag from /home/panda/Documents/ODAP/Project/venv310/lib/python3.10/site-packages/airflow/example_dags/tutorial_objectstorage.py
[2025-06-24T00:36:45.761+0700] {processor.py:840} INFO - DAG(s) 'tutorial_objectstorage' retrieved from /home/panda/Documents/ODAP/Project/venv310/lib/python3.10/site-packages/airflow/example_dags/tutorial_objectstorage.py
[2025-06-24T00:36:45.780+0700] {logging_mixin.py:188} INFO - [2025-06-24T00:36:45.780+0700] {dag.py:3096} INFO - Sync 1 DAGs
[2025-06-24T00:36:45.792+0700] {logging_mixin.py:188} INFO - [2025-06-24T00:36:45.792+0700] {dag.py:3954} INFO - Setting next_dagrun for tutorial_objectstorage to None, run_after=None
[2025-06-24T00:36:45.817+0700] {processor.py:183} INFO - Processing /home/panda/Documents/ODAP/Project/venv310/lib/python3.10/site-packages/airflow/example_dags/tutorial_objectstorage.py took 0.079 seconds
[2025-06-24T00:52:28.858+0700] {processor.py:161} INFO - Started process (PID=25096) to work on /home/panda/Documents/ODAP/Project/venv310/lib/python3.10/site-packages/airflow/example_dags/tutorial_objectstorage.py
[2025-06-24T00:52:28.859+0700] {processor.py:830} INFO - Processing file /home/panda/Documents/ODAP/Project/venv310/lib/python3.10/site-packages/airflow/example_dags/tutorial_objectstorage.py for tasks to queue
[2025-06-24T00:52:28.860+0700] {logging_mixin.py:188} INFO - [2025-06-24T00:52:28.860+0700] {dagbag.py:540} INFO - Filling up the DagBag from /home/panda/Documents/ODAP/Project/venv310/lib/python3.10/site-packages/airflow/example_dags/tutorial_objectstorage.py
[2025-06-24T00:52:28.871+0700] {processor.py:840} INFO - DAG(s) 'tutorial_objectstorage' retrieved from /home/panda/Documents/ODAP/Project/venv310/lib/python3.10/site-packages/airflow/example_dags/tutorial_objectstorage.py
[2025-06-24T00:52:28.898+0700] {logging_mixin.py:188} INFO - [2025-06-24T00:52:28.897+0700] {dag.py:3096} INFO - Sync 1 DAGs
[2025-06-24T00:52:28.911+0700] {logging_mixin.py:188} INFO - [2025-06-24T00:52:28.911+0700] {dag.py:3954} INFO - Setting next_dagrun for tutorial_objectstorage to None, run_after=None
[2025-06-24T00:52:28.942+0700] {processor.py:183} INFO - Processing /home/panda/Documents/ODAP/Project/venv310/lib/python3.10/site-packages/airflow/example_dags/tutorial_objectstorage.py took 0.092 seconds
[2025-06-24T00:53:23.150+0700] {processor.py:161} INFO - Started process (PID=25278) to work on /home/panda/Documents/ODAP/Project/venv310/lib/python3.10/site-packages/airflow/example_dags/tutorial_objectstorage.py
[2025-06-24T00:53:23.155+0700] {processor.py:830} INFO - Processing file /home/panda/Documents/ODAP/Project/venv310/lib/python3.10/site-packages/airflow/example_dags/tutorial_objectstorage.py for tasks to queue
[2025-06-24T00:53:23.156+0700] {logging_mixin.py:188} INFO - [2025-06-24T00:53:23.156+0700] {dagbag.py:540} INFO - Filling up the DagBag from /home/panda/Documents/ODAP/Project/venv310/lib/python3.10/site-packages/airflow/example_dags/tutorial_objectstorage.py
[2025-06-24T00:53:23.165+0700] {processor.py:840} INFO - DAG(s) 'tutorial_objectstorage' retrieved from /home/panda/Documents/ODAP/Project/venv310/lib/python3.10/site-packages/airflow/example_dags/tutorial_objectstorage.py
[2025-06-24T00:53:23.184+0700] {logging_mixin.py:188} INFO - [2025-06-24T00:53:23.184+0700] {dag.py:3096} INFO - Sync 1 DAGs
[2025-06-24T00:53:23.197+0700] {logging_mixin.py:188} INFO - [2025-06-24T00:53:23.197+0700] {dag.py:3954} INFO - Setting next_dagrun for tutorial_objectstorage to None, run_after=None
[2025-06-24T00:53:23.223+0700] {processor.py:183} INFO - Processing /home/panda/Documents/ODAP/Project/venv310/lib/python3.10/site-packages/airflow/example_dags/tutorial_objectstorage.py took 0.080 seconds
[2025-06-24T00:54:11.126+0700] {processor.py:161} INFO - Started process (PID=25563) to work on /home/panda/Documents/ODAP/Project/venv310/lib/python3.10/site-packages/airflow/example_dags/tutorial_objectstorage.py
[2025-06-24T00:54:11.128+0700] {processor.py:830} INFO - Processing file /home/panda/Documents/ODAP/Project/venv310/lib/python3.10/site-packages/airflow/example_dags/tutorial_objectstorage.py for tasks to queue
[2025-06-24T00:54:11.129+0700] {logging_mixin.py:188} INFO - [2025-06-24T00:54:11.128+0700] {dagbag.py:540} INFO - Filling up the DagBag from /home/panda/Documents/ODAP/Project/venv310/lib/python3.10/site-packages/airflow/example_dags/tutorial_objectstorage.py
[2025-06-24T00:54:11.139+0700] {processor.py:840} INFO - DAG(s) 'tutorial_objectstorage' retrieved from /home/panda/Documents/ODAP/Project/venv310/lib/python3.10/site-packages/airflow/example_dags/tutorial_objectstorage.py
[2025-06-24T00:54:11.157+0700] {logging_mixin.py:188} INFO - [2025-06-24T00:54:11.157+0700] {dag.py:3096} INFO - Sync 1 DAGs
[2025-06-24T00:54:11.169+0700] {logging_mixin.py:188} INFO - [2025-06-24T00:54:11.169+0700] {dag.py:3954} INFO - Setting next_dagrun for tutorial_objectstorage to None, run_after=None
[2025-06-24T00:54:11.198+0700] {processor.py:183} INFO - Processing /home/panda/Documents/ODAP/Project/venv310/lib/python3.10/site-packages/airflow/example_dags/tutorial_objectstorage.py took 0.080 seconds
[2025-06-24T00:54:57.743+0700] {processor.py:161} INFO - Started process (PID=25713) to work on /home/panda/Documents/ODAP/Project/venv310/lib/python3.10/site-packages/airflow/example_dags/tutorial_objectstorage.py
[2025-06-24T00:54:57.748+0700] {processor.py:830} INFO - Processing file /home/panda/Documents/ODAP/Project/venv310/lib/python3.10/site-packages/airflow/example_dags/tutorial_objectstorage.py for tasks to queue
[2025-06-24T00:54:57.749+0700] {logging_mixin.py:188} INFO - [2025-06-24T00:54:57.748+0700] {dagbag.py:540} INFO - Filling up the DagBag from /home/panda/Documents/ODAP/Project/venv310/lib/python3.10/site-packages/airflow/example_dags/tutorial_objectstorage.py
[2025-06-24T00:54:57.759+0700] {processor.py:840} INFO - DAG(s) 'tutorial_objectstorage' retrieved from /home/panda/Documents/ODAP/Project/venv310/lib/python3.10/site-packages/airflow/example_dags/tutorial_objectstorage.py
[2025-06-24T00:54:57.778+0700] {logging_mixin.py:188} INFO - [2025-06-24T00:54:57.778+0700] {dag.py:3096} INFO - Sync 1 DAGs
[2025-06-24T00:54:57.794+0700] {logging_mixin.py:188} INFO - [2025-06-24T00:54:57.793+0700] {dag.py:3954} INFO - Setting next_dagrun for tutorial_objectstorage to None, run_after=None
[2025-06-24T00:54:57.822+0700] {processor.py:183} INFO - Processing /home/panda/Documents/ODAP/Project/venv310/lib/python3.10/site-packages/airflow/example_dags/tutorial_objectstorage.py took 0.086 seconds
[2025-06-24T01:03:04.846+0700] {processor.py:161} INFO - Started process (PID=28542) to work on /home/panda/Documents/ODAP/Project/venv310/lib/python3.10/site-packages/airflow/example_dags/tutorial_objectstorage.py
[2025-06-24T01:03:04.851+0700] {processor.py:830} INFO - Processing file /home/panda/Documents/ODAP/Project/venv310/lib/python3.10/site-packages/airflow/example_dags/tutorial_objectstorage.py for tasks to queue
[2025-06-24T01:03:04.852+0700] {logging_mixin.py:188} INFO - [2025-06-24T01:03:04.852+0700] {dagbag.py:540} INFO - Filling up the DagBag from /home/panda/Documents/ODAP/Project/venv310/lib/python3.10/site-packages/airflow/example_dags/tutorial_objectstorage.py
[2025-06-24T01:03:04.863+0700] {processor.py:840} INFO - DAG(s) 'tutorial_objectstorage' retrieved from /home/panda/Documents/ODAP/Project/venv310/lib/python3.10/site-packages/airflow/example_dags/tutorial_objectstorage.py
[2025-06-24T01:03:04.889+0700] {logging_mixin.py:188} INFO - [2025-06-24T01:03:04.889+0700] {dag.py:3096} INFO - Sync 1 DAGs
[2025-06-24T01:03:04.898+0700] {logging_mixin.py:188} INFO - [2025-06-24T01:03:04.898+0700] {dag.py:3954} INFO - Setting next_dagrun for tutorial_objectstorage to None, run_after=None
[2025-06-24T01:03:04.920+0700] {processor.py:183} INFO - Processing /home/panda/Documents/ODAP/Project/venv310/lib/python3.10/site-packages/airflow/example_dags/tutorial_objectstorage.py took 0.082 seconds
[2025-06-24T01:03:57.653+0700] {processor.py:161} INFO - Started process (PID=28700) to work on /home/panda/Documents/ODAP/Project/venv310/lib/python3.10/site-packages/airflow/example_dags/tutorial_objectstorage.py
[2025-06-24T01:03:57.658+0700] {processor.py:830} INFO - Processing file /home/panda/Documents/ODAP/Project/venv310/lib/python3.10/site-packages/airflow/example_dags/tutorial_objectstorage.py for tasks to queue
[2025-06-24T01:03:57.660+0700] {logging_mixin.py:188} INFO - [2025-06-24T01:03:57.659+0700] {dagbag.py:540} INFO - Filling up the DagBag from /home/panda/Documents/ODAP/Project/venv310/lib/python3.10/site-packages/airflow/example_dags/tutorial_objectstorage.py
[2025-06-24T01:03:57.669+0700] {processor.py:840} INFO - DAG(s) 'tutorial_objectstorage' retrieved from /home/panda/Documents/ODAP/Project/venv310/lib/python3.10/site-packages/airflow/example_dags/tutorial_objectstorage.py
[2025-06-24T01:03:57.690+0700] {logging_mixin.py:188} INFO - [2025-06-24T01:03:57.690+0700] {dag.py:3096} INFO - Sync 1 DAGs
[2025-06-24T01:03:57.705+0700] {logging_mixin.py:188} INFO - [2025-06-24T01:03:57.705+0700] {dag.py:3954} INFO - Setting next_dagrun for tutorial_objectstorage to None, run_after=None
[2025-06-24T01:03:57.740+0700] {processor.py:183} INFO - Processing /home/panda/Documents/ODAP/Project/venv310/lib/python3.10/site-packages/airflow/example_dags/tutorial_objectstorage.py took 0.094 seconds
[2025-06-24T01:09:08.419+0700] {processor.py:161} INFO - Started process (PID=5629) to work on /home/panda/Documents/ODAP/Project/venv310/lib/python3.10/site-packages/airflow/example_dags/tutorial_objectstorage.py
[2025-06-24T01:09:08.424+0700] {processor.py:830} INFO - Processing file /home/panda/Documents/ODAP/Project/venv310/lib/python3.10/site-packages/airflow/example_dags/tutorial_objectstorage.py for tasks to queue
[2025-06-24T01:09:08.425+0700] {logging_mixin.py:188} INFO - [2025-06-24T01:09:08.425+0700] {dagbag.py:540} INFO - Filling up the DagBag from /home/panda/Documents/ODAP/Project/venv310/lib/python3.10/site-packages/airflow/example_dags/tutorial_objectstorage.py
[2025-06-24T01:09:08.435+0700] {processor.py:840} INFO - DAG(s) 'tutorial_objectstorage' retrieved from /home/panda/Documents/ODAP/Project/venv310/lib/python3.10/site-packages/airflow/example_dags/tutorial_objectstorage.py
[2025-06-24T01:09:08.458+0700] {logging_mixin.py:188} INFO - [2025-06-24T01:09:08.457+0700] {dag.py:3096} INFO - Sync 1 DAGs
[2025-06-24T01:09:08.468+0700] {logging_mixin.py:188} INFO - [2025-06-24T01:09:08.468+0700] {dag.py:3954} INFO - Setting next_dagrun for tutorial_objectstorage to None, run_after=None
[2025-06-24T01:09:08.488+0700] {processor.py:183} INFO - Processing /home/panda/Documents/ODAP/Project/venv310/lib/python3.10/site-packages/airflow/example_dags/tutorial_objectstorage.py took 0.076 seconds
