[2025-06-24T00:02:00.430+0700] {processor.py:161} INFO - Started process (PID=5234) to work on /home/panda/Documents/ODAP/Project/venv310/lib/python3.10/site-packages/airflow/example_dags/tutorial_taskflow_api.py
[2025-06-24T00:02:00.431+0700] {processor.py:830} INFO - Processing file /home/panda/Documents/ODAP/Project/venv310/lib/python3.10/site-packages/airflow/example_dags/tutorial_taskflow_api.py for tasks to queue
[2025-06-24T00:02:00.433+0700] {logging_mixin.py:188} INFO - [2025-06-24T00:02:00.433+0700] {dagbag.py:540} INFO - Filling up the DagBag from /home/panda/Documents/ODAP/Project/venv310/lib/python3.10/site-packages/airflow/example_dags/tutorial_taskflow_api.py
[2025-06-24T00:02:00.447+0700] {processor.py:840} INFO - DAG(s) 'tutorial_taskflow_api' retrieved from /home/panda/Documents/ODAP/Project/venv310/lib/python3.10/site-packages/airflow/example_dags/tutorial_taskflow_api.py
[2025-06-24T00:02:00.473+0700] {logging_mixin.py:188} INFO - [2025-06-24T00:02:00.472+0700] {dag.py:3096} INFO - Sync 1 DAGs
[2025-06-24T00:02:00.485+0700] {logging_mixin.py:188} INFO - [2025-06-24T00:02:00.485+0700] {dag.py:3954} INFO - Setting next_dagrun for tutorial_taskflow_api to None, run_after=None
[2025-06-24T00:02:00.512+0700] {processor.py:183} INFO - Processing /home/panda/Documents/ODAP/Project/venv310/lib/python3.10/site-packages/airflow/example_dags/tutorial_taskflow_api.py took 0.089 seconds
[2025-06-24T00:02:54.740+0700] {processor.py:161} INFO - Started process (PID=6188) to work on /home/panda/Documents/ODAP/Project/venv310/lib/python3.10/site-packages/airflow/example_dags/tutorial_taskflow_api.py
[2025-06-24T00:02:54.745+0700] {processor.py:830} INFO - Processing file /home/panda/Documents/ODAP/Project/venv310/lib/python3.10/site-packages/airflow/example_dags/tutorial_taskflow_api.py for tasks to queue
[2025-06-24T00:02:54.748+0700] {logging_mixin.py:188} INFO - [2025-06-24T00:02:54.747+0700] {dagbag.py:540} INFO - Filling up the DagBag from /home/panda/Documents/ODAP/Project/venv310/lib/python3.10/site-packages/airflow/example_dags/tutorial_taskflow_api.py
[2025-06-24T00:02:54.758+0700] {processor.py:840} INFO - DAG(s) 'tutorial_taskflow_api' retrieved from /home/panda/Documents/ODAP/Project/venv310/lib/python3.10/site-packages/airflow/example_dags/tutorial_taskflow_api.py
[2025-06-24T00:02:54.781+0700] {logging_mixin.py:188} INFO - [2025-06-24T00:02:54.781+0700] {dag.py:3096} INFO - Sync 1 DAGs
[2025-06-24T00:02:54.797+0700] {logging_mixin.py:188} INFO - [2025-06-24T00:02:54.796+0700] {dag.py:3954} INFO - Setting next_dagrun for tutorial_taskflow_api to None, run_after=None
[2025-06-24T00:02:54.833+0700] {processor.py:183} INFO - Processing /home/panda/Documents/ODAP/Project/venv310/lib/python3.10/site-packages/airflow/example_dags/tutorial_taskflow_api.py took 0.101 seconds
[2025-06-24T00:03:43.726+0700] {processor.py:161} INFO - Started process (PID=6378) to work on /home/panda/Documents/ODAP/Project/venv310/lib/python3.10/site-packages/airflow/example_dags/tutorial_taskflow_api.py
[2025-06-24T00:03:43.731+0700] {processor.py:830} INFO - Processing file /home/panda/Documents/ODAP/Project/venv310/lib/python3.10/site-packages/airflow/example_dags/tutorial_taskflow_api.py for tasks to queue
[2025-06-24T00:03:43.733+0700] {logging_mixin.py:188} INFO - [2025-06-24T00:03:43.732+0700] {dagbag.py:540} INFO - Filling up the DagBag from /home/panda/Documents/ODAP/Project/venv310/lib/python3.10/site-packages/airflow/example_dags/tutorial_taskflow_api.py
[2025-06-24T00:03:43.741+0700] {processor.py:840} INFO - DAG(s) 'tutorial_taskflow_api' retrieved from /home/panda/Documents/ODAP/Project/venv310/lib/python3.10/site-packages/airflow/example_dags/tutorial_taskflow_api.py
[2025-06-24T00:03:43.759+0700] {logging_mixin.py:188} INFO - [2025-06-24T00:03:43.758+0700] {dag.py:3096} INFO - Sync 1 DAGs
[2025-06-24T00:03:43.771+0700] {logging_mixin.py:188} INFO - [2025-06-24T00:03:43.770+0700] {dag.py:3954} INFO - Setting next_dagrun for tutorial_taskflow_api to None, run_after=None
[2025-06-24T00:03:43.794+0700] {processor.py:183} INFO - Processing /home/panda/Documents/ODAP/Project/venv310/lib/python3.10/site-packages/airflow/example_dags/tutorial_taskflow_api.py took 0.075 seconds
[2025-06-24T00:04:33.648+0700] {processor.py:161} INFO - Started process (PID=6836) to work on /home/panda/Documents/ODAP/Project/venv310/lib/python3.10/site-packages/airflow/example_dags/tutorial_taskflow_api.py
[2025-06-24T00:04:33.653+0700] {processor.py:830} INFO - Processing file /home/panda/Documents/ODAP/Project/venv310/lib/python3.10/site-packages/airflow/example_dags/tutorial_taskflow_api.py for tasks to queue
[2025-06-24T00:04:33.656+0700] {logging_mixin.py:188} INFO - [2025-06-24T00:04:33.655+0700] {dagbag.py:540} INFO - Filling up the DagBag from /home/panda/Documents/ODAP/Project/venv310/lib/python3.10/site-packages/airflow/example_dags/tutorial_taskflow_api.py
[2025-06-24T00:04:33.666+0700] {processor.py:840} INFO - DAG(s) 'tutorial_taskflow_api' retrieved from /home/panda/Documents/ODAP/Project/venv310/lib/python3.10/site-packages/airflow/example_dags/tutorial_taskflow_api.py
[2025-06-24T00:04:33.687+0700] {logging_mixin.py:188} INFO - [2025-06-24T00:04:33.687+0700] {dag.py:3096} INFO - Sync 1 DAGs
[2025-06-24T00:04:33.701+0700] {logging_mixin.py:188} INFO - [2025-06-24T00:04:33.701+0700] {dag.py:3954} INFO - Setting next_dagrun for tutorial_taskflow_api to None, run_after=None
[2025-06-24T00:04:33.730+0700] {processor.py:183} INFO - Processing /home/panda/Documents/ODAP/Project/venv310/lib/python3.10/site-packages/airflow/example_dags/tutorial_taskflow_api.py took 0.090 seconds
[2025-06-24T00:05:20.183+0700] {processor.py:161} INFO - Started process (PID=7045) to work on /home/panda/Documents/ODAP/Project/venv310/lib/python3.10/site-packages/airflow/example_dags/tutorial_taskflow_api.py
[2025-06-24T00:05:20.188+0700] {processor.py:830} INFO - Processing file /home/panda/Documents/ODAP/Project/venv310/lib/python3.10/site-packages/airflow/example_dags/tutorial_taskflow_api.py for tasks to queue
[2025-06-24T00:05:20.191+0700] {logging_mixin.py:188} INFO - [2025-06-24T00:05:20.190+0700] {dagbag.py:540} INFO - Filling up the DagBag from /home/panda/Documents/ODAP/Project/venv310/lib/python3.10/site-packages/airflow/example_dags/tutorial_taskflow_api.py
[2025-06-24T00:05:20.198+0700] {processor.py:840} INFO - DAG(s) 'tutorial_taskflow_api' retrieved from /home/panda/Documents/ODAP/Project/venv310/lib/python3.10/site-packages/airflow/example_dags/tutorial_taskflow_api.py
[2025-06-24T00:05:20.216+0700] {logging_mixin.py:188} INFO - [2025-06-24T00:05:20.216+0700] {dag.py:3096} INFO - Sync 1 DAGs
[2025-06-24T00:05:20.228+0700] {logging_mixin.py:188} INFO - [2025-06-24T00:05:20.228+0700] {dag.py:3954} INFO - Setting next_dagrun for tutorial_taskflow_api to None, run_after=None
[2025-06-24T00:05:20.253+0700] {processor.py:183} INFO - Processing /home/panda/Documents/ODAP/Project/venv310/lib/python3.10/site-packages/airflow/example_dags/tutorial_taskflow_api.py took 0.076 seconds
[2025-06-24T00:07:06.749+0700] {processor.py:161} INFO - Started process (PID=8088) to work on /home/panda/Documents/ODAP/Project/venv310/lib/python3.10/site-packages/airflow/example_dags/tutorial_taskflow_api.py
[2025-06-24T00:07:06.754+0700] {processor.py:830} INFO - Processing file /home/panda/Documents/ODAP/Project/venv310/lib/python3.10/site-packages/airflow/example_dags/tutorial_taskflow_api.py for tasks to queue
[2025-06-24T00:07:06.755+0700] {logging_mixin.py:188} INFO - [2025-06-24T00:07:06.754+0700] {dagbag.py:540} INFO - Filling up the DagBag from /home/panda/Documents/ODAP/Project/venv310/lib/python3.10/site-packages/airflow/example_dags/tutorial_taskflow_api.py
[2025-06-24T00:07:06.763+0700] {processor.py:840} INFO - DAG(s) 'tutorial_taskflow_api' retrieved from /home/panda/Documents/ODAP/Project/venv310/lib/python3.10/site-packages/airflow/example_dags/tutorial_taskflow_api.py
[2025-06-24T00:07:06.790+0700] {logging_mixin.py:188} INFO - [2025-06-24T00:07:06.789+0700] {dag.py:3096} INFO - Sync 1 DAGs
[2025-06-24T00:07:06.804+0700] {logging_mixin.py:188} INFO - [2025-06-24T00:07:06.803+0700] {dag.py:3954} INFO - Setting next_dagrun for tutorial_taskflow_api to None, run_after=None
[2025-06-24T00:07:06.828+0700] {processor.py:183} INFO - Processing /home/panda/Documents/ODAP/Project/venv310/lib/python3.10/site-packages/airflow/example_dags/tutorial_taskflow_api.py took 0.085 seconds
[2025-06-24T00:08:00.699+0700] {processor.py:161} INFO - Started process (PID=8430) to work on /home/panda/Documents/ODAP/Project/venv310/lib/python3.10/site-packages/airflow/example_dags/tutorial_taskflow_api.py
[2025-06-24T00:08:00.704+0700] {processor.py:830} INFO - Processing file /home/panda/Documents/ODAP/Project/venv310/lib/python3.10/site-packages/airflow/example_dags/tutorial_taskflow_api.py for tasks to queue
[2025-06-24T00:08:00.706+0700] {logging_mixin.py:188} INFO - [2025-06-24T00:08:00.705+0700] {dagbag.py:540} INFO - Filling up the DagBag from /home/panda/Documents/ODAP/Project/venv310/lib/python3.10/site-packages/airflow/example_dags/tutorial_taskflow_api.py
[2025-06-24T00:08:00.715+0700] {processor.py:840} INFO - DAG(s) 'tutorial_taskflow_api' retrieved from /home/panda/Documents/ODAP/Project/venv310/lib/python3.10/site-packages/airflow/example_dags/tutorial_taskflow_api.py
[2025-06-24T00:08:00.735+0700] {logging_mixin.py:188} INFO - [2025-06-24T00:08:00.734+0700] {dag.py:3096} INFO - Sync 1 DAGs
[2025-06-24T00:08:00.747+0700] {logging_mixin.py:188} INFO - [2025-06-24T00:08:00.747+0700] {dag.py:3954} INFO - Setting next_dagrun for tutorial_taskflow_api to None, run_after=None
[2025-06-24T00:08:00.775+0700] {processor.py:183} INFO - Processing /home/panda/Documents/ODAP/Project/venv310/lib/python3.10/site-packages/airflow/example_dags/tutorial_taskflow_api.py took 0.084 seconds
[2025-06-24T00:08:46.792+0700] {processor.py:161} INFO - Started process (PID=10695) to work on /home/panda/Documents/ODAP/Project/venv310/lib/python3.10/site-packages/airflow/example_dags/tutorial_taskflow_api.py
[2025-06-24T00:08:46.797+0700] {processor.py:830} INFO - Processing file /home/panda/Documents/ODAP/Project/venv310/lib/python3.10/site-packages/airflow/example_dags/tutorial_taskflow_api.py for tasks to queue
[2025-06-24T00:08:46.799+0700] {logging_mixin.py:188} INFO - [2025-06-24T00:08:46.798+0700] {dagbag.py:540} INFO - Filling up the DagBag from /home/panda/Documents/ODAP/Project/venv310/lib/python3.10/site-packages/airflow/example_dags/tutorial_taskflow_api.py
[2025-06-24T00:08:46.806+0700] {processor.py:840} INFO - DAG(s) 'tutorial_taskflow_api' retrieved from /home/panda/Documents/ODAP/Project/venv310/lib/python3.10/site-packages/airflow/example_dags/tutorial_taskflow_api.py
[2025-06-24T00:08:46.825+0700] {logging_mixin.py:188} INFO - [2025-06-24T00:08:46.824+0700] {dag.py:3096} INFO - Sync 1 DAGs
[2025-06-24T00:08:46.837+0700] {logging_mixin.py:188} INFO - [2025-06-24T00:08:46.836+0700] {dag.py:3954} INFO - Setting next_dagrun for tutorial_taskflow_api to None, run_after=None
[2025-06-24T00:08:46.860+0700] {processor.py:183} INFO - Processing /home/panda/Documents/ODAP/Project/venv310/lib/python3.10/site-packages/airflow/example_dags/tutorial_taskflow_api.py took 0.076 seconds
[2025-06-24T00:09:25.635+0700] {processor.py:161} INFO - Started process (PID=10796) to work on /home/panda/Documents/ODAP/Project/venv310/lib/python3.10/site-packages/airflow/example_dags/tutorial_taskflow_api.py
[2025-06-24T00:09:25.640+0700] {processor.py:830} INFO - Processing file /home/panda/Documents/ODAP/Project/venv310/lib/python3.10/site-packages/airflow/example_dags/tutorial_taskflow_api.py for tasks to queue
[2025-06-24T00:09:25.642+0700] {logging_mixin.py:188} INFO - [2025-06-24T00:09:25.641+0700] {dagbag.py:540} INFO - Filling up the DagBag from /home/panda/Documents/ODAP/Project/venv310/lib/python3.10/site-packages/airflow/example_dags/tutorial_taskflow_api.py
[2025-06-24T00:09:25.650+0700] {processor.py:840} INFO - DAG(s) 'tutorial_taskflow_api' retrieved from /home/panda/Documents/ODAP/Project/venv310/lib/python3.10/site-packages/airflow/example_dags/tutorial_taskflow_api.py
[2025-06-24T00:09:25.670+0700] {logging_mixin.py:188} INFO - [2025-06-24T00:09:25.670+0700] {dag.py:3096} INFO - Sync 1 DAGs
[2025-06-24T00:09:25.681+0700] {logging_mixin.py:188} INFO - [2025-06-24T00:09:25.681+0700] {dag.py:3954} INFO - Setting next_dagrun for tutorial_taskflow_api to None, run_after=None
[2025-06-24T00:09:25.707+0700] {processor.py:183} INFO - Processing /home/panda/Documents/ODAP/Project/venv310/lib/python3.10/site-packages/airflow/example_dags/tutorial_taskflow_api.py took 0.078 seconds
[2025-06-24T00:10:09.836+0700] {processor.py:161} INFO - Started process (PID=10927) to work on /home/panda/Documents/ODAP/Project/venv310/lib/python3.10/site-packages/airflow/example_dags/tutorial_taskflow_api.py
[2025-06-24T00:10:09.841+0700] {processor.py:830} INFO - Processing file /home/panda/Documents/ODAP/Project/venv310/lib/python3.10/site-packages/airflow/example_dags/tutorial_taskflow_api.py for tasks to queue
[2025-06-24T00:10:09.843+0700] {logging_mixin.py:188} INFO - [2025-06-24T00:10:09.842+0700] {dagbag.py:540} INFO - Filling up the DagBag from /home/panda/Documents/ODAP/Project/venv310/lib/python3.10/site-packages/airflow/example_dags/tutorial_taskflow_api.py
[2025-06-24T00:10:09.851+0700] {processor.py:840} INFO - DAG(s) 'tutorial_taskflow_api' retrieved from /home/panda/Documents/ODAP/Project/venv310/lib/python3.10/site-packages/airflow/example_dags/tutorial_taskflow_api.py
[2025-06-24T00:10:09.872+0700] {logging_mixin.py:188} INFO - [2025-06-24T00:10:09.871+0700] {dag.py:3096} INFO - Sync 1 DAGs
[2025-06-24T00:10:09.885+0700] {logging_mixin.py:188} INFO - [2025-06-24T00:10:09.885+0700] {dag.py:3954} INFO - Setting next_dagrun for tutorial_taskflow_api to None, run_after=None
[2025-06-24T00:10:09.916+0700] {processor.py:183} INFO - Processing /home/panda/Documents/ODAP/Project/venv310/lib/python3.10/site-packages/airflow/example_dags/tutorial_taskflow_api.py took 0.087 seconds
[2025-06-24T00:10:56.991+0700] {processor.py:161} INFO - Started process (PID=11169) to work on /home/panda/Documents/ODAP/Project/venv310/lib/python3.10/site-packages/airflow/example_dags/tutorial_taskflow_api.py
[2025-06-24T00:10:56.993+0700] {processor.py:830} INFO - Processing file /home/panda/Documents/ODAP/Project/venv310/lib/python3.10/site-packages/airflow/example_dags/tutorial_taskflow_api.py for tasks to queue
[2025-06-24T00:10:56.994+0700] {logging_mixin.py:188} INFO - [2025-06-24T00:10:56.993+0700] {dagbag.py:540} INFO - Filling up the DagBag from /home/panda/Documents/ODAP/Project/venv310/lib/python3.10/site-packages/airflow/example_dags/tutorial_taskflow_api.py
[2025-06-24T00:10:57.001+0700] {processor.py:840} INFO - DAG(s) 'tutorial_taskflow_api' retrieved from /home/panda/Documents/ODAP/Project/venv310/lib/python3.10/site-packages/airflow/example_dags/tutorial_taskflow_api.py
[2025-06-24T00:10:57.024+0700] {logging_mixin.py:188} INFO - [2025-06-24T00:10:57.023+0700] {dag.py:3096} INFO - Sync 1 DAGs
[2025-06-24T00:10:57.039+0700] {logging_mixin.py:188} INFO - [2025-06-24T00:10:57.038+0700] {dag.py:3954} INFO - Setting next_dagrun for tutorial_taskflow_api to None, run_after=None
[2025-06-24T00:10:57.068+0700] {processor.py:183} INFO - Processing /home/panda/Documents/ODAP/Project/venv310/lib/python3.10/site-packages/airflow/example_dags/tutorial_taskflow_api.py took 0.086 seconds
[2025-06-24T00:11:36.020+0700] {processor.py:161} INFO - Started process (PID=12451) to work on /home/panda/Documents/ODAP/Project/venv310/lib/python3.10/site-packages/airflow/example_dags/tutorial_taskflow_api.py
[2025-06-24T00:11:36.023+0700] {processor.py:830} INFO - Processing file /home/panda/Documents/ODAP/Project/venv310/lib/python3.10/site-packages/airflow/example_dags/tutorial_taskflow_api.py for tasks to queue
[2025-06-24T00:11:36.025+0700] {logging_mixin.py:188} INFO - [2025-06-24T00:11:36.024+0700] {dagbag.py:540} INFO - Filling up the DagBag from /home/panda/Documents/ODAP/Project/venv310/lib/python3.10/site-packages/airflow/example_dags/tutorial_taskflow_api.py
[2025-06-24T00:11:36.033+0700] {processor.py:840} INFO - DAG(s) 'tutorial_taskflow_api' retrieved from /home/panda/Documents/ODAP/Project/venv310/lib/python3.10/site-packages/airflow/example_dags/tutorial_taskflow_api.py
[2025-06-24T00:11:36.052+0700] {logging_mixin.py:188} INFO - [2025-06-24T00:11:36.052+0700] {dag.py:3096} INFO - Sync 1 DAGs
[2025-06-24T00:11:36.062+0700] {logging_mixin.py:188} INFO - [2025-06-24T00:11:36.062+0700] {dag.py:3954} INFO - Setting next_dagrun for tutorial_taskflow_api to None, run_after=None
[2025-06-24T00:11:36.087+0700] {processor.py:183} INFO - Processing /home/panda/Documents/ODAP/Project/venv310/lib/python3.10/site-packages/airflow/example_dags/tutorial_taskflow_api.py took 0.074 seconds
[2025-06-24T00:12:27.833+0700] {processor.py:161} INFO - Started process (PID=12632) to work on /home/panda/Documents/ODAP/Project/venv310/lib/python3.10/site-packages/airflow/example_dags/tutorial_taskflow_api.py
[2025-06-24T00:12:27.838+0700] {processor.py:830} INFO - Processing file /home/panda/Documents/ODAP/Project/venv310/lib/python3.10/site-packages/airflow/example_dags/tutorial_taskflow_api.py for tasks to queue
[2025-06-24T00:12:27.840+0700] {logging_mixin.py:188} INFO - [2025-06-24T00:12:27.839+0700] {dagbag.py:540} INFO - Filling up the DagBag from /home/panda/Documents/ODAP/Project/venv310/lib/python3.10/site-packages/airflow/example_dags/tutorial_taskflow_api.py
[2025-06-24T00:12:27.847+0700] {processor.py:840} INFO - DAG(s) 'tutorial_taskflow_api' retrieved from /home/panda/Documents/ODAP/Project/venv310/lib/python3.10/site-packages/airflow/example_dags/tutorial_taskflow_api.py
[2025-06-24T00:12:27.865+0700] {logging_mixin.py:188} INFO - [2025-06-24T00:12:27.864+0700] {dag.py:3096} INFO - Sync 1 DAGs
[2025-06-24T00:12:27.876+0700] {logging_mixin.py:188} INFO - [2025-06-24T00:12:27.876+0700] {dag.py:3954} INFO - Setting next_dagrun for tutorial_taskflow_api to None, run_after=None
[2025-06-24T00:12:27.911+0700] {processor.py:183} INFO - Processing /home/panda/Documents/ODAP/Project/venv310/lib/python3.10/site-packages/airflow/example_dags/tutorial_taskflow_api.py took 0.085 seconds
[2025-06-24T00:13:13.259+0700] {processor.py:161} INFO - Started process (PID=12814) to work on /home/panda/Documents/ODAP/Project/venv310/lib/python3.10/site-packages/airflow/example_dags/tutorial_taskflow_api.py
[2025-06-24T00:13:13.261+0700] {processor.py:830} INFO - Processing file /home/panda/Documents/ODAP/Project/venv310/lib/python3.10/site-packages/airflow/example_dags/tutorial_taskflow_api.py for tasks to queue
[2025-06-24T00:13:13.263+0700] {logging_mixin.py:188} INFO - [2025-06-24T00:13:13.262+0700] {dagbag.py:540} INFO - Filling up the DagBag from /home/panda/Documents/ODAP/Project/venv310/lib/python3.10/site-packages/airflow/example_dags/tutorial_taskflow_api.py
[2025-06-24T00:13:13.270+0700] {processor.py:840} INFO - DAG(s) 'tutorial_taskflow_api' retrieved from /home/panda/Documents/ODAP/Project/venv310/lib/python3.10/site-packages/airflow/example_dags/tutorial_taskflow_api.py
[2025-06-24T00:13:13.288+0700] {logging_mixin.py:188} INFO - [2025-06-24T00:13:13.288+0700] {dag.py:3096} INFO - Sync 1 DAGs
[2025-06-24T00:13:13.301+0700] {logging_mixin.py:188} INFO - [2025-06-24T00:13:13.301+0700] {dag.py:3954} INFO - Setting next_dagrun for tutorial_taskflow_api to None, run_after=None
[2025-06-24T00:13:13.331+0700] {processor.py:183} INFO - Processing /home/panda/Documents/ODAP/Project/venv310/lib/python3.10/site-packages/airflow/example_dags/tutorial_taskflow_api.py took 0.079 seconds
[2025-06-24T00:13:58.949+0700] {processor.py:161} INFO - Started process (PID=13025) to work on /home/panda/Documents/ODAP/Project/venv310/lib/python3.10/site-packages/airflow/example_dags/tutorial_taskflow_api.py
[2025-06-24T00:13:58.954+0700] {processor.py:830} INFO - Processing file /home/panda/Documents/ODAP/Project/venv310/lib/python3.10/site-packages/airflow/example_dags/tutorial_taskflow_api.py for tasks to queue
[2025-06-24T00:13:58.956+0700] {logging_mixin.py:188} INFO - [2025-06-24T00:13:58.955+0700] {dagbag.py:540} INFO - Filling up the DagBag from /home/panda/Documents/ODAP/Project/venv310/lib/python3.10/site-packages/airflow/example_dags/tutorial_taskflow_api.py
[2025-06-24T00:13:58.964+0700] {processor.py:840} INFO - DAG(s) 'tutorial_taskflow_api' retrieved from /home/panda/Documents/ODAP/Project/venv310/lib/python3.10/site-packages/airflow/example_dags/tutorial_taskflow_api.py
[2025-06-24T00:13:58.984+0700] {logging_mixin.py:188} INFO - [2025-06-24T00:13:58.984+0700] {dag.py:3096} INFO - Sync 1 DAGs
[2025-06-24T00:13:58.997+0700] {logging_mixin.py:188} INFO - [2025-06-24T00:13:58.997+0700] {dag.py:3954} INFO - Setting next_dagrun for tutorial_taskflow_api to None, run_after=None
[2025-06-24T00:13:59.021+0700] {processor.py:183} INFO - Processing /home/panda/Documents/ODAP/Project/venv310/lib/python3.10/site-packages/airflow/example_dags/tutorial_taskflow_api.py took 0.079 seconds
[2025-06-24T00:14:44.415+0700] {processor.py:161} INFO - Started process (PID=13180) to work on /home/panda/Documents/ODAP/Project/venv310/lib/python3.10/site-packages/airflow/example_dags/tutorial_taskflow_api.py
[2025-06-24T00:14:44.420+0700] {processor.py:830} INFO - Processing file /home/panda/Documents/ODAP/Project/venv310/lib/python3.10/site-packages/airflow/example_dags/tutorial_taskflow_api.py for tasks to queue
[2025-06-24T00:14:44.421+0700] {logging_mixin.py:188} INFO - [2025-06-24T00:14:44.420+0700] {dagbag.py:540} INFO - Filling up the DagBag from /home/panda/Documents/ODAP/Project/venv310/lib/python3.10/site-packages/airflow/example_dags/tutorial_taskflow_api.py
[2025-06-24T00:14:44.429+0700] {processor.py:840} INFO - DAG(s) 'tutorial_taskflow_api' retrieved from /home/panda/Documents/ODAP/Project/venv310/lib/python3.10/site-packages/airflow/example_dags/tutorial_taskflow_api.py
[2025-06-24T00:14:44.447+0700] {logging_mixin.py:188} INFO - [2025-06-24T00:14:44.446+0700] {dag.py:3096} INFO - Sync 1 DAGs
[2025-06-24T00:14:44.458+0700] {logging_mixin.py:188} INFO - [2025-06-24T00:14:44.457+0700] {dag.py:3954} INFO - Setting next_dagrun for tutorial_taskflow_api to None, run_after=None
[2025-06-24T00:14:44.488+0700] {processor.py:183} INFO - Processing /home/panda/Documents/ODAP/Project/venv310/lib/python3.10/site-packages/airflow/example_dags/tutorial_taskflow_api.py took 0.080 seconds
[2025-06-24T00:21:17.843+0700] {processor.py:161} INFO - Started process (PID=16560) to work on /home/panda/Documents/ODAP/Project/venv310/lib/python3.10/site-packages/airflow/example_dags/tutorial_taskflow_api.py
[2025-06-24T00:21:17.848+0700] {processor.py:830} INFO - Processing file /home/panda/Documents/ODAP/Project/venv310/lib/python3.10/site-packages/airflow/example_dags/tutorial_taskflow_api.py for tasks to queue
[2025-06-24T00:21:17.849+0700] {logging_mixin.py:188} INFO - [2025-06-24T00:21:17.848+0700] {dagbag.py:540} INFO - Filling up the DagBag from /home/panda/Documents/ODAP/Project/venv310/lib/python3.10/site-packages/airflow/example_dags/tutorial_taskflow_api.py
[2025-06-24T00:21:17.857+0700] {processor.py:840} INFO - DAG(s) 'tutorial_taskflow_api' retrieved from /home/panda/Documents/ODAP/Project/venv310/lib/python3.10/site-packages/airflow/example_dags/tutorial_taskflow_api.py
[2025-06-24T00:21:17.883+0700] {logging_mixin.py:188} INFO - [2025-06-24T00:21:17.883+0700] {dag.py:3096} INFO - Sync 1 DAGs
[2025-06-24T00:21:17.895+0700] {logging_mixin.py:188} INFO - [2025-06-24T00:21:17.895+0700] {dag.py:3954} INFO - Setting next_dagrun for tutorial_taskflow_api to None, run_after=None
[2025-06-24T00:21:17.918+0700] {processor.py:183} INFO - Processing /home/panda/Documents/ODAP/Project/venv310/lib/python3.10/site-packages/airflow/example_dags/tutorial_taskflow_api.py took 0.083 seconds
[2025-06-24T00:22:11.175+0700] {processor.py:161} INFO - Started process (PID=16735) to work on /home/panda/Documents/ODAP/Project/venv310/lib/python3.10/site-packages/airflow/example_dags/tutorial_taskflow_api.py
[2025-06-24T00:22:11.180+0700] {processor.py:830} INFO - Processing file /home/panda/Documents/ODAP/Project/venv310/lib/python3.10/site-packages/airflow/example_dags/tutorial_taskflow_api.py for tasks to queue
[2025-06-24T00:22:11.182+0700] {logging_mixin.py:188} INFO - [2025-06-24T00:22:11.181+0700] {dagbag.py:540} INFO - Filling up the DagBag from /home/panda/Documents/ODAP/Project/venv310/lib/python3.10/site-packages/airflow/example_dags/tutorial_taskflow_api.py
[2025-06-24T00:22:11.190+0700] {processor.py:840} INFO - DAG(s) 'tutorial_taskflow_api' retrieved from /home/panda/Documents/ODAP/Project/venv310/lib/python3.10/site-packages/airflow/example_dags/tutorial_taskflow_api.py
[2025-06-24T00:22:11.209+0700] {logging_mixin.py:188} INFO - [2025-06-24T00:22:11.209+0700] {dag.py:3096} INFO - Sync 1 DAGs
[2025-06-24T00:22:11.222+0700] {logging_mixin.py:188} INFO - [2025-06-24T00:22:11.221+0700] {dag.py:3954} INFO - Setting next_dagrun for tutorial_taskflow_api to None, run_after=None
[2025-06-24T00:22:11.251+0700] {processor.py:183} INFO - Processing /home/panda/Documents/ODAP/Project/venv310/lib/python3.10/site-packages/airflow/example_dags/tutorial_taskflow_api.py took 0.084 seconds
[2025-06-24T00:23:11.426+0700] {processor.py:161} INFO - Started process (PID=18166) to work on /home/panda/Documents/ODAP/Project/venv310/lib/python3.10/site-packages/airflow/example_dags/tutorial_taskflow_api.py
[2025-06-24T00:23:11.431+0700] {processor.py:830} INFO - Processing file /home/panda/Documents/ODAP/Project/venv310/lib/python3.10/site-packages/airflow/example_dags/tutorial_taskflow_api.py for tasks to queue
[2025-06-24T00:23:11.432+0700] {logging_mixin.py:188} INFO - [2025-06-24T00:23:11.432+0700] {dagbag.py:540} INFO - Filling up the DagBag from /home/panda/Documents/ODAP/Project/venv310/lib/python3.10/site-packages/airflow/example_dags/tutorial_taskflow_api.py
[2025-06-24T00:23:11.441+0700] {processor.py:840} INFO - DAG(s) 'tutorial_taskflow_api' retrieved from /home/panda/Documents/ODAP/Project/venv310/lib/python3.10/site-packages/airflow/example_dags/tutorial_taskflow_api.py
[2025-06-24T00:23:11.463+0700] {logging_mixin.py:188} INFO - [2025-06-24T00:23:11.462+0700] {dag.py:3096} INFO - Sync 1 DAGs
[2025-06-24T00:23:11.477+0700] {logging_mixin.py:188} INFO - [2025-06-24T00:23:11.477+0700] {dag.py:3954} INFO - Setting next_dagrun for tutorial_taskflow_api to None, run_after=None
[2025-06-24T00:23:11.507+0700] {processor.py:183} INFO - Processing /home/panda/Documents/ODAP/Project/venv310/lib/python3.10/site-packages/airflow/example_dags/tutorial_taskflow_api.py took 0.090 seconds
[2025-06-24T00:33:29.303+0700] {processor.py:161} INFO - Started process (PID=20184) to work on /home/panda/Documents/ODAP/Project/venv310/lib/python3.10/site-packages/airflow/example_dags/tutorial_taskflow_api.py
[2025-06-24T00:33:29.309+0700] {processor.py:830} INFO - Processing file /home/panda/Documents/ODAP/Project/venv310/lib/python3.10/site-packages/airflow/example_dags/tutorial_taskflow_api.py for tasks to queue
[2025-06-24T00:33:29.311+0700] {logging_mixin.py:188} INFO - [2025-06-24T00:33:29.310+0700] {dagbag.py:540} INFO - Filling up the DagBag from /home/panda/Documents/ODAP/Project/venv310/lib/python3.10/site-packages/airflow/example_dags/tutorial_taskflow_api.py
[2025-06-24T00:33:29.319+0700] {processor.py:840} INFO - DAG(s) 'tutorial_taskflow_api' retrieved from /home/panda/Documents/ODAP/Project/venv310/lib/python3.10/site-packages/airflow/example_dags/tutorial_taskflow_api.py
[2025-06-24T00:33:29.351+0700] {logging_mixin.py:188} INFO - [2025-06-24T00:33:29.350+0700] {dag.py:3096} INFO - Sync 1 DAGs
[2025-06-24T00:33:29.363+0700] {logging_mixin.py:188} INFO - [2025-06-24T00:33:29.363+0700] {dag.py:3954} INFO - Setting next_dagrun for tutorial_taskflow_api to None, run_after=None
[2025-06-24T00:33:29.394+0700] {processor.py:183} INFO - Processing /home/panda/Documents/ODAP/Project/venv310/lib/python3.10/site-packages/airflow/example_dags/tutorial_taskflow_api.py took 0.098 seconds
[2025-06-24T00:34:22.627+0700] {processor.py:161} INFO - Started process (PID=20373) to work on /home/panda/Documents/ODAP/Project/venv310/lib/python3.10/site-packages/airflow/example_dags/tutorial_taskflow_api.py
[2025-06-24T00:34:22.632+0700] {processor.py:830} INFO - Processing file /home/panda/Documents/ODAP/Project/venv310/lib/python3.10/site-packages/airflow/example_dags/tutorial_taskflow_api.py for tasks to queue
[2025-06-24T00:34:22.633+0700] {logging_mixin.py:188} INFO - [2025-06-24T00:34:22.632+0700] {dagbag.py:540} INFO - Filling up the DagBag from /home/panda/Documents/ODAP/Project/venv310/lib/python3.10/site-packages/airflow/example_dags/tutorial_taskflow_api.py
[2025-06-24T00:34:22.641+0700] {processor.py:840} INFO - DAG(s) 'tutorial_taskflow_api' retrieved from /home/panda/Documents/ODAP/Project/venv310/lib/python3.10/site-packages/airflow/example_dags/tutorial_taskflow_api.py
[2025-06-24T00:34:22.659+0700] {logging_mixin.py:188} INFO - [2025-06-24T00:34:22.658+0700] {dag.py:3096} INFO - Sync 1 DAGs
[2025-06-24T00:34:22.671+0700] {logging_mixin.py:188} INFO - [2025-06-24T00:34:22.671+0700] {dag.py:3954} INFO - Setting next_dagrun for tutorial_taskflow_api to None, run_after=None
[2025-06-24T00:34:22.701+0700] {processor.py:183} INFO - Processing /home/panda/Documents/ODAP/Project/venv310/lib/python3.10/site-packages/airflow/example_dags/tutorial_taskflow_api.py took 0.081 seconds
[2025-06-24T00:35:10.911+0700] {processor.py:161} INFO - Started process (PID=20502) to work on /home/panda/Documents/ODAP/Project/venv310/lib/python3.10/site-packages/airflow/example_dags/tutorial_taskflow_api.py
[2025-06-24T00:35:10.916+0700] {processor.py:830} INFO - Processing file /home/panda/Documents/ODAP/Project/venv310/lib/python3.10/site-packages/airflow/example_dags/tutorial_taskflow_api.py for tasks to queue
[2025-06-24T00:35:10.917+0700] {logging_mixin.py:188} INFO - [2025-06-24T00:35:10.917+0700] {dagbag.py:540} INFO - Filling up the DagBag from /home/panda/Documents/ODAP/Project/venv310/lib/python3.10/site-packages/airflow/example_dags/tutorial_taskflow_api.py
[2025-06-24T00:35:10.926+0700] {processor.py:840} INFO - DAG(s) 'tutorial_taskflow_api' retrieved from /home/panda/Documents/ODAP/Project/venv310/lib/python3.10/site-packages/airflow/example_dags/tutorial_taskflow_api.py
[2025-06-24T00:35:10.946+0700] {logging_mixin.py:188} INFO - [2025-06-24T00:35:10.946+0700] {dag.py:3096} INFO - Sync 1 DAGs
[2025-06-24T00:35:10.959+0700] {logging_mixin.py:188} INFO - [2025-06-24T00:35:10.958+0700] {dag.py:3954} INFO - Setting next_dagrun for tutorial_taskflow_api to None, run_after=None
[2025-06-24T00:35:10.988+0700] {processor.py:183} INFO - Processing /home/panda/Documents/ODAP/Project/venv310/lib/python3.10/site-packages/airflow/example_dags/tutorial_taskflow_api.py took 0.085 seconds
[2025-06-24T00:35:57.930+0700] {processor.py:161} INFO - Started process (PID=20702) to work on /home/panda/Documents/ODAP/Project/venv310/lib/python3.10/site-packages/airflow/example_dags/tutorial_taskflow_api.py
[2025-06-24T00:35:57.935+0700] {processor.py:830} INFO - Processing file /home/panda/Documents/ODAP/Project/venv310/lib/python3.10/site-packages/airflow/example_dags/tutorial_taskflow_api.py for tasks to queue
[2025-06-24T00:35:57.936+0700] {logging_mixin.py:188} INFO - [2025-06-24T00:35:57.936+0700] {dagbag.py:540} INFO - Filling up the DagBag from /home/panda/Documents/ODAP/Project/venv310/lib/python3.10/site-packages/airflow/example_dags/tutorial_taskflow_api.py
[2025-06-24T00:35:57.944+0700] {processor.py:840} INFO - DAG(s) 'tutorial_taskflow_api' retrieved from /home/panda/Documents/ODAP/Project/venv310/lib/python3.10/site-packages/airflow/example_dags/tutorial_taskflow_api.py
[2025-06-24T00:35:57.963+0700] {logging_mixin.py:188} INFO - [2025-06-24T00:35:57.963+0700] {dag.py:3096} INFO - Sync 1 DAGs
[2025-06-24T00:35:57.975+0700] {logging_mixin.py:188} INFO - [2025-06-24T00:35:57.975+0700] {dag.py:3954} INFO - Setting next_dagrun for tutorial_taskflow_api to None, run_after=None
[2025-06-24T00:35:58.006+0700] {processor.py:183} INFO - Processing /home/panda/Documents/ODAP/Project/venv310/lib/python3.10/site-packages/airflow/example_dags/tutorial_taskflow_api.py took 0.084 seconds
[2025-06-24T00:36:43.445+0700] {processor.py:161} INFO - Started process (PID=20998) to work on /home/panda/Documents/ODAP/Project/venv310/lib/python3.10/site-packages/airflow/example_dags/tutorial_taskflow_api.py
[2025-06-24T00:36:43.451+0700] {processor.py:830} INFO - Processing file /home/panda/Documents/ODAP/Project/venv310/lib/python3.10/site-packages/airflow/example_dags/tutorial_taskflow_api.py for tasks to queue
[2025-06-24T00:36:43.453+0700] {logging_mixin.py:188} INFO - [2025-06-24T00:36:43.452+0700] {dagbag.py:540} INFO - Filling up the DagBag from /home/panda/Documents/ODAP/Project/venv310/lib/python3.10/site-packages/airflow/example_dags/tutorial_taskflow_api.py
[2025-06-24T00:36:43.463+0700] {processor.py:840} INFO - DAG(s) 'tutorial_taskflow_api' retrieved from /home/panda/Documents/ODAP/Project/venv310/lib/python3.10/site-packages/airflow/example_dags/tutorial_taskflow_api.py
[2025-06-24T00:36:43.482+0700] {logging_mixin.py:188} INFO - [2025-06-24T00:36:43.481+0700] {dag.py:3096} INFO - Sync 1 DAGs
[2025-06-24T00:36:43.494+0700] {logging_mixin.py:188} INFO - [2025-06-24T00:36:43.493+0700] {dag.py:3954} INFO - Setting next_dagrun for tutorial_taskflow_api to None, run_after=None
[2025-06-24T00:36:43.518+0700] {processor.py:183} INFO - Processing /home/panda/Documents/ODAP/Project/venv310/lib/python3.10/site-packages/airflow/example_dags/tutorial_taskflow_api.py took 0.080 seconds
[2025-06-24T00:52:27.273+0700] {processor.py:161} INFO - Started process (PID=25088) to work on /home/panda/Documents/ODAP/Project/venv310/lib/python3.10/site-packages/airflow/example_dags/tutorial_taskflow_api.py
[2025-06-24T00:52:27.276+0700] {processor.py:830} INFO - Processing file /home/panda/Documents/ODAP/Project/venv310/lib/python3.10/site-packages/airflow/example_dags/tutorial_taskflow_api.py for tasks to queue
[2025-06-24T00:52:27.277+0700] {logging_mixin.py:188} INFO - [2025-06-24T00:52:27.277+0700] {dagbag.py:540} INFO - Filling up the DagBag from /home/panda/Documents/ODAP/Project/venv310/lib/python3.10/site-packages/airflow/example_dags/tutorial_taskflow_api.py
[2025-06-24T00:52:27.285+0700] {processor.py:840} INFO - DAG(s) 'tutorial_taskflow_api' retrieved from /home/panda/Documents/ODAP/Project/venv310/lib/python3.10/site-packages/airflow/example_dags/tutorial_taskflow_api.py
[2025-06-24T00:52:27.313+0700] {logging_mixin.py:188} INFO - [2025-06-24T00:52:27.313+0700] {dag.py:3096} INFO - Sync 1 DAGs
[2025-06-24T00:52:27.326+0700] {logging_mixin.py:188} INFO - [2025-06-24T00:52:27.326+0700] {dag.py:3954} INFO - Setting next_dagrun for tutorial_taskflow_api to None, run_after=None
[2025-06-24T00:52:27.348+0700] {processor.py:183} INFO - Processing /home/panda/Documents/ODAP/Project/venv310/lib/python3.10/site-packages/airflow/example_dags/tutorial_taskflow_api.py took 0.082 seconds
[2025-06-24T00:53:20.849+0700] {processor.py:161} INFO - Started process (PID=25269) to work on /home/panda/Documents/ODAP/Project/venv310/lib/python3.10/site-packages/airflow/example_dags/tutorial_taskflow_api.py
[2025-06-24T00:53:20.854+0700] {processor.py:830} INFO - Processing file /home/panda/Documents/ODAP/Project/venv310/lib/python3.10/site-packages/airflow/example_dags/tutorial_taskflow_api.py for tasks to queue
[2025-06-24T00:53:20.855+0700] {logging_mixin.py:188} INFO - [2025-06-24T00:53:20.855+0700] {dagbag.py:540} INFO - Filling up the DagBag from /home/panda/Documents/ODAP/Project/venv310/lib/python3.10/site-packages/airflow/example_dags/tutorial_taskflow_api.py
[2025-06-24T00:53:20.864+0700] {processor.py:840} INFO - DAG(s) 'tutorial_taskflow_api' retrieved from /home/panda/Documents/ODAP/Project/venv310/lib/python3.10/site-packages/airflow/example_dags/tutorial_taskflow_api.py
[2025-06-24T00:53:20.885+0700] {logging_mixin.py:188} INFO - [2025-06-24T00:53:20.885+0700] {dag.py:3096} INFO - Sync 1 DAGs
[2025-06-24T00:53:20.899+0700] {logging_mixin.py:188} INFO - [2025-06-24T00:53:20.899+0700] {dag.py:3954} INFO - Setting next_dagrun for tutorial_taskflow_api to None, run_after=None
[2025-06-24T00:53:20.925+0700] {processor.py:183} INFO - Processing /home/panda/Documents/ODAP/Project/venv310/lib/python3.10/site-packages/airflow/example_dags/tutorial_taskflow_api.py took 0.084 seconds
[2025-06-24T00:54:09.466+0700] {processor.py:161} INFO - Started process (PID=25559) to work on /home/panda/Documents/ODAP/Project/venv310/lib/python3.10/site-packages/airflow/example_dags/tutorial_taskflow_api.py
[2025-06-24T00:54:09.468+0700] {processor.py:830} INFO - Processing file /home/panda/Documents/ODAP/Project/venv310/lib/python3.10/site-packages/airflow/example_dags/tutorial_taskflow_api.py for tasks to queue
[2025-06-24T00:54:09.469+0700] {logging_mixin.py:188} INFO - [2025-06-24T00:54:09.468+0700] {dagbag.py:540} INFO - Filling up the DagBag from /home/panda/Documents/ODAP/Project/venv310/lib/python3.10/site-packages/airflow/example_dags/tutorial_taskflow_api.py
[2025-06-24T00:54:09.476+0700] {processor.py:840} INFO - DAG(s) 'tutorial_taskflow_api' retrieved from /home/panda/Documents/ODAP/Project/venv310/lib/python3.10/site-packages/airflow/example_dags/tutorial_taskflow_api.py
[2025-06-24T00:54:09.495+0700] {logging_mixin.py:188} INFO - [2025-06-24T00:54:09.495+0700] {dag.py:3096} INFO - Sync 1 DAGs
[2025-06-24T00:54:09.507+0700] {logging_mixin.py:188} INFO - [2025-06-24T00:54:09.507+0700] {dag.py:3954} INFO - Setting next_dagrun for tutorial_taskflow_api to None, run_after=None
[2025-06-24T00:54:09.538+0700] {processor.py:183} INFO - Processing /home/panda/Documents/ODAP/Project/venv310/lib/python3.10/site-packages/airflow/example_dags/tutorial_taskflow_api.py took 0.079 seconds
[2025-06-24T00:54:56.039+0700] {processor.py:161} INFO - Started process (PID=25709) to work on /home/panda/Documents/ODAP/Project/venv310/lib/python3.10/site-packages/airflow/example_dags/tutorial_taskflow_api.py
[2025-06-24T00:54:56.044+0700] {processor.py:830} INFO - Processing file /home/panda/Documents/ODAP/Project/venv310/lib/python3.10/site-packages/airflow/example_dags/tutorial_taskflow_api.py for tasks to queue
[2025-06-24T00:54:56.045+0700] {logging_mixin.py:188} INFO - [2025-06-24T00:54:56.045+0700] {dagbag.py:540} INFO - Filling up the DagBag from /home/panda/Documents/ODAP/Project/venv310/lib/python3.10/site-packages/airflow/example_dags/tutorial_taskflow_api.py
[2025-06-24T00:54:56.054+0700] {processor.py:840} INFO - DAG(s) 'tutorial_taskflow_api' retrieved from /home/panda/Documents/ODAP/Project/venv310/lib/python3.10/site-packages/airflow/example_dags/tutorial_taskflow_api.py
[2025-06-24T00:54:56.073+0700] {logging_mixin.py:188} INFO - [2025-06-24T00:54:56.072+0700] {dag.py:3096} INFO - Sync 1 DAGs
[2025-06-24T00:54:56.086+0700] {logging_mixin.py:188} INFO - [2025-06-24T00:54:56.086+0700] {dag.py:3954} INFO - Setting next_dagrun for tutorial_taskflow_api to None, run_after=None
[2025-06-24T00:54:56.112+0700] {processor.py:183} INFO - Processing /home/panda/Documents/ODAP/Project/venv310/lib/python3.10/site-packages/airflow/example_dags/tutorial_taskflow_api.py took 0.080 seconds
[2025-06-24T01:03:02.476+0700] {processor.py:161} INFO - Started process (PID=28538) to work on /home/panda/Documents/ODAP/Project/venv310/lib/python3.10/site-packages/airflow/example_dags/tutorial_taskflow_api.py
[2025-06-24T01:03:02.481+0700] {processor.py:830} INFO - Processing file /home/panda/Documents/ODAP/Project/venv310/lib/python3.10/site-packages/airflow/example_dags/tutorial_taskflow_api.py for tasks to queue
[2025-06-24T01:03:02.482+0700] {logging_mixin.py:188} INFO - [2025-06-24T01:03:02.482+0700] {dagbag.py:540} INFO - Filling up the DagBag from /home/panda/Documents/ODAP/Project/venv310/lib/python3.10/site-packages/airflow/example_dags/tutorial_taskflow_api.py
[2025-06-24T01:03:02.490+0700] {processor.py:840} INFO - DAG(s) 'tutorial_taskflow_api' retrieved from /home/panda/Documents/ODAP/Project/venv310/lib/python3.10/site-packages/airflow/example_dags/tutorial_taskflow_api.py
[2025-06-24T01:03:02.518+0700] {logging_mixin.py:188} INFO - [2025-06-24T01:03:02.518+0700] {dag.py:3096} INFO - Sync 1 DAGs
[2025-06-24T01:03:02.531+0700] {logging_mixin.py:188} INFO - [2025-06-24T01:03:02.531+0700] {dag.py:3954} INFO - Setting next_dagrun for tutorial_taskflow_api to None, run_after=None
[2025-06-24T01:03:02.557+0700] {processor.py:183} INFO - Processing /home/panda/Documents/ODAP/Project/venv310/lib/python3.10/site-packages/airflow/example_dags/tutorial_taskflow_api.py took 0.088 seconds
[2025-06-24T01:03:55.354+0700] {processor.py:161} INFO - Started process (PID=28695) to work on /home/panda/Documents/ODAP/Project/venv310/lib/python3.10/site-packages/airflow/example_dags/tutorial_taskflow_api.py
[2025-06-24T01:03:55.357+0700] {processor.py:830} INFO - Processing file /home/panda/Documents/ODAP/Project/venv310/lib/python3.10/site-packages/airflow/example_dags/tutorial_taskflow_api.py for tasks to queue
[2025-06-24T01:03:55.358+0700] {logging_mixin.py:188} INFO - [2025-06-24T01:03:55.357+0700] {dagbag.py:540} INFO - Filling up the DagBag from /home/panda/Documents/ODAP/Project/venv310/lib/python3.10/site-packages/airflow/example_dags/tutorial_taskflow_api.py
[2025-06-24T01:03:55.368+0700] {processor.py:840} INFO - DAG(s) 'tutorial_taskflow_api' retrieved from /home/panda/Documents/ODAP/Project/venv310/lib/python3.10/site-packages/airflow/example_dags/tutorial_taskflow_api.py
[2025-06-24T01:03:55.389+0700] {logging_mixin.py:188} INFO - [2025-06-24T01:03:55.389+0700] {dag.py:3096} INFO - Sync 1 DAGs
[2025-06-24T01:03:55.403+0700] {logging_mixin.py:188} INFO - [2025-06-24T01:03:55.402+0700] {dag.py:3954} INFO - Setting next_dagrun for tutorial_taskflow_api to None, run_after=None
[2025-06-24T01:03:55.433+0700] {processor.py:183} INFO - Processing /home/panda/Documents/ODAP/Project/venv310/lib/python3.10/site-packages/airflow/example_dags/tutorial_taskflow_api.py took 0.087 seconds
[2025-06-24T01:09:07.023+0700] {processor.py:161} INFO - Started process (PID=5620) to work on /home/panda/Documents/ODAP/Project/venv310/lib/python3.10/site-packages/airflow/example_dags/tutorial_taskflow_api.py
[2025-06-24T01:09:07.028+0700] {processor.py:830} INFO - Processing file /home/panda/Documents/ODAP/Project/venv310/lib/python3.10/site-packages/airflow/example_dags/tutorial_taskflow_api.py for tasks to queue
[2025-06-24T01:09:07.029+0700] {logging_mixin.py:188} INFO - [2025-06-24T01:09:07.029+0700] {dagbag.py:540} INFO - Filling up the DagBag from /home/panda/Documents/ODAP/Project/venv310/lib/python3.10/site-packages/airflow/example_dags/tutorial_taskflow_api.py
[2025-06-24T01:09:07.037+0700] {processor.py:840} INFO - DAG(s) 'tutorial_taskflow_api' retrieved from /home/panda/Documents/ODAP/Project/venv310/lib/python3.10/site-packages/airflow/example_dags/tutorial_taskflow_api.py
[2025-06-24T01:09:07.063+0700] {logging_mixin.py:188} INFO - [2025-06-24T01:09:07.063+0700] {dag.py:3096} INFO - Sync 1 DAGs
[2025-06-24T01:09:07.078+0700] {logging_mixin.py:188} INFO - [2025-06-24T01:09:07.078+0700] {dag.py:3954} INFO - Setting next_dagrun for tutorial_taskflow_api to None, run_after=None
[2025-06-24T01:09:07.105+0700] {processor.py:183} INFO - Processing /home/panda/Documents/ODAP/Project/venv310/lib/python3.10/site-packages/airflow/example_dags/tutorial_taskflow_api.py took 0.089 seconds
