[2025-06-24T00:01:52.062+0700] {processor.py:161} INFO - Started process (PID=5190) to work on /home/panda/Documents/ODAP/Project/airflow/dags/end_DAG.py
[2025-06-24T00:01:52.063+0700] {processor.py:830} INFO - Processing file /home/panda/Documents/ODAP/Project/airflow/dags/end_DAG.py for tasks to queue
[2025-06-24T00:01:52.066+0700] {logging_mixin.py:188} INFO - [2025-06-24T00:01:52.065+0700] {dagbag.py:540} INFO - Filling up the DagBag from /home/panda/Documents/ODAP/Project/airflow/dags/end_DAG.py
[2025-06-24T00:01:52.082+0700] {logging_mixin.py:188} INFO - [2025-06-24T00:01:52.080+0700] {templater.py:93} ERROR - Failed to resolve template field 'bash_command'
Traceback (most recent call last):
  File "/home/panda/Documents/ODAP/Project/venv310/lib/python3.10/site-packages/airflow/template/templater.py", line 91, in resolve_template_files
    setattr(self, field, env.loader.get_source(env, content)[0])  # type: ignore
  File "/home/panda/Documents/ODAP/Project/venv310/lib/python3.10/site-packages/jinja2/loaders.py", line 204, in get_source
    raise TemplateNotFound(template)
jinja2.exceptions.TemplateNotFound: stop-yarn.sh
[2025-06-24T00:01:52.082+0700] {logging_mixin.py:188} INFO - [2025-06-24T00:01:52.082+0700] {templater.py:93} ERROR - Failed to resolve template field 'bash_command'
Traceback (most recent call last):
  File "/home/panda/Documents/ODAP/Project/venv310/lib/python3.10/site-packages/airflow/template/templater.py", line 91, in resolve_template_files
    setattr(self, field, env.loader.get_source(env, content)[0])  # type: ignore
  File "/home/panda/Documents/ODAP/Project/venv310/lib/python3.10/site-packages/jinja2/loaders.py", line 204, in get_source
    raise TemplateNotFound(template)
jinja2.exceptions.TemplateNotFound: stop-dfs.sh
[2025-06-24T00:01:52.088+0700] {processor.py:840} INFO - DAG(s) 'shutdown_kafka_hadoop' retrieved from /home/panda/Documents/ODAP/Project/airflow/dags/end_DAG.py
[2025-06-24T00:01:52.118+0700] {logging_mixin.py:188} INFO - [2025-06-24T00:01:52.118+0700] {dag.py:3096} INFO - Sync 1 DAGs
[2025-06-24T00:01:52.131+0700] {logging_mixin.py:188} INFO - [2025-06-24T00:01:52.130+0700] {dag.py:3954} INFO - Setting next_dagrun for shutdown_kafka_hadoop to None, run_after=None
[2025-06-24T00:01:52.157+0700] {processor.py:183} INFO - Processing /home/panda/Documents/ODAP/Project/airflow/dags/end_DAG.py took 0.102 seconds
[2025-06-24T00:02:46.706+0700] {processor.py:161} INFO - Started process (PID=6172) to work on /home/panda/Documents/ODAP/Project/airflow/dags/end_DAG.py
[2025-06-24T00:02:46.708+0700] {processor.py:830} INFO - Processing file /home/panda/Documents/ODAP/Project/airflow/dags/end_DAG.py for tasks to queue
[2025-06-24T00:02:46.710+0700] {logging_mixin.py:188} INFO - [2025-06-24T00:02:46.709+0700] {dagbag.py:540} INFO - Filling up the DagBag from /home/panda/Documents/ODAP/Project/airflow/dags/end_DAG.py
[2025-06-24T00:02:46.724+0700] {logging_mixin.py:188} INFO - [2025-06-24T00:02:46.723+0700] {templater.py:93} ERROR - Failed to resolve template field 'bash_command'
Traceback (most recent call last):
  File "/home/panda/Documents/ODAP/Project/venv310/lib/python3.10/site-packages/airflow/template/templater.py", line 91, in resolve_template_files
    setattr(self, field, env.loader.get_source(env, content)[0])  # type: ignore
  File "/home/panda/Documents/ODAP/Project/venv310/lib/python3.10/site-packages/jinja2/loaders.py", line 204, in get_source
    raise TemplateNotFound(template)
jinja2.exceptions.TemplateNotFound: stop-yarn.sh
[2025-06-24T00:02:46.724+0700] {logging_mixin.py:188} INFO - [2025-06-24T00:02:46.724+0700] {templater.py:93} ERROR - Failed to resolve template field 'bash_command'
Traceback (most recent call last):
  File "/home/panda/Documents/ODAP/Project/venv310/lib/python3.10/site-packages/airflow/template/templater.py", line 91, in resolve_template_files
    setattr(self, field, env.loader.get_source(env, content)[0])  # type: ignore
  File "/home/panda/Documents/ODAP/Project/venv310/lib/python3.10/site-packages/jinja2/loaders.py", line 204, in get_source
    raise TemplateNotFound(template)
jinja2.exceptions.TemplateNotFound: stop-dfs.sh
[2025-06-24T00:02:46.725+0700] {processor.py:840} INFO - DAG(s) 'shutdown_kafka_hadoop' retrieved from /home/panda/Documents/ODAP/Project/airflow/dags/end_DAG.py
[2025-06-24T00:02:46.743+0700] {logging_mixin.py:188} INFO - [2025-06-24T00:02:46.743+0700] {dag.py:3096} INFO - Sync 1 DAGs
[2025-06-24T00:02:46.757+0700] {logging_mixin.py:188} INFO - [2025-06-24T00:02:46.756+0700] {dag.py:3954} INFO - Setting next_dagrun for shutdown_kafka_hadoop to None, run_after=None
[2025-06-24T00:02:46.784+0700] {processor.py:183} INFO - Processing /home/panda/Documents/ODAP/Project/airflow/dags/end_DAG.py took 0.086 seconds
[2025-06-24T00:03:34.726+0700] {processor.py:161} INFO - Started process (PID=6353) to work on /home/panda/Documents/ODAP/Project/airflow/dags/end_DAG.py
[2025-06-24T00:03:34.728+0700] {processor.py:830} INFO - Processing file /home/panda/Documents/ODAP/Project/airflow/dags/end_DAG.py for tasks to queue
[2025-06-24T00:03:34.730+0700] {logging_mixin.py:188} INFO - [2025-06-24T00:03:34.730+0700] {dagbag.py:540} INFO - Filling up the DagBag from /home/panda/Documents/ODAP/Project/airflow/dags/end_DAG.py
[2025-06-24T00:03:34.744+0700] {logging_mixin.py:188} INFO - [2025-06-24T00:03:34.743+0700] {templater.py:93} ERROR - Failed to resolve template field 'bash_command'
Traceback (most recent call last):
  File "/home/panda/Documents/ODAP/Project/venv310/lib/python3.10/site-packages/airflow/template/templater.py", line 91, in resolve_template_files
    setattr(self, field, env.loader.get_source(env, content)[0])  # type: ignore
  File "/home/panda/Documents/ODAP/Project/venv310/lib/python3.10/site-packages/jinja2/loaders.py", line 204, in get_source
    raise TemplateNotFound(template)
jinja2.exceptions.TemplateNotFound: stop-yarn.sh
[2025-06-24T00:03:34.745+0700] {logging_mixin.py:188} INFO - [2025-06-24T00:03:34.745+0700] {templater.py:93} ERROR - Failed to resolve template field 'bash_command'
Traceback (most recent call last):
  File "/home/panda/Documents/ODAP/Project/venv310/lib/python3.10/site-packages/airflow/template/templater.py", line 91, in resolve_template_files
    setattr(self, field, env.loader.get_source(env, content)[0])  # type: ignore
  File "/home/panda/Documents/ODAP/Project/venv310/lib/python3.10/site-packages/jinja2/loaders.py", line 204, in get_source
    raise TemplateNotFound(template)
jinja2.exceptions.TemplateNotFound: stop-dfs.sh
[2025-06-24T00:03:34.745+0700] {processor.py:840} INFO - DAG(s) 'shutdown_kafka_hadoop' retrieved from /home/panda/Documents/ODAP/Project/airflow/dags/end_DAG.py
[2025-06-24T00:03:34.764+0700] {logging_mixin.py:188} INFO - [2025-06-24T00:03:34.764+0700] {dag.py:3096} INFO - Sync 1 DAGs
[2025-06-24T00:03:34.777+0700] {logging_mixin.py:188} INFO - [2025-06-24T00:03:34.777+0700] {dag.py:3954} INFO - Setting next_dagrun for shutdown_kafka_hadoop to None, run_after=None
[2025-06-24T00:03:34.806+0700] {processor.py:183} INFO - Processing /home/panda/Documents/ODAP/Project/airflow/dags/end_DAG.py took 0.087 seconds
[2025-06-24T00:04:25.794+0700] {processor.py:161} INFO - Started process (PID=6821) to work on /home/panda/Documents/ODAP/Project/airflow/dags/end_DAG.py
[2025-06-24T00:04:25.798+0700] {processor.py:830} INFO - Processing file /home/panda/Documents/ODAP/Project/airflow/dags/end_DAG.py for tasks to queue
[2025-06-24T00:04:25.800+0700] {logging_mixin.py:188} INFO - [2025-06-24T00:04:25.800+0700] {dagbag.py:540} INFO - Filling up the DagBag from /home/panda/Documents/ODAP/Project/airflow/dags/end_DAG.py
[2025-06-24T00:04:25.814+0700] {logging_mixin.py:188} INFO - [2025-06-24T00:04:25.813+0700] {templater.py:93} ERROR - Failed to resolve template field 'bash_command'
Traceback (most recent call last):
  File "/home/panda/Documents/ODAP/Project/venv310/lib/python3.10/site-packages/airflow/template/templater.py", line 91, in resolve_template_files
    setattr(self, field, env.loader.get_source(env, content)[0])  # type: ignore
  File "/home/panda/Documents/ODAP/Project/venv310/lib/python3.10/site-packages/jinja2/loaders.py", line 204, in get_source
    raise TemplateNotFound(template)
jinja2.exceptions.TemplateNotFound: stop-yarn.sh
[2025-06-24T00:04:25.815+0700] {logging_mixin.py:188} INFO - [2025-06-24T00:04:25.815+0700] {templater.py:93} ERROR - Failed to resolve template field 'bash_command'
Traceback (most recent call last):
  File "/home/panda/Documents/ODAP/Project/venv310/lib/python3.10/site-packages/airflow/template/templater.py", line 91, in resolve_template_files
    setattr(self, field, env.loader.get_source(env, content)[0])  # type: ignore
  File "/home/panda/Documents/ODAP/Project/venv310/lib/python3.10/site-packages/jinja2/loaders.py", line 204, in get_source
    raise TemplateNotFound(template)
jinja2.exceptions.TemplateNotFound: stop-dfs.sh
[2025-06-24T00:04:25.815+0700] {processor.py:840} INFO - DAG(s) 'shutdown_kafka_hadoop' retrieved from /home/panda/Documents/ODAP/Project/airflow/dags/end_DAG.py
[2025-06-24T00:04:25.835+0700] {logging_mixin.py:188} INFO - [2025-06-24T00:04:25.834+0700] {dag.py:3096} INFO - Sync 1 DAGs
[2025-06-24T00:04:25.847+0700] {logging_mixin.py:188} INFO - [2025-06-24T00:04:25.847+0700] {dag.py:3954} INFO - Setting next_dagrun for shutdown_kafka_hadoop to None, run_after=None
[2025-06-24T00:04:25.872+0700] {processor.py:183} INFO - Processing /home/panda/Documents/ODAP/Project/airflow/dags/end_DAG.py took 0.085 seconds
[2025-06-24T00:05:12.715+0700] {processor.py:161} INFO - Started process (PID=7016) to work on /home/panda/Documents/ODAP/Project/airflow/dags/end_DAG.py
[2025-06-24T00:05:12.719+0700] {processor.py:830} INFO - Processing file /home/panda/Documents/ODAP/Project/airflow/dags/end_DAG.py for tasks to queue
[2025-06-24T00:05:12.722+0700] {logging_mixin.py:188} INFO - [2025-06-24T00:05:12.721+0700] {dagbag.py:540} INFO - Filling up the DagBag from /home/panda/Documents/ODAP/Project/airflow/dags/end_DAG.py
[2025-06-24T00:05:12.736+0700] {logging_mixin.py:188} INFO - [2025-06-24T00:05:12.735+0700] {templater.py:93} ERROR - Failed to resolve template field 'bash_command'
Traceback (most recent call last):
  File "/home/panda/Documents/ODAP/Project/venv310/lib/python3.10/site-packages/airflow/template/templater.py", line 91, in resolve_template_files
    setattr(self, field, env.loader.get_source(env, content)[0])  # type: ignore
  File "/home/panda/Documents/ODAP/Project/venv310/lib/python3.10/site-packages/jinja2/loaders.py", line 204, in get_source
    raise TemplateNotFound(template)
jinja2.exceptions.TemplateNotFound: stop-yarn.sh
[2025-06-24T00:05:12.736+0700] {logging_mixin.py:188} INFO - [2025-06-24T00:05:12.736+0700] {templater.py:93} ERROR - Failed to resolve template field 'bash_command'
Traceback (most recent call last):
  File "/home/panda/Documents/ODAP/Project/venv310/lib/python3.10/site-packages/airflow/template/templater.py", line 91, in resolve_template_files
    setattr(self, field, env.loader.get_source(env, content)[0])  # type: ignore
  File "/home/panda/Documents/ODAP/Project/venv310/lib/python3.10/site-packages/jinja2/loaders.py", line 204, in get_source
    raise TemplateNotFound(template)
jinja2.exceptions.TemplateNotFound: stop-dfs.sh
[2025-06-24T00:05:12.737+0700] {processor.py:840} INFO - DAG(s) 'shutdown_kafka_hadoop' retrieved from /home/panda/Documents/ODAP/Project/airflow/dags/end_DAG.py
[2025-06-24T00:05:12.755+0700] {logging_mixin.py:188} INFO - [2025-06-24T00:05:12.755+0700] {dag.py:3096} INFO - Sync 1 DAGs
[2025-06-24T00:05:12.768+0700] {logging_mixin.py:188} INFO - [2025-06-24T00:05:12.768+0700] {dag.py:3954} INFO - Setting next_dagrun for shutdown_kafka_hadoop to None, run_after=None
[2025-06-24T00:05:12.795+0700] {processor.py:183} INFO - Processing /home/panda/Documents/ODAP/Project/airflow/dags/end_DAG.py took 0.089 seconds
[2025-06-24T00:06:58.075+0700] {processor.py:161} INFO - Started process (PID=7983) to work on /home/panda/Documents/ODAP/Project/airflow/dags/end_DAG.py
[2025-06-24T00:06:58.080+0700] {processor.py:830} INFO - Processing file /home/panda/Documents/ODAP/Project/airflow/dags/end_DAG.py for tasks to queue
[2025-06-24T00:06:58.081+0700] {logging_mixin.py:188} INFO - [2025-06-24T00:06:58.081+0700] {dagbag.py:540} INFO - Filling up the DagBag from /home/panda/Documents/ODAP/Project/airflow/dags/end_DAG.py
[2025-06-24T00:06:58.095+0700] {logging_mixin.py:188} INFO - [2025-06-24T00:06:58.094+0700] {templater.py:93} ERROR - Failed to resolve template field 'bash_command'
Traceback (most recent call last):
  File "/home/panda/Documents/ODAP/Project/venv310/lib/python3.10/site-packages/airflow/template/templater.py", line 91, in resolve_template_files
    setattr(self, field, env.loader.get_source(env, content)[0])  # type: ignore
  File "/home/panda/Documents/ODAP/Project/venv310/lib/python3.10/site-packages/jinja2/loaders.py", line 204, in get_source
    raise TemplateNotFound(template)
jinja2.exceptions.TemplateNotFound: stop-yarn.sh
[2025-06-24T00:06:58.096+0700] {logging_mixin.py:188} INFO - [2025-06-24T00:06:58.095+0700] {templater.py:93} ERROR - Failed to resolve template field 'bash_command'
Traceback (most recent call last):
  File "/home/panda/Documents/ODAP/Project/venv310/lib/python3.10/site-packages/airflow/template/templater.py", line 91, in resolve_template_files
    setattr(self, field, env.loader.get_source(env, content)[0])  # type: ignore
  File "/home/panda/Documents/ODAP/Project/venv310/lib/python3.10/site-packages/jinja2/loaders.py", line 204, in get_source
    raise TemplateNotFound(template)
jinja2.exceptions.TemplateNotFound: stop-dfs.sh
[2025-06-24T00:06:58.096+0700] {processor.py:840} INFO - DAG(s) 'shutdown_kafka_hadoop' retrieved from /home/panda/Documents/ODAP/Project/airflow/dags/end_DAG.py
[2025-06-24T00:06:58.128+0700] {logging_mixin.py:188} INFO - [2025-06-24T00:06:58.128+0700] {dag.py:3096} INFO - Sync 1 DAGs
[2025-06-24T00:06:58.142+0700] {logging_mixin.py:188} INFO - [2025-06-24T00:06:58.142+0700] {dag.py:3954} INFO - Setting next_dagrun for shutdown_kafka_hadoop to None, run_after=None
[2025-06-24T00:06:58.172+0700] {processor.py:183} INFO - Processing /home/panda/Documents/ODAP/Project/airflow/dags/end_DAG.py took 0.104 seconds
[2025-06-24T00:07:53.231+0700] {processor.py:161} INFO - Started process (PID=8367) to work on /home/panda/Documents/ODAP/Project/airflow/dags/end_DAG.py
[2025-06-24T00:07:53.234+0700] {processor.py:830} INFO - Processing file /home/panda/Documents/ODAP/Project/airflow/dags/end_DAG.py for tasks to queue
[2025-06-24T00:07:53.235+0700] {logging_mixin.py:188} INFO - [2025-06-24T00:07:53.235+0700] {dagbag.py:540} INFO - Filling up the DagBag from /home/panda/Documents/ODAP/Project/airflow/dags/end_DAG.py
[2025-06-24T00:07:53.247+0700] {logging_mixin.py:188} INFO - [2025-06-24T00:07:53.246+0700] {templater.py:93} ERROR - Failed to resolve template field 'bash_command'
Traceback (most recent call last):
  File "/home/panda/Documents/ODAP/Project/venv310/lib/python3.10/site-packages/airflow/template/templater.py", line 91, in resolve_template_files
    setattr(self, field, env.loader.get_source(env, content)[0])  # type: ignore
  File "/home/panda/Documents/ODAP/Project/venv310/lib/python3.10/site-packages/jinja2/loaders.py", line 204, in get_source
    raise TemplateNotFound(template)
jinja2.exceptions.TemplateNotFound: stop-yarn.sh
[2025-06-24T00:07:53.248+0700] {logging_mixin.py:188} INFO - [2025-06-24T00:07:53.248+0700] {templater.py:93} ERROR - Failed to resolve template field 'bash_command'
Traceback (most recent call last):
  File "/home/panda/Documents/ODAP/Project/venv310/lib/python3.10/site-packages/airflow/template/templater.py", line 91, in resolve_template_files
    setattr(self, field, env.loader.get_source(env, content)[0])  # type: ignore
  File "/home/panda/Documents/ODAP/Project/venv310/lib/python3.10/site-packages/jinja2/loaders.py", line 204, in get_source
    raise TemplateNotFound(template)
jinja2.exceptions.TemplateNotFound: stop-dfs.sh
[2025-06-24T00:07:53.248+0700] {processor.py:840} INFO - DAG(s) 'shutdown_kafka_hadoop' retrieved from /home/panda/Documents/ODAP/Project/airflow/dags/end_DAG.py
[2025-06-24T00:07:53.270+0700] {logging_mixin.py:188} INFO - [2025-06-24T00:07:53.270+0700] {dag.py:3096} INFO - Sync 1 DAGs
[2025-06-24T00:07:53.283+0700] {logging_mixin.py:188} INFO - [2025-06-24T00:07:53.282+0700] {dag.py:3954} INFO - Setting next_dagrun for shutdown_kafka_hadoop to None, run_after=None
[2025-06-24T00:07:53.310+0700] {processor.py:183} INFO - Processing /home/panda/Documents/ODAP/Project/airflow/dags/end_DAG.py took 0.086 seconds
[2025-06-24T00:08:39.108+0700] {processor.py:161} INFO - Started process (PID=10673) to work on /home/panda/Documents/ODAP/Project/airflow/dags/end_DAG.py
[2025-06-24T00:08:39.114+0700] {processor.py:830} INFO - Processing file /home/panda/Documents/ODAP/Project/airflow/dags/end_DAG.py for tasks to queue
[2025-06-24T00:08:39.116+0700] {logging_mixin.py:188} INFO - [2025-06-24T00:08:39.115+0700] {dagbag.py:540} INFO - Filling up the DagBag from /home/panda/Documents/ODAP/Project/airflow/dags/end_DAG.py
[2025-06-24T00:08:39.129+0700] {logging_mixin.py:188} INFO - [2025-06-24T00:08:39.128+0700] {templater.py:93} ERROR - Failed to resolve template field 'bash_command'
Traceback (most recent call last):
  File "/home/panda/Documents/ODAP/Project/venv310/lib/python3.10/site-packages/airflow/template/templater.py", line 91, in resolve_template_files
    setattr(self, field, env.loader.get_source(env, content)[0])  # type: ignore
  File "/home/panda/Documents/ODAP/Project/venv310/lib/python3.10/site-packages/jinja2/loaders.py", line 204, in get_source
    raise TemplateNotFound(template)
jinja2.exceptions.TemplateNotFound: stop-yarn.sh
[2025-06-24T00:08:39.130+0700] {logging_mixin.py:188} INFO - [2025-06-24T00:08:39.129+0700] {templater.py:93} ERROR - Failed to resolve template field 'bash_command'
Traceback (most recent call last):
  File "/home/panda/Documents/ODAP/Project/venv310/lib/python3.10/site-packages/airflow/template/templater.py", line 91, in resolve_template_files
    setattr(self, field, env.loader.get_source(env, content)[0])  # type: ignore
  File "/home/panda/Documents/ODAP/Project/venv310/lib/python3.10/site-packages/jinja2/loaders.py", line 204, in get_source
    raise TemplateNotFound(template)
jinja2.exceptions.TemplateNotFound: stop-dfs.sh
[2025-06-24T00:08:39.130+0700] {processor.py:840} INFO - DAG(s) 'shutdown_kafka_hadoop' retrieved from /home/panda/Documents/ODAP/Project/airflow/dags/end_DAG.py
[2025-06-24T00:08:39.150+0700] {logging_mixin.py:188} INFO - [2025-06-24T00:08:39.150+0700] {dag.py:3096} INFO - Sync 1 DAGs
[2025-06-24T00:08:39.161+0700] {logging_mixin.py:188} INFO - [2025-06-24T00:08:39.161+0700] {dag.py:3954} INFO - Setting next_dagrun for shutdown_kafka_hadoop to None, run_after=None
[2025-06-24T00:08:39.184+0700] {processor.py:183} INFO - Processing /home/panda/Documents/ODAP/Project/airflow/dags/end_DAG.py took 0.082 seconds
[2025-06-24T00:09:17.413+0700] {processor.py:161} INFO - Started process (PID=10780) to work on /home/panda/Documents/ODAP/Project/airflow/dags/end_DAG.py
[2025-06-24T00:09:17.418+0700] {processor.py:830} INFO - Processing file /home/panda/Documents/ODAP/Project/airflow/dags/end_DAG.py for tasks to queue
[2025-06-24T00:09:17.419+0700] {logging_mixin.py:188} INFO - [2025-06-24T00:09:17.419+0700] {dagbag.py:540} INFO - Filling up the DagBag from /home/panda/Documents/ODAP/Project/airflow/dags/end_DAG.py
[2025-06-24T00:09:17.433+0700] {logging_mixin.py:188} INFO - [2025-06-24T00:09:17.432+0700] {templater.py:93} ERROR - Failed to resolve template field 'bash_command'
Traceback (most recent call last):
  File "/home/panda/Documents/ODAP/Project/venv310/lib/python3.10/site-packages/airflow/template/templater.py", line 91, in resolve_template_files
    setattr(self, field, env.loader.get_source(env, content)[0])  # type: ignore
  File "/home/panda/Documents/ODAP/Project/venv310/lib/python3.10/site-packages/jinja2/loaders.py", line 204, in get_source
    raise TemplateNotFound(template)
jinja2.exceptions.TemplateNotFound: stop-yarn.sh
[2025-06-24T00:09:17.434+0700] {logging_mixin.py:188} INFO - [2025-06-24T00:09:17.433+0700] {templater.py:93} ERROR - Failed to resolve template field 'bash_command'
Traceback (most recent call last):
  File "/home/panda/Documents/ODAP/Project/venv310/lib/python3.10/site-packages/airflow/template/templater.py", line 91, in resolve_template_files
    setattr(self, field, env.loader.get_source(env, content)[0])  # type: ignore
  File "/home/panda/Documents/ODAP/Project/venv310/lib/python3.10/site-packages/jinja2/loaders.py", line 204, in get_source
    raise TemplateNotFound(template)
jinja2.exceptions.TemplateNotFound: stop-dfs.sh
[2025-06-24T00:09:17.434+0700] {processor.py:840} INFO - DAG(s) 'shutdown_kafka_hadoop' retrieved from /home/panda/Documents/ODAP/Project/airflow/dags/end_DAG.py
[2025-06-24T00:09:17.456+0700] {logging_mixin.py:188} INFO - [2025-06-24T00:09:17.456+0700] {dag.py:3096} INFO - Sync 1 DAGs
[2025-06-24T00:09:17.468+0700] {logging_mixin.py:188} INFO - [2025-06-24T00:09:17.468+0700] {dag.py:3954} INFO - Setting next_dagrun for shutdown_kafka_hadoop to None, run_after=None
[2025-06-24T00:09:17.491+0700] {processor.py:183} INFO - Processing /home/panda/Documents/ODAP/Project/airflow/dags/end_DAG.py took 0.086 seconds
[2025-06-24T00:10:00.680+0700] {processor.py:161} INFO - Started process (PID=10901) to work on /home/panda/Documents/ODAP/Project/airflow/dags/end_DAG.py
[2025-06-24T00:10:00.685+0700] {processor.py:830} INFO - Processing file /home/panda/Documents/ODAP/Project/airflow/dags/end_DAG.py for tasks to queue
[2025-06-24T00:10:00.686+0700] {logging_mixin.py:188} INFO - [2025-06-24T00:10:00.686+0700] {dagbag.py:540} INFO - Filling up the DagBag from /home/panda/Documents/ODAP/Project/airflow/dags/end_DAG.py
[2025-06-24T00:10:00.699+0700] {logging_mixin.py:188} INFO - [2025-06-24T00:10:00.698+0700] {templater.py:93} ERROR - Failed to resolve template field 'bash_command'
Traceback (most recent call last):
  File "/home/panda/Documents/ODAP/Project/venv310/lib/python3.10/site-packages/airflow/template/templater.py", line 91, in resolve_template_files
    setattr(self, field, env.loader.get_source(env, content)[0])  # type: ignore
  File "/home/panda/Documents/ODAP/Project/venv310/lib/python3.10/site-packages/jinja2/loaders.py", line 204, in get_source
    raise TemplateNotFound(template)
jinja2.exceptions.TemplateNotFound: stop-yarn.sh
[2025-06-24T00:10:00.699+0700] {logging_mixin.py:188} INFO - [2025-06-24T00:10:00.699+0700] {templater.py:93} ERROR - Failed to resolve template field 'bash_command'
Traceback (most recent call last):
  File "/home/panda/Documents/ODAP/Project/venv310/lib/python3.10/site-packages/airflow/template/templater.py", line 91, in resolve_template_files
    setattr(self, field, env.loader.get_source(env, content)[0])  # type: ignore
  File "/home/panda/Documents/ODAP/Project/venv310/lib/python3.10/site-packages/jinja2/loaders.py", line 204, in get_source
    raise TemplateNotFound(template)
jinja2.exceptions.TemplateNotFound: stop-dfs.sh
[2025-06-24T00:10:00.700+0700] {processor.py:840} INFO - DAG(s) 'shutdown_kafka_hadoop' retrieved from /home/panda/Documents/ODAP/Project/airflow/dags/end_DAG.py
[2025-06-24T00:10:00.794+0700] {logging_mixin.py:188} INFO - [2025-06-24T00:10:00.794+0700] {dag.py:3096} INFO - Sync 1 DAGs
[2025-06-24T00:10:00.801+0700] {logging_mixin.py:188} INFO - [2025-06-24T00:10:00.801+0700] {dag.py:3954} INFO - Setting next_dagrun for shutdown_kafka_hadoop to None, run_after=None
[2025-06-24T00:10:00.823+0700] {processor.py:183} INFO - Processing /home/panda/Documents/ODAP/Project/airflow/dags/end_DAG.py took 0.150 seconds
[2025-06-24T00:10:23.715+0700] {processor.py:161} INFO - Started process (PID=10960) to work on /home/panda/Documents/ODAP/Project/airflow/dags/end_DAG.py
[2025-06-24T00:10:23.720+0700] {processor.py:830} INFO - Processing file /home/panda/Documents/ODAP/Project/airflow/dags/end_DAG.py for tasks to queue
[2025-06-24T00:10:23.722+0700] {logging_mixin.py:188} INFO - [2025-06-24T00:10:23.721+0700] {dagbag.py:540} INFO - Filling up the DagBag from /home/panda/Documents/ODAP/Project/airflow/dags/end_DAG.py
[2025-06-24T00:10:23.728+0700] {processor.py:840} INFO - DAG(s) 'shutdown_kafka_hadoop' retrieved from /home/panda/Documents/ODAP/Project/airflow/dags/end_DAG.py
[2025-06-24T00:10:23.739+0700] {logging_mixin.py:188} INFO - [2025-06-24T00:10:23.739+0700] {dag.py:3096} INFO - Sync 1 DAGs
[2025-06-24T00:10:23.753+0700] {logging_mixin.py:188} INFO - [2025-06-24T00:10:23.753+0700] {dag.py:3954} INFO - Setting next_dagrun for shutdown_kafka_hadoop to None, run_after=None
[2025-06-24T00:10:23.779+0700] {processor.py:183} INFO - Processing /home/panda/Documents/ODAP/Project/airflow/dags/end_DAG.py took 0.071 seconds
[2025-06-24T00:11:27.999+0700] {processor.py:161} INFO - Started process (PID=12428) to work on /home/panda/Documents/ODAP/Project/airflow/dags/end_DAG.py
[2025-06-24T00:11:28.005+0700] {processor.py:830} INFO - Processing file /home/panda/Documents/ODAP/Project/airflow/dags/end_DAG.py for tasks to queue
[2025-06-24T00:11:28.006+0700] {logging_mixin.py:188} INFO - [2025-06-24T00:11:28.005+0700] {dagbag.py:540} INFO - Filling up the DagBag from /home/panda/Documents/ODAP/Project/airflow/dags/end_DAG.py
[2025-06-24T00:11:28.012+0700] {processor.py:840} INFO - DAG(s) 'shutdown_kafka_hadoop' retrieved from /home/panda/Documents/ODAP/Project/airflow/dags/end_DAG.py
[2025-06-24T00:11:28.105+0700] {logging_mixin.py:188} INFO - [2025-06-24T00:11:28.105+0700] {dag.py:3096} INFO - Sync 1 DAGs
[2025-06-24T00:11:28.115+0700] {logging_mixin.py:188} INFO - [2025-06-24T00:11:28.115+0700] {dag.py:3954} INFO - Setting next_dagrun for shutdown_kafka_hadoop to None, run_after=None
[2025-06-24T00:11:28.151+0700] {processor.py:183} INFO - Processing /home/panda/Documents/ODAP/Project/airflow/dags/end_DAG.py took 0.158 seconds
[2025-06-24T00:12:04.146+0700] {processor.py:161} INFO - Started process (PID=12568) to work on /home/panda/Documents/ODAP/Project/airflow/dags/end_DAG.py
[2025-06-24T00:12:04.151+0700] {processor.py:830} INFO - Processing file /home/panda/Documents/ODAP/Project/airflow/dags/end_DAG.py for tasks to queue
[2025-06-24T00:12:04.152+0700] {logging_mixin.py:188} INFO - [2025-06-24T00:12:04.152+0700] {dagbag.py:540} INFO - Filling up the DagBag from /home/panda/Documents/ODAP/Project/airflow/dags/end_DAG.py
[2025-06-24T00:12:04.158+0700] {processor.py:840} INFO - DAG(s) 'shutdown_kafka_hadoop' retrieved from /home/panda/Documents/ODAP/Project/airflow/dags/end_DAG.py
[2025-06-24T00:12:04.177+0700] {logging_mixin.py:188} INFO - [2025-06-24T00:12:04.177+0700] {dag.py:3096} INFO - Sync 1 DAGs
[2025-06-24T00:12:04.190+0700] {logging_mixin.py:188} INFO - [2025-06-24T00:12:04.190+0700] {dag.py:3954} INFO - Setting next_dagrun for shutdown_kafka_hadoop to None, run_after=None
[2025-06-24T00:12:04.213+0700] {processor.py:183} INFO - Processing /home/panda/Documents/ODAP/Project/airflow/dags/end_DAG.py took 0.074 seconds
[2025-06-24T00:12:48.585+0700] {processor.py:161} INFO - Started process (PID=12713) to work on /home/panda/Documents/ODAP/Project/airflow/dags/end_DAG.py
[2025-06-24T00:12:48.590+0700] {processor.py:830} INFO - Processing file /home/panda/Documents/ODAP/Project/airflow/dags/end_DAG.py for tasks to queue
[2025-06-24T00:12:48.591+0700] {logging_mixin.py:188} INFO - [2025-06-24T00:12:48.590+0700] {dagbag.py:540} INFO - Filling up the DagBag from /home/panda/Documents/ODAP/Project/airflow/dags/end_DAG.py
[2025-06-24T00:12:48.597+0700] {processor.py:840} INFO - DAG(s) 'shutdown_kafka_hadoop' retrieved from /home/panda/Documents/ODAP/Project/airflow/dags/end_DAG.py
[2025-06-24T00:12:48.615+0700] {logging_mixin.py:188} INFO - [2025-06-24T00:12:48.615+0700] {dag.py:3096} INFO - Sync 1 DAGs
[2025-06-24T00:12:48.627+0700] {logging_mixin.py:188} INFO - [2025-06-24T00:12:48.627+0700] {dag.py:3954} INFO - Setting next_dagrun for shutdown_kafka_hadoop to None, run_after=None
[2025-06-24T00:12:48.655+0700] {processor.py:183} INFO - Processing /home/panda/Documents/ODAP/Project/airflow/dags/end_DAG.py took 0.077 seconds
[2025-06-24T00:13:34.912+0700] {processor.py:161} INFO - Started process (PID=12871) to work on /home/panda/Documents/ODAP/Project/airflow/dags/end_DAG.py
[2025-06-24T00:13:34.917+0700] {processor.py:830} INFO - Processing file /home/panda/Documents/ODAP/Project/airflow/dags/end_DAG.py for tasks to queue
[2025-06-24T00:13:34.918+0700] {logging_mixin.py:188} INFO - [2025-06-24T00:13:34.918+0700] {dagbag.py:540} INFO - Filling up the DagBag from /home/panda/Documents/ODAP/Project/airflow/dags/end_DAG.py
[2025-06-24T00:13:34.925+0700] {processor.py:840} INFO - DAG(s) 'shutdown_kafka_hadoop' retrieved from /home/panda/Documents/ODAP/Project/airflow/dags/end_DAG.py
[2025-06-24T00:13:34.945+0700] {logging_mixin.py:188} INFO - [2025-06-24T00:13:34.945+0700] {dag.py:3096} INFO - Sync 1 DAGs
[2025-06-24T00:13:34.957+0700] {logging_mixin.py:188} INFO - [2025-06-24T00:13:34.956+0700] {dag.py:3954} INFO - Setting next_dagrun for shutdown_kafka_hadoop to None, run_after=None
[2025-06-24T00:13:34.979+0700] {processor.py:183} INFO - Processing /home/panda/Documents/ODAP/Project/airflow/dags/end_DAG.py took 0.074 seconds
[2025-06-24T00:14:19.253+0700] {processor.py:161} INFO - Started process (PID=13116) to work on /home/panda/Documents/ODAP/Project/airflow/dags/end_DAG.py
[2025-06-24T00:14:19.259+0700] {processor.py:830} INFO - Processing file /home/panda/Documents/ODAP/Project/airflow/dags/end_DAG.py for tasks to queue
[2025-06-24T00:14:19.260+0700] {logging_mixin.py:188} INFO - [2025-06-24T00:14:19.260+0700] {dagbag.py:540} INFO - Filling up the DagBag from /home/panda/Documents/ODAP/Project/airflow/dags/end_DAG.py
[2025-06-24T00:14:19.267+0700] {processor.py:840} INFO - DAG(s) 'shutdown_kafka_hadoop' retrieved from /home/panda/Documents/ODAP/Project/airflow/dags/end_DAG.py
[2025-06-24T00:14:19.286+0700] {logging_mixin.py:188} INFO - [2025-06-24T00:14:19.286+0700] {dag.py:3096} INFO - Sync 1 DAGs
[2025-06-24T00:14:19.299+0700] {logging_mixin.py:188} INFO - [2025-06-24T00:14:19.299+0700] {dag.py:3954} INFO - Setting next_dagrun for shutdown_kafka_hadoop to None, run_after=None
[2025-06-24T00:14:19.331+0700] {processor.py:183} INFO - Processing /home/panda/Documents/ODAP/Project/airflow/dags/end_DAG.py took 0.085 seconds
[2025-06-24T00:15:01.622+0700] {processor.py:161} INFO - Started process (PID=13300) to work on /home/panda/Documents/ODAP/Project/airflow/dags/end_DAG.py
[2025-06-24T00:15:01.623+0700] {processor.py:830} INFO - Processing file /home/panda/Documents/ODAP/Project/airflow/dags/end_DAG.py for tasks to queue
[2025-06-24T00:15:01.625+0700] {logging_mixin.py:188} INFO - [2025-06-24T00:15:01.624+0700] {dagbag.py:540} INFO - Filling up the DagBag from /home/panda/Documents/ODAP/Project/airflow/dags/end_DAG.py
[2025-06-24T00:15:01.631+0700] {processor.py:840} INFO - DAG(s) 'shutdown_kafka_hadoop' retrieved from /home/panda/Documents/ODAP/Project/airflow/dags/end_DAG.py
[2025-06-24T00:15:01.661+0700] {logging_mixin.py:188} INFO - [2025-06-24T00:15:01.660+0700] {dag.py:3096} INFO - Sync 1 DAGs
[2025-06-24T00:15:01.677+0700] {logging_mixin.py:188} INFO - [2025-06-24T00:15:01.677+0700] {dag.py:3954} INFO - Setting next_dagrun for shutdown_kafka_hadoop to None, run_after=None
[2025-06-24T00:15:01.707+0700] {processor.py:183} INFO - Processing /home/panda/Documents/ODAP/Project/airflow/dags/end_DAG.py took 0.095 seconds
[2025-06-24T00:21:02.057+0700] {processor.py:161} INFO - Started process (PID=15761) to work on /home/panda/Documents/ODAP/Project/airflow/dags/end_DAG.py
[2025-06-24T00:21:02.060+0700] {processor.py:830} INFO - Processing file /home/panda/Documents/ODAP/Project/airflow/dags/end_DAG.py for tasks to queue
[2025-06-24T00:21:02.061+0700] {logging_mixin.py:188} INFO - [2025-06-24T00:21:02.060+0700] {dagbag.py:540} INFO - Filling up the DagBag from /home/panda/Documents/ODAP/Project/airflow/dags/end_DAG.py
[2025-06-24T00:21:02.068+0700] {processor.py:840} INFO - DAG(s) 'shutdown_kafka_hadoop' retrieved from /home/panda/Documents/ODAP/Project/airflow/dags/end_DAG.py
[2025-06-24T00:21:02.094+0700] {logging_mixin.py:188} INFO - [2025-06-24T00:21:02.094+0700] {dag.py:3096} INFO - Sync 1 DAGs
[2025-06-24T00:21:02.106+0700] {logging_mixin.py:188} INFO - [2025-06-24T00:21:02.106+0700] {dag.py:3954} INFO - Setting next_dagrun for shutdown_kafka_hadoop to None, run_after=None
[2025-06-24T00:21:02.134+0700] {processor.py:183} INFO - Processing /home/panda/Documents/ODAP/Project/airflow/dags/end_DAG.py took 0.084 seconds
[2025-06-24T00:22:02.737+0700] {processor.py:161} INFO - Started process (PID=16685) to work on /home/panda/Documents/ODAP/Project/airflow/dags/end_DAG.py
[2025-06-24T00:22:02.742+0700] {processor.py:830} INFO - Processing file /home/panda/Documents/ODAP/Project/airflow/dags/end_DAG.py for tasks to queue
[2025-06-24T00:22:02.743+0700] {logging_mixin.py:188} INFO - [2025-06-24T00:22:02.742+0700] {dagbag.py:540} INFO - Filling up the DagBag from /home/panda/Documents/ODAP/Project/airflow/dags/end_DAG.py
[2025-06-24T00:22:02.750+0700] {processor.py:840} INFO - DAG(s) 'shutdown_kafka_hadoop' retrieved from /home/panda/Documents/ODAP/Project/airflow/dags/end_DAG.py
[2025-06-24T00:22:02.771+0700] {logging_mixin.py:188} INFO - [2025-06-24T00:22:02.770+0700] {dag.py:3096} INFO - Sync 1 DAGs
[2025-06-24T00:22:02.784+0700] {logging_mixin.py:188} INFO - [2025-06-24T00:22:02.784+0700] {dag.py:3954} INFO - Setting next_dagrun for shutdown_kafka_hadoop to None, run_after=None
[2025-06-24T00:22:02.811+0700] {processor.py:183} INFO - Processing /home/panda/Documents/ODAP/Project/airflow/dags/end_DAG.py took 0.082 seconds
[2025-06-24T00:23:02.868+0700] {processor.py:161} INFO - Started process (PID=18102) to work on /home/panda/Documents/ODAP/Project/airflow/dags/end_DAG.py
[2025-06-24T00:23:02.873+0700] {processor.py:830} INFO - Processing file /home/panda/Documents/ODAP/Project/airflow/dags/end_DAG.py for tasks to queue
[2025-06-24T00:23:02.875+0700] {logging_mixin.py:188} INFO - [2025-06-24T00:23:02.874+0700] {dagbag.py:540} INFO - Filling up the DagBag from /home/panda/Documents/ODAP/Project/airflow/dags/end_DAG.py
[2025-06-24T00:23:02.882+0700] {processor.py:840} INFO - DAG(s) 'shutdown_kafka_hadoop' retrieved from /home/panda/Documents/ODAP/Project/airflow/dags/end_DAG.py
[2025-06-24T00:23:02.900+0700] {logging_mixin.py:188} INFO - [2025-06-24T00:23:02.900+0700] {dag.py:3096} INFO - Sync 1 DAGs
[2025-06-24T00:23:02.912+0700] {logging_mixin.py:188} INFO - [2025-06-24T00:23:02.912+0700] {dag.py:3954} INFO - Setting next_dagrun for shutdown_kafka_hadoop to None, run_after=None
[2025-06-24T00:23:02.936+0700] {processor.py:183} INFO - Processing /home/panda/Documents/ODAP/Project/airflow/dags/end_DAG.py took 0.076 seconds
[2025-06-24T00:33:20.814+0700] {processor.py:161} INFO - Started process (PID=20122) to work on /home/panda/Documents/ODAP/Project/airflow/dags/end_DAG.py
[2025-06-24T00:33:20.820+0700] {processor.py:830} INFO - Processing file /home/panda/Documents/ODAP/Project/airflow/dags/end_DAG.py for tasks to queue
[2025-06-24T00:33:20.822+0700] {logging_mixin.py:188} INFO - [2025-06-24T00:33:20.821+0700] {dagbag.py:540} INFO - Filling up the DagBag from /home/panda/Documents/ODAP/Project/airflow/dags/end_DAG.py
[2025-06-24T00:33:20.829+0700] {processor.py:840} INFO - DAG(s) 'shutdown_kafka_hadoop' retrieved from /home/panda/Documents/ODAP/Project/airflow/dags/end_DAG.py
[2025-06-24T00:33:20.857+0700] {logging_mixin.py:188} INFO - [2025-06-24T00:33:20.856+0700] {dag.py:3096} INFO - Sync 1 DAGs
[2025-06-24T00:33:20.872+0700] {logging_mixin.py:188} INFO - [2025-06-24T00:33:20.872+0700] {dag.py:3954} INFO - Setting next_dagrun for shutdown_kafka_hadoop to None, run_after=None
[2025-06-24T00:33:20.897+0700] {processor.py:183} INFO - Processing /home/panda/Documents/ODAP/Project/airflow/dags/end_DAG.py took 0.090 seconds
[2025-06-24T00:34:15.853+0700] {processor.py:161} INFO - Started process (PID=20354) to work on /home/panda/Documents/ODAP/Project/airflow/dags/end_DAG.py
[2025-06-24T00:34:15.857+0700] {processor.py:830} INFO - Processing file /home/panda/Documents/ODAP/Project/airflow/dags/end_DAG.py for tasks to queue
[2025-06-24T00:34:15.859+0700] {logging_mixin.py:188} INFO - [2025-06-24T00:34:15.858+0700] {dagbag.py:540} INFO - Filling up the DagBag from /home/panda/Documents/ODAP/Project/airflow/dags/end_DAG.py
[2025-06-24T00:34:15.865+0700] {processor.py:840} INFO - DAG(s) 'shutdown_kafka_hadoop' retrieved from /home/panda/Documents/ODAP/Project/airflow/dags/end_DAG.py
[2025-06-24T00:34:15.884+0700] {logging_mixin.py:188} INFO - [2025-06-24T00:34:15.884+0700] {dag.py:3096} INFO - Sync 1 DAGs
[2025-06-24T00:34:15.896+0700] {logging_mixin.py:188} INFO - [2025-06-24T00:34:15.896+0700] {dag.py:3954} INFO - Setting next_dagrun for shutdown_kafka_hadoop to None, run_after=None
[2025-06-24T00:34:15.923+0700] {processor.py:183} INFO - Processing /home/panda/Documents/ODAP/Project/airflow/dags/end_DAG.py took 0.078 seconds
[2025-06-24T00:35:02.765+0700] {processor.py:161} INFO - Started process (PID=20487) to work on /home/panda/Documents/ODAP/Project/airflow/dags/end_DAG.py
[2025-06-24T00:35:02.770+0700] {processor.py:830} INFO - Processing file /home/panda/Documents/ODAP/Project/airflow/dags/end_DAG.py for tasks to queue
[2025-06-24T00:35:02.771+0700] {logging_mixin.py:188} INFO - [2025-06-24T00:35:02.771+0700] {dagbag.py:540} INFO - Filling up the DagBag from /home/panda/Documents/ODAP/Project/airflow/dags/end_DAG.py
[2025-06-24T00:35:02.777+0700] {processor.py:840} INFO - DAG(s) 'shutdown_kafka_hadoop' retrieved from /home/panda/Documents/ODAP/Project/airflow/dags/end_DAG.py
[2025-06-24T00:35:02.796+0700] {logging_mixin.py:188} INFO - [2025-06-24T00:35:02.796+0700] {dag.py:3096} INFO - Sync 1 DAGs
[2025-06-24T00:35:02.809+0700] {logging_mixin.py:188} INFO - [2025-06-24T00:35:02.809+0700] {dag.py:3954} INFO - Setting next_dagrun for shutdown_kafka_hadoop to None, run_after=None
[2025-06-24T00:35:02.835+0700] {processor.py:183} INFO - Processing /home/panda/Documents/ODAP/Project/airflow/dags/end_DAG.py took 0.077 seconds
[2025-06-24T00:35:50.470+0700] {processor.py:161} INFO - Started process (PID=20634) to work on /home/panda/Documents/ODAP/Project/airflow/dags/end_DAG.py
[2025-06-24T00:35:50.476+0700] {processor.py:830} INFO - Processing file /home/panda/Documents/ODAP/Project/airflow/dags/end_DAG.py for tasks to queue
[2025-06-24T00:35:50.477+0700] {logging_mixin.py:188} INFO - [2025-06-24T00:35:50.477+0700] {dagbag.py:540} INFO - Filling up the DagBag from /home/panda/Documents/ODAP/Project/airflow/dags/end_DAG.py
[2025-06-24T00:35:50.484+0700] {processor.py:840} INFO - DAG(s) 'shutdown_kafka_hadoop' retrieved from /home/panda/Documents/ODAP/Project/airflow/dags/end_DAG.py
[2025-06-24T00:35:50.505+0700] {logging_mixin.py:188} INFO - [2025-06-24T00:35:50.505+0700] {dag.py:3096} INFO - Sync 1 DAGs
[2025-06-24T00:35:50.520+0700] {logging_mixin.py:188} INFO - [2025-06-24T00:35:50.520+0700] {dag.py:3954} INFO - Setting next_dagrun for shutdown_kafka_hadoop to None, run_after=None
[2025-06-24T00:35:50.542+0700] {processor.py:183} INFO - Processing /home/panda/Documents/ODAP/Project/airflow/dags/end_DAG.py took 0.079 seconds
[2025-06-24T00:36:35.687+0700] {processor.py:161} INFO - Started process (PID=20975) to work on /home/panda/Documents/ODAP/Project/airflow/dags/end_DAG.py
[2025-06-24T00:36:35.692+0700] {processor.py:830} INFO - Processing file /home/panda/Documents/ODAP/Project/airflow/dags/end_DAG.py for tasks to queue
[2025-06-24T00:36:35.693+0700] {logging_mixin.py:188} INFO - [2025-06-24T00:36:35.693+0700] {dagbag.py:540} INFO - Filling up the DagBag from /home/panda/Documents/ODAP/Project/airflow/dags/end_DAG.py
[2025-06-24T00:36:35.699+0700] {processor.py:840} INFO - DAG(s) 'shutdown_kafka_hadoop' retrieved from /home/panda/Documents/ODAP/Project/airflow/dags/end_DAG.py
[2025-06-24T00:36:35.718+0700] {logging_mixin.py:188} INFO - [2025-06-24T00:36:35.717+0700] {dag.py:3096} INFO - Sync 1 DAGs
[2025-06-24T00:36:35.730+0700] {logging_mixin.py:188} INFO - [2025-06-24T00:36:35.730+0700] {dag.py:3954} INFO - Setting next_dagrun for shutdown_kafka_hadoop to None, run_after=None
[2025-06-24T00:36:35.758+0700] {processor.py:183} INFO - Processing /home/panda/Documents/ODAP/Project/airflow/dags/end_DAG.py took 0.078 seconds
[2025-06-24T00:52:18.866+0700] {processor.py:161} INFO - Started process (PID=24928) to work on /home/panda/Documents/ODAP/Project/airflow/dags/end_DAG.py
[2025-06-24T00:52:18.868+0700] {processor.py:830} INFO - Processing file /home/panda/Documents/ODAP/Project/airflow/dags/end_DAG.py for tasks to queue
[2025-06-24T00:52:18.869+0700] {logging_mixin.py:188} INFO - [2025-06-24T00:52:18.869+0700] {dagbag.py:540} INFO - Filling up the DagBag from /home/panda/Documents/ODAP/Project/airflow/dags/end_DAG.py
[2025-06-24T00:52:18.874+0700] {processor.py:840} INFO - DAG(s) 'shutdown_kafka_hadoop' retrieved from /home/panda/Documents/ODAP/Project/airflow/dags/end_DAG.py
[2025-06-24T00:52:18.903+0700] {logging_mixin.py:188} INFO - [2025-06-24T00:52:18.902+0700] {dag.py:3096} INFO - Sync 1 DAGs
[2025-06-24T00:52:18.916+0700] {logging_mixin.py:188} INFO - [2025-06-24T00:52:18.916+0700] {dag.py:3954} INFO - Setting next_dagrun for shutdown_kafka_hadoop to None, run_after=None
[2025-06-24T00:52:18.949+0700] {processor.py:183} INFO - Processing /home/panda/Documents/ODAP/Project/airflow/dags/end_DAG.py took 0.090 seconds
[2025-06-24T00:53:14.063+0700] {processor.py:161} INFO - Started process (PID=25246) to work on /home/panda/Documents/ODAP/Project/airflow/dags/end_DAG.py
[2025-06-24T00:53:14.066+0700] {processor.py:830} INFO - Processing file /home/panda/Documents/ODAP/Project/airflow/dags/end_DAG.py for tasks to queue
[2025-06-24T00:53:14.067+0700] {logging_mixin.py:188} INFO - [2025-06-24T00:53:14.067+0700] {dagbag.py:540} INFO - Filling up the DagBag from /home/panda/Documents/ODAP/Project/airflow/dags/end_DAG.py
[2025-06-24T00:53:14.074+0700] {processor.py:840} INFO - DAG(s) 'shutdown_kafka_hadoop' retrieved from /home/panda/Documents/ODAP/Project/airflow/dags/end_DAG.py
[2025-06-24T00:53:14.095+0700] {logging_mixin.py:188} INFO - [2025-06-24T00:53:14.095+0700] {dag.py:3096} INFO - Sync 1 DAGs
[2025-06-24T00:53:14.110+0700] {logging_mixin.py:188} INFO - [2025-06-24T00:53:14.110+0700] {dag.py:3954} INFO - Setting next_dagrun for shutdown_kafka_hadoop to None, run_after=None
[2025-06-24T00:53:14.139+0700] {processor.py:183} INFO - Processing /home/panda/Documents/ODAP/Project/airflow/dags/end_DAG.py took 0.083 seconds
[2025-06-24T00:54:01.998+0700] {processor.py:161} INFO - Started process (PID=25498) to work on /home/panda/Documents/ODAP/Project/airflow/dags/end_DAG.py
[2025-06-24T00:54:02.000+0700] {processor.py:830} INFO - Processing file /home/panda/Documents/ODAP/Project/airflow/dags/end_DAG.py for tasks to queue
[2025-06-24T00:54:02.001+0700] {logging_mixin.py:188} INFO - [2025-06-24T00:54:02.001+0700] {dagbag.py:540} INFO - Filling up the DagBag from /home/panda/Documents/ODAP/Project/airflow/dags/end_DAG.py
[2025-06-24T00:54:02.007+0700] {processor.py:840} INFO - DAG(s) 'shutdown_kafka_hadoop' retrieved from /home/panda/Documents/ODAP/Project/airflow/dags/end_DAG.py
[2025-06-24T00:54:02.026+0700] {logging_mixin.py:188} INFO - [2025-06-24T00:54:02.026+0700] {dag.py:3096} INFO - Sync 1 DAGs
[2025-06-24T00:54:02.038+0700] {logging_mixin.py:188} INFO - [2025-06-24T00:54:02.038+0700] {dag.py:3954} INFO - Setting next_dagrun for shutdown_kafka_hadoop to None, run_after=None
[2025-06-24T00:54:02.068+0700] {processor.py:183} INFO - Processing /home/panda/Documents/ODAP/Project/airflow/dags/end_DAG.py took 0.078 seconds
[2025-06-24T00:54:48.572+0700] {processor.py:161} INFO - Started process (PID=25684) to work on /home/panda/Documents/ODAP/Project/airflow/dags/end_DAG.py
[2025-06-24T00:54:48.577+0700] {processor.py:830} INFO - Processing file /home/panda/Documents/ODAP/Project/airflow/dags/end_DAG.py for tasks to queue
[2025-06-24T00:54:48.578+0700] {logging_mixin.py:188} INFO - [2025-06-24T00:54:48.577+0700] {dagbag.py:540} INFO - Filling up the DagBag from /home/panda/Documents/ODAP/Project/airflow/dags/end_DAG.py
[2025-06-24T00:54:48.584+0700] {processor.py:840} INFO - DAG(s) 'shutdown_kafka_hadoop' retrieved from /home/panda/Documents/ODAP/Project/airflow/dags/end_DAG.py
[2025-06-24T00:54:48.605+0700] {logging_mixin.py:188} INFO - [2025-06-24T00:54:48.605+0700] {dag.py:3096} INFO - Sync 1 DAGs
[2025-06-24T00:54:48.618+0700] {logging_mixin.py:188} INFO - [2025-06-24T00:54:48.618+0700] {dag.py:3954} INFO - Setting next_dagrun for shutdown_kafka_hadoop to None, run_after=None
[2025-06-24T00:54:48.647+0700] {processor.py:183} INFO - Processing /home/panda/Documents/ODAP/Project/airflow/dags/end_DAG.py took 0.083 seconds
[2025-06-24T01:02:53.792+0700] {processor.py:161} INFO - Started process (PID=28465) to work on /home/panda/Documents/ODAP/Project/airflow/dags/end_DAG.py
[2025-06-24T01:02:53.795+0700] {processor.py:830} INFO - Processing file /home/panda/Documents/ODAP/Project/airflow/dags/end_DAG.py for tasks to queue
[2025-06-24T01:02:53.796+0700] {logging_mixin.py:188} INFO - [2025-06-24T01:02:53.795+0700] {dagbag.py:540} INFO - Filling up the DagBag from /home/panda/Documents/ODAP/Project/airflow/dags/end_DAG.py
[2025-06-24T01:02:53.803+0700] {processor.py:840} INFO - DAG(s) 'shutdown_kafka_hadoop' retrieved from /home/panda/Documents/ODAP/Project/airflow/dags/end_DAG.py
[2025-06-24T01:02:53.833+0700] {logging_mixin.py:188} INFO - [2025-06-24T01:02:53.832+0700] {dag.py:3096} INFO - Sync 1 DAGs
[2025-06-24T01:02:53.847+0700] {logging_mixin.py:188} INFO - [2025-06-24T01:02:53.846+0700] {dag.py:3954} INFO - Setting next_dagrun for shutdown_kafka_hadoop to None, run_after=None
[2025-06-24T01:02:53.881+0700] {processor.py:183} INFO - Processing /home/panda/Documents/ODAP/Project/airflow/dags/end_DAG.py took 0.098 seconds
[2025-06-24T01:03:48.577+0700] {processor.py:161} INFO - Started process (PID=28663) to work on /home/panda/Documents/ODAP/Project/airflow/dags/end_DAG.py
[2025-06-24T01:03:48.582+0700] {processor.py:830} INFO - Processing file /home/panda/Documents/ODAP/Project/airflow/dags/end_DAG.py for tasks to queue
[2025-06-24T01:03:48.583+0700] {logging_mixin.py:188} INFO - [2025-06-24T01:03:48.583+0700] {dagbag.py:540} INFO - Filling up the DagBag from /home/panda/Documents/ODAP/Project/airflow/dags/end_DAG.py
[2025-06-24T01:03:48.589+0700] {processor.py:840} INFO - DAG(s) 'shutdown_kafka_hadoop' retrieved from /home/panda/Documents/ODAP/Project/airflow/dags/end_DAG.py
[2025-06-24T01:03:48.610+0700] {logging_mixin.py:188} INFO - [2025-06-24T01:03:48.609+0700] {dag.py:3096} INFO - Sync 1 DAGs
[2025-06-24T01:03:48.623+0700] {logging_mixin.py:188} INFO - [2025-06-24T01:03:48.623+0700] {dag.py:3954} INFO - Setting next_dagrun for shutdown_kafka_hadoop to None, run_after=None
[2025-06-24T01:03:48.656+0700] {processor.py:183} INFO - Processing /home/panda/Documents/ODAP/Project/airflow/dags/end_DAG.py took 0.087 seconds
[2025-06-24T01:04:34.189+0700] {processor.py:161} INFO - Started process (PID=28951) to work on /home/panda/Documents/ODAP/Project/airflow/dags/end_DAG.py
[2025-06-24T01:04:34.194+0700] {processor.py:830} INFO - Processing file /home/panda/Documents/ODAP/Project/airflow/dags/end_DAG.py for tasks to queue
[2025-06-24T01:04:34.196+0700] {logging_mixin.py:188} INFO - [2025-06-24T01:04:34.195+0700] {dagbag.py:540} INFO - Filling up the DagBag from /home/panda/Documents/ODAP/Project/airflow/dags/end_DAG.py
[2025-06-24T01:04:34.202+0700] {processor.py:840} INFO - DAG(s) 'shutdown_kafka_hadoop' retrieved from /home/panda/Documents/ODAP/Project/airflow/dags/end_DAG.py
[2025-06-24T01:04:34.223+0700] {logging_mixin.py:188} INFO - [2025-06-24T01:04:34.222+0700] {dag.py:3096} INFO - Sync 1 DAGs
[2025-06-24T01:04:34.236+0700] {logging_mixin.py:188} INFO - [2025-06-24T01:04:34.236+0700] {dag.py:3954} INFO - Setting next_dagrun for shutdown_kafka_hadoop to None, run_after=None
[2025-06-24T01:04:34.269+0700] {processor.py:183} INFO - Processing /home/panda/Documents/ODAP/Project/airflow/dags/end_DAG.py took 0.087 seconds
[2025-06-24T01:08:58.491+0700] {processor.py:161} INFO - Started process (PID=5604) to work on /home/panda/Documents/ODAP/Project/airflow/dags/end_DAG.py
[2025-06-24T01:08:58.496+0700] {processor.py:830} INFO - Processing file /home/panda/Documents/ODAP/Project/airflow/dags/end_DAG.py for tasks to queue
[2025-06-24T01:08:58.497+0700] {logging_mixin.py:188} INFO - [2025-06-24T01:08:58.497+0700] {dagbag.py:540} INFO - Filling up the DagBag from /home/panda/Documents/ODAP/Project/airflow/dags/end_DAG.py
[2025-06-24T01:08:58.503+0700] {processor.py:840} INFO - DAG(s) 'shutdown_kafka_hadoop' retrieved from /home/panda/Documents/ODAP/Project/airflow/dags/end_DAG.py
[2025-06-24T01:08:58.529+0700] {logging_mixin.py:188} INFO - [2025-06-24T01:08:58.529+0700] {dag.py:3096} INFO - Sync 1 DAGs
[2025-06-24T01:08:58.540+0700] {logging_mixin.py:188} INFO - [2025-06-24T01:08:58.540+0700] {dag.py:3954} INFO - Setting next_dagrun for shutdown_kafka_hadoop to None, run_after=None
[2025-06-24T01:08:58.573+0700] {processor.py:183} INFO - Processing /home/panda/Documents/ODAP/Project/airflow/dags/end_DAG.py took 0.089 seconds
