[2025-06-24T00:01:50.880+0700] {processor.py:161} INFO - Started process (PID=5183) to work on /home/panda/Documents/ODAP/Project/airflow/dags/start_DAG.py
[2025-06-24T00:01:50.881+0700] {processor.py:830} INFO - Processing file /home/panda/Documents/ODAP/Project/airflow/dags/start_DAG.py for tasks to queue
[2025-06-24T00:01:50.883+0700] {logging_mixin.py:188} INFO - [2025-06-24T00:01:50.882+0700] {dagbag.py:540} INFO - Filling up the DagBag from /home/panda/Documents/ODAP/Project/airflow/dags/start_DAG.py
[2025-06-24T00:01:50.894+0700] {processor.py:840} INFO - DAG(s) 'start_kafka_hadoop_and_run_notebooks' retrieved from /home/panda/Documents/ODAP/Project/airflow/dags/start_DAG.py
[2025-06-24T00:01:50.920+0700] {logging_mixin.py:188} INFO - [2025-06-24T00:01:50.920+0700] {dag.py:3096} INFO - Sync 1 DAGs
[2025-06-24T00:01:50.932+0700] {logging_mixin.py:188} INFO - [2025-06-24T00:01:50.931+0700] {dag.py:3954} INFO - Setting next_dagrun for start_kafka_hadoop_and_run_notebooks to None, run_after=None
[2025-06-24T00:01:50.957+0700] {processor.py:183} INFO - Processing /home/panda/Documents/ODAP/Project/airflow/dags/start_DAG.py took 0.084 seconds
[2025-06-24T00:02:45.563+0700] {processor.py:161} INFO - Started process (PID=6165) to work on /home/panda/Documents/ODAP/Project/airflow/dags/start_DAG.py
[2025-06-24T00:02:45.568+0700] {processor.py:830} INFO - Processing file /home/panda/Documents/ODAP/Project/airflow/dags/start_DAG.py for tasks to queue
[2025-06-24T00:02:45.570+0700] {logging_mixin.py:188} INFO - [2025-06-24T00:02:45.569+0700] {dagbag.py:540} INFO - Filling up the DagBag from /home/panda/Documents/ODAP/Project/airflow/dags/start_DAG.py
[2025-06-24T00:02:45.576+0700] {processor.py:840} INFO - DAG(s) 'start_kafka_hadoop_and_run_notebooks' retrieved from /home/panda/Documents/ODAP/Project/airflow/dags/start_DAG.py
[2025-06-24T00:02:45.592+0700] {logging_mixin.py:188} INFO - [2025-06-24T00:02:45.592+0700] {dag.py:3096} INFO - Sync 1 DAGs
[2025-06-24T00:02:45.602+0700] {logging_mixin.py:188} INFO - [2025-06-24T00:02:45.602+0700] {dag.py:3954} INFO - Setting next_dagrun for start_kafka_hadoop_and_run_notebooks to None, run_after=None
[2025-06-24T00:02:45.623+0700] {processor.py:183} INFO - Processing /home/panda/Documents/ODAP/Project/airflow/dags/start_DAG.py took 0.066 seconds
[2025-06-24T00:03:33.568+0700] {processor.py:161} INFO - Started process (PID=6351) to work on /home/panda/Documents/ODAP/Project/airflow/dags/start_DAG.py
[2025-06-24T00:03:33.573+0700] {processor.py:830} INFO - Processing file /home/panda/Documents/ODAP/Project/airflow/dags/start_DAG.py for tasks to queue
[2025-06-24T00:03:33.575+0700] {logging_mixin.py:188} INFO - [2025-06-24T00:03:33.574+0700] {dagbag.py:540} INFO - Filling up the DagBag from /home/panda/Documents/ODAP/Project/airflow/dags/start_DAG.py
[2025-06-24T00:03:33.582+0700] {processor.py:840} INFO - DAG(s) 'start_kafka_hadoop_and_run_notebooks' retrieved from /home/panda/Documents/ODAP/Project/airflow/dags/start_DAG.py
[2025-06-24T00:03:33.598+0700] {logging_mixin.py:188} INFO - [2025-06-24T00:03:33.598+0700] {dag.py:3096} INFO - Sync 1 DAGs
[2025-06-24T00:03:33.608+0700] {logging_mixin.py:188} INFO - [2025-06-24T00:03:33.608+0700] {dag.py:3954} INFO - Setting next_dagrun for start_kafka_hadoop_and_run_notebooks to None, run_after=None
[2025-06-24T00:03:33.630+0700] {processor.py:183} INFO - Processing /home/panda/Documents/ODAP/Project/airflow/dags/start_DAG.py took 0.068 seconds
[2025-06-24T00:04:24.651+0700] {processor.py:161} INFO - Started process (PID=6820) to work on /home/panda/Documents/ODAP/Project/airflow/dags/start_DAG.py
[2025-06-24T00:04:24.656+0700] {processor.py:830} INFO - Processing file /home/panda/Documents/ODAP/Project/airflow/dags/start_DAG.py for tasks to queue
[2025-06-24T00:04:24.658+0700] {logging_mixin.py:188} INFO - [2025-06-24T00:04:24.658+0700] {dagbag.py:540} INFO - Filling up the DagBag from /home/panda/Documents/ODAP/Project/airflow/dags/start_DAG.py
[2025-06-24T00:04:24.666+0700] {processor.py:840} INFO - DAG(s) 'start_kafka_hadoop_and_run_notebooks' retrieved from /home/panda/Documents/ODAP/Project/airflow/dags/start_DAG.py
[2025-06-24T00:04:24.686+0700] {logging_mixin.py:188} INFO - [2025-06-24T00:04:24.686+0700] {dag.py:3096} INFO - Sync 1 DAGs
[2025-06-24T00:04:24.699+0700] {logging_mixin.py:188} INFO - [2025-06-24T00:04:24.699+0700] {dag.py:3954} INFO - Setting next_dagrun for start_kafka_hadoop_and_run_notebooks to None, run_after=None
[2025-06-24T00:04:24.730+0700] {processor.py:183} INFO - Processing /home/panda/Documents/ODAP/Project/airflow/dags/start_DAG.py took 0.086 seconds
[2025-06-24T00:05:11.769+0700] {processor.py:161} INFO - Started process (PID=7014) to work on /home/panda/Documents/ODAP/Project/airflow/dags/start_DAG.py
[2025-06-24T00:05:11.774+0700] {processor.py:830} INFO - Processing file /home/panda/Documents/ODAP/Project/airflow/dags/start_DAG.py for tasks to queue
[2025-06-24T00:05:11.777+0700] {logging_mixin.py:188} INFO - [2025-06-24T00:05:11.776+0700] {dagbag.py:540} INFO - Filling up the DagBag from /home/panda/Documents/ODAP/Project/airflow/dags/start_DAG.py
[2025-06-24T00:05:11.785+0700] {processor.py:840} INFO - DAG(s) 'start_kafka_hadoop_and_run_notebooks' retrieved from /home/panda/Documents/ODAP/Project/airflow/dags/start_DAG.py
[2025-06-24T00:05:11.804+0700] {logging_mixin.py:188} INFO - [2025-06-24T00:05:11.804+0700] {dag.py:3096} INFO - Sync 1 DAGs
[2025-06-24T00:05:11.817+0700] {logging_mixin.py:188} INFO - [2025-06-24T00:05:11.817+0700] {dag.py:3954} INFO - Setting next_dagrun for start_kafka_hadoop_and_run_notebooks to None, run_after=None
[2025-06-24T00:05:11.846+0700] {processor.py:183} INFO - Processing /home/panda/Documents/ODAP/Project/airflow/dags/start_DAG.py took 0.084 seconds
[2025-06-24T00:06:56.819+0700] {processor.py:161} INFO - Started process (PID=7952) to work on /home/panda/Documents/ODAP/Project/airflow/dags/start_DAG.py
[2025-06-24T00:06:56.821+0700] {processor.py:830} INFO - Processing file /home/panda/Documents/ODAP/Project/airflow/dags/start_DAG.py for tasks to queue
[2025-06-24T00:06:56.822+0700] {logging_mixin.py:188} INFO - [2025-06-24T00:06:56.822+0700] {dagbag.py:540} INFO - Filling up the DagBag from /home/panda/Documents/ODAP/Project/airflow/dags/start_DAG.py
[2025-06-24T00:06:56.830+0700] {processor.py:840} INFO - DAG(s) 'start_kafka_hadoop_and_run_notebooks' retrieved from /home/panda/Documents/ODAP/Project/airflow/dags/start_DAG.py
[2025-06-24T00:06:56.970+0700] {logging_mixin.py:188} INFO - [2025-06-24T00:06:56.969+0700] {dag.py:3096} INFO - Sync 1 DAGs
[2025-06-24T00:06:56.978+0700] {logging_mixin.py:188} INFO - [2025-06-24T00:06:56.977+0700] {dag.py:3118} INFO - Creating ORM DAG for start_kafka_hadoop_and_run_notebooks
[2025-06-24T00:06:56.978+0700] {logging_mixin.py:188} INFO - [2025-06-24T00:06:56.978+0700] {dag.py:3954} INFO - Setting next_dagrun for start_kafka_hadoop_and_run_notebooks to None, run_after=None
[2025-06-24T00:06:57.002+0700] {processor.py:183} INFO - Processing /home/panda/Documents/ODAP/Project/airflow/dags/start_DAG.py took 0.192 seconds
[2025-06-24T00:07:52.930+0700] {processor.py:161} INFO - Started process (PID=8365) to work on /home/panda/Documents/ODAP/Project/airflow/dags/start_DAG.py
[2025-06-24T00:07:52.935+0700] {processor.py:830} INFO - Processing file /home/panda/Documents/ODAP/Project/airflow/dags/start_DAG.py for tasks to queue
[2025-06-24T00:07:52.936+0700] {logging_mixin.py:188} INFO - [2025-06-24T00:07:52.935+0700] {dagbag.py:540} INFO - Filling up the DagBag from /home/panda/Documents/ODAP/Project/airflow/dags/start_DAG.py
[2025-06-24T00:07:52.942+0700] {processor.py:840} INFO - DAG(s) 'start_kafka_hadoop_and_run_notebooks' retrieved from /home/panda/Documents/ODAP/Project/airflow/dags/start_DAG.py
[2025-06-24T00:07:53.034+0700] {logging_mixin.py:188} INFO - [2025-06-24T00:07:53.033+0700] {dag.py:3096} INFO - Sync 1 DAGs
[2025-06-24T00:07:53.042+0700] {logging_mixin.py:188} INFO - [2025-06-24T00:07:53.042+0700] {dag.py:3954} INFO - Setting next_dagrun for start_kafka_hadoop_and_run_notebooks to None, run_after=None
[2025-06-24T00:07:53.069+0700] {processor.py:183} INFO - Processing /home/panda/Documents/ODAP/Project/airflow/dags/start_DAG.py took 0.146 seconds
[2025-06-24T00:08:37.962+0700] {processor.py:161} INFO - Started process (PID=10671) to work on /home/panda/Documents/ODAP/Project/airflow/dags/start_DAG.py
[2025-06-24T00:08:37.967+0700] {processor.py:830} INFO - Processing file /home/panda/Documents/ODAP/Project/airflow/dags/start_DAG.py for tasks to queue
[2025-06-24T00:08:37.968+0700] {logging_mixin.py:188} INFO - [2025-06-24T00:08:37.967+0700] {dagbag.py:540} INFO - Filling up the DagBag from /home/panda/Documents/ODAP/Project/airflow/dags/start_DAG.py
[2025-06-24T00:08:37.974+0700] {processor.py:840} INFO - DAG(s) 'start_kafka_hadoop_and_run_notebooks' retrieved from /home/panda/Documents/ODAP/Project/airflow/dags/start_DAG.py
[2025-06-24T00:08:37.993+0700] {logging_mixin.py:188} INFO - [2025-06-24T00:08:37.993+0700] {dag.py:3096} INFO - Sync 1 DAGs
[2025-06-24T00:08:38.005+0700] {logging_mixin.py:188} INFO - [2025-06-24T00:08:38.005+0700] {dag.py:3954} INFO - Setting next_dagrun for start_kafka_hadoop_and_run_notebooks to None, run_after=None
[2025-06-24T00:08:38.031+0700] {processor.py:183} INFO - Processing /home/panda/Documents/ODAP/Project/airflow/dags/start_DAG.py took 0.077 seconds
[2025-06-24T00:09:17.026+0700] {processor.py:161} INFO - Started process (PID=10779) to work on /home/panda/Documents/ODAP/Project/airflow/dags/start_DAG.py
[2025-06-24T00:09:17.028+0700] {processor.py:830} INFO - Processing file /home/panda/Documents/ODAP/Project/airflow/dags/start_DAG.py for tasks to queue
[2025-06-24T00:09:17.029+0700] {logging_mixin.py:188} INFO - [2025-06-24T00:09:17.029+0700] {dagbag.py:540} INFO - Filling up the DagBag from /home/panda/Documents/ODAP/Project/airflow/dags/start_DAG.py
[2025-06-24T00:09:17.039+0700] {processor.py:840} INFO - DAG(s) 'start_kafka_hadoop_and_run_notebooks' retrieved from /home/panda/Documents/ODAP/Project/airflow/dags/start_DAG.py
[2025-06-24T00:09:17.063+0700] {logging_mixin.py:188} INFO - [2025-06-24T00:09:17.063+0700] {dag.py:3096} INFO - Sync 1 DAGs
[2025-06-24T00:09:17.076+0700] {logging_mixin.py:188} INFO - [2025-06-24T00:09:17.076+0700] {dag.py:3954} INFO - Setting next_dagrun for start_kafka_hadoop_and_run_notebooks to None, run_after=None
[2025-06-24T00:09:17.104+0700] {processor.py:183} INFO - Processing /home/panda/Documents/ODAP/Project/airflow/dags/start_DAG.py took 0.088 seconds
[2025-06-24T00:10:01.931+0700] {processor.py:161} INFO - Started process (PID=10906) to work on /home/panda/Documents/ODAP/Project/airflow/dags/start_DAG.py
[2025-06-24T00:10:01.937+0700] {processor.py:830} INFO - Processing file /home/panda/Documents/ODAP/Project/airflow/dags/start_DAG.py for tasks to queue
[2025-06-24T00:10:01.938+0700] {logging_mixin.py:188} INFO - [2025-06-24T00:10:01.938+0700] {dagbag.py:540} INFO - Filling up the DagBag from /home/panda/Documents/ODAP/Project/airflow/dags/start_DAG.py
[2025-06-24T00:10:01.946+0700] {processor.py:840} INFO - DAG(s) 'start_kafka_hadoop_and_run_notebooks' retrieved from /home/panda/Documents/ODAP/Project/airflow/dags/start_DAG.py
[2025-06-24T00:10:01.967+0700] {logging_mixin.py:188} INFO - [2025-06-24T00:10:01.966+0700] {dag.py:3096} INFO - Sync 1 DAGs
[2025-06-24T00:10:01.979+0700] {logging_mixin.py:188} INFO - [2025-06-24T00:10:01.979+0700] {dag.py:3954} INFO - Setting next_dagrun for start_kafka_hadoop_and_run_notebooks to None, run_after=None
[2025-06-24T00:10:02.004+0700] {processor.py:183} INFO - Processing /home/panda/Documents/ODAP/Project/airflow/dags/start_DAG.py took 0.081 seconds
[2025-06-24T00:10:48.936+0700] {processor.py:161} INFO - Started process (PID=11087) to work on /home/panda/Documents/ODAP/Project/airflow/dags/start_DAG.py
[2025-06-24T00:10:48.941+0700] {processor.py:830} INFO - Processing file /home/panda/Documents/ODAP/Project/airflow/dags/start_DAG.py for tasks to queue
[2025-06-24T00:10:48.943+0700] {logging_mixin.py:188} INFO - [2025-06-24T00:10:48.942+0700] {dagbag.py:540} INFO - Filling up the DagBag from /home/panda/Documents/ODAP/Project/airflow/dags/start_DAG.py
[2025-06-24T00:10:48.949+0700] {processor.py:840} INFO - DAG(s) 'start_kafka_hadoop_and_run_notebooks' retrieved from /home/panda/Documents/ODAP/Project/airflow/dags/start_DAG.py
[2025-06-24T00:10:48.967+0700] {logging_mixin.py:188} INFO - [2025-06-24T00:10:48.967+0700] {dag.py:3096} INFO - Sync 1 DAGs
[2025-06-24T00:10:48.980+0700] {logging_mixin.py:188} INFO - [2025-06-24T00:10:48.980+0700] {dag.py:3954} INFO - Setting next_dagrun for start_kafka_hadoop_and_run_notebooks to None, run_after=None
[2025-06-24T00:10:49.011+0700] {processor.py:183} INFO - Processing /home/panda/Documents/ODAP/Project/airflow/dags/start_DAG.py took 0.082 seconds
[2025-06-24T00:11:29.248+0700] {processor.py:161} INFO - Started process (PID=12431) to work on /home/panda/Documents/ODAP/Project/airflow/dags/start_DAG.py
[2025-06-24T00:11:29.249+0700] {processor.py:830} INFO - Processing file /home/panda/Documents/ODAP/Project/airflow/dags/start_DAG.py for tasks to queue
[2025-06-24T00:11:29.251+0700] {logging_mixin.py:188} INFO - [2025-06-24T00:11:29.250+0700] {dagbag.py:540} INFO - Filling up the DagBag from /home/panda/Documents/ODAP/Project/airflow/dags/start_DAG.py
[2025-06-24T00:11:29.257+0700] {processor.py:840} INFO - DAG(s) 'start_kafka_hadoop_and_run_notebooks' retrieved from /home/panda/Documents/ODAP/Project/airflow/dags/start_DAG.py
[2025-06-24T00:11:29.277+0700] {logging_mixin.py:188} INFO - [2025-06-24T00:11:29.277+0700] {dag.py:3096} INFO - Sync 1 DAGs
[2025-06-24T00:11:29.288+0700] {logging_mixin.py:188} INFO - [2025-06-24T00:11:29.288+0700] {dag.py:3954} INFO - Setting next_dagrun for start_kafka_hadoop_and_run_notebooks to None, run_after=None
[2025-06-24T00:11:29.319+0700] {processor.py:183} INFO - Processing /home/panda/Documents/ODAP/Project/airflow/dags/start_DAG.py took 0.079 seconds
[2025-06-24T00:12:04.675+0700] {processor.py:161} INFO - Started process (PID=12569) to work on /home/panda/Documents/ODAP/Project/airflow/dags/start_DAG.py
[2025-06-24T00:12:04.680+0700] {processor.py:830} INFO - Processing file /home/panda/Documents/ODAP/Project/airflow/dags/start_DAG.py for tasks to queue
[2025-06-24T00:12:04.682+0700] {logging_mixin.py:188} INFO - [2025-06-24T00:12:04.681+0700] {dagbag.py:540} INFO - Filling up the DagBag from /home/panda/Documents/ODAP/Project/airflow/dags/start_DAG.py
[2025-06-24T00:12:04.688+0700] {processor.py:840} INFO - DAG(s) 'start_kafka_hadoop_and_run_notebooks' retrieved from /home/panda/Documents/ODAP/Project/airflow/dags/start_DAG.py
[2025-06-24T00:12:04.729+0700] {logging_mixin.py:188} INFO - [2025-06-24T00:12:04.727+0700] {dag.py:3096} INFO - Sync 1 DAGs
[2025-06-24T00:12:04.743+0700] {logging_mixin.py:188} INFO - [2025-06-24T00:12:04.742+0700] {dag.py:3954} INFO - Setting next_dagrun for start_kafka_hadoop_and_run_notebooks to None, run_after=None
[2025-06-24T00:12:04.769+0700] {processor.py:183} INFO - Processing /home/panda/Documents/ODAP/Project/airflow/dags/start_DAG.py took 0.101 seconds
[2025-06-24T00:12:49.616+0700] {processor.py:161} INFO - Started process (PID=12715) to work on /home/panda/Documents/ODAP/Project/airflow/dags/start_DAG.py
[2025-06-24T00:12:49.621+0700] {processor.py:830} INFO - Processing file /home/panda/Documents/ODAP/Project/airflow/dags/start_DAG.py for tasks to queue
[2025-06-24T00:12:49.622+0700] {logging_mixin.py:188} INFO - [2025-06-24T00:12:49.621+0700] {dagbag.py:540} INFO - Filling up the DagBag from /home/panda/Documents/ODAP/Project/airflow/dags/start_DAG.py
[2025-06-24T00:12:49.628+0700] {processor.py:840} INFO - DAG(s) 'start_kafka_hadoop_and_run_notebooks' retrieved from /home/panda/Documents/ODAP/Project/airflow/dags/start_DAG.py
[2025-06-24T00:12:49.646+0700] {logging_mixin.py:188} INFO - [2025-06-24T00:12:49.646+0700] {dag.py:3096} INFO - Sync 1 DAGs
[2025-06-24T00:12:49.658+0700] {logging_mixin.py:188} INFO - [2025-06-24T00:12:49.658+0700] {dag.py:3954} INFO - Setting next_dagrun for start_kafka_hadoop_and_run_notebooks to None, run_after=None
[2025-06-24T00:12:49.686+0700] {processor.py:183} INFO - Processing /home/panda/Documents/ODAP/Project/airflow/dags/start_DAG.py took 0.077 seconds
[2025-06-24T00:13:33.660+0700] {processor.py:161} INFO - Started process (PID=12865) to work on /home/panda/Documents/ODAP/Project/airflow/dags/start_DAG.py
[2025-06-24T00:13:33.665+0700] {processor.py:830} INFO - Processing file /home/panda/Documents/ODAP/Project/airflow/dags/start_DAG.py for tasks to queue
[2025-06-24T00:13:33.666+0700] {logging_mixin.py:188} INFO - [2025-06-24T00:13:33.666+0700] {dagbag.py:540} INFO - Filling up the DagBag from /home/panda/Documents/ODAP/Project/airflow/dags/start_DAG.py
[2025-06-24T00:13:33.674+0700] {processor.py:840} INFO - DAG(s) 'start_kafka_hadoop_and_run_notebooks' retrieved from /home/panda/Documents/ODAP/Project/airflow/dags/start_DAG.py
[2025-06-24T00:13:33.766+0700] {logging_mixin.py:188} INFO - [2025-06-24T00:13:33.766+0700] {dag.py:3096} INFO - Sync 1 DAGs
[2025-06-24T00:13:33.774+0700] {logging_mixin.py:188} INFO - [2025-06-24T00:13:33.774+0700] {dag.py:3954} INFO - Setting next_dagrun for start_kafka_hadoop_and_run_notebooks to None, run_after=None
[2025-06-24T00:13:33.797+0700] {processor.py:183} INFO - Processing /home/panda/Documents/ODAP/Project/airflow/dags/start_DAG.py took 0.144 seconds
[2025-06-24T00:13:55.668+0700] {processor.py:161} INFO - Started process (PID=12987) to work on /home/panda/Documents/ODAP/Project/airflow/dags/start_DAG.py
[2025-06-24T00:13:55.671+0700] {processor.py:830} INFO - Processing file /home/panda/Documents/ODAP/Project/airflow/dags/start_DAG.py for tasks to queue
[2025-06-24T00:13:55.673+0700] {logging_mixin.py:188} INFO - [2025-06-24T00:13:55.672+0700] {dagbag.py:540} INFO - Filling up the DagBag from /home/panda/Documents/ODAP/Project/airflow/dags/start_DAG.py
[2025-06-24T00:13:55.680+0700] {processor.py:840} INFO - DAG(s) 'start_kafka_hadoop_and_run_notebooks' retrieved from /home/panda/Documents/ODAP/Project/airflow/dags/start_DAG.py
[2025-06-24T00:13:55.690+0700] {logging_mixin.py:188} INFO - [2025-06-24T00:13:55.690+0700] {dag.py:3096} INFO - Sync 1 DAGs
[2025-06-24T00:13:55.703+0700] {logging_mixin.py:188} INFO - [2025-06-24T00:13:55.702+0700] {dag.py:3954} INFO - Setting next_dagrun for start_kafka_hadoop_and_run_notebooks to None, run_after=None
[2025-06-24T00:13:55.733+0700] {processor.py:183} INFO - Processing /home/panda/Documents/ODAP/Project/airflow/dags/start_DAG.py took 0.072 seconds
[2025-06-24T00:14:40.955+0700] {processor.py:161} INFO - Started process (PID=13174) to work on /home/panda/Documents/ODAP/Project/airflow/dags/start_DAG.py
[2025-06-24T00:14:40.961+0700] {processor.py:830} INFO - Processing file /home/panda/Documents/ODAP/Project/airflow/dags/start_DAG.py for tasks to queue
[2025-06-24T00:14:40.962+0700] {logging_mixin.py:188} INFO - [2025-06-24T00:14:40.961+0700] {dagbag.py:540} INFO - Filling up the DagBag from /home/panda/Documents/ODAP/Project/airflow/dags/start_DAG.py
[2025-06-24T00:14:40.968+0700] {processor.py:840} INFO - DAG(s) 'start_kafka_hadoop_and_run_notebooks' retrieved from /home/panda/Documents/ODAP/Project/airflow/dags/start_DAG.py
[2025-06-24T00:14:40.987+0700] {logging_mixin.py:188} INFO - [2025-06-24T00:14:40.986+0700] {dag.py:3096} INFO - Sync 1 DAGs
[2025-06-24T00:14:40.998+0700] {logging_mixin.py:188} INFO - [2025-06-24T00:14:40.998+0700] {dag.py:3954} INFO - Setting next_dagrun for start_kafka_hadoop_and_run_notebooks to None, run_after=None
[2025-06-24T00:14:41.027+0700] {processor.py:183} INFO - Processing /home/panda/Documents/ODAP/Project/airflow/dags/start_DAG.py took 0.078 seconds
[2025-06-24T00:20:48.947+0700] {processor.py:161} INFO - Started process (PID=14830) to work on /home/panda/Documents/ODAP/Project/airflow/dags/start_DAG.py
[2025-06-24T00:20:48.949+0700] {processor.py:830} INFO - Processing file /home/panda/Documents/ODAP/Project/airflow/dags/start_DAG.py for tasks to queue
[2025-06-24T00:20:48.950+0700] {logging_mixin.py:188} INFO - [2025-06-24T00:20:48.950+0700] {dagbag.py:540} INFO - Filling up the DagBag from /home/panda/Documents/ODAP/Project/airflow/dags/start_DAG.py
[2025-06-24T00:20:48.957+0700] {processor.py:840} INFO - DAG(s) 'start_kafka_hadoop_and_run_notebooks' retrieved from /home/panda/Documents/ODAP/Project/airflow/dags/start_DAG.py
[2025-06-24T00:20:49.039+0700] {logging_mixin.py:188} INFO - [2025-06-24T00:20:49.038+0700] {dag.py:3096} INFO - Sync 1 DAGs
[2025-06-24T00:20:49.045+0700] {logging_mixin.py:188} INFO - [2025-06-24T00:20:49.045+0700] {dag.py:3954} INFO - Setting next_dagrun for start_kafka_hadoop_and_run_notebooks to None, run_after=None
[2025-06-24T00:20:49.069+0700] {processor.py:183} INFO - Processing /home/panda/Documents/ODAP/Project/airflow/dags/start_DAG.py took 0.129 seconds
[2025-06-24T00:22:02.186+0700] {processor.py:161} INFO - Started process (PID=16684) to work on /home/panda/Documents/ODAP/Project/airflow/dags/start_DAG.py
[2025-06-24T00:22:02.191+0700] {processor.py:830} INFO - Processing file /home/panda/Documents/ODAP/Project/airflow/dags/start_DAG.py for tasks to queue
[2025-06-24T00:22:02.191+0700] {logging_mixin.py:188} INFO - [2025-06-24T00:22:02.191+0700] {dagbag.py:540} INFO - Filling up the DagBag from /home/panda/Documents/ODAP/Project/airflow/dags/start_DAG.py
[2025-06-24T00:22:02.198+0700] {processor.py:840} INFO - DAG(s) 'start_kafka_hadoop_and_run_notebooks' retrieved from /home/panda/Documents/ODAP/Project/airflow/dags/start_DAG.py
[2025-06-24T00:22:02.220+0700] {logging_mixin.py:188} INFO - [2025-06-24T00:22:02.219+0700] {dag.py:3096} INFO - Sync 1 DAGs
[2025-06-24T00:22:02.232+0700] {logging_mixin.py:188} INFO - [2025-06-24T00:22:02.232+0700] {dag.py:3954} INFO - Setting next_dagrun for start_kafka_hadoop_and_run_notebooks to None, run_after=None
[2025-06-24T00:22:02.259+0700] {processor.py:183} INFO - Processing /home/panda/Documents/ODAP/Project/airflow/dags/start_DAG.py took 0.081 seconds
[2025-06-24T00:23:01.707+0700] {processor.py:161} INFO - Started process (PID=18087) to work on /home/panda/Documents/ODAP/Project/airflow/dags/start_DAG.py
[2025-06-24T00:23:01.711+0700] {processor.py:830} INFO - Processing file /home/panda/Documents/ODAP/Project/airflow/dags/start_DAG.py for tasks to queue
[2025-06-24T00:23:01.713+0700] {logging_mixin.py:188} INFO - [2025-06-24T00:23:01.712+0700] {dagbag.py:540} INFO - Filling up the DagBag from /home/panda/Documents/ODAP/Project/airflow/dags/start_DAG.py
[2025-06-24T00:23:01.719+0700] {processor.py:840} INFO - DAG(s) 'start_kafka_hadoop_and_run_notebooks' retrieved from /home/panda/Documents/ODAP/Project/airflow/dags/start_DAG.py
[2025-06-24T00:23:01.737+0700] {logging_mixin.py:188} INFO - [2025-06-24T00:23:01.737+0700] {dag.py:3096} INFO - Sync 1 DAGs
[2025-06-24T00:23:01.750+0700] {logging_mixin.py:188} INFO - [2025-06-24T00:23:01.749+0700] {dag.py:3954} INFO - Setting next_dagrun for start_kafka_hadoop_and_run_notebooks to None, run_after=None
[2025-06-24T00:23:01.774+0700] {processor.py:183} INFO - Processing /home/panda/Documents/ODAP/Project/airflow/dags/start_DAG.py took 0.074 seconds
[2025-06-24T00:33:19.526+0700] {processor.py:161} INFO - Started process (PID=20107) to work on /home/panda/Documents/ODAP/Project/airflow/dags/start_DAG.py
[2025-06-24T00:33:19.529+0700] {processor.py:830} INFO - Processing file /home/panda/Documents/ODAP/Project/airflow/dags/start_DAG.py for tasks to queue
[2025-06-24T00:33:19.531+0700] {logging_mixin.py:188} INFO - [2025-06-24T00:33:19.530+0700] {dagbag.py:540} INFO - Filling up the DagBag from /home/panda/Documents/ODAP/Project/airflow/dags/start_DAG.py
[2025-06-24T00:33:19.539+0700] {processor.py:840} INFO - DAG(s) 'start_kafka_hadoop_and_run_notebooks' retrieved from /home/panda/Documents/ODAP/Project/airflow/dags/start_DAG.py
[2025-06-24T00:33:19.569+0700] {logging_mixin.py:188} INFO - [2025-06-24T00:33:19.568+0700] {dag.py:3096} INFO - Sync 1 DAGs
[2025-06-24T00:33:19.583+0700] {logging_mixin.py:188} INFO - [2025-06-24T00:33:19.583+0700] {dag.py:3954} INFO - Setting next_dagrun for start_kafka_hadoop_and_run_notebooks to None, run_after=None
[2025-06-24T00:33:19.616+0700] {processor.py:183} INFO - Processing /home/panda/Documents/ODAP/Project/airflow/dags/start_DAG.py took 0.099 seconds
[2025-06-24T00:34:14.701+0700] {processor.py:161} INFO - Started process (PID=20352) to work on /home/panda/Documents/ODAP/Project/airflow/dags/start_DAG.py
[2025-06-24T00:34:14.706+0700] {processor.py:830} INFO - Processing file /home/panda/Documents/ODAP/Project/airflow/dags/start_DAG.py for tasks to queue
[2025-06-24T00:34:14.708+0700] {logging_mixin.py:188} INFO - [2025-06-24T00:34:14.708+0700] {dagbag.py:540} INFO - Filling up the DagBag from /home/panda/Documents/ODAP/Project/airflow/dags/start_DAG.py
[2025-06-24T00:34:14.715+0700] {processor.py:840} INFO - DAG(s) 'start_kafka_hadoop_and_run_notebooks' retrieved from /home/panda/Documents/ODAP/Project/airflow/dags/start_DAG.py
[2025-06-24T00:34:14.734+0700] {logging_mixin.py:188} INFO - [2025-06-24T00:34:14.733+0700] {dag.py:3096} INFO - Sync 1 DAGs
[2025-06-24T00:34:14.755+0700] {logging_mixin.py:188} INFO - [2025-06-24T00:34:14.755+0700] {dag.py:3954} INFO - Setting next_dagrun for start_kafka_hadoop_and_run_notebooks to None, run_after=None
[2025-06-24T00:34:14.783+0700] {processor.py:183} INFO - Processing /home/panda/Documents/ODAP/Project/airflow/dags/start_DAG.py took 0.089 seconds
[2025-06-24T00:35:01.912+0700] {processor.py:161} INFO - Started process (PID=20480) to work on /home/panda/Documents/ODAP/Project/airflow/dags/start_DAG.py
[2025-06-24T00:35:01.917+0700] {processor.py:830} INFO - Processing file /home/panda/Documents/ODAP/Project/airflow/dags/start_DAG.py for tasks to queue
[2025-06-24T00:35:01.919+0700] {logging_mixin.py:188} INFO - [2025-06-24T00:35:01.918+0700] {dagbag.py:540} INFO - Filling up the DagBag from /home/panda/Documents/ODAP/Project/airflow/dags/start_DAG.py
[2025-06-24T00:35:01.926+0700] {processor.py:840} INFO - DAG(s) 'start_kafka_hadoop_and_run_notebooks' retrieved from /home/panda/Documents/ODAP/Project/airflow/dags/start_DAG.py
[2025-06-24T00:35:01.946+0700] {logging_mixin.py:188} INFO - [2025-06-24T00:35:01.945+0700] {dag.py:3096} INFO - Sync 1 DAGs
[2025-06-24T00:35:01.958+0700] {logging_mixin.py:188} INFO - [2025-06-24T00:35:01.958+0700] {dag.py:3954} INFO - Setting next_dagrun for start_kafka_hadoop_and_run_notebooks to None, run_after=None
[2025-06-24T00:35:01.989+0700] {processor.py:183} INFO - Processing /home/panda/Documents/ODAP/Project/airflow/dags/start_DAG.py took 0.085 seconds
[2025-06-24T00:35:49.307+0700] {processor.py:161} INFO - Started process (PID=20618) to work on /home/panda/Documents/ODAP/Project/airflow/dags/start_DAG.py
[2025-06-24T00:35:49.312+0700] {processor.py:830} INFO - Processing file /home/panda/Documents/ODAP/Project/airflow/dags/start_DAG.py for tasks to queue
[2025-06-24T00:35:49.313+0700] {logging_mixin.py:188} INFO - [2025-06-24T00:35:49.313+0700] {dagbag.py:540} INFO - Filling up the DagBag from /home/panda/Documents/ODAP/Project/airflow/dags/start_DAG.py
[2025-06-24T00:35:49.321+0700] {processor.py:840} INFO - DAG(s) 'start_kafka_hadoop_and_run_notebooks' retrieved from /home/panda/Documents/ODAP/Project/airflow/dags/start_DAG.py
[2025-06-24T00:35:49.341+0700] {logging_mixin.py:188} INFO - [2025-06-24T00:35:49.341+0700] {dag.py:3096} INFO - Sync 1 DAGs
[2025-06-24T00:35:49.354+0700] {logging_mixin.py:188} INFO - [2025-06-24T00:35:49.354+0700] {dag.py:3954} INFO - Setting next_dagrun for start_kafka_hadoop_and_run_notebooks to None, run_after=None
[2025-06-24T00:35:49.376+0700] {processor.py:183} INFO - Processing /home/panda/Documents/ODAP/Project/airflow/dags/start_DAG.py took 0.078 seconds
[2025-06-24T00:36:34.441+0700] {processor.py:161} INFO - Started process (PID=20958) to work on /home/panda/Documents/ODAP/Project/airflow/dags/start_DAG.py
[2025-06-24T00:36:34.446+0700] {processor.py:830} INFO - Processing file /home/panda/Documents/ODAP/Project/airflow/dags/start_DAG.py for tasks to queue
[2025-06-24T00:36:34.447+0700] {logging_mixin.py:188} INFO - [2025-06-24T00:36:34.447+0700] {dagbag.py:540} INFO - Filling up the DagBag from /home/panda/Documents/ODAP/Project/airflow/dags/start_DAG.py
[2025-06-24T00:36:34.453+0700] {processor.py:840} INFO - DAG(s) 'start_kafka_hadoop_and_run_notebooks' retrieved from /home/panda/Documents/ODAP/Project/airflow/dags/start_DAG.py
[2025-06-24T00:36:34.546+0700] {logging_mixin.py:188} INFO - [2025-06-24T00:36:34.546+0700] {dag.py:3096} INFO - Sync 1 DAGs
[2025-06-24T00:36:34.553+0700] {logging_mixin.py:188} INFO - [2025-06-24T00:36:34.553+0700] {dag.py:3118} INFO - Creating ORM DAG for start_kafka_hadoop_and_run_notebooks
[2025-06-24T00:36:34.553+0700] {logging_mixin.py:188} INFO - [2025-06-24T00:36:34.553+0700] {dag.py:3954} INFO - Setting next_dagrun for start_kafka_hadoop_and_run_notebooks to None, run_after=None
[2025-06-24T00:36:34.580+0700] {processor.py:183} INFO - Processing /home/panda/Documents/ODAP/Project/airflow/dags/start_DAG.py took 0.147 seconds
[2025-06-24T00:52:17.608+0700] {processor.py:161} INFO - Started process (PID=24884) to work on /home/panda/Documents/ODAP/Project/airflow/dags/start_DAG.py
[2025-06-24T00:52:17.611+0700] {processor.py:830} INFO - Processing file /home/panda/Documents/ODAP/Project/airflow/dags/start_DAG.py for tasks to queue
[2025-06-24T00:52:17.612+0700] {logging_mixin.py:188} INFO - [2025-06-24T00:52:17.611+0700] {dagbag.py:540} INFO - Filling up the DagBag from /home/panda/Documents/ODAP/Project/airflow/dags/start_DAG.py
[2025-06-24T00:52:17.618+0700] {processor.py:840} INFO - DAG(s) 'start_kafka_hadoop_and_run_notebooks' retrieved from /home/panda/Documents/ODAP/Project/airflow/dags/start_DAG.py
[2025-06-24T00:52:17.712+0700] {logging_mixin.py:188} INFO - [2025-06-24T00:52:17.711+0700] {dag.py:3096} INFO - Sync 1 DAGs
[2025-06-24T00:52:17.719+0700] {logging_mixin.py:188} INFO - [2025-06-24T00:52:17.719+0700] {dag.py:3118} INFO - Creating ORM DAG for start_kafka_hadoop_and_run_notebooks
[2025-06-24T00:52:17.720+0700] {logging_mixin.py:188} INFO - [2025-06-24T00:52:17.720+0700] {dag.py:3954} INFO - Setting next_dagrun for start_kafka_hadoop_and_run_notebooks to None, run_after=None
[2025-06-24T00:52:17.747+0700] {processor.py:183} INFO - Processing /home/panda/Documents/ODAP/Project/airflow/dags/start_DAG.py took 0.148 seconds
[2025-06-24T00:53:12.908+0700] {processor.py:161} INFO - Started process (PID=25244) to work on /home/panda/Documents/ODAP/Project/airflow/dags/start_DAG.py
[2025-06-24T00:53:12.913+0700] {processor.py:830} INFO - Processing file /home/panda/Documents/ODAP/Project/airflow/dags/start_DAG.py for tasks to queue
[2025-06-24T00:53:12.916+0700] {logging_mixin.py:188} INFO - [2025-06-24T00:53:12.915+0700] {dagbag.py:540} INFO - Filling up the DagBag from /home/panda/Documents/ODAP/Project/airflow/dags/start_DAG.py
[2025-06-24T00:53:12.924+0700] {processor.py:840} INFO - DAG(s) 'start_kafka_hadoop_and_run_notebooks' retrieved from /home/panda/Documents/ODAP/Project/airflow/dags/start_DAG.py
[2025-06-24T00:53:12.945+0700] {logging_mixin.py:188} INFO - [2025-06-24T00:53:12.944+0700] {dag.py:3096} INFO - Sync 1 DAGs
[2025-06-24T00:53:12.958+0700] {logging_mixin.py:188} INFO - [2025-06-24T00:53:12.957+0700] {dag.py:3954} INFO - Setting next_dagrun for start_kafka_hadoop_and_run_notebooks to None, run_after=None
[2025-06-24T00:53:12.987+0700] {processor.py:183} INFO - Processing /home/panda/Documents/ODAP/Project/airflow/dags/start_DAG.py took 0.086 seconds
[2025-06-24T00:54:00.824+0700] {processor.py:161} INFO - Started process (PID=25480) to work on /home/panda/Documents/ODAP/Project/airflow/dags/start_DAG.py
[2025-06-24T00:54:00.826+0700] {processor.py:830} INFO - Processing file /home/panda/Documents/ODAP/Project/airflow/dags/start_DAG.py for tasks to queue
[2025-06-24T00:54:00.827+0700] {logging_mixin.py:188} INFO - [2025-06-24T00:54:00.826+0700] {dagbag.py:540} INFO - Filling up the DagBag from /home/panda/Documents/ODAP/Project/airflow/dags/start_DAG.py
[2025-06-24T00:54:00.834+0700] {processor.py:840} INFO - DAG(s) 'start_kafka_hadoop_and_run_notebooks' retrieved from /home/panda/Documents/ODAP/Project/airflow/dags/start_DAG.py
[2025-06-24T00:54:00.855+0700] {logging_mixin.py:188} INFO - [2025-06-24T00:54:00.854+0700] {dag.py:3096} INFO - Sync 1 DAGs
[2025-06-24T00:54:00.866+0700] {logging_mixin.py:188} INFO - [2025-06-24T00:54:00.866+0700] {dag.py:3954} INFO - Setting next_dagrun for start_kafka_hadoop_and_run_notebooks to None, run_after=None
[2025-06-24T00:54:00.899+0700] {processor.py:183} INFO - Processing /home/panda/Documents/ODAP/Project/airflow/dags/start_DAG.py took 0.083 seconds
[2025-06-24T00:54:47.411+0700] {processor.py:161} INFO - Started process (PID=25683) to work on /home/panda/Documents/ODAP/Project/airflow/dags/start_DAG.py
[2025-06-24T00:54:47.416+0700] {processor.py:830} INFO - Processing file /home/panda/Documents/ODAP/Project/airflow/dags/start_DAG.py for tasks to queue
[2025-06-24T00:54:47.417+0700] {logging_mixin.py:188} INFO - [2025-06-24T00:54:47.417+0700] {dagbag.py:540} INFO - Filling up the DagBag from /home/panda/Documents/ODAP/Project/airflow/dags/start_DAG.py
[2025-06-24T00:54:47.423+0700] {processor.py:840} INFO - DAG(s) 'start_kafka_hadoop_and_run_notebooks' retrieved from /home/panda/Documents/ODAP/Project/airflow/dags/start_DAG.py
[2025-06-24T00:54:47.442+0700] {logging_mixin.py:188} INFO - [2025-06-24T00:54:47.442+0700] {dag.py:3096} INFO - Sync 1 DAGs
[2025-06-24T00:54:47.456+0700] {logging_mixin.py:188} INFO - [2025-06-24T00:54:47.455+0700] {dag.py:3954} INFO - Setting next_dagrun for start_kafka_hadoop_and_run_notebooks to None, run_after=None
[2025-06-24T00:54:47.482+0700] {processor.py:183} INFO - Processing /home/panda/Documents/ODAP/Project/airflow/dags/start_DAG.py took 0.078 seconds
[2025-06-24T01:02:52.528+0700] {processor.py:161} INFO - Started process (PID=28440) to work on /home/panda/Documents/ODAP/Project/airflow/dags/start_DAG.py
[2025-06-24T01:02:52.530+0700] {processor.py:830} INFO - Processing file /home/panda/Documents/ODAP/Project/airflow/dags/start_DAG.py for tasks to queue
[2025-06-24T01:02:52.532+0700] {logging_mixin.py:188} INFO - [2025-06-24T01:02:52.532+0700] {dagbag.py:540} INFO - Filling up the DagBag from /home/panda/Documents/ODAP/Project/airflow/dags/start_DAG.py
[2025-06-24T01:02:52.540+0700] {processor.py:840} INFO - DAG(s) 'start_kafka_hadoop_and_run_notebooks' retrieved from /home/panda/Documents/ODAP/Project/airflow/dags/start_DAG.py
[2025-06-24T01:02:52.640+0700] {logging_mixin.py:188} INFO - [2025-06-24T01:02:52.640+0700] {dag.py:3096} INFO - Sync 1 DAGs
[2025-06-24T01:02:52.648+0700] {logging_mixin.py:188} INFO - [2025-06-24T01:02:52.648+0700] {dag.py:3118} INFO - Creating ORM DAG for start_kafka_hadoop_and_run_notebooks
[2025-06-24T01:02:52.648+0700] {logging_mixin.py:188} INFO - [2025-06-24T01:02:52.648+0700] {dag.py:3954} INFO - Setting next_dagrun for start_kafka_hadoop_and_run_notebooks to None, run_after=None
[2025-06-24T01:02:52.675+0700] {processor.py:183} INFO - Processing /home/panda/Documents/ODAP/Project/airflow/dags/start_DAG.py took 0.158 seconds
[2025-06-24T01:03:47.428+0700] {processor.py:161} INFO - Started process (PID=28661) to work on /home/panda/Documents/ODAP/Project/airflow/dags/start_DAG.py
[2025-06-24T01:03:47.433+0700] {processor.py:830} INFO - Processing file /home/panda/Documents/ODAP/Project/airflow/dags/start_DAG.py for tasks to queue
[2025-06-24T01:03:47.434+0700] {logging_mixin.py:188} INFO - [2025-06-24T01:03:47.434+0700] {dagbag.py:540} INFO - Filling up the DagBag from /home/panda/Documents/ODAP/Project/airflow/dags/start_DAG.py
[2025-06-24T01:03:47.440+0700] {processor.py:840} INFO - DAG(s) 'start_kafka_hadoop_and_run_notebooks' retrieved from /home/panda/Documents/ODAP/Project/airflow/dags/start_DAG.py
[2025-06-24T01:03:47.462+0700] {logging_mixin.py:188} INFO - [2025-06-24T01:03:47.462+0700] {dag.py:3096} INFO - Sync 1 DAGs
[2025-06-24T01:03:47.476+0700] {logging_mixin.py:188} INFO - [2025-06-24T01:03:47.476+0700] {dag.py:3954} INFO - Setting next_dagrun for start_kafka_hadoop_and_run_notebooks to None, run_after=None
[2025-06-24T01:03:47.503+0700] {processor.py:183} INFO - Processing /home/panda/Documents/ODAP/Project/airflow/dags/start_DAG.py took 0.083 seconds
[2025-06-24T01:04:33.748+0700] {processor.py:161} INFO - Started process (PID=28949) to work on /home/panda/Documents/ODAP/Project/airflow/dags/start_DAG.py
[2025-06-24T01:04:33.754+0700] {processor.py:830} INFO - Processing file /home/panda/Documents/ODAP/Project/airflow/dags/start_DAG.py for tasks to queue
[2025-06-24T01:04:33.755+0700] {logging_mixin.py:188} INFO - [2025-06-24T01:04:33.754+0700] {dagbag.py:540} INFO - Filling up the DagBag from /home/panda/Documents/ODAP/Project/airflow/dags/start_DAG.py
[2025-06-24T01:04:33.762+0700] {processor.py:840} INFO - DAG(s) 'start_kafka_hadoop_and_run_notebooks' retrieved from /home/panda/Documents/ODAP/Project/airflow/dags/start_DAG.py
[2025-06-24T01:04:33.782+0700] {logging_mixin.py:188} INFO - [2025-06-24T01:04:33.782+0700] {dag.py:3096} INFO - Sync 1 DAGs
[2025-06-24T01:04:33.795+0700] {logging_mixin.py:188} INFO - [2025-06-24T01:04:33.794+0700] {dag.py:3954} INFO - Setting next_dagrun for start_kafka_hadoop_and_run_notebooks to None, run_after=None
[2025-06-24T01:04:33.821+0700] {processor.py:183} INFO - Processing /home/panda/Documents/ODAP/Project/airflow/dags/start_DAG.py took 0.081 seconds
[2025-06-24T01:07:44.082+0700] {processor.py:161} INFO - Started process (PID=4583) to work on /home/panda/Documents/ODAP/Project/airflow/dags/start_DAG.py
[2025-06-24T01:07:44.083+0700] {processor.py:830} INFO - Processing file /home/panda/Documents/ODAP/Project/airflow/dags/start_DAG.py for tasks to queue
[2025-06-24T01:07:44.086+0700] {logging_mixin.py:188} INFO - [2025-06-24T01:07:44.085+0700] {dagbag.py:540} INFO - Filling up the DagBag from /home/panda/Documents/ODAP/Project/airflow/dags/start_DAG.py
[2025-06-24T01:07:44.098+0700] {processor.py:840} INFO - DAG(s) 'start_kafka_hadoop_and_run_notebooks' retrieved from /home/panda/Documents/ODAP/Project/airflow/dags/start_DAG.py
[2025-06-24T01:07:44.120+0700] {logging_mixin.py:188} INFO - [2025-06-24T01:07:44.120+0700] {dag.py:3096} INFO - Sync 1 DAGs
[2025-06-24T01:07:44.132+0700] {logging_mixin.py:188} INFO - [2025-06-24T01:07:44.132+0700] {dag.py:3954} INFO - Setting next_dagrun for start_kafka_hadoop_and_run_notebooks to None, run_after=None
[2025-06-24T01:07:44.154+0700] {processor.py:183} INFO - Processing /home/panda/Documents/ODAP/Project/airflow/dags/start_DAG.py took 0.078 seconds
[2025-06-24T01:08:57.234+0700] {processor.py:161} INFO - Started process (PID=5603) to work on /home/panda/Documents/ODAP/Project/airflow/dags/start_DAG.py
[2025-06-24T01:08:57.237+0700] {processor.py:830} INFO - Processing file /home/panda/Documents/ODAP/Project/airflow/dags/start_DAG.py for tasks to queue
[2025-06-24T01:08:57.238+0700] {logging_mixin.py:188} INFO - [2025-06-24T01:08:57.237+0700] {dagbag.py:540} INFO - Filling up the DagBag from /home/panda/Documents/ODAP/Project/airflow/dags/start_DAG.py
[2025-06-24T01:08:57.243+0700] {processor.py:840} INFO - DAG(s) 'start_kafka_hadoop_and_run_notebooks' retrieved from /home/panda/Documents/ODAP/Project/airflow/dags/start_DAG.py
[2025-06-24T01:08:57.335+0700] {logging_mixin.py:188} INFO - [2025-06-24T01:08:57.335+0700] {dag.py:3096} INFO - Sync 1 DAGs
[2025-06-24T01:08:57.343+0700] {logging_mixin.py:188} INFO - [2025-06-24T01:08:57.342+0700] {dag.py:3118} INFO - Creating ORM DAG for start_kafka_hadoop_and_run_notebooks
[2025-06-24T01:08:57.343+0700] {logging_mixin.py:188} INFO - [2025-06-24T01:08:57.343+0700] {dag.py:3954} INFO - Setting next_dagrun for start_kafka_hadoop_and_run_notebooks to None, run_after=None
[2025-06-24T01:08:57.371+0700] {processor.py:183} INFO - Processing /home/panda/Documents/ODAP/Project/airflow/dags/start_DAG.py took 0.142 seconds
