[2025-06-26T10:03:02.529+0700] {local_task_job_runner.py:120} INFO - ::group::Pre task execution logs
[2025-06-26T10:03:02.546+0700] {taskinstance.py:2073} INFO - Dependencies all met for dep_context=non-requeueable deps ti=<TaskInstance: start_kafka_hadoop_and_run_notebooks.start_zookeeper manual__2025-06-23T18:09:16.164006+00:00 [queued]>
[2025-06-26T10:03:02.551+0700] {taskinstance.py:2073} INFO - Dependencies all met for dep_context=requeueable deps ti=<TaskInstance: start_kafka_hadoop_and_run_notebooks.start_zookeeper manual__2025-06-23T18:09:16.164006+00:00 [queued]>
[2025-06-26T10:03:02.551+0700] {taskinstance.py:2303} INFO - Starting attempt 2 of 4
[2025-06-26T10:03:02.571+0700] {taskinstance.py:2327} INFO - Executing <Task(BashOperator): start_zookeeper> on 2025-06-23 18:09:16.164006+00:00
[2025-06-26T10:03:02.574+0700] {standard_task_runner.py:63} INFO - Started process 8171 to run task
[2025-06-26T10:03:02.579+0700] {standard_task_runner.py:90} INFO - Running: ['airflow', 'tasks', 'run', 'start_kafka_hadoop_and_run_notebooks', 'start_zookeeper', 'manual__2025-06-23T18:09:16.164006+00:00', '--job-id', '43', '--raw', '--subdir', 'DAGS_FOLDER/start_DAG.py', '--cfg-path', '/tmp/tmph9uxvsfe']
[2025-06-26T10:03:02.579+0700] {standard_task_runner.py:91} INFO - Job 43: Subtask start_zookeeper
[2025-06-26T10:03:02.611+0700] {task_command.py:426} INFO - Running <TaskInstance: start_kafka_hadoop_and_run_notebooks.start_zookeeper manual__2025-06-23T18:09:16.164006+00:00 [running]> on host Panda
[2025-06-26T10:03:02.674+0700] {taskinstance.py:2644} INFO - Exporting env vars: AIRFLOW_CTX_DAG_OWNER='group_03' AIRFLOW_CTX_DAG_ID='start_kafka_hadoop_and_run_notebooks' AIRFLOW_CTX_TASK_ID='start_zookeeper' AIRFLOW_CTX_EXECUTION_DATE='2025-06-23T18:09:16.164006+00:00' AIRFLOW_CTX_TRY_NUMBER='2' AIRFLOW_CTX_DAG_RUN_ID='manual__2025-06-23T18:09:16.164006+00:00'
[2025-06-26T10:03:02.675+0700] {taskinstance.py:430} INFO - ::endgroup::
[2025-06-26T10:03:02.675+0700] {subprocess.py:63} INFO - Tmp dir root location: /tmp
[2025-06-26T10:03:02.676+0700] {subprocess.py:75} INFO - Running command: ['/usr/bin/bash', '-c', 'bash -c "cd /home/panda/kafka_2.13-3.9.1 && nohup bin/zookeeper-server-start.sh config/zookeeper.properties > /tmp/zookeeper.log 2>&1 & sleep 5"']
[2025-06-26T10:03:02.684+0700] {subprocess.py:86} INFO - Output:
[2025-06-26T10:03:07.690+0700] {subprocess.py:97} INFO - Command exited with return code 0
[2025-06-26T10:03:07.691+0700] {taskinstance.py:441} INFO - ::group::Post task execution logs
[2025-06-26T10:03:07.719+0700] {taskinstance.py:1205} INFO - Marking task as SUCCESS. dag_id=start_kafka_hadoop_and_run_notebooks, task_id=start_zookeeper, execution_date=20250623T180916, start_date=20250626T030302, end_date=20250626T030307
[2025-06-26T10:03:07.774+0700] {local_task_job_runner.py:240} INFO - Task exited with return code 0
[2025-06-26T10:03:07.794+0700] {taskinstance.py:3482} INFO - 1 downstream tasks scheduled from follow-on schedule check
[2025-06-26T10:03:07.804+0700] {local_task_job_runner.py:222} INFO - ::endgroup::
