[2025-06-26T10:03:22.981+0700] {local_task_job_runner.py:120} INFO - ::group::Pre task execution logs
[2025-06-26T10:03:23.000+0700] {taskinstance.py:2073} INFO - Dependencies all met for dep_context=non-requeueable deps ti=<TaskInstance: start_kafka_hadoop_and_run_notebooks.start_yarn manual__2025-06-23T18:09:16.164006+00:00 [queued]>
[2025-06-26T10:03:23.005+0700] {taskinstance.py:2073} INFO - Dependencies all met for dep_context=requeueable deps ti=<TaskInstance: start_kafka_hadoop_and_run_notebooks.start_yarn manual__2025-06-23T18:09:16.164006+00:00 [queued]>
[2025-06-26T10:03:23.005+0700] {taskinstance.py:2303} INFO - Starting attempt 1 of 4
[2025-06-26T10:03:23.020+0700] {taskinstance.py:2327} INFO - Executing <Task(BashOperator): start_yarn> on 2025-06-23 18:09:16.164006+00:00
[2025-06-26T10:03:23.024+0700] {standard_task_runner.py:63} INFO - Started process 9602 to run task
[2025-06-26T10:03:23.028+0700] {standard_task_runner.py:90} INFO - Running: ['airflow', 'tasks', 'run', 'start_kafka_hadoop_and_run_notebooks', 'start_yarn', 'manual__2025-06-23T18:09:16.164006+00:00', '--job-id', '45', '--raw', '--subdir', 'DAGS_FOLDER/start_DAG.py', '--cfg-path', '/tmp/tmpvwm8inb9']
[2025-06-26T10:03:23.028+0700] {standard_task_runner.py:91} INFO - Job 45: Subtask start_yarn
[2025-06-26T10:03:23.059+0700] {task_command.py:426} INFO - Running <TaskInstance: start_kafka_hadoop_and_run_notebooks.start_yarn manual__2025-06-23T18:09:16.164006+00:00 [running]> on host Panda
[2025-06-26T10:03:23.127+0700] {taskinstance.py:2644} INFO - Exporting env vars: AIRFLOW_CTX_DAG_OWNER='group_03' AIRFLOW_CTX_DAG_ID='start_kafka_hadoop_and_run_notebooks' AIRFLOW_CTX_TASK_ID='start_yarn' AIRFLOW_CTX_EXECUTION_DATE='2025-06-23T18:09:16.164006+00:00' AIRFLOW_CTX_TRY_NUMBER='1' AIRFLOW_CTX_DAG_RUN_ID='manual__2025-06-23T18:09:16.164006+00:00'
[2025-06-26T10:03:23.128+0700] {taskinstance.py:430} INFO - ::endgroup::
[2025-06-26T10:03:23.129+0700] {subprocess.py:63} INFO - Tmp dir root location: /tmp
[2025-06-26T10:03:23.129+0700] {subprocess.py:75} INFO - Running command: ['/usr/bin/bash', '-c', "'start-yarn.sh'"]
[2025-06-26T10:03:23.140+0700] {subprocess.py:86} INFO - Output:
[2025-06-26T10:03:23.908+0700] {subprocess.py:93} INFO - Starting resourcemanager
[2025-06-26T10:03:26.008+0700] {subprocess.py:93} INFO - Starting nodemanagers
[2025-06-26T10:03:29.253+0700] {subprocess.py:97} INFO - Command exited with return code 0
[2025-06-26T10:03:29.254+0700] {taskinstance.py:441} INFO - ::group::Post task execution logs
[2025-06-26T10:03:29.273+0700] {taskinstance.py:1205} INFO - Marking task as SUCCESS. dag_id=start_kafka_hadoop_and_run_notebooks, task_id=start_yarn, execution_date=20250623T180916, start_date=20250626T030323, end_date=20250626T030329
[2025-06-26T10:03:29.296+0700] {local_task_job_runner.py:240} INFO - Task exited with return code 0
[2025-06-26T10:03:29.306+0700] {taskinstance.py:3482} INFO - 0 downstream tasks scheduled from follow-on schedule check
[2025-06-26T10:03:29.307+0700] {local_task_job_runner.py:222} INFO - ::endgroup::
