[2025-06-26T19:00:29.535+0700] {local_task_job_runner.py:120} INFO - ::group::Pre task execution logs
[2025-06-26T19:00:29.557+0700] {taskinstance.py:2073} INFO - Dependencies all met for dep_context=non-requeueable deps ti=<TaskInstance: send_data_to_powerbi.send_to_power_bi scheduled__2025-06-26T11:50:00+00:00 [queued]>
[2025-06-26T19:00:29.563+0700] {taskinstance.py:2073} INFO - Dependencies all met for dep_context=requeueable deps ti=<TaskInstance: send_data_to_powerbi.send_to_power_bi scheduled__2025-06-26T11:50:00+00:00 [queued]>
[2025-06-26T19:00:29.563+0700] {taskinstance.py:2303} INFO - Starting attempt 1 of 3
[2025-06-26T19:00:29.577+0700] {taskinstance.py:2327} INFO - Executing <Task(PythonOperator): send_to_power_bi> on 2025-06-26 11:50:00+00:00
[2025-06-26T19:00:29.584+0700] {standard_task_runner.py:63} INFO - Started process 34449 to run task
[2025-06-26T19:00:29.589+0700] {standard_task_runner.py:90} INFO - Running: ['airflow', 'tasks', 'run', 'send_data_to_powerbi', 'send_to_power_bi', 'scheduled__2025-06-26T11:50:00+00:00', '--job-id', '53', '--raw', '--subdir', 'DAGS_FOLDER/load_power_bi.py', '--cfg-path', '/tmp/tmpje_5bp7u']
[2025-06-26T19:00:29.589+0700] {standard_task_runner.py:91} INFO - Job 53: Subtask send_to_power_bi
[2025-06-26T19:00:29.633+0700] {task_command.py:426} INFO - Running <TaskInstance: send_data_to_powerbi.send_to_power_bi scheduled__2025-06-26T11:50:00+00:00 [running]> on host Panda
[2025-06-26T19:00:29.703+0700] {taskinstance.py:2644} INFO - Exporting env vars: AIRFLOW_CTX_DAG_OWNER='group_03' AIRFLOW_CTX_DAG_ID='send_data_to_powerbi' AIRFLOW_CTX_TASK_ID='send_to_power_bi' AIRFLOW_CTX_EXECUTION_DATE='2025-06-26T11:50:00+00:00' AIRFLOW_CTX_TRY_NUMBER='1' AIRFLOW_CTX_DAG_RUN_ID='scheduled__2025-06-26T11:50:00+00:00'
[2025-06-26T19:00:29.704+0700] {taskinstance.py:430} INFO - ::endgroup::
[2025-06-26T19:00:29.705+0700] {client.py:1116} INFO - Listing '/transactions_by_hour_compacted/'.
[2025-06-26T19:00:29.719+0700] {client.py:724} INFO - Reading file '/transactions_by_hour_compacted/part-00000-794a2239-4448-44f0-bcf8-31c5a647250d-c000.csv'.
[2025-06-26T19:00:30.462+0700] {logging_mixin.py:188} INFO - ✅ Batch 0 status: 200
[2025-06-26T19:00:30.975+0700] {logging_mixin.py:188} INFO - ✅ Batch 100 status: 200
[2025-06-26T19:00:31.488+0700] {logging_mixin.py:188} INFO - ✅ Batch 200 status: 200
[2025-06-26T19:00:31.617+0700] {python.py:237} INFO - Done. Returned value was: None
[2025-06-26T19:00:31.618+0700] {taskinstance.py:441} INFO - ::group::Post task execution logs
[2025-06-26T19:00:31.622+0700] {taskinstance.py:1205} INFO - Marking task as SUCCESS. dag_id=send_data_to_powerbi, task_id=send_to_power_bi, execution_date=20250626T115000, start_date=20250626T120029, end_date=20250626T120031
[2025-06-26T19:00:31.648+0700] {local_task_job_runner.py:240} INFO - Task exited with return code 0
[2025-06-26T19:00:31.660+0700] {taskinstance.py:3482} INFO - 0 downstream tasks scheduled from follow-on schedule check
[2025-06-26T19:00:31.660+0700] {local_task_job_runner.py:222} INFO - ::endgroup::
