[2025-06-24T00:02:04.319+0700] {processor.py:161} INFO - Started process (PID=5328) to work on /home/panda/Documents/ODAP/Project/venv310/lib/python3.10/site-packages/airflow/example_dags/plugins/event_listener.py
[2025-06-24T00:02:04.320+0700] {processor.py:830} INFO - Processing file /home/panda/Documents/ODAP/Project/venv310/lib/python3.10/site-packages/airflow/example_dags/plugins/event_listener.py for tasks to queue
[2025-06-24T00:02:04.322+0700] {logging_mixin.py:188} INFO - [2025-06-24T00:02:04.322+0700] {dagbag.py:540} INFO - Filling up the DagBag from /home/panda/Documents/ODAP/Project/venv310/lib/python3.10/site-packages/airflow/example_dags/plugins/event_listener.py
[2025-06-24T00:02:04.325+0700] {processor.py:842} WARNING - No viable dags retrieved from /home/panda/Documents/ODAP/Project/venv310/lib/python3.10/site-packages/airflow/example_dags/plugins/event_listener.py
[2025-06-24T00:02:04.338+0700] {processor.py:183} INFO - Processing /home/panda/Documents/ODAP/Project/venv310/lib/python3.10/site-packages/airflow/example_dags/plugins/event_listener.py took 0.026 seconds
[2025-06-24T00:02:58.746+0700] {processor.py:161} INFO - Started process (PID=6200) to work on /home/panda/Documents/ODAP/Project/venv310/lib/python3.10/site-packages/airflow/example_dags/plugins/event_listener.py
[2025-06-24T00:02:58.751+0700] {processor.py:830} INFO - Processing file /home/panda/Documents/ODAP/Project/venv310/lib/python3.10/site-packages/airflow/example_dags/plugins/event_listener.py for tasks to queue
[2025-06-24T00:02:58.754+0700] {logging_mixin.py:188} INFO - [2025-06-24T00:02:58.753+0700] {dagbag.py:540} INFO - Filling up the DagBag from /home/panda/Documents/ODAP/Project/venv310/lib/python3.10/site-packages/airflow/example_dags/plugins/event_listener.py
[2025-06-24T00:02:58.756+0700] {processor.py:842} WARNING - No viable dags retrieved from /home/panda/Documents/ODAP/Project/venv310/lib/python3.10/site-packages/airflow/example_dags/plugins/event_listener.py
[2025-06-24T00:02:58.769+0700] {processor.py:183} INFO - Processing /home/panda/Documents/ODAP/Project/venv310/lib/python3.10/site-packages/airflow/example_dags/plugins/event_listener.py took 0.029 seconds
[2025-06-24T00:03:47.836+0700] {processor.py:161} INFO - Started process (PID=6386) to work on /home/panda/Documents/ODAP/Project/venv310/lib/python3.10/site-packages/airflow/example_dags/plugins/event_listener.py
[2025-06-24T00:03:47.841+0700] {processor.py:830} INFO - Processing file /home/panda/Documents/ODAP/Project/venv310/lib/python3.10/site-packages/airflow/example_dags/plugins/event_listener.py for tasks to queue
[2025-06-24T00:03:47.842+0700] {logging_mixin.py:188} INFO - [2025-06-24T00:03:47.842+0700] {dagbag.py:540} INFO - Filling up the DagBag from /home/panda/Documents/ODAP/Project/venv310/lib/python3.10/site-packages/airflow/example_dags/plugins/event_listener.py
[2025-06-24T00:03:47.844+0700] {processor.py:842} WARNING - No viable dags retrieved from /home/panda/Documents/ODAP/Project/venv310/lib/python3.10/site-packages/airflow/example_dags/plugins/event_listener.py
[2025-06-24T00:03:47.854+0700] {processor.py:183} INFO - Processing /home/panda/Documents/ODAP/Project/venv310/lib/python3.10/site-packages/airflow/example_dags/plugins/event_listener.py took 0.024 seconds
[2025-06-24T00:04:37.560+0700] {processor.py:161} INFO - Started process (PID=6850) to work on /home/panda/Documents/ODAP/Project/venv310/lib/python3.10/site-packages/airflow/example_dags/plugins/event_listener.py
[2025-06-24T00:04:37.565+0700] {processor.py:830} INFO - Processing file /home/panda/Documents/ODAP/Project/venv310/lib/python3.10/site-packages/airflow/example_dags/plugins/event_listener.py for tasks to queue
[2025-06-24T00:04:37.568+0700] {logging_mixin.py:188} INFO - [2025-06-24T00:04:37.567+0700] {dagbag.py:540} INFO - Filling up the DagBag from /home/panda/Documents/ODAP/Project/venv310/lib/python3.10/site-packages/airflow/example_dags/plugins/event_listener.py
[2025-06-24T00:04:37.571+0700] {processor.py:842} WARNING - No viable dags retrieved from /home/panda/Documents/ODAP/Project/venv310/lib/python3.10/site-packages/airflow/example_dags/plugins/event_listener.py
[2025-06-24T00:04:37.583+0700] {processor.py:183} INFO - Processing /home/panda/Documents/ODAP/Project/venv310/lib/python3.10/site-packages/airflow/example_dags/plugins/event_listener.py took 0.030 seconds
[2025-06-24T00:05:23.467+0700] {processor.py:161} INFO - Started process (PID=7055) to work on /home/panda/Documents/ODAP/Project/venv310/lib/python3.10/site-packages/airflow/example_dags/plugins/event_listener.py
[2025-06-24T00:05:23.472+0700] {processor.py:830} INFO - Processing file /home/panda/Documents/ODAP/Project/venv310/lib/python3.10/site-packages/airflow/example_dags/plugins/event_listener.py for tasks to queue
[2025-06-24T00:05:23.475+0700] {logging_mixin.py:188} INFO - [2025-06-24T00:05:23.474+0700] {dagbag.py:540} INFO - Filling up the DagBag from /home/panda/Documents/ODAP/Project/venv310/lib/python3.10/site-packages/airflow/example_dags/plugins/event_listener.py
[2025-06-24T00:05:23.478+0700] {processor.py:842} WARNING - No viable dags retrieved from /home/panda/Documents/ODAP/Project/venv310/lib/python3.10/site-packages/airflow/example_dags/plugins/event_listener.py
[2025-06-24T00:05:23.492+0700] {processor.py:183} INFO - Processing /home/panda/Documents/ODAP/Project/venv310/lib/python3.10/site-packages/airflow/example_dags/plugins/event_listener.py took 0.032 seconds
[2025-06-24T00:07:11.505+0700] {processor.py:161} INFO - Started process (PID=8096) to work on /home/panda/Documents/ODAP/Project/venv310/lib/python3.10/site-packages/airflow/example_dags/plugins/event_listener.py
[2025-06-24T00:07:11.509+0700] {processor.py:830} INFO - Processing file /home/panda/Documents/ODAP/Project/venv310/lib/python3.10/site-packages/airflow/example_dags/plugins/event_listener.py for tasks to queue
[2025-06-24T00:07:11.511+0700] {logging_mixin.py:188} INFO - [2025-06-24T00:07:11.510+0700] {dagbag.py:540} INFO - Filling up the DagBag from /home/panda/Documents/ODAP/Project/venv310/lib/python3.10/site-packages/airflow/example_dags/plugins/event_listener.py
[2025-06-24T00:07:11.513+0700] {processor.py:842} WARNING - No viable dags retrieved from /home/panda/Documents/ODAP/Project/venv310/lib/python3.10/site-packages/airflow/example_dags/plugins/event_listener.py
[2025-06-24T00:07:11.527+0700] {processor.py:183} INFO - Processing /home/panda/Documents/ODAP/Project/venv310/lib/python3.10/site-packages/airflow/example_dags/plugins/event_listener.py took 0.030 seconds
[2025-06-24T00:08:25.491+0700] {processor.py:161} INFO - Started process (PID=10483) to work on /home/panda/Documents/ODAP/Project/venv310/lib/python3.10/site-packages/airflow/example_dags/plugins/event_listener.py
[2025-06-24T00:08:25.494+0700] {processor.py:830} INFO - Processing file /home/panda/Documents/ODAP/Project/venv310/lib/python3.10/site-packages/airflow/example_dags/plugins/event_listener.py for tasks to queue
[2025-06-24T00:08:25.496+0700] {logging_mixin.py:188} INFO - [2025-06-24T00:08:25.495+0700] {dagbag.py:540} INFO - Filling up the DagBag from /home/panda/Documents/ODAP/Project/venv310/lib/python3.10/site-packages/airflow/example_dags/plugins/event_listener.py
[2025-06-24T00:08:25.499+0700] {processor.py:842} WARNING - No viable dags retrieved from /home/panda/Documents/ODAP/Project/venv310/lib/python3.10/site-packages/airflow/example_dags/plugins/event_listener.py
[2025-06-24T00:08:25.512+0700] {processor.py:183} INFO - Processing /home/panda/Documents/ODAP/Project/venv310/lib/python3.10/site-packages/airflow/example_dags/plugins/event_listener.py took 0.030 seconds
[2025-06-24T00:09:27.341+0700] {processor.py:161} INFO - Started process (PID=10807) to work on /home/panda/Documents/ODAP/Project/venv310/lib/python3.10/site-packages/airflow/example_dags/plugins/event_listener.py
[2025-06-24T00:09:27.346+0700] {processor.py:830} INFO - Processing file /home/panda/Documents/ODAP/Project/venv310/lib/python3.10/site-packages/airflow/example_dags/plugins/event_listener.py for tasks to queue
[2025-06-24T00:09:27.347+0700] {logging_mixin.py:188} INFO - [2025-06-24T00:09:27.346+0700] {dagbag.py:540} INFO - Filling up the DagBag from /home/panda/Documents/ODAP/Project/venv310/lib/python3.10/site-packages/airflow/example_dags/plugins/event_listener.py
[2025-06-24T00:09:27.350+0700] {processor.py:842} WARNING - No viable dags retrieved from /home/panda/Documents/ODAP/Project/venv310/lib/python3.10/site-packages/airflow/example_dags/plugins/event_listener.py
[2025-06-24T00:09:27.364+0700] {processor.py:183} INFO - Processing /home/panda/Documents/ODAP/Project/venv310/lib/python3.10/site-packages/airflow/example_dags/plugins/event_listener.py took 0.030 seconds
[2025-06-24T00:10:12.140+0700] {processor.py:161} INFO - Started process (PID=10931) to work on /home/panda/Documents/ODAP/Project/venv310/lib/python3.10/site-packages/airflow/example_dags/plugins/event_listener.py
[2025-06-24T00:10:12.145+0700] {processor.py:830} INFO - Processing file /home/panda/Documents/ODAP/Project/venv310/lib/python3.10/site-packages/airflow/example_dags/plugins/event_listener.py for tasks to queue
[2025-06-24T00:10:12.146+0700] {logging_mixin.py:188} INFO - [2025-06-24T00:10:12.146+0700] {dagbag.py:540} INFO - Filling up the DagBag from /home/panda/Documents/ODAP/Project/venv310/lib/python3.10/site-packages/airflow/example_dags/plugins/event_listener.py
[2025-06-24T00:10:12.150+0700] {processor.py:842} WARNING - No viable dags retrieved from /home/panda/Documents/ODAP/Project/venv310/lib/python3.10/site-packages/airflow/example_dags/plugins/event_listener.py
[2025-06-24T00:10:12.164+0700] {processor.py:183} INFO - Processing /home/panda/Documents/ODAP/Project/venv310/lib/python3.10/site-packages/airflow/example_dags/plugins/event_listener.py took 0.032 seconds
[2025-06-24T00:11:14.069+0700] {processor.py:161} INFO - Started process (PID=12249) to work on /home/panda/Documents/ODAP/Project/venv310/lib/python3.10/site-packages/airflow/example_dags/plugins/event_listener.py
[2025-06-24T00:11:14.072+0700] {processor.py:830} INFO - Processing file /home/panda/Documents/ODAP/Project/venv310/lib/python3.10/site-packages/airflow/example_dags/plugins/event_listener.py for tasks to queue
[2025-06-24T00:11:14.073+0700] {logging_mixin.py:188} INFO - [2025-06-24T00:11:14.072+0700] {dagbag.py:540} INFO - Filling up the DagBag from /home/panda/Documents/ODAP/Project/venv310/lib/python3.10/site-packages/airflow/example_dags/plugins/event_listener.py
[2025-06-24T00:11:14.076+0700] {processor.py:842} WARNING - No viable dags retrieved from /home/panda/Documents/ODAP/Project/venv310/lib/python3.10/site-packages/airflow/example_dags/plugins/event_listener.py
[2025-06-24T00:11:14.089+0700] {processor.py:183} INFO - Processing /home/panda/Documents/ODAP/Project/venv310/lib/python3.10/site-packages/airflow/example_dags/plugins/event_listener.py took 0.027 seconds
[2025-06-24T00:12:12.244+0700] {processor.py:161} INFO - Started process (PID=12587) to work on /home/panda/Documents/ODAP/Project/venv310/lib/python3.10/site-packages/airflow/example_dags/plugins/event_listener.py
[2025-06-24T00:12:12.248+0700] {processor.py:830} INFO - Processing file /home/panda/Documents/ODAP/Project/venv310/lib/python3.10/site-packages/airflow/example_dags/plugins/event_listener.py for tasks to queue
[2025-06-24T00:12:12.249+0700] {logging_mixin.py:188} INFO - [2025-06-24T00:12:12.249+0700] {dagbag.py:540} INFO - Filling up the DagBag from /home/panda/Documents/ODAP/Project/venv310/lib/python3.10/site-packages/airflow/example_dags/plugins/event_listener.py
[2025-06-24T00:12:12.252+0700] {processor.py:842} WARNING - No viable dags retrieved from /home/panda/Documents/ODAP/Project/venv310/lib/python3.10/site-packages/airflow/example_dags/plugins/event_listener.py
[2025-06-24T00:12:12.265+0700] {processor.py:183} INFO - Processing /home/panda/Documents/ODAP/Project/venv310/lib/python3.10/site-packages/airflow/example_dags/plugins/event_listener.py took 0.028 seconds
[2025-06-24T00:12:56.693+0700] {processor.py:161} INFO - Started process (PID=12734) to work on /home/panda/Documents/ODAP/Project/venv310/lib/python3.10/site-packages/airflow/example_dags/plugins/event_listener.py
[2025-06-24T00:12:56.698+0700] {processor.py:830} INFO - Processing file /home/panda/Documents/ODAP/Project/venv310/lib/python3.10/site-packages/airflow/example_dags/plugins/event_listener.py for tasks to queue
[2025-06-24T00:12:56.699+0700] {logging_mixin.py:188} INFO - [2025-06-24T00:12:56.699+0700] {dagbag.py:540} INFO - Filling up the DagBag from /home/panda/Documents/ODAP/Project/venv310/lib/python3.10/site-packages/airflow/example_dags/plugins/event_listener.py
[2025-06-24T00:12:56.702+0700] {processor.py:842} WARNING - No viable dags retrieved from /home/panda/Documents/ODAP/Project/venv310/lib/python3.10/site-packages/airflow/example_dags/plugins/event_listener.py
[2025-06-24T00:12:56.715+0700] {processor.py:183} INFO - Processing /home/panda/Documents/ODAP/Project/venv310/lib/python3.10/site-packages/airflow/example_dags/plugins/event_listener.py took 0.029 seconds
[2025-06-24T00:13:41.228+0700] {processor.py:161} INFO - Started process (PID=12884) to work on /home/panda/Documents/ODAP/Project/venv310/lib/python3.10/site-packages/airflow/example_dags/plugins/event_listener.py
[2025-06-24T00:13:41.233+0700] {processor.py:830} INFO - Processing file /home/panda/Documents/ODAP/Project/venv310/lib/python3.10/site-packages/airflow/example_dags/plugins/event_listener.py for tasks to queue
[2025-06-24T00:13:41.235+0700] {logging_mixin.py:188} INFO - [2025-06-24T00:13:41.234+0700] {dagbag.py:540} INFO - Filling up the DagBag from /home/panda/Documents/ODAP/Project/venv310/lib/python3.10/site-packages/airflow/example_dags/plugins/event_listener.py
[2025-06-24T00:13:41.238+0700] {processor.py:842} WARNING - No viable dags retrieved from /home/panda/Documents/ODAP/Project/venv310/lib/python3.10/site-packages/airflow/example_dags/plugins/event_listener.py
[2025-06-24T00:13:41.251+0700] {processor.py:183} INFO - Processing /home/panda/Documents/ODAP/Project/venv310/lib/python3.10/site-packages/airflow/example_dags/plugins/event_listener.py took 0.030 seconds
[2025-06-24T00:14:25.560+0700] {processor.py:161} INFO - Started process (PID=13135) to work on /home/panda/Documents/ODAP/Project/venv310/lib/python3.10/site-packages/airflow/example_dags/plugins/event_listener.py
[2025-06-24T00:14:25.566+0700] {processor.py:830} INFO - Processing file /home/panda/Documents/ODAP/Project/venv310/lib/python3.10/site-packages/airflow/example_dags/plugins/event_listener.py for tasks to queue
[2025-06-24T00:14:25.568+0700] {logging_mixin.py:188} INFO - [2025-06-24T00:14:25.567+0700] {dagbag.py:540} INFO - Filling up the DagBag from /home/panda/Documents/ODAP/Project/venv310/lib/python3.10/site-packages/airflow/example_dags/plugins/event_listener.py
[2025-06-24T00:14:25.571+0700] {processor.py:842} WARNING - No viable dags retrieved from /home/panda/Documents/ODAP/Project/venv310/lib/python3.10/site-packages/airflow/example_dags/plugins/event_listener.py
[2025-06-24T00:14:25.584+0700] {processor.py:183} INFO - Processing /home/panda/Documents/ODAP/Project/venv310/lib/python3.10/site-packages/airflow/example_dags/plugins/event_listener.py took 0.031 seconds
[2025-06-24T00:15:07.903+0700] {processor.py:161} INFO - Started process (PID=13342) to work on /home/panda/Documents/ODAP/Project/venv310/lib/python3.10/site-packages/airflow/example_dags/plugins/event_listener.py
[2025-06-24T00:15:07.906+0700] {processor.py:830} INFO - Processing file /home/panda/Documents/ODAP/Project/venv310/lib/python3.10/site-packages/airflow/example_dags/plugins/event_listener.py for tasks to queue
[2025-06-24T00:15:07.907+0700] {logging_mixin.py:188} INFO - [2025-06-24T00:15:07.906+0700] {dagbag.py:540} INFO - Filling up the DagBag from /home/panda/Documents/ODAP/Project/venv310/lib/python3.10/site-packages/airflow/example_dags/plugins/event_listener.py
[2025-06-24T00:15:07.909+0700] {processor.py:842} WARNING - No viable dags retrieved from /home/panda/Documents/ODAP/Project/venv310/lib/python3.10/site-packages/airflow/example_dags/plugins/event_listener.py
[2025-06-24T00:15:07.924+0700] {processor.py:183} INFO - Processing /home/panda/Documents/ODAP/Project/venv310/lib/python3.10/site-packages/airflow/example_dags/plugins/event_listener.py took 0.028 seconds
[2025-06-24T00:21:21.854+0700] {processor.py:161} INFO - Started process (PID=16567) to work on /home/panda/Documents/ODAP/Project/venv310/lib/python3.10/site-packages/airflow/example_dags/plugins/event_listener.py
[2025-06-24T00:21:21.859+0700] {processor.py:830} INFO - Processing file /home/panda/Documents/ODAP/Project/venv310/lib/python3.10/site-packages/airflow/example_dags/plugins/event_listener.py for tasks to queue
[2025-06-24T00:21:21.860+0700] {logging_mixin.py:188} INFO - [2025-06-24T00:21:21.859+0700] {dagbag.py:540} INFO - Filling up the DagBag from /home/panda/Documents/ODAP/Project/venv310/lib/python3.10/site-packages/airflow/example_dags/plugins/event_listener.py
[2025-06-24T00:21:21.863+0700] {processor.py:842} WARNING - No viable dags retrieved from /home/panda/Documents/ODAP/Project/venv310/lib/python3.10/site-packages/airflow/example_dags/plugins/event_listener.py
[2025-06-24T00:21:21.877+0700] {processor.py:183} INFO - Processing /home/panda/Documents/ODAP/Project/venv310/lib/python3.10/site-packages/airflow/example_dags/plugins/event_listener.py took 0.031 seconds
[2025-06-24T00:22:14.040+0700] {processor.py:161} INFO - Started process (PID=16740) to work on /home/panda/Documents/ODAP/Project/venv310/lib/python3.10/site-packages/airflow/example_dags/plugins/event_listener.py
[2025-06-24T00:22:14.045+0700] {processor.py:830} INFO - Processing file /home/panda/Documents/ODAP/Project/venv310/lib/python3.10/site-packages/airflow/example_dags/plugins/event_listener.py for tasks to queue
[2025-06-24T00:22:14.046+0700] {logging_mixin.py:188} INFO - [2025-06-24T00:22:14.045+0700] {dagbag.py:540} INFO - Filling up the DagBag from /home/panda/Documents/ODAP/Project/venv310/lib/python3.10/site-packages/airflow/example_dags/plugins/event_listener.py
[2025-06-24T00:22:14.050+0700] {processor.py:842} WARNING - No viable dags retrieved from /home/panda/Documents/ODAP/Project/venv310/lib/python3.10/site-packages/airflow/example_dags/plugins/event_listener.py
[2025-06-24T00:22:14.065+0700] {processor.py:183} INFO - Processing /home/panda/Documents/ODAP/Project/venv310/lib/python3.10/site-packages/airflow/example_dags/plugins/event_listener.py took 0.033 seconds
[2025-06-24T00:23:15.577+0700] {processor.py:161} INFO - Started process (PID=18200) to work on /home/panda/Documents/ODAP/Project/venv310/lib/python3.10/site-packages/airflow/example_dags/plugins/event_listener.py
[2025-06-24T00:23:15.582+0700] {processor.py:830} INFO - Processing file /home/panda/Documents/ODAP/Project/venv310/lib/python3.10/site-packages/airflow/example_dags/plugins/event_listener.py for tasks to queue
[2025-06-24T00:23:15.582+0700] {logging_mixin.py:188} INFO - [2025-06-24T00:23:15.582+0700] {dagbag.py:540} INFO - Filling up the DagBag from /home/panda/Documents/ODAP/Project/venv310/lib/python3.10/site-packages/airflow/example_dags/plugins/event_listener.py
[2025-06-24T00:23:15.585+0700] {processor.py:842} WARNING - No viable dags retrieved from /home/panda/Documents/ODAP/Project/venv310/lib/python3.10/site-packages/airflow/example_dags/plugins/event_listener.py
[2025-06-24T00:23:15.599+0700] {processor.py:183} INFO - Processing /home/panda/Documents/ODAP/Project/venv310/lib/python3.10/site-packages/airflow/example_dags/plugins/event_listener.py took 0.030 seconds
[2025-06-24T00:33:33.253+0700] {processor.py:161} INFO - Started process (PID=20195) to work on /home/panda/Documents/ODAP/Project/venv310/lib/python3.10/site-packages/airflow/example_dags/plugins/event_listener.py
[2025-06-24T00:33:33.261+0700] {processor.py:830} INFO - Processing file /home/panda/Documents/ODAP/Project/venv310/lib/python3.10/site-packages/airflow/example_dags/plugins/event_listener.py for tasks to queue
[2025-06-24T00:33:33.263+0700] {logging_mixin.py:188} INFO - [2025-06-24T00:33:33.262+0700] {dagbag.py:540} INFO - Filling up the DagBag from /home/panda/Documents/ODAP/Project/venv310/lib/python3.10/site-packages/airflow/example_dags/plugins/event_listener.py
[2025-06-24T00:33:33.265+0700] {processor.py:842} WARNING - No viable dags retrieved from /home/panda/Documents/ODAP/Project/venv310/lib/python3.10/site-packages/airflow/example_dags/plugins/event_listener.py
[2025-06-24T00:33:33.279+0700] {processor.py:183} INFO - Processing /home/panda/Documents/ODAP/Project/venv310/lib/python3.10/site-packages/airflow/example_dags/plugins/event_listener.py took 0.034 seconds
[2025-06-24T00:34:26.635+0700] {processor.py:161} INFO - Started process (PID=20381) to work on /home/panda/Documents/ODAP/Project/venv310/lib/python3.10/site-packages/airflow/example_dags/plugins/event_listener.py
[2025-06-24T00:34:26.640+0700] {processor.py:830} INFO - Processing file /home/panda/Documents/ODAP/Project/venv310/lib/python3.10/site-packages/airflow/example_dags/plugins/event_listener.py for tasks to queue
[2025-06-24T00:34:26.642+0700] {logging_mixin.py:188} INFO - [2025-06-24T00:34:26.641+0700] {dagbag.py:540} INFO - Filling up the DagBag from /home/panda/Documents/ODAP/Project/venv310/lib/python3.10/site-packages/airflow/example_dags/plugins/event_listener.py
[2025-06-24T00:34:26.646+0700] {processor.py:842} WARNING - No viable dags retrieved from /home/panda/Documents/ODAP/Project/venv310/lib/python3.10/site-packages/airflow/example_dags/plugins/event_listener.py
[2025-06-24T00:34:26.661+0700] {processor.py:183} INFO - Processing /home/panda/Documents/ODAP/Project/venv310/lib/python3.10/site-packages/airflow/example_dags/plugins/event_listener.py took 0.037 seconds
[2025-06-24T00:35:15.331+0700] {processor.py:161} INFO - Started process (PID=20525) to work on /home/panda/Documents/ODAP/Project/venv310/lib/python3.10/site-packages/airflow/example_dags/plugins/event_listener.py
[2025-06-24T00:35:15.336+0700] {processor.py:830} INFO - Processing file /home/panda/Documents/ODAP/Project/venv310/lib/python3.10/site-packages/airflow/example_dags/plugins/event_listener.py for tasks to queue
[2025-06-24T00:35:15.338+0700] {logging_mixin.py:188} INFO - [2025-06-24T00:35:15.337+0700] {dagbag.py:540} INFO - Filling up the DagBag from /home/panda/Documents/ODAP/Project/venv310/lib/python3.10/site-packages/airflow/example_dags/plugins/event_listener.py
[2025-06-24T00:35:15.341+0700] {processor.py:842} WARNING - No viable dags retrieved from /home/panda/Documents/ODAP/Project/venv310/lib/python3.10/site-packages/airflow/example_dags/plugins/event_listener.py
[2025-06-24T00:35:15.355+0700] {processor.py:183} INFO - Processing /home/panda/Documents/ODAP/Project/venv310/lib/python3.10/site-packages/airflow/example_dags/plugins/event_listener.py took 0.033 seconds
[2025-06-24T00:36:01.676+0700] {processor.py:161} INFO - Started process (PID=20712) to work on /home/panda/Documents/ODAP/Project/venv310/lib/python3.10/site-packages/airflow/example_dags/plugins/event_listener.py
[2025-06-24T00:36:01.681+0700] {processor.py:830} INFO - Processing file /home/panda/Documents/ODAP/Project/venv310/lib/python3.10/site-packages/airflow/example_dags/plugins/event_listener.py for tasks to queue
[2025-06-24T00:36:01.682+0700] {logging_mixin.py:188} INFO - [2025-06-24T00:36:01.681+0700] {dagbag.py:540} INFO - Filling up the DagBag from /home/panda/Documents/ODAP/Project/venv310/lib/python3.10/site-packages/airflow/example_dags/plugins/event_listener.py
[2025-06-24T00:36:01.685+0700] {processor.py:842} WARNING - No viable dags retrieved from /home/panda/Documents/ODAP/Project/venv310/lib/python3.10/site-packages/airflow/example_dags/plugins/event_listener.py
[2025-06-24T00:36:01.699+0700] {processor.py:183} INFO - Processing /home/panda/Documents/ODAP/Project/venv310/lib/python3.10/site-packages/airflow/example_dags/plugins/event_listener.py took 0.031 seconds
[2025-06-24T00:36:47.186+0700] {processor.py:161} INFO - Started process (PID=21005) to work on /home/panda/Documents/ODAP/Project/venv310/lib/python3.10/site-packages/airflow/example_dags/plugins/event_listener.py
[2025-06-24T00:36:47.191+0700] {processor.py:830} INFO - Processing file /home/panda/Documents/ODAP/Project/venv310/lib/python3.10/site-packages/airflow/example_dags/plugins/event_listener.py for tasks to queue
[2025-06-24T00:36:47.193+0700] {logging_mixin.py:188} INFO - [2025-06-24T00:36:47.192+0700] {dagbag.py:540} INFO - Filling up the DagBag from /home/panda/Documents/ODAP/Project/venv310/lib/python3.10/site-packages/airflow/example_dags/plugins/event_listener.py
[2025-06-24T00:36:47.196+0700] {processor.py:842} WARNING - No viable dags retrieved from /home/panda/Documents/ODAP/Project/venv310/lib/python3.10/site-packages/airflow/example_dags/plugins/event_listener.py
[2025-06-24T00:36:47.210+0700] {processor.py:183} INFO - Processing /home/panda/Documents/ODAP/Project/venv310/lib/python3.10/site-packages/airflow/example_dags/plugins/event_listener.py took 0.032 seconds
[2025-06-24T00:52:31.270+0700] {processor.py:161} INFO - Started process (PID=25100) to work on /home/panda/Documents/ODAP/Project/venv310/lib/python3.10/site-packages/airflow/example_dags/plugins/event_listener.py
[2025-06-24T00:52:31.275+0700] {processor.py:830} INFO - Processing file /home/panda/Documents/ODAP/Project/venv310/lib/python3.10/site-packages/airflow/example_dags/plugins/event_listener.py for tasks to queue
[2025-06-24T00:52:31.276+0700] {logging_mixin.py:188} INFO - [2025-06-24T00:52:31.276+0700] {dagbag.py:540} INFO - Filling up the DagBag from /home/panda/Documents/ODAP/Project/venv310/lib/python3.10/site-packages/airflow/example_dags/plugins/event_listener.py
[2025-06-24T00:52:31.279+0700] {processor.py:842} WARNING - No viable dags retrieved from /home/panda/Documents/ODAP/Project/venv310/lib/python3.10/site-packages/airflow/example_dags/plugins/event_listener.py
[2025-06-24T00:52:31.294+0700] {processor.py:183} INFO - Processing /home/panda/Documents/ODAP/Project/venv310/lib/python3.10/site-packages/airflow/example_dags/plugins/event_listener.py took 0.032 seconds
[2025-06-24T00:53:24.849+0700] {processor.py:161} INFO - Started process (PID=25282) to work on /home/panda/Documents/ODAP/Project/venv310/lib/python3.10/site-packages/airflow/example_dags/plugins/event_listener.py
[2025-06-24T00:53:24.854+0700] {processor.py:830} INFO - Processing file /home/panda/Documents/ODAP/Project/venv310/lib/python3.10/site-packages/airflow/example_dags/plugins/event_listener.py for tasks to queue
[2025-06-24T00:53:24.855+0700] {logging_mixin.py:188} INFO - [2025-06-24T00:53:24.855+0700] {dagbag.py:540} INFO - Filling up the DagBag from /home/panda/Documents/ODAP/Project/venv310/lib/python3.10/site-packages/airflow/example_dags/plugins/event_listener.py
[2025-06-24T00:53:24.858+0700] {processor.py:842} WARNING - No viable dags retrieved from /home/panda/Documents/ODAP/Project/venv310/lib/python3.10/site-packages/airflow/example_dags/plugins/event_listener.py
[2025-06-24T00:53:24.873+0700] {processor.py:183} INFO - Processing /home/panda/Documents/ODAP/Project/venv310/lib/python3.10/site-packages/airflow/example_dags/plugins/event_listener.py took 0.031 seconds
[2025-06-24T00:54:13.448+0700] {processor.py:161} INFO - Started process (PID=25567) to work on /home/panda/Documents/ODAP/Project/venv310/lib/python3.10/site-packages/airflow/example_dags/plugins/event_listener.py
[2025-06-24T00:54:13.449+0700] {processor.py:830} INFO - Processing file /home/panda/Documents/ODAP/Project/venv310/lib/python3.10/site-packages/airflow/example_dags/plugins/event_listener.py for tasks to queue
[2025-06-24T00:54:13.451+0700] {logging_mixin.py:188} INFO - [2025-06-24T00:54:13.450+0700] {dagbag.py:540} INFO - Filling up the DagBag from /home/panda/Documents/ODAP/Project/venv310/lib/python3.10/site-packages/airflow/example_dags/plugins/event_listener.py
[2025-06-24T00:54:13.453+0700] {processor.py:842} WARNING - No viable dags retrieved from /home/panda/Documents/ODAP/Project/venv310/lib/python3.10/site-packages/airflow/example_dags/plugins/event_listener.py
[2025-06-24T00:54:13.468+0700] {processor.py:183} INFO - Processing /home/panda/Documents/ODAP/Project/venv310/lib/python3.10/site-packages/airflow/example_dags/plugins/event_listener.py took 0.027 seconds
[2025-06-24T00:55:00.054+0700] {processor.py:161} INFO - Started process (PID=25717) to work on /home/panda/Documents/ODAP/Project/venv310/lib/python3.10/site-packages/airflow/example_dags/plugins/event_listener.py
[2025-06-24T00:55:00.059+0700] {processor.py:830} INFO - Processing file /home/panda/Documents/ODAP/Project/venv310/lib/python3.10/site-packages/airflow/example_dags/plugins/event_listener.py for tasks to queue
[2025-06-24T00:55:00.060+0700] {logging_mixin.py:188} INFO - [2025-06-24T00:55:00.060+0700] {dagbag.py:540} INFO - Filling up the DagBag from /home/panda/Documents/ODAP/Project/venv310/lib/python3.10/site-packages/airflow/example_dags/plugins/event_listener.py
[2025-06-24T00:55:00.064+0700] {processor.py:842} WARNING - No viable dags retrieved from /home/panda/Documents/ODAP/Project/venv310/lib/python3.10/site-packages/airflow/example_dags/plugins/event_listener.py
[2025-06-24T00:55:00.079+0700] {processor.py:183} INFO - Processing /home/panda/Documents/ODAP/Project/venv310/lib/python3.10/site-packages/airflow/example_dags/plugins/event_listener.py took 0.033 seconds
[2025-06-24T01:03:07.247+0700] {processor.py:161} INFO - Started process (PID=28547) to work on /home/panda/Documents/ODAP/Project/venv310/lib/python3.10/site-packages/airflow/example_dags/plugins/event_listener.py
[2025-06-24T01:03:07.253+0700] {processor.py:830} INFO - Processing file /home/panda/Documents/ODAP/Project/venv310/lib/python3.10/site-packages/airflow/example_dags/plugins/event_listener.py for tasks to queue
[2025-06-24T01:03:07.254+0700] {logging_mixin.py:188} INFO - [2025-06-24T01:03:07.254+0700] {dagbag.py:540} INFO - Filling up the DagBag from /home/panda/Documents/ODAP/Project/venv310/lib/python3.10/site-packages/airflow/example_dags/plugins/event_listener.py
[2025-06-24T01:03:07.257+0700] {processor.py:842} WARNING - No viable dags retrieved from /home/panda/Documents/ODAP/Project/venv310/lib/python3.10/site-packages/airflow/example_dags/plugins/event_listener.py
[2025-06-24T01:03:07.273+0700] {processor.py:183} INFO - Processing /home/panda/Documents/ODAP/Project/venv310/lib/python3.10/site-packages/airflow/example_dags/plugins/event_listener.py took 0.034 seconds
[2025-06-24T01:03:59.355+0700] {processor.py:161} INFO - Started process (PID=28707) to work on /home/panda/Documents/ODAP/Project/venv310/lib/python3.10/site-packages/airflow/example_dags/plugins/event_listener.py
[2025-06-24T01:03:59.360+0700] {processor.py:830} INFO - Processing file /home/panda/Documents/ODAP/Project/venv310/lib/python3.10/site-packages/airflow/example_dags/plugins/event_listener.py for tasks to queue
[2025-06-24T01:03:59.362+0700] {logging_mixin.py:188} INFO - [2025-06-24T01:03:59.361+0700] {dagbag.py:540} INFO - Filling up the DagBag from /home/panda/Documents/ODAP/Project/venv310/lib/python3.10/site-packages/airflow/example_dags/plugins/event_listener.py
[2025-06-24T01:03:59.365+0700] {processor.py:842} WARNING - No viable dags retrieved from /home/panda/Documents/ODAP/Project/venv310/lib/python3.10/site-packages/airflow/example_dags/plugins/event_listener.py
[2025-06-24T01:03:59.379+0700] {processor.py:183} INFO - Processing /home/panda/Documents/ODAP/Project/venv310/lib/python3.10/site-packages/airflow/example_dags/plugins/event_listener.py took 0.031 seconds
[2025-06-24T01:09:10.815+0700] {processor.py:161} INFO - Started process (PID=5633) to work on /home/panda/Documents/ODAP/Project/venv310/lib/python3.10/site-packages/airflow/example_dags/plugins/event_listener.py
[2025-06-24T01:09:10.817+0700] {processor.py:830} INFO - Processing file /home/panda/Documents/ODAP/Project/venv310/lib/python3.10/site-packages/airflow/example_dags/plugins/event_listener.py for tasks to queue
[2025-06-24T01:09:10.818+0700] {logging_mixin.py:188} INFO - [2025-06-24T01:09:10.818+0700] {dagbag.py:540} INFO - Filling up the DagBag from /home/panda/Documents/ODAP/Project/venv310/lib/python3.10/site-packages/airflow/example_dags/plugins/event_listener.py
[2025-06-24T01:09:10.821+0700] {processor.py:842} WARNING - No viable dags retrieved from /home/panda/Documents/ODAP/Project/venv310/lib/python3.10/site-packages/airflow/example_dags/plugins/event_listener.py
[2025-06-24T01:09:10.844+0700] {processor.py:183} INFO - Processing /home/panda/Documents/ODAP/Project/venv310/lib/python3.10/site-packages/airflow/example_dags/plugins/event_listener.py took 0.036 seconds
