[2025-06-24T00:01:54.458+0700] {processor.py:161} INFO - Started process (PID=5196) to work on /home/panda/Documents/ODAP/Project/venv310/lib/python3.10/site-packages/airflow/example_dags/plugins/listener_plugin.py
[2025-06-24T00:01:54.459+0700] {processor.py:830} INFO - Processing file /home/panda/Documents/ODAP/Project/venv310/lib/python3.10/site-packages/airflow/example_dags/plugins/listener_plugin.py for tasks to queue
[2025-06-24T00:01:54.461+0700] {logging_mixin.py:188} INFO - [2025-06-24T00:01:54.460+0700] {dagbag.py:540} INFO - Filling up the DagBag from /home/panda/Documents/ODAP/Project/venv310/lib/python3.10/site-packages/airflow/example_dags/plugins/listener_plugin.py
[2025-06-24T00:01:54.464+0700] {processor.py:842} WARNING - No viable dags retrieved from /home/panda/Documents/ODAP/Project/venv310/lib/python3.10/site-packages/airflow/example_dags/plugins/listener_plugin.py
[2025-06-24T00:01:54.476+0700] {processor.py:183} INFO - Processing /home/panda/Documents/ODAP/Project/venv310/lib/python3.10/site-packages/airflow/example_dags/plugins/listener_plugin.py took 0.026 seconds
[2025-06-24T00:02:48.435+0700] {processor.py:161} INFO - Started process (PID=6176) to work on /home/panda/Documents/ODAP/Project/venv310/lib/python3.10/site-packages/airflow/example_dags/plugins/listener_plugin.py
[2025-06-24T00:02:48.440+0700] {processor.py:830} INFO - Processing file /home/panda/Documents/ODAP/Project/venv310/lib/python3.10/site-packages/airflow/example_dags/plugins/listener_plugin.py for tasks to queue
[2025-06-24T00:02:48.442+0700] {logging_mixin.py:188} INFO - [2025-06-24T00:02:48.441+0700] {dagbag.py:540} INFO - Filling up the DagBag from /home/panda/Documents/ODAP/Project/venv310/lib/python3.10/site-packages/airflow/example_dags/plugins/listener_plugin.py
[2025-06-24T00:02:48.445+0700] {processor.py:842} WARNING - No viable dags retrieved from /home/panda/Documents/ODAP/Project/venv310/lib/python3.10/site-packages/airflow/example_dags/plugins/listener_plugin.py
[2025-06-24T00:02:48.457+0700] {processor.py:183} INFO - Processing /home/panda/Documents/ODAP/Project/venv310/lib/python3.10/site-packages/airflow/example_dags/plugins/listener_plugin.py took 0.029 seconds
[2025-06-24T00:03:36.785+0700] {processor.py:161} INFO - Started process (PID=6360) to work on /home/panda/Documents/ODAP/Project/venv310/lib/python3.10/site-packages/airflow/example_dags/plugins/listener_plugin.py
[2025-06-24T00:03:36.790+0700] {processor.py:830} INFO - Processing file /home/panda/Documents/ODAP/Project/venv310/lib/python3.10/site-packages/airflow/example_dags/plugins/listener_plugin.py for tasks to queue
[2025-06-24T00:03:36.791+0700] {logging_mixin.py:188} INFO - [2025-06-24T00:03:36.791+0700] {dagbag.py:540} INFO - Filling up the DagBag from /home/panda/Documents/ODAP/Project/venv310/lib/python3.10/site-packages/airflow/example_dags/plugins/listener_plugin.py
[2025-06-24T00:03:36.795+0700] {processor.py:842} WARNING - No viable dags retrieved from /home/panda/Documents/ODAP/Project/venv310/lib/python3.10/site-packages/airflow/example_dags/plugins/listener_plugin.py
[2025-06-24T00:03:36.807+0700] {processor.py:183} INFO - Processing /home/panda/Documents/ODAP/Project/venv310/lib/python3.10/site-packages/airflow/example_dags/plugins/listener_plugin.py took 0.028 seconds
[2025-06-24T00:04:27.244+0700] {processor.py:161} INFO - Started process (PID=6824) to work on /home/panda/Documents/ODAP/Project/venv310/lib/python3.10/site-packages/airflow/example_dags/plugins/listener_plugin.py
[2025-06-24T00:04:27.248+0700] {processor.py:830} INFO - Processing file /home/panda/Documents/ODAP/Project/venv310/lib/python3.10/site-packages/airflow/example_dags/plugins/listener_plugin.py for tasks to queue
[2025-06-24T00:04:27.251+0700] {logging_mixin.py:188} INFO - [2025-06-24T00:04:27.250+0700] {dagbag.py:540} INFO - Filling up the DagBag from /home/panda/Documents/ODAP/Project/venv310/lib/python3.10/site-packages/airflow/example_dags/plugins/listener_plugin.py
[2025-06-24T00:04:27.254+0700] {processor.py:842} WARNING - No viable dags retrieved from /home/panda/Documents/ODAP/Project/venv310/lib/python3.10/site-packages/airflow/example_dags/plugins/listener_plugin.py
[2025-06-24T00:04:27.274+0700] {processor.py:183} INFO - Processing /home/panda/Documents/ODAP/Project/venv310/lib/python3.10/site-packages/airflow/example_dags/plugins/listener_plugin.py took 0.038 seconds
[2025-06-24T00:05:14.250+0700] {processor.py:161} INFO - Started process (PID=7026) to work on /home/panda/Documents/ODAP/Project/venv310/lib/python3.10/site-packages/airflow/example_dags/plugins/listener_plugin.py
[2025-06-24T00:05:14.252+0700] {processor.py:830} INFO - Processing file /home/panda/Documents/ODAP/Project/venv310/lib/python3.10/site-packages/airflow/example_dags/plugins/listener_plugin.py for tasks to queue
[2025-06-24T00:05:14.254+0700] {logging_mixin.py:188} INFO - [2025-06-24T00:05:14.254+0700] {dagbag.py:540} INFO - Filling up the DagBag from /home/panda/Documents/ODAP/Project/venv310/lib/python3.10/site-packages/airflow/example_dags/plugins/listener_plugin.py
[2025-06-24T00:05:14.257+0700] {processor.py:842} WARNING - No viable dags retrieved from /home/panda/Documents/ODAP/Project/venv310/lib/python3.10/site-packages/airflow/example_dags/plugins/listener_plugin.py
[2025-06-24T00:05:14.270+0700] {processor.py:183} INFO - Processing /home/panda/Documents/ODAP/Project/venv310/lib/python3.10/site-packages/airflow/example_dags/plugins/listener_plugin.py took 0.027 seconds
[2025-06-24T00:07:00.478+0700] {processor.py:161} INFO - Started process (PID=8001) to work on /home/panda/Documents/ODAP/Project/venv310/lib/python3.10/site-packages/airflow/example_dags/plugins/listener_plugin.py
[2025-06-24T00:07:00.483+0700] {processor.py:830} INFO - Processing file /home/panda/Documents/ODAP/Project/venv310/lib/python3.10/site-packages/airflow/example_dags/plugins/listener_plugin.py for tasks to queue
[2025-06-24T00:07:00.484+0700] {logging_mixin.py:188} INFO - [2025-06-24T00:07:00.484+0700] {dagbag.py:540} INFO - Filling up the DagBag from /home/panda/Documents/ODAP/Project/venv310/lib/python3.10/site-packages/airflow/example_dags/plugins/listener_plugin.py
[2025-06-24T00:07:00.488+0700] {processor.py:842} WARNING - No viable dags retrieved from /home/panda/Documents/ODAP/Project/venv310/lib/python3.10/site-packages/airflow/example_dags/plugins/listener_plugin.py
[2025-06-24T00:07:00.502+0700] {processor.py:183} INFO - Processing /home/panda/Documents/ODAP/Project/venv310/lib/python3.10/site-packages/airflow/example_dags/plugins/listener_plugin.py took 0.031 seconds
[2025-06-24T00:07:55.537+0700] {processor.py:161} INFO - Started process (PID=8384) to work on /home/panda/Documents/ODAP/Project/venv310/lib/python3.10/site-packages/airflow/example_dags/plugins/listener_plugin.py
[2025-06-24T00:07:55.542+0700] {processor.py:830} INFO - Processing file /home/panda/Documents/ODAP/Project/venv310/lib/python3.10/site-packages/airflow/example_dags/plugins/listener_plugin.py for tasks to queue
[2025-06-24T00:07:55.543+0700] {logging_mixin.py:188} INFO - [2025-06-24T00:07:55.542+0700] {dagbag.py:540} INFO - Filling up the DagBag from /home/panda/Documents/ODAP/Project/venv310/lib/python3.10/site-packages/airflow/example_dags/plugins/listener_plugin.py
[2025-06-24T00:07:55.546+0700] {processor.py:842} WARNING - No viable dags retrieved from /home/panda/Documents/ODAP/Project/venv310/lib/python3.10/site-packages/airflow/example_dags/plugins/listener_plugin.py
[2025-06-24T00:07:55.559+0700] {processor.py:183} INFO - Processing /home/panda/Documents/ODAP/Project/venv310/lib/python3.10/site-packages/airflow/example_dags/plugins/listener_plugin.py took 0.030 seconds
[2025-06-24T00:08:40.806+0700] {processor.py:161} INFO - Started process (PID=10677) to work on /home/panda/Documents/ODAP/Project/venv310/lib/python3.10/site-packages/airflow/example_dags/plugins/listener_plugin.py
[2025-06-24T00:08:40.811+0700] {processor.py:830} INFO - Processing file /home/panda/Documents/ODAP/Project/venv310/lib/python3.10/site-packages/airflow/example_dags/plugins/listener_plugin.py for tasks to queue
[2025-06-24T00:08:40.812+0700] {logging_mixin.py:188} INFO - [2025-06-24T00:08:40.812+0700] {dagbag.py:540} INFO - Filling up the DagBag from /home/panda/Documents/ODAP/Project/venv310/lib/python3.10/site-packages/airflow/example_dags/plugins/listener_plugin.py
[2025-06-24T00:08:40.815+0700] {processor.py:842} WARNING - No viable dags retrieved from /home/panda/Documents/ODAP/Project/venv310/lib/python3.10/site-packages/airflow/example_dags/plugins/listener_plugin.py
[2025-06-24T00:08:40.828+0700] {processor.py:183} INFO - Processing /home/panda/Documents/ODAP/Project/venv310/lib/python3.10/site-packages/airflow/example_dags/plugins/listener_plugin.py took 0.030 seconds
[2025-06-24T00:09:19.714+0700] {processor.py:161} INFO - Started process (PID=10783) to work on /home/panda/Documents/ODAP/Project/venv310/lib/python3.10/site-packages/airflow/example_dags/plugins/listener_plugin.py
[2025-06-24T00:09:19.715+0700] {processor.py:830} INFO - Processing file /home/panda/Documents/ODAP/Project/venv310/lib/python3.10/site-packages/airflow/example_dags/plugins/listener_plugin.py for tasks to queue
[2025-06-24T00:09:19.716+0700] {logging_mixin.py:188} INFO - [2025-06-24T00:09:19.716+0700] {dagbag.py:540} INFO - Filling up the DagBag from /home/panda/Documents/ODAP/Project/venv310/lib/python3.10/site-packages/airflow/example_dags/plugins/listener_plugin.py
[2025-06-24T00:09:19.719+0700] {processor.py:842} WARNING - No viable dags retrieved from /home/panda/Documents/ODAP/Project/venv310/lib/python3.10/site-packages/airflow/example_dags/plugins/listener_plugin.py
[2025-06-24T00:09:19.733+0700] {processor.py:183} INFO - Processing /home/panda/Documents/ODAP/Project/venv310/lib/python3.10/site-packages/airflow/example_dags/plugins/listener_plugin.py took 0.026 seconds
[2025-06-24T00:10:03.518+0700] {processor.py:161} INFO - Started process (PID=10910) to work on /home/panda/Documents/ODAP/Project/venv310/lib/python3.10/site-packages/airflow/example_dags/plugins/listener_plugin.py
[2025-06-24T00:10:03.524+0700] {processor.py:830} INFO - Processing file /home/panda/Documents/ODAP/Project/venv310/lib/python3.10/site-packages/airflow/example_dags/plugins/listener_plugin.py for tasks to queue
[2025-06-24T00:10:03.525+0700] {logging_mixin.py:188} INFO - [2025-06-24T00:10:03.524+0700] {dagbag.py:540} INFO - Filling up the DagBag from /home/panda/Documents/ODAP/Project/venv310/lib/python3.10/site-packages/airflow/example_dags/plugins/listener_plugin.py
[2025-06-24T00:10:03.528+0700] {processor.py:842} WARNING - No viable dags retrieved from /home/panda/Documents/ODAP/Project/venv310/lib/python3.10/site-packages/airflow/example_dags/plugins/listener_plugin.py
[2025-06-24T00:10:03.542+0700] {processor.py:183} INFO - Processing /home/panda/Documents/ODAP/Project/venv310/lib/python3.10/site-packages/airflow/example_dags/plugins/listener_plugin.py took 0.031 seconds
[2025-06-24T00:10:51.209+0700] {processor.py:161} INFO - Started process (PID=11122) to work on /home/panda/Documents/ODAP/Project/venv310/lib/python3.10/site-packages/airflow/example_dags/plugins/listener_plugin.py
[2025-06-24T00:10:51.215+0700] {processor.py:830} INFO - Processing file /home/panda/Documents/ODAP/Project/venv310/lib/python3.10/site-packages/airflow/example_dags/plugins/listener_plugin.py for tasks to queue
[2025-06-24T00:10:51.216+0700] {logging_mixin.py:188} INFO - [2025-06-24T00:10:51.215+0700] {dagbag.py:540} INFO - Filling up the DagBag from /home/panda/Documents/ODAP/Project/venv310/lib/python3.10/site-packages/airflow/example_dags/plugins/listener_plugin.py
[2025-06-24T00:10:51.219+0700] {processor.py:842} WARNING - No viable dags retrieved from /home/panda/Documents/ODAP/Project/venv310/lib/python3.10/site-packages/airflow/example_dags/plugins/listener_plugin.py
[2025-06-24T00:10:51.233+0700] {processor.py:183} INFO - Processing /home/panda/Documents/ODAP/Project/venv310/lib/python3.10/site-packages/airflow/example_dags/plugins/listener_plugin.py took 0.030 seconds
[2025-06-24T00:11:30.861+0700] {processor.py:161} INFO - Started process (PID=12434) to work on /home/panda/Documents/ODAP/Project/venv310/lib/python3.10/site-packages/airflow/example_dags/plugins/listener_plugin.py
[2025-06-24T00:11:30.865+0700] {processor.py:830} INFO - Processing file /home/panda/Documents/ODAP/Project/venv310/lib/python3.10/site-packages/airflow/example_dags/plugins/listener_plugin.py for tasks to queue
[2025-06-24T00:11:30.866+0700] {logging_mixin.py:188} INFO - [2025-06-24T00:11:30.865+0700] {dagbag.py:540} INFO - Filling up the DagBag from /home/panda/Documents/ODAP/Project/venv310/lib/python3.10/site-packages/airflow/example_dags/plugins/listener_plugin.py
[2025-06-24T00:11:30.870+0700] {processor.py:842} WARNING - No viable dags retrieved from /home/panda/Documents/ODAP/Project/venv310/lib/python3.10/site-packages/airflow/example_dags/plugins/listener_plugin.py
[2025-06-24T00:11:30.883+0700] {processor.py:183} INFO - Processing /home/panda/Documents/ODAP/Project/venv310/lib/python3.10/site-packages/airflow/example_dags/plugins/listener_plugin.py took 0.029 seconds
[2025-06-24T00:12:07.086+0700] {processor.py:161} INFO - Started process (PID=12572) to work on /home/panda/Documents/ODAP/Project/venv310/lib/python3.10/site-packages/airflow/example_dags/plugins/listener_plugin.py
[2025-06-24T00:12:07.091+0700] {processor.py:830} INFO - Processing file /home/panda/Documents/ODAP/Project/venv310/lib/python3.10/site-packages/airflow/example_dags/plugins/listener_plugin.py for tasks to queue
[2025-06-24T00:12:07.092+0700] {logging_mixin.py:188} INFO - [2025-06-24T00:12:07.091+0700] {dagbag.py:540} INFO - Filling up the DagBag from /home/panda/Documents/ODAP/Project/venv310/lib/python3.10/site-packages/airflow/example_dags/plugins/listener_plugin.py
[2025-06-24T00:12:07.095+0700] {processor.py:842} WARNING - No viable dags retrieved from /home/panda/Documents/ODAP/Project/venv310/lib/python3.10/site-packages/airflow/example_dags/plugins/listener_plugin.py
[2025-06-24T00:12:07.108+0700] {processor.py:183} INFO - Processing /home/panda/Documents/ODAP/Project/venv310/lib/python3.10/site-packages/airflow/example_dags/plugins/listener_plugin.py took 0.029 seconds
[2025-06-24T00:12:51.917+0700] {processor.py:161} INFO - Started process (PID=12724) to work on /home/panda/Documents/ODAP/Project/venv310/lib/python3.10/site-packages/airflow/example_dags/plugins/listener_plugin.py
[2025-06-24T00:12:51.922+0700] {processor.py:830} INFO - Processing file /home/panda/Documents/ODAP/Project/venv310/lib/python3.10/site-packages/airflow/example_dags/plugins/listener_plugin.py for tasks to queue
[2025-06-24T00:12:51.923+0700] {logging_mixin.py:188} INFO - [2025-06-24T00:12:51.923+0700] {dagbag.py:540} INFO - Filling up the DagBag from /home/panda/Documents/ODAP/Project/venv310/lib/python3.10/site-packages/airflow/example_dags/plugins/listener_plugin.py
[2025-06-24T00:12:51.926+0700] {processor.py:842} WARNING - No viable dags retrieved from /home/panda/Documents/ODAP/Project/venv310/lib/python3.10/site-packages/airflow/example_dags/plugins/listener_plugin.py
[2025-06-24T00:12:51.940+0700] {processor.py:183} INFO - Processing /home/panda/Documents/ODAP/Project/venv310/lib/python3.10/site-packages/airflow/example_dags/plugins/listener_plugin.py took 0.029 seconds
[2025-06-24T00:13:36.248+0700] {processor.py:161} INFO - Started process (PID=12875) to work on /home/panda/Documents/ODAP/Project/venv310/lib/python3.10/site-packages/airflow/example_dags/plugins/listener_plugin.py
[2025-06-24T00:13:36.253+0700] {processor.py:830} INFO - Processing file /home/panda/Documents/ODAP/Project/venv310/lib/python3.10/site-packages/airflow/example_dags/plugins/listener_plugin.py for tasks to queue
[2025-06-24T00:13:36.254+0700] {logging_mixin.py:188} INFO - [2025-06-24T00:13:36.253+0700] {dagbag.py:540} INFO - Filling up the DagBag from /home/panda/Documents/ODAP/Project/venv310/lib/python3.10/site-packages/airflow/example_dags/plugins/listener_plugin.py
[2025-06-24T00:13:36.257+0700] {processor.py:842} WARNING - No viable dags retrieved from /home/panda/Documents/ODAP/Project/venv310/lib/python3.10/site-packages/airflow/example_dags/plugins/listener_plugin.py
[2025-06-24T00:13:36.271+0700] {processor.py:183} INFO - Processing /home/panda/Documents/ODAP/Project/venv310/lib/python3.10/site-packages/airflow/example_dags/plugins/listener_plugin.py took 0.031 seconds
[2025-06-24T00:14:20.644+0700] {processor.py:161} INFO - Started process (PID=13120) to work on /home/panda/Documents/ODAP/Project/venv310/lib/python3.10/site-packages/airflow/example_dags/plugins/listener_plugin.py
[2025-06-24T00:14:20.645+0700] {processor.py:830} INFO - Processing file /home/panda/Documents/ODAP/Project/venv310/lib/python3.10/site-packages/airflow/example_dags/plugins/listener_plugin.py for tasks to queue
[2025-06-24T00:14:20.646+0700] {logging_mixin.py:188} INFO - [2025-06-24T00:14:20.645+0700] {dagbag.py:540} INFO - Filling up the DagBag from /home/panda/Documents/ODAP/Project/venv310/lib/python3.10/site-packages/airflow/example_dags/plugins/listener_plugin.py
[2025-06-24T00:14:20.649+0700] {processor.py:842} WARNING - No viable dags retrieved from /home/panda/Documents/ODAP/Project/venv310/lib/python3.10/site-packages/airflow/example_dags/plugins/listener_plugin.py
[2025-06-24T00:14:20.662+0700] {processor.py:183} INFO - Processing /home/panda/Documents/ODAP/Project/venv310/lib/python3.10/site-packages/airflow/example_dags/plugins/listener_plugin.py took 0.026 seconds
[2025-06-24T00:15:03.922+0700] {processor.py:161} INFO - Started process (PID=13318) to work on /home/panda/Documents/ODAP/Project/venv310/lib/python3.10/site-packages/airflow/example_dags/plugins/listener_plugin.py
[2025-06-24T00:15:03.926+0700] {processor.py:830} INFO - Processing file /home/panda/Documents/ODAP/Project/venv310/lib/python3.10/site-packages/airflow/example_dags/plugins/listener_plugin.py for tasks to queue
[2025-06-24T00:15:03.927+0700] {logging_mixin.py:188} INFO - [2025-06-24T00:15:03.927+0700] {dagbag.py:540} INFO - Filling up the DagBag from /home/panda/Documents/ODAP/Project/venv310/lib/python3.10/site-packages/airflow/example_dags/plugins/listener_plugin.py
[2025-06-24T00:15:03.931+0700] {processor.py:842} WARNING - No viable dags retrieved from /home/panda/Documents/ODAP/Project/venv310/lib/python3.10/site-packages/airflow/example_dags/plugins/listener_plugin.py
[2025-06-24T00:15:03.944+0700] {processor.py:183} INFO - Processing /home/panda/Documents/ODAP/Project/venv310/lib/python3.10/site-packages/airflow/example_dags/plugins/listener_plugin.py took 0.030 seconds
[2025-06-24T00:21:11.762+0700] {processor.py:161} INFO - Started process (PID=16517) to work on /home/panda/Documents/ODAP/Project/venv310/lib/python3.10/site-packages/airflow/example_dags/plugins/listener_plugin.py
[2025-06-24T00:21:11.767+0700] {processor.py:830} INFO - Processing file /home/panda/Documents/ODAP/Project/venv310/lib/python3.10/site-packages/airflow/example_dags/plugins/listener_plugin.py for tasks to queue
[2025-06-24T00:21:11.768+0700] {logging_mixin.py:188} INFO - [2025-06-24T00:21:11.768+0700] {dagbag.py:540} INFO - Filling up the DagBag from /home/panda/Documents/ODAP/Project/venv310/lib/python3.10/site-packages/airflow/example_dags/plugins/listener_plugin.py
[2025-06-24T00:21:11.772+0700] {processor.py:842} WARNING - No viable dags retrieved from /home/panda/Documents/ODAP/Project/venv310/lib/python3.10/site-packages/airflow/example_dags/plugins/listener_plugin.py
[2025-06-24T00:21:11.786+0700] {processor.py:183} INFO - Processing /home/panda/Documents/ODAP/Project/venv310/lib/python3.10/site-packages/airflow/example_dags/plugins/listener_plugin.py took 0.031 seconds
[2025-06-24T00:22:05.035+0700] {processor.py:161} INFO - Started process (PID=16703) to work on /home/panda/Documents/ODAP/Project/venv310/lib/python3.10/site-packages/airflow/example_dags/plugins/listener_plugin.py
[2025-06-24T00:22:05.040+0700] {processor.py:830} INFO - Processing file /home/panda/Documents/ODAP/Project/venv310/lib/python3.10/site-packages/airflow/example_dags/plugins/listener_plugin.py for tasks to queue
[2025-06-24T00:22:05.041+0700] {logging_mixin.py:188} INFO - [2025-06-24T00:22:05.041+0700] {dagbag.py:540} INFO - Filling up the DagBag from /home/panda/Documents/ODAP/Project/venv310/lib/python3.10/site-packages/airflow/example_dags/plugins/listener_plugin.py
[2025-06-24T00:22:05.045+0700] {processor.py:842} WARNING - No viable dags retrieved from /home/panda/Documents/ODAP/Project/venv310/lib/python3.10/site-packages/airflow/example_dags/plugins/listener_plugin.py
[2025-06-24T00:22:05.059+0700] {processor.py:183} INFO - Processing /home/panda/Documents/ODAP/Project/venv310/lib/python3.10/site-packages/airflow/example_dags/plugins/listener_plugin.py took 0.032 seconds
[2025-06-24T00:23:05.162+0700] {processor.py:161} INFO - Started process (PID=18119) to work on /home/panda/Documents/ODAP/Project/venv310/lib/python3.10/site-packages/airflow/example_dags/plugins/listener_plugin.py
[2025-06-24T00:23:05.167+0700] {processor.py:830} INFO - Processing file /home/panda/Documents/ODAP/Project/venv310/lib/python3.10/site-packages/airflow/example_dags/plugins/listener_plugin.py for tasks to queue
[2025-06-24T00:23:05.169+0700] {logging_mixin.py:188} INFO - [2025-06-24T00:23:05.168+0700] {dagbag.py:540} INFO - Filling up the DagBag from /home/panda/Documents/ODAP/Project/venv310/lib/python3.10/site-packages/airflow/example_dags/plugins/listener_plugin.py
[2025-06-24T00:23:05.173+0700] {processor.py:842} WARNING - No viable dags retrieved from /home/panda/Documents/ODAP/Project/venv310/lib/python3.10/site-packages/airflow/example_dags/plugins/listener_plugin.py
[2025-06-24T00:23:05.185+0700] {processor.py:183} INFO - Processing /home/panda/Documents/ODAP/Project/venv310/lib/python3.10/site-packages/airflow/example_dags/plugins/listener_plugin.py took 0.030 seconds
[2025-06-24T00:33:23.114+0700] {processor.py:161} INFO - Started process (PID=20141) to work on /home/panda/Documents/ODAP/Project/venv310/lib/python3.10/site-packages/airflow/example_dags/plugins/listener_plugin.py
[2025-06-24T00:33:23.117+0700] {processor.py:830} INFO - Processing file /home/panda/Documents/ODAP/Project/venv310/lib/python3.10/site-packages/airflow/example_dags/plugins/listener_plugin.py for tasks to queue
[2025-06-24T00:33:23.119+0700] {logging_mixin.py:188} INFO - [2025-06-24T00:33:23.118+0700] {dagbag.py:540} INFO - Filling up the DagBag from /home/panda/Documents/ODAP/Project/venv310/lib/python3.10/site-packages/airflow/example_dags/plugins/listener_plugin.py
[2025-06-24T00:33:23.123+0700] {processor.py:842} WARNING - No viable dags retrieved from /home/panda/Documents/ODAP/Project/venv310/lib/python3.10/site-packages/airflow/example_dags/plugins/listener_plugin.py
[2025-06-24T00:33:23.136+0700] {processor.py:183} INFO - Processing /home/panda/Documents/ODAP/Project/venv310/lib/python3.10/site-packages/airflow/example_dags/plugins/listener_plugin.py took 0.029 seconds
[2025-06-24T00:34:17.466+0700] {processor.py:161} INFO - Started process (PID=20357) to work on /home/panda/Documents/ODAP/Project/venv310/lib/python3.10/site-packages/airflow/example_dags/plugins/listener_plugin.py
[2025-06-24T00:34:17.471+0700] {processor.py:830} INFO - Processing file /home/panda/Documents/ODAP/Project/venv310/lib/python3.10/site-packages/airflow/example_dags/plugins/listener_plugin.py for tasks to queue
[2025-06-24T00:34:17.473+0700] {logging_mixin.py:188} INFO - [2025-06-24T00:34:17.472+0700] {dagbag.py:540} INFO - Filling up the DagBag from /home/panda/Documents/ODAP/Project/venv310/lib/python3.10/site-packages/airflow/example_dags/plugins/listener_plugin.py
[2025-06-24T00:34:17.477+0700] {processor.py:842} WARNING - No viable dags retrieved from /home/panda/Documents/ODAP/Project/venv310/lib/python3.10/site-packages/airflow/example_dags/plugins/listener_plugin.py
[2025-06-24T00:34:17.490+0700] {processor.py:183} INFO - Processing /home/panda/Documents/ODAP/Project/venv310/lib/python3.10/site-packages/airflow/example_dags/plugins/listener_plugin.py took 0.032 seconds
[2025-06-24T00:35:05.082+0700] {processor.py:161} INFO - Started process (PID=20491) to work on /home/panda/Documents/ODAP/Project/venv310/lib/python3.10/site-packages/airflow/example_dags/plugins/listener_plugin.py
[2025-06-24T00:35:05.087+0700] {processor.py:830} INFO - Processing file /home/panda/Documents/ODAP/Project/venv310/lib/python3.10/site-packages/airflow/example_dags/plugins/listener_plugin.py for tasks to queue
[2025-06-24T00:35:05.088+0700] {logging_mixin.py:188} INFO - [2025-06-24T00:35:05.087+0700] {dagbag.py:540} INFO - Filling up the DagBag from /home/panda/Documents/ODAP/Project/venv310/lib/python3.10/site-packages/airflow/example_dags/plugins/listener_plugin.py
[2025-06-24T00:35:05.091+0700] {processor.py:842} WARNING - No viable dags retrieved from /home/panda/Documents/ODAP/Project/venv310/lib/python3.10/site-packages/airflow/example_dags/plugins/listener_plugin.py
[2025-06-24T00:35:05.106+0700] {processor.py:183} INFO - Processing /home/panda/Documents/ODAP/Project/venv310/lib/python3.10/site-packages/airflow/example_dags/plugins/listener_plugin.py took 0.031 seconds
[2025-06-24T00:35:51.525+0700] {processor.py:161} INFO - Started process (PID=20653) to work on /home/panda/Documents/ODAP/Project/venv310/lib/python3.10/site-packages/airflow/example_dags/plugins/listener_plugin.py
[2025-06-24T00:35:51.527+0700] {processor.py:830} INFO - Processing file /home/panda/Documents/ODAP/Project/venv310/lib/python3.10/site-packages/airflow/example_dags/plugins/listener_plugin.py for tasks to queue
[2025-06-24T00:35:51.528+0700] {logging_mixin.py:188} INFO - [2025-06-24T00:35:51.527+0700] {dagbag.py:540} INFO - Filling up the DagBag from /home/panda/Documents/ODAP/Project/venv310/lib/python3.10/site-packages/airflow/example_dags/plugins/listener_plugin.py
[2025-06-24T00:35:51.532+0700] {processor.py:842} WARNING - No viable dags retrieved from /home/panda/Documents/ODAP/Project/venv310/lib/python3.10/site-packages/airflow/example_dags/plugins/listener_plugin.py
[2025-06-24T00:35:51.546+0700] {processor.py:183} INFO - Processing /home/panda/Documents/ODAP/Project/venv310/lib/python3.10/site-packages/airflow/example_dags/plugins/listener_plugin.py took 0.028 seconds
[2025-06-24T00:36:37.713+0700] {processor.py:161} INFO - Started process (PID=20981) to work on /home/panda/Documents/ODAP/Project/venv310/lib/python3.10/site-packages/airflow/example_dags/plugins/listener_plugin.py
[2025-06-24T00:36:37.718+0700] {processor.py:830} INFO - Processing file /home/panda/Documents/ODAP/Project/venv310/lib/python3.10/site-packages/airflow/example_dags/plugins/listener_plugin.py for tasks to queue
[2025-06-24T00:36:37.719+0700] {logging_mixin.py:188} INFO - [2025-06-24T00:36:37.719+0700] {dagbag.py:540} INFO - Filling up the DagBag from /home/panda/Documents/ODAP/Project/venv310/lib/python3.10/site-packages/airflow/example_dags/plugins/listener_plugin.py
[2025-06-24T00:36:37.723+0700] {processor.py:842} WARNING - No viable dags retrieved from /home/panda/Documents/ODAP/Project/venv310/lib/python3.10/site-packages/airflow/example_dags/plugins/listener_plugin.py
[2025-06-24T00:36:37.736+0700] {processor.py:183} INFO - Processing /home/panda/Documents/ODAP/Project/venv310/lib/python3.10/site-packages/airflow/example_dags/plugins/listener_plugin.py took 0.032 seconds
[2025-06-24T00:52:21.163+0700] {processor.py:161} INFO - Started process (PID=25000) to work on /home/panda/Documents/ODAP/Project/venv310/lib/python3.10/site-packages/airflow/example_dags/plugins/listener_plugin.py
[2025-06-24T00:52:21.166+0700] {processor.py:830} INFO - Processing file /home/panda/Documents/ODAP/Project/venv310/lib/python3.10/site-packages/airflow/example_dags/plugins/listener_plugin.py for tasks to queue
[2025-06-24T00:52:21.167+0700] {logging_mixin.py:188} INFO - [2025-06-24T00:52:21.166+0700] {dagbag.py:540} INFO - Filling up the DagBag from /home/panda/Documents/ODAP/Project/venv310/lib/python3.10/site-packages/airflow/example_dags/plugins/listener_plugin.py
[2025-06-24T00:52:21.170+0700] {processor.py:842} WARNING - No viable dags retrieved from /home/panda/Documents/ODAP/Project/venv310/lib/python3.10/site-packages/airflow/example_dags/plugins/listener_plugin.py
[2025-06-24T00:52:21.184+0700] {processor.py:183} INFO - Processing /home/panda/Documents/ODAP/Project/venv310/lib/python3.10/site-packages/airflow/example_dags/plugins/listener_plugin.py took 0.029 seconds
[2025-06-24T00:53:15.676+0700] {processor.py:161} INFO - Started process (PID=25250) to work on /home/panda/Documents/ODAP/Project/venv310/lib/python3.10/site-packages/airflow/example_dags/plugins/listener_plugin.py
[2025-06-24T00:53:15.682+0700] {processor.py:830} INFO - Processing file /home/panda/Documents/ODAP/Project/venv310/lib/python3.10/site-packages/airflow/example_dags/plugins/listener_plugin.py for tasks to queue
[2025-06-24T00:53:15.683+0700] {logging_mixin.py:188} INFO - [2025-06-24T00:53:15.682+0700] {dagbag.py:540} INFO - Filling up the DagBag from /home/panda/Documents/ODAP/Project/venv310/lib/python3.10/site-packages/airflow/example_dags/plugins/listener_plugin.py
[2025-06-24T00:53:15.687+0700] {processor.py:842} WARNING - No viable dags retrieved from /home/panda/Documents/ODAP/Project/venv310/lib/python3.10/site-packages/airflow/example_dags/plugins/listener_plugin.py
[2025-06-24T00:53:15.702+0700] {processor.py:183} INFO - Processing /home/panda/Documents/ODAP/Project/venv310/lib/python3.10/site-packages/airflow/example_dags/plugins/listener_plugin.py took 0.033 seconds
[2025-06-24T00:54:03.444+0700] {processor.py:161} INFO - Started process (PID=25527) to work on /home/panda/Documents/ODAP/Project/venv310/lib/python3.10/site-packages/airflow/example_dags/plugins/listener_plugin.py
[2025-06-24T00:54:03.445+0700] {processor.py:830} INFO - Processing file /home/panda/Documents/ODAP/Project/venv310/lib/python3.10/site-packages/airflow/example_dags/plugins/listener_plugin.py for tasks to queue
[2025-06-24T00:54:03.446+0700] {logging_mixin.py:188} INFO - [2025-06-24T00:54:03.446+0700] {dagbag.py:540} INFO - Filling up the DagBag from /home/panda/Documents/ODAP/Project/venv310/lib/python3.10/site-packages/airflow/example_dags/plugins/listener_plugin.py
[2025-06-24T00:54:03.450+0700] {processor.py:842} WARNING - No viable dags retrieved from /home/panda/Documents/ODAP/Project/venv310/lib/python3.10/site-packages/airflow/example_dags/plugins/listener_plugin.py
[2025-06-24T00:54:03.462+0700] {processor.py:183} INFO - Processing /home/panda/Documents/ODAP/Project/venv310/lib/python3.10/site-packages/airflow/example_dags/plugins/listener_plugin.py took 0.025 seconds
[2025-06-24T00:54:50.252+0700] {processor.py:161} INFO - Started process (PID=25688) to work on /home/panda/Documents/ODAP/Project/venv310/lib/python3.10/site-packages/airflow/example_dags/plugins/listener_plugin.py
[2025-06-24T00:54:50.257+0700] {processor.py:830} INFO - Processing file /home/panda/Documents/ODAP/Project/venv310/lib/python3.10/site-packages/airflow/example_dags/plugins/listener_plugin.py for tasks to queue
[2025-06-24T00:54:50.258+0700] {logging_mixin.py:188} INFO - [2025-06-24T00:54:50.258+0700] {dagbag.py:540} INFO - Filling up the DagBag from /home/panda/Documents/ODAP/Project/venv310/lib/python3.10/site-packages/airflow/example_dags/plugins/listener_plugin.py
[2025-06-24T00:54:50.261+0700] {processor.py:842} WARNING - No viable dags retrieved from /home/panda/Documents/ODAP/Project/venv310/lib/python3.10/site-packages/airflow/example_dags/plugins/listener_plugin.py
[2025-06-24T00:54:50.276+0700] {processor.py:183} INFO - Processing /home/panda/Documents/ODAP/Project/venv310/lib/python3.10/site-packages/airflow/example_dags/plugins/listener_plugin.py took 0.031 seconds
[2025-06-24T01:02:56.195+0700] {processor.py:161} INFO - Started process (PID=28493) to work on /home/panda/Documents/ODAP/Project/venv310/lib/python3.10/site-packages/airflow/example_dags/plugins/listener_plugin.py
[2025-06-24T01:02:56.200+0700] {processor.py:830} INFO - Processing file /home/panda/Documents/ODAP/Project/venv310/lib/python3.10/site-packages/airflow/example_dags/plugins/listener_plugin.py for tasks to queue
[2025-06-24T01:02:56.201+0700] {logging_mixin.py:188} INFO - [2025-06-24T01:02:56.201+0700] {dagbag.py:540} INFO - Filling up the DagBag from /home/panda/Documents/ODAP/Project/venv310/lib/python3.10/site-packages/airflow/example_dags/plugins/listener_plugin.py
[2025-06-24T01:02:56.205+0700] {processor.py:842} WARNING - No viable dags retrieved from /home/panda/Documents/ODAP/Project/venv310/lib/python3.10/site-packages/airflow/example_dags/plugins/listener_plugin.py
[2025-06-24T01:02:56.220+0700] {processor.py:183} INFO - Processing /home/panda/Documents/ODAP/Project/venv310/lib/python3.10/site-packages/airflow/example_dags/plugins/listener_plugin.py took 0.033 seconds
[2025-06-24T01:03:50.191+0700] {processor.py:161} INFO - Started process (PID=28666) to work on /home/panda/Documents/ODAP/Project/venv310/lib/python3.10/site-packages/airflow/example_dags/plugins/listener_plugin.py
[2025-06-24T01:03:50.197+0700] {processor.py:830} INFO - Processing file /home/panda/Documents/ODAP/Project/venv310/lib/python3.10/site-packages/airflow/example_dags/plugins/listener_plugin.py for tasks to queue
[2025-06-24T01:03:50.198+0700] {logging_mixin.py:188} INFO - [2025-06-24T01:03:50.198+0700] {dagbag.py:540} INFO - Filling up the DagBag from /home/panda/Documents/ODAP/Project/venv310/lib/python3.10/site-packages/airflow/example_dags/plugins/listener_plugin.py
[2025-06-24T01:03:50.202+0700] {processor.py:842} WARNING - No viable dags retrieved from /home/panda/Documents/ODAP/Project/venv310/lib/python3.10/site-packages/airflow/example_dags/plugins/listener_plugin.py
[2025-06-24T01:03:50.216+0700] {processor.py:183} INFO - Processing /home/panda/Documents/ODAP/Project/venv310/lib/python3.10/site-packages/airflow/example_dags/plugins/listener_plugin.py took 0.033 seconds
[2025-06-24T01:09:00.781+0700] {processor.py:161} INFO - Started process (PID=5609) to work on /home/panda/Documents/ODAP/Project/venv310/lib/python3.10/site-packages/airflow/example_dags/plugins/listener_plugin.py
[2025-06-24T01:09:00.787+0700] {processor.py:830} INFO - Processing file /home/panda/Documents/ODAP/Project/venv310/lib/python3.10/site-packages/airflow/example_dags/plugins/listener_plugin.py for tasks to queue
[2025-06-24T01:09:00.788+0700] {logging_mixin.py:188} INFO - [2025-06-24T01:09:00.788+0700] {dagbag.py:540} INFO - Filling up the DagBag from /home/panda/Documents/ODAP/Project/venv310/lib/python3.10/site-packages/airflow/example_dags/plugins/listener_plugin.py
[2025-06-24T01:09:00.791+0700] {processor.py:842} WARNING - No viable dags retrieved from /home/panda/Documents/ODAP/Project/venv310/lib/python3.10/site-packages/airflow/example_dags/plugins/listener_plugin.py
[2025-06-24T01:09:00.806+0700] {processor.py:183} INFO - Processing /home/panda/Documents/ODAP/Project/venv310/lib/python3.10/site-packages/airflow/example_dags/plugins/listener_plugin.py took 0.033 seconds
