[2025-06-24T00:01:53.313+0700] {processor.py:161} INFO - Started process (PID=5192) to work on /home/panda/Documents/ODAP/Project/venv310/lib/python3.10/site-packages/airflow/example_dags/plugins/workday.py
[2025-06-24T00:01:53.314+0700] {processor.py:830} INFO - Processing file /home/panda/Documents/ODAP/Project/venv310/lib/python3.10/site-packages/airflow/example_dags/plugins/workday.py for tasks to queue
[2025-06-24T00:01:53.316+0700] {logging_mixin.py:188} INFO - [2025-06-24T00:01:53.315+0700] {dagbag.py:540} INFO - Filling up the DagBag from /home/panda/Documents/ODAP/Project/venv310/lib/python3.10/site-packages/airflow/example_dags/plugins/workday.py
[2025-06-24T00:01:53.319+0700] {logging_mixin.py:188} INFO - [2025-06-24T00:01:53.319+0700] {workday.py:41} WARNING - Could not import pandas. Holidays will not be considered.
[2025-06-24T00:01:53.319+0700] {processor.py:842} WARNING - No viable dags retrieved from /home/panda/Documents/ODAP/Project/venv310/lib/python3.10/site-packages/airflow/example_dags/plugins/workday.py
[2025-06-24T00:01:53.330+0700] {processor.py:183} INFO - Processing /home/panda/Documents/ODAP/Project/venv310/lib/python3.10/site-packages/airflow/example_dags/plugins/workday.py took 0.025 seconds
[2025-06-24T00:02:47.276+0700] {processor.py:161} INFO - Started process (PID=6174) to work on /home/panda/Documents/ODAP/Project/venv310/lib/python3.10/site-packages/airflow/example_dags/plugins/workday.py
[2025-06-24T00:02:47.279+0700] {processor.py:830} INFO - Processing file /home/panda/Documents/ODAP/Project/venv310/lib/python3.10/site-packages/airflow/example_dags/plugins/workday.py for tasks to queue
[2025-06-24T00:02:47.282+0700] {logging_mixin.py:188} INFO - [2025-06-24T00:02:47.281+0700] {dagbag.py:540} INFO - Filling up the DagBag from /home/panda/Documents/ODAP/Project/venv310/lib/python3.10/site-packages/airflow/example_dags/plugins/workday.py
[2025-06-24T00:02:47.285+0700] {logging_mixin.py:188} INFO - [2025-06-24T00:02:47.285+0700] {workday.py:41} WARNING - Could not import pandas. Holidays will not be considered.
[2025-06-24T00:02:47.286+0700] {processor.py:842} WARNING - No viable dags retrieved from /home/panda/Documents/ODAP/Project/venv310/lib/python3.10/site-packages/airflow/example_dags/plugins/workday.py
[2025-06-24T00:02:47.300+0700] {processor.py:183} INFO - Processing /home/panda/Documents/ODAP/Project/venv310/lib/python3.10/site-packages/airflow/example_dags/plugins/workday.py took 0.031 seconds
[2025-06-24T00:03:35.873+0700] {processor.py:161} INFO - Started process (PID=6358) to work on /home/panda/Documents/ODAP/Project/venv310/lib/python3.10/site-packages/airflow/example_dags/plugins/workday.py
[2025-06-24T00:03:35.878+0700] {processor.py:830} INFO - Processing file /home/panda/Documents/ODAP/Project/venv310/lib/python3.10/site-packages/airflow/example_dags/plugins/workday.py for tasks to queue
[2025-06-24T00:03:35.881+0700] {logging_mixin.py:188} INFO - [2025-06-24T00:03:35.880+0700] {dagbag.py:540} INFO - Filling up the DagBag from /home/panda/Documents/ODAP/Project/venv310/lib/python3.10/site-packages/airflow/example_dags/plugins/workday.py
[2025-06-24T00:03:35.885+0700] {logging_mixin.py:188} INFO - [2025-06-24T00:03:35.885+0700] {workday.py:41} WARNING - Could not import pandas. Holidays will not be considered.
[2025-06-24T00:03:35.885+0700] {processor.py:842} WARNING - No viable dags retrieved from /home/panda/Documents/ODAP/Project/venv310/lib/python3.10/site-packages/airflow/example_dags/plugins/workday.py
[2025-06-24T00:03:35.900+0700] {processor.py:183} INFO - Processing /home/panda/Documents/ODAP/Project/venv310/lib/python3.10/site-packages/airflow/example_dags/plugins/workday.py took 0.033 seconds
[2025-06-24T00:04:26.078+0700] {processor.py:161} INFO - Started process (PID=6823) to work on /home/panda/Documents/ODAP/Project/venv310/lib/python3.10/site-packages/airflow/example_dags/plugins/workday.py
[2025-06-24T00:04:26.083+0700] {processor.py:830} INFO - Processing file /home/panda/Documents/ODAP/Project/venv310/lib/python3.10/site-packages/airflow/example_dags/plugins/workday.py for tasks to queue
[2025-06-24T00:04:26.085+0700] {logging_mixin.py:188} INFO - [2025-06-24T00:04:26.085+0700] {dagbag.py:540} INFO - Filling up the DagBag from /home/panda/Documents/ODAP/Project/venv310/lib/python3.10/site-packages/airflow/example_dags/plugins/workday.py
[2025-06-24T00:04:26.089+0700] {logging_mixin.py:188} INFO - [2025-06-24T00:04:26.089+0700] {workday.py:41} WARNING - Could not import pandas. Holidays will not be considered.
[2025-06-24T00:04:26.090+0700] {processor.py:842} WARNING - No viable dags retrieved from /home/panda/Documents/ODAP/Project/venv310/lib/python3.10/site-packages/airflow/example_dags/plugins/workday.py
[2025-06-24T00:04:26.103+0700] {processor.py:183} INFO - Processing /home/panda/Documents/ODAP/Project/venv310/lib/python3.10/site-packages/airflow/example_dags/plugins/workday.py took 0.032 seconds
[2025-06-24T00:05:13.873+0700] {processor.py:161} INFO - Started process (PID=7024) to work on /home/panda/Documents/ODAP/Project/venv310/lib/python3.10/site-packages/airflow/example_dags/plugins/workday.py
[2025-06-24T00:05:13.879+0700] {processor.py:830} INFO - Processing file /home/panda/Documents/ODAP/Project/venv310/lib/python3.10/site-packages/airflow/example_dags/plugins/workday.py for tasks to queue
[2025-06-24T00:05:13.882+0700] {logging_mixin.py:188} INFO - [2025-06-24T00:05:13.881+0700] {dagbag.py:540} INFO - Filling up the DagBag from /home/panda/Documents/ODAP/Project/venv310/lib/python3.10/site-packages/airflow/example_dags/plugins/workday.py
[2025-06-24T00:05:13.885+0700] {logging_mixin.py:188} INFO - [2025-06-24T00:05:13.885+0700] {workday.py:41} WARNING - Could not import pandas. Holidays will not be considered.
[2025-06-24T00:05:13.886+0700] {processor.py:842} WARNING - No viable dags retrieved from /home/panda/Documents/ODAP/Project/venv310/lib/python3.10/site-packages/airflow/example_dags/plugins/workday.py
[2025-06-24T00:05:13.901+0700] {processor.py:183} INFO - Processing /home/panda/Documents/ODAP/Project/venv310/lib/python3.10/site-packages/airflow/example_dags/plugins/workday.py took 0.035 seconds
[2025-06-24T00:06:59.330+0700] {processor.py:161} INFO - Started process (PID=7999) to work on /home/panda/Documents/ODAP/Project/venv310/lib/python3.10/site-packages/airflow/example_dags/plugins/workday.py
[2025-06-24T00:06:59.336+0700] {processor.py:830} INFO - Processing file /home/panda/Documents/ODAP/Project/venv310/lib/python3.10/site-packages/airflow/example_dags/plugins/workday.py for tasks to queue
[2025-06-24T00:06:59.337+0700] {logging_mixin.py:188} INFO - [2025-06-24T00:06:59.336+0700] {dagbag.py:540} INFO - Filling up the DagBag from /home/panda/Documents/ODAP/Project/venv310/lib/python3.10/site-packages/airflow/example_dags/plugins/workday.py
[2025-06-24T00:06:59.340+0700] {logging_mixin.py:188} INFO - [2025-06-24T00:06:59.340+0700] {workday.py:41} WARNING - Could not import pandas. Holidays will not be considered.
[2025-06-24T00:06:59.340+0700] {processor.py:842} WARNING - No viable dags retrieved from /home/panda/Documents/ODAP/Project/venv310/lib/python3.10/site-packages/airflow/example_dags/plugins/workday.py
[2025-06-24T00:06:59.353+0700] {processor.py:183} INFO - Processing /home/panda/Documents/ODAP/Project/venv310/lib/python3.10/site-packages/airflow/example_dags/plugins/workday.py took 0.032 seconds
[2025-06-24T00:07:54.388+0700] {processor.py:161} INFO - Started process (PID=8368) to work on /home/panda/Documents/ODAP/Project/venv310/lib/python3.10/site-packages/airflow/example_dags/plugins/workday.py
[2025-06-24T00:07:54.389+0700] {processor.py:830} INFO - Processing file /home/panda/Documents/ODAP/Project/venv310/lib/python3.10/site-packages/airflow/example_dags/plugins/workday.py for tasks to queue
[2025-06-24T00:07:54.390+0700] {logging_mixin.py:188} INFO - [2025-06-24T00:07:54.390+0700] {dagbag.py:540} INFO - Filling up the DagBag from /home/panda/Documents/ODAP/Project/venv310/lib/python3.10/site-packages/airflow/example_dags/plugins/workday.py
[2025-06-24T00:07:54.392+0700] {logging_mixin.py:188} INFO - [2025-06-24T00:07:54.392+0700] {workday.py:41} WARNING - Could not import pandas. Holidays will not be considered.
[2025-06-24T00:07:54.393+0700] {processor.py:842} WARNING - No viable dags retrieved from /home/panda/Documents/ODAP/Project/venv310/lib/python3.10/site-packages/airflow/example_dags/plugins/workday.py
[2025-06-24T00:07:54.402+0700] {processor.py:183} INFO - Processing /home/panda/Documents/ODAP/Project/venv310/lib/python3.10/site-packages/airflow/example_dags/plugins/workday.py took 0.020 seconds
[2025-06-24T00:08:40.258+0700] {processor.py:161} INFO - Started process (PID=10675) to work on /home/panda/Documents/ODAP/Project/venv310/lib/python3.10/site-packages/airflow/example_dags/plugins/workday.py
[2025-06-24T00:08:40.263+0700] {processor.py:830} INFO - Processing file /home/panda/Documents/ODAP/Project/venv310/lib/python3.10/site-packages/airflow/example_dags/plugins/workday.py for tasks to queue
[2025-06-24T00:08:40.264+0700] {logging_mixin.py:188} INFO - [2025-06-24T00:08:40.264+0700] {dagbag.py:540} INFO - Filling up the DagBag from /home/panda/Documents/ODAP/Project/venv310/lib/python3.10/site-packages/airflow/example_dags/plugins/workday.py
[2025-06-24T00:08:40.268+0700] {logging_mixin.py:188} INFO - [2025-06-24T00:08:40.268+0700] {workday.py:41} WARNING - Could not import pandas. Holidays will not be considered.
[2025-06-24T00:08:40.268+0700] {processor.py:842} WARNING - No viable dags retrieved from /home/panda/Documents/ODAP/Project/venv310/lib/python3.10/site-packages/airflow/example_dags/plugins/workday.py
[2025-06-24T00:08:40.283+0700] {processor.py:183} INFO - Processing /home/panda/Documents/ODAP/Project/venv310/lib/python3.10/site-packages/airflow/example_dags/plugins/workday.py took 0.031 seconds
[2025-06-24T00:09:18.562+0700] {processor.py:161} INFO - Started process (PID=10781) to work on /home/panda/Documents/ODAP/Project/venv310/lib/python3.10/site-packages/airflow/example_dags/plugins/workday.py
[2025-06-24T00:09:18.567+0700] {processor.py:830} INFO - Processing file /home/panda/Documents/ODAP/Project/venv310/lib/python3.10/site-packages/airflow/example_dags/plugins/workday.py for tasks to queue
[2025-06-24T00:09:18.568+0700] {logging_mixin.py:188} INFO - [2025-06-24T00:09:18.568+0700] {dagbag.py:540} INFO - Filling up the DagBag from /home/panda/Documents/ODAP/Project/venv310/lib/python3.10/site-packages/airflow/example_dags/plugins/workday.py
[2025-06-24T00:09:18.571+0700] {logging_mixin.py:188} INFO - [2025-06-24T00:09:18.571+0700] {workday.py:41} WARNING - Could not import pandas. Holidays will not be considered.
[2025-06-24T00:09:18.572+0700] {processor.py:842} WARNING - No viable dags retrieved from /home/panda/Documents/ODAP/Project/venv310/lib/python3.10/site-packages/airflow/example_dags/plugins/workday.py
[2025-06-24T00:09:18.585+0700] {processor.py:183} INFO - Processing /home/panda/Documents/ODAP/Project/venv310/lib/python3.10/site-packages/airflow/example_dags/plugins/workday.py took 0.030 seconds
[2025-06-24T00:10:02.572+0700] {processor.py:161} INFO - Started process (PID=10908) to work on /home/panda/Documents/ODAP/Project/venv310/lib/python3.10/site-packages/airflow/example_dags/plugins/workday.py
[2025-06-24T00:10:02.577+0700] {processor.py:830} INFO - Processing file /home/panda/Documents/ODAP/Project/venv310/lib/python3.10/site-packages/airflow/example_dags/plugins/workday.py for tasks to queue
[2025-06-24T00:10:02.578+0700] {logging_mixin.py:188} INFO - [2025-06-24T00:10:02.577+0700] {dagbag.py:540} INFO - Filling up the DagBag from /home/panda/Documents/ODAP/Project/venv310/lib/python3.10/site-packages/airflow/example_dags/plugins/workday.py
[2025-06-24T00:10:02.581+0700] {logging_mixin.py:188} INFO - [2025-06-24T00:10:02.581+0700] {workday.py:41} WARNING - Could not import pandas. Holidays will not be considered.
[2025-06-24T00:10:02.581+0700] {processor.py:842} WARNING - No viable dags retrieved from /home/panda/Documents/ODAP/Project/venv310/lib/python3.10/site-packages/airflow/example_dags/plugins/workday.py
[2025-06-24T00:10:02.595+0700] {processor.py:183} INFO - Processing /home/panda/Documents/ODAP/Project/venv310/lib/python3.10/site-packages/airflow/example_dags/plugins/workday.py took 0.031 seconds
[2025-06-24T00:10:50.054+0700] {processor.py:161} INFO - Started process (PID=11105) to work on /home/panda/Documents/ODAP/Project/venv310/lib/python3.10/site-packages/airflow/example_dags/plugins/workday.py
[2025-06-24T00:10:50.055+0700] {processor.py:830} INFO - Processing file /home/panda/Documents/ODAP/Project/venv310/lib/python3.10/site-packages/airflow/example_dags/plugins/workday.py for tasks to queue
[2025-06-24T00:10:50.056+0700] {logging_mixin.py:188} INFO - [2025-06-24T00:10:50.056+0700] {dagbag.py:540} INFO - Filling up the DagBag from /home/panda/Documents/ODAP/Project/venv310/lib/python3.10/site-packages/airflow/example_dags/plugins/workday.py
[2025-06-24T00:10:50.060+0700] {logging_mixin.py:188} INFO - [2025-06-24T00:10:50.059+0700] {workday.py:41} WARNING - Could not import pandas. Holidays will not be considered.
[2025-06-24T00:10:50.060+0700] {processor.py:842} WARNING - No viable dags retrieved from /home/panda/Documents/ODAP/Project/venv310/lib/python3.10/site-packages/airflow/example_dags/plugins/workday.py
[2025-06-24T00:10:50.073+0700] {processor.py:183} INFO - Processing /home/panda/Documents/ODAP/Project/venv310/lib/python3.10/site-packages/airflow/example_dags/plugins/workday.py took 0.027 seconds
[2025-06-24T00:11:29.700+0700] {processor.py:161} INFO - Started process (PID=12433) to work on /home/panda/Documents/ODAP/Project/venv310/lib/python3.10/site-packages/airflow/example_dags/plugins/workday.py
[2025-06-24T00:11:29.705+0700] {processor.py:830} INFO - Processing file /home/panda/Documents/ODAP/Project/venv310/lib/python3.10/site-packages/airflow/example_dags/plugins/workday.py for tasks to queue
[2025-06-24T00:11:29.706+0700] {logging_mixin.py:188} INFO - [2025-06-24T00:11:29.706+0700] {dagbag.py:540} INFO - Filling up the DagBag from /home/panda/Documents/ODAP/Project/venv310/lib/python3.10/site-packages/airflow/example_dags/plugins/workday.py
[2025-06-24T00:11:29.710+0700] {logging_mixin.py:188} INFO - [2025-06-24T00:11:29.709+0700] {workday.py:41} WARNING - Could not import pandas. Holidays will not be considered.
[2025-06-24T00:11:29.710+0700] {processor.py:842} WARNING - No viable dags retrieved from /home/panda/Documents/ODAP/Project/venv310/lib/python3.10/site-packages/airflow/example_dags/plugins/workday.py
[2025-06-24T00:11:29.723+0700] {processor.py:183} INFO - Processing /home/panda/Documents/ODAP/Project/venv310/lib/python3.10/site-packages/airflow/example_dags/plugins/workday.py took 0.030 seconds
[2025-06-24T00:12:05.927+0700] {processor.py:161} INFO - Started process (PID=12570) to work on /home/panda/Documents/ODAP/Project/venv310/lib/python3.10/site-packages/airflow/example_dags/plugins/workday.py
[2025-06-24T00:12:05.932+0700] {processor.py:830} INFO - Processing file /home/panda/Documents/ODAP/Project/venv310/lib/python3.10/site-packages/airflow/example_dags/plugins/workday.py for tasks to queue
[2025-06-24T00:12:05.934+0700] {logging_mixin.py:188} INFO - [2025-06-24T00:12:05.933+0700] {dagbag.py:540} INFO - Filling up the DagBag from /home/panda/Documents/ODAP/Project/venv310/lib/python3.10/site-packages/airflow/example_dags/plugins/workday.py
[2025-06-24T00:12:05.938+0700] {logging_mixin.py:188} INFO - [2025-06-24T00:12:05.937+0700] {workday.py:41} WARNING - Could not import pandas. Holidays will not be considered.
[2025-06-24T00:12:05.938+0700] {processor.py:842} WARNING - No viable dags retrieved from /home/panda/Documents/ODAP/Project/venv310/lib/python3.10/site-packages/airflow/example_dags/plugins/workday.py
[2025-06-24T00:12:05.951+0700] {processor.py:183} INFO - Processing /home/panda/Documents/ODAP/Project/venv310/lib/python3.10/site-packages/airflow/example_dags/plugins/workday.py took 0.032 seconds
[2025-06-24T00:12:50.767+0700] {processor.py:161} INFO - Started process (PID=12717) to work on /home/panda/Documents/ODAP/Project/venv310/lib/python3.10/site-packages/airflow/example_dags/plugins/workday.py
[2025-06-24T00:12:50.772+0700] {processor.py:830} INFO - Processing file /home/panda/Documents/ODAP/Project/venv310/lib/python3.10/site-packages/airflow/example_dags/plugins/workday.py for tasks to queue
[2025-06-24T00:12:50.773+0700] {logging_mixin.py:188} INFO - [2025-06-24T00:12:50.773+0700] {dagbag.py:540} INFO - Filling up the DagBag from /home/panda/Documents/ODAP/Project/venv310/lib/python3.10/site-packages/airflow/example_dags/plugins/workday.py
[2025-06-24T00:12:50.777+0700] {logging_mixin.py:188} INFO - [2025-06-24T00:12:50.777+0700] {workday.py:41} WARNING - Could not import pandas. Holidays will not be considered.
[2025-06-24T00:12:50.777+0700] {processor.py:842} WARNING - No viable dags retrieved from /home/panda/Documents/ODAP/Project/venv310/lib/python3.10/site-packages/airflow/example_dags/plugins/workday.py
[2025-06-24T00:12:50.790+0700] {processor.py:183} INFO - Processing /home/panda/Documents/ODAP/Project/venv310/lib/python3.10/site-packages/airflow/example_dags/plugins/workday.py took 0.030 seconds
[2025-06-24T00:13:35.182+0700] {processor.py:161} INFO - Started process (PID=12873) to work on /home/panda/Documents/ODAP/Project/venv310/lib/python3.10/site-packages/airflow/example_dags/plugins/workday.py
[2025-06-24T00:13:35.187+0700] {processor.py:830} INFO - Processing file /home/panda/Documents/ODAP/Project/venv310/lib/python3.10/site-packages/airflow/example_dags/plugins/workday.py for tasks to queue
[2025-06-24T00:13:35.188+0700] {logging_mixin.py:188} INFO - [2025-06-24T00:13:35.188+0700] {dagbag.py:540} INFO - Filling up the DagBag from /home/panda/Documents/ODAP/Project/venv310/lib/python3.10/site-packages/airflow/example_dags/plugins/workday.py
[2025-06-24T00:13:35.192+0700] {logging_mixin.py:188} INFO - [2025-06-24T00:13:35.192+0700] {workday.py:41} WARNING - Could not import pandas. Holidays will not be considered.
[2025-06-24T00:13:35.192+0700] {processor.py:842} WARNING - No viable dags retrieved from /home/panda/Documents/ODAP/Project/venv310/lib/python3.10/site-packages/airflow/example_dags/plugins/workday.py
[2025-06-24T00:13:35.206+0700] {processor.py:183} INFO - Processing /home/panda/Documents/ODAP/Project/venv310/lib/python3.10/site-packages/airflow/example_dags/plugins/workday.py took 0.030 seconds
[2025-06-24T00:14:20.402+0700] {processor.py:161} INFO - Started process (PID=13118) to work on /home/panda/Documents/ODAP/Project/venv310/lib/python3.10/site-packages/airflow/example_dags/plugins/workday.py
[2025-06-24T00:14:20.408+0700] {processor.py:830} INFO - Processing file /home/panda/Documents/ODAP/Project/venv310/lib/python3.10/site-packages/airflow/example_dags/plugins/workday.py for tasks to queue
[2025-06-24T00:14:20.409+0700] {logging_mixin.py:188} INFO - [2025-06-24T00:14:20.408+0700] {dagbag.py:540} INFO - Filling up the DagBag from /home/panda/Documents/ODAP/Project/venv310/lib/python3.10/site-packages/airflow/example_dags/plugins/workday.py
[2025-06-24T00:14:20.412+0700] {logging_mixin.py:188} INFO - [2025-06-24T00:14:20.412+0700] {workday.py:41} WARNING - Could not import pandas. Holidays will not be considered.
[2025-06-24T00:14:20.412+0700] {processor.py:842} WARNING - No viable dags retrieved from /home/panda/Documents/ODAP/Project/venv310/lib/python3.10/site-packages/airflow/example_dags/plugins/workday.py
[2025-06-24T00:14:20.425+0700] {processor.py:183} INFO - Processing /home/panda/Documents/ODAP/Project/venv310/lib/python3.10/site-packages/airflow/example_dags/plugins/workday.py took 0.030 seconds
[2025-06-24T00:15:02.792+0700] {processor.py:161} INFO - Started process (PID=13301) to work on /home/panda/Documents/ODAP/Project/venv310/lib/python3.10/site-packages/airflow/example_dags/plugins/workday.py
[2025-06-24T00:15:02.797+0700] {processor.py:830} INFO - Processing file /home/panda/Documents/ODAP/Project/venv310/lib/python3.10/site-packages/airflow/example_dags/plugins/workday.py for tasks to queue
[2025-06-24T00:15:02.798+0700] {logging_mixin.py:188} INFO - [2025-06-24T00:15:02.798+0700] {dagbag.py:540} INFO - Filling up the DagBag from /home/panda/Documents/ODAP/Project/venv310/lib/python3.10/site-packages/airflow/example_dags/plugins/workday.py
[2025-06-24T00:15:02.801+0700] {logging_mixin.py:188} INFO - [2025-06-24T00:15:02.801+0700] {workday.py:41} WARNING - Could not import pandas. Holidays will not be considered.
[2025-06-24T00:15:02.802+0700] {processor.py:842} WARNING - No viable dags retrieved from /home/panda/Documents/ODAP/Project/venv310/lib/python3.10/site-packages/airflow/example_dags/plugins/workday.py
[2025-06-24T00:15:02.816+0700] {processor.py:183} INFO - Processing /home/panda/Documents/ODAP/Project/venv310/lib/python3.10/site-packages/airflow/example_dags/plugins/workday.py took 0.032 seconds
[2025-06-24T00:21:10.603+0700] {processor.py:161} INFO - Started process (PID=16514) to work on /home/panda/Documents/ODAP/Project/venv310/lib/python3.10/site-packages/airflow/example_dags/plugins/workday.py
[2025-06-24T00:21:10.606+0700] {processor.py:830} INFO - Processing file /home/panda/Documents/ODAP/Project/venv310/lib/python3.10/site-packages/airflow/example_dags/plugins/workday.py for tasks to queue
[2025-06-24T00:21:10.607+0700] {logging_mixin.py:188} INFO - [2025-06-24T00:21:10.606+0700] {dagbag.py:540} INFO - Filling up the DagBag from /home/panda/Documents/ODAP/Project/venv310/lib/python3.10/site-packages/airflow/example_dags/plugins/workday.py
[2025-06-24T00:21:10.610+0700] {logging_mixin.py:188} INFO - [2025-06-24T00:21:10.610+0700] {workday.py:41} WARNING - Could not import pandas. Holidays will not be considered.
[2025-06-24T00:21:10.610+0700] {processor.py:842} WARNING - No viable dags retrieved from /home/panda/Documents/ODAP/Project/venv310/lib/python3.10/site-packages/airflow/example_dags/plugins/workday.py
[2025-06-24T00:21:10.623+0700] {processor.py:183} INFO - Processing /home/panda/Documents/ODAP/Project/venv310/lib/python3.10/site-packages/airflow/example_dags/plugins/workday.py took 0.027 seconds
[2025-06-24T00:22:03.888+0700] {processor.py:161} INFO - Started process (PID=16686) to work on /home/panda/Documents/ODAP/Project/venv310/lib/python3.10/site-packages/airflow/example_dags/plugins/workday.py
[2025-06-24T00:22:03.893+0700] {processor.py:830} INFO - Processing file /home/panda/Documents/ODAP/Project/venv310/lib/python3.10/site-packages/airflow/example_dags/plugins/workday.py for tasks to queue
[2025-06-24T00:22:03.895+0700] {logging_mixin.py:188} INFO - [2025-06-24T00:22:03.894+0700] {dagbag.py:540} INFO - Filling up the DagBag from /home/panda/Documents/ODAP/Project/venv310/lib/python3.10/site-packages/airflow/example_dags/plugins/workday.py
[2025-06-24T00:22:03.898+0700] {logging_mixin.py:188} INFO - [2025-06-24T00:22:03.898+0700] {workday.py:41} WARNING - Could not import pandas. Holidays will not be considered.
[2025-06-24T00:22:03.899+0700] {processor.py:842} WARNING - No viable dags retrieved from /home/panda/Documents/ODAP/Project/venv310/lib/python3.10/site-packages/airflow/example_dags/plugins/workday.py
[2025-06-24T00:22:03.912+0700] {processor.py:183} INFO - Processing /home/panda/Documents/ODAP/Project/venv310/lib/python3.10/site-packages/airflow/example_dags/plugins/workday.py took 0.032 seconds
[2025-06-24T00:23:04.016+0700] {processor.py:161} INFO - Started process (PID=18117) to work on /home/panda/Documents/ODAP/Project/venv310/lib/python3.10/site-packages/airflow/example_dags/plugins/workday.py
[2025-06-24T00:23:04.021+0700] {processor.py:830} INFO - Processing file /home/panda/Documents/ODAP/Project/venv310/lib/python3.10/site-packages/airflow/example_dags/plugins/workday.py for tasks to queue
[2025-06-24T00:23:04.022+0700] {logging_mixin.py:188} INFO - [2025-06-24T00:23:04.022+0700] {dagbag.py:540} INFO - Filling up the DagBag from /home/panda/Documents/ODAP/Project/venv310/lib/python3.10/site-packages/airflow/example_dags/plugins/workday.py
[2025-06-24T00:23:04.025+0700] {logging_mixin.py:188} INFO - [2025-06-24T00:23:04.025+0700] {workday.py:41} WARNING - Could not import pandas. Holidays will not be considered.
[2025-06-24T00:23:04.026+0700] {processor.py:842} WARNING - No viable dags retrieved from /home/panda/Documents/ODAP/Project/venv310/lib/python3.10/site-packages/airflow/example_dags/plugins/workday.py
[2025-06-24T00:23:04.038+0700] {processor.py:183} INFO - Processing /home/panda/Documents/ODAP/Project/venv310/lib/python3.10/site-packages/airflow/example_dags/plugins/workday.py took 0.029 seconds
[2025-06-24T00:33:21.966+0700] {processor.py:161} INFO - Started process (PID=20139) to work on /home/panda/Documents/ODAP/Project/venv310/lib/python3.10/site-packages/airflow/example_dags/plugins/workday.py
[2025-06-24T00:33:21.970+0700] {processor.py:830} INFO - Processing file /home/panda/Documents/ODAP/Project/venv310/lib/python3.10/site-packages/airflow/example_dags/plugins/workday.py for tasks to queue
[2025-06-24T00:33:21.972+0700] {logging_mixin.py:188} INFO - [2025-06-24T00:33:21.971+0700] {dagbag.py:540} INFO - Filling up the DagBag from /home/panda/Documents/ODAP/Project/venv310/lib/python3.10/site-packages/airflow/example_dags/plugins/workday.py
[2025-06-24T00:33:21.976+0700] {logging_mixin.py:188} INFO - [2025-06-24T00:33:21.975+0700] {workday.py:41} WARNING - Could not import pandas. Holidays will not be considered.
[2025-06-24T00:33:21.976+0700] {processor.py:842} WARNING - No viable dags retrieved from /home/panda/Documents/ODAP/Project/venv310/lib/python3.10/site-packages/airflow/example_dags/plugins/workday.py
[2025-06-24T00:33:21.991+0700] {processor.py:183} INFO - Processing /home/panda/Documents/ODAP/Project/venv310/lib/python3.10/site-packages/airflow/example_dags/plugins/workday.py took 0.032 seconds
[2025-06-24T00:34:16.305+0700] {processor.py:161} INFO - Started process (PID=20356) to work on /home/panda/Documents/ODAP/Project/venv310/lib/python3.10/site-packages/airflow/example_dags/plugins/workday.py
[2025-06-24T00:34:16.307+0700] {processor.py:830} INFO - Processing file /home/panda/Documents/ODAP/Project/venv310/lib/python3.10/site-packages/airflow/example_dags/plugins/workday.py for tasks to queue
[2025-06-24T00:34:16.308+0700] {logging_mixin.py:188} INFO - [2025-06-24T00:34:16.307+0700] {dagbag.py:540} INFO - Filling up the DagBag from /home/panda/Documents/ODAP/Project/venv310/lib/python3.10/site-packages/airflow/example_dags/plugins/workday.py
[2025-06-24T00:34:16.311+0700] {logging_mixin.py:188} INFO - [2025-06-24T00:34:16.311+0700] {workday.py:41} WARNING - Could not import pandas. Holidays will not be considered.
[2025-06-24T00:34:16.312+0700] {processor.py:842} WARNING - No viable dags retrieved from /home/panda/Documents/ODAP/Project/venv310/lib/python3.10/site-packages/airflow/example_dags/plugins/workday.py
[2025-06-24T00:34:16.326+0700] {processor.py:183} INFO - Processing /home/panda/Documents/ODAP/Project/venv310/lib/python3.10/site-packages/airflow/example_dags/plugins/workday.py took 0.028 seconds
[2025-06-24T00:35:03.932+0700] {processor.py:161} INFO - Started process (PID=20489) to work on /home/panda/Documents/ODAP/Project/venv310/lib/python3.10/site-packages/airflow/example_dags/plugins/workday.py
[2025-06-24T00:35:03.936+0700] {processor.py:830} INFO - Processing file /home/panda/Documents/ODAP/Project/venv310/lib/python3.10/site-packages/airflow/example_dags/plugins/workday.py for tasks to queue
[2025-06-24T00:35:03.937+0700] {logging_mixin.py:188} INFO - [2025-06-24T00:35:03.937+0700] {dagbag.py:540} INFO - Filling up the DagBag from /home/panda/Documents/ODAP/Project/venv310/lib/python3.10/site-packages/airflow/example_dags/plugins/workday.py
[2025-06-24T00:35:03.942+0700] {logging_mixin.py:188} INFO - [2025-06-24T00:35:03.942+0700] {workday.py:41} WARNING - Could not import pandas. Holidays will not be considered.
[2025-06-24T00:35:03.943+0700] {processor.py:842} WARNING - No viable dags retrieved from /home/panda/Documents/ODAP/Project/venv310/lib/python3.10/site-packages/airflow/example_dags/plugins/workday.py
[2025-06-24T00:35:03.961+0700] {processor.py:183} INFO - Processing /home/panda/Documents/ODAP/Project/venv310/lib/python3.10/site-packages/airflow/example_dags/plugins/workday.py took 0.037 seconds
[2025-06-24T00:35:51.075+0700] {processor.py:161} INFO - Started process (PID=20651) to work on /home/panda/Documents/ODAP/Project/venv310/lib/python3.10/site-packages/airflow/example_dags/plugins/workday.py
[2025-06-24T00:35:51.081+0700] {processor.py:830} INFO - Processing file /home/panda/Documents/ODAP/Project/venv310/lib/python3.10/site-packages/airflow/example_dags/plugins/workday.py for tasks to queue
[2025-06-24T00:35:51.082+0700] {logging_mixin.py:188} INFO - [2025-06-24T00:35:51.081+0700] {dagbag.py:540} INFO - Filling up the DagBag from /home/panda/Documents/ODAP/Project/venv310/lib/python3.10/site-packages/airflow/example_dags/plugins/workday.py
[2025-06-24T00:35:51.086+0700] {logging_mixin.py:188} INFO - [2025-06-24T00:35:51.085+0700] {workday.py:41} WARNING - Could not import pandas. Holidays will not be considered.
[2025-06-24T00:35:51.086+0700] {processor.py:842} WARNING - No viable dags retrieved from /home/panda/Documents/ODAP/Project/venv310/lib/python3.10/site-packages/airflow/example_dags/plugins/workday.py
[2025-06-24T00:35:51.101+0700] {processor.py:183} INFO - Processing /home/panda/Documents/ODAP/Project/venv310/lib/python3.10/site-packages/airflow/example_dags/plugins/workday.py took 0.033 seconds
[2025-06-24T00:36:36.561+0700] {processor.py:161} INFO - Started process (PID=20979) to work on /home/panda/Documents/ODAP/Project/venv310/lib/python3.10/site-packages/airflow/example_dags/plugins/workday.py
[2025-06-24T00:36:36.566+0700] {processor.py:830} INFO - Processing file /home/panda/Documents/ODAP/Project/venv310/lib/python3.10/site-packages/airflow/example_dags/plugins/workday.py for tasks to queue
[2025-06-24T00:36:36.567+0700] {logging_mixin.py:188} INFO - [2025-06-24T00:36:36.567+0700] {dagbag.py:540} INFO - Filling up the DagBag from /home/panda/Documents/ODAP/Project/venv310/lib/python3.10/site-packages/airflow/example_dags/plugins/workday.py
[2025-06-24T00:36:36.571+0700] {logging_mixin.py:188} INFO - [2025-06-24T00:36:36.570+0700] {workday.py:41} WARNING - Could not import pandas. Holidays will not be considered.
[2025-06-24T00:36:36.571+0700] {processor.py:842} WARNING - No viable dags retrieved from /home/panda/Documents/ODAP/Project/venv310/lib/python3.10/site-packages/airflow/example_dags/plugins/workday.py
[2025-06-24T00:36:36.585+0700] {processor.py:183} INFO - Processing /home/panda/Documents/ODAP/Project/venv310/lib/python3.10/site-packages/airflow/example_dags/plugins/workday.py took 0.032 seconds
[2025-06-24T00:52:20.010+0700] {processor.py:161} INFO - Started process (PID=24975) to work on /home/panda/Documents/ODAP/Project/venv310/lib/python3.10/site-packages/airflow/example_dags/plugins/workday.py
[2025-06-24T00:52:20.011+0700] {processor.py:830} INFO - Processing file /home/panda/Documents/ODAP/Project/venv310/lib/python3.10/site-packages/airflow/example_dags/plugins/workday.py for tasks to queue
[2025-06-24T00:52:20.012+0700] {logging_mixin.py:188} INFO - [2025-06-24T00:52:20.012+0700] {dagbag.py:540} INFO - Filling up the DagBag from /home/panda/Documents/ODAP/Project/venv310/lib/python3.10/site-packages/airflow/example_dags/plugins/workday.py
[2025-06-24T00:52:20.016+0700] {logging_mixin.py:188} INFO - [2025-06-24T00:52:20.016+0700] {workday.py:41} WARNING - Could not import pandas. Holidays will not be considered.
[2025-06-24T00:52:20.017+0700] {processor.py:842} WARNING - No viable dags retrieved from /home/panda/Documents/ODAP/Project/venv310/lib/python3.10/site-packages/airflow/example_dags/plugins/workday.py
[2025-06-24T00:52:20.029+0700] {processor.py:183} INFO - Processing /home/panda/Documents/ODAP/Project/venv310/lib/python3.10/site-packages/airflow/example_dags/plugins/workday.py took 0.027 seconds
[2025-06-24T00:53:14.518+0700] {processor.py:161} INFO - Started process (PID=25248) to work on /home/panda/Documents/ODAP/Project/venv310/lib/python3.10/site-packages/airflow/example_dags/plugins/workday.py
[2025-06-24T00:53:14.523+0700] {processor.py:830} INFO - Processing file /home/panda/Documents/ODAP/Project/venv310/lib/python3.10/site-packages/airflow/example_dags/plugins/workday.py for tasks to queue
[2025-06-24T00:53:14.525+0700] {logging_mixin.py:188} INFO - [2025-06-24T00:53:14.524+0700] {dagbag.py:540} INFO - Filling up the DagBag from /home/panda/Documents/ODAP/Project/venv310/lib/python3.10/site-packages/airflow/example_dags/plugins/workday.py
[2025-06-24T00:53:14.529+0700] {logging_mixin.py:188} INFO - [2025-06-24T00:53:14.529+0700] {workday.py:41} WARNING - Could not import pandas. Holidays will not be considered.
[2025-06-24T00:53:14.529+0700] {processor.py:842} WARNING - No viable dags retrieved from /home/panda/Documents/ODAP/Project/venv310/lib/python3.10/site-packages/airflow/example_dags/plugins/workday.py
[2025-06-24T00:53:14.547+0700] {processor.py:183} INFO - Processing /home/panda/Documents/ODAP/Project/venv310/lib/python3.10/site-packages/airflow/example_dags/plugins/workday.py took 0.039 seconds
[2025-06-24T00:54:03.142+0700] {processor.py:161} INFO - Started process (PID=25510) to work on /home/panda/Documents/ODAP/Project/venv310/lib/python3.10/site-packages/airflow/example_dags/plugins/workday.py
[2025-06-24T00:54:03.145+0700] {processor.py:830} INFO - Processing file /home/panda/Documents/ODAP/Project/venv310/lib/python3.10/site-packages/airflow/example_dags/plugins/workday.py for tasks to queue
[2025-06-24T00:54:03.146+0700] {logging_mixin.py:188} INFO - [2025-06-24T00:54:03.146+0700] {dagbag.py:540} INFO - Filling up the DagBag from /home/panda/Documents/ODAP/Project/venv310/lib/python3.10/site-packages/airflow/example_dags/plugins/workday.py
[2025-06-24T00:54:03.150+0700] {logging_mixin.py:188} INFO - [2025-06-24T00:54:03.150+0700] {workday.py:41} WARNING - Could not import pandas. Holidays will not be considered.
[2025-06-24T00:54:03.150+0700] {processor.py:842} WARNING - No viable dags retrieved from /home/panda/Documents/ODAP/Project/venv310/lib/python3.10/site-packages/airflow/example_dags/plugins/workday.py
[2025-06-24T00:54:03.165+0700] {processor.py:183} INFO - Processing /home/panda/Documents/ODAP/Project/venv310/lib/python3.10/site-packages/airflow/example_dags/plugins/workday.py took 0.030 seconds
[2025-06-24T00:54:49.099+0700] {processor.py:161} INFO - Started process (PID=25687) to work on /home/panda/Documents/ODAP/Project/venv310/lib/python3.10/site-packages/airflow/example_dags/plugins/workday.py
[2025-06-24T00:54:49.102+0700] {processor.py:830} INFO - Processing file /home/panda/Documents/ODAP/Project/venv310/lib/python3.10/site-packages/airflow/example_dags/plugins/workday.py for tasks to queue
[2025-06-24T00:54:49.103+0700] {logging_mixin.py:188} INFO - [2025-06-24T00:54:49.103+0700] {dagbag.py:540} INFO - Filling up the DagBag from /home/panda/Documents/ODAP/Project/venv310/lib/python3.10/site-packages/airflow/example_dags/plugins/workday.py
[2025-06-24T00:54:49.106+0700] {logging_mixin.py:188} INFO - [2025-06-24T00:54:49.106+0700] {workday.py:41} WARNING - Could not import pandas. Holidays will not be considered.
[2025-06-24T00:54:49.107+0700] {processor.py:842} WARNING - No viable dags retrieved from /home/panda/Documents/ODAP/Project/venv310/lib/python3.10/site-packages/airflow/example_dags/plugins/workday.py
[2025-06-24T00:54:49.122+0700] {processor.py:183} INFO - Processing /home/panda/Documents/ODAP/Project/venv310/lib/python3.10/site-packages/airflow/example_dags/plugins/workday.py took 0.031 seconds
[2025-06-24T01:02:55.044+0700] {processor.py:161} INFO - Started process (PID=28487) to work on /home/panda/Documents/ODAP/Project/venv310/lib/python3.10/site-packages/airflow/example_dags/plugins/workday.py
[2025-06-24T01:02:55.049+0700] {processor.py:830} INFO - Processing file /home/panda/Documents/ODAP/Project/venv310/lib/python3.10/site-packages/airflow/example_dags/plugins/workday.py for tasks to queue
[2025-06-24T01:02:55.051+0700] {logging_mixin.py:188} INFO - [2025-06-24T01:02:55.050+0700] {dagbag.py:540} INFO - Filling up the DagBag from /home/panda/Documents/ODAP/Project/venv310/lib/python3.10/site-packages/airflow/example_dags/plugins/workday.py
[2025-06-24T01:02:55.054+0700] {logging_mixin.py:188} INFO - [2025-06-24T01:02:55.054+0700] {workday.py:41} WARNING - Could not import pandas. Holidays will not be considered.
[2025-06-24T01:02:55.055+0700] {processor.py:842} WARNING - No viable dags retrieved from /home/panda/Documents/ODAP/Project/venv310/lib/python3.10/site-packages/airflow/example_dags/plugins/workday.py
[2025-06-24T01:02:55.069+0700] {processor.py:183} INFO - Processing /home/panda/Documents/ODAP/Project/venv310/lib/python3.10/site-packages/airflow/example_dags/plugins/workday.py took 0.033 seconds
[2025-06-24T01:03:49.024+0700] {processor.py:161} INFO - Started process (PID=28665) to work on /home/panda/Documents/ODAP/Project/venv310/lib/python3.10/site-packages/airflow/example_dags/plugins/workday.py
[2025-06-24T01:03:49.027+0700] {processor.py:830} INFO - Processing file /home/panda/Documents/ODAP/Project/venv310/lib/python3.10/site-packages/airflow/example_dags/plugins/workday.py for tasks to queue
[2025-06-24T01:03:49.028+0700] {logging_mixin.py:188} INFO - [2025-06-24T01:03:49.028+0700] {dagbag.py:540} INFO - Filling up the DagBag from /home/panda/Documents/ODAP/Project/venv310/lib/python3.10/site-packages/airflow/example_dags/plugins/workday.py
[2025-06-24T01:03:49.032+0700] {logging_mixin.py:188} INFO - [2025-06-24T01:03:49.032+0700] {workday.py:41} WARNING - Could not import pandas. Holidays will not be considered.
[2025-06-24T01:03:49.032+0700] {processor.py:842} WARNING - No viable dags retrieved from /home/panda/Documents/ODAP/Project/venv310/lib/python3.10/site-packages/airflow/example_dags/plugins/workday.py
[2025-06-24T01:03:49.046+0700] {processor.py:183} INFO - Processing /home/panda/Documents/ODAP/Project/venv310/lib/python3.10/site-packages/airflow/example_dags/plugins/workday.py took 0.031 seconds
[2025-06-24T01:04:35.347+0700] {processor.py:161} INFO - Started process (PID=28954) to work on /home/panda/Documents/ODAP/Project/venv310/lib/python3.10/site-packages/airflow/example_dags/plugins/workday.py
[2025-06-24T01:04:35.352+0700] {processor.py:830} INFO - Processing file /home/panda/Documents/ODAP/Project/venv310/lib/python3.10/site-packages/airflow/example_dags/plugins/workday.py for tasks to queue
[2025-06-24T01:04:35.353+0700] {logging_mixin.py:188} INFO - [2025-06-24T01:04:35.352+0700] {dagbag.py:540} INFO - Filling up the DagBag from /home/panda/Documents/ODAP/Project/venv310/lib/python3.10/site-packages/airflow/example_dags/plugins/workday.py
[2025-06-24T01:04:35.356+0700] {logging_mixin.py:188} INFO - [2025-06-24T01:04:35.356+0700] {workday.py:41} WARNING - Could not import pandas. Holidays will not be considered.
[2025-06-24T01:04:35.356+0700] {processor.py:842} WARNING - No viable dags retrieved from /home/panda/Documents/ODAP/Project/venv310/lib/python3.10/site-packages/airflow/example_dags/plugins/workday.py
[2025-06-24T01:04:35.371+0700] {processor.py:183} INFO - Processing /home/panda/Documents/ODAP/Project/venv310/lib/python3.10/site-packages/airflow/example_dags/plugins/workday.py took 0.032 seconds
[2025-06-24T01:08:59.639+0700] {processor.py:161} INFO - Started process (PID=5608) to work on /home/panda/Documents/ODAP/Project/venv310/lib/python3.10/site-packages/airflow/example_dags/plugins/workday.py
[2025-06-24T01:08:59.640+0700] {processor.py:830} INFO - Processing file /home/panda/Documents/ODAP/Project/venv310/lib/python3.10/site-packages/airflow/example_dags/plugins/workday.py for tasks to queue
[2025-06-24T01:08:59.641+0700] {logging_mixin.py:188} INFO - [2025-06-24T01:08:59.641+0700] {dagbag.py:540} INFO - Filling up the DagBag from /home/panda/Documents/ODAP/Project/venv310/lib/python3.10/site-packages/airflow/example_dags/plugins/workday.py
[2025-06-24T01:08:59.644+0700] {logging_mixin.py:188} INFO - [2025-06-24T01:08:59.644+0700] {workday.py:41} WARNING - Could not import pandas. Holidays will not be considered.
[2025-06-24T01:08:59.645+0700] {processor.py:842} WARNING - No viable dags retrieved from /home/panda/Documents/ODAP/Project/venv310/lib/python3.10/site-packages/airflow/example_dags/plugins/workday.py
[2025-06-24T01:08:59.656+0700] {processor.py:183} INFO - Processing /home/panda/Documents/ODAP/Project/venv310/lib/python3.10/site-packages/airflow/example_dags/plugins/workday.py took 0.025 seconds
