[2025-06-24T00:10:58.658+0700] {local_task_job_runner.py:120} INFO - ::group::Pre task execution logs
[2025-06-24T00:10:58.678+0700] {taskinstance.py:2073} INFO - Dependencies all met for dep_context=non-requeueable deps ti=<TaskInstance: shutdown_kafka_hadoop.stop_yarn manual__2025-06-23T17:10:56.538869+00:00 [queued]>
[2025-06-24T00:10:58.683+0700] {taskinstance.py:2073} INFO - Dependencies all met for dep_context=requeueable deps ti=<TaskInstance: shutdown_kafka_hadoop.stop_yarn manual__2025-06-23T17:10:56.538869+00:00 [queued]>
[2025-06-24T00:10:58.683+0700] {taskinstance.py:2303} INFO - Starting attempt 1 of 4
[2025-06-24T00:10:58.701+0700] {taskinstance.py:2327} INFO - Executing <Task(BashOperator): stop_yarn> on 2025-06-23 17:10:56.538869+00:00
[2025-06-24T00:10:58.704+0700] {standard_task_runner.py:63} INFO - Started process 11186 to run task
[2025-06-24T00:10:58.708+0700] {standard_task_runner.py:90} INFO - Running: ['airflow', 'tasks', 'run', 'shutdown_kafka_hadoop', 'stop_yarn', 'manual__2025-06-23T17:10:56.538869+00:00', '--job-id', '29', '--raw', '--subdir', 'DAGS_FOLDER/end_DAG.py', '--cfg-path', '/tmp/tmp4384fqxm']
[2025-06-24T00:10:58.709+0700] {standard_task_runner.py:91} INFO - Job 29: Subtask stop_yarn
[2025-06-24T00:10:58.741+0700] {task_command.py:426} INFO - Running <TaskInstance: shutdown_kafka_hadoop.stop_yarn manual__2025-06-23T17:10:56.538869+00:00 [running]> on host Panda
[2025-06-24T00:10:58.797+0700] {taskinstance.py:2644} INFO - Exporting env vars: AIRFLOW_CTX_DAG_OWNER='group_03' AIRFLOW_CTX_DAG_ID='shutdown_kafka_hadoop' AIRFLOW_CTX_TASK_ID='stop_yarn' AIRFLOW_CTX_EXECUTION_DATE='2025-06-23T17:10:56.538869+00:00' AIRFLOW_CTX_TRY_NUMBER='1' AIRFLOW_CTX_DAG_RUN_ID='manual__2025-06-23T17:10:56.538869+00:00'
[2025-06-24T00:10:58.798+0700] {taskinstance.py:430} INFO - ::endgroup::
[2025-06-24T00:10:58.799+0700] {subprocess.py:63} INFO - Tmp dir root location: /tmp
[2025-06-24T00:10:58.799+0700] {subprocess.py:75} INFO - Running command: ['/usr/bin/bash', '-c', "'stop-yarn.sh'"]
[2025-06-24T00:10:58.810+0700] {subprocess.py:86} INFO - Output:
[2025-06-24T00:10:58.863+0700] {subprocess.py:93} INFO - Stopping nodemanagers
[2025-06-24T00:11:01.150+0700] {subprocess.py:93} INFO - Stopping resourcemanager
[2025-06-24T00:11:03.030+0700] {subprocess.py:97} INFO - Command exited with return code 0
[2025-06-24T00:11:03.031+0700] {taskinstance.py:441} INFO - ::group::Post task execution logs
[2025-06-24T00:11:03.051+0700] {taskinstance.py:1205} INFO - Marking task as SUCCESS. dag_id=shutdown_kafka_hadoop, task_id=stop_yarn, execution_date=20250623T171056, start_date=20250623T171058, end_date=20250623T171103
[2025-06-24T00:11:03.093+0700] {local_task_job_runner.py:240} INFO - Task exited with return code 0
[2025-06-24T00:11:03.113+0700] {taskinstance.py:3482} INFO - 1 downstream tasks scheduled from follow-on schedule check
[2025-06-24T00:11:03.120+0700] {local_task_job_runner.py:222} INFO - ::endgroup::
