[2025-06-24T00:22:48.103+0700] {local_task_job_runner.py:120} INFO - ::group::Pre task execution logs
[2025-06-24T00:22:48.130+0700] {taskinstance.py:2073} INFO - Dependencies all met for dep_context=non-requeueable deps ti=<TaskInstance: shutdown_kafka_hadoop.stop_hdfs manual__2025-06-23T17:22:38.906225+00:00 [queued]>
[2025-06-24T00:22:48.137+0700] {taskinstance.py:2073} INFO - Dependencies all met for dep_context=requeueable deps ti=<TaskInstance: shutdown_kafka_hadoop.stop_hdfs manual__2025-06-23T17:22:38.906225+00:00 [queued]>
[2025-06-24T00:22:48.137+0700] {taskinstance.py:2303} INFO - Starting attempt 1 of 4
[2025-06-24T00:22:48.155+0700] {taskinstance.py:2327} INFO - Executing <Task(BashOperator): stop_hdfs> on 2025-06-23 17:22:38.906225+00:00
[2025-06-24T00:22:48.161+0700] {standard_task_runner.py:63} INFO - Started process 17363 to run task
[2025-06-24T00:22:48.166+0700] {standard_task_runner.py:90} INFO - Running: ['airflow', 'tasks', 'run', 'shutdown_kafka_hadoop', 'stop_hdfs', 'manual__2025-06-23T17:22:38.906225+00:00', '--job-id', '35', '--raw', '--subdir', 'DAGS_FOLDER/end_DAG.py', '--cfg-path', '/tmp/tmp93oglart']
[2025-06-24T00:22:48.167+0700] {standard_task_runner.py:91} INFO - Job 35: Subtask stop_hdfs
[2025-06-24T00:22:48.219+0700] {task_command.py:426} INFO - Running <TaskInstance: shutdown_kafka_hadoop.stop_hdfs manual__2025-06-23T17:22:38.906225+00:00 [running]> on host Panda
[2025-06-24T00:22:48.300+0700] {taskinstance.py:2644} INFO - Exporting env vars: AIRFLOW_CTX_DAG_OWNER='group_03' AIRFLOW_CTX_DAG_ID='shutdown_kafka_hadoop' AIRFLOW_CTX_TASK_ID='stop_hdfs' AIRFLOW_CTX_EXECUTION_DATE='2025-06-23T17:22:38.906225+00:00' AIRFLOW_CTX_TRY_NUMBER='1' AIRFLOW_CTX_DAG_RUN_ID='manual__2025-06-23T17:22:38.906225+00:00'
[2025-06-24T00:22:48.302+0700] {taskinstance.py:430} INFO - ::endgroup::
[2025-06-24T00:22:48.303+0700] {subprocess.py:63} INFO - Tmp dir root location: /tmp
[2025-06-24T00:22:48.303+0700] {subprocess.py:75} INFO - Running command: ['/usr/bin/bash', '-c', "'stop-dfs.sh'"]
[2025-06-24T00:22:48.316+0700] {subprocess.py:86} INFO - Output:
[2025-06-24T00:22:49.220+0700] {subprocess.py:93} INFO - Stopping namenodes on [localhost]
[2025-06-24T00:22:50.671+0700] {subprocess.py:93} INFO - Stopping datanodes
[2025-06-24T00:22:52.943+0700] {subprocess.py:93} INFO - Stopping secondary namenodes [Panda]
[2025-06-24T00:22:56.028+0700] {subprocess.py:97} INFO - Command exited with return code 0
[2025-06-24T00:22:56.029+0700] {taskinstance.py:441} INFO - ::group::Post task execution logs
[2025-06-24T00:22:56.060+0700] {taskinstance.py:1205} INFO - Marking task as SUCCESS. dag_id=shutdown_kafka_hadoop, task_id=stop_hdfs, execution_date=20250623T172238, start_date=20250623T172248, end_date=20250623T172256
[2025-06-24T00:22:56.088+0700] {local_task_job_runner.py:240} INFO - Task exited with return code 0
[2025-06-24T00:22:56.101+0700] {taskinstance.py:3482} INFO - 0 downstream tasks scheduled from follow-on schedule check
[2025-06-24T00:22:56.102+0700] {local_task_job_runner.py:222} INFO - ::endgroup::
