[2025-06-26T19:10:32.136+0700] {local_task_job_runner.py:120} INFO - ::group::Pre task execution logs
[2025-06-26T19:10:32.156+0700] {taskinstance.py:2073} INFO - Dependencies all met for dep_context=non-requeueable deps ti=<TaskInstance: send_data_to_powerbi.send_to_power_bi scheduled__2025-06-26T12:00:00+00:00 [queued]>
[2025-06-26T19:10:32.161+0700] {taskinstance.py:2073} INFO - Dependencies all met for dep_context=requeueable deps ti=<TaskInstance: send_data_to_powerbi.send_to_power_bi scheduled__2025-06-26T12:00:00+00:00 [queued]>
[2025-06-26T19:10:32.161+0700] {taskinstance.py:2303} INFO - Starting attempt 1 of 3
[2025-06-26T19:10:32.180+0700] {taskinstance.py:2327} INFO - Executing <Task(PythonOperator): send_to_power_bi> on 2025-06-26 12:00:00+00:00
[2025-06-26T19:10:32.187+0700] {standard_task_runner.py:63} INFO - Started process 46448 to run task
[2025-06-26T19:10:32.191+0700] {standard_task_runner.py:90} INFO - Running: ['airflow', 'tasks', 'run', 'send_data_to_powerbi', 'send_to_power_bi', 'scheduled__2025-06-26T12:00:00+00:00', '--job-id', '55', '--raw', '--subdir', 'DAGS_FOLDER/load_power_bi.py', '--cfg-path', '/tmp/tmpk7fp6v85']
[2025-06-26T19:10:32.192+0700] {standard_task_runner.py:91} INFO - Job 55: Subtask send_to_power_bi
[2025-06-26T19:10:32.224+0700] {task_command.py:426} INFO - Running <TaskInstance: send_data_to_powerbi.send_to_power_bi scheduled__2025-06-26T12:00:00+00:00 [running]> on host Panda
[2025-06-26T19:10:32.302+0700] {taskinstance.py:2644} INFO - Exporting env vars: AIRFLOW_CTX_DAG_OWNER='group_03' AIRFLOW_CTX_DAG_ID='send_data_to_powerbi' AIRFLOW_CTX_TASK_ID='send_to_power_bi' AIRFLOW_CTX_EXECUTION_DATE='2025-06-26T12:00:00+00:00' AIRFLOW_CTX_TRY_NUMBER='1' AIRFLOW_CTX_DAG_RUN_ID='scheduled__2025-06-26T12:00:00+00:00'
[2025-06-26T19:10:32.303+0700] {taskinstance.py:430} INFO - ::endgroup::
[2025-06-26T19:10:32.304+0700] {client.py:1116} INFO - Listing '/transactions_by_hour_compacted/'.
[2025-06-26T19:10:32.316+0700] {client.py:724} INFO - Reading file '/transactions_by_hour_compacted/part-00000-79e08a68-f4df-4f2a-8fed-d92600764165-c000.csv'.
[2025-06-26T19:10:33.293+0700] {logging_mixin.py:188} INFO - ✅ Batch 0 status: 200
[2025-06-26T19:10:33.807+0700] {logging_mixin.py:188} INFO - ✅ Batch 100 status: 200
[2025-06-26T19:10:34.318+0700] {logging_mixin.py:188} INFO - ✅ Batch 200 status: 200
[2025-06-26T19:10:34.455+0700] {python.py:237} INFO - Done. Returned value was: None
[2025-06-26T19:10:34.456+0700] {taskinstance.py:441} INFO - ::group::Post task execution logs
[2025-06-26T19:10:34.460+0700] {taskinstance.py:1205} INFO - Marking task as SUCCESS. dag_id=send_data_to_powerbi, task_id=send_to_power_bi, execution_date=20250626T120000, start_date=20250626T121032, end_date=20250626T121034
[2025-06-26T19:10:34.492+0700] {local_task_job_runner.py:240} INFO - Task exited with return code 0
[2025-06-26T19:10:34.507+0700] {taskinstance.py:3482} INFO - 0 downstream tasks scheduled from follow-on schedule check
[2025-06-26T19:10:34.508+0700] {local_task_job_runner.py:222} INFO - ::endgroup::
