[2025-06-24T00:08:18.318+0700] {local_task_job_runner.py:120} INFO - ::group::Pre task execution logs
[2025-06-24T00:08:18.344+0700] {taskinstance.py:2073} INFO - Dependencies all met for dep_context=non-requeueable deps ti=<TaskInstance: start_kafka_hadoop_and_run_notebooks.start_yarn manual__2025-06-23T17:08:02.256812+00:00 [queued]>
[2025-06-24T00:08:18.349+0700] {taskinstance.py:2073} INFO - Dependencies all met for dep_context=requeueable deps ti=<TaskInstance: start_kafka_hadoop_and_run_notebooks.start_yarn manual__2025-06-23T17:08:02.256812+00:00 [queued]>
[2025-06-24T00:08:18.350+0700] {taskinstance.py:2303} INFO - Starting attempt 1 of 4
[2025-06-24T00:08:18.362+0700] {taskinstance.py:2327} INFO - Executing <Task(BashOperator): start_yarn> on 2025-06-23 17:08:02.256812+00:00
[2025-06-24T00:08:18.367+0700] {standard_task_runner.py:63} INFO - Started process 9738 to run task
[2025-06-24T00:08:18.371+0700] {standard_task_runner.py:90} INFO - Running: ['airflow', 'tasks', 'run', 'start_kafka_hadoop_and_run_notebooks', 'start_yarn', 'manual__2025-06-23T17:08:02.256812+00:00', '--job-id', '28', '--raw', '--subdir', 'DAGS_FOLDER/start_DAG.py', '--cfg-path', '/tmp/tmpewi16fb1']
[2025-06-24T00:08:18.372+0700] {standard_task_runner.py:91} INFO - Job 28: Subtask start_yarn
[2025-06-24T00:08:18.407+0700] {task_command.py:426} INFO - Running <TaskInstance: start_kafka_hadoop_and_run_notebooks.start_yarn manual__2025-06-23T17:08:02.256812+00:00 [running]> on host Panda
[2025-06-24T00:08:18.471+0700] {taskinstance.py:2644} INFO - Exporting env vars: AIRFLOW_CTX_DAG_OWNER='group_03' AIRFLOW_CTX_DAG_ID='start_kafka_hadoop_and_run_notebooks' AIRFLOW_CTX_TASK_ID='start_yarn' AIRFLOW_CTX_EXECUTION_DATE='2025-06-23T17:08:02.256812+00:00' AIRFLOW_CTX_TRY_NUMBER='1' AIRFLOW_CTX_DAG_RUN_ID='manual__2025-06-23T17:08:02.256812+00:00'
[2025-06-24T00:08:18.472+0700] {taskinstance.py:430} INFO - ::endgroup::
[2025-06-24T00:08:18.473+0700] {subprocess.py:63} INFO - Tmp dir root location: /tmp
[2025-06-24T00:08:18.473+0700] {subprocess.py:75} INFO - Running command: ['/usr/bin/bash', '-c', "'start-yarn.sh'"]
[2025-06-24T00:08:18.486+0700] {subprocess.py:86} INFO - Output:
[2025-06-24T00:08:19.369+0700] {subprocess.py:93} INFO - Starting resourcemanager
[2025-06-24T00:08:21.490+0700] {subprocess.py:93} INFO - Starting nodemanagers
[2025-06-24T00:08:24.793+0700] {subprocess.py:97} INFO - Command exited with return code 0
[2025-06-24T00:08:24.794+0700] {taskinstance.py:441} INFO - ::group::Post task execution logs
[2025-06-24T00:08:24.815+0700] {taskinstance.py:1205} INFO - Marking task as SUCCESS. dag_id=start_kafka_hadoop_and_run_notebooks, task_id=start_yarn, execution_date=20250623T170802, start_date=20250623T170818, end_date=20250623T170824
[2025-06-24T00:08:24.852+0700] {local_task_job_runner.py:240} INFO - Task exited with return code 0
[2025-06-24T00:08:24.864+0700] {taskinstance.py:3482} INFO - 0 downstream tasks scheduled from follow-on schedule check
[2025-06-24T00:08:24.865+0700] {local_task_job_runner.py:222} INFO - ::endgroup::
