[2025-06-26T20:44:26.679+0700] {local_task_job_runner.py:120} INFO - ::group::Pre task execution logs
[2025-06-26T20:44:26.698+0700] {taskinstance.py:2073} INFO - Dependencies all met for dep_context=non-requeueable deps ti=<TaskInstance: start_kafka_hadoop_and_run_notebooks.start_zookeeper manual__2025-06-26T13:44:23.594462+00:00 [queued]>
[2025-06-26T20:44:26.703+0700] {taskinstance.py:2073} INFO - Dependencies all met for dep_context=requeueable deps ti=<TaskInstance: start_kafka_hadoop_and_run_notebooks.start_zookeeper manual__2025-06-26T13:44:23.594462+00:00 [queued]>
[2025-06-26T20:44:26.703+0700] {taskinstance.py:2303} INFO - Starting attempt 1 of 4
[2025-06-26T20:44:26.724+0700] {taskinstance.py:2327} INFO - Executing <Task(BashOperator): start_zookeeper> on 2025-06-26 13:44:23.594462+00:00
[2025-06-26T20:44:26.738+0700] {standard_task_runner.py:63} INFO - Started process 158440 to run task
[2025-06-26T20:44:26.743+0700] {standard_task_runner.py:90} INFO - Running: ['airflow', 'tasks', 'run', 'start_kafka_hadoop_and_run_notebooks', 'start_zookeeper', 'manual__2025-06-26T13:44:23.594462+00:00', '--job-id', '73', '--raw', '--subdir', 'DAGS_FOLDER/start_DAG.py', '--cfg-path', '/tmp/tmpi8q4vhdj']
[2025-06-26T20:44:26.745+0700] {standard_task_runner.py:91} INFO - Job 73: Subtask start_zookeeper
[2025-06-26T20:44:26.792+0700] {task_command.py:426} INFO - Running <TaskInstance: start_kafka_hadoop_and_run_notebooks.start_zookeeper manual__2025-06-26T13:44:23.594462+00:00 [running]> on host Panda
[2025-06-26T20:44:26.857+0700] {taskinstance.py:2644} INFO - Exporting env vars: AIRFLOW_CTX_DAG_OWNER='group_03' AIRFLOW_CTX_DAG_ID='start_kafka_hadoop_and_run_notebooks' AIRFLOW_CTX_TASK_ID='start_zookeeper' AIRFLOW_CTX_EXECUTION_DATE='2025-06-26T13:44:23.594462+00:00' AIRFLOW_CTX_TRY_NUMBER='1' AIRFLOW_CTX_DAG_RUN_ID='manual__2025-06-26T13:44:23.594462+00:00'
[2025-06-26T20:44:26.858+0700] {taskinstance.py:430} INFO - ::endgroup::
[2025-06-26T20:44:26.858+0700] {subprocess.py:63} INFO - Tmp dir root location: /tmp
[2025-06-26T20:44:26.859+0700] {subprocess.py:75} INFO - Running command: ['/usr/bin/bash', '-c', '\n            cd /home/panda/kafka_2.13-3.9.1 &&\n            nohup bin/zookeeper-server-start.sh config/zookeeper.properties > /tmp/zookeeper.log 2>&1 &\n\n            echo "🕒 Đợi Zookeeper khởi động..."\n\n            for i in {1..10}; do\n                if nc -z localhost 2181; then\n                    echo "✅ Zookeeper đã khởi động!"\n                    exit 0\n                fi\n                sleep 2\n            done\n\n            echo "❌ Zookeeper không khởi động trong 20 giây."\n            exit 1\n        ']
[2025-06-26T20:44:26.876+0700] {subprocess.py:86} INFO - Output:
[2025-06-26T20:44:26.878+0700] {subprocess.py:93} INFO - 🕒 Đợi Zookeeper khởi động...
[2025-06-26T20:44:28.891+0700] {subprocess.py:93} INFO - Connection to localhost (127.0.0.1) 2181 port [tcp/*] succeeded!
[2025-06-26T20:44:28.891+0700] {subprocess.py:93} INFO - ✅ Zookeeper đã khởi động!
[2025-06-26T20:48:19.377+0700] {subprocess.py:97} INFO - Command exited with return code 0
[2025-06-26T20:48:19.378+0700] {taskinstance.py:441} INFO - ::group::Post task execution logs
[2025-06-26T20:48:19.409+0700] {taskinstance.py:1205} INFO - Marking task as SUCCESS. dag_id=start_kafka_hadoop_and_run_notebooks, task_id=start_zookeeper, execution_date=20250626T134423, start_date=20250626T134426, end_date=20250626T134819
[2025-06-26T20:48:19.456+0700] {local_task_job_runner.py:240} INFO - Task exited with return code 0
[2025-06-26T20:48:19.469+0700] {taskinstance.py:3482} INFO - 0 downstream tasks scheduled from follow-on schedule check
[2025-06-26T20:48:19.470+0700] {local_task_job_runner.py:222} INFO - ::endgroup::
