[2025-06-24T00:08:04.599+0700] {local_task_job_runner.py:120} INFO - ::group::Pre task execution logs
[2025-06-24T00:08:04.618+0700] {taskinstance.py:2073} INFO - Dependencies all met for dep_context=non-requeueable deps ti=<TaskInstance: start_kafka_hadoop_and_run_notebooks.start_hdfs manual__2025-06-23T17:08:02.256812+00:00 [queued]>
[2025-06-24T00:08:04.623+0700] {taskinstance.py:2073} INFO - Dependencies all met for dep_context=requeueable deps ti=<TaskInstance: start_kafka_hadoop_and_run_notebooks.start_hdfs manual__2025-06-23T17:08:02.256812+00:00 [queued]>
[2025-06-24T00:08:04.623+0700] {taskinstance.py:2303} INFO - Starting attempt 1 of 4
[2025-06-24T00:08:04.641+0700] {taskinstance.py:2327} INFO - Executing <Task(BashOperator): start_hdfs> on 2025-06-23 17:08:02.256812+00:00
[2025-06-24T00:08:04.645+0700] {standard_task_runner.py:63} INFO - Started process 8468 to run task
[2025-06-24T00:08:04.649+0700] {standard_task_runner.py:90} INFO - Running: ['airflow', 'tasks', 'run', 'start_kafka_hadoop_and_run_notebooks', 'start_hdfs', 'manual__2025-06-23T17:08:02.256812+00:00', '--job-id', '27', '--raw', '--subdir', 'DAGS_FOLDER/start_DAG.py', '--cfg-path', '/tmp/tmpyz6tzfg8']
[2025-06-24T00:08:04.650+0700] {standard_task_runner.py:91} INFO - Job 27: Subtask start_hdfs
[2025-06-24T00:08:04.684+0700] {task_command.py:426} INFO - Running <TaskInstance: start_kafka_hadoop_and_run_notebooks.start_hdfs manual__2025-06-23T17:08:02.256812+00:00 [running]> on host Panda
[2025-06-24T00:08:04.745+0700] {taskinstance.py:2644} INFO - Exporting env vars: AIRFLOW_CTX_DAG_OWNER='group_03' AIRFLOW_CTX_DAG_ID='start_kafka_hadoop_and_run_notebooks' AIRFLOW_CTX_TASK_ID='start_hdfs' AIRFLOW_CTX_EXECUTION_DATE='2025-06-23T17:08:02.256812+00:00' AIRFLOW_CTX_TRY_NUMBER='1' AIRFLOW_CTX_DAG_RUN_ID='manual__2025-06-23T17:08:02.256812+00:00'
[2025-06-24T00:08:04.746+0700] {taskinstance.py:430} INFO - ::endgroup::
[2025-06-24T00:08:04.746+0700] {subprocess.py:63} INFO - Tmp dir root location: /tmp
[2025-06-24T00:08:04.747+0700] {subprocess.py:75} INFO - Running command: ['/usr/bin/bash', '-c', "'start-dfs.sh'"]
[2025-06-24T00:08:04.757+0700] {subprocess.py:86} INFO - Output:
[2025-06-24T00:08:05.934+0700] {subprocess.py:93} INFO - Starting namenodes on [localhost]
[2025-06-24T00:08:08.539+0700] {subprocess.py:93} INFO - Starting datanodes
[2025-06-24T00:08:11.857+0700] {subprocess.py:93} INFO - Starting secondary namenodes [Panda]
[2025-06-24T00:08:15.960+0700] {subprocess.py:97} INFO - Command exited with return code 0
[2025-06-24T00:08:15.961+0700] {taskinstance.py:441} INFO - ::group::Post task execution logs
[2025-06-24T00:08:15.984+0700] {taskinstance.py:1205} INFO - Marking task as SUCCESS. dag_id=start_kafka_hadoop_and_run_notebooks, task_id=start_hdfs, execution_date=20250623T170802, start_date=20250623T170804, end_date=20250623T170815
[2025-06-24T00:08:16.016+0700] {local_task_job_runner.py:240} INFO - Task exited with return code 0
[2025-06-24T00:08:16.034+0700] {taskinstance.py:3482} INFO - 1 downstream tasks scheduled from follow-on schedule check
[2025-06-24T00:08:16.041+0700] {local_task_job_runner.py:222} INFO - ::endgroup::
